[I 2024-11-12 14:55:09,930] Trial 56 finished with value: 155.4918975830078 and parameters: {'pretrain_epochs': 5, 'lr': 0.0005064740621898059, 'mc_samples_train': 2, 'prior_scale': 0.2598582854120639, 'q_scale': 0.00024266721886091795, 'obs_scale': 0.8231559697109374, 'batch_size': 32}. Best is trial 47 with value: 72.61022186279297.
`Trainer.fit` stopped: `max_epochs=20` reached.
[I 2024-11-12 14:55:33,585] Trial 62 finished with value: 171.60006713867188 and parameters: {'pretrain_epochs': 5, 'lr': 0.00034236390456510526, 'mc_samples_train': 2, 'prior_scale': 0.08922403566517266, 'q_scale': 0.0007760758033328679, 'obs_scale': 1.0366322529826006, 'batch_size': 32}. Best is trial 51 with value: 73.02645874023438.
Trainer already configured with model summary callbacks: [<class 'lightning.pytorch.callbacks.rich_model_summary.RichModelSummary'>]. Skipping setting a default `ModelSummary` callback.
GPU available: False, used: False
TPU available: False, using: 0 TPU cores
IPU available: False, using: 0 IPUs
HPU available: False, using: 0 HPUs
Trainer already configured with model summary callbacks: [<class 'lightning.pytorch.callbacks.rich_model_summary.RichModelSummary'>]. Skipping setting a default `ModelSummary` callback.
GPU available: False, used: False
TPU available: False, using: 0 TPU cores
IPU available: False, using: 0 IPUs
HPU available: False, using: 0 HPUs
`Trainer.fit` stopped: `max_epochs=20` reached.
[I 2024-11-12 14:59:56,564] Trial 57 finished with value: 336.5422058105469 and parameters: {'pretrain_epochs': 5, 'lr': 0.00043832036210794976, 'mc_samples_train': 2, 'prior_scale': 0.13809787963155565, 'q_scale': 0.00045775244521256285, 'obs_scale': 0.5747431973271957, 'batch_size': 32}. Best is trial 47 with value: 72.61022186279297.
`Trainer.fit` stopped: `max_epochs=20` reached.
[I 2024-11-12 14:59:57,793] Trial 63 finished with value: 138.10902404785156 and parameters: {'pretrain_epochs': 5, 'lr': 0.0005426459499259844, 'mc_samples_train': 2, 'prior_scale': 0.3966731460266021, 'q_scale': 0.005681897410668955, 'obs_scale': 0.8621572757610043, 'batch_size': 32}. Best is trial 51 with value: 73.02645874023438.
Trainer already configured with model summary callbacks: [<class 'lightning.pytorch.callbacks.rich_model_summary.RichModelSummary'>]. Skipping setting a default `ModelSummary` callback.
GPU available: False, used: False
TPU available: False, using: 0 TPU cores
IPU available: False, using: 0 IPUs
HPU available: False, using: 0 HPUs
`Trainer.fit` stopped: `max_epochs=20` reached.
[I 2024-11-12 15:04:34,165] Trial 58 finished with value: 167.27520751953125 and parameters: {'pretrain_epochs': 5, 'lr': 0.00034236390456510526, 'mc_samples_train': 2, 'prior_scale': 0.08922403566517266, 'q_scale': 0.0007760758033328679, 'obs_scale': 1.0366322529826006, 'batch_size': 32}. Best is trial 47 with value: 72.61022186279297.
Trainer already configured with model summary callbacks: [<class 'lightning.pytorch.callbacks.rich_model_summary.RichModelSummary'>]. Skipping setting a default `ModelSummary` callback.
GPU available: False, used: False
TPU available: False, using: 0 TPU cores
IPU available: False, using: 0 IPUs
HPU available: False, using: 0 HPUs
`Trainer.fit` stopped: `max_epochs=20` reached.
[I 2024-11-12 15:09:16,621] Trial 59 finished with value: 143.86505126953125 and parameters: {'pretrain_epochs': 5, 'lr': 0.0005426459499259844, 'mc_samples_train': 2, 'prior_scale': 0.24162615500131893, 'q_scale': 0.005681897410668955, 'obs_scale': 0.8621572757610043, 'batch_size': 32}. Best is trial 47 with value: 72.61022186279297.
