[I 2024-11-12 13:12:03,524] Trial 31 finished with value: 196.78773498535156 and parameters: {'pretrain_epochs': 5, 'lr': 0.0005894748312203626, 'mc_samples_train': 1, 'prior_scale': 0.039108965702549195, 'q_scale': 0.00015063719270392613, 'obs_scale': 0.5788373448975487, 'batch_size': 32}. Best is trial 25 with value: 110.83985900878906.
Trainer already configured with model summary callbacks: [<class 'lightning.pytorch.callbacks.rich_model_summary.RichModelSummary'>]. Skipping setting a default `ModelSummary` callback.
GPU available: False, used: False
TPU available: False, using: 0 TPU cores
IPU available: False, using: 0 IPUs
HPU available: False, using: 0 HPUs
`Trainer.fit` stopped: `max_epochs=20` reached.
[I 2024-11-12 13:14:00,215] Trial 31 finished with value: 159.7523956298828 and parameters: {'pretrain_epochs': 5, 'lr': 0.00032367871312388637, 'mc_samples_train': 1, 'prior_scale': 0.05062427384768159, 'q_scale': 0.0002881755940651898, 'obs_scale': 1.073557852264059, 'batch_size': 32}. Best is trial 26 with value: 107.58234405517578.
`Trainer.fit` stopped: `max_epochs=20` reached.
[I 2024-11-12 13:14:28,999] Trial 26 finished with value: 220.54360961914062 and parameters: {'pretrain_epochs': 0, 'lr': 0.0002178416264960444, 'mc_samples_train': 2, 'prior_scale': 0.020009789513508996, 'q_scale': 0.00016654910760510486, 'obs_scale': 1.5033076126516498, 'batch_size': 32}. Best is trial 22 with value: 112.47522735595703.
Trainer already configured with model summary callbacks: [<class 'lightning.pytorch.callbacks.rich_model_summary.RichModelSummary'>]. Skipping setting a default `ModelSummary` callback.
GPU available: False, used: False
TPU available: False, using: 0 TPU cores
IPU available: False, using: 0 IPUs
HPU available: False, using: 0 HPUs
Trainer already configured with model summary callbacks: [<class 'lightning.pytorch.callbacks.rich_model_summary.RichModelSummary'>]. Skipping setting a default `ModelSummary` callback.
GPU available: False, used: False
TPU available: False, using: 0 TPU cores
IPU available: False, using: 0 IPUs
HPU available: False, using: 0 HPUs
`Trainer.fit` stopped: `max_epochs=20` reached.
[I 2024-11-12 13:15:16,782] Trial 32 finished with value: 424.4428405761719 and parameters: {'pretrain_epochs': 5, 'lr': 6.166678908719506e-05, 'mc_samples_train': 1, 'prior_scale': 0.022287857425718337, 'q_scale': 0.000383518181805017, 'obs_scale': 0.8771860782752243, 'batch_size': 32}. Best is trial 25 with value: 110.83985900878906.
Trainer already configured with model summary callbacks: [<class 'lightning.pytorch.callbacks.rich_model_summary.RichModelSummary'>]. Skipping setting a default `ModelSummary` callback.
GPU available: False, used: False
TPU available: False, using: 0 TPU cores
IPU available: False, using: 0 IPUs
HPU available: False, using: 0 HPUs
`Trainer.fit` stopped: `max_epochs=20` reached.
[I 2024-11-12 13:16:32,380] Trial 33 finished with value: 1923.3355712890625 and parameters: {'pretrain_epochs': 5, 'lr': 0.00015910934803369575, 'mc_samples_train': 1, 'prior_scale': 0.032039641363198625, 'q_scale': 0.0002304122369222108, 'obs_scale': 1.100154292733353, 'batch_size': 256}. Best is trial 25 with value: 110.83985900878906.
Trainer already configured with model summary callbacks: [<class 'lightning.pytorch.callbacks.rich_model_summary.RichModelSummary'>]. Skipping setting a default `ModelSummary` callback.
GPU available: False, used: False
TPU available: False, using: 0 TPU cores
IPU available: False, using: 0 IPUs
HPU available: False, using: 0 HPUs
`Trainer.fit` stopped: `max_epochs=20` reached.
[I 2024-11-12 13:17:29,619] Trial 32 finished with value: 233.58868408203125 and parameters: {'pretrain_epochs': 5, 'lr': 0.0005894748312203626, 'mc_samples_train': 1, 'prior_scale': 0.039108965702549195, 'q_scale': 0.00015063719270392613, 'obs_scale': 0.5788373448975487, 'batch_size': 32}. Best is trial 26 with value: 107.58234405517578.
`Trainer.fit` stopped: `max_epochs=20` reached.
[I 2024-11-12 13:18:03,735] Trial 27 finished with value: 161.9864501953125 and parameters: {'pretrain_epochs': 5, 'lr': 0.00032367871312388637, 'mc_samples_train': 1, 'prior_scale': 0.05062427384768159, 'q_scale': 0.0002881755940651898, 'obs_scale': 1.073557852264059, 'batch_size': 32}. Best is trial 22 with value: 112.47522735595703.
Trainer already configured with model summary callbacks: [<class 'lightning.pytorch.callbacks.rich_model_summary.RichModelSummary'>]. Skipping setting a default `ModelSummary` callback.
GPU available: False, used: False
TPU available: False, using: 0 TPU cores
IPU available: False, using: 0 IPUs
HPU available: False, using: 0 HPUs
Trainer already configured with model summary callbacks: [<class 'lightning.pytorch.callbacks.rich_model_summary.RichModelSummary'>]. Skipping setting a default `ModelSummary` callback.
GPU available: False, used: False
TPU available: False, using: 0 TPU cores
IPU available: False, using: 0 IPUs
HPU available: False, using: 0 HPUs
`Trainer.fit` stopped: `max_epochs=20` reached.
[I 2024-11-12 13:19:41,786] Trial 34 finished with value: 134.83059692382812 and parameters: {'pretrain_epochs': 5, 'lr': 0.0006358562768949787, 'mc_samples_train': 1, 'prior_scale': 0.012268144195304262, 'q_scale': 0.0005970259499046314, 'obs_scale': 1.4546896538795024, 'batch_size': 32}. Best is trial 25 with value: 110.83985900878906.
Trainer already configured with model summary callbacks: [<class 'lightning.pytorch.callbacks.rich_model_summary.RichModelSummary'>]. Skipping setting a default `ModelSummary` callback.
GPU available: False, used: False
TPU available: False, using: 0 TPU cores
IPU available: False, using: 0 IPUs
HPU available: False, using: 0 HPUs
`Trainer.fit` stopped: `max_epochs=20` reached.
[I 2024-11-12 13:20:42,586] Trial 33 finished with value: 424.54217529296875 and parameters: {'pretrain_epochs': 5, 'lr': 6.166678908719506e-05, 'mc_samples_train': 1, 'prior_scale': 0.022287857425718337, 'q_scale': 0.000383518181805017, 'obs_scale': 0.8771860782752243, 'batch_size': 32}. Best is trial 26 with value: 107.58234405517578.
Trainer already configured with model summary callbacks: [<class 'lightning.pytorch.callbacks.rich_model_summary.RichModelSummary'>]. Skipping setting a default `ModelSummary` callback.
GPU available: False, used: False
TPU available: False, using: 0 TPU cores
IPU available: False, using: 0 IPUs
HPU available: False, using: 0 HPUs
`Trainer.fit` stopped: `max_epochs=20` reached.
[I 2024-11-12 13:21:25,105] Trial 28 finished with value: 253.81907653808594 and parameters: {'pretrain_epochs': 5, 'lr': 0.0005894748312203626, 'mc_samples_train': 1, 'prior_scale': 0.039108965702549195, 'q_scale': 0.00015063719270392613, 'obs_scale': 0.5788373448975487, 'batch_size': 32}. Best is trial 22 with value: 112.47522735595703.
Trainer already configured with model summary callbacks: [<class 'lightning.pytorch.callbacks.rich_model_summary.RichModelSummary'>]. Skipping setting a default `ModelSummary` callback.
GPU available: False, used: False
TPU available: False, using: 0 TPU cores
IPU available: False, using: 0 IPUs
HPU available: False, using: 0 HPUs
`Trainer.fit` stopped: `max_epochs=20` reached.
[I 2024-11-12 13:22:06,055] Trial 34 finished with value: 1921.25341796875 and parameters: {'pretrain_epochs': 5, 'lr': 0.00015910934803369575, 'mc_samples_train': 1, 'prior_scale': 0.032039641363198625, 'q_scale': 0.0002304122369222108, 'obs_scale': 1.100154292733353, 'batch_size': 256}. Best is trial 26 with value: 107.58234405517578.
`Trainer.fit` stopped: `max_epochs=20` reached.
[I 2024-11-12 13:22:38,221] Trial 35 finished with value: 107.92232513427734 and parameters: {'pretrain_epochs': 5, 'lr': 0.0006822538326395362, 'mc_samples_train': 1, 'prior_scale': 0.018230501356222728, 'q_scale': 0.00035766145191154416, 'obs_scale': 1.6100915098963353, 'batch_size': 32}. Best is trial 35 with value: 107.92232513427734.
Trainer already configured with model summary callbacks: [<class 'lightning.pytorch.callbacks.rich_model_summary.RichModelSummary'>]. Skipping setting a default `ModelSummary` callback.
GPU available: False, used: False
TPU available: False, using: 0 TPU cores
IPU available: False, using: 0 IPUs
HPU available: False, using: 0 HPUs
Trainer already configured with model summary callbacks: [<class 'lightning.pytorch.callbacks.rich_model_summary.RichModelSummary'>]. Skipping setting a default `ModelSummary` callback.
GPU available: False, used: False
TPU available: False, using: 0 TPU cores
IPU available: False, using: 0 IPUs
HPU available: False, using: 0 HPUs
`Trainer.fit` stopped: `max_epochs=20` reached.
[I 2024-11-12 13:24:49,234] Trial 29 finished with value: 425.3458251953125 and parameters: {'pretrain_epochs': 5, 'lr': 6.166678908719506e-05, 'mc_samples_train': 1, 'prior_scale': 0.022287857425718337, 'q_scale': 0.000383518181805017, 'obs_scale': 0.8771860782752243, 'batch_size': 32}. Best is trial 22 with value: 112.47522735595703.
Trainer already configured with model summary callbacks: [<class 'lightning.pytorch.callbacks.rich_model_summary.RichModelSummary'>]. Skipping setting a default `ModelSummary` callback.
GPU available: False, used: False
TPU available: False, using: 0 TPU cores
IPU available: False, using: 0 IPUs
HPU available: False, using: 0 HPUs
`Trainer.fit` stopped: `max_epochs=20` reached.
[I 2024-11-12 13:25:29,271] Trial 35 finished with value: 134.855712890625 and parameters: {'pretrain_epochs': 5, 'lr': 0.0006358562768949787, 'mc_samples_train': 1, 'prior_scale': 0.012268144195304262, 'q_scale': 0.0005970259499046314, 'obs_scale': 1.4546896538795024, 'batch_size': 32}. Best is trial 26 with value: 107.58234405517578.
`Trainer.fit` stopped: `max_epochs=20` reached.
[I 2024-11-12 13:25:53,478] Trial 36 finished with value: 106.60767364501953 and parameters: {'pretrain_epochs': 5, 'lr': 0.0007628791604273898, 'mc_samples_train': 1, 'prior_scale': 0.018204947053725284, 'q_scale': 0.0003197160629695706, 'obs_scale': 1.596096618933384, 'batch_size': 32}. Best is trial 36 with value: 106.60767364501953.
Trainer already configured with model summary callbacks: [<class 'lightning.pytorch.callbacks.rich_model_summary.RichModelSummary'>]. Skipping setting a default `ModelSummary` callback.
GPU available: False, used: False
TPU available: False, using: 0 TPU cores
IPU available: False, using: 0 IPUs
HPU available: False, using: 0 HPUs
`Trainer.fit` stopped: `max_epochs=20` reached.
[I 2024-11-12 13:26:10,630] Trial 30 finished with value: 1926.2757568359375 and parameters: {'pretrain_epochs': 5, 'lr': 0.00015910934803369575, 'mc_samples_train': 1, 'prior_scale': 0.032039641363198625, 'q_scale': 0.0002304122369222108, 'obs_scale': 1.100154292733353, 'batch_size': 256}. Best is trial 22 with value: 112.47522735595703.
Trainer already configured with model summary callbacks: [<class 'lightning.pytorch.callbacks.rich_model_summary.RichModelSummary'>]. Skipping setting a default `ModelSummary` callback.
GPU available: False, used: False
TPU available: False, using: 0 TPU cores
IPU available: False, using: 0 IPUs
HPU available: False, using: 0 HPUs
Trainer already configured with model summary callbacks: [<class 'lightning.pytorch.callbacks.rich_model_summary.RichModelSummary'>]. Skipping setting a default `ModelSummary` callback.
GPU available: False, used: False
TPU available: False, using: 0 TPU cores
IPU available: False, using: 0 IPUs
HPU available: False, using: 0 HPUs
`Trainer.fit` stopped: `max_epochs=20` reached.
[I 2024-11-12 13:26:58,153] Trial 37 finished with value: 5987.333984375 and parameters: {'pretrain_epochs': 0, 'lr': 0.0009695096719138825, 'mc_samples_train': 1, 'prior_scale': 0.02553916675803597, 'q_scale': 0.0004223059241419399, 'obs_scale': 1.195400809366347, 'batch_size': 512}. Best is trial 36 with value: 106.60767364501953.
Trainer already configured with model summary callbacks: [<class 'lightning.pytorch.callbacks.rich_model_summary.RichModelSummary'>]. Skipping setting a default `ModelSummary` callback.
GPU available: False, used: False
TPU available: False, using: 0 TPU cores
IPU available: False, using: 0 IPUs
HPU available: False, using: 0 HPUs
`Trainer.fit` stopped: `max_epochs=20` reached.
[I 2024-11-12 13:28:21,493] Trial 38 finished with value: 1162.7994384765625 and parameters: {'pretrain_epochs': 5, 'lr': 0.0007848709251484857, 'mc_samples_train': 2, 'prior_scale': 0.017877487537420286, 'q_scale': 0.0003105397690713017, 'obs_scale': 0.9675903692567519, 'batch_size': 256}. Best is trial 36 with value: 106.60767364501953.
`Trainer.fit` stopped: `max_epochs=20` reached.
[I 2024-11-12 13:28:31,089] Trial 36 finished with value: 108.06722259521484 and parameters: {'pretrain_epochs': 5, 'lr': 0.0006822538326395362, 'mc_samples_train': 1, 'prior_scale': 0.018230501356222728, 'q_scale': 0.00035766145191154416, 'obs_scale': 1.6100915098963353, 'batch_size': 32}. Best is trial 26 with value: 107.58234405517578.
Trainer already configured with model summary callbacks: [<class 'lightning.pytorch.callbacks.rich_model_summary.RichModelSummary'>]. Skipping setting a default `ModelSummary` callback.
GPU available: False, used: False
TPU available: False, using: 0 TPU cores
IPU available: False, using: 0 IPUs
HPU available: False, using: 0 HPUs
Trainer already configured with model summary callbacks: [<class 'lightning.pytorch.callbacks.rich_model_summary.RichModelSummary'>]. Skipping setting a default `ModelSummary` callback.
GPU available: False, used: False
TPU available: False, using: 0 TPU cores
IPU available: False, using: 0 IPUs
HPU available: False, using: 0 HPUs
`Trainer.fit` stopped: `max_epochs=20` reached.
[I 2024-11-12 13:29:19,027] Trial 31 finished with value: 136.5078125 and parameters: {'pretrain_epochs': 5, 'lr': 0.0006358562768949787, 'mc_samples_train': 1, 'prior_scale': 0.012268144195304262, 'q_scale': 0.0005970259499046314, 'obs_scale': 1.4546896538795024, 'batch_size': 32}. Best is trial 22 with value: 112.47522735595703.
Trainer already configured with model summary callbacks: [<class 'lightning.pytorch.callbacks.rich_model_summary.RichModelSummary'>]. Skipping setting a default `ModelSummary` callback.
GPU available: False, used: False
TPU available: False, using: 0 TPU cores
IPU available: False, using: 0 IPUs
HPU available: False, using: 0 HPUs
`Trainer.fit` stopped: `max_epochs=20` reached.
[I 2024-11-12 13:30:32,001] Trial 39 finished with value: 7509.814453125 and parameters: {'pretrain_epochs': 5, 'lr': 2.336178932942835e-05, 'mc_samples_train': 1, 'prior_scale': 0.04349856123410097, 'q_scale': 0.0009476571377700823, 'obs_scale': 0.37307155539114784, 'batch_size': 64}. Best is trial 36 with value: 106.60767364501953.
Trainer already configured with model summary callbacks: [<class 'lightning.pytorch.callbacks.rich_model_summary.RichModelSummary'>]. Skipping setting a default `ModelSummary` callback.
GPU available: False, used: False
TPU available: False, using: 0 TPU cores
IPU available: False, using: 0 IPUs
HPU available: False, using: 0 HPUs
`Trainer.fit` stopped: `max_epochs=20` reached.
[I 2024-11-12 13:32:03,897] Trial 37 finished with value: 105.89366149902344 and parameters: {'pretrain_epochs': 5, 'lr': 0.0007628791604273898, 'mc_samples_train': 1, 'prior_scale': 0.018204947053725284, 'q_scale': 0.0003197160629695706, 'obs_scale': 1.596096618933384, 'batch_size': 32}. Best is trial 37 with value: 105.89366149902344.
`Trainer.fit` stopped: `max_epochs=20` reached.
[I 2024-11-12 13:32:04,326] Trial 40 finished with value: 5757.4287109375 and parameters: {'pretrain_epochs': 0, 'lr': 0.00011865440828007891, 'mc_samples_train': 1, 'prior_scale': 0.06195308251725808, 'q_scale': 0.00013797759195474833, 'obs_scale': 1.5900620831373433, 'batch_size': 128}. Best is trial 36 with value: 106.60767364501953.
Trainer already configured with model summary callbacks: [<class 'lightning.pytorch.callbacks.rich_model_summary.RichModelSummary'>]. Skipping setting a default `ModelSummary` callback.
GPU available: False, used: False
TPU available: False, using: 0 TPU cores
IPU available: False, using: 0 IPUs
HPU available: False, using: 0 HPUs
Trainer already configured with model summary callbacks: [<class 'lightning.pytorch.callbacks.rich_model_summary.RichModelSummary'>]. Skipping setting a default `ModelSummary` callback.
GPU available: False, used: False
TPU available: False, using: 0 TPU cores
IPU available: False, using: 0 IPUs
HPU available: False, using: 0 HPUs
`Trainer.fit` stopped: `max_epochs=20` reached.
[I 2024-11-12 13:32:50,554] Trial 32 finished with value: 111.5282211303711 and parameters: {'pretrain_epochs': 5, 'lr': 0.0006822538326395362, 'mc_samples_train': 1, 'prior_scale': 0.018230501356222728, 'q_scale': 0.00035766145191154416, 'obs_scale': 1.6100915098963353, 'batch_size': 32}. Best is trial 32 with value: 111.5282211303711.
`Trainer.fit` stopped: `max_epochs=20` reached.
[I 2024-11-12 13:33:17,795] Trial 38 finished with value: 6033.58544921875 and parameters: {'pretrain_epochs': 0, 'lr': 0.0009695096719138825, 'mc_samples_train': 1, 'prior_scale': 0.02553916675803597, 'q_scale': 0.0004223059241419399, 'obs_scale': 1.195400809366347, 'batch_size': 512}. Best is trial 37 with value: 105.89366149902344.
Trainer already configured with model summary callbacks: [<class 'lightning.pytorch.callbacks.rich_model_summary.RichModelSummary'>]. Skipping setting a default `ModelSummary` callback.
GPU available: False, used: False
TPU available: False, using: 0 TPU cores
IPU available: False, using: 0 IPUs
HPU available: False, using: 0 HPUs
Trainer already configured with model summary callbacks: [<class 'lightning.pytorch.callbacks.rich_model_summary.RichModelSummary'>]. Skipping setting a default `ModelSummary` callback.
GPU available: False, used: False
TPU available: False, using: 0 TPU cores
IPU available: False, using: 0 IPUs
HPU available: False, using: 0 HPUs
`Trainer.fit` stopped: `max_epochs=20` reached.
[I 2024-11-12 13:34:58,038] Trial 39 finished with value: 1121.02490234375 and parameters: {'pretrain_epochs': 5, 'lr': 0.0007848709251484857, 'mc_samples_train': 2, 'prior_scale': 0.017877487537420286, 'q_scale': 0.0003105397690713017, 'obs_scale': 0.9675903692567519, 'batch_size': 256}. Best is trial 37 with value: 105.89366149902344.
Trainer already configured with model summary callbacks: [<class 'lightning.pytorch.callbacks.rich_model_summary.RichModelSummary'>]. Skipping setting a default `ModelSummary` callback.
GPU available: False, used: False
TPU available: False, using: 0 TPU cores
IPU available: False, using: 0 IPUs
HPU available: False, using: 0 HPUs
`Trainer.fit` stopped: `max_epochs=20` reached.
[I 2024-11-12 13:36:09,938] Trial 33 finished with value: 106.64542388916016 and parameters: {'pretrain_epochs': 5, 'lr': 0.0007628791604273898, 'mc_samples_train': 1, 'prior_scale': 0.018204947053725284, 'q_scale': 0.0003197160629695706, 'obs_scale': 1.596096618933384, 'batch_size': 32}. Best is trial 33 with value: 106.64542388916016.
`Trainer.fit` stopped: `max_epochs=20` reached.
[I 2024-11-12 13:36:12,542] Trial 41 finished with value: 105.56684112548828 and parameters: {'pretrain_epochs': 5, 'lr': 0.0007478120821268879, 'mc_samples_train': 2, 'prior_scale': 0.028481225411167616, 'q_scale': 0.0003343155432734121, 'obs_scale': 1.208729303923869, 'batch_size': 32}. Best is trial 41 with value: 105.56684112548828.
Trainer already configured with model summary callbacks: [<class 'lightning.pytorch.callbacks.rich_model_summary.RichModelSummary'>]. Skipping setting a default `ModelSummary` callback.
GPU available: False, used: False
TPU available: False, using: 0 TPU cores
IPU available: False, using: 0 IPUs
HPU available: False, using: 0 HPUs
Trainer already configured with model summary callbacks: [<class 'lightning.pytorch.callbacks.rich_model_summary.RichModelSummary'>]. Skipping setting a default `ModelSummary` callback.
GPU available: False, used: False
TPU available: False, using: 0 TPU cores
IPU available: False, using: 0 IPUs
HPU available: False, using: 0 HPUs
`Trainer.fit` stopped: `max_epochs=20` reached.
[I 2024-11-12 13:37:11,297] Trial 40 finished with value: 7556.09716796875 and parameters: {'pretrain_epochs': 5, 'lr': 2.336178932942835e-05, 'mc_samples_train': 1, 'prior_scale': 0.04349856123410097, 'q_scale': 0.0009476571377700823, 'obs_scale': 0.37307155539114784, 'batch_size': 64}. Best is trial 37 with value: 105.89366149902344.
`Trainer.fit` stopped: `max_epochs=20` reached.
[I 2024-11-12 13:37:32,229] Trial 34 finished with value: 6024.92041015625 and parameters: {'pretrain_epochs': 0, 'lr': 0.0009695096719138825, 'mc_samples_train': 1, 'prior_scale': 0.02553916675803597, 'q_scale': 0.0004223059241419399, 'obs_scale': 1.195400809366347, 'batch_size': 512}. Best is trial 33 with value: 106.64542388916016.
Trainer already configured with model summary callbacks: [<class 'lightning.pytorch.callbacks.rich_model_summary.RichModelSummary'>]. Skipping setting a default `ModelSummary` callback.
GPU available: False, used: False
TPU available: False, using: 0 TPU cores
IPU available: False, using: 0 IPUs
HPU available: False, using: 0 HPUs
Trainer already configured with model summary callbacks: [<class 'lightning.pytorch.callbacks.rich_model_summary.RichModelSummary'>]. Skipping setting a default `ModelSummary` callback.
GPU available: False, used: False
TPU available: False, using: 0 TPU cores
IPU available: False, using: 0 IPUs
HPU available: False, using: 0 HPUs
`Trainer.fit` stopped: `max_epochs=20` reached.
[I 2024-11-12 13:38:45,431] Trial 42 finished with value: 489.64044189453125 and parameters: {'pretrain_epochs': 0, 'lr': 0.0007695257331855557, 'mc_samples_train': 2, 'prior_scale': 0.030494780994538177, 'q_scale': 0.0009605667128721402, 'obs_scale': 1.1671697707192081, 'batch_size': 64}. Best is trial 41 with value: 105.56684112548828.
`Trainer.fit` stopped: `max_epochs=20` reached.
