[I 2024-11-12 14:14:11,634] Trial 53 finished with value: 184.802001953125 and parameters: {'pretrain_epochs': 5, 'lr': 0.0005466867586911917, 'mc_samples_train': 2, 'prior_scale': 0.01692485043521777, 'q_scale': 0.00024082518254237413, 'obs_scale': 0.8101025305670266, 'batch_size': 32}. Best is trial 41 with value: 105.56684112548828.
Trainer already configured with model summary callbacks: [<class 'lightning.pytorch.callbacks.rich_model_summary.RichModelSummary'>]. Skipping setting a default `ModelSummary` callback.
GPU available: False, used: False
TPU available: False, using: 0 TPU cores
IPU available: False, using: 0 IPUs
HPU available: False, using: 0 HPUs
`Trainer.fit` stopped: `max_epochs=20` reached.
[I 2024-11-12 14:14:43,363] Trial 51 finished with value: 73.02645874023438 and parameters: {'pretrain_epochs': 5, 'lr': 0.0005640905763748237, 'mc_samples_train': 1, 'prior_scale': 0.30626638683269564, 'q_scale': 0.0003362429608708878, 'obs_scale': 1.9663562574521685, 'batch_size': 32}. Best is trial 51 with value: 73.02645874023438.
Trainer already configured with model summary callbacks: [<class 'lightning.pytorch.callbacks.rich_model_summary.RichModelSummary'>]. Skipping setting a default `ModelSummary` callback.
GPU available: False, used: False
TPU available: False, using: 0 TPU cores
IPU available: False, using: 0 IPUs
HPU available: False, using: 0 HPUs
`Trainer.fit` stopped: `max_epochs=20` reached.
[I 2024-11-12 14:16:16,114] Trial 45 finished with value: 261.3877258300781 and parameters: {'pretrain_epochs': 5, 'lr': 0.000329762082264789, 'mc_samples_train': 1, 'prior_scale': 0.015608637344569739, 'q_scale': 0.0001319006671773432, 'obs_scale': 0.9623841034627121, 'batch_size': 32}. Best is trial 33 with value: 106.64542388916016.
`Trainer.fit` stopped: `max_epochs=20` reached.
[I 2024-11-12 14:16:43,142] Trial 52 finished with value: 4893.48046875 and parameters: {'pretrain_epochs': 0, 'lr': 1.0125058472109033e-05, 'mc_samples_train': 1, 'prior_scale': 0.3116769182072051, 'q_scale': 0.0007950168174439615, 'obs_scale': 1.9982922853269691, 'batch_size': 64}. Best is trial 51 with value: 73.02645874023438.
Trainer already configured with model summary callbacks: [<class 'lightning.pytorch.callbacks.rich_model_summary.RichModelSummary'>]. Skipping setting a default `ModelSummary` callback.
GPU available: False, used: False
TPU available: False, using: 0 TPU cores
IPU available: False, using: 0 IPUs
HPU available: False, using: 0 HPUs
`Trainer.fit` stopped: `max_epochs=20` reached.
[I 2024-11-12 14:17:15,558] Trial 54 finished with value: 109.30554962158203 and parameters: {'pretrain_epochs': 5, 'lr': 0.0006722939190943726, 'mc_samples_train': 1, 'prior_scale': 0.02000166492557588, 'q_scale': 0.00012822774289624828, 'obs_scale': 1.4696688017328439, 'batch_size': 32}. Best is trial 41 with value: 105.56684112548828.
Trainer already configured with model summary callbacks: [<class 'lightning.pytorch.callbacks.rich_model_summary.RichModelSummary'>]. Skipping setting a default `ModelSummary` callback.
GPU available: False, used: False
TPU available: False, using: 0 TPU cores
IPU available: False, using: 0 IPUs
HPU available: False, using: 0 HPUs
Trainer already configured with model summary callbacks: [<class 'lightning.pytorch.callbacks.rich_model_summary.RichModelSummary'>]. Skipping setting a default `ModelSummary` callback.
GPU available: False, used: False
TPU available: False, using: 0 TPU cores
IPU available: False, using: 0 IPUs
HPU available: False, using: 0 HPUs
[I 2024-11-12 14:17:51,548] Trial 46 pruned. Trial was pruned at epoch 11.
`Trainer.fit` stopped: `max_epochs=20` reached.
[I 2024-11-12 14:17:57,341] Trial 53 finished with value: 1862.644775390625 and parameters: {'pretrain_epochs': 5, 'lr': 0.0004142855182866886, 'mc_samples_train': 1, 'prior_scale': 0.19760798924822864, 'q_scale': 0.0005474442859807936, 'obs_scale': 1.7670843150699376, 'batch_size': 512}. Best is trial 51 with value: 73.02645874023438.
Trainer already configured with model summary callbacks: [<class 'lightning.pytorch.callbacks.rich_model_summary.RichModelSummary'>]. Skipping setting a default `ModelSummary` callback.
GPU available: False, used: False
TPU available: False, using: 0 TPU cores
IPU available: False, using: 0 IPUs
HPU available: False, using: 0 HPUs
Trainer already configured with model summary callbacks: [<class 'lightning.pytorch.callbacks.rich_model_summary.RichModelSummary'>]. Skipping setting a default `ModelSummary` callback.
GPU available: False, used: False
TPU available: False, using: 0 TPU cores
IPU available: False, using: 0 IPUs
HPU available: False, using: 0 HPUs
`Trainer.fit` stopped: `max_epochs=20` reached.
[I 2024-11-12 14:20:20,205] Trial 55 finished with value: 105.10064697265625 and parameters: {'pretrain_epochs': 5, 'lr': 0.0007008676438231369, 'mc_samples_train': 1, 'prior_scale': 0.021395391022763135, 'q_scale': 0.0001330938574586688, 'obs_scale': 1.4864154071017803, 'batch_size': 32}. Best is trial 55 with value: 105.10064697265625.
Trainer already configured with model summary callbacks: [<class 'lightning.pytorch.callbacks.rich_model_summary.RichModelSummary'>]. Skipping setting a default `ModelSummary` callback.
GPU available: False, used: False
TPU available: False, using: 0 TPU cores
IPU available: False, using: 0 IPUs
HPU available: False, using: 0 HPUs
`Trainer.fit` stopped: `max_epochs=20` reached.
[I 2024-11-12 14:21:19,960] Trial 47 finished with value: 72.61022186279297 and parameters: {'pretrain_epochs': 5, 'lr': 0.0005640905763748237, 'mc_samples_train': 1, 'prior_scale': 0.30626638683269564, 'q_scale': 0.0003362429608708878, 'obs_scale': 1.9663562574521685, 'batch_size': 32}. Best is trial 47 with value: 72.61022186279297.
Trainer already configured with model summary callbacks: [<class 'lightning.pytorch.callbacks.rich_model_summary.RichModelSummary'>]. Skipping setting a default `ModelSummary` callback.
GPU available: False, used: False
TPU available: False, using: 0 TPU cores
IPU available: False, using: 0 IPUs
HPU available: False, using: 0 HPUs
`Trainer.fit` stopped: `max_epochs=20` reached.
[I 2024-11-12 14:22:13,739] Trial 54 finished with value: 91.1078872680664 and parameters: {'pretrain_epochs': 5, 'lr': 0.0005149876933374012, 'mc_samples_train': 2, 'prior_scale': 0.132919835120637, 'q_scale': 0.000363494481589039, 'obs_scale': 1.182230803278966, 'batch_size': 32}. Best is trial 51 with value: 73.02645874023438.
Trainer already configured with model summary callbacks: [<class 'lightning.pytorch.callbacks.rich_model_summary.RichModelSummary'>]. Skipping setting a default `ModelSummary` callback.
GPU available: False, used: False
TPU available: False, using: 0 TPU cores
IPU available: False, using: 0 IPUs
HPU available: False, using: 0 HPUs
`Trainer.fit` stopped: `max_epochs=20` reached.
[I 2024-11-12 14:23:29,903] Trial 56 finished with value: 108.88661193847656 and parameters: {'pretrain_epochs': 5, 'lr': 0.00041499474792859977, 'mc_samples_train': 1, 'prior_scale': 0.025632804544229164, 'q_scale': 0.00012111242438768007, 'obs_scale': 1.7440178208467487, 'batch_size': 32}. Best is trial 55 with value: 105.10064697265625.
`Trainer.fit` stopped: `max_epochs=20` reached.
[I 2024-11-12 14:23:49,061] Trial 48 finished with value: 4891.03173828125 and parameters: {'pretrain_epochs': 0, 'lr': 1.0125058472109033e-05, 'mc_samples_train': 1, 'prior_scale': 0.3116769182072051, 'q_scale': 0.0007950168174439615, 'obs_scale': 1.9982922853269691, 'batch_size': 64}. Best is trial 47 with value: 72.61022186279297.
Trainer already configured with model summary callbacks: [<class 'lightning.pytorch.callbacks.rich_model_summary.RichModelSummary'>]. Skipping setting a default `ModelSummary` callback.
GPU available: False, used: False
TPU available: False, using: 0 TPU cores
IPU available: False, using: 0 IPUs
HPU available: False, using: 0 HPUs
Trainer already configured with model summary callbacks: [<class 'lightning.pytorch.callbacks.rich_model_summary.RichModelSummary'>]. Skipping setting a default `ModelSummary` callback.
GPU available: False, used: False
TPU available: False, using: 0 TPU cores
IPU available: False, using: 0 IPUs
HPU available: False, using: 0 HPUs
`Trainer.fit` stopped: `max_epochs=20` reached.
[I 2024-11-12 14:25:09,472] Trial 49 finished with value: 1860.680908203125 and parameters: {'pretrain_epochs': 5, 'lr': 0.0004142855182866886, 'mc_samples_train': 1, 'prior_scale': 0.19760798924822864, 'q_scale': 0.0005474442859807936, 'obs_scale': 1.7670843150699376, 'batch_size': 512}. Best is trial 47 with value: 72.61022186279297.
Trainer already configured with model summary callbacks: [<class 'lightning.pytorch.callbacks.rich_model_summary.RichModelSummary'>]. Skipping setting a default `ModelSummary` callback.
GPU available: False, used: False
TPU available: False, using: 0 TPU cores
IPU available: False, using: 0 IPUs
HPU available: False, using: 0 HPUs
`Trainer.fit` stopped: `max_epochs=20` reached.
[I 2024-11-12 14:26:29,313] Trial 57 finished with value: 97.14437103271484 and parameters: {'pretrain_epochs': 5, 'lr': 0.00042231378963485485, 'mc_samples_train': 1, 'prior_scale': 0.03678148982190769, 'q_scale': 0.00013267241717352854, 'obs_scale': 1.7489597293517558, 'batch_size': 32}. Best is trial 57 with value: 97.14437103271484.
Trainer already configured with model summary callbacks: [<class 'lightning.pytorch.callbacks.rich_model_summary.RichModelSummary'>]. Skipping setting a default `ModelSummary` callback.
GPU available: False, used: False
TPU available: False, using: 0 TPU cores
IPU available: False, using: 0 IPUs
HPU available: False, using: 0 HPUs
`Trainer.fit` stopped: `max_epochs=20` reached.
[I 2024-11-12 14:27:03,881] Trial 55 finished with value: 101.26054382324219 and parameters: {'pretrain_epochs': 5, 'lr': 0.0005623869331161858, 'mc_samples_train': 2, 'prior_scale': 0.1539124472972202, 'q_scale': 0.0003809709056825095, 'obs_scale': 1.2231392258872762, 'batch_size': 32}. Best is trial 51 with value: 73.02645874023438.
Trainer already configured with model summary callbacks: [<class 'lightning.pytorch.callbacks.rich_model_summary.RichModelSummary'>]. Skipping setting a default `ModelSummary` callback.
GPU available: False, used: False
TPU available: False, using: 0 TPU cores
IPU available: False, using: 0 IPUs
HPU available: False, using: 0 HPUs
`Trainer.fit` stopped: `max_epochs=20` reached.
[I 2024-11-12 14:29:29,071] Trial 58 finished with value: 93.30110168457031 and parameters: {'pretrain_epochs': 5, 'lr': 0.0004122291787334387, 'mc_samples_train': 1, 'prior_scale': 0.035043873838193136, 'q_scale': 0.00012654969236028585, 'obs_scale': 1.99290145869559, 'batch_size': 32}. Best is trial 58 with value: 93.30110168457031.
`Trainer.fit` stopped: `max_epochs=20` reached.
[I 2024-11-12 14:29:38,653] Trial 50 finished with value: 93.25357818603516 and parameters: {'pretrain_epochs': 5, 'lr': 0.0005149876933374012, 'mc_samples_train': 2, 'prior_scale': 0.132919835120637, 'q_scale': 0.000363494481589039, 'obs_scale': 1.182230803278966, 'batch_size': 32}. Best is trial 47 with value: 72.61022186279297.
Trainer already configured with model summary callbacks: [<class 'lightning.pytorch.callbacks.rich_model_summary.RichModelSummary'>]. Skipping setting a default `ModelSummary` callback.
GPU available: False, used: False
TPU available: False, using: 0 TPU cores
IPU available: False, using: 0 IPUs
HPU available: False, using: 0 HPUs
Trainer already configured with model summary callbacks: [<class 'lightning.pytorch.callbacks.rich_model_summary.RichModelSummary'>]. Skipping setting a default `ModelSummary` callback.
GPU available: False, used: False
TPU available: False, using: 0 TPU cores
IPU available: False, using: 0 IPUs
HPU available: False, using: 0 HPUs
`Trainer.fit` stopped: `max_epochs=20` reached.
[I 2024-11-12 14:31:10,908] Trial 56 finished with value: 101.25511169433594 and parameters: {'pretrain_epochs': 5, 'lr': 0.0005159791027976578, 'mc_samples_train': 2, 'prior_scale': 0.13910485931561437, 'q_scale': 0.00041605887940991795, 'obs_scale': 1.023231857724707, 'batch_size': 32}. Best is trial 51 with value: 73.02645874023438.
Trainer already configured with model summary callbacks: [<class 'lightning.pytorch.callbacks.rich_model_summary.RichModelSummary'>]. Skipping setting a default `ModelSummary` callback.
GPU available: False, used: False
TPU available: False, using: 0 TPU cores
IPU available: False, using: 0 IPUs
HPU available: False, using: 0 HPUs
`Trainer.fit` stopped: `max_epochs=20` reached.
[I 2024-11-12 14:32:21,832] Trial 59 finished with value: 93.84075164794922 and parameters: {'pretrain_epochs': 5, 'lr': 0.000348118804517132, 'mc_samples_train': 1, 'prior_scale': 0.03702471528069611, 'q_scale': 0.00019110884383843592, 'obs_scale': 1.996029772447391, 'batch_size': 32}. Best is trial 58 with value: 93.30110168457031.
Trainer already configured with model summary callbacks: [<class 'lightning.pytorch.callbacks.rich_model_summary.RichModelSummary'>]. Skipping setting a default `ModelSummary` callback.
GPU available: False, used: False
TPU available: False, using: 0 TPU cores
IPU available: False, using: 0 IPUs
HPU available: False, using: 0 HPUs
`Trainer.fit` stopped: `max_epochs=20` reached.
[I 2024-11-12 14:34:12,825] Trial 51 finished with value: 98.67464447021484 and parameters: {'pretrain_epochs': 5, 'lr': 0.0005623869331161858, 'mc_samples_train': 2, 'prior_scale': 0.1539124472972202, 'q_scale': 0.0003809709056825095, 'obs_scale': 1.2231392258872762, 'batch_size': 32}. Best is trial 47 with value: 72.61022186279297.
Trainer already configured with model summary callbacks: [<class 'lightning.pytorch.callbacks.rich_model_summary.RichModelSummary'>]. Skipping setting a default `ModelSummary` callback.
GPU available: False, used: False
TPU available: False, using: 0 TPU cores
IPU available: False, using: 0 IPUs
HPU available: False, using: 0 HPUs
`Trainer.fit` stopped: `max_epochs=20` reached.
[I 2024-11-12 14:35:30,887] Trial 60 finished with value: 92.22592163085938 and parameters: {'pretrain_epochs': 5, 'lr': 0.0002623861528802141, 'mc_samples_train': 1, 'prior_scale': 0.04544316121893551, 'q_scale': 0.00019619885840005538, 'obs_scale': 1.9878331960787567, 'batch_size': 32}. Best is trial 60 with value: 92.22592163085938.
`Trainer.fit` stopped: `max_epochs=20` reached.
[I 2024-11-12 14:35:33,896] Trial 57 finished with value: 100.8823013305664 and parameters: {'pretrain_epochs': 5, 'lr': 0.0005082524995012155, 'mc_samples_train': 2, 'prior_scale': 0.14489737125741842, 'q_scale': 0.0004616017949165573, 'obs_scale': 1.0336639005576342, 'batch_size': 32}. Best is trial 51 with value: 73.02645874023438.
Trainer already configured with model summary callbacks: [<class 'lightning.pytorch.callbacks.rich_model_summary.RichModelSummary'>]. Skipping setting a default `ModelSummary` callback.
GPU available: False, used: False
TPU available: False, using: 0 TPU cores
IPU available: False, using: 0 IPUs
HPU available: False, using: 0 HPUs
Trainer already configured with model summary callbacks: [<class 'lightning.pytorch.callbacks.rich_model_summary.RichModelSummary'>]. Skipping setting a default `ModelSummary` callback.
GPU available: False, used: False
TPU available: False, using: 0 TPU cores
IPU available: False, using: 0 IPUs
HPU available: False, using: 0 HPUs
[I 2024-11-12 14:37:47,996] Trial 58 pruned. Trial was pruned at epoch 8.
Trainer already configured with model summary callbacks: [<class 'lightning.pytorch.callbacks.rich_model_summary.RichModelSummary'>]. Skipping setting a default `ModelSummary` callback.
GPU available: False, used: False
TPU available: False, using: 0 TPU cores
IPU available: False, using: 0 IPUs
HPU available: False, using: 0 HPUs
`Trainer.fit` stopped: `max_epochs=20` reached.
[I 2024-11-12 14:38:29,242] Trial 61 finished with value: 91.58131408691406 and parameters: {'pretrain_epochs': 5, 'lr': 0.00026681375133470855, 'mc_samples_train': 1, 'prior_scale': 0.04534847710967992, 'q_scale': 0.0002045659540981378, 'obs_scale': 1.998046541118373, 'batch_size': 32}. Best is trial 61 with value: 91.58131408691406.
`Trainer.fit` stopped: `max_epochs=20` reached.
[I 2024-11-12 14:38:49,976] Trial 52 finished with value: 103.83309936523438 and parameters: {'pretrain_epochs': 5, 'lr': 0.0005159791027976578, 'mc_samples_train': 2, 'prior_scale': 0.13910485931561437, 'q_scale': 0.00041605887940991795, 'obs_scale': 1.023231857724707, 'batch_size': 32}. Best is trial 47 with value: 72.61022186279297.
Trainer already configured with model summary callbacks: [<class 'lightning.pytorch.callbacks.rich_model_summary.RichModelSummary'>]. Skipping setting a default `ModelSummary` callback.
GPU available: False, used: False
TPU available: False, using: 0 TPU cores
IPU available: False, using: 0 IPUs
HPU available: False, using: 0 HPUs
Trainer already configured with model summary callbacks: [<class 'lightning.pytorch.callbacks.rich_model_summary.RichModelSummary'>]. Skipping setting a default `ModelSummary` callback.
GPU available: False, used: False
TPU available: False, using: 0 TPU cores
IPU available: False, using: 0 IPUs
HPU available: False, using: 0 HPUs
`Trainer.fit` stopped: `max_epochs=20` reached.
[I 2024-11-12 14:41:29,671] Trial 62 finished with value: 111.50434875488281 and parameters: {'pretrain_epochs': 5, 'lr': 0.00019832428385715436, 'mc_samples_train': 1, 'prior_scale': 0.043504345020841474, 'q_scale': 0.00019731921236963108, 'obs_scale': 1.9847464163577238, 'batch_size': 32}. Best is trial 61 with value: 91.58131408691406.
`Trainer.fit` stopped: `max_epochs=20` reached.
[I 2024-11-12 14:42:10,626] Trial 59 finished with value: 103.62691497802734 and parameters: {'pretrain_epochs': 5, 'lr': 0.0005373084792787651, 'mc_samples_train': 2, 'prior_scale': 0.2725511273827235, 'q_scale': 0.0002469816637663819, 'obs_scale': 1.023149325280653, 'batch_size': 32}. Best is trial 51 with value: 73.02645874023438.
Trainer already configured with model summary callbacks: [<class 'lightning.pytorch.callbacks.rich_model_summary.RichModelSummary'>]. Skipping setting a default `ModelSummary` callback.
GPU available: False, used: False
TPU available: False, using: 0 TPU cores
IPU available: False, using: 0 IPUs
HPU available: False, using: 0 HPUs
`Trainer.fit` stopped: `max_epochs=20` reached.
[I 2024-11-12 14:43:23,361] Trial 53 finished with value: 101.6629638671875 and parameters: {'pretrain_epochs': 5, 'lr': 0.0005082524995012155, 'mc_samples_train': 2, 'prior_scale': 0.15767654184818028, 'q_scale': 0.0004616017949165573, 'obs_scale': 1.0336639005576342, 'batch_size': 32}. Best is trial 47 with value: 72.61022186279297.
Trainer already configured with model summary callbacks: [<class 'lightning.pytorch.callbacks.rich_model_summary.RichModelSummary'>]. Skipping setting a default `ModelSummary` callback.
GPU available: False, used: False
TPU available: False, using: 0 TPU cores
IPU available: False, using: 0 IPUs
HPU available: False, using: 0 HPUs
[I 2024-11-12 14:45:44,788] Trial 54 pruned. Trial was pruned at epoch 8.
Trainer already configured with model summary callbacks: [<class 'lightning.pytorch.callbacks.rich_model_summary.RichModelSummary'>]. Skipping setting a default `ModelSummary` callback.
GPU available: False, used: False
TPU available: False, using: 0 TPU cores
IPU available: False, using: 0 IPUs
HPU available: False, using: 0 HPUs
`Trainer.fit` stopped: `max_epochs=20` reached.
[I 2024-11-12 14:46:40,546] Trial 60 finished with value: 149.15554809570312 and parameters: {'pretrain_epochs': 5, 'lr': 0.0005064740621898059, 'mc_samples_train': 2, 'prior_scale': 0.2598582854120639, 'q_scale': 0.00024266721886091795, 'obs_scale': 0.8231559697109374, 'batch_size': 32}. Best is trial 51 with value: 73.02645874023438.
Trainer already configured with model summary callbacks: [<class 'lightning.pytorch.callbacks.rich_model_summary.RichModelSummary'>]. Skipping setting a default `ModelSummary` callback.
GPU available: False, used: False
TPU available: False, using: 0 TPU cores
IPU available: False, using: 0 IPUs
HPU available: False, using: 0 HPUs
`Trainer.fit` stopped: `max_epochs=20` reached.
[I 2024-11-12 14:50:26,948] Trial 55 finished with value: 104.4140625 and parameters: {'pretrain_epochs': 5, 'lr': 0.0005373084792787651, 'mc_samples_train': 2, 'prior_scale': 0.2541721043238776, 'q_scale': 0.0002469816637663819, 'obs_scale': 1.023149325280653, 'batch_size': 32}. Best is trial 47 with value: 72.61022186279297.
Trainer already configured with model summary callbacks: [<class 'lightning.pytorch.callbacks.rich_model_summary.RichModelSummary'>]. Skipping setting a default `ModelSummary` callback.
GPU available: False, used: False
TPU available: False, using: 0 TPU cores
IPU available: False, using: 0 IPUs
HPU available: False, using: 0 HPUs
`Trainer.fit` stopped: `max_epochs=20` reached.
[I 2024-11-12 14:51:10,617] Trial 61 finished with value: 334.8548278808594 and parameters: {'pretrain_epochs': 5, 'lr': 0.00043832036210794976, 'mc_samples_train': 2, 'prior_scale': 0.13565461539450865, 'q_scale': 0.00045775244521256285, 'obs_scale': 0.5747431973271957, 'batch_size': 32}. Best is trial 51 with value: 73.02645874023438.
Trainer already configured with model summary callbacks: [<class 'lightning.pytorch.callbacks.rich_model_summary.RichModelSummary'>]. Skipping setting a default `ModelSummary` callback.
GPU available: False, used: False
TPU available: False, using: 0 TPU cores
IPU available: False, using: 0 IPUs
HPU available: False, using: 0 HPUs
`Trainer.fit` stopped: `max_epochs=20` reached.
