[I 2024-11-12 13:38:45,753] Trial 41 finished with value: 5757.15380859375 and parameters: {'pretrain_epochs': 0, 'lr': 0.00011865440828007891, 'mc_samples_train': 1, 'prior_scale': 0.06195308251725808, 'q_scale': 0.00013797759195474833, 'obs_scale': 1.5900620831373433, 'batch_size': 128}. Best is trial 37 with value: 105.89366149902344.
Trainer already configured with model summary callbacks: [<class 'lightning.pytorch.callbacks.rich_model_summary.RichModelSummary'>]. Skipping setting a default `ModelSummary` callback.
GPU available: False, used: False
TPU available: False, using: 0 TPU cores
IPU available: False, using: 0 IPUs
HPU available: False, using: 0 HPUs
Trainer already configured with model summary callbacks: [<class 'lightning.pytorch.callbacks.rich_model_summary.RichModelSummary'>]. Skipping setting a default `ModelSummary` callback.
GPU available: False, used: False
TPU available: False, using: 0 TPU cores
IPU available: False, using: 0 IPUs
HPU available: False, using: 0 HPUs
`Trainer.fit` stopped: `max_epochs=20` reached.
[I 2024-11-12 13:39:24,376] Trial 35 finished with value: 1131.0701904296875 and parameters: {'pretrain_epochs': 5, 'lr': 0.0007848709251484857, 'mc_samples_train': 2, 'prior_scale': 0.017877487537420286, 'q_scale': 0.0003105397690713017, 'obs_scale': 0.9675903692567519, 'batch_size': 256}. Best is trial 33 with value: 106.64542388916016.
Trainer already configured with model summary callbacks: [<class 'lightning.pytorch.callbacks.rich_model_summary.RichModelSummary'>]. Skipping setting a default `ModelSummary` callback.
GPU available: False, used: False
TPU available: False, using: 0 TPU cores
IPU available: False, using: 0 IPUs
HPU available: False, using: 0 HPUs
`Trainer.fit` stopped: `max_epochs=20` reached.
[I 2024-11-12 13:40:05,891] Trial 43 finished with value: 13363.1142578125 and parameters: {'pretrain_epochs': 5, 'lr': 4.4172857069027426e-05, 'mc_samples_train': 2, 'prior_scale': 0.07128457928218003, 'q_scale': 0.001772580371909721, 'obs_scale': 0.7534532952830927, 'batch_size': 256}. Best is trial 41 with value: 105.56684112548828.
Trainer already configured with model summary callbacks: [<class 'lightning.pytorch.callbacks.rich_model_summary.RichModelSummary'>]. Skipping setting a default `ModelSummary` callback.
GPU available: False, used: False
TPU available: False, using: 0 TPU cores
IPU available: False, using: 0 IPUs
HPU available: False, using: 0 HPUs
`Trainer.fit` stopped: `max_epochs=20` reached.
[I 2024-11-12 13:41:41,345] Trial 36 finished with value: 7445.06640625 and parameters: {'pretrain_epochs': 5, 'lr': 2.336178932942835e-05, 'mc_samples_train': 1, 'prior_scale': 0.04349856123410097, 'q_scale': 0.0009476571377700823, 'obs_scale': 0.37307155539114784, 'batch_size': 64}. Best is trial 33 with value: 106.64542388916016.
Trainer already configured with model summary callbacks: [<class 'lightning.pytorch.callbacks.rich_model_summary.RichModelSummary'>]. Skipping setting a default `ModelSummary` callback.
GPU available: False, used: False
TPU available: False, using: 0 TPU cores
IPU available: False, using: 0 IPUs
HPU available: False, using: 0 HPUs
`Trainer.fit` stopped: `max_epochs=20` reached.
[I 2024-11-12 13:43:24,783] Trial 37 finished with value: 5759.20263671875 and parameters: {'pretrain_epochs': 0, 'lr': 0.00011865440828007891, 'mc_samples_train': 1, 'prior_scale': 0.06195308251725808, 'q_scale': 0.00013797759195474833, 'obs_scale': 1.5900620831373433, 'batch_size': 128}. Best is trial 33 with value: 106.64542388916016.
`Trainer.fit` stopped: `max_epochs=20` reached.
[I 2024-11-12 13:43:31,152] Trial 42 finished with value: 109.23175811767578 and parameters: {'pretrain_epochs': 5, 'lr': 0.0007478120821268879, 'mc_samples_train': 2, 'prior_scale': 0.028481225411167616, 'q_scale': 0.0003343155432734121, 'obs_scale': 1.208729303923869, 'batch_size': 32}. Best is trial 37 with value: 105.89366149902344.
`Trainer.fit` stopped: `max_epochs=20` reached.
[I 2024-11-12 13:43:51,828] Trial 44 finished with value: 129.16453552246094 and parameters: {'pretrain_epochs': 5, 'lr': 0.00038084099516410744, 'mc_samples_train': 2, 'prior_scale': 0.022643480732905282, 'q_scale': 0.00036983076412372385, 'obs_scale': 1.264441575011011, 'batch_size': 32}. Best is trial 41 with value: 105.56684112548828.
Trainer already configured with model summary callbacks: [<class 'lightning.pytorch.callbacks.rich_model_summary.RichModelSummary'>]. Skipping setting a default `ModelSummary` callback.
GPU available: False, used: False
TPU available: False, using: 0 TPU cores
IPU available: False, using: 0 IPUs
HPU available: False, using: 0 HPUs
Trainer already configured with model summary callbacks: [<class 'lightning.pytorch.callbacks.rich_model_summary.RichModelSummary'>]. Skipping setting a default `ModelSummary` callback.
GPU available: False, used: False
TPU available: False, using: 0 TPU cores
IPU available: False, using: 0 IPUs
HPU available: False, using: 0 HPUs
Trainer already configured with model summary callbacks: [<class 'lightning.pytorch.callbacks.rich_model_summary.RichModelSummary'>]. Skipping setting a default `ModelSummary` callback.
GPU available: False, used: False
TPU available: False, using: 0 TPU cores
IPU available: False, using: 0 IPUs
HPU available: False, using: 0 HPUs
`Trainer.fit` stopped: `max_epochs=20` reached.
[I 2024-11-12 13:46:26,005] Trial 43 finished with value: 471.7852478027344 and parameters: {'pretrain_epochs': 0, 'lr': 0.0007695257331855557, 'mc_samples_train': 2, 'prior_scale': 0.030494780994538177, 'q_scale': 0.0009605667128721402, 'obs_scale': 1.1671697707192081, 'batch_size': 64}. Best is trial 37 with value: 105.89366149902344.
Trainer already configured with model summary callbacks: [<class 'lightning.pytorch.callbacks.rich_model_summary.RichModelSummary'>]. Skipping setting a default `ModelSummary` callback.
GPU available: False, used: False
TPU available: False, using: 0 TPU cores
IPU available: False, using: 0 IPUs
HPU available: False, using: 0 HPUs
`Trainer.fit` stopped: `max_epochs=20` reached.
[I 2024-11-12 13:47:37,929] Trial 45 finished with value: 115.4942626953125 and parameters: {'pretrain_epochs': 5, 'lr': 0.000727462068670099, 'mc_samples_train': 2, 'prior_scale': 0.018131837623723113, 'q_scale': 0.0005037451087717533, 'obs_scale': 1.492678738952238, 'batch_size': 32}. Best is trial 41 with value: 105.56684112548828.
Trainer already configured with model summary callbacks: [<class 'lightning.pytorch.callbacks.rich_model_summary.RichModelSummary'>]. Skipping setting a default `ModelSummary` callback.
GPU available: False, used: False
TPU available: False, using: 0 TPU cores
IPU available: False, using: 0 IPUs
HPU available: False, using: 0 HPUs
`Trainer.fit` stopped: `max_epochs=20` reached.
[I 2024-11-12 13:48:16,651] Trial 44 finished with value: 13378.81640625 and parameters: {'pretrain_epochs': 5, 'lr': 4.4172857069027426e-05, 'mc_samples_train': 2, 'prior_scale': 0.07128457928218003, 'q_scale': 0.001772580371909721, 'obs_scale': 0.7534532952830927, 'batch_size': 256}. Best is trial 37 with value: 105.89366149902344.
`Trainer.fit` stopped: `max_epochs=20` reached.
[I 2024-11-12 13:48:31,392] Trial 38 finished with value: 112.97134399414062 and parameters: {'pretrain_epochs': 5, 'lr': 0.0007478120821268879, 'mc_samples_train': 2, 'prior_scale': 0.028481225411167616, 'q_scale': 0.0003343155432734121, 'obs_scale': 1.208729303923869, 'batch_size': 32}. Best is trial 33 with value: 106.64542388916016.
Trainer already configured with model summary callbacks: [<class 'lightning.pytorch.callbacks.rich_model_summary.RichModelSummary'>]. Skipping setting a default `ModelSummary` callback.
GPU available: False, used: False
TPU available: False, using: 0 TPU cores
IPU available: False, using: 0 IPUs
HPU available: False, using: 0 HPUs
Trainer already configured with model summary callbacks: [<class 'lightning.pytorch.callbacks.rich_model_summary.RichModelSummary'>]. Skipping setting a default `ModelSummary` callback.
GPU available: False, used: False
TPU available: False, using: 0 TPU cores
IPU available: False, using: 0 IPUs
HPU available: False, using: 0 HPUs
`Trainer.fit` stopped: `max_epochs=20` reached.
[I 2024-11-12 13:51:51,626] Trial 39 finished with value: 489.32855224609375 and parameters: {'pretrain_epochs': 0, 'lr': 0.0007695257331855557, 'mc_samples_train': 2, 'prior_scale': 0.030494780994538177, 'q_scale': 0.0009605667128721402, 'obs_scale': 1.1671697707192081, 'batch_size': 64}. Best is trial 33 with value: 106.64542388916016.
`Trainer.fit` stopped: `max_epochs=20` reached.
[I 2024-11-12 13:52:03,141] Trial 46 finished with value: 116.41397094726562 and parameters: {'pretrain_epochs': 5, 'lr': 0.0008274078962164457, 'mc_samples_train': 2, 'prior_scale': 0.011893302778931792, 'q_scale': 0.00046929578347437603, 'obs_scale': 1.6330709230952447, 'batch_size': 32}. Best is trial 41 with value: 105.56684112548828.
Trainer already configured with model summary callbacks: [<class 'lightning.pytorch.callbacks.rich_model_summary.RichModelSummary'>]. Skipping setting a default `ModelSummary` callback.
GPU available: False, used: False
TPU available: False, using: 0 TPU cores
IPU available: False, using: 0 IPUs
HPU available: False, using: 0 HPUs
Trainer already configured with model summary callbacks: [<class 'lightning.pytorch.callbacks.rich_model_summary.RichModelSummary'>]. Skipping setting a default `ModelSummary` callback.
GPU available: False, used: False
TPU available: False, using: 0 TPU cores
IPU available: False, using: 0 IPUs
HPU available: False, using: 0 HPUs
`Trainer.fit` stopped: `max_epochs=20` reached.
[I 2024-11-12 13:53:01,470] Trial 45 finished with value: 129.207763671875 and parameters: {'pretrain_epochs': 5, 'lr': 0.00038084099516410744, 'mc_samples_train': 2, 'prior_scale': 0.022643480732905282, 'q_scale': 0.00036983076412372385, 'obs_scale': 1.264441575011011, 'batch_size': 32}. Best is trial 37 with value: 105.89366149902344.
Trainer already configured with model summary callbacks: [<class 'lightning.pytorch.callbacks.rich_model_summary.RichModelSummary'>]. Skipping setting a default `ModelSummary` callback.
GPU available: False, used: False
TPU available: False, using: 0 TPU cores
IPU available: False, using: 0 IPUs
HPU available: False, using: 0 HPUs
`Trainer.fit` stopped: `max_epochs=20` reached.
[I 2024-11-12 13:53:47,329] Trial 40 finished with value: 13252.5576171875 and parameters: {'pretrain_epochs': 5, 'lr': 4.4172857069027426e-05, 'mc_samples_train': 2, 'prior_scale': 0.07128457928218003, 'q_scale': 0.001772580371909721, 'obs_scale': 0.7534532952830927, 'batch_size': 256}. Best is trial 33 with value: 106.64542388916016.
Trainer already configured with model summary callbacks: [<class 'lightning.pytorch.callbacks.rich_model_summary.RichModelSummary'>]. Skipping setting a default `ModelSummary` callback.
GPU available: False, used: False
TPU available: False, using: 0 TPU cores
IPU available: False, using: 0 IPUs
HPU available: False, using: 0 HPUs
`Trainer.fit` stopped: `max_epochs=20` reached.
[I 2024-11-12 13:56:04,302] Trial 47 finished with value: 1970.923095703125 and parameters: {'pretrain_epochs': 5, 'lr': 0.0004572451419686624, 'mc_samples_train': 2, 'prior_scale': 0.0157564593872758, 'q_scale': 0.000524196215322185, 'obs_scale': 0.2489810901041596, 'batch_size': 32}. Best is trial 41 with value: 105.56684112548828.
Trainer already configured with model summary callbacks: [<class 'lightning.pytorch.callbacks.rich_model_summary.RichModelSummary'>]. Skipping setting a default `ModelSummary` callback.
GPU available: False, used: False
TPU available: False, using: 0 TPU cores
IPU available: False, using: 0 IPUs
HPU available: False, using: 0 HPUs
`Trainer.fit` stopped: `max_epochs=20` reached.
[I 2024-11-12 13:57:34,763] Trial 46 finished with value: 115.44819641113281 and parameters: {'pretrain_epochs': 5, 'lr': 0.000727462068670099, 'mc_samples_train': 2, 'prior_scale': 0.018131837623723113, 'q_scale': 0.0005037451087717533, 'obs_scale': 1.492678738952238, 'batch_size': 32}. Best is trial 37 with value: 105.89366149902344.
Trainer already configured with model summary callbacks: [<class 'lightning.pytorch.callbacks.rich_model_summary.RichModelSummary'>]. Skipping setting a default `ModelSummary` callback.
GPU available: False, used: False
TPU available: False, using: 0 TPU cores
IPU available: False, using: 0 IPUs
HPU available: False, using: 0 HPUs
`Trainer.fit` stopped: `max_epochs=20` reached.
[I 2024-11-12 13:58:29,784] Trial 41 finished with value: 130.05287170410156 and parameters: {'pretrain_epochs': 5, 'lr': 0.00038084099516410744, 'mc_samples_train': 2, 'prior_scale': 0.022643480732905282, 'q_scale': 0.00036983076412372385, 'obs_scale': 1.264441575011011, 'batch_size': 32}. Best is trial 33 with value: 106.64542388916016.
Trainer already configured with model summary callbacks: [<class 'lightning.pytorch.callbacks.rich_model_summary.RichModelSummary'>]. Skipping setting a default `ModelSummary` callback.
GPU available: False, used: False
TPU available: False, using: 0 TPU cores
IPU available: False, using: 0 IPUs
HPU available: False, using: 0 HPUs
`Trainer.fit` stopped: `max_epochs=20` reached.
[I 2024-11-12 14:00:10,505] Trial 48 finished with value: 133.52186584472656 and parameters: {'pretrain_epochs': 5, 'lr': 0.0009599412789001202, 'mc_samples_train': 2, 'prior_scale': 0.12658416593482155, 'q_scale': 0.00021856121369911798, 'obs_scale': 0.9623841034627121, 'batch_size': 32}. Best is trial 41 with value: 105.56684112548828.
Trainer already configured with model summary callbacks: [<class 'lightning.pytorch.callbacks.rich_model_summary.RichModelSummary'>]. Skipping setting a default `ModelSummary` callback.
GPU available: False, used: False
TPU available: False, using: 0 TPU cores
IPU available: False, using: 0 IPUs
HPU available: False, using: 0 HPUs
`Trainer.fit` stopped: `max_epochs=20` reached.
[I 2024-11-12 14:01:59,134] Trial 49 finished with value: 529.6260375976562 and parameters: {'pretrain_epochs': 5, 'lr': 0.0003351830048163555, 'mc_samples_train': 2, 'prior_scale': 0.025074057950007504, 'q_scale': 0.009917072934430256, 'obs_scale': 1.6157438569696965, 'batch_size': 128}. Best is trial 41 with value: 105.56684112548828.
`Trainer.fit` stopped: `max_epochs=20` reached.
[I 2024-11-12 14:02:05,838] Trial 47 finished with value: 144.147216796875 and parameters: {'pretrain_epochs': 5, 'lr': 0.0004804024733118722, 'mc_samples_train': 2, 'prior_scale': 0.012631060365637943, 'q_scale': 0.00021813338413480696, 'obs_scale': 1.6292193095358936, 'batch_size': 32}. Best is trial 37 with value: 105.89366149902344.
Trainer already configured with model summary callbacks: [<class 'lightning.pytorch.callbacks.rich_model_summary.RichModelSummary'>]. Skipping setting a default `ModelSummary` callback.
GPU available: False, used: False
TPU available: False, using: 0 TPU cores
IPU available: False, using: 0 IPUs
HPU available: False, using: 0 HPUs
Trainer already configured with model summary callbacks: [<class 'lightning.pytorch.callbacks.rich_model_summary.RichModelSummary'>]. Skipping setting a default `ModelSummary` callback.
GPU available: False, used: False
TPU available: False, using: 0 TPU cores
IPU available: False, using: 0 IPUs
HPU available: False, using: 0 HPUs
`Trainer.fit` stopped: `max_epochs=20` reached.
[I 2024-11-12 14:03:27,423] Trial 42 finished with value: 116.8415298461914 and parameters: {'pretrain_epochs': 5, 'lr': 0.000727462068670099, 'mc_samples_train': 2, 'prior_scale': 0.018131837623723113, 'q_scale': 0.0005037451087717533, 'obs_scale': 1.492678738952238, 'batch_size': 32}. Best is trial 33 with value: 106.64542388916016.
Trainer already configured with model summary callbacks: [<class 'lightning.pytorch.callbacks.rich_model_summary.RichModelSummary'>]. Skipping setting a default `ModelSummary` callback.
GPU available: False, used: False
TPU available: False, using: 0 TPU cores
IPU available: False, using: 0 IPUs
HPU available: False, using: 0 HPUs
`Trainer.fit` stopped: `max_epochs=20` reached.
[I 2024-11-12 14:05:59,012] Trial 50 finished with value: 118.12067413330078 and parameters: {'pretrain_epochs': 5, 'lr': 0.0007299625965353641, 'mc_samples_train': 2, 'prior_scale': 0.013656254087246184, 'q_scale': 0.00040193311815081307, 'obs_scale': 1.9656774938249475, 'batch_size': 32}. Best is trial 41 with value: 105.56684112548828.
`Trainer.fit` stopped: `max_epochs=20` reached.
[I 2024-11-12 14:06:22,970] Trial 48 finished with value: 1503.3394775390625 and parameters: {'pretrain_epochs': 5, 'lr': 0.0009040817319009601, 'mc_samples_train': 2, 'prior_scale': 0.026292625287037727, 'q_scale': 0.00027896384237704916, 'obs_scale': 0.2489810901041596, 'batch_size': 32}. Best is trial 37 with value: 105.89366149902344.
Trainer already configured with model summary callbacks: [<class 'lightning.pytorch.callbacks.rich_model_summary.RichModelSummary'>]. Skipping setting a default `ModelSummary` callback.
GPU available: False, used: False
TPU available: False, using: 0 TPU cores
IPU available: False, using: 0 IPUs
HPU available: False, using: 0 HPUs
Trainer already configured with model summary callbacks: [<class 'lightning.pytorch.callbacks.rich_model_summary.RichModelSummary'>]. Skipping setting a default `ModelSummary` callback.
GPU available: False, used: False
TPU available: False, using: 0 TPU cores
IPU available: False, using: 0 IPUs
HPU available: False, using: 0 HPUs
`Trainer.fit` stopped: `max_epochs=20` reached.
[I 2024-11-12 14:08:15,794] Trial 43 finished with value: 144.82260131835938 and parameters: {'pretrain_epochs': 5, 'lr': 0.0004804024733118722, 'mc_samples_train': 2, 'prior_scale': 0.012631060365637943, 'q_scale': 0.00021813338413480696, 'obs_scale': 1.6292193095358936, 'batch_size': 32}. Best is trial 33 with value: 106.64542388916016.
`Trainer.fit` stopped: `max_epochs=20` reached.
[I 2024-11-12 14:08:32,351] Trial 51 finished with value: 798.6254272460938 and parameters: {'pretrain_epochs': 0, 'lr': 0.00023401603660355865, 'mc_samples_train': 2, 'prior_scale': 0.029321453638625615, 'q_scale': 0.0007950168174439615, 'obs_scale': 1.0289649926856792, 'batch_size': 64}. Best is trial 41 with value: 105.56684112548828.
Trainer already configured with model summary callbacks: [<class 'lightning.pytorch.callbacks.rich_model_summary.RichModelSummary'>]. Skipping setting a default `ModelSummary` callback.
GPU available: False, used: False
TPU available: False, using: 0 TPU cores
IPU available: False, using: 0 IPUs
HPU available: False, using: 0 HPUs
Trainer already configured with model summary callbacks: [<class 'lightning.pytorch.callbacks.rich_model_summary.RichModelSummary'>]. Skipping setting a default `ModelSummary` callback.
GPU available: False, used: False
TPU available: False, using: 0 TPU cores
IPU available: False, using: 0 IPUs
HPU available: False, using: 0 HPUs
`Trainer.fit` stopped: `max_epochs=20` reached.
[I 2024-11-12 14:09:34,386] Trial 49 finished with value: 258.725830078125 and parameters: {'pretrain_epochs': 5, 'lr': 0.000329762082264789, 'mc_samples_train': 1, 'prior_scale': 0.015608637344569739, 'q_scale': 0.0001319006671773432, 'obs_scale': 0.9623841034627121, 'batch_size': 32}. Best is trial 37 with value: 105.89366149902344.
`Trainer.fit` stopped: `max_epochs=20` reached.
[I 2024-11-12 14:09:52,534] Trial 52 finished with value: 2772.05419921875 and parameters: {'pretrain_epochs': 5, 'lr': 0.0004875587090437935, 'mc_samples_train': 2, 'prior_scale': 0.3095805198996549, 'q_scale': 0.0012748190907192617, 'obs_scale': 1.1920607037918527, 'batch_size': 512}. Best is trial 41 with value: 105.56684112548828.
Trainer already configured with model summary callbacks: [<class 'lightning.pytorch.callbacks.rich_model_summary.RichModelSummary'>]. Skipping setting a default `ModelSummary` callback.
GPU available: False, used: False
TPU available: False, using: 0 TPU cores
IPU available: False, using: 0 IPUs
HPU available: False, using: 0 HPUs
Trainer already configured with model summary callbacks: [<class 'lightning.pytorch.callbacks.rich_model_summary.RichModelSummary'>]. Skipping setting a default `ModelSummary` callback.
GPU available: False, used: False
TPU available: False, using: 0 TPU cores
IPU available: False, using: 0 IPUs
HPU available: False, using: 0 HPUs
[I 2024-11-12 14:11:14,644] Trial 50 pruned. Trial was pruned at epoch 14.
Trainer already configured with model summary callbacks: [<class 'lightning.pytorch.callbacks.rich_model_summary.RichModelSummary'>]. Skipping setting a default `ModelSummary` callback.
GPU available: False, used: False
TPU available: False, using: 0 TPU cores
IPU available: False, using: 0 IPUs
HPU available: False, using: 0 HPUs
[I 2024-11-12 14:12:35,977] Trial 44 pruned. Trial was pruned at epoch 16.
Trainer already configured with model summary callbacks: [<class 'lightning.pytorch.callbacks.rich_model_summary.RichModelSummary'>]. Skipping setting a default `ModelSummary` callback.
GPU available: False, used: False
TPU available: False, using: 0 TPU cores
IPU available: False, using: 0 IPUs
HPU available: False, using: 0 HPUs
`Trainer.fit` stopped: `max_epochs=20` reached.
