/home/g15farris/.conda/envs/bnn/lib/python3.12/site-packages/hydra/_internal/instantiate/_instantiate2.py:92: ExperimentalWarning: PatientPruner is experimental (supported from v2.8.0). The interface can change in the future.
  return _target_(*args, **kwargs)
/home/g15farris/.conda/envs/bnn/lib/python3.12/site-packages/hydra/_internal/instantiate/_instantiate2.py:92: ExperimentalWarning: PatientPruner is experimental (supported from v2.8.0). The interface can change in the future.
  return _target_(*args, **kwargs)
/home/g15farris/.conda/envs/bnn/lib/python3.12/site-packages/hydra/_internal/instantiate/_instantiate2.py:92: ExperimentalWarning: PatientPruner is experimental (supported from v2.8.0). The interface can change in the future.
  return _target_(*args, **kwargs)
[I 2024-11-12 11:59:43,866] Using an existing study with name 'bnn_lrt' instead of creating a new one.
[I 2024-11-12 11:59:44,231] A new study created in RDB with name: bnn_fo
[I 2024-11-12 11:59:44,331] Using an existing study with name 'bnn_rad' instead of creating a new one.
Trainer already configured with model summary callbacks: [<class 'lightning.pytorch.callbacks.rich_model_summary.RichModelSummary'>]. Skipping setting a default `ModelSummary` callback.
GPU available: False, used: False
TPU available: False, using: 0 TPU cores
IPU available: False, using: 0 IPUs
HPU available: False, using: 0 HPUs
Trainer already configured with model summary callbacks: [<class 'lightning.pytorch.callbacks.rich_model_summary.RichModelSummary'>]. Skipping setting a default `ModelSummary` callback.
GPU available: False, used: False
TPU available: False, using: 0 TPU cores
IPU available: False, using: 0 IPUs
HPU available: False, using: 0 HPUs
Trainer already configured with model summary callbacks: [<class 'lightning.pytorch.callbacks.rich_model_summary.RichModelSummary'>]. Skipping setting a default `ModelSummary` callback.
GPU available: False, used: False
TPU available: False, using: 0 TPU cores
IPU available: False, using: 0 IPUs
HPU available: False, using: 0 HPUs
/home/g15farris/.conda/envs/bnn/lib/python3.12/site-packages/lightning/pytorch/core/optimizer.py:181: `LightningModule.configure_optimizers` returned `None`, this fit will run with no optimizer
/home/g15farris/.conda/envs/bnn/lib/python3.12/site-packages/tyxe/likelihoods.py:260: UserWarning: var(): degrees of freedom is <= 0. Correction should be strictly less than the reduction factor (input numel divided by output numel). (Triggered internally at ../aten/src/ATen/native/ReduceOps.cpp:1807.)
  scale = predictions.var(dim).add(self.scale ** 2).sqrt()
/home/g15farris/.conda/envs/bnn/lib/python3.12/site-packages/lightning/pytorch/loops/optimization/automatic.py:132: `training_step` returned `None`. If this was on purpose, ignore this warning...
/home/g15farris/.conda/envs/bnn/lib/python3.12/site-packages/lightning/pytorch/core/optimizer.py:181: `LightningModule.configure_optimizers` returned `None`, this fit will run with no optimizer
/home/g15farris/.conda/envs/bnn/lib/python3.12/site-packages/lightning/pytorch/core/optimizer.py:181: `LightningModule.configure_optimizers` returned `None`, this fit will run with no optimizer
/home/g15farris/.conda/envs/bnn/lib/python3.12/site-packages/tyxe/likelihoods.py:260: UserWarning: var(): degrees of freedom is <= 0. Correction should be strictly less than the reduction factor (input numel divided by output numel). (Triggered internally at ../aten/src/ATen/native/ReduceOps.cpp:1807.)
  scale = predictions.var(dim).add(self.scale ** 2).sqrt()
/home/g15farris/.conda/envs/bnn/lib/python3.12/site-packages/lightning/pytorch/loops/optimization/automatic.py:132: `training_step` returned `None`. If this was on purpose, ignore this warning...
/home/g15farris/.conda/envs/bnn/lib/python3.12/site-packages/tyxe/likelihoods.py:260: UserWarning: var(): degrees of freedom is <= 0. Correction should be strictly less than the reduction factor (input numel divided by output numel). (Triggered internally at ../aten/src/ATen/native/ReduceOps.cpp:1807.)
  scale = predictions.var(dim).add(self.scale ** 2).sqrt()
/home/g15farris/.conda/envs/bnn/lib/python3.12/site-packages/lightning/pytorch/loops/optimization/automatic.py:132: `training_step` returned `None`. If this was on purpose, ignore this warning...
`Trainer.fit` stopped: `max_epochs=20` reached.
[I 2024-11-12 12:02:34,193] Trial 4 finished with value: 294.4749450683594 and parameters: {'pretrain_epochs': 5, 'lr': 7.50681093606854e-05, 'mc_samples_train': 1, 'prior_scale': 0.029048697214318013, 'q_scale': 0.0003572140318996377, 'obs_scale': 1.1047391773518673, 'batch_size': 32}. Best is trial 4 with value: 294.4749450683594.
`Trainer.fit` stopped: `max_epochs=20` reached.
[I 2024-11-12 12:02:42,961] Trial 3 finished with value: 293.97314453125 and parameters: {'pretrain_epochs': 5, 'lr': 7.50681093606854e-05, 'mc_samples_train': 1, 'prior_scale': 0.029048697214318013, 'q_scale': 0.0003572140318996377, 'obs_scale': 1.1047391773518673, 'batch_size': 32}. Best is trial 3 with value: 293.97314453125.
`Trainer.fit` stopped: `max_epochs=20` reached.
[I 2024-11-12 12:03:05,873] Trial 0 finished with value: 294.71978759765625 and parameters: {'pretrain_epochs': 5, 'lr': 7.50681093606854e-05, 'mc_samples_train': 1, 'prior_scale': 0.029048697214318013, 'q_scale': 0.0003572140318996377, 'obs_scale': 1.1047391773518673, 'batch_size': 32}. Best is trial 0 with value: 294.71978759765625.
Trainer already configured with model summary callbacks: [<class 'lightning.pytorch.callbacks.rich_model_summary.RichModelSummary'>]. Skipping setting a default `ModelSummary` callback.
GPU available: False, used: False
TPU available: False, using: 0 TPU cores
IPU available: False, using: 0 IPUs
HPU available: False, using: 0 HPUs
/home/g15farris/.conda/envs/bnn/lib/python3.12/site-packages/lightning/pytorch/loops/fit_loop.py:298: The number of training batches (12) is smaller than the logging interval Trainer(log_every_n_steps=50). Set a lower value for log_every_n_steps if you want to see logs for the training epoch.
Trainer already configured with model summary callbacks: [<class 'lightning.pytorch.callbacks.rich_model_summary.RichModelSummary'>]. Skipping setting a default `ModelSummary` callback.
GPU available: False, used: False
TPU available: False, using: 0 TPU cores
IPU available: False, using: 0 IPUs
HPU available: False, using: 0 HPUs
/home/g15farris/.conda/envs/bnn/lib/python3.12/site-packages/lightning/pytorch/loops/fit_loop.py:298: The number of training batches (12) is smaller than the logging interval Trainer(log_every_n_steps=50). Set a lower value for log_every_n_steps if you want to see logs for the training epoch.
Trainer already configured with model summary callbacks: [<class 'lightning.pytorch.callbacks.rich_model_summary.RichModelSummary'>]. Skipping setting a default `ModelSummary` callback.
GPU available: False, used: False
TPU available: False, using: 0 TPU cores
IPU available: False, using: 0 IPUs
HPU available: False, using: 0 HPUs
/home/g15farris/.conda/envs/bnn/lib/python3.12/site-packages/lightning/pytorch/loops/fit_loop.py:298: The number of training batches (12) is smaller than the logging interval Trainer(log_every_n_steps=50). Set a lower value for log_every_n_steps if you want to see logs for the training epoch.
`Trainer.fit` stopped: `max_epochs=20` reached.
[I 2024-11-12 12:03:46,316] Trial 5 finished with value: 507884.46875 and parameters: {'pretrain_epochs': 0, 'lr': 0.0001325538578998538, 'mc_samples_train': 1, 'prior_scale': 0.20559343783957656, 'q_scale': 0.0058248182837850404, 'obs_scale': 0.29835107709343195, 'batch_size': 256}. Best is trial 4 with value: 294.4749450683594.
`Trainer.fit` stopped: `max_epochs=20` reached.
[I 2024-11-12 12:03:49,919] Trial 4 finished with value: 499001.3125 and parameters: {'pretrain_epochs': 0, 'lr': 0.0001325538578998538, 'mc_samples_train': 1, 'prior_scale': 0.20559343783957656, 'q_scale': 0.0058248182837850404, 'obs_scale': 0.29835107709343195, 'batch_size': 256}. Best is trial 3 with value: 293.97314453125.
`Trainer.fit` stopped: `max_epochs=20` reached.
[I 2024-11-12 12:04:16,919] Trial 1 finished with value: 499446.9375 and parameters: {'pretrain_epochs': 0, 'lr': 0.0001325538578998538, 'mc_samples_train': 1, 'prior_scale': 0.20559343783957656, 'q_scale': 0.0058248182837850404, 'obs_scale': 0.29835107709343195, 'batch_size': 256}. Best is trial 0 with value: 294.71978759765625.
Trainer already configured with model summary callbacks: [<class 'lightning.pytorch.callbacks.rich_model_summary.RichModelSummary'>]. Skipping setting a default `ModelSummary` callback.
GPU available: False, used: False
TPU available: False, using: 0 TPU cores
IPU available: False, using: 0 IPUs
HPU available: False, using: 0 HPUs
Trainer already configured with model summary callbacks: [<class 'lightning.pytorch.callbacks.rich_model_summary.RichModelSummary'>]. Skipping setting a default `ModelSummary` callback.
GPU available: False, used: False
TPU available: False, using: 0 TPU cores
IPU available: False, using: 0 IPUs
HPU available: False, using: 0 HPUs
Trainer already configured with model summary callbacks: [<class 'lightning.pytorch.callbacks.rich_model_summary.RichModelSummary'>]. Skipping setting a default `ModelSummary` callback.
GPU available: False, used: False
TPU available: False, using: 0 TPU cores
IPU available: False, using: 0 IPUs
HPU available: False, using: 0 HPUs
`Trainer.fit` stopped: `max_epochs=20` reached.
[I 2024-11-12 12:05:10,858] Trial 5 finished with value: 327536.53125 and parameters: {'pretrain_epochs': 5, 'lr': 4.3020182095898586e-05, 'mc_samples_train': 2, 'prior_scale': 0.05508654872763757, 'q_scale': 0.004020640881061957, 'obs_scale': 0.1538313853200085, 'batch_size': 256}. Best is trial 3 with value: 293.97314453125.
`Trainer.fit` stopped: `max_epochs=20` reached.
[I 2024-11-12 12:05:17,388] Trial 6 finished with value: 328805.0 and parameters: {'pretrain_epochs': 5, 'lr': 4.3020182095898586e-05, 'mc_samples_train': 2, 'prior_scale': 0.05508654872763757, 'q_scale': 0.004020640881061957, 'obs_scale': 0.1538313853200085, 'batch_size': 256}. Best is trial 4 with value: 294.4749450683594.
Trainer already configured with model summary callbacks: [<class 'lightning.pytorch.callbacks.rich_model_summary.RichModelSummary'>]. Skipping setting a default `ModelSummary` callback.
GPU available: False, used: False
TPU available: False, using: 0 TPU cores
IPU available: False, using: 0 IPUs
HPU available: False, using: 0 HPUs
/home/g15farris/.conda/envs/bnn/lib/python3.12/site-packages/lightning/pytorch/loops/fit_loop.py:298: The number of training batches (6) is smaller than the logging interval Trainer(log_every_n_steps=50). Set a lower value for log_every_n_steps if you want to see logs for the training epoch.
`Trainer.fit` stopped: `max_epochs=20` reached.
[I 2024-11-12 12:05:51,252] Trial 2 finished with value: 322012.21875 and parameters: {'pretrain_epochs': 5, 'lr': 4.3020182095898586e-05, 'mc_samples_train': 2, 'prior_scale': 0.05508654872763757, 'q_scale': 0.004020640881061957, 'obs_scale': 0.1538313853200085, 'batch_size': 256}. Best is trial 0 with value: 294.71978759765625.
Trainer already configured with model summary callbacks: [<class 'lightning.pytorch.callbacks.rich_model_summary.RichModelSummary'>]. Skipping setting a default `ModelSummary` callback.
GPU available: False, used: False
TPU available: False, using: 0 TPU cores
IPU available: False, using: 0 IPUs
HPU available: False, using: 0 HPUs
/home/g15farris/.conda/envs/bnn/lib/python3.12/site-packages/lightning/pytorch/loops/fit_loop.py:298: The number of training batches (6) is smaller than the logging interval Trainer(log_every_n_steps=50). Set a lower value for log_every_n_steps if you want to see logs for the training epoch.
`Trainer.fit` stopped: `max_epochs=20` reached.
[I 2024-11-12 12:06:26,110] Trial 6 finished with value: 15946310.0 and parameters: {'pretrain_epochs': 0, 'lr': 2.336545096950015e-05, 'mc_samples_train': 2, 'prior_scale': 0.1023881426733586, 'q_scale': 0.001165790000863127, 'obs_scale': 0.11385861721302043, 'batch_size': 512}. Best is trial 3 with value: 293.97314453125.
Trainer already configured with model summary callbacks: [<class 'lightning.pytorch.callbacks.rich_model_summary.RichModelSummary'>]. Skipping setting a default `ModelSummary` callback.
GPU available: False, used: False
TPU available: False, using: 0 TPU cores
IPU available: False, using: 0 IPUs
HPU available: False, using: 0 HPUs
/home/g15farris/.conda/envs/bnn/lib/python3.12/site-packages/lightning/pytorch/loops/fit_loop.py:298: The number of training batches (6) is smaller than the logging interval Trainer(log_every_n_steps=50). Set a lower value for log_every_n_steps if you want to see logs for the training epoch.
`Trainer.fit` stopped: `max_epochs=20` reached.
[I 2024-11-12 12:06:43,617] Trial 7 finished with value: 15940365.0 and parameters: {'pretrain_epochs': 0, 'lr': 2.336545096950015e-05, 'mc_samples_train': 2, 'prior_scale': 0.1023881426733586, 'q_scale': 0.001165790000863127, 'obs_scale': 0.11385861721302043, 'batch_size': 512}. Best is trial 4 with value: 294.4749450683594.
Trainer already configured with model summary callbacks: [<class 'lightning.pytorch.callbacks.rich_model_summary.RichModelSummary'>]. Skipping setting a default `ModelSummary` callback.
GPU available: False, used: False
TPU available: False, using: 0 TPU cores
IPU available: False, using: 0 IPUs
HPU available: False, using: 0 HPUs
/home/g15farris/.conda/envs/bnn/lib/python3.12/site-packages/lightning/pytorch/loops/fit_loop.py:298: The number of training batches (48) is smaller than the logging interval Trainer(log_every_n_steps=50). Set a lower value for log_every_n_steps if you want to see logs for the training epoch.
Trainer already configured with model summary callbacks: [<class 'lightning.pytorch.callbacks.rich_model_summary.RichModelSummary'>]. Skipping setting a default `ModelSummary` callback.
GPU available: False, used: False
TPU available: False, using: 0 TPU cores
IPU available: False, using: 0 IPUs
HPU available: False, using: 0 HPUs
/home/g15farris/.conda/envs/bnn/lib/python3.12/site-packages/lightning/pytorch/loops/fit_loop.py:298: The number of training batches (48) is smaller than the logging interval Trainer(log_every_n_steps=50). Set a lower value for log_every_n_steps if you want to see logs for the training epoch.
`Trainer.fit` stopped: `max_epochs=20` reached.
[I 2024-11-12 12:07:21,782] Trial 3 finished with value: 15929065.0 and parameters: {'pretrain_epochs': 0, 'lr': 2.336545096950015e-05, 'mc_samples_train': 2, 'prior_scale': 0.1023881426733586, 'q_scale': 0.001165790000863127, 'obs_scale': 0.11385861721302043, 'batch_size': 512}. Best is trial 0 with value: 294.71978759765625.
Trainer already configured with model summary callbacks: [<class 'lightning.pytorch.callbacks.rich_model_summary.RichModelSummary'>]. Skipping setting a default `ModelSummary` callback.
GPU available: False, used: False
TPU available: False, using: 0 TPU cores
IPU available: False, using: 0 IPUs
HPU available: False, using: 0 HPUs
/home/g15farris/.conda/envs/bnn/lib/python3.12/site-packages/lightning/pytorch/loops/fit_loop.py:298: The number of training batches (48) is smaller than the logging interval Trainer(log_every_n_steps=50). Set a lower value for log_every_n_steps if you want to see logs for the training epoch.
`Trainer.fit` stopped: `max_epochs=20` reached.
[I 2024-11-12 12:08:10,376] Trial 7 finished with value: 371.26605224609375 and parameters: {'pretrain_epochs': 0, 'lr': 0.00017174472922154303, 'mc_samples_train': 1, 'prior_scale': 0.48474869983391317, 'q_scale': 0.008271866644681318, 'obs_scale': 1.0724303485094406, 'batch_size': 64}. Best is trial 3 with value: 293.97314453125.
Trainer already configured with model summary callbacks: [<class 'lightning.pytorch.callbacks.rich_model_summary.RichModelSummary'>]. Skipping setting a default `ModelSummary` callback.
GPU available: False, used: False
TPU available: False, using: 0 TPU cores
IPU available: False, using: 0 IPUs
HPU available: False, using: 0 HPUs
/home/g15farris/.conda/envs/bnn/lib/python3.12/site-packages/lightning/pytorch/loops/fit_loop.py:298: The number of training batches (24) is smaller than the logging interval Trainer(log_every_n_steps=50). Set a lower value for log_every_n_steps if you want to see logs for the training epoch.
`Trainer.fit` stopped: `max_epochs=20` reached.
[I 2024-11-12 12:08:48,930] Trial 8 finished with value: 381.2728271484375 and parameters: {'pretrain_epochs': 0, 'lr': 0.00017174472922154303, 'mc_samples_train': 1, 'prior_scale': 0.48474869983391317, 'q_scale': 0.008271866644681318, 'obs_scale': 1.0724303485094406, 'batch_size': 64}. Best is trial 4 with value: 294.4749450683594.
`Trainer.fit` stopped: `max_epochs=20` reached.
[I 2024-11-12 12:09:12,446] Trial 4 finished with value: 377.71453857421875 and parameters: {'pretrain_epochs': 0, 'lr': 0.00017174472922154303, 'mc_samples_train': 1, 'prior_scale': 0.48474869983391317, 'q_scale': 0.008271866644681318, 'obs_scale': 1.0724303485094406, 'batch_size': 64}. Best is trial 0 with value: 294.71978759765625.
Trainer already configured with model summary callbacks: [<class 'lightning.pytorch.callbacks.rich_model_summary.RichModelSummary'>]. Skipping setting a default `ModelSummary` callback.
GPU available: False, used: False
TPU available: False, using: 0 TPU cores
IPU available: False, using: 0 IPUs
HPU available: False, using: 0 HPUs
/home/g15farris/.conda/envs/bnn/lib/python3.12/site-packages/lightning/pytorch/loops/fit_loop.py:298: The number of training batches (24) is smaller than the logging interval Trainer(log_every_n_steps=50). Set a lower value for log_every_n_steps if you want to see logs for the training epoch.
`Trainer.fit` stopped: `max_epochs=20` reached.
[I 2024-11-12 12:09:22,428] Trial 8 finished with value: 2341.93505859375 and parameters: {'pretrain_epochs': 5, 'lr': 0.0009204696704635324, 'mc_samples_train': 1, 'prior_scale': 0.17977467814503606, 'q_scale': 0.0014948832198169292, 'obs_scale': 0.4107788493789703, 'batch_size': 128}. Best is trial 3 with value: 293.97314453125.
Trainer already configured with model summary callbacks: [<class 'lightning.pytorch.callbacks.rich_model_summary.RichModelSummary'>]. Skipping setting a default `ModelSummary` callback.
GPU available: False, used: False
TPU available: False, using: 0 TPU cores
IPU available: False, using: 0 IPUs
HPU available: False, using: 0 HPUs
/home/g15farris/.conda/envs/bnn/lib/python3.12/site-packages/lightning/pytorch/loops/fit_loop.py:298: The number of training batches (24) is smaller than the logging interval Trainer(log_every_n_steps=50). Set a lower value for log_every_n_steps if you want to see logs for the training epoch.
Trainer already configured with model summary callbacks: [<class 'lightning.pytorch.callbacks.rich_model_summary.RichModelSummary'>]. Skipping setting a default `ModelSummary` callback.
GPU available: False, used: False
TPU available: False, using: 0 TPU cores
IPU available: False, using: 0 IPUs
HPU available: False, using: 0 HPUs
`Trainer.fit` stopped: `max_epochs=20` reached.
[I 2024-11-12 12:10:17,390] Trial 9 finished with value: 2108.352294921875 and parameters: {'pretrain_epochs': 5, 'lr': 0.0009204696704635324, 'mc_samples_train': 1, 'prior_scale': 0.17977467814503606, 'q_scale': 0.0014948832198169292, 'obs_scale': 0.4107788493789703, 'batch_size': 128}. Best is trial 4 with value: 294.4749450683594.
`Trainer.fit` stopped: `max_epochs=20` reached.
[I 2024-11-12 12:10:48,708] Trial 5 finished with value: 3045.822998046875 and parameters: {'pretrain_epochs': 5, 'lr': 0.0009204696704635324, 'mc_samples_train': 1, 'prior_scale': 0.17977467814503606, 'q_scale': 0.0014948832198169292, 'obs_scale': 0.4107788493789703, 'batch_size': 128}. Best is trial 0 with value: 294.71978759765625.
Trainer already configured with model summary callbacks: [<class 'lightning.pytorch.callbacks.rich_model_summary.RichModelSummary'>]. Skipping setting a default `ModelSummary` callback.
GPU available: False, used: False
TPU available: False, using: 0 TPU cores
IPU available: False, using: 0 IPUs
HPU available: False, using: 0 HPUs
Trainer already configured with model summary callbacks: [<class 'lightning.pytorch.callbacks.rich_model_summary.RichModelSummary'>]. Skipping setting a default `ModelSummary` callback.
GPU available: False, used: False
TPU available: False, using: 0 TPU cores
IPU available: False, using: 0 IPUs
HPU available: False, using: 0 HPUs
`Trainer.fit` stopped: `max_epochs=20` reached.
[I 2024-11-12 12:11:44,613] Trial 9 finished with value: 16699.31640625 and parameters: {'pretrain_epochs': 5, 'lr': 7.478015213333154e-05, 'mc_samples_train': 2, 'prior_scale': 0.1156399334005538, 'q_scale': 0.002582231235363856, 'obs_scale': 0.15665279892931577, 'batch_size': 64}. Best is trial 3 with value: 293.97314453125.
Trainer already configured with model summary callbacks: [<class 'lightning.pytorch.callbacks.rich_model_summary.RichModelSummary'>]. Skipping setting a default `ModelSummary` callback.
GPU available: False, used: False
TPU available: False, using: 0 TPU cores
IPU available: False, using: 0 IPUs
HPU available: False, using: 0 HPUs
[I 2024-11-12 12:13:08,250] Trial 10 pruned. Trial was pruned at epoch 19.
`Trainer.fit` stopped: `max_epochs=20` reached.
[I 2024-11-12 12:13:11,843] Trial 10 finished with value: 16784.822265625 and parameters: {'pretrain_epochs': 5, 'lr': 7.478015213333154e-05, 'mc_samples_train': 2, 'prior_scale': 0.1156399334005538, 'q_scale': 0.002582231235363856, 'obs_scale': 0.15665279892931577, 'batch_size': 64}. Best is trial 4 with value: 294.4749450683594.
`Trainer.fit` stopped: `max_epochs=20` reached.
