[I 2024-11-12 12:42:09,605] Trial 16 finished with value: 5089.53955078125 and parameters: {'pretrain_epochs': 5, 'lr': 0.0001858988439599671, 'mc_samples_train': 1, 'prior_scale': 0.01723481155469655, 'q_scale': 0.0006897331189673997, 'obs_scale': 1.3052345342320926, 'batch_size': 512}. Best is trial 12 with value: 135.93768310546875.
Trainer already configured with model summary callbacks: [<class 'lightning.pytorch.callbacks.rich_model_summary.RichModelSummary'>]. Skipping setting a default `ModelSummary` callback.
GPU available: False, used: False
TPU available: False, using: 0 TPU cores
IPU available: False, using: 0 IPUs
HPU available: False, using: 0 HPUs
`Trainer.fit` stopped: `max_epochs=20` reached.
[I 2024-11-12 12:43:04,712] Trial 21 finished with value: 121.97358703613281 and parameters: {'pretrain_epochs': 5, 'lr': 0.000623327345926834, 'mc_samples_train': 1, 'prior_scale': 0.012934001018788954, 'q_scale': 0.0006193545503124616, 'obs_scale': 1.8504266749951648, 'batch_size': 32}. Best is trial 21 with value: 121.97358703613281.
Trainer already configured with model summary callbacks: [<class 'lightning.pytorch.callbacks.rich_model_summary.RichModelSummary'>]. Skipping setting a default `ModelSummary` callback.
GPU available: False, used: False
TPU available: False, using: 0 TPU cores
IPU available: False, using: 0 IPUs
HPU available: False, using: 0 HPUs
`Trainer.fit` stopped: `max_epochs=20` reached.
[I 2024-11-12 12:43:48,072] Trial 21 finished with value: 519.8765258789062 and parameters: {'pretrain_epochs': 5, 'lr': 0.00029493452670697866, 'mc_samples_train': 1, 'prior_scale': 0.04983164005349259, 'q_scale': 0.00021683415691757426, 'obs_scale': 0.6301916365616733, 'batch_size': 32}. Best is trial 16 with value: 135.87335205078125.
Trainer already configured with model summary callbacks: [<class 'lightning.pytorch.callbacks.rich_model_summary.RichModelSummary'>]. Skipping setting a default `ModelSummary` callback.
GPU available: False, used: False
TPU available: False, using: 0 TPU cores
IPU available: False, using: 0 IPUs
HPU available: False, using: 0 HPUs
`Trainer.fit` stopped: `max_epochs=20` reached.
[I 2024-11-12 12:45:29,267] Trial 17 finished with value: 517.4038696289062 and parameters: {'pretrain_epochs': 5, 'lr': 0.00029493452670697866, 'mc_samples_train': 1, 'prior_scale': 0.04983164005349259, 'q_scale': 0.00021683415691757426, 'obs_scale': 0.6301916365616733, 'batch_size': 32}. Best is trial 12 with value: 135.93768310546875.
Trainer already configured with model summary callbacks: [<class 'lightning.pytorch.callbacks.rich_model_summary.RichModelSummary'>]. Skipping setting a default `ModelSummary` callback.
GPU available: False, used: False
TPU available: False, using: 0 TPU cores
IPU available: False, using: 0 IPUs
HPU available: False, using: 0 HPUs
`Trainer.fit` stopped: `max_epochs=20` reached.
[I 2024-11-12 12:46:15,464] Trial 22 finished with value: 385.4613342285156 and parameters: {'pretrain_epochs': 5, 'lr': 0.0007344770731768281, 'mc_samples_train': 1, 'prior_scale': 0.03808194315067731, 'q_scale': 0.0007201390485813246, 'obs_scale': 0.4892292458746359, 'batch_size': 32}. Best is trial 21 with value: 121.97358703613281.
Trainer already configured with model summary callbacks: [<class 'lightning.pytorch.callbacks.rich_model_summary.RichModelSummary'>]. Skipping setting a default `ModelSummary` callback.
GPU available: False, used: False
TPU available: False, using: 0 TPU cores
IPU available: False, using: 0 IPUs
HPU available: False, using: 0 HPUs
`Trainer.fit` stopped: `max_epochs=20` reached.
[I 2024-11-12 12:47:16,958] Trial 22 finished with value: 122.61695098876953 and parameters: {'pretrain_epochs': 5, 'lr': 0.000623327345926834, 'mc_samples_train': 1, 'prior_scale': 0.012934001018788954, 'q_scale': 0.0006193545503124616, 'obs_scale': 1.8504266749951648, 'batch_size': 32}. Best is trial 22 with value: 122.61695098876953.
`Trainer.fit` stopped: `max_epochs=20` reached.
[I 2024-11-12 12:47:26,742] Trial 23 finished with value: 7874.71533203125 and parameters: {'pretrain_epochs': 5, 'lr': 0.00010473759024919465, 'mc_samples_train': 1, 'prior_scale': 0.01029638255484863, 'q_scale': 0.0004899117339827066, 'obs_scale': 1.3260630690996527, 'batch_size': 512}. Best is trial 21 with value: 121.97358703613281.
Trainer already configured with model summary callbacks: [<class 'lightning.pytorch.callbacks.rich_model_summary.RichModelSummary'>]. Skipping setting a default `ModelSummary` callback.
GPU available: False, used: False
TPU available: False, using: 0 TPU cores
IPU available: False, using: 0 IPUs
HPU available: False, using: 0 HPUs
Trainer already configured with model summary callbacks: [<class 'lightning.pytorch.callbacks.rich_model_summary.RichModelSummary'>]. Skipping setting a default `ModelSummary` callback.
GPU available: False, used: False
TPU available: False, using: 0 TPU cores
IPU available: False, using: 0 IPUs
HPU available: False, using: 0 HPUs
`Trainer.fit` stopped: `max_epochs=20` reached.
[I 2024-11-12 12:49:16,739] Trial 18 finished with value: 123.6635513305664 and parameters: {'pretrain_epochs': 5, 'lr': 0.000623327345926834, 'mc_samples_train': 1, 'prior_scale': 0.012934001018788954, 'q_scale': 0.0006193545503124616, 'obs_scale': 1.8504266749951648, 'batch_size': 32}. Best is trial 18 with value: 123.6635513305664.
Trainer already configured with model summary callbacks: [<class 'lightning.pytorch.callbacks.rich_model_summary.RichModelSummary'>]. Skipping setting a default `ModelSummary` callback.
GPU available: False, used: False
TPU available: False, using: 0 TPU cores
IPU available: False, using: 0 IPUs
HPU available: False, using: 0 HPUs
`Trainer.fit` stopped: `max_epochs=20` reached.
[I 2024-11-12 12:50:32,921] Trial 24 finished with value: 118.60707092285156 and parameters: {'pretrain_epochs': 5, 'lr': 0.0005078250118444193, 'mc_samples_train': 1, 'prior_scale': 0.017689093703803675, 'q_scale': 0.00017534009393850637, 'obs_scale': 1.734621732715612, 'batch_size': 32}. Best is trial 24 with value: 118.60707092285156.
`Trainer.fit` stopped: `max_epochs=20` reached.
[I 2024-11-12 12:50:35,429] Trial 23 finished with value: 361.55706787109375 and parameters: {'pretrain_epochs': 5, 'lr': 0.0007344770731768281, 'mc_samples_train': 1, 'prior_scale': 0.03808194315067731, 'q_scale': 0.0007201390485813246, 'obs_scale': 0.4892292458746359, 'batch_size': 32}. Best is trial 22 with value: 122.61695098876953.
Trainer already configured with model summary callbacks: [<class 'lightning.pytorch.callbacks.rich_model_summary.RichModelSummary'>]. Skipping setting a default `ModelSummary` callback.
GPU available: False, used: False
TPU available: False, using: 0 TPU cores
IPU available: False, using: 0 IPUs
HPU available: False, using: 0 HPUs
Trainer already configured with model summary callbacks: [<class 'lightning.pytorch.callbacks.rich_model_summary.RichModelSummary'>]. Skipping setting a default `ModelSummary` callback.
GPU available: False, used: False
TPU available: False, using: 0 TPU cores
IPU available: False, using: 0 IPUs
HPU available: False, using: 0 HPUs
`Trainer.fit` stopped: `max_epochs=20` reached.
[I 2024-11-12 12:51:52,105] Trial 24 finished with value: 7900.18115234375 and parameters: {'pretrain_epochs': 5, 'lr': 0.00010473759024919465, 'mc_samples_train': 1, 'prior_scale': 0.01029638255484863, 'q_scale': 0.0004899117339827066, 'obs_scale': 1.3260630690996527, 'batch_size': 512}. Best is trial 22 with value: 122.61695098876953.
Trainer already configured with model summary callbacks: [<class 'lightning.pytorch.callbacks.rich_model_summary.RichModelSummary'>]. Skipping setting a default `ModelSummary` callback.
GPU available: False, used: False
TPU available: False, using: 0 TPU cores
IPU available: False, using: 0 IPUs
HPU available: False, using: 0 HPUs
`Trainer.fit` stopped: `max_epochs=20` reached.
[I 2024-11-12 12:52:41,093] Trial 19 finished with value: 434.5807189941406 and parameters: {'pretrain_epochs': 5, 'lr': 0.0007344770731768281, 'mc_samples_train': 1, 'prior_scale': 0.03808194315067731, 'q_scale': 0.0007201390485813246, 'obs_scale': 0.4892292458746359, 'batch_size': 32}. Best is trial 18 with value: 123.6635513305664.
Trainer already configured with model summary callbacks: [<class 'lightning.pytorch.callbacks.rich_model_summary.RichModelSummary'>]. Skipping setting a default `ModelSummary` callback.
GPU available: False, used: False
TPU available: False, using: 0 TPU cores
IPU available: False, using: 0 IPUs
HPU available: False, using: 0 HPUs
`Trainer.fit` stopped: `max_epochs=20` reached.
[I 2024-11-12 12:53:44,781] Trial 25 finished with value: 110.83985900878906 and parameters: {'pretrain_epochs': 5, 'lr': 0.0006334754320494706, 'mc_samples_train': 1, 'prior_scale': 0.020518524000069725, 'q_scale': 0.00016468961291807638, 'obs_scale': 1.433427433539067, 'batch_size': 32}. Best is trial 25 with value: 110.83985900878906.
`Trainer.fit` stopped: `max_epochs=20` reached.
[I 2024-11-12 12:53:58,784] Trial 20 finished with value: 7888.318359375 and parameters: {'pretrain_epochs': 5, 'lr': 0.00010473759024919465, 'mc_samples_train': 1, 'prior_scale': 0.01029638255484863, 'q_scale': 0.0004899117339827066, 'obs_scale': 1.3260630690996527, 'batch_size': 512}. Best is trial 18 with value: 123.6635513305664.
Trainer already configured with model summary callbacks: [<class 'lightning.pytorch.callbacks.rich_model_summary.RichModelSummary'>]. Skipping setting a default `ModelSummary` callback.
GPU available: False, used: False
TPU available: False, using: 0 TPU cores
IPU available: False, using: 0 IPUs
HPU available: False, using: 0 HPUs
Trainer already configured with model summary callbacks: [<class 'lightning.pytorch.callbacks.rich_model_summary.RichModelSummary'>]. Skipping setting a default `ModelSummary` callback.
GPU available: False, used: False
TPU available: False, using: 0 TPU cores
IPU available: False, using: 0 IPUs
HPU available: False, using: 0 HPUs
`Trainer.fit` stopped: `max_epochs=20` reached.
[I 2024-11-12 12:55:05,782] Trial 25 finished with value: 118.75624084472656 and parameters: {'pretrain_epochs': 5, 'lr': 0.0005078250118444193, 'mc_samples_train': 1, 'prior_scale': 0.017689093703803675, 'q_scale': 0.00017534009393850637, 'obs_scale': 1.734621732715612, 'batch_size': 32}. Best is trial 25 with value: 118.75624084472656.
Trainer already configured with model summary callbacks: [<class 'lightning.pytorch.callbacks.rich_model_summary.RichModelSummary'>]. Skipping setting a default `ModelSummary` callback.
GPU available: False, used: False
TPU available: False, using: 0 TPU cores
IPU available: False, using: 0 IPUs
HPU available: False, using: 0 HPUs
`Trainer.fit` stopped: `max_epochs=20` reached.
[I 2024-11-12 12:56:51,196] Trial 26 finished with value: 115.54386138916016 and parameters: {'pretrain_epochs': 5, 'lr': 0.0006341958390437968, 'mc_samples_train': 1, 'prior_scale': 0.01952282128030747, 'q_scale': 0.000284408040466142, 'obs_scale': 1.4052707352536922, 'batch_size': 32}. Best is trial 25 with value: 110.83985900878906.
`Trainer.fit` stopped: `max_epochs=20` reached.
[I 2024-11-12 12:57:17,635] Trial 21 finished with value: 118.95834350585938 and parameters: {'pretrain_epochs': 5, 'lr': 0.0005078250118444193, 'mc_samples_train': 1, 'prior_scale': 0.017689093703803675, 'q_scale': 0.00017534009393850637, 'obs_scale': 1.734621732715612, 'batch_size': 32}. Best is trial 21 with value: 118.95834350585938.
Trainer already configured with model summary callbacks: [<class 'lightning.pytorch.callbacks.rich_model_summary.RichModelSummary'>]. Skipping setting a default `ModelSummary` callback.
GPU available: False, used: False
TPU available: False, using: 0 TPU cores
IPU available: False, using: 0 IPUs
HPU available: False, using: 0 HPUs
Trainer already configured with model summary callbacks: [<class 'lightning.pytorch.callbacks.rich_model_summary.RichModelSummary'>]. Skipping setting a default `ModelSummary` callback.
GPU available: False, used: False
TPU available: False, using: 0 TPU cores
IPU available: False, using: 0 IPUs
HPU available: False, using: 0 HPUs
`Trainer.fit` stopped: `max_epochs=20` reached.
[I 2024-11-12 12:58:24,336] Trial 26 finished with value: 107.58234405517578 and parameters: {'pretrain_epochs': 5, 'lr': 0.0006334754320494706, 'mc_samples_train': 1, 'prior_scale': 0.020518524000069725, 'q_scale': 0.00016468961291807638, 'obs_scale': 1.433427433539067, 'batch_size': 32}. Best is trial 26 with value: 107.58234405517578.
Trainer already configured with model summary callbacks: [<class 'lightning.pytorch.callbacks.rich_model_summary.RichModelSummary'>]. Skipping setting a default `ModelSummary` callback.
GPU available: False, used: False
TPU available: False, using: 0 TPU cores
IPU available: False, using: 0 IPUs
HPU available: False, using: 0 HPUs
`Trainer.fit` stopped: `max_epochs=20` reached.
[I 2024-11-12 13:00:03,997] Trial 27 finished with value: 174.16006469726562 and parameters: {'pretrain_epochs': 5, 'lr': 0.0006088915830736917, 'mc_samples_train': 1, 'prior_scale': 0.02129168017980408, 'q_scale': 0.00018742805658142009, 'obs_scale': 0.9241226808999244, 'batch_size': 32}. Best is trial 25 with value: 110.83985900878906.
Trainer already configured with model summary callbacks: [<class 'lightning.pytorch.callbacks.rich_model_summary.RichModelSummary'>]. Skipping setting a default `ModelSummary` callback.
GPU available: False, used: False
TPU available: False, using: 0 TPU cores
IPU available: False, using: 0 IPUs
HPU available: False, using: 0 HPUs
`Trainer.fit` stopped: `max_epochs=20` reached.
[I 2024-11-12 13:00:40,435] Trial 22 finished with value: 112.47522735595703 and parameters: {'pretrain_epochs': 5, 'lr': 0.0006334754320494706, 'mc_samples_train': 1, 'prior_scale': 0.020518524000069725, 'q_scale': 0.00016468961291807638, 'obs_scale': 1.433427433539067, 'batch_size': 32}. Best is trial 22 with value: 112.47522735595703.
Trainer already configured with model summary callbacks: [<class 'lightning.pytorch.callbacks.rich_model_summary.RichModelSummary'>]. Skipping setting a default `ModelSummary` callback.
GPU available: False, used: False
TPU available: False, using: 0 TPU cores
IPU available: False, using: 0 IPUs
HPU available: False, using: 0 HPUs
`Trainer.fit` stopped: `max_epochs=20` reached.
[I 2024-11-12 13:01:30,178] Trial 28 finished with value: 441.50146484375 and parameters: {'pretrain_epochs': 5, 'lr': 0.0009893755800209887, 'mc_samples_train': 1, 'prior_scale': 0.034219793325451595, 'q_scale': 0.00031419051541782994, 'obs_scale': 1.3838491719339447, 'batch_size': 128}. Best is trial 25 with value: 110.83985900878906.
`Trainer.fit` stopped: `max_epochs=20` reached.
[I 2024-11-12 13:01:34,938] Trial 27 finished with value: 112.2493896484375 and parameters: {'pretrain_epochs': 5, 'lr': 0.0006341958390437968, 'mc_samples_train': 1, 'prior_scale': 0.01952282128030747, 'q_scale': 0.000284408040466142, 'obs_scale': 1.4052707352536922, 'batch_size': 32}. Best is trial 26 with value: 107.58234405517578.
Trainer already configured with model summary callbacks: [<class 'lightning.pytorch.callbacks.rich_model_summary.RichModelSummary'>]. Skipping setting a default `ModelSummary` callback.
GPU available: False, used: False
TPU available: False, using: 0 TPU cores
IPU available: False, using: 0 IPUs
HPU available: False, using: 0 HPUs
Trainer already configured with model summary callbacks: [<class 'lightning.pytorch.callbacks.rich_model_summary.RichModelSummary'>]. Skipping setting a default `ModelSummary` callback.
GPU available: False, used: False
TPU available: False, using: 0 TPU cores
IPU available: False, using: 0 IPUs
HPU available: False, using: 0 HPUs
`Trainer.fit` stopped: `max_epochs=20` reached.
[I 2024-11-12 13:04:03,798] Trial 23 finished with value: 113.75796508789062 and parameters: {'pretrain_epochs': 5, 'lr': 0.0006341958390437968, 'mc_samples_train': 1, 'prior_scale': 0.01952282128030747, 'q_scale': 0.000284408040466142, 'obs_scale': 1.4052707352536922, 'batch_size': 32}. Best is trial 22 with value: 112.47522735595703.
Trainer already configured with model summary callbacks: [<class 'lightning.pytorch.callbacks.rich_model_summary.RichModelSummary'>]. Skipping setting a default `ModelSummary` callback.
GPU available: False, used: False
TPU available: False, using: 0 TPU cores
IPU available: False, using: 0 IPUs
HPU available: False, using: 0 HPUs
`Trainer.fit` stopped: `max_epochs=20` reached.
[I 2024-11-12 13:04:40,366] Trial 28 finished with value: 174.0784149169922 and parameters: {'pretrain_epochs': 5, 'lr': 0.0006088915830736917, 'mc_samples_train': 1, 'prior_scale': 0.02129168017980408, 'q_scale': 0.00018742805658142009, 'obs_scale': 0.9241226808999244, 'batch_size': 32}. Best is trial 26 with value: 107.58234405517578.
Trainer already configured with model summary callbacks: [<class 'lightning.pytorch.callbacks.rich_model_summary.RichModelSummary'>]. Skipping setting a default `ModelSummary` callback.
GPU available: False, used: False
TPU available: False, using: 0 TPU cores
IPU available: False, using: 0 IPUs
HPU available: False, using: 0 HPUs
`Trainer.fit` stopped: `max_epochs=20` reached.
[I 2024-11-12 13:05:29,999] Trial 29 finished with value: 220.79324340820312 and parameters: {'pretrain_epochs': 0, 'lr': 0.0002178416264960444, 'mc_samples_train': 2, 'prior_scale': 0.020009789513508996, 'q_scale': 0.00016654910760510486, 'obs_scale': 1.5033076126516498, 'batch_size': 32}. Best is trial 25 with value: 110.83985900878906.
Trainer already configured with model summary callbacks: [<class 'lightning.pytorch.callbacks.rich_model_summary.RichModelSummary'>]. Skipping setting a default `ModelSummary` callback.
GPU available: False, used: False
TPU available: False, using: 0 TPU cores
IPU available: False, using: 0 IPUs
HPU available: False, using: 0 HPUs
`Trainer.fit` stopped: `max_epochs=20` reached.
[I 2024-11-12 13:06:09,993] Trial 29 finished with value: 441.3690490722656 and parameters: {'pretrain_epochs': 5, 'lr': 0.0009893755800209887, 'mc_samples_train': 1, 'prior_scale': 0.034219793325451595, 'q_scale': 0.00031419051541782994, 'obs_scale': 1.3838491719339447, 'batch_size': 128}. Best is trial 26 with value: 107.58234405517578.
Trainer already configured with model summary callbacks: [<class 'lightning.pytorch.callbacks.rich_model_summary.RichModelSummary'>]. Skipping setting a default `ModelSummary` callback.
GPU available: False, used: False
TPU available: False, using: 0 TPU cores
IPU available: False, using: 0 IPUs
HPU available: False, using: 0 HPUs
`Trainer.fit` stopped: `max_epochs=20` reached.
[I 2024-11-12 13:07:26,837] Trial 24 finished with value: 172.88909912109375 and parameters: {'pretrain_epochs': 5, 'lr': 0.0006088915830736917, 'mc_samples_train': 1, 'prior_scale': 0.02129168017980408, 'q_scale': 0.00018742805658142009, 'obs_scale': 0.9241226808999244, 'batch_size': 32}. Best is trial 22 with value: 112.47522735595703.
Trainer already configured with model summary callbacks: [<class 'lightning.pytorch.callbacks.rich_model_summary.RichModelSummary'>]. Skipping setting a default `ModelSummary` callback.
GPU available: False, used: False
TPU available: False, using: 0 TPU cores
IPU available: False, using: 0 IPUs
HPU available: False, using: 0 HPUs
`Trainer.fit` stopped: `max_epochs=20` reached.
[I 2024-11-12 13:08:52,941] Trial 30 finished with value: 162.3411865234375 and parameters: {'pretrain_epochs': 5, 'lr': 0.00032367871312388637, 'mc_samples_train': 1, 'prior_scale': 0.05062427384768159, 'q_scale': 0.0002881755940651898, 'obs_scale': 1.073557852264059, 'batch_size': 32}. Best is trial 25 with value: 110.83985900878906.
Trainer already configured with model summary callbacks: [<class 'lightning.pytorch.callbacks.rich_model_summary.RichModelSummary'>]. Skipping setting a default `ModelSummary` callback.
GPU available: False, used: False
TPU available: False, using: 0 TPU cores
IPU available: False, using: 0 IPUs
HPU available: False, using: 0 HPUs
`Trainer.fit` stopped: `max_epochs=20` reached.
[I 2024-11-12 13:09:35,763] Trial 25 finished with value: 415.2186279296875 and parameters: {'pretrain_epochs': 5, 'lr': 0.0009893755800209887, 'mc_samples_train': 1, 'prior_scale': 0.034219793325451595, 'q_scale': 0.00031419051541782994, 'obs_scale': 1.3838491719339447, 'batch_size': 128}. Best is trial 22 with value: 112.47522735595703.
Trainer already configured with model summary callbacks: [<class 'lightning.pytorch.callbacks.rich_model_summary.RichModelSummary'>]. Skipping setting a default `ModelSummary` callback.
GPU available: False, used: False
TPU available: False, using: 0 TPU cores
IPU available: False, using: 0 IPUs
HPU available: False, using: 0 HPUs
`Trainer.fit` stopped: `max_epochs=20` reached.
[I 2024-11-12 13:10:51,284] Trial 30 finished with value: 220.53880310058594 and parameters: {'pretrain_epochs': 0, 'lr': 0.0002178416264960444, 'mc_samples_train': 2, 'prior_scale': 0.020009789513508996, 'q_scale': 0.00016654910760510486, 'obs_scale': 1.5033076126516498, 'batch_size': 32}. Best is trial 26 with value: 107.58234405517578.
Trainer already configured with model summary callbacks: [<class 'lightning.pytorch.callbacks.rich_model_summary.RichModelSummary'>]. Skipping setting a default `ModelSummary` callback.
GPU available: False, used: False
TPU available: False, using: 0 TPU cores
IPU available: False, using: 0 IPUs
HPU available: False, using: 0 HPUs
`Trainer.fit` stopped: `max_epochs=20` reached.
