[I 2024-11-12 12:13:35,938] Trial 6 finished with value: 16884.923828125 and parameters: {'pretrain_epochs': 5, 'lr': 7.478015213333154e-05, 'mc_samples_train': 2, 'prior_scale': 0.1156399334005538, 'q_scale': 0.002582231235363856, 'obs_scale': 0.15665279892931577, 'batch_size': 64}. Best is trial 0 with value: 294.71978759765625.
Trainer already configured with model summary callbacks: [<class 'lightning.pytorch.callbacks.rich_model_summary.RichModelSummary'>]. Skipping setting a default `ModelSummary` callback.
GPU available: False, used: False
TPU available: False, using: 0 TPU cores
IPU available: False, using: 0 IPUs
HPU available: False, using: 0 HPUs
Trainer already configured with model summary callbacks: [<class 'lightning.pytorch.callbacks.rich_model_summary.RichModelSummary'>]. Skipping setting a default `ModelSummary` callback.
GPU available: False, used: False
TPU available: False, using: 0 TPU cores
IPU available: False, using: 0 IPUs
HPU available: False, using: 0 HPUs
Trainer already configured with model summary callbacks: [<class 'lightning.pytorch.callbacks.rich_model_summary.RichModelSummary'>]. Skipping setting a default `ModelSummary` callback.
GPU available: False, used: False
TPU available: False, using: 0 TPU cores
IPU available: False, using: 0 IPUs
HPU available: False, using: 0 HPUs
`Trainer.fit` stopped: `max_epochs=20` reached.
`Trainer.fit` stopped: `max_epochs=20` reached.
[I 2024-11-12 12:15:11,251] Trial 11 finished with value: 154240.9375 and parameters: {'pretrain_epochs': 0, 'lr': 0.0007995719083844353, 'mc_samples_train': 2, 'prior_scale': 0.0816845546830656, 'q_scale': 0.004349147472454846, 'obs_scale': 0.11866131541331688, 'batch_size': 256}. Best is trial 4 with value: 294.4749450683594.
[I 2024-11-12 12:15:11,255] Trial 11 finished with value: 503503.28125 and parameters: {'pretrain_epochs': 0, 'lr': 1.1462886732717548e-05, 'mc_samples_train': 1, 'prior_scale': 0.4124747947662307, 'q_scale': 0.00044814115470497614, 'obs_scale': 0.17860915820030454, 'batch_size': 64}. Best is trial 3 with value: 293.97314453125.
[I 2024-11-12 12:15:46,800] Trial 7 pruned. Trial was pruned at epoch 19.
Trainer already configured with model summary callbacks: [<class 'lightning.pytorch.callbacks.rich_model_summary.RichModelSummary'>]. Skipping setting a default `ModelSummary` callback.
GPU available: False, used: False
TPU available: False, using: 0 TPU cores
IPU available: False, using: 0 IPUs
HPU available: False, using: 0 HPUs
Trainer already configured with model summary callbacks: [<class 'lightning.pytorch.callbacks.rich_model_summary.RichModelSummary'>]. Skipping setting a default `ModelSummary` callback.
GPU available: False, used: False
TPU available: False, using: 0 TPU cores
IPU available: False, using: 0 IPUs
HPU available: False, using: 0 HPUs
Trainer already configured with model summary callbacks: [<class 'lightning.pytorch.callbacks.rich_model_summary.RichModelSummary'>]. Skipping setting a default `ModelSummary` callback.
GPU available: False, used: False
TPU available: False, using: 0 TPU cores
IPU available: False, using: 0 IPUs
HPU available: False, using: 0 HPUs
`Trainer.fit` stopped: `max_epochs=20` reached.
[I 2024-11-12 12:17:01,311] Trial 12 finished with value: 15206.3798828125 and parameters: {'pretrain_epochs': 5, 'lr': 0.0002588548618299899, 'mc_samples_train': 2, 'prior_scale': 0.21075404848706095, 'q_scale': 0.0015787361777166986, 'obs_scale': 0.23920082660450653, 'batch_size': 128}. Best is trial 3 with value: 293.97314453125.
`Trainer.fit` stopped: `max_epochs=20` reached.
[I 2024-11-12 12:17:28,406] Trial 12 finished with value: 503617.625 and parameters: {'pretrain_epochs': 0, 'lr': 1.1462886732717548e-05, 'mc_samples_train': 1, 'prior_scale': 0.4124747947662307, 'q_scale': 0.00044814115470497614, 'obs_scale': 0.17860915820030454, 'batch_size': 64}. Best is trial 4 with value: 294.4749450683594.
Trainer already configured with model summary callbacks: [<class 'lightning.pytorch.callbacks.rich_model_summary.RichModelSummary'>]. Skipping setting a default `ModelSummary` callback.
GPU available: False, used: False
TPU available: False, using: 0 TPU cores
IPU available: False, using: 0 IPUs
HPU available: False, using: 0 HPUs
`Trainer.fit` stopped: `max_epochs=20` reached.
[I 2024-11-12 12:17:55,950] Trial 8 finished with value: 503542.0625 and parameters: {'pretrain_epochs': 0, 'lr': 1.1462886732717548e-05, 'mc_samples_train': 1, 'prior_scale': 0.4124747947662307, 'q_scale': 0.00044814115470497614, 'obs_scale': 0.17860915820030454, 'batch_size': 64}. Best is trial 0 with value: 294.71978759765625.
Trainer already configured with model summary callbacks: [<class 'lightning.pytorch.callbacks.rich_model_summary.RichModelSummary'>]. Skipping setting a default `ModelSummary` callback.
GPU available: False, used: False
TPU available: False, using: 0 TPU cores
IPU available: False, using: 0 IPUs
HPU available: False, using: 0 HPUs
Trainer already configured with model summary callbacks: [<class 'lightning.pytorch.callbacks.rich_model_summary.RichModelSummary'>]. Skipping setting a default `ModelSummary` callback.
GPU available: False, used: False
TPU available: False, using: 0 TPU cores
IPU available: False, using: 0 IPUs
HPU available: False, using: 0 HPUs
`Trainer.fit` stopped: `max_epochs=20` reached.
[I 2024-11-12 12:19:24,901] Trial 13 finished with value: 15422.84765625 and parameters: {'pretrain_epochs': 5, 'lr': 0.0002588548618299899, 'mc_samples_train': 2, 'prior_scale': 0.21075404848706095, 'q_scale': 0.0015787361777166986, 'obs_scale': 0.23920082660450653, 'batch_size': 128}. Best is trial 4 with value: 294.4749450683594.
Trainer already configured with model summary callbacks: [<class 'lightning.pytorch.callbacks.rich_model_summary.RichModelSummary'>]. Skipping setting a default `ModelSummary` callback.
GPU available: False, used: False
TPU available: False, using: 0 TPU cores
IPU available: False, using: 0 IPUs
HPU available: False, using: 0 HPUs
`Trainer.fit` stopped: `max_epochs=20` reached.
[I 2024-11-12 12:20:13,377] Trial 13 finished with value: 151.1455078125 and parameters: {'pretrain_epochs': 5, 'lr': 0.00028711032739869613, 'mc_samples_train': 1, 'prior_scale': 0.014937976642598423, 'q_scale': 0.00010532753257812993, 'obs_scale': 1.7109716370480204, 'batch_size': 32}. Best is trial 13 with value: 151.1455078125.
`Trainer.fit` stopped: `max_epochs=20` reached.
[I 2024-11-12 12:20:26,725] Trial 9 finished with value: 15162.7587890625 and parameters: {'pretrain_epochs': 5, 'lr': 0.0002588548618299899, 'mc_samples_train': 2, 'prior_scale': 0.21075404848706095, 'q_scale': 0.0015787361777166986, 'obs_scale': 0.23920082660450653, 'batch_size': 128}. Best is trial 0 with value: 294.71978759765625.
Trainer already configured with model summary callbacks: [<class 'lightning.pytorch.callbacks.rich_model_summary.RichModelSummary'>]. Skipping setting a default `ModelSummary` callback.
GPU available: False, used: False
TPU available: False, using: 0 TPU cores
IPU available: False, using: 0 IPUs
HPU available: False, using: 0 HPUs
Trainer already configured with model summary callbacks: [<class 'lightning.pytorch.callbacks.rich_model_summary.RichModelSummary'>]. Skipping setting a default `ModelSummary` callback.
GPU available: False, used: False
TPU available: False, using: 0 TPU cores
IPU available: False, using: 0 IPUs
HPU available: False, using: 0 HPUs
`Trainer.fit` stopped: `max_epochs=20` reached.
[I 2024-11-12 12:22:42,556] Trial 14 finished with value: 150.74993896484375 and parameters: {'pretrain_epochs': 5, 'lr': 0.00028711032739869613, 'mc_samples_train': 1, 'prior_scale': 0.014937976642598423, 'q_scale': 0.00010532753257812993, 'obs_scale': 1.7109716370480204, 'batch_size': 32}. Best is trial 14 with value: 150.74993896484375.
`Trainer.fit` stopped: `max_epochs=20` reached.
[I 2024-11-12 12:23:10,817] Trial 14 finished with value: 136.45831298828125 and parameters: {'pretrain_epochs': 5, 'lr': 0.0003871157455553778, 'mc_samples_train': 1, 'prior_scale': 0.014489987071262374, 'q_scale': 0.00010860093339103685, 'obs_scale': 1.9746524398983547, 'batch_size': 32}. Best is trial 14 with value: 136.45831298828125.
Trainer already configured with model summary callbacks: [<class 'lightning.pytorch.callbacks.rich_model_summary.RichModelSummary'>]. Skipping setting a default `ModelSummary` callback.
GPU available: False, used: False
TPU available: False, using: 0 TPU cores
IPU available: False, using: 0 IPUs
HPU available: False, using: 0 HPUs
Trainer already configured with model summary callbacks: [<class 'lightning.pytorch.callbacks.rich_model_summary.RichModelSummary'>]. Skipping setting a default `ModelSummary` callback.
GPU available: False, used: False
TPU available: False, using: 0 TPU cores
IPU available: False, using: 0 IPUs
HPU available: False, using: 0 HPUs
`Trainer.fit` stopped: `max_epochs=20` reached.
[I 2024-11-12 12:23:45,118] Trial 10 finished with value: 150.84634399414062 and parameters: {'pretrain_epochs': 5, 'lr': 0.00028711032739869613, 'mc_samples_train': 1, 'prior_scale': 0.014937976642598423, 'q_scale': 0.00010532753257812993, 'obs_scale': 1.7109716370480204, 'batch_size': 32}. Best is trial 10 with value: 150.84634399414062.
Trainer already configured with model summary callbacks: [<class 'lightning.pytorch.callbacks.rich_model_summary.RichModelSummary'>]. Skipping setting a default `ModelSummary` callback.
GPU available: False, used: False
TPU available: False, using: 0 TPU cores
IPU available: False, using: 0 IPUs
HPU available: False, using: 0 HPUs
`Trainer.fit` stopped: `max_epochs=20` reached.
[I 2024-11-12 12:26:10,361] Trial 15 finished with value: 136.1005401611328 and parameters: {'pretrain_epochs': 5, 'lr': 0.0003871157455553778, 'mc_samples_train': 1, 'prior_scale': 0.014489987071262374, 'q_scale': 0.00010860093339103685, 'obs_scale': 1.9746524398983547, 'batch_size': 32}. Best is trial 15 with value: 136.1005401611328.
`Trainer.fit` stopped: `max_epochs=20` reached.
[I 2024-11-12 12:26:25,622] Trial 15 finished with value: 136.26441955566406 and parameters: {'pretrain_epochs': 5, 'lr': 0.0003796759473565572, 'mc_samples_train': 1, 'prior_scale': 0.014959205297763659, 'q_scale': 0.00010181693721223134, 'obs_scale': 1.9328425480641904, 'batch_size': 32}. Best is trial 15 with value: 136.26441955566406.
Trainer already configured with model summary callbacks: [<class 'lightning.pytorch.callbacks.rich_model_summary.RichModelSummary'>]. Skipping setting a default `ModelSummary` callback.
GPU available: False, used: False
TPU available: False, using: 0 TPU cores
IPU available: False, using: 0 IPUs
HPU available: False, using: 0 HPUs
Trainer already configured with model summary callbacks: [<class 'lightning.pytorch.callbacks.rich_model_summary.RichModelSummary'>]. Skipping setting a default `ModelSummary` callback.
GPU available: False, used: False
TPU available: False, using: 0 TPU cores
IPU available: False, using: 0 IPUs
HPU available: False, using: 0 HPUs
`Trainer.fit` stopped: `max_epochs=20` reached.
[I 2024-11-12 12:27:11,421] Trial 11 finished with value: 136.24847412109375 and parameters: {'pretrain_epochs': 5, 'lr': 0.0003871157455553778, 'mc_samples_train': 1, 'prior_scale': 0.014489987071262374, 'q_scale': 0.00010860093339103685, 'obs_scale': 1.9746524398983547, 'batch_size': 32}. Best is trial 11 with value: 136.24847412109375.
Trainer already configured with model summary callbacks: [<class 'lightning.pytorch.callbacks.rich_model_summary.RichModelSummary'>]. Skipping setting a default `ModelSummary` callback.
GPU available: False, used: False
TPU available: False, using: 0 TPU cores
IPU available: False, using: 0 IPUs
HPU available: False, using: 0 HPUs
`Trainer.fit` stopped: `max_epochs=20` reached.
[I 2024-11-12 12:29:21,642] Trial 16 finished with value: 135.87335205078125 and parameters: {'pretrain_epochs': 5, 'lr': 0.0003796759473565572, 'mc_samples_train': 1, 'prior_scale': 0.014959205297763659, 'q_scale': 0.00010181693721223134, 'obs_scale': 1.9328425480641904, 'batch_size': 32}. Best is trial 16 with value: 135.87335205078125.
`Trainer.fit` stopped: `max_epochs=20` reached.
[I 2024-11-12 12:29:39,260] Trial 16 finished with value: 149.48748779296875 and parameters: {'pretrain_epochs': 5, 'lr': 0.0004805364291548028, 'mc_samples_train': 1, 'prior_scale': 0.010482874946722998, 'q_scale': 0.00010532990129819251, 'obs_scale': 1.8557399609740814, 'batch_size': 32}. Best is trial 15 with value: 136.26441955566406.
Trainer already configured with model summary callbacks: [<class 'lightning.pytorch.callbacks.rich_model_summary.RichModelSummary'>]. Skipping setting a default `ModelSummary` callback.
GPU available: False, used: False
TPU available: False, using: 0 TPU cores
IPU available: False, using: 0 IPUs
HPU available: False, using: 0 HPUs
Trainer already configured with model summary callbacks: [<class 'lightning.pytorch.callbacks.rich_model_summary.RichModelSummary'>]. Skipping setting a default `ModelSummary` callback.
GPU available: False, used: False
TPU available: False, using: 0 TPU cores
IPU available: False, using: 0 IPUs
HPU available: False, using: 0 HPUs
`Trainer.fit` stopped: `max_epochs=20` reached.
[I 2024-11-12 12:30:30,019] Trial 12 finished with value: 135.93768310546875 and parameters: {'pretrain_epochs': 5, 'lr': 0.0003796759473565572, 'mc_samples_train': 1, 'prior_scale': 0.014959205297763659, 'q_scale': 0.00010181693721223134, 'obs_scale': 1.9328425480641904, 'batch_size': 32}. Best is trial 12 with value: 135.93768310546875.
Trainer already configured with model summary callbacks: [<class 'lightning.pytorch.callbacks.rich_model_summary.RichModelSummary'>]. Skipping setting a default `ModelSummary` callback.
GPU available: False, used: False
TPU available: False, using: 0 TPU cores
IPU available: False, using: 0 IPUs
HPU available: False, using: 0 HPUs
`Trainer.fit` stopped: `max_epochs=20` reached.
[I 2024-11-12 12:32:33,757] Trial 17 finished with value: 149.21310424804688 and parameters: {'pretrain_epochs': 5, 'lr': 0.0004805364291548028, 'mc_samples_train': 1, 'prior_scale': 0.010482874946722998, 'q_scale': 0.00010532990129819251, 'obs_scale': 1.8557399609740814, 'batch_size': 32}. Best is trial 16 with value: 135.87335205078125.
`Trainer.fit` stopped: `max_epochs=20` reached.
[I 2024-11-12 12:32:43,950] Trial 17 finished with value: 206.73667907714844 and parameters: {'pretrain_epochs': 5, 'lr': 0.00042697878418142905, 'mc_samples_train': 1, 'prior_scale': 0.025598098635809526, 'q_scale': 0.00025604133934126406, 'obs_scale': 0.8078049424337922, 'batch_size': 32}. Best is trial 15 with value: 136.26441955566406.
Trainer already configured with model summary callbacks: [<class 'lightning.pytorch.callbacks.rich_model_summary.RichModelSummary'>]. Skipping setting a default `ModelSummary` callback.
GPU available: False, used: False
TPU available: False, using: 0 TPU cores
IPU available: False, using: 0 IPUs
HPU available: False, using: 0 HPUs
Trainer already configured with model summary callbacks: [<class 'lightning.pytorch.callbacks.rich_model_summary.RichModelSummary'>]. Skipping setting a default `ModelSummary` callback.
GPU available: False, used: False
TPU available: False, using: 0 TPU cores
IPU available: False, using: 0 IPUs
HPU available: False, using: 0 HPUs
`Trainer.fit` stopped: `max_epochs=20` reached.
[I 2024-11-12 12:33:51,493] Trial 13 finished with value: 149.35801696777344 and parameters: {'pretrain_epochs': 5, 'lr': 0.0004805364291548028, 'mc_samples_train': 1, 'prior_scale': 0.010482874946722998, 'q_scale': 0.00010532990129819251, 'obs_scale': 1.8557399609740814, 'batch_size': 32}. Best is trial 12 with value: 135.93768310546875.
Trainer already configured with model summary callbacks: [<class 'lightning.pytorch.callbacks.rich_model_summary.RichModelSummary'>]. Skipping setting a default `ModelSummary` callback.
GPU available: False, used: False
TPU available: False, using: 0 TPU cores
IPU available: False, using: 0 IPUs
HPU available: False, using: 0 HPUs
`Trainer.fit` stopped: `max_epochs=20` reached.
[I 2024-11-12 12:35:44,102] Trial 18 finished with value: 239.4940643310547 and parameters: {'pretrain_epochs': 5, 'lr': 0.0005138228537466867, 'mc_samples_train': 1, 'prior_scale': 0.027024810916201885, 'q_scale': 0.0001712476201149009, 'obs_scale': 0.7052783036429959, 'batch_size': 32}. Best is trial 15 with value: 136.26441955566406.
`Trainer.fit` stopped: `max_epochs=20` reached.
[I 2024-11-12 12:35:48,782] Trial 18 finished with value: 204.16836547851562 and parameters: {'pretrain_epochs': 5, 'lr': 0.00042697878418142905, 'mc_samples_train': 1, 'prior_scale': 0.025598098635809526, 'q_scale': 0.00025604133934126406, 'obs_scale': 0.8078049424337922, 'batch_size': 32}. Best is trial 16 with value: 135.87335205078125.
Trainer already configured with model summary callbacks: [<class 'lightning.pytorch.callbacks.rich_model_summary.RichModelSummary'>]. Skipping setting a default `ModelSummary` callback.
Trainer already configured with model summary callbacks: [<class 'lightning.pytorch.callbacks.rich_model_summary.RichModelSummary'>]. Skipping setting a default `ModelSummary` callback.
GPU available: False, used: False
TPU available: False, using: 0 TPU cores
IPU available: False, using: 0 IPUs
HPU available: False, using: 0 HPUs
GPU available: False, used: False
TPU available: False, using: 0 TPU cores
IPU available: False, using: 0 IPUs
HPU available: False, using: 0 HPUs
`Trainer.fit` stopped: `max_epochs=20` reached.
[I 2024-11-12 12:36:58,480] Trial 19 finished with value: 5072.84765625 and parameters: {'pretrain_epochs': 5, 'lr': 0.0001858988439599671, 'mc_samples_train': 1, 'prior_scale': 0.01723481155469655, 'q_scale': 0.0006897331189673997, 'obs_scale': 1.3052345342320926, 'batch_size': 512}. Best is trial 15 with value: 136.26441955566406.
`Trainer.fit` stopped: `max_epochs=20` reached.
[I 2024-11-12 12:37:27,309] Trial 14 finished with value: 204.2287139892578 and parameters: {'pretrain_epochs': 5, 'lr': 0.00042697878418142905, 'mc_samples_train': 1, 'prior_scale': 0.025598098635809526, 'q_scale': 0.00025604133934126406, 'obs_scale': 0.8078049424337922, 'batch_size': 32}. Best is trial 12 with value: 135.93768310546875.
Trainer already configured with model summary callbacks: [<class 'lightning.pytorch.callbacks.rich_model_summary.RichModelSummary'>]. Skipping setting a default `ModelSummary` callback.
GPU available: False, used: False
TPU available: False, using: 0 TPU cores
IPU available: False, using: 0 IPUs
HPU available: False, using: 0 HPUs
Trainer already configured with model summary callbacks: [<class 'lightning.pytorch.callbacks.rich_model_summary.RichModelSummary'>]. Skipping setting a default `ModelSummary` callback.
GPU available: False, used: False
TPU available: False, using: 0 TPU cores
IPU available: False, using: 0 IPUs
HPU available: False, using: 0 HPUs
`Trainer.fit` stopped: `max_epochs=20` reached.
[I 2024-11-12 12:39:11,317] Trial 19 finished with value: 237.14324951171875 and parameters: {'pretrain_epochs': 5, 'lr': 0.0005138228537466867, 'mc_samples_train': 1, 'prior_scale': 0.027024810916201885, 'q_scale': 0.0001712476201149009, 'obs_scale': 0.7052783036429959, 'batch_size': 32}. Best is trial 16 with value: 135.87335205078125.
Trainer already configured with model summary callbacks: [<class 'lightning.pytorch.callbacks.rich_model_summary.RichModelSummary'>]. Skipping setting a default `ModelSummary` callback.
GPU available: False, used: False
TPU available: False, using: 0 TPU cores
IPU available: False, using: 0 IPUs
HPU available: False, using: 0 HPUs
`Trainer.fit` stopped: `max_epochs=20` reached.
[I 2024-11-12 12:40:01,392] Trial 20 finished with value: 528.700927734375 and parameters: {'pretrain_epochs': 5, 'lr': 0.00029493452670697866, 'mc_samples_train': 1, 'prior_scale': 0.04983164005349259, 'q_scale': 0.00021683415691757426, 'obs_scale': 0.6301916365616733, 'batch_size': 32}. Best is trial 15 with value: 136.26441955566406.
`Trainer.fit` stopped: `max_epochs=20` reached.
[I 2024-11-12 12:40:30,607] Trial 20 finished with value: 5088.93798828125 and parameters: {'pretrain_epochs': 5, 'lr': 0.0001858988439599671, 'mc_samples_train': 1, 'prior_scale': 0.01723481155469655, 'q_scale': 0.0006897331189673997, 'obs_scale': 1.3052345342320926, 'batch_size': 512}. Best is trial 16 with value: 135.87335205078125.
Trainer already configured with model summary callbacks: [<class 'lightning.pytorch.callbacks.rich_model_summary.RichModelSummary'>]. Skipping setting a default `ModelSummary` callback.
GPU available: False, used: False
TPU available: False, using: 0 TPU cores
IPU available: False, using: 0 IPUs
HPU available: False, using: 0 HPUs
`Trainer.fit` stopped: `max_epochs=20` reached.
[I 2024-11-12 12:40:52,582] Trial 15 finished with value: 241.64505004882812 and parameters: {'pretrain_epochs': 5, 'lr': 0.0005138228537466867, 'mc_samples_train': 1, 'prior_scale': 0.027024810916201885, 'q_scale': 0.0001712476201149009, 'obs_scale': 0.7052783036429959, 'batch_size': 32}. Best is trial 12 with value: 135.93768310546875.
Trainer already configured with model summary callbacks: [<class 'lightning.pytorch.callbacks.rich_model_summary.RichModelSummary'>]. Skipping setting a default `ModelSummary` callback.
GPU available: False, used: False
TPU available: False, using: 0 TPU cores
IPU available: False, using: 0 IPUs
HPU available: False, using: 0 HPUs
Trainer already configured with model summary callbacks: [<class 'lightning.pytorch.callbacks.rich_model_summary.RichModelSummary'>]. Skipping setting a default `ModelSummary` callback.
GPU available: False, used: False
TPU available: False, using: 0 TPU cores
IPU available: False, using: 0 IPUs
HPU available: False, using: 0 HPUs
`Trainer.fit` stopped: `max_epochs=20` reached.
