[I 2025-01-21 17:43:54,073] Trial 59 finished with value: 137.4207000732422 and parameters: {'pretrain_epochs': 0, 'lr': 2.4436639610442546e-05, 'mc_samples_train': 1, 'prior_scale': 0.17400472691798033, 'q_scale': 0.000115688565009499, 'batch_size': 32}. Best is trial 43 with value: 5.994940280914307.
/home/g15farris/.conda/envs/bnn/lib/python3.12/site-packages/hydra/_internal/instantiate/_instantiate2.py:92: ExperimentalWarning: PatientPruner is experimental (supported from v2.8.0). The interface can change in the future.
  return _target_(*args, **kwargs)
[I 2025-01-22 11:27:59,202] A new study created in RDB with name: bnn_fo
Trainer already configured with model summary callbacks: [<class 'lightning.pytorch.callbacks.rich_model_summary.RichModelSummary'>]. Skipping setting a default `ModelSummary` callback.
GPU available: False, used: False
TPU available: False, using: 0 TPU cores
IPU available: False, using: 0 IPUs
HPU available: False, using: 0 HPUs
/home/g15farris/.conda/envs/bnn/lib/python3.12/site-packages/lightning/pytorch/core/optimizer.py:181: `LightningModule.configure_optimizers` returned `None`, this fit will run with no optimizer
/home/g15farris/.conda/envs/bnn/lib/python3.12/site-packages/lightning/pytorch/loops/fit_loop.py:298: The number of training batches (2) is smaller than the logging interval Trainer(log_every_n_steps=50). Set a lower value for log_every_n_steps if you want to see logs for the training epoch.
/home/g15farris/.conda/envs/bnn/lib/python3.12/site-packages/tyxe/likelihoods.py:203: UserWarning: var(): degrees of freedom is <= 0. Correction should be strictly less than the reduction factor (input numel divided by output numel). (Triggered internally at ../aten/src/ATen/native/ReduceOps.cpp:1807.)
  agg_scale = precision.reciprocal().mean(dim).add(loc.var(dim)).sqrt()
/home/g15farris/.conda/envs/bnn/lib/python3.12/site-packages/lightning/pytorch/loops/optimization/automatic.py:132: `training_step` returned `None`. If this was on purpose, ignore this warning...
`Trainer.fit` stopped: `max_epochs=20` reached.
[I 2025-01-22 11:28:24,313] Trial 0 finished with value: 77144144.0 and parameters: {'pretrain_epochs': 0, 'lr': 2.4156772025296228e-05, 'mc_samples_train': 1, 'prior_scale': 0.21592388039429916, 'q_scale': 0.0036303760732131728, 'batch_size': 256}. Best is trial 0 with value: 77144144.0.
Trainer already configured with model summary callbacks: [<class 'lightning.pytorch.callbacks.rich_model_summary.RichModelSummary'>]. Skipping setting a default `ModelSummary` callback.
GPU available: False, used: False
TPU available: False, using: 0 TPU cores
IPU available: False, using: 0 IPUs
HPU available: False, using: 0 HPUs
/home/g15farris/.conda/envs/bnn/lib/python3.12/site-packages/lightning/pytorch/loops/fit_loop.py:298: The number of training batches (1) is smaller than the logging interval Trainer(log_every_n_steps=50). Set a lower value for log_every_n_steps if you want to see logs for the training epoch.
`Trainer.fit` stopped: `max_epochs=20` reached.
[I 2025-01-22 11:28:48,456] Trial 1 finished with value: 27316.11328125 and parameters: {'pretrain_epochs': 0, 'lr': 5.195586024325663e-05, 'mc_samples_train': 2, 'prior_scale': 0.16250224524496343, 'q_scale': 0.0005501758328845987, 'batch_size': 512}. Best is trial 1 with value: 27316.11328125.
Trainer already configured with model summary callbacks: [<class 'lightning.pytorch.callbacks.rich_model_summary.RichModelSummary'>]. Skipping setting a default `ModelSummary` callback.
GPU available: False, used: False
TPU available: False, using: 0 TPU cores
IPU available: False, using: 0 IPUs
HPU available: False, using: 0 HPUs
/home/g15farris/.conda/envs/bnn/lib/python3.12/site-packages/lightning/pytorch/loops/fit_loop.py:298: The number of training batches (3) is smaller than the logging interval Trainer(log_every_n_steps=50). Set a lower value for log_every_n_steps if you want to see logs for the training epoch.
`Trainer.fit` stopped: `max_epochs=20` reached.
[I 2025-01-22 11:29:15,827] Trial 2 finished with value: 38390.50390625 and parameters: {'pretrain_epochs': 0, 'lr': 5.367498945698204e-05, 'mc_samples_train': 1, 'prior_scale': 0.04232733477101895, 'q_scale': 0.0073498792462323385, 'batch_size': 128}. Best is trial 1 with value: 27316.11328125.
Trainer already configured with model summary callbacks: [<class 'lightning.pytorch.callbacks.rich_model_summary.RichModelSummary'>]. Skipping setting a default `ModelSummary` callback.
GPU available: False, used: False
TPU available: False, using: 0 TPU cores
IPU available: False, using: 0 IPUs
HPU available: False, using: 0 HPUs
`Trainer.fit` stopped: `max_epochs=20` reached.
[I 2025-01-22 11:29:48,341] Trial 3 finished with value: 11951.4296875 and parameters: {'pretrain_epochs': 0, 'lr': 0.0005473369642905611, 'mc_samples_train': 2, 'prior_scale': 0.017549127225111354, 'q_scale': 0.002561662685923485, 'batch_size': 128}. Best is trial 3 with value: 11951.4296875.
Trainer already configured with model summary callbacks: [<class 'lightning.pytorch.callbacks.rich_model_summary.RichModelSummary'>]. Skipping setting a default `ModelSummary` callback.
GPU available: False, used: False
TPU available: False, using: 0 TPU cores
IPU available: False, using: 0 IPUs
HPU available: False, using: 0 HPUs
`Trainer.fit` stopped: `max_epochs=20` reached.
[I 2025-01-22 11:30:16,114] Trial 4 finished with value: 10525.4384765625 and parameters: {'pretrain_epochs': 0, 'lr': 1.3170990774640101e-05, 'mc_samples_train': 1, 'prior_scale': 0.14015302623589543, 'q_scale': 0.001546142648648774, 'batch_size': 128}. Best is trial 4 with value: 10525.4384765625.
Trainer already configured with model summary callbacks: [<class 'lightning.pytorch.callbacks.rich_model_summary.RichModelSummary'>]. Skipping setting a default `ModelSummary` callback.
GPU available: False, used: False
TPU available: False, using: 0 TPU cores
IPU available: False, using: 0 IPUs
HPU available: False, using: 0 HPUs
[I 2025-01-22 11:30:39,026] Trial 5 pruned. Trial was pruned at epoch 13.
Trainer already configured with model summary callbacks: [<class 'lightning.pytorch.callbacks.rich_model_summary.RichModelSummary'>]. Skipping setting a default `ModelSummary` callback.
GPU available: False, used: False
TPU available: False, using: 0 TPU cores
IPU available: False, using: 0 IPUs
HPU available: False, using: 0 HPUs
`Trainer.fit` stopped: `max_epochs=20` reached.
[I 2025-01-22 11:31:06,624] Trial 6 finished with value: 70238.265625 and parameters: {'pretrain_epochs': 0, 'lr': 3.71964865643354e-05, 'mc_samples_train': 1, 'prior_scale': 0.021500386108909676, 'q_scale': 0.0005816140699158816, 'batch_size': 128}. Best is trial 4 with value: 10525.4384765625.
Trainer already configured with model summary callbacks: [<class 'lightning.pytorch.callbacks.rich_model_summary.RichModelSummary'>]. Skipping setting a default `ModelSummary` callback.
GPU available: False, used: False
TPU available: False, using: 0 TPU cores
IPU available: False, using: 0 IPUs
HPU available: False, using: 0 HPUs
/home/g15farris/.conda/envs/bnn/lib/python3.12/site-packages/lightning/pytorch/loops/fit_loop.py:298: The number of training batches (12) is smaller than the logging interval Trainer(log_every_n_steps=50). Set a lower value for log_every_n_steps if you want to see logs for the training epoch.
`Trainer.fit` stopped: `max_epochs=20` reached.
[I 2025-01-22 11:32:08,141] Trial 7 finished with value: 8547.619140625 and parameters: {'pretrain_epochs': 0, 'lr': 0.00029994809793642315, 'mc_samples_train': 1, 'prior_scale': 0.015205659078436342, 'q_scale': 0.0002873671566774025, 'batch_size': 32}. Best is trial 7 with value: 8547.619140625.
Trainer already configured with model summary callbacks: [<class 'lightning.pytorch.callbacks.rich_model_summary.RichModelSummary'>]. Skipping setting a default `ModelSummary` callback.
GPU available: False, used: False
TPU available: False, using: 0 TPU cores
IPU available: False, using: 0 IPUs
HPU available: False, using: 0 HPUs
`Trainer.fit` stopped: `max_epochs=20` reached.
[I 2025-01-22 11:32:41,250] Trial 8 finished with value: 32836.81640625 and parameters: {'pretrain_epochs': 0, 'lr': 7.478015213333154e-05, 'mc_samples_train': 2, 'prior_scale': 0.1156399334005538, 'q_scale': 0.002582231235363856, 'batch_size': 128}. Best is trial 7 with value: 8547.619140625.
Trainer already configured with model summary callbacks: [<class 'lightning.pytorch.callbacks.rich_model_summary.RichModelSummary'>]. Skipping setting a default `ModelSummary` callback.
GPU available: False, used: False
TPU available: False, using: 0 TPU cores
IPU available: False, using: 0 IPUs
HPU available: False, using: 0 HPUs
[I 2025-01-22 11:33:07,977] Trial 9 pruned. Trial was pruned at epoch 17.
Trainer already configured with model summary callbacks: [<class 'lightning.pytorch.callbacks.rich_model_summary.RichModelSummary'>]. Skipping setting a default `ModelSummary` callback.
GPU available: False, used: False
TPU available: False, using: 0 TPU cores
IPU available: False, using: 0 IPUs
HPU available: False, using: 0 HPUs
`Trainer.fit` stopped: `max_epochs=20` reached.
[I 2025-01-22 11:34:26,844] Trial 10 finished with value: 3996.477294921875 and parameters: {'pretrain_epochs': 0, 'lr': 0.0002686321798731397, 'mc_samples_train': 2, 'prior_scale': 0.03921865256229128, 'q_scale': 0.00011667005469831107, 'batch_size': 32}. Best is trial 10 with value: 3996.477294921875.
Trainer already configured with model summary callbacks: [<class 'lightning.pytorch.callbacks.rich_model_summary.RichModelSummary'>]. Skipping setting a default `ModelSummary` callback.
GPU available: False, used: False
TPU available: False, using: 0 TPU cores
IPU available: False, using: 0 IPUs
HPU available: False, using: 0 HPUs
`Trainer.fit` stopped: `max_epochs=20` reached.
[I 2025-01-22 11:35:45,839] Trial 11 finished with value: 2616.76806640625 and parameters: {'pretrain_epochs': 0, 'lr': 0.0002668116545003139, 'mc_samples_train': 2, 'prior_scale': 0.0477195343156064, 'q_scale': 0.00011575851073022878, 'batch_size': 32}. Best is trial 11 with value: 2616.76806640625.
Trainer already configured with model summary callbacks: [<class 'lightning.pytorch.callbacks.rich_model_summary.RichModelSummary'>]. Skipping setting a default `ModelSummary` callback.
GPU available: False, used: False
TPU available: False, using: 0 TPU cores
IPU available: False, using: 0 IPUs
HPU available: False, using: 0 HPUs
`Trainer.fit` stopped: `max_epochs=20` reached.
[I 2025-01-22 11:37:09,884] Trial 12 finished with value: 2480.540283203125 and parameters: {'pretrain_epochs': 0, 'lr': 0.0001741204381065012, 'mc_samples_train': 2, 'prior_scale': 0.04771174806956745, 'q_scale': 0.00010280709750523207, 'batch_size': 32}. Best is trial 12 with value: 2480.540283203125.
Trainer already configured with model summary callbacks: [<class 'lightning.pytorch.callbacks.rich_model_summary.RichModelSummary'>]. Skipping setting a default `ModelSummary` callback.
GPU available: False, used: False
TPU available: False, using: 0 TPU cores
IPU available: False, using: 0 IPUs
HPU available: False, using: 0 HPUs
/home/g15farris/.conda/envs/bnn/lib/python3.12/site-packages/lightning/pytorch/loops/fit_loop.py:298: The number of training batches (6) is smaller than the logging interval Trainer(log_every_n_steps=50). Set a lower value for log_every_n_steps if you want to see logs for the training epoch.
`Trainer.fit` stopped: `max_epochs=20` reached.
[I 2025-01-22 11:38:01,003] Trial 13 finished with value: 12323.7900390625 and parameters: {'pretrain_epochs': 0, 'lr': 0.00015991366116446953, 'mc_samples_train': 2, 'prior_scale': 0.05984222725603944, 'q_scale': 0.00010096748045690665, 'batch_size': 64}. Best is trial 12 with value: 2480.540283203125.
Trainer already configured with model summary callbacks: [<class 'lightning.pytorch.callbacks.rich_model_summary.RichModelSummary'>]. Skipping setting a default `ModelSummary` callback.
GPU available: False, used: False
TPU available: False, using: 0 TPU cores
IPU available: False, using: 0 IPUs
HPU available: False, using: 0 HPUs
`Trainer.fit` stopped: `max_epochs=20` reached.
[I 2025-01-22 11:39:24,430] Trial 14 finished with value: 137.1422576904297 and parameters: {'pretrain_epochs': 0, 'lr': 0.0009801615183585152, 'mc_samples_train': 2, 'prior_scale': 0.0781997269259558, 'q_scale': 0.00020713244612811165, 'batch_size': 32}. Best is trial 14 with value: 137.1422576904297.
Trainer already configured with model summary callbacks: [<class 'lightning.pytorch.callbacks.rich_model_summary.RichModelSummary'>]. Skipping setting a default `ModelSummary` callback.
GPU available: False, used: False
TPU available: False, using: 0 TPU cores
IPU available: False, using: 0 IPUs
HPU available: False, using: 0 HPUs
`Trainer.fit` stopped: `max_epochs=20` reached.
[I 2025-01-22 11:40:43,423] Trial 15 finished with value: 134.99807739257812 and parameters: {'pretrain_epochs': 0, 'lr': 0.0009912618747798267, 'mc_samples_train': 2, 'prior_scale': 0.08410776162118824, 'q_scale': 0.00024147941598383723, 'batch_size': 32}. Best is trial 15 with value: 134.99807739257812.
Trainer already configured with model summary callbacks: [<class 'lightning.pytorch.callbacks.rich_model_summary.RichModelSummary'>]. Skipping setting a default `ModelSummary` callback.
GPU available: False, used: False
TPU available: False, using: 0 TPU cores
IPU available: False, using: 0 IPUs
HPU available: False, using: 0 HPUs
`Trainer.fit` stopped: `max_epochs=20` reached.
[I 2025-01-22 11:42:01,881] Trial 16 finished with value: 138.8262481689453 and parameters: {'pretrain_epochs': 0, 'lr': 0.0009486685725804136, 'mc_samples_train': 2, 'prior_scale': 0.09244391845405565, 'q_scale': 0.000234060806005853, 'batch_size': 32}. Best is trial 15 with value: 134.99807739257812.
Trainer already configured with model summary callbacks: [<class 'lightning.pytorch.callbacks.rich_model_summary.RichModelSummary'>]. Skipping setting a default `ModelSummary` callback.
GPU available: False, used: False
TPU available: False, using: 0 TPU cores
IPU available: False, using: 0 IPUs
HPU available: False, using: 0 HPUs
`Trainer.fit` stopped: `max_epochs=20` reached.
[I 2025-01-22 11:42:29,385] Trial 17 finished with value: 2127.35107421875 and parameters: {'pretrain_epochs': 0, 'lr': 0.000920818750154928, 'mc_samples_train': 2, 'prior_scale': 0.2807771664397744, 'q_scale': 0.0002532104065755546, 'batch_size': 256}. Best is trial 15 with value: 134.99807739257812.
Trainer already configured with model summary callbacks: [<class 'lightning.pytorch.callbacks.rich_model_summary.RichModelSummary'>]. Skipping setting a default `ModelSummary` callback.
GPU available: False, used: False
TPU available: False, using: 0 TPU cores
IPU available: False, using: 0 IPUs
HPU available: False, using: 0 HPUs
`Trainer.fit` stopped: `max_epochs=20` reached.
[I 2025-01-22 11:42:54,457] Trial 18 finished with value: 95963.25 and parameters: {'pretrain_epochs': 0, 'lr': 0.0005258036656688325, 'mc_samples_train': 2, 'prior_scale': 0.08612696508362043, 'q_scale': 0.00040476779531131935, 'batch_size': 512}. Best is trial 15 with value: 134.99807739257812.
Trainer already configured with model summary callbacks: [<class 'lightning.pytorch.callbacks.rich_model_summary.RichModelSummary'>]. Skipping setting a default `ModelSummary` callback.
GPU available: False, used: False
TPU available: False, using: 0 TPU cores
IPU available: False, using: 0 IPUs
HPU available: False, using: 0 HPUs
`Trainer.fit` stopped: `max_epochs=20` reached.
[I 2025-01-22 11:43:43,716] Trial 19 finished with value: 3643.3232421875 and parameters: {'pretrain_epochs': 0, 'lr': 0.0005196621003978526, 'mc_samples_train': 2, 'prior_scale': 0.028027096856306284, 'q_scale': 0.00017192588170190898, 'batch_size': 64}. Best is trial 15 with value: 134.99807739257812.
Trainer already configured with model summary callbacks: [<class 'lightning.pytorch.callbacks.rich_model_summary.RichModelSummary'>]. Skipping setting a default `ModelSummary` callback.
GPU available: False, used: False
TPU available: False, using: 0 TPU cores
IPU available: False, using: 0 IPUs
HPU available: False, using: 0 HPUs
`Trainer.fit` stopped: `max_epochs=20` reached.
[I 2025-01-22 11:45:04,238] Trial 20 finished with value: 2067.06005859375 and parameters: {'pretrain_epochs': 0, 'lr': 0.00012647755213849077, 'mc_samples_train': 2, 'prior_scale': 0.07191098620348962, 'q_scale': 0.0007369715253551732, 'batch_size': 32}. Best is trial 15 with value: 134.99807739257812.
Trainer already configured with model summary callbacks: [<class 'lightning.pytorch.callbacks.rich_model_summary.RichModelSummary'>]. Skipping setting a default `ModelSummary` callback.
GPU available: False, used: False
TPU available: False, using: 0 TPU cores
IPU available: False, using: 0 IPUs
HPU available: False, using: 0 HPUs
`Trainer.fit` stopped: `max_epochs=20` reached.
[I 2025-01-22 11:46:23,707] Trial 21 finished with value: 139.36146545410156 and parameters: {'pretrain_epochs': 0, 'lr': 0.0009674493960335424, 'mc_samples_train': 2, 'prior_scale': 0.09972033609187171, 'q_scale': 0.0002183053352984122, 'batch_size': 32}. Best is trial 15 with value: 134.99807739257812.
Trainer already configured with model summary callbacks: [<class 'lightning.pytorch.callbacks.rich_model_summary.RichModelSummary'>]. Skipping setting a default `ModelSummary` callback.
GPU available: False, used: False
TPU available: False, using: 0 TPU cores
IPU available: False, using: 0 IPUs
HPU available: False, using: 0 HPUs
`Trainer.fit` stopped: `max_epochs=20` reached.
[I 2025-01-22 11:47:42,411] Trial 22 finished with value: 142.761474609375 and parameters: {'pretrain_epochs': 0, 'lr': 0.0007741335279831917, 'mc_samples_train': 2, 'prior_scale': 0.18048975829379493, 'q_scale': 0.0003498045698019796, 'batch_size': 32}. Best is trial 15 with value: 134.99807739257812.
Trainer already configured with model summary callbacks: [<class 'lightning.pytorch.callbacks.rich_model_summary.RichModelSummary'>]. Skipping setting a default `ModelSummary` callback.
GPU available: False, used: False
TPU available: False, using: 0 TPU cores
IPU available: False, using: 0 IPUs
HPU available: False, using: 0 HPUs
`Trainer.fit` stopped: `max_epochs=20` reached.
[I 2025-01-22 11:49:00,283] Trial 23 finished with value: 17262.255859375 and parameters: {'pretrain_epochs': 0, 'lr': 0.0004067581540630656, 'mc_samples_train': 2, 'prior_scale': 0.06833190826983931, 'q_scale': 0.0001774977044648992, 'batch_size': 32}. Best is trial 15 with value: 134.99807739257812.
Trainer already configured with model summary callbacks: [<class 'lightning.pytorch.callbacks.rich_model_summary.RichModelSummary'>]. Skipping setting a default `ModelSummary` callback.
GPU available: False, used: False
TPU available: False, using: 0 TPU cores
IPU available: False, using: 0 IPUs
HPU available: False, using: 0 HPUs
`Trainer.fit` stopped: `max_epochs=20` reached.
[I 2025-01-22 11:50:19,331] Trial 24 finished with value: 146.76162719726562 and parameters: {'pretrain_epochs': 0, 'lr': 0.0006940430764301067, 'mc_samples_train': 2, 'prior_scale': 0.11940346805040146, 'q_scale': 0.00045888358656538523, 'batch_size': 32}. Best is trial 15 with value: 134.99807739257812.
Trainer already configured with model summary callbacks: [<class 'lightning.pytorch.callbacks.rich_model_summary.RichModelSummary'>]. Skipping setting a default `ModelSummary` callback.
GPU available: False, used: False
TPU available: False, using: 0 TPU cores
IPU available: False, using: 0 IPUs
HPU available: False, using: 0 HPUs
`Trainer.fit` stopped: `max_epochs=20` reached.
[I 2025-01-22 11:51:39,030] Trial 25 finished with value: 2108.434814453125 and parameters: {'pretrain_epochs': 0, 'lr': 0.00035627615055195837, 'mc_samples_train': 2, 'prior_scale': 0.0861212283210065, 'q_scale': 0.0001906698898133571, 'batch_size': 32}. Best is trial 15 with value: 134.99807739257812.
Trainer already configured with model summary callbacks: [<class 'lightning.pytorch.callbacks.rich_model_summary.RichModelSummary'>]. Skipping setting a default `ModelSummary` callback.
GPU available: False, used: False
TPU available: False, using: 0 TPU cores
IPU available: False, using: 0 IPUs
HPU available: False, using: 0 HPUs
`Trainer.fit` stopped: `max_epochs=20` reached.
[I 2025-01-22 11:52:58,843] Trial 26 finished with value: 142.73074340820312 and parameters: {'pretrain_epochs': 0, 'lr': 0.0009981638941695254, 'mc_samples_train': 2, 'prior_scale': 0.2430284411437038, 'q_scale': 0.00030320383918324643, 'batch_size': 32}. Best is trial 15 with value: 134.99807739257812.
Trainer already configured with model summary callbacks: [<class 'lightning.pytorch.callbacks.rich_model_summary.RichModelSummary'>]. Skipping setting a default `ModelSummary` callback.
GPU available: False, used: False
TPU available: False, using: 0 TPU cores
IPU available: False, using: 0 IPUs
HPU available: False, using: 0 HPUs
`Trainer.fit` stopped: `max_epochs=20` reached.
[I 2025-01-22 11:53:46,322] Trial 27 finished with value: 1581.2396240234375 and parameters: {'pretrain_epochs': 0, 'lr': 0.0006743501308247838, 'mc_samples_train': 2, 'prior_scale': 0.05716216619987561, 'q_scale': 0.00016704215544125126, 'batch_size': 64}. Best is trial 15 with value: 134.99807739257812.
Trainer already configured with model summary callbacks: [<class 'lightning.pytorch.callbacks.rich_model_summary.RichModelSummary'>]. Skipping setting a default `ModelSummary` callback.
GPU available: False, used: False
TPU available: False, using: 0 TPU cores
IPU available: False, using: 0 IPUs
HPU available: False, using: 0 HPUs
`Trainer.fit` stopped: `max_epochs=20` reached.
