[I 2025-01-22 11:54:13,352] Trial 28 finished with value: 37027.6484375 and parameters: {'pretrain_epochs': 0, 'lr': 0.000448327333386105, 'mc_samples_train': 2, 'prior_scale': 0.028830278916400134, 'q_scale': 0.0007282345895511491, 'batch_size': 256}. Best is trial 15 with value: 134.99807739257812.
Trainer already configured with model summary callbacks: [<class 'lightning.pytorch.callbacks.rich_model_summary.RichModelSummary'>]. Skipping setting a default `ModelSummary` callback.
GPU available: False, used: False
TPU available: False, using: 0 TPU cores
IPU available: False, using: 0 IPUs
HPU available: False, using: 0 HPUs
`Trainer.fit` stopped: `max_epochs=20` reached.
[I 2025-01-22 11:54:40,537] Trial 29 finished with value: 31800.4140625 and parameters: {'pretrain_epochs': 0, 'lr': 0.00020695651850342008, 'mc_samples_train': 2, 'prior_scale': 0.20077923903407838, 'q_scale': 0.0011697026873320954, 'batch_size': 256}. Best is trial 15 with value: 134.99807739257812.
Trainer already configured with model summary callbacks: [<class 'lightning.pytorch.callbacks.rich_model_summary.RichModelSummary'>]. Skipping setting a default `ModelSummary` callback.
GPU available: False, used: False
TPU available: False, using: 0 TPU cores
IPU available: False, using: 0 IPUs
HPU available: False, using: 0 HPUs
`Trainer.fit` stopped: `max_epochs=20` reached.
[I 2025-01-22 11:55:05,953] Trial 30 finished with value: 18571.626953125 and parameters: {'pretrain_epochs': 0, 'lr': 0.0006251118725266492, 'mc_samples_train': 2, 'prior_scale': 0.3262720117589365, 'q_scale': 0.00953852085011636, 'batch_size': 512}. Best is trial 15 with value: 134.99807739257812.
Trainer already configured with model summary callbacks: [<class 'lightning.pytorch.callbacks.rich_model_summary.RichModelSummary'>]. Skipping setting a default `ModelSummary` callback.
GPU available: False, used: False
TPU available: False, using: 0 TPU cores
IPU available: False, using: 0 IPUs
HPU available: False, using: 0 HPUs
`Trainer.fit` stopped: `max_epochs=20` reached.
[I 2025-01-22 11:56:29,827] Trial 31 finished with value: 129.4214324951172 and parameters: {'pretrain_epochs': 0, 'lr': 0.0009638432584583032, 'mc_samples_train': 2, 'prior_scale': 0.09654544395896447, 'q_scale': 0.0002256182881796102, 'batch_size': 32}. Best is trial 31 with value: 129.4214324951172.
Trainer already configured with model summary callbacks: [<class 'lightning.pytorch.callbacks.rich_model_summary.RichModelSummary'>]. Skipping setting a default `ModelSummary` callback.
GPU available: False, used: False
TPU available: False, using: 0 TPU cores
IPU available: False, using: 0 IPUs
HPU available: False, using: 0 HPUs
`Trainer.fit` stopped: `max_epochs=20` reached.
[I 2025-01-22 11:58:00,884] Trial 32 finished with value: 149.34844970703125 and parameters: {'pretrain_epochs': 0, 'lr': 0.0007829537095979407, 'mc_samples_train': 2, 'prior_scale': 0.1468242010387874, 'q_scale': 0.0002531306353830263, 'batch_size': 32}. Best is trial 31 with value: 129.4214324951172.
Trainer already configured with model summary callbacks: [<class 'lightning.pytorch.callbacks.rich_model_summary.RichModelSummary'>]. Skipping setting a default `ModelSummary` callback.
GPU available: False, used: False
TPU available: False, using: 0 TPU cores
IPU available: False, using: 0 IPUs
HPU available: False, using: 0 HPUs
`Trainer.fit` stopped: `max_epochs=20` reached.
[I 2025-01-22 11:59:22,094] Trial 33 finished with value: 286.20916748046875 and parameters: {'pretrain_epochs': 0, 'lr': 0.00039922283823102004, 'mc_samples_train': 2, 'prior_scale': 0.08912899435266339, 'q_scale': 0.0004842017666067769, 'batch_size': 32}. Best is trial 31 with value: 129.4214324951172.
Trainer already configured with model summary callbacks: [<class 'lightning.pytorch.callbacks.rich_model_summary.RichModelSummary'>]. Skipping setting a default `ModelSummary` callback.
GPU available: False, used: False
TPU available: False, using: 0 TPU cores
IPU available: False, using: 0 IPUs
HPU available: False, using: 0 HPUs
`Trainer.fit` stopped: `max_epochs=20` reached.
[I 2025-01-22 12:00:42,078] Trial 34 finished with value: 138.3286895751953 and parameters: {'pretrain_epochs': 0, 'lr': 0.0009937065005027393, 'mc_samples_train': 2, 'prior_scale': 0.10637091366414958, 'q_scale': 0.0001546961378388248, 'batch_size': 32}. Best is trial 31 with value: 129.4214324951172.
Trainer already configured with model summary callbacks: [<class 'lightning.pytorch.callbacks.rich_model_summary.RichModelSummary'>]. Skipping setting a default `ModelSummary` callback.
GPU available: False, used: False
TPU available: False, using: 0 TPU cores
IPU available: False, using: 0 IPUs
HPU available: False, using: 0 HPUs
`Trainer.fit` stopped: `max_epochs=20` reached.
[I 2025-01-22 12:01:07,723] Trial 35 finished with value: 1354351.25 and parameters: {'pretrain_epochs': 0, 'lr': 0.00060028826319771, 'mc_samples_train': 2, 'prior_scale': 0.12734318050289056, 'q_scale': 0.00036103332214037267, 'batch_size': 512}. Best is trial 31 with value: 129.4214324951172.
Trainer already configured with model summary callbacks: [<class 'lightning.pytorch.callbacks.rich_model_summary.RichModelSummary'>]. Skipping setting a default `ModelSummary` callback.
GPU available: False, used: False
TPU available: False, using: 0 TPU cores
IPU available: False, using: 0 IPUs
HPU available: False, using: 0 HPUs
`Trainer.fit` stopped: `max_epochs=20` reached.
[I 2025-01-22 12:02:10,622] Trial 36 finished with value: 155.8369140625 and parameters: {'pretrain_epochs': 0, 'lr': 0.0007492850466298566, 'mc_samples_train': 1, 'prior_scale': 0.16892790742983596, 'q_scale': 0.00015116676682961093, 'batch_size': 32}. Best is trial 31 with value: 129.4214324951172.
Trainer already configured with model summary callbacks: [<class 'lightning.pytorch.callbacks.rich_model_summary.RichModelSummary'>]. Skipping setting a default `ModelSummary` callback.
GPU available: False, used: False
TPU available: False, using: 0 TPU cores
IPU available: False, using: 0 IPUs
HPU available: False, using: 0 HPUs
`Trainer.fit` stopped: `max_epochs=20` reached.
[I 2025-01-22 12:03:28,503] Trial 37 finished with value: 466.5546569824219 and parameters: {'pretrain_epochs': 0, 'lr': 0.0004980700482449326, 'mc_samples_train': 2, 'prior_scale': 0.0708844260595835, 'q_scale': 0.005038333336013898, 'batch_size': 32}. Best is trial 31 with value: 129.4214324951172.
Trainer already configured with model summary callbacks: [<class 'lightning.pytorch.callbacks.rich_model_summary.RichModelSummary'>]. Skipping setting a default `ModelSummary` callback.
GPU available: False, used: False
TPU available: False, using: 0 TPU cores
IPU available: False, using: 0 IPUs
HPU available: False, using: 0 HPUs
`Trainer.fit` stopped: `max_epochs=20` reached.
[I 2025-01-22 12:04:30,377] Trial 38 finished with value: 7356.845703125 and parameters: {'pretrain_epochs': 0, 'lr': 3.6429465259517205e-05, 'mc_samples_train': 1, 'prior_scale': 0.03547343453327845, 'q_scale': 0.00015271542393130569, 'batch_size': 32}. Best is trial 31 with value: 129.4214324951172.
Trainer already configured with model summary callbacks: [<class 'lightning.pytorch.callbacks.rich_model_summary.RichModelSummary'>]. Skipping setting a default `ModelSummary` callback.
GPU available: False, used: False
TPU available: False, using: 0 TPU cores
IPU available: False, using: 0 IPUs
HPU available: False, using: 0 HPUs
`Trainer.fit` stopped: `max_epochs=20` reached.
[I 2025-01-22 12:05:17,654] Trial 39 finished with value: 42741.69140625 and parameters: {'pretrain_epochs': 0, 'lr': 1.0774254950974043e-05, 'mc_samples_train': 2, 'prior_scale': 0.05228036680236896, 'q_scale': 0.00013249516747954922, 'batch_size': 64}. Best is trial 31 with value: 129.4214324951172.
Trainer already configured with model summary callbacks: [<class 'lightning.pytorch.callbacks.rich_model_summary.RichModelSummary'>]. Skipping setting a default `ModelSummary` callback.
GPU available: False, used: False
TPU available: False, using: 0 TPU cores
IPU available: False, using: 0 IPUs
HPU available: False, using: 0 HPUs
`Trainer.fit` stopped: `max_epochs=20` reached.
[I 2025-01-22 12:05:41,301] Trial 40 finished with value: 20265.958984375 and parameters: {'pretrain_epochs': 0, 'lr': 8.98750600662295e-05, 'mc_samples_train': 1, 'prior_scale': 0.1094447694771729, 'q_scale': 0.0005920929493961455, 'batch_size': 256}. Best is trial 31 with value: 129.4214324951172.
Trainer already configured with model summary callbacks: [<class 'lightning.pytorch.callbacks.rich_model_summary.RichModelSummary'>]. Skipping setting a default `ModelSummary` callback.
GPU available: False, used: False
TPU available: False, using: 0 TPU cores
IPU available: False, using: 0 IPUs
HPU available: False, using: 0 HPUs
`Trainer.fit` stopped: `max_epochs=20` reached.
[I 2025-01-22 12:07:03,077] Trial 41 finished with value: 138.93435668945312 and parameters: {'pretrain_epochs': 0, 'lr': 0.0009128047909125309, 'mc_samples_train': 2, 'prior_scale': 0.07992503415689815, 'q_scale': 0.00021410690268148857, 'batch_size': 32}. Best is trial 31 with value: 129.4214324951172.
Trainer already configured with model summary callbacks: [<class 'lightning.pytorch.callbacks.rich_model_summary.RichModelSummary'>]. Skipping setting a default `ModelSummary` callback.
GPU available: False, used: False
TPU available: False, using: 0 TPU cores
IPU available: False, using: 0 IPUs
HPU available: False, using: 0 HPUs
`Trainer.fit` stopped: `max_epochs=20` reached.
[I 2025-01-22 12:08:23,819] Trial 42 finished with value: 144.62107849121094 and parameters: {'pretrain_epochs': 0, 'lr': 0.0008124610201395968, 'mc_samples_train': 2, 'prior_scale': 0.09949448378539023, 'q_scale': 0.00028580741667730085, 'batch_size': 32}. Best is trial 31 with value: 129.4214324951172.
Trainer already configured with model summary callbacks: [<class 'lightning.pytorch.callbacks.rich_model_summary.RichModelSummary'>]. Skipping setting a default `ModelSummary` callback.
GPU available: False, used: False
TPU available: False, using: 0 TPU cores
IPU available: False, using: 0 IPUs
HPU available: False, using: 0 HPUs
`Trainer.fit` stopped: `max_epochs=20` reached.
[I 2025-01-22 12:09:42,727] Trial 43 finished with value: 156.2825927734375 and parameters: {'pretrain_epochs': 0, 'lr': 0.0006099664896765605, 'mc_samples_train': 2, 'prior_scale': 0.13761714012113732, 'q_scale': 0.00024714962199521814, 'batch_size': 32}. Best is trial 31 with value: 129.4214324951172.
Trainer already configured with model summary callbacks: [<class 'lightning.pytorch.callbacks.rich_model_summary.RichModelSummary'>]. Skipping setting a default `ModelSummary` callback.
GPU available: False, used: False
TPU available: False, using: 0 TPU cores
IPU available: False, using: 0 IPUs
HPU available: False, using: 0 HPUs
`Trainer.fit` stopped: `max_epochs=20` reached.
[I 2025-01-22 12:10:58,561] Trial 44 finished with value: 139.2075653076172 and parameters: {'pretrain_epochs': 0, 'lr': 0.0009967642808477643, 'mc_samples_train': 2, 'prior_scale': 0.0628721887319492, 'q_scale': 0.0001363569358103955, 'batch_size': 32}. Best is trial 31 with value: 129.4214324951172.
Trainer already configured with model summary callbacks: [<class 'lightning.pytorch.callbacks.rich_model_summary.RichModelSummary'>]. Skipping setting a default `ModelSummary` callback.
GPU available: False, used: False
TPU available: False, using: 0 TPU cores
IPU available: False, using: 0 IPUs
HPU available: False, using: 0 HPUs
`Trainer.fit` stopped: `max_epochs=20` reached.
[I 2025-01-22 12:11:31,460] Trial 45 finished with value: 71810.671875 and parameters: {'pretrain_epochs': 0, 'lr': 0.0003574280432327157, 'mc_samples_train': 2, 'prior_scale': 0.1531277864691173, 'q_scale': 0.00020584191044676562, 'batch_size': 128}. Best is trial 31 with value: 129.4214324951172.
Trainer already configured with model summary callbacks: [<class 'lightning.pytorch.callbacks.rich_model_summary.RichModelSummary'>]. Skipping setting a default `ModelSummary` callback.
GPU available: False, used: False
TPU available: False, using: 0 TPU cores
IPU available: False, using: 0 IPUs
HPU available: False, using: 0 HPUs
`Trainer.fit` stopped: `max_epochs=20` reached.
[I 2025-01-22 12:12:32,079] Trial 46 finished with value: 128.04217529296875 and parameters: {'pretrain_epochs': 0, 'lr': 0.0007507597549775869, 'mc_samples_train': 1, 'prior_scale': 0.10144862295464128, 'q_scale': 0.0018471225245364695, 'batch_size': 32}. Best is trial 46 with value: 128.04217529296875.
Trainer already configured with model summary callbacks: [<class 'lightning.pytorch.callbacks.rich_model_summary.RichModelSummary'>]. Skipping setting a default `ModelSummary` callback.
GPU available: False, used: False
TPU available: False, using: 0 TPU cores
IPU available: False, using: 0 IPUs
HPU available: False, using: 0 HPUs
`Trainer.fit` stopped: `max_epochs=20` reached.
[I 2025-01-22 12:13:32,510] Trial 47 finished with value: 133.5019073486328 and parameters: {'pretrain_epochs': 0, 'lr': 0.0007037061266726537, 'mc_samples_train': 1, 'prior_scale': 0.11442625223750617, 'q_scale': 0.002539807538743301, 'batch_size': 32}. Best is trial 46 with value: 128.04217529296875.
Trainer already configured with model summary callbacks: [<class 'lightning.pytorch.callbacks.rich_model_summary.RichModelSummary'>]. Skipping setting a default `ModelSummary` callback.
GPU available: False, used: False
TPU available: False, using: 0 TPU cores
IPU available: False, using: 0 IPUs
HPU available: False, using: 0 HPUs
`Trainer.fit` stopped: `max_epochs=20` reached.
[I 2025-01-22 12:13:54,153] Trial 48 finished with value: 356580294656.0 and parameters: {'pretrain_epochs': 0, 'lr': 6.316713557158433e-05, 'mc_samples_train': 1, 'prior_scale': 0.2256234047226422, 'q_scale': 0.002262306243504796, 'batch_size': 512}. Best is trial 46 with value: 128.04217529296875.
Trainer already configured with model summary callbacks: [<class 'lightning.pytorch.callbacks.rich_model_summary.RichModelSummary'>]. Skipping setting a default `ModelSummary` callback.
GPU available: False, used: False
TPU available: False, using: 0 TPU cores
IPU available: False, using: 0 IPUs
HPU available: False, using: 0 HPUs
`Trainer.fit` stopped: `max_epochs=20` reached.
[I 2025-01-22 12:14:55,128] Trial 49 finished with value: 319.10791015625 and parameters: {'pretrain_epochs': 0, 'lr': 0.0002776603776604091, 'mc_samples_train': 1, 'prior_scale': 0.12701219616967627, 'q_scale': 0.003950223287348536, 'batch_size': 32}. Best is trial 46 with value: 128.04217529296875.
Trainer already configured with model summary callbacks: [<class 'lightning.pytorch.callbacks.rich_model_summary.RichModelSummary'>]. Skipping setting a default `ModelSummary` callback.
GPU available: False, used: False
TPU available: False, using: 0 TPU cores
IPU available: False, using: 0 IPUs
HPU available: False, using: 0 HPUs
`Trainer.fit` stopped: `max_epochs=20` reached.
[I 2025-01-22 12:15:23,362] Trial 50 finished with value: 12032.1494140625 and parameters: {'pretrain_epochs': 0, 'lr': 0.0005285911799052368, 'mc_samples_train': 1, 'prior_scale': 0.04664830050920734, 'q_scale': 0.0018163367124211056, 'batch_size': 128}. Best is trial 46 with value: 128.04217529296875.
Trainer already configured with model summary callbacks: [<class 'lightning.pytorch.callbacks.rich_model_summary.RichModelSummary'>]. Skipping setting a default `ModelSummary` callback.
GPU available: False, used: False
TPU available: False, using: 0 TPU cores
IPU available: False, using: 0 IPUs
HPU available: False, using: 0 HPUs
`Trainer.fit` stopped: `max_epochs=20` reached.
[I 2025-01-22 12:16:23,004] Trial 51 finished with value: 135.69969177246094 and parameters: {'pretrain_epochs': 0, 'lr': 0.0007753708844753679, 'mc_samples_train': 1, 'prior_scale': 0.10255020942453058, 'q_scale': 0.0012501329353977852, 'batch_size': 32}. Best is trial 46 with value: 128.04217529296875.
Trainer already configured with model summary callbacks: [<class 'lightning.pytorch.callbacks.rich_model_summary.RichModelSummary'>]. Skipping setting a default `ModelSummary` callback.
GPU available: False, used: False
TPU available: False, using: 0 TPU cores
IPU available: False, using: 0 IPUs
HPU available: False, using: 0 HPUs
`Trainer.fit` stopped: `max_epochs=20` reached.
[I 2025-01-22 12:17:23,361] Trial 52 finished with value: 136.07977294921875 and parameters: {'pretrain_epochs': 0, 'lr': 0.0007736731312817338, 'mc_samples_train': 1, 'prior_scale': 0.08040133453866667, 'q_scale': 0.0012819343580705148, 'batch_size': 32}. Best is trial 46 with value: 128.04217529296875.
Trainer already configured with model summary callbacks: [<class 'lightning.pytorch.callbacks.rich_model_summary.RichModelSummary'>]. Skipping setting a default `ModelSummary` callback.
GPU available: False, used: False
TPU available: False, using: 0 TPU cores
IPU available: False, using: 0 IPUs
HPU available: False, using: 0 HPUs
`Trainer.fit` stopped: `max_epochs=20` reached.
[I 2025-01-22 12:18:22,811] Trial 53 finished with value: 136.87875366210938 and parameters: {'pretrain_epochs': 0, 'lr': 0.0006763608272498872, 'mc_samples_train': 1, 'prior_scale': 0.1095343600726081, 'q_scale': 0.0012653383545273773, 'batch_size': 32}. Best is trial 46 with value: 128.04217529296875.
Trainer already configured with model summary callbacks: [<class 'lightning.pytorch.callbacks.rich_model_summary.RichModelSummary'>]. Skipping setting a default `ModelSummary` callback.
GPU available: False, used: False
TPU available: False, using: 0 TPU cores
IPU available: False, using: 0 IPUs
HPU available: False, using: 0 HPUs
`Trainer.fit` stopped: `max_epochs=20` reached.
[I 2025-01-22 12:19:27,674] Trial 54 finished with value: 162.1816864013672 and parameters: {'pretrain_epochs': 0, 'lr': 0.00044963121908014533, 'mc_samples_train': 1, 'prior_scale': 0.0730874415220596, 'q_scale': 0.0020889279580926746, 'batch_size': 32}. Best is trial 46 with value: 128.04217529296875.
Trainer already configured with model summary callbacks: [<class 'lightning.pytorch.callbacks.rich_model_summary.RichModelSummary'>]. Skipping setting a default `ModelSummary` callback.
GPU available: False, used: False
TPU available: False, using: 0 TPU cores
IPU available: False, using: 0 IPUs
HPU available: False, using: 0 HPUs
`Trainer.fit` stopped: `max_epochs=20` reached.
[I 2025-01-22 12:20:27,365] Trial 55 finished with value: 133.075439453125 and parameters: {'pretrain_epochs': 0, 'lr': 0.0008006868783924552, 'mc_samples_train': 1, 'prior_scale': 0.1776948490406582, 'q_scale': 0.0031696269490106236, 'batch_size': 32}. Best is trial 46 with value: 128.04217529296875.
Trainer already configured with model summary callbacks: [<class 'lightning.pytorch.callbacks.rich_model_summary.RichModelSummary'>]. Skipping setting a default `ModelSummary` callback.
GPU available: False, used: False
TPU available: False, using: 0 TPU cores
IPU available: False, using: 0 IPUs
HPU available: False, using: 0 HPUs
`Trainer.fit` stopped: `max_epochs=20` reached.
[I 2025-01-22 12:21:26,348] Trial 56 finished with value: 143.08680725097656 and parameters: {'pretrain_epochs': 0, 'lr': 0.0005816892270229719, 'mc_samples_train': 1, 'prior_scale': 0.19303485650751567, 'q_scale': 0.0031885135348324184, 'batch_size': 32}. Best is trial 46 with value: 128.04217529296875.
Trainer already configured with model summary callbacks: [<class 'lightning.pytorch.callbacks.rich_model_summary.RichModelSummary'>]. Skipping setting a default `ModelSummary` callback.
GPU available: False, used: False
TPU available: False, using: 0 TPU cores
IPU available: False, using: 0 IPUs
HPU available: False, using: 0 HPUs
`Trainer.fit` stopped: `max_epochs=20` reached.
[I 2025-01-22 12:22:26,031] Trial 57 finished with value: 2461.7333984375 and parameters: {'pretrain_epochs': 0, 'lr': 0.0002308901739088109, 'mc_samples_train': 1, 'prior_scale': 0.012154194199921517, 'q_scale': 0.0029519554631083607, 'batch_size': 32}. Best is trial 46 with value: 128.04217529296875.
Trainer already configured with model summary callbacks: [<class 'lightning.pytorch.callbacks.rich_model_summary.RichModelSummary'>]. Skipping setting a default `ModelSummary` callback.
GPU available: False, used: False
TPU available: False, using: 0 TPU cores
IPU available: False, using: 0 IPUs
HPU available: False, using: 0 HPUs
`Trainer.fit` stopped: `max_epochs=20` reached.
[I 2025-01-22 12:23:03,366] Trial 58 finished with value: 441.1632080078125 and parameters: {'pretrain_epochs': 0, 'lr': 0.0003200479322150698, 'mc_samples_train': 1, 'prior_scale': 0.2622265301510723, 'q_scale': 0.004414803728907703, 'batch_size': 64}. Best is trial 46 with value: 128.04217529296875.
Trainer already configured with model summary callbacks: [<class 'lightning.pytorch.callbacks.rich_model_summary.RichModelSummary'>]. Skipping setting a default `ModelSummary` callback.
GPU available: False, used: False
TPU available: False, using: 0 TPU cores
IPU available: False, using: 0 IPUs
HPU available: False, using: 0 HPUs
`Trainer.fit` stopped: `max_epochs=20` reached.
[I 2025-01-22 12:24:02,799] Trial 59 finished with value: 138.28262329101562 and parameters: {'pretrain_epochs': 0, 'lr': 0.0007797613626607972, 'mc_samples_train': 1, 'prior_scale': 0.16980781206866397, 'q_scale': 0.0015222930911498866, 'batch_size': 32}. Best is trial 46 with value: 128.04217529296875.
