[I 2025-01-21 16:20:06,293] Trial 28 finished with value: 728.1461791992188 and parameters: {'pretrain_epochs': 0, 'lr': 0.0005651254857946894, 'mc_samples_train': 2, 'prior_scale': 0.05992841814281442, 'q_scale': 0.0006572637916562428, 'batch_size': 32}. Best is trial 13 with value: 31.168460845947266.
Trainer already configured with model summary callbacks: [<class 'lightning.pytorch.callbacks.rich_model_summary.RichModelSummary'>]. Skipping setting a default `ModelSummary` callback.
GPU available: False, used: False
TPU available: False, using: 0 TPU cores
IPU available: False, using: 0 IPUs
HPU available: False, using: 0 HPUs
`Trainer.fit` stopped: `max_epochs=20` reached.
[I 2025-01-21 16:21:32,869] Trial 29 finished with value: 857.5280151367188 and parameters: {'pretrain_epochs': 0, 'lr': 0.0002595978889062746, 'mc_samples_train': 2, 'prior_scale': 0.13649142166765352, 'q_scale': 0.0003660785549046985, 'batch_size': 256}. Best is trial 13 with value: 31.168460845947266.
Trainer already configured with model summary callbacks: [<class 'lightning.pytorch.callbacks.rich_model_summary.RichModelSummary'>]. Skipping setting a default `ModelSummary` callback.
GPU available: False, used: False
TPU available: False, using: 0 TPU cores
IPU available: False, using: 0 IPUs
HPU available: False, using: 0 HPUs
`Trainer.fit` stopped: `max_epochs=20` reached.
[I 2025-01-21 16:22:44,422] Trial 30 finished with value: 1326.897216796875 and parameters: {'pretrain_epochs': 0, 'lr': 0.0004004727999805505, 'mc_samples_train': 2, 'prior_scale': 0.20575587960477867, 'q_scale': 0.00953852085011636, 'batch_size': 512}. Best is trial 13 with value: 31.168460845947266.
Trainer already configured with model summary callbacks: [<class 'lightning.pytorch.callbacks.rich_model_summary.RichModelSummary'>]. Skipping setting a default `ModelSummary` callback.
GPU available: False, used: False
TPU available: False, using: 0 TPU cores
IPU available: False, using: 0 IPUs
HPU available: False, using: 0 HPUs
`Trainer.fit` stopped: `max_epochs=20` reached.
[I 2025-01-21 16:25:34,110] Trial 31 finished with value: 48.14393997192383 and parameters: {'pretrain_epochs': 0, 'lr': 0.00013906389996044496, 'mc_samples_train': 2, 'prior_scale': 0.08385018959655215, 'q_scale': 0.00018505507248950083, 'batch_size': 64}. Best is trial 13 with value: 31.168460845947266.
Trainer already configured with model summary callbacks: [<class 'lightning.pytorch.callbacks.rich_model_summary.RichModelSummary'>]. Skipping setting a default `ModelSummary` callback.
GPU available: False, used: False
TPU available: False, using: 0 TPU cores
IPU available: False, using: 0 IPUs
HPU available: False, using: 0 HPUs
`Trainer.fit` stopped: `max_epochs=20` reached.
[I 2025-01-21 16:28:15,927] Trial 32 finished with value: 184.3436737060547 and parameters: {'pretrain_epochs': 0, 'lr': 0.00017289090628377045, 'mc_samples_train': 2, 'prior_scale': 0.06568981828101213, 'q_scale': 0.00015707465580792665, 'batch_size': 64}. Best is trial 13 with value: 31.168460845947266.
Trainer already configured with model summary callbacks: [<class 'lightning.pytorch.callbacks.rich_model_summary.RichModelSummary'>]. Skipping setting a default `ModelSummary` callback.
GPU available: False, used: False
TPU available: False, using: 0 TPU cores
IPU available: False, using: 0 IPUs
HPU available: False, using: 0 HPUs
`Trainer.fit` stopped: `max_epochs=20` reached.
[I 2025-01-21 16:31:18,998] Trial 33 finished with value: 214.33428955078125 and parameters: {'pretrain_epochs': 0, 'lr': 7.09183108738082e-05, 'mc_samples_train': 2, 'prior_scale': 0.04821718575700821, 'q_scale': 0.00018345880615755258, 'batch_size': 64}. Best is trial 13 with value: 31.168460845947266.
Trainer already configured with model summary callbacks: [<class 'lightning.pytorch.callbacks.rich_model_summary.RichModelSummary'>]. Skipping setting a default `ModelSummary` callback.
GPU available: False, used: False
TPU available: False, using: 0 TPU cores
IPU available: False, using: 0 IPUs
HPU available: False, using: 0 HPUs
`Trainer.fit` stopped: `max_epochs=20` reached.
[I 2025-01-21 16:34:28,154] Trial 34 finished with value: 133.03431701660156 and parameters: {'pretrain_epochs': 0, 'lr': 0.0006128003874041663, 'mc_samples_train': 2, 'prior_scale': 0.2023028716295657, 'q_scale': 0.00046053608614099874, 'batch_size': 64}. Best is trial 13 with value: 31.168460845947266.
Trainer already configured with model summary callbacks: [<class 'lightning.pytorch.callbacks.rich_model_summary.RichModelSummary'>]. Skipping setting a default `ModelSummary` callback.
GPU available: False, used: False
TPU available: False, using: 0 TPU cores
IPU available: False, using: 0 IPUs
HPU available: False, using: 0 HPUs
`Trainer.fit` stopped: `max_epochs=20` reached.
[I 2025-01-21 16:35:39,081] Trial 35 finished with value: 2245.750244140625 and parameters: {'pretrain_epochs': 0, 'lr': 0.00031091964455241437, 'mc_samples_train': 2, 'prior_scale': 0.11815326667205676, 'q_scale': 0.0003166390972477249, 'batch_size': 512}. Best is trial 13 with value: 31.168460845947266.
Trainer already configured with model summary callbacks: [<class 'lightning.pytorch.callbacks.rich_model_summary.RichModelSummary'>]. Skipping setting a default `ModelSummary` callback.
GPU available: False, used: False
TPU available: False, using: 0 TPU cores
IPU available: False, using: 0 IPUs
HPU available: False, using: 0 HPUs
`Trainer.fit` stopped: `max_epochs=20` reached.
[I 2025-01-21 16:37:33,622] Trial 36 finished with value: 45.7751579284668 and parameters: {'pretrain_epochs': 0, 'lr': 0.0007017884855886655, 'mc_samples_train': 1, 'prior_scale': 0.09118210438802386, 'q_scale': 0.0001414108128617784, 'batch_size': 64}. Best is trial 13 with value: 31.168460845947266.
Trainer already configured with model summary callbacks: [<class 'lightning.pytorch.callbacks.rich_model_summary.RichModelSummary'>]. Skipping setting a default `ModelSummary` callback.
GPU available: False, used: False
TPU available: False, using: 0 TPU cores
IPU available: False, using: 0 IPUs
HPU available: False, using: 0 HPUs
`Trainer.fit` stopped: `max_epochs=20` reached.
[I 2025-01-21 16:39:26,005] Trial 37 finished with value: 330.9507751464844 and parameters: {'pretrain_epochs': 0, 'lr': 0.0007773378654562068, 'mc_samples_train': 1, 'prior_scale': 0.03132689962902364, 'q_scale': 0.004603624831452556, 'batch_size': 64}. Best is trial 13 with value: 31.168460845947266.
Trainer already configured with model summary callbacks: [<class 'lightning.pytorch.callbacks.rich_model_summary.RichModelSummary'>]. Skipping setting a default `ModelSummary` callback.
GPU available: False, used: False
TPU available: False, using: 0 TPU cores
IPU available: False, using: 0 IPUs
HPU available: False, using: 0 HPUs
`Trainer.fit` stopped: `max_epochs=20` reached.
[I 2025-01-21 16:41:19,089] Trial 38 finished with value: 21.314678192138672 and parameters: {'pretrain_epochs': 0, 'lr': 0.0004691855293272588, 'mc_samples_train': 1, 'prior_scale': 0.1651822449114487, 'q_scale': 0.0002413339202524206, 'batch_size': 64}. Best is trial 38 with value: 21.314678192138672.
Trainer already configured with model summary callbacks: [<class 'lightning.pytorch.callbacks.rich_model_summary.RichModelSummary'>]. Skipping setting a default `ModelSummary` callback.
GPU available: False, used: False
TPU available: False, using: 0 TPU cores
IPU available: False, using: 0 IPUs
HPU available: False, using: 0 HPUs
`Trainer.fit` stopped: `max_epochs=20` reached.
[I 2025-01-21 16:44:29,070] Trial 39 finished with value: 11.818069458007812 and parameters: {'pretrain_epochs': 0, 'lr': 0.0007123646731156285, 'mc_samples_train': 1, 'prior_scale': 0.17140359718380252, 'q_scale': 0.00024098580020422535, 'batch_size': 32}. Best is trial 39 with value: 11.818069458007812.
Trainer already configured with model summary callbacks: [<class 'lightning.pytorch.callbacks.rich_model_summary.RichModelSummary'>]. Skipping setting a default `ModelSummary` callback.
GPU available: False, used: False
TPU available: False, using: 0 TPU cores
IPU available: False, using: 0 IPUs
HPU available: False, using: 0 HPUs
`Trainer.fit` stopped: `max_epochs=20` reached.
[I 2025-01-21 16:47:15,129] Trial 40 finished with value: 4226.267578125 and parameters: {'pretrain_epochs': 0, 'lr': 0.0009916755144266606, 'mc_samples_train': 1, 'prior_scale': 0.3524106410969168, 'q_scale': 0.0007445948198023072, 'batch_size': 32}. Best is trial 39 with value: 11.818069458007812.
Trainer already configured with model summary callbacks: [<class 'lightning.pytorch.callbacks.rich_model_summary.RichModelSummary'>]. Skipping setting a default `ModelSummary` callback.
GPU available: False, used: False
TPU available: False, using: 0 TPU cores
IPU available: False, using: 0 IPUs
HPU available: False, using: 0 HPUs
`Trainer.fit` stopped: `max_epochs=20` reached.
[I 2025-01-21 16:49:59,159] Trial 41 finished with value: 675.2577514648438 and parameters: {'pretrain_epochs': 0, 'lr': 0.0007281011122758886, 'mc_samples_train': 1, 'prior_scale': 0.16591042950105547, 'q_scale': 0.001190380701183488, 'batch_size': 32}. Best is trial 39 with value: 11.818069458007812.
Trainer already configured with model summary callbacks: [<class 'lightning.pytorch.callbacks.rich_model_summary.RichModelSummary'>]. Skipping setting a default `ModelSummary` callback.
GPU available: False, used: False
TPU available: False, using: 0 TPU cores
IPU available: False, using: 0 IPUs
HPU available: False, using: 0 HPUs
`Trainer.fit` stopped: `max_epochs=20` reached.
[I 2025-01-21 16:52:46,253] Trial 42 finished with value: 599.6838989257812 and parameters: {'pretrain_epochs': 0, 'lr': 0.0006509911099506281, 'mc_samples_train': 1, 'prior_scale': 0.26649897303624015, 'q_scale': 0.00023871626983803864, 'batch_size': 32}. Best is trial 39 with value: 11.818069458007812.
Trainer already configured with model summary callbacks: [<class 'lightning.pytorch.callbacks.rich_model_summary.RichModelSummary'>]. Skipping setting a default `ModelSummary` callback.
GPU available: False, used: False
TPU available: False, using: 0 TPU cores
IPU available: False, using: 0 IPUs
HPU available: False, using: 0 HPUs
`Trainer.fit` stopped: `max_epochs=20` reached.
[I 2025-01-21 16:55:28,282] Trial 43 finished with value: 5.994940280914307 and parameters: {'pretrain_epochs': 0, 'lr': 0.0004731646197936189, 'mc_samples_train': 1, 'prior_scale': 0.17376956166099874, 'q_scale': 0.00013674168174420155, 'batch_size': 32}. Best is trial 43 with value: 5.994940280914307.
Trainer already configured with model summary callbacks: [<class 'lightning.pytorch.callbacks.rich_model_summary.RichModelSummary'>]. Skipping setting a default `ModelSummary` callback.
GPU available: False, used: False
TPU available: False, using: 0 TPU cores
IPU available: False, using: 0 IPUs
HPU available: False, using: 0 HPUs
`Trainer.fit` stopped: `max_epochs=20` reached.
[I 2025-01-21 16:58:09,217] Trial 44 finished with value: 174.3585968017578 and parameters: {'pretrain_epochs': 0, 'lr': 0.0004948529343375201, 'mc_samples_train': 1, 'prior_scale': 0.18416480776336552, 'q_scale': 0.00013011893418680645, 'batch_size': 32}. Best is trial 43 with value: 5.994940280914307.
Trainer already configured with model summary callbacks: [<class 'lightning.pytorch.callbacks.rich_model_summary.RichModelSummary'>]. Skipping setting a default `ModelSummary` callback.
GPU available: False, used: False
TPU available: False, using: 0 TPU cores
IPU available: False, using: 0 IPUs
HPU available: False, using: 0 HPUs
`Trainer.fit` stopped: `max_epochs=20` reached.
[I 2025-01-21 17:01:21,727] Trial 45 finished with value: 9.8527250289917 and parameters: {'pretrain_epochs': 0, 'lr': 0.00036152602957443565, 'mc_samples_train': 1, 'prior_scale': 0.26517857068421063, 'q_scale': 0.0001152156562428663, 'batch_size': 32}. Best is trial 43 with value: 5.994940280914307.
Trainer already configured with model summary callbacks: [<class 'lightning.pytorch.callbacks.rich_model_summary.RichModelSummary'>]. Skipping setting a default `ModelSummary` callback.
GPU available: False, used: False
TPU available: False, using: 0 TPU cores
IPU available: False, using: 0 IPUs
HPU available: False, using: 0 HPUs
`Trainer.fit` stopped: `max_epochs=20` reached.
[I 2025-01-21 17:04:34,069] Trial 46 finished with value: 6111.24560546875 and parameters: {'pretrain_epochs': 0, 'lr': 0.00033846968679655505, 'mc_samples_train': 1, 'prior_scale': 0.48941861137898474, 'q_scale': 0.00011165669994127134, 'batch_size': 32}. Best is trial 43 with value: 5.994940280914307.
Trainer already configured with model summary callbacks: [<class 'lightning.pytorch.callbacks.rich_model_summary.RichModelSummary'>]. Skipping setting a default `ModelSummary` callback.
GPU available: False, used: False
TPU available: False, using: 0 TPU cores
IPU available: False, using: 0 IPUs
HPU available: False, using: 0 HPUs
`Trainer.fit` stopped: `max_epochs=20` reached.
[I 2025-01-21 17:07:43,869] Trial 47 finished with value: 118.82960510253906 and parameters: {'pretrain_epochs': 0, 'lr': 0.0002472365202491886, 'mc_samples_train': 1, 'prior_scale': 0.24854224489741095, 'q_scale': 0.00027600229450422924, 'batch_size': 32}. Best is trial 43 with value: 5.994940280914307.
Trainer already configured with model summary callbacks: [<class 'lightning.pytorch.callbacks.rich_model_summary.RichModelSummary'>]. Skipping setting a default `ModelSummary` callback.
GPU available: False, used: False
TPU available: False, using: 0 TPU cores
IPU available: False, using: 0 IPUs
HPU available: False, using: 0 HPUs
`Trainer.fit` stopped: `max_epochs=20` reached.
[I 2025-01-21 17:10:51,215] Trial 48 finished with value: 21.736173629760742 and parameters: {'pretrain_epochs': 0, 'lr': 8.063377524138563e-05, 'mc_samples_train': 1, 'prior_scale': 0.3198270999747705, 'q_scale': 0.0001012921224068172, 'batch_size': 32}. Best is trial 43 with value: 5.994940280914307.
Trainer already configured with model summary callbacks: [<class 'lightning.pytorch.callbacks.rich_model_summary.RichModelSummary'>]. Skipping setting a default `ModelSummary` callback.
GPU available: False, used: False
TPU available: False, using: 0 TPU cores
IPU available: False, using: 0 IPUs
HPU available: False, using: 0 HPUs
`Trainer.fit` stopped: `max_epochs=20` reached.
[I 2025-01-21 17:14:13,155] Trial 49 finished with value: 117.42359924316406 and parameters: {'pretrain_epochs': 0, 'lr': 3.395944774961302e-05, 'mc_samples_train': 1, 'prior_scale': 0.32678933944450383, 'q_scale': 0.00015257367647138052, 'batch_size': 32}. Best is trial 43 with value: 5.994940280914307.
Trainer already configured with model summary callbacks: [<class 'lightning.pytorch.callbacks.rich_model_summary.RichModelSummary'>]. Skipping setting a default `ModelSummary` callback.
GPU available: False, used: False
TPU available: False, using: 0 TPU cores
IPU available: False, using: 0 IPUs
HPU available: False, using: 0 HPUs
`Trainer.fit` stopped: `max_epochs=20` reached.
[I 2025-01-21 17:17:02,019] Trial 50 finished with value: 113.8948745727539 and parameters: {'pretrain_epochs': 0, 'lr': 3.77699268172814e-05, 'mc_samples_train': 1, 'prior_scale': 0.2303872486445908, 'q_scale': 0.00012099071450433568, 'batch_size': 32}. Best is trial 43 with value: 5.994940280914307.
Trainer already configured with model summary callbacks: [<class 'lightning.pytorch.callbacks.rich_model_summary.RichModelSummary'>]. Skipping setting a default `ModelSummary` callback.
GPU available: False, used: False
TPU available: False, using: 0 TPU cores
IPU available: False, using: 0 IPUs
HPU available: False, using: 0 HPUs
`Trainer.fit` stopped: `max_epochs=20` reached.
[I 2025-01-21 17:19:55,216] Trial 51 finished with value: 87.46216583251953 and parameters: {'pretrain_epochs': 0, 'lr': 5.7992012101703865e-05, 'mc_samples_train': 1, 'prior_scale': 0.15563179891106815, 'q_scale': 0.0001019785119599182, 'batch_size': 32}. Best is trial 43 with value: 5.994940280914307.
Trainer already configured with model summary callbacks: [<class 'lightning.pytorch.callbacks.rich_model_summary.RichModelSummary'>]. Skipping setting a default `ModelSummary` callback.
GPU available: False, used: False
TPU available: False, using: 0 TPU cores
IPU available: False, using: 0 IPUs
HPU available: False, using: 0 HPUs
`Trainer.fit` stopped: `max_epochs=20` reached.
[I 2025-01-21 17:23:10,599] Trial 52 finished with value: 15.457372665405273 and parameters: {'pretrain_epochs': 0, 'lr': 7.275827338022092e-05, 'mc_samples_train': 1, 'prior_scale': 0.3371337121775371, 'q_scale': 0.0001806932227633734, 'batch_size': 32}. Best is trial 43 with value: 5.994940280914307.
Trainer already configured with model summary callbacks: [<class 'lightning.pytorch.callbacks.rich_model_summary.RichModelSummary'>]. Skipping setting a default `ModelSummary` callback.
GPU available: False, used: False
TPU available: False, using: 0 TPU cores
IPU available: False, using: 0 IPUs
HPU available: False, using: 0 HPUs
`Trainer.fit` stopped: `max_epochs=20` reached.
[I 2025-01-21 17:26:24,892] Trial 53 finished with value: 14560.77734375 and parameters: {'pretrain_epochs': 0, 'lr': 8.412864779622777e-05, 'mc_samples_train': 1, 'prior_scale': 0.3179812450135304, 'q_scale': 0.00017014267860903425, 'batch_size': 32}. Best is trial 43 with value: 5.994940280914307.
Trainer already configured with model summary callbacks: [<class 'lightning.pytorch.callbacks.rich_model_summary.RichModelSummary'>]. Skipping setting a default `ModelSummary` callback.
GPU available: False, used: False
TPU available: False, using: 0 TPU cores
IPU available: False, using: 0 IPUs
HPU available: False, using: 0 HPUs
`Trainer.fit` stopped: `max_epochs=20` reached.
[I 2025-01-21 17:29:39,326] Trial 54 finished with value: 64.4117431640625 and parameters: {'pretrain_epochs': 0, 'lr': 5.270758382465969e-05, 'mc_samples_train': 1, 'prior_scale': 0.39331808128435963, 'q_scale': 0.00020504740331084772, 'batch_size': 32}. Best is trial 43 with value: 5.994940280914307.
Trainer already configured with model summary callbacks: [<class 'lightning.pytorch.callbacks.rich_model_summary.RichModelSummary'>]. Skipping setting a default `ModelSummary` callback.
GPU available: False, used: False
TPU available: False, using: 0 TPU cores
IPU available: False, using: 0 IPUs
HPU available: False, using: 0 HPUs
`Trainer.fit` stopped: `max_epochs=20` reached.
[I 2025-01-21 17:30:55,301] Trial 55 finished with value: 489.6874084472656 and parameters: {'pretrain_epochs': 0, 'lr': 9.130631666961225e-05, 'mc_samples_train': 1, 'prior_scale': 0.4211227126940991, 'q_scale': 0.00013302106183969592, 'batch_size': 128}. Best is trial 43 with value: 5.994940280914307.
Trainer already configured with model summary callbacks: [<class 'lightning.pytorch.callbacks.rich_model_summary.RichModelSummary'>]. Skipping setting a default `ModelSummary` callback.
GPU available: False, used: False
TPU available: False, using: 0 TPU cores
IPU available: False, using: 0 IPUs
HPU available: False, using: 0 HPUs
`Trainer.fit` stopped: `max_epochs=20` reached.
[I 2025-01-21 17:34:16,487] Trial 56 finished with value: 53.581886291503906 and parameters: {'pretrain_epochs': 0, 'lr': 6.706636901563083e-05, 'mc_samples_train': 1, 'prior_scale': 0.2923977432058384, 'q_scale': 0.00028172975380520027, 'batch_size': 32}. Best is trial 43 with value: 5.994940280914307.
Trainer already configured with model summary callbacks: [<class 'lightning.pytorch.callbacks.rich_model_summary.RichModelSummary'>]. Skipping setting a default `ModelSummary` callback.
GPU available: False, used: False
TPU available: False, using: 0 TPU cores
IPU available: False, using: 0 IPUs
HPU available: False, using: 0 HPUs
`Trainer.fit` stopped: `max_epochs=20` reached.
[I 2025-01-21 17:37:26,746] Trial 57 finished with value: 84.3143081665039 and parameters: {'pretrain_epochs': 0, 'lr': 4.2396387693122836e-05, 'mc_samples_train': 1, 'prior_scale': 0.49575214854971766, 'q_scale': 0.002306563573224182, 'batch_size': 32}. Best is trial 43 with value: 5.994940280914307.
Trainer already configured with model summary callbacks: [<class 'lightning.pytorch.callbacks.rich_model_summary.RichModelSummary'>]. Skipping setting a default `ModelSummary` callback.
GPU available: False, used: False
TPU available: False, using: 0 TPU cores
IPU available: False, using: 0 IPUs
HPU available: False, using: 0 HPUs
`Trainer.fit` stopped: `max_epochs=20` reached.
[I 2025-01-21 17:40:39,666] Trial 58 finished with value: 509.401123046875 and parameters: {'pretrain_epochs': 0, 'lr': 1.2459018668896851e-05, 'mc_samples_train': 1, 'prior_scale': 0.23317337235314306, 'q_scale': 0.00015963601765683075, 'batch_size': 32}. Best is trial 43 with value: 5.994940280914307.
Trainer already configured with model summary callbacks: [<class 'lightning.pytorch.callbacks.rich_model_summary.RichModelSummary'>]. Skipping setting a default `ModelSummary` callback.
GPU available: False, used: False
TPU available: False, using: 0 TPU cores
IPU available: False, using: 0 IPUs
HPU available: False, using: 0 HPUs
`Trainer.fit` stopped: `max_epochs=20` reached.
