/home/g15farris/.conda/envs/bnn/lib/python3.12/site-packages/hydra/_internal/instantiate/_instantiate2.py:92: ExperimentalWarning: PatientPruner is experimental (supported from v2.8.0). The interface can change in the future.
  return _target_(*args, **kwargs)
[I 2025-01-21 15:14:34,545] A new study created in RDB with name: bnn_fo
Trainer already configured with model summary callbacks: [<class 'lightning.pytorch.callbacks.rich_model_summary.RichModelSummary'>]. Skipping setting a default `ModelSummary` callback.
GPU available: False, used: False
TPU available: False, using: 0 TPU cores
IPU available: False, using: 0 IPUs
HPU available: False, using: 0 HPUs
/home/g15farris/.conda/envs/bnn/lib/python3.12/site-packages/lightning/pytorch/core/optimizer.py:181: `LightningModule.configure_optimizers` returned `None`, this fit will run with no optimizer
/home/g15farris/.conda/envs/bnn/lib/python3.12/site-packages/lightning/pytorch/loops/fit_loop.py:298: The number of training batches (24) is smaller than the logging interval Trainer(log_every_n_steps=50). Set a lower value for log_every_n_steps if you want to see logs for the training epoch.
/home/g15farris/.conda/envs/bnn/lib/python3.12/site-packages/tyxe/likelihoods.py:203: UserWarning: var(): degrees of freedom is <= 0. Correction should be strictly less than the reduction factor (input numel divided by output numel). (Triggered internally at ../aten/src/ATen/native/ReduceOps.cpp:1807.)
  agg_scale = precision.reciprocal().mean(dim).add(loc.var(dim)).sqrt()
/home/g15farris/.conda/envs/bnn/lib/python3.12/site-packages/lightning/pytorch/loops/optimization/automatic.py:132: `training_step` returned `None`. If this was on purpose, ignore this warning...
`Trainer.fit` stopped: `max_epochs=20` reached.
[I 2025-01-21 15:15:27,766] Trial 0 finished with value: 39701.5078125 and parameters: {'pretrain_epochs': 0, 'lr': 2.4156772025296228e-05, 'mc_samples_train': 1, 'prior_scale': 0.21592388039429916, 'q_scale': 0.0036303760732131728, 'batch_size': 256}. Best is trial 0 with value: 39701.5078125.
Trainer already configured with model summary callbacks: [<class 'lightning.pytorch.callbacks.rich_model_summary.RichModelSummary'>]. Skipping setting a default `ModelSummary` callback.
GPU available: False, used: False
TPU available: False, using: 0 TPU cores
IPU available: False, using: 0 IPUs
HPU available: False, using: 0 HPUs
/home/g15farris/.conda/envs/bnn/lib/python3.12/site-packages/lightning/pytorch/loops/fit_loop.py:298: The number of training batches (12) is smaller than the logging interval Trainer(log_every_n_steps=50). Set a lower value for log_every_n_steps if you want to see logs for the training epoch.
`Trainer.fit` stopped: `max_epochs=20` reached.
[I 2025-01-21 15:16:33,002] Trial 1 finished with value: 30746.322265625 and parameters: {'pretrain_epochs': 0, 'lr': 5.195586024325663e-05, 'mc_samples_train': 2, 'prior_scale': 0.16250224524496343, 'q_scale': 0.0005501758328845987, 'batch_size': 512}. Best is trial 1 with value: 30746.322265625.
Trainer already configured with model summary callbacks: [<class 'lightning.pytorch.callbacks.rich_model_summary.RichModelSummary'>]. Skipping setting a default `ModelSummary` callback.
GPU available: False, used: False
TPU available: False, using: 0 TPU cores
IPU available: False, using: 0 IPUs
HPU available: False, using: 0 HPUs
/home/g15farris/.conda/envs/bnn/lib/python3.12/site-packages/lightning/pytorch/loops/fit_loop.py:298: The number of training batches (49) is smaller than the logging interval Trainer(log_every_n_steps=50). Set a lower value for log_every_n_steps if you want to see logs for the training epoch.
`Trainer.fit` stopped: `max_epochs=20` reached.
[I 2025-01-21 15:17:38,473] Trial 2 finished with value: 2600.35595703125 and parameters: {'pretrain_epochs': 0, 'lr': 5.367498945698204e-05, 'mc_samples_train': 1, 'prior_scale': 0.04232733477101895, 'q_scale': 0.0073498792462323385, 'batch_size': 128}. Best is trial 2 with value: 2600.35595703125.
Trainer already configured with model summary callbacks: [<class 'lightning.pytorch.callbacks.rich_model_summary.RichModelSummary'>]. Skipping setting a default `ModelSummary` callback.
GPU available: False, used: False
TPU available: False, using: 0 TPU cores
IPU available: False, using: 0 IPUs
HPU available: False, using: 0 HPUs
`Trainer.fit` stopped: `max_epochs=20` reached.
[I 2025-01-21 15:19:22,942] Trial 3 finished with value: 115.64926147460938 and parameters: {'pretrain_epochs': 0, 'lr': 0.0005473369642905611, 'mc_samples_train': 2, 'prior_scale': 0.017549127225111354, 'q_scale': 0.002561662685923485, 'batch_size': 128}. Best is trial 3 with value: 115.64926147460938.
Trainer already configured with model summary callbacks: [<class 'lightning.pytorch.callbacks.rich_model_summary.RichModelSummary'>]. Skipping setting a default `ModelSummary` callback.
GPU available: False, used: False
TPU available: False, using: 0 TPU cores
IPU available: False, using: 0 IPUs
HPU available: False, using: 0 HPUs
`Trainer.fit` stopped: `max_epochs=20` reached.
[I 2025-01-21 15:20:25,810] Trial 4 finished with value: 31401.525390625 and parameters: {'pretrain_epochs': 0, 'lr': 1.3170990774640101e-05, 'mc_samples_train': 1, 'prior_scale': 0.14015302623589543, 'q_scale': 0.001546142648648774, 'batch_size': 128}. Best is trial 3 with value: 115.64926147460938.
Trainer already configured with model summary callbacks: [<class 'lightning.pytorch.callbacks.rich_model_summary.RichModelSummary'>]. Skipping setting a default `ModelSummary` callback.
GPU available: False, used: False
TPU available: False, using: 0 TPU cores
IPU available: False, using: 0 IPUs
HPU available: False, using: 0 HPUs
`Trainer.fit` stopped: `max_epochs=20` reached.
[I 2025-01-21 15:21:29,356] Trial 5 finished with value: 26526.265625 and parameters: {'pretrain_epochs': 0, 'lr': 1.674127903856e-05, 'mc_samples_train': 1, 'prior_scale': 0.01026814371296241, 'q_scale': 0.0017174472922154307, 'batch_size': 128}. Best is trial 3 with value: 115.64926147460938.
Trainer already configured with model summary callbacks: [<class 'lightning.pytorch.callbacks.rich_model_summary.RichModelSummary'>]. Skipping setting a default `ModelSummary` callback.
GPU available: False, used: False
TPU available: False, using: 0 TPU cores
IPU available: False, using: 0 IPUs
HPU available: False, using: 0 HPUs
`Trainer.fit` stopped: `max_epochs=20` reached.
[I 2025-01-21 15:22:31,721] Trial 6 finished with value: 7458.810546875 and parameters: {'pretrain_epochs': 0, 'lr': 3.71964865643354e-05, 'mc_samples_train': 1, 'prior_scale': 0.021500386108909676, 'q_scale': 0.0005816140699158816, 'batch_size': 128}. Best is trial 3 with value: 115.64926147460938.
Trainer already configured with model summary callbacks: [<class 'lightning.pytorch.callbacks.rich_model_summary.RichModelSummary'>]. Skipping setting a default `ModelSummary` callback.
GPU available: False, used: False
TPU available: False, using: 0 TPU cores
IPU available: False, using: 0 IPUs
HPU available: False, using: 0 HPUs
`Trainer.fit` stopped: `max_epochs=20` reached.
[I 2025-01-21 15:25:28,605] Trial 7 finished with value: 3774.191162109375 and parameters: {'pretrain_epochs': 0, 'lr': 0.00029994809793642315, 'mc_samples_train': 1, 'prior_scale': 0.015205659078436342, 'q_scale': 0.0002873671566774025, 'batch_size': 32}. Best is trial 3 with value: 115.64926147460938.
Trainer already configured with model summary callbacks: [<class 'lightning.pytorch.callbacks.rich_model_summary.RichModelSummary'>]. Skipping setting a default `ModelSummary` callback.
GPU available: False, used: False
TPU available: False, using: 0 TPU cores
IPU available: False, using: 0 IPUs
HPU available: False, using: 0 HPUs
`Trainer.fit` stopped: `max_epochs=20` reached.
[I 2025-01-21 15:27:14,475] Trial 8 finished with value: 716.937744140625 and parameters: {'pretrain_epochs': 0, 'lr': 7.478015213333154e-05, 'mc_samples_train': 2, 'prior_scale': 0.1156399334005538, 'q_scale': 0.002582231235363856, 'batch_size': 128}. Best is trial 3 with value: 115.64926147460938.
Trainer already configured with model summary callbacks: [<class 'lightning.pytorch.callbacks.rich_model_summary.RichModelSummary'>]. Skipping setting a default `ModelSummary` callback.
GPU available: False, used: False
TPU available: False, using: 0 TPU cores
IPU available: False, using: 0 IPUs
HPU available: False, using: 0 HPUs
`Trainer.fit` stopped: `max_epochs=20` reached.
[I 2025-01-21 15:28:19,522] Trial 9 finished with value: 697.4255981445312 and parameters: {'pretrain_epochs': 0, 'lr': 2.01904291186572e-05, 'mc_samples_train': 1, 'prior_scale': 0.41347469058863023, 'q_scale': 0.0009135206248796449, 'batch_size': 128}. Best is trial 3 with value: 115.64926147460938.
Trainer already configured with model summary callbacks: [<class 'lightning.pytorch.callbacks.rich_model_summary.RichModelSummary'>]. Skipping setting a default `ModelSummary` callback.
GPU available: False, used: False
TPU available: False, using: 0 TPU cores
IPU available: False, using: 0 IPUs
HPU available: False, using: 0 HPUs
`Trainer.fit` stopped: `max_epochs=20` reached.
[I 2025-01-21 15:31:04,950] Trial 10 finished with value: 74.64686584472656 and parameters: {'pretrain_epochs': 0, 'lr': 0.0008289681104465045, 'mc_samples_train': 2, 'prior_scale': 0.03823730602613338, 'q_scale': 0.00011667005469831107, 'batch_size': 64}. Best is trial 10 with value: 74.64686584472656.
Trainer already configured with model summary callbacks: [<class 'lightning.pytorch.callbacks.rich_model_summary.RichModelSummary'>]. Skipping setting a default `ModelSummary` callback.
GPU available: False, used: False
TPU available: False, using: 0 TPU cores
IPU available: False, using: 0 IPUs
HPU available: False, using: 0 HPUs
`Trainer.fit` stopped: `max_epochs=20` reached.
[I 2025-01-21 15:33:46,114] Trial 11 finished with value: 1812.959228515625 and parameters: {'pretrain_epochs': 0, 'lr': 0.0009233768742572698, 'mc_samples_train': 2, 'prior_scale': 0.04155761071630431, 'q_scale': 0.000282794630712143, 'batch_size': 64}. Best is trial 10 with value: 74.64686584472656.
Trainer already configured with model summary callbacks: [<class 'lightning.pytorch.callbacks.rich_model_summary.RichModelSummary'>]. Skipping setting a default `ModelSummary` callback.
GPU available: False, used: False
TPU available: False, using: 0 TPU cores
IPU available: False, using: 0 IPUs
HPU available: False, using: 0 HPUs
`Trainer.fit` stopped: `max_epochs=20` reached.
[I 2025-01-21 15:36:29,896] Trial 12 finished with value: 159.24063110351562 and parameters: {'pretrain_epochs': 0, 'lr': 0.0008502926265357448, 'mc_samples_train': 2, 'prior_scale': 0.029627041695089486, 'q_scale': 0.0001048730182267508, 'batch_size': 64}. Best is trial 10 with value: 74.64686584472656.
Trainer already configured with model summary callbacks: [<class 'lightning.pytorch.callbacks.rich_model_summary.RichModelSummary'>]. Skipping setting a default `ModelSummary` callback.
GPU available: False, used: False
TPU available: False, using: 0 TPU cores
IPU available: False, using: 0 IPUs
HPU available: False, using: 0 HPUs
`Trainer.fit` stopped: `max_epochs=20` reached.
[I 2025-01-21 15:39:15,617] Trial 13 finished with value: 31.168460845947266 and parameters: {'pretrain_epochs': 0, 'lr': 0.000237679721845533, 'mc_samples_train': 2, 'prior_scale': 0.06695258493739469, 'q_scale': 0.00010181643448900099, 'batch_size': 64}. Best is trial 13 with value: 31.168460845947266.
Trainer already configured with model summary callbacks: [<class 'lightning.pytorch.callbacks.rich_model_summary.RichModelSummary'>]. Skipping setting a default `ModelSummary` callback.
GPU available: False, used: False
TPU available: False, using: 0 TPU cores
IPU available: False, using: 0 IPUs
HPU available: False, using: 0 HPUs
`Trainer.fit` stopped: `max_epochs=20` reached.
[I 2025-01-21 15:41:58,595] Trial 14 finished with value: 4467.90185546875 and parameters: {'pretrain_epochs': 0, 'lr': 0.0001849900800351866, 'mc_samples_train': 2, 'prior_scale': 0.07234356531258763, 'q_scale': 0.00010323179691945224, 'batch_size': 64}. Best is trial 13 with value: 31.168460845947266.
Trainer already configured with model summary callbacks: [<class 'lightning.pytorch.callbacks.rich_model_summary.RichModelSummary'>]. Skipping setting a default `ModelSummary` callback.
GPU available: False, used: False
TPU available: False, using: 0 TPU cores
IPU available: False, using: 0 IPUs
HPU available: False, using: 0 HPUs
`Trainer.fit` stopped: `max_epochs=20` reached.
[I 2025-01-21 15:44:41,760] Trial 15 finished with value: 82.8239974975586 and parameters: {'pretrain_epochs': 0, 'lr': 0.0001520432947417473, 'mc_samples_train': 2, 'prior_scale': 0.07389242845241523, 'q_scale': 0.0002110133001322525, 'batch_size': 64}. Best is trial 13 with value: 31.168460845947266.
Trainer already configured with model summary callbacks: [<class 'lightning.pytorch.callbacks.rich_model_summary.RichModelSummary'>]. Skipping setting a default `ModelSummary` callback.
GPU available: False, used: False
TPU available: False, using: 0 TPU cores
IPU available: False, using: 0 IPUs
HPU available: False, using: 0 HPUs
`Trainer.fit` stopped: `max_epochs=20` reached.
[I 2025-01-21 15:47:24,885] Trial 16 finished with value: 246.34768676757812 and parameters: {'pretrain_epochs': 0, 'lr': 0.00036396381551330004, 'mc_samples_train': 2, 'prior_scale': 0.05159138616689496, 'q_scale': 0.00018798953024619426, 'batch_size': 64}. Best is trial 13 with value: 31.168460845947266.
Trainer already configured with model summary callbacks: [<class 'lightning.pytorch.callbacks.rich_model_summary.RichModelSummary'>]. Skipping setting a default `ModelSummary` callback.
GPU available: False, used: False
TPU available: False, using: 0 TPU cores
IPU available: False, using: 0 IPUs
HPU available: False, using: 0 HPUs
`Trainer.fit` stopped: `max_epochs=20` reached.
[I 2025-01-21 15:48:42,212] Trial 17 finished with value: 1494.7078857421875 and parameters: {'pretrain_epochs': 0, 'lr': 0.0001305555678361346, 'mc_samples_train': 2, 'prior_scale': 0.09318467969399415, 'q_scale': 0.0001636126899589035, 'batch_size': 256}. Best is trial 13 with value: 31.168460845947266.
Trainer already configured with model summary callbacks: [<class 'lightning.pytorch.callbacks.rich_model_summary.RichModelSummary'>]. Skipping setting a default `ModelSummary` callback.
GPU available: False, used: False
TPU available: False, using: 0 TPU cores
IPU available: False, using: 0 IPUs
HPU available: False, using: 0 HPUs
`Trainer.fit` stopped: `max_epochs=20` reached.
[I 2025-01-21 15:53:22,636] Trial 18 finished with value: 13902.4267578125 and parameters: {'pretrain_epochs': 0, 'lr': 0.00029889525905328385, 'mc_samples_train': 2, 'prior_scale': 0.026458812536782266, 'q_scale': 0.0004933068930894532, 'batch_size': 32}. Best is trial 13 with value: 31.168460845947266.
Trainer already configured with model summary callbacks: [<class 'lightning.pytorch.callbacks.rich_model_summary.RichModelSummary'>]. Skipping setting a default `ModelSummary` callback.
GPU available: False, used: False
TPU available: False, using: 0 TPU cores
IPU available: False, using: 0 IPUs
HPU available: False, using: 0 HPUs
`Trainer.fit` stopped: `max_epochs=20` reached.
[I 2025-01-21 15:54:29,384] Trial 19 finished with value: 1310.6141357421875 and parameters: {'pretrain_epochs': 0, 'lr': 0.000596698620176673, 'mc_samples_train': 2, 'prior_scale': 0.28279709924417645, 'q_scale': 0.0003392926900223041, 'batch_size': 512}. Best is trial 13 with value: 31.168460845947266.
Trainer already configured with model summary callbacks: [<class 'lightning.pytorch.callbacks.rich_model_summary.RichModelSummary'>]. Skipping setting a default `ModelSummary` callback.
GPU available: False, used: False
TPU available: False, using: 0 TPU cores
IPU available: False, using: 0 IPUs
HPU available: False, using: 0 HPUs
`Trainer.fit` stopped: `max_epochs=20` reached.
[I 2025-01-21 15:57:16,791] Trial 20 finished with value: 251.41139221191406 and parameters: {'pretrain_epochs': 0, 'lr': 0.00022763128500485915, 'mc_samples_train': 2, 'prior_scale': 0.05115486610276681, 'q_scale': 0.00014138201041634648, 'batch_size': 64}. Best is trial 13 with value: 31.168460845947266.
Trainer already configured with model summary callbacks: [<class 'lightning.pytorch.callbacks.rich_model_summary.RichModelSummary'>]. Skipping setting a default `ModelSummary` callback.
GPU available: False, used: False
TPU available: False, using: 0 TPU cores
IPU available: False, using: 0 IPUs
HPU available: False, using: 0 HPUs
`Trainer.fit` stopped: `max_epochs=20` reached.
[I 2025-01-21 16:00:01,118] Trial 21 finished with value: 71.70657348632812 and parameters: {'pretrain_epochs': 0, 'lr': 0.00011564829892542348, 'mc_samples_train': 2, 'prior_scale': 0.0825641907696832, 'q_scale': 0.00021516906084559725, 'batch_size': 64}. Best is trial 13 with value: 31.168460845947266.
Trainer already configured with model summary callbacks: [<class 'lightning.pytorch.callbacks.rich_model_summary.RichModelSummary'>]. Skipping setting a default `ModelSummary` callback.
GPU available: False, used: False
TPU available: False, using: 0 TPU cores
IPU available: False, using: 0 IPUs
HPU available: False, using: 0 HPUs
`Trainer.fit` stopped: `max_epochs=20` reached.
[I 2025-01-21 16:02:44,555] Trial 22 finished with value: 140.4539794921875 and parameters: {'pretrain_epochs': 0, 'lr': 0.00010403646975874432, 'mc_samples_train': 2, 'prior_scale': 0.0933156944086349, 'q_scale': 0.00013125673778111363, 'batch_size': 64}. Best is trial 13 with value: 31.168460845947266.
Trainer already configured with model summary callbacks: [<class 'lightning.pytorch.callbacks.rich_model_summary.RichModelSummary'>]. Skipping setting a default `ModelSummary` callback.
GPU available: False, used: False
TPU available: False, using: 0 TPU cores
IPU available: False, using: 0 IPUs
HPU available: False, using: 0 HPUs
`Trainer.fit` stopped: `max_epochs=20` reached.
[I 2025-01-21 16:05:30,475] Trial 23 finished with value: 31.70477867126465 and parameters: {'pretrain_epochs': 0, 'lr': 0.00045243167204162845, 'mc_samples_train': 2, 'prior_scale': 0.055247409997317615, 'q_scale': 0.0002298196794218539, 'batch_size': 64}. Best is trial 13 with value: 31.168460845947266.
Trainer already configured with model summary callbacks: [<class 'lightning.pytorch.callbacks.rich_model_summary.RichModelSummary'>]. Skipping setting a default `ModelSummary` callback.
GPU available: False, used: False
TPU available: False, using: 0 TPU cores
IPU available: False, using: 0 IPUs
HPU available: False, using: 0 HPUs
`Trainer.fit` stopped: `max_epochs=20` reached.
[I 2025-01-21 16:08:27,436] Trial 24 finished with value: 46.50003433227539 and parameters: {'pretrain_epochs': 0, 'lr': 0.0004783730158504642, 'mc_samples_train': 2, 'prior_scale': 0.060797957209521955, 'q_scale': 0.0003826662042047072, 'batch_size': 64}. Best is trial 13 with value: 31.168460845947266.
Trainer already configured with model summary callbacks: [<class 'lightning.pytorch.callbacks.rich_model_summary.RichModelSummary'>]. Skipping setting a default `ModelSummary` callback.
GPU available: False, used: False
TPU available: False, using: 0 TPU cores
IPU available: False, using: 0 IPUs
HPU available: False, using: 0 HPUs
`Trainer.fit` stopped: `max_epochs=20` reached.
[I 2025-01-21 16:11:13,049] Trial 25 finished with value: 113.87147521972656 and parameters: {'pretrain_epochs': 0, 'lr': 0.00046765644234651705, 'mc_samples_train': 2, 'prior_scale': 0.057694722023448206, 'q_scale': 0.000400974086187665, 'batch_size': 64}. Best is trial 13 with value: 31.168460845947266.
Trainer already configured with model summary callbacks: [<class 'lightning.pytorch.callbacks.rich_model_summary.RichModelSummary'>]. Skipping setting a default `ModelSummary` callback.
GPU available: False, used: False
TPU available: False, using: 0 TPU cores
IPU available: False, using: 0 IPUs
HPU available: False, using: 0 HPUs
`Trainer.fit` stopped: `max_epochs=20` reached.
[I 2025-01-21 16:13:55,657] Trial 26 finished with value: 436.85772705078125 and parameters: {'pretrain_epochs': 0, 'lr': 0.0002137055423497779, 'mc_samples_train': 2, 'prior_scale': 0.1130866090651604, 'q_scale': 0.0008544348428366897, 'batch_size': 64}. Best is trial 13 with value: 31.168460845947266.
Trainer already configured with model summary callbacks: [<class 'lightning.pytorch.callbacks.rich_model_summary.RichModelSummary'>]. Skipping setting a default `ModelSummary` callback.
GPU available: False, used: False
TPU available: False, using: 0 TPU cores
IPU available: False, using: 0 IPUs
HPU available: False, using: 0 HPUs
`Trainer.fit` stopped: `max_epochs=20` reached.
[I 2025-01-21 16:15:14,232] Trial 27 finished with value: 722.0823974609375 and parameters: {'pretrain_epochs': 0, 'lr': 0.00038661355295057113, 'mc_samples_train': 2, 'prior_scale': 0.034199207000975076, 'q_scale': 0.0002494379681421189, 'batch_size': 256}. Best is trial 13 with value: 31.168460845947266.
Trainer already configured with model summary callbacks: [<class 'lightning.pytorch.callbacks.rich_model_summary.RichModelSummary'>]. Skipping setting a default `ModelSummary` callback.
GPU available: False, used: False
TPU available: False, using: 0 TPU cores
IPU available: False, using: 0 IPUs
HPU available: False, using: 0 HPUs
`Trainer.fit` stopped: `max_epochs=20` reached.
