[I 2025-02-24 17:33:19,851] Trial 46 finished with value: -105.50817108154297 and parameters: {'pretrain_epochs': 0, 'lr': 0.0005868920054136452, 'mc_samples_train': 1, 'prior_scale': 0.1777726011235426, 'q_scale': 0.0003589252984248486, 'batch_size': 128}. Best is trial 43 with value: -166.8891143798828.
[W 2025-02-24 17:36:20,794] Trial 47 failed with parameters: {'pretrain_epochs': 0, 'lr': 0.0005366483166720731, 'mc_samples_train': 1, 'prior_scale': 0.08858804972118774, 'q_scale': 0.0003975301232059106, 'batch_size': 128} because of the following error: FileNotFoundError(2, 'No such file or directory').
Traceback (most recent call last):
  File "/home/g15farris/.conda/envs/bnn/lib/python3.12/site-packages/hydra/_internal/instantiate/_instantiate2.py", line 92, in _call_target
    return _target_(*args, **kwargs)
           ^^^^^^^^^^^^^^^^^^^^^^^^^
  File "/home/g15farris/bin/bayesaenet/bnn_aenet/datamodule/aenet_datamodule.py", line 27, in __init__
    self.load_db()
  File "/home/g15farris/bin/bayesaenet/bnn_aenet/datamodule/aenet_datamodule.py", line 44, in load_db
    self.list_structures_energy, self.list_structures_forces, self.list_removed, self.max_nnb, self.tin = read_list_structures(self.tin)
                                                                                                          ^^^^^^^^^^^^^^^^^^^^^^^^^^^^^^
  File "/home/g15farris/bin/bayesaenet/bnn_aenet/datamodule/aenet/prepare_batches.py", line 15, in read_list_structures
    list_structures_energy, list_removed, max_nnb, tin = read_train(tin)
                                                         ^^^^^^^^^^^^^^^
  File "/home/g15farris/bin/bayesaenet/bnn_aenet/datamodule/aenet/read_trainset.py", line 104, in read_train
    with open (trainfile, "r") as tf:
         ^^^^^^^^^^^^^^^^^^^^^
OSError: [Errno 5] Input/output error: '/work/g15farris/database/TiO/data.train.ascii'

The above exception was the direct cause of the following exception:

Traceback (most recent call last):
  File "/home/g15farris/bin/bayesaenet/bnn_aenet/tasks/utils/utils.py", line 42, in wrap
    raise ex
  File "/home/g15farris/bin/bayesaenet/bnn_aenet/tasks/utils/utils.py", line 39, in wrap
    metric_dict, object_dict = task_func(cfg=cfg, trial=trial)
                               ^^^^^^^^^^^^^^^^^^^^^^^^^^^^^^^
  File "/home/g15farris/bin/bayesaenet/bnn_aenet/tasks/train.py", line 46, in train
    datamodule: LightningDataModule = hydra.utils.instantiate(cfg.datamodule)
                                      ^^^^^^^^^^^^^^^^^^^^^^^^^^^^^^^^^^^^^^^
  File "/home/g15farris/.conda/envs/bnn/lib/python3.12/site-packages/hydra/_internal/instantiate/_instantiate2.py", line 226, in instantiate
    return instantiate_node(
           ^^^^^^^^^^^^^^^^^
  File "/home/g15farris/.conda/envs/bnn/lib/python3.12/site-packages/hydra/_internal/instantiate/_instantiate2.py", line 347, in instantiate_node
    return _call_target(_target_, partial, args, kwargs, full_key)
           ^^^^^^^^^^^^^^^^^^^^^^^^^^^^^^^^^^^^^^^^^^^^^^^^^^^^^^^
  File "/home/g15farris/.conda/envs/bnn/lib/python3.12/site-packages/hydra/_internal/instantiate/_instantiate2.py", line 97, in _call_target
    raise InstantiationException(msg) from e
hydra.errors.InstantiationException: Error in call to target 'bnn_aenet.datamodule.aenet_datamodule.AenetDataModule':
OSError(5, 'Input/output error')
full_key: datamodule

During handling of the above exception, another exception occurred:

Traceback (most recent call last):
  File "/home/g15farris/.conda/envs/bnn/lib/python3.12/site-packages/optuna/study/_optimize.py", line 196, in _run_trial
    value_or_values = func(trial)
                      ^^^^^^^^^^^
  File "/home/g15farris/bin/bayesaenet/bnn_aenet/tasks/hpsearch.py", line 93, in <lambda>
    lambda trial: objective(trial, cfg, output_dir),
                  ^^^^^^^^^^^^^^^^^^^^^^^^^^^^^^^^^
  File "/home/g15farris/bin/bayesaenet/bnn_aenet/tasks/hpsearch.py", line 73, in objective_bnn
    return objective(trial, cfg, output_dir)
           ^^^^^^^^^^^^^^^^^^^^^^^^^^^^^^^^^
  File "/home/g15farris/bin/bayesaenet/bnn_aenet/tasks/hpsearch.py", line 32, in objective
    metric_dict, _ = train(cfg, trial)
                     ^^^^^^^^^^^^^^^^^
  File "/home/g15farris/bin/bayesaenet/bnn_aenet/tasks/utils/utils.py", line 48, in wrap
    save_file(
  File "/home/g15farris/.conda/envs/bnn/lib/python3.12/site-packages/lightning_utilities/core/rank_zero.py", line 42, in wrapped_fn
    return fn(*args, **kwargs)
           ^^^^^^^^^^^^^^^^^^^
  File "/home/g15farris/bin/bayesaenet/bnn_aenet/tasks/utils/utils.py", line 93, in save_file
    with open(path, "w+") as file:
         ^^^^^^^^^^^^^^^^
FileNotFoundError: [Errno 2] No such file or directory: '/home/g15farris/bin/bayesaenet/bnn_aenet/logs/rad_hps_100perc/runs/2025-02-24_16-30-24/047/exec_time.log'
[W 2025-02-24 17:36:21,372] Trial 47 failed with value None.
Error executing job with overrides: ['model=bnn_rad', 'datamodule=TiO', 'hpsearch=bnn_rad', 'task_name=rad_hps_100perc', 'tags=[TiO]', 'datamodule.valid_split=100', 'hpsearch.study.study_name=rad_100perc']
Traceback (most recent call last):
  File "/home/g15farris/.conda/envs/bnn/lib/python3.12/site-packages/hydra/_internal/instantiate/_instantiate2.py", line 92, in _call_target
    return _target_(*args, **kwargs)
           ^^^^^^^^^^^^^^^^^^^^^^^^^
  File "/home/g15farris/bin/bayesaenet/bnn_aenet/datamodule/aenet_datamodule.py", line 27, in __init__
    self.load_db()
  File "/home/g15farris/bin/bayesaenet/bnn_aenet/datamodule/aenet_datamodule.py", line 44, in load_db
    self.list_structures_energy, self.list_structures_forces, self.list_removed, self.max_nnb, self.tin = read_list_structures(self.tin)
                                                                                                          ^^^^^^^^^^^^^^^^^^^^^^^^^^^^^^
  File "/home/g15farris/bin/bayesaenet/bnn_aenet/datamodule/aenet/prepare_batches.py", line 15, in read_list_structures
    list_structures_energy, list_removed, max_nnb, tin = read_train(tin)
                                                         ^^^^^^^^^^^^^^^
  File "/home/g15farris/bin/bayesaenet/bnn_aenet/datamodule/aenet/read_trainset.py", line 104, in read_train
    with open (trainfile, "r") as tf:
         ^^^^^^^^^^^^^^^^^^^^^
OSError: [Errno 5] Input/output error: '/work/g15farris/database/TiO/data.train.ascii'

The above exception was the direct cause of the following exception:

Traceback (most recent call last):
  File "/home/g15farris/bin/bayesaenet/bnn_aenet/tasks/utils/utils.py", line 42, in wrap
    raise ex
  File "/home/g15farris/bin/bayesaenet/bnn_aenet/tasks/utils/utils.py", line 39, in wrap
    metric_dict, object_dict = task_func(cfg=cfg, trial=trial)
                               ^^^^^^^^^^^^^^^^^^^^^^^^^^^^^^^
  File "/home/g15farris/bin/bayesaenet/bnn_aenet/tasks/train.py", line 46, in train
    datamodule: LightningDataModule = hydra.utils.instantiate(cfg.datamodule)
                                      ^^^^^^^^^^^^^^^^^^^^^^^^^^^^^^^^^^^^^^^
  File "/home/g15farris/.conda/envs/bnn/lib/python3.12/site-packages/hydra/_internal/instantiate/_instantiate2.py", line 226, in instantiate
    return instantiate_node(
           ^^^^^^^^^^^^^^^^^
  File "/home/g15farris/.conda/envs/bnn/lib/python3.12/site-packages/hydra/_internal/instantiate/_instantiate2.py", line 347, in instantiate_node
    return _call_target(_target_, partial, args, kwargs, full_key)
           ^^^^^^^^^^^^^^^^^^^^^^^^^^^^^^^^^^^^^^^^^^^^^^^^^^^^^^^
  File "/home/g15farris/.conda/envs/bnn/lib/python3.12/site-packages/hydra/_internal/instantiate/_instantiate2.py", line 97, in _call_target
    raise InstantiationException(msg) from e
hydra.errors.InstantiationException: Error in call to target 'bnn_aenet.datamodule.aenet_datamodule.AenetDataModule':
OSError(5, 'Input/output error')
full_key: datamodule

During handling of the above exception, another exception occurred:

Traceback (most recent call last):
  File "/home/g15farris/bin/bayesaenet/bnn_aenet/tasks/hpsearch.py", line 92, in main
    study.optimize(
  File "/home/g15farris/.conda/envs/bnn/lib/python3.12/site-packages/optuna/study/study.py", line 451, in optimize
    _optimize(
  File "/home/g15farris/.conda/envs/bnn/lib/python3.12/site-packages/optuna/study/_optimize.py", line 62, in _optimize
    _optimize_sequential(
  File "/home/g15farris/.conda/envs/bnn/lib/python3.12/site-packages/optuna/study/_optimize.py", line 159, in _optimize_sequential
    frozen_trial = _run_trial(study, func, catch)
                   ^^^^^^^^^^^^^^^^^^^^^^^^^^^^^^
  File "/home/g15farris/.conda/envs/bnn/lib/python3.12/site-packages/optuna/study/_optimize.py", line 247, in _run_trial
    raise func_err
  File "/home/g15farris/.conda/envs/bnn/lib/python3.12/site-packages/optuna/study/_optimize.py", line 196, in _run_trial
    value_or_values = func(trial)
                      ^^^^^^^^^^^
  File "/home/g15farris/bin/bayesaenet/bnn_aenet/tasks/hpsearch.py", line 93, in <lambda>
    lambda trial: objective(trial, cfg, output_dir),
                  ^^^^^^^^^^^^^^^^^^^^^^^^^^^^^^^^^
  File "/home/g15farris/bin/bayesaenet/bnn_aenet/tasks/hpsearch.py", line 73, in objective_bnn
    return objective(trial, cfg, output_dir)
           ^^^^^^^^^^^^^^^^^^^^^^^^^^^^^^^^^
  File "/home/g15farris/bin/bayesaenet/bnn_aenet/tasks/hpsearch.py", line 32, in objective
    metric_dict, _ = train(cfg, trial)
                     ^^^^^^^^^^^^^^^^^
  File "/home/g15farris/bin/bayesaenet/bnn_aenet/tasks/utils/utils.py", line 48, in wrap
    save_file(
  File "/home/g15farris/.conda/envs/bnn/lib/python3.12/site-packages/lightning_utilities/core/rank_zero.py", line 42, in wrapped_fn
    return fn(*args, **kwargs)
           ^^^^^^^^^^^^^^^^^^^
  File "/home/g15farris/bin/bayesaenet/bnn_aenet/tasks/utils/utils.py", line 93, in save_file
    with open(path, "w+") as file:
         ^^^^^^^^^^^^^^^^
FileNotFoundError: [Errno 2] No such file or directory: '/home/g15farris/bin/bayesaenet/bnn_aenet/logs/rad_hps_100perc/runs/2025-02-24_16-30-24/047/exec_time.log'

Set the environment variable HYDRA_FULL_ERROR=1 for a complete stack trace.
/home/g15farris/.conda/envs/bnn/lib/python3.12/site-packages/hydra/_internal/instantiate/_instantiate2.py:92: ExperimentalWarning: PatientPruner is experimental (supported from v2.8.0). The interface can change in the future.
  return _target_(*args, **kwargs)
[I 2025-02-25 10:43:51,159] Using an existing study with name 'rad_100perc' instead of creating a new one.
[W 2025-02-25 10:57:00,756] Trial 48 failed with parameters: {'pretrain_epochs': 0, 'lr': 0.0005613407094429722, 'mc_samples_train': 1, 'prior_scale': 0.18129818438333906, 'q_scale': 0.00037902455181819953, 'batch_size': 128} because of the following error: FileNotFoundError(2, 'No such file or directory').
Traceback (most recent call last):
  File "/home/g15farris/.conda/envs/bnn/lib/python3.12/site-packages/hydra/_internal/instantiate/_instantiate2.py", line 92, in _call_target
    return _target_(*args, **kwargs)
           ^^^^^^^^^^^^^^^^^^^^^^^^^
  File "/home/g15farris/bin/bayesaenet/bnn_aenet/datamodule/aenet_datamodule.py", line 27, in __init__
    self.load_db()
  File "/home/g15farris/bin/bayesaenet/bnn_aenet/datamodule/aenet_datamodule.py", line 44, in load_db
    self.list_structures_energy, self.list_structures_forces, self.list_removed, self.max_nnb, self.tin = read_list_structures(self.tin)
                                                                                                          ^^^^^^^^^^^^^^^^^^^^^^^^^^^^^^
  File "/home/g15farris/bin/bayesaenet/bnn_aenet/datamodule/aenet/prepare_batches.py", line 15, in read_list_structures
    list_structures_energy, list_removed, max_nnb, tin = read_train(tin)
                                                         ^^^^^^^^^^^^^^^
  File "/home/g15farris/bin/bayesaenet/bnn_aenet/datamodule/aenet/read_trainset.py", line 104, in read_train
    with open (trainfile, "r") as tf:
         ^^^^^^^^^^^^^^^^^^^^^
OSError: [Errno 5] Input/output error: '/work/g15farris/database/TiO/data.train.ascii'

The above exception was the direct cause of the following exception:

Traceback (most recent call last):
  File "/home/g15farris/bin/bayesaenet/bnn_aenet/tasks/utils/utils.py", line 42, in wrap
    raise ex
  File "/home/g15farris/bin/bayesaenet/bnn_aenet/tasks/utils/utils.py", line 39, in wrap
    metric_dict, object_dict = task_func(cfg=cfg, trial=trial)
                               ^^^^^^^^^^^^^^^^^^^^^^^^^^^^^^^
  File "/home/g15farris/bin/bayesaenet/bnn_aenet/tasks/train.py", line 46, in train
    datamodule: LightningDataModule = hydra.utils.instantiate(cfg.datamodule)
                                      ^^^^^^^^^^^^^^^^^^^^^^^^^^^^^^^^^^^^^^^
  File "/home/g15farris/.conda/envs/bnn/lib/python3.12/site-packages/hydra/_internal/instantiate/_instantiate2.py", line 226, in instantiate
    return instantiate_node(
           ^^^^^^^^^^^^^^^^^
  File "/home/g15farris/.conda/envs/bnn/lib/python3.12/site-packages/hydra/_internal/instantiate/_instantiate2.py", line 347, in instantiate_node
    return _call_target(_target_, partial, args, kwargs, full_key)
           ^^^^^^^^^^^^^^^^^^^^^^^^^^^^^^^^^^^^^^^^^^^^^^^^^^^^^^^
  File "/home/g15farris/.conda/envs/bnn/lib/python3.12/site-packages/hydra/_internal/instantiate/_instantiate2.py", line 97, in _call_target
    raise InstantiationException(msg) from e
hydra.errors.InstantiationException: Error in call to target 'bnn_aenet.datamodule.aenet_datamodule.AenetDataModule':
OSError(5, 'Input/output error')
full_key: datamodule

During handling of the above exception, another exception occurred:

Traceback (most recent call last):
  File "/home/g15farris/.conda/envs/bnn/lib/python3.12/site-packages/optuna/study/_optimize.py", line 196, in _run_trial
    value_or_values = func(trial)
                      ^^^^^^^^^^^
  File "/home/g15farris/bin/bayesaenet/bnn_aenet/tasks/hpsearch.py", line 93, in <lambda>
    lambda trial: objective(trial, cfg, output_dir),
                  ^^^^^^^^^^^^^^^^^^^^^^^^^^^^^^^^^
  File "/home/g15farris/bin/bayesaenet/bnn_aenet/tasks/hpsearch.py", line 73, in objective_bnn
    return objective(trial, cfg, output_dir)
           ^^^^^^^^^^^^^^^^^^^^^^^^^^^^^^^^^
  File "/home/g15farris/bin/bayesaenet/bnn_aenet/tasks/hpsearch.py", line 32, in objective
    metric_dict, _ = train(cfg, trial)
                     ^^^^^^^^^^^^^^^^^
  File "/home/g15farris/bin/bayesaenet/bnn_aenet/tasks/utils/utils.py", line 48, in wrap
    save_file(
  File "/home/g15farris/.conda/envs/bnn/lib/python3.12/site-packages/lightning_utilities/core/rank_zero.py", line 42, in wrapped_fn
    return fn(*args, **kwargs)
           ^^^^^^^^^^^^^^^^^^^
  File "/home/g15farris/bin/bayesaenet/bnn_aenet/tasks/utils/utils.py", line 93, in save_file
    with open(path, "w+") as file:
         ^^^^^^^^^^^^^^^^
FileNotFoundError: [Errno 2] No such file or directory: '/home/g15farris/bin/bayesaenet/bnn_aenet/logs/rad_hps_100perc/runs/2025-02-25_10-43-48/048/exec_time.log'
[W 2025-02-25 10:57:00,759] Trial 48 failed with value None.
Error executing job with overrides: ['model=bnn_rad', 'datamodule=TiO', 'hpsearch=bnn_rad', 'task_name=rad_hps_100perc', 'tags=[TiO]', 'datamodule.valid_split=100', 'hpsearch.study.study_name=rad_100perc']
Traceback (most recent call last):
  File "/home/g15farris/.conda/envs/bnn/lib/python3.12/site-packages/hydra/_internal/instantiate/_instantiate2.py", line 92, in _call_target
    return _target_(*args, **kwargs)
           ^^^^^^^^^^^^^^^^^^^^^^^^^
  File "/home/g15farris/bin/bayesaenet/bnn_aenet/datamodule/aenet_datamodule.py", line 27, in __init__
    self.load_db()
  File "/home/g15farris/bin/bayesaenet/bnn_aenet/datamodule/aenet_datamodule.py", line 44, in load_db
    self.list_structures_energy, self.list_structures_forces, self.list_removed, self.max_nnb, self.tin = read_list_structures(self.tin)
                                                                                                          ^^^^^^^^^^^^^^^^^^^^^^^^^^^^^^
  File "/home/g15farris/bin/bayesaenet/bnn_aenet/datamodule/aenet/prepare_batches.py", line 15, in read_list_structures
    list_structures_energy, list_removed, max_nnb, tin = read_train(tin)
                                                         ^^^^^^^^^^^^^^^
  File "/home/g15farris/bin/bayesaenet/bnn_aenet/datamodule/aenet/read_trainset.py", line 104, in read_train
    with open (trainfile, "r") as tf:
         ^^^^^^^^^^^^^^^^^^^^^
OSError: [Errno 5] Input/output error: '/work/g15farris/database/TiO/data.train.ascii'

The above exception was the direct cause of the following exception:

Traceback (most recent call last):
  File "/home/g15farris/bin/bayesaenet/bnn_aenet/tasks/utils/utils.py", line 42, in wrap
    raise ex
  File "/home/g15farris/bin/bayesaenet/bnn_aenet/tasks/utils/utils.py", line 39, in wrap
    metric_dict, object_dict = task_func(cfg=cfg, trial=trial)
                               ^^^^^^^^^^^^^^^^^^^^^^^^^^^^^^^
  File "/home/g15farris/bin/bayesaenet/bnn_aenet/tasks/train.py", line 46, in train
    datamodule: LightningDataModule = hydra.utils.instantiate(cfg.datamodule)
                                      ^^^^^^^^^^^^^^^^^^^^^^^^^^^^^^^^^^^^^^^
  File "/home/g15farris/.conda/envs/bnn/lib/python3.12/site-packages/hydra/_internal/instantiate/_instantiate2.py", line 226, in instantiate
    return instantiate_node(
           ^^^^^^^^^^^^^^^^^
  File "/home/g15farris/.conda/envs/bnn/lib/python3.12/site-packages/hydra/_internal/instantiate/_instantiate2.py", line 347, in instantiate_node
    return _call_target(_target_, partial, args, kwargs, full_key)
           ^^^^^^^^^^^^^^^^^^^^^^^^^^^^^^^^^^^^^^^^^^^^^^^^^^^^^^^
  File "/home/g15farris/.conda/envs/bnn/lib/python3.12/site-packages/hydra/_internal/instantiate/_instantiate2.py", line 97, in _call_target
    raise InstantiationException(msg) from e
hydra.errors.InstantiationException: Error in call to target 'bnn_aenet.datamodule.aenet_datamodule.AenetDataModule':
OSError(5, 'Input/output error')
full_key: datamodule

During handling of the above exception, another exception occurred:

Traceback (most recent call last):
  File "/home/g15farris/bin/bayesaenet/bnn_aenet/tasks/hpsearch.py", line 92, in main
    study.optimize(
  File "/home/g15farris/.conda/envs/bnn/lib/python3.12/site-packages/optuna/study/study.py", line 451, in optimize
    _optimize(
  File "/home/g15farris/.conda/envs/bnn/lib/python3.12/site-packages/optuna/study/_optimize.py", line 62, in _optimize
    _optimize_sequential(
  File "/home/g15farris/.conda/envs/bnn/lib/python3.12/site-packages/optuna/study/_optimize.py", line 159, in _optimize_sequential
    frozen_trial = _run_trial(study, func, catch)
                   ^^^^^^^^^^^^^^^^^^^^^^^^^^^^^^
  File "/home/g15farris/.conda/envs/bnn/lib/python3.12/site-packages/optuna/study/_optimize.py", line 247, in _run_trial
    raise func_err
  File "/home/g15farris/.conda/envs/bnn/lib/python3.12/site-packages/optuna/study/_optimize.py", line 196, in _run_trial
    value_or_values = func(trial)
                      ^^^^^^^^^^^
  File "/home/g15farris/bin/bayesaenet/bnn_aenet/tasks/hpsearch.py", line 93, in <lambda>
    lambda trial: objective(trial, cfg, output_dir),
                  ^^^^^^^^^^^^^^^^^^^^^^^^^^^^^^^^^
  File "/home/g15farris/bin/bayesaenet/bnn_aenet/tasks/hpsearch.py", line 73, in objective_bnn
    return objective(trial, cfg, output_dir)
           ^^^^^^^^^^^^^^^^^^^^^^^^^^^^^^^^^
  File "/home/g15farris/bin/bayesaenet/bnn_aenet/tasks/hpsearch.py", line 32, in objective
    metric_dict, _ = train(cfg, trial)
                     ^^^^^^^^^^^^^^^^^
  File "/home/g15farris/bin/bayesaenet/bnn_aenet/tasks/utils/utils.py", line 48, in wrap
    save_file(
  File "/home/g15farris/.conda/envs/bnn/lib/python3.12/site-packages/lightning_utilities/core/rank_zero.py", line 42, in wrapped_fn
    return fn(*args, **kwargs)
           ^^^^^^^^^^^^^^^^^^^
  File "/home/g15farris/bin/bayesaenet/bnn_aenet/tasks/utils/utils.py", line 93, in save_file
    with open(path, "w+") as file:
         ^^^^^^^^^^^^^^^^
FileNotFoundError: [Errno 2] No such file or directory: '/home/g15farris/bin/bayesaenet/bnn_aenet/logs/rad_hps_100perc/runs/2025-02-25_10-43-48/048/exec_time.log'

Set the environment variable HYDRA_FULL_ERROR=1 for a complete stack trace.
/home/g15farris/.conda/envs/bnn/lib/python3.12/site-packages/hydra/_internal/instantiate/_instantiate2.py:92: ExperimentalWarning: PatientPruner is experimental (supported from v2.8.0). The interface can change in the future.
  return _target_(*args, **kwargs)
[I 2025-02-25 11:01:20,409] Using an existing study with name 'rad_100perc' instead of creating a new one.
Trainer already configured with model summary callbacks: [<class 'lightning.pytorch.callbacks.rich_model_summary.RichModelSummary'>]. Skipping setting a default `ModelSummary` callback.
GPU available: False, used: False
TPU available: False, using: 0 TPU cores
IPU available: False, using: 0 IPUs
HPU available: False, using: 0 HPUs
/home/g15farris/.conda/envs/bnn/lib/python3.12/site-packages/lightning/pytorch/core/optimizer.py:181: `LightningModule.configure_optimizers` returned `None`, this fit will run with no optimizer
/home/g15farris/.conda/envs/bnn/lib/python3.12/site-packages/lightning/pytorch/loops/fit_loop.py:298: The number of training batches (49) is smaller than the logging interval Trainer(log_every_n_steps=50). Set a lower value for log_every_n_steps if you want to see logs for the training epoch.
/home/g15farris/.conda/envs/bnn/lib/python3.12/site-packages/tyxe/likelihoods.py:203: UserWarning: var(): degrees of freedom is <= 0. Correction should be strictly less than the reduction factor (input numel divided by output numel). (Triggered internally at ../aten/src/ATen/native/ReduceOps.cpp:1807.)
  agg_scale = precision.reciprocal().mean(dim).add(loc.var(dim)).sqrt()