[I 2025-02-25 11:37:52,854] Trial 80 finished with value: 235.9306640625 and parameters: {'pretrain_epochs': 0, 'lr': 0.0005030690579090404, 'mc_samples_train': 1, 'prior_scale': 0.3417502749344994, 'q_scale': 0.0001267442092374008, 'batch_size': 256}. Best is trial 43 with value: -166.8891143798828.
Trainer already configured with model summary callbacks: [<class 'lightning.pytorch.callbacks.rich_model_summary.RichModelSummary'>]. Skipping setting a default `ModelSummary` callback.
GPU available: False, used: False
TPU available: False, using: 0 TPU cores
IPU available: False, using: 0 IPUs
HPU available: False, using: 0 HPUs
`Trainer.fit` stopped: `max_epochs=20` reached.
[I 2025-02-25 11:39:27,943] Trial 81 finished with value: 250.54029846191406 and parameters: {'pretrain_epochs': 0, 'lr': 2.9783953245032526e-05, 'mc_samples_train': 1, 'prior_scale': 0.010444894633697863, 'q_scale': 0.0004758977613573213, 'batch_size': 64}. Best is trial 43 with value: -166.8891143798828.
Trainer already configured with model summary callbacks: [<class 'lightning.pytorch.callbacks.rich_model_summary.RichModelSummary'>]. Skipping setting a default `ModelSummary` callback.
GPU available: False, used: False
TPU available: False, using: 0 TPU cores
IPU available: False, using: 0 IPUs
HPU available: False, using: 0 HPUs
`Trainer.fit` stopped: `max_epochs=20` reached.
[I 2025-02-25 11:40:52,637] Trial 82 finished with value: 500.18798828125 and parameters: {'pretrain_epochs': 0, 'lr': 1.864916196658791e-05, 'mc_samples_train': 2, 'prior_scale': 0.037416272957509815, 'q_scale': 0.0002270124312928411, 'batch_size': 128}. Best is trial 43 with value: -166.8891143798828.
Trainer already configured with model summary callbacks: [<class 'lightning.pytorch.callbacks.rich_model_summary.RichModelSummary'>]. Skipping setting a default `ModelSummary` callback.
GPU available: False, used: False
TPU available: False, using: 0 TPU cores
IPU available: False, using: 0 IPUs
HPU available: False, using: 0 HPUs
`Trainer.fit` stopped: `max_epochs=20` reached.
[I 2025-02-25 11:41:49,381] Trial 83 finished with value: -105.7856216430664 and parameters: {'pretrain_epochs': 0, 'lr': 0.0008469067078617973, 'mc_samples_train': 1, 'prior_scale': 0.2375080738951325, 'q_scale': 0.00028383877063662023, 'batch_size': 128}. Best is trial 43 with value: -166.8891143798828.
Trainer already configured with model summary callbacks: [<class 'lightning.pytorch.callbacks.rich_model_summary.RichModelSummary'>]. Skipping setting a default `ModelSummary` callback.
GPU available: False, used: False
TPU available: False, using: 0 TPU cores
IPU available: False, using: 0 IPUs
HPU available: False, using: 0 HPUs
`Trainer.fit` stopped: `max_epochs=20` reached.
[I 2025-02-25 11:42:45,409] Trial 84 finished with value: -12.264886856079102 and parameters: {'pretrain_epochs': 0, 'lr': 0.0007899085602464662, 'mc_samples_train': 1, 'prior_scale': 0.634222242240703, 'q_scale': 0.0007608131667524124, 'batch_size': 128}. Best is trial 43 with value: -166.8891143798828.
Trainer already configured with model summary callbacks: [<class 'lightning.pytorch.callbacks.rich_model_summary.RichModelSummary'>]. Skipping setting a default `ModelSummary` callback.
GPU available: False, used: False
TPU available: False, using: 0 TPU cores
IPU available: False, using: 0 IPUs
HPU available: False, using: 0 HPUs
`Trainer.fit` stopped: `max_epochs=20` reached.
[I 2025-02-25 11:43:42,629] Trial 85 finished with value: -88.65821075439453 and parameters: {'pretrain_epochs': 0, 'lr': 0.0008760408317413406, 'mc_samples_train': 1, 'prior_scale': 0.8463880559891005, 'q_scale': 0.00019746824020498035, 'batch_size': 128}. Best is trial 43 with value: -166.8891143798828.
Trainer already configured with model summary callbacks: [<class 'lightning.pytorch.callbacks.rich_model_summary.RichModelSummary'>]. Skipping setting a default `ModelSummary` callback.
GPU available: False, used: False
TPU available: False, using: 0 TPU cores
IPU available: False, using: 0 IPUs
HPU available: False, using: 0 HPUs
`Trainer.fit` stopped: `max_epochs=20` reached.
[I 2025-02-25 11:44:39,587] Trial 86 finished with value: -164.43931579589844 and parameters: {'pretrain_epochs': 0, 'lr': 0.0006208331217624857, 'mc_samples_train': 1, 'prior_scale': 0.4706817458034839, 'q_scale': 0.00028492735949976327, 'batch_size': 128}. Best is trial 43 with value: -166.8891143798828.
Trainer already configured with model summary callbacks: [<class 'lightning.pytorch.callbacks.rich_model_summary.RichModelSummary'>]. Skipping setting a default `ModelSummary` callback.
GPU available: False, used: False
TPU available: False, using: 0 TPU cores
IPU available: False, using: 0 IPUs
HPU available: False, using: 0 HPUs
`Trainer.fit` stopped: `max_epochs=20` reached.
[I 2025-02-25 11:45:16,595] Trial 87 finished with value: -128.27528381347656 and parameters: {'pretrain_epochs': 0, 'lr': 0.0006212691629465956, 'mc_samples_train': 1, 'prior_scale': 0.4164852815405968, 'q_scale': 0.00042663036872788666, 'batch_size': 256}. Best is trial 43 with value: -166.8891143798828.
Trainer already configured with model summary callbacks: [<class 'lightning.pytorch.callbacks.rich_model_summary.RichModelSummary'>]. Skipping setting a default `ModelSummary` callback.
GPU available: False, used: False
TPU available: False, using: 0 TPU cores
IPU available: False, using: 0 IPUs
HPU available: False, using: 0 HPUs
`Trainer.fit` stopped: `max_epochs=20` reached.
[I 2025-02-25 11:45:55,447] Trial 88 finished with value: 375.6255798339844 and parameters: {'pretrain_epochs': 0, 'lr': 0.00041385500524081736, 'mc_samples_train': 1, 'prior_scale': 0.28906581009331583, 'q_scale': 0.0004544175008804786, 'batch_size': 256}. Best is trial 43 with value: -166.8891143798828.
Trainer already configured with model summary callbacks: [<class 'lightning.pytorch.callbacks.rich_model_summary.RichModelSummary'>]. Skipping setting a default `ModelSummary` callback.
GPU available: False, used: False
TPU available: False, using: 0 TPU cores
IPU available: False, using: 0 IPUs
HPU available: False, using: 0 HPUs
`Trainer.fit` stopped: `max_epochs=20` reached.
[I 2025-02-25 11:46:51,637] Trial 89 finished with value: -210.18203735351562 and parameters: {'pretrain_epochs': 0, 'lr': 0.0006946701915739393, 'mc_samples_train': 2, 'prior_scale': 0.4370624624932002, 'q_scale': 0.00014178811272524028, 'batch_size': 256}. Best is trial 89 with value: -210.18203735351562.
Trainer already configured with model summary callbacks: [<class 'lightning.pytorch.callbacks.rich_model_summary.RichModelSummary'>]. Skipping setting a default `ModelSummary` callback.
GPU available: False, used: False
TPU available: False, using: 0 TPU cores
IPU available: False, using: 0 IPUs
HPU available: False, using: 0 HPUs
`Trainer.fit` stopped: `max_epochs=20` reached.
[I 2025-02-25 11:47:47,600] Trial 90 finished with value: 8.72994613647461 and parameters: {'pretrain_epochs': 0, 'lr': 0.0006439684631850528, 'mc_samples_train': 2, 'prior_scale': 0.4012633969096955, 'q_scale': 0.01562832356166279, 'batch_size': 256}. Best is trial 89 with value: -210.18203735351562.
Trainer already configured with model summary callbacks: [<class 'lightning.pytorch.callbacks.rich_model_summary.RichModelSummary'>]. Skipping setting a default `ModelSummary` callback.
GPU available: False, used: False
TPU available: False, using: 0 TPU cores
IPU available: False, using: 0 IPUs
HPU available: False, using: 0 HPUs
`Trainer.fit` stopped: `max_epochs=20` reached.
[I 2025-02-25 11:48:44,090] Trial 91 finished with value: 186.64402770996094 and parameters: {'pretrain_epochs': 0, 'lr': 0.0005232530315163862, 'mc_samples_train': 2, 'prior_scale': 0.020386591553731348, 'q_scale': 0.00011528433179902608, 'batch_size': 256}. Best is trial 89 with value: -210.18203735351562.
Trainer already configured with model summary callbacks: [<class 'lightning.pytorch.callbacks.rich_model_summary.RichModelSummary'>]. Skipping setting a default `ModelSummary` callback.
GPU available: False, used: False
TPU available: False, using: 0 TPU cores
IPU available: False, using: 0 IPUs
HPU available: False, using: 0 HPUs
`Trainer.fit` stopped: `max_epochs=20` reached.
[I 2025-02-25 11:49:39,948] Trial 92 finished with value: 66.2156982421875 and parameters: {'pretrain_epochs': 0, 'lr': 0.0005964421309352346, 'mc_samples_train': 2, 'prior_scale': 0.0291571491976118, 'q_scale': 0.004602926276348696, 'batch_size': 256}. Best is trial 89 with value: -210.18203735351562.
Trainer already configured with model summary callbacks: [<class 'lightning.pytorch.callbacks.rich_model_summary.RichModelSummary'>]. Skipping setting a default `ModelSummary` callback.
GPU available: False, used: False
TPU available: False, using: 0 TPU cores
IPU available: False, using: 0 IPUs
HPU available: False, using: 0 HPUs
`Trainer.fit` stopped: `max_epochs=20` reached.
[I 2025-02-25 11:50:36,444] Trial 93 finished with value: -121.5926513671875 and parameters: {'pretrain_epochs': 0, 'lr': 0.0007405884611712769, 'mc_samples_train': 2, 'prior_scale': 0.45662791803422503, 'q_scale': 0.00017565365765270422, 'batch_size': 256}. Best is trial 89 with value: -210.18203735351562.
Trainer already configured with model summary callbacks: [<class 'lightning.pytorch.callbacks.rich_model_summary.RichModelSummary'>]. Skipping setting a default `ModelSummary` callback.
GPU available: False, used: False
TPU available: False, using: 0 TPU cores
IPU available: False, using: 0 IPUs
HPU available: False, using: 0 HPUs
`Trainer.fit` stopped: `max_epochs=20` reached.
[I 2025-02-25 11:51:32,550] Trial 94 finished with value: -73.40869140625 and parameters: {'pretrain_epochs': 0, 'lr': 0.0009139193938341889, 'mc_samples_train': 2, 'prior_scale': 0.45513529027964195, 'q_scale': 0.00016613246777992999, 'batch_size': 256}. Best is trial 89 with value: -210.18203735351562.
Trainer already configured with model summary callbacks: [<class 'lightning.pytorch.callbacks.rich_model_summary.RichModelSummary'>]. Skipping setting a default `ModelSummary` callback.
GPU available: False, used: False
TPU available: False, using: 0 TPU cores
IPU available: False, using: 0 IPUs
HPU available: False, using: 0 HPUs
`Trainer.fit` stopped: `max_epochs=20` reached.
[I 2025-02-25 11:52:33,622] Trial 95 finished with value: -20.71886444091797 and parameters: {'pretrain_epochs': 0, 'lr': 0.0007274806329915361, 'mc_samples_train': 2, 'prior_scale': 0.34486407857069173, 'q_scale': 0.00019123580674472682, 'batch_size': 256}. Best is trial 89 with value: -210.18203735351562.
Trainer already configured with model summary callbacks: [<class 'lightning.pytorch.callbacks.rich_model_summary.RichModelSummary'>]. Skipping setting a default `ModelSummary` callback.
GPU available: False, used: False
TPU available: False, using: 0 TPU cores
IPU available: False, using: 0 IPUs
HPU available: False, using: 0 HPUs
`Trainer.fit` stopped: `max_epochs=20` reached.
[I 2025-02-25 11:53:30,126] Trial 96 finished with value: 8.771991729736328 and parameters: {'pretrain_epochs': 0, 'lr': 0.0007802717800885018, 'mc_samples_train': 2, 'prior_scale': 0.013271930288414701, 'q_scale': 0.0001377287791628607, 'batch_size': 256}. Best is trial 89 with value: -210.18203735351562.
Trainer already configured with model summary callbacks: [<class 'lightning.pytorch.callbacks.rich_model_summary.RichModelSummary'>]. Skipping setting a default `ModelSummary` callback.
GPU available: False, used: False
TPU available: False, using: 0 TPU cores
IPU available: False, using: 0 IPUs
HPU available: False, using: 0 HPUs
`Trainer.fit` stopped: `max_epochs=20` reached.
[I 2025-02-25 11:54:26,707] Trial 97 finished with value: -44.412296295166016 and parameters: {'pretrain_epochs': 0, 'lr': 0.0006001794026310795, 'mc_samples_train': 2, 'prior_scale': 0.7611815033237547, 'q_scale': 0.0002465293620127091, 'batch_size': 256}. Best is trial 89 with value: -210.18203735351562.
Trainer already configured with model summary callbacks: [<class 'lightning.pytorch.callbacks.rich_model_summary.RichModelSummary'>]. Skipping setting a default `ModelSummary` callback.
GPU available: False, used: False
TPU available: False, using: 0 TPU cores
IPU available: False, using: 0 IPUs
HPU available: False, using: 0 HPUs
`Trainer.fit` stopped: `max_epochs=20` reached.
[I 2025-02-25 11:55:23,457] Trial 98 finished with value: 272.7962646484375 and parameters: {'pretrain_epochs': 0, 'lr': 0.0004470815273272695, 'mc_samples_train': 2, 'prior_scale': 0.4570334601110053, 'q_scale': 0.00013896865155212492, 'batch_size': 256}. Best is trial 89 with value: -210.18203735351562.
Trainer already configured with model summary callbacks: [<class 'lightning.pytorch.callbacks.rich_model_summary.RichModelSummary'>]. Skipping setting a default `ModelSummary` callback.
GPU available: False, used: False
TPU available: False, using: 0 TPU cores
IPU available: False, using: 0 IPUs
HPU available: False, using: 0 HPUs
[I 2025-02-25 11:56:06,326] Trial 99 pruned. Trial was pruned at epoch 13.
Trainer already configured with model summary callbacks: [<class 'lightning.pytorch.callbacks.rich_model_summary.RichModelSummary'>]. Skipping setting a default `ModelSummary` callback.
GPU available: False, used: False
TPU available: False, using: 0 TPU cores
IPU available: False, using: 0 IPUs
HPU available: False, using: 0 HPUs
`Trainer.fit` stopped: `max_epochs=20` reached.
[I 2025-02-25 11:57:02,910] Trial 100 finished with value: -17.01715850830078 and parameters: {'pretrain_epochs': 0, 'lr': 0.0006624925253656239, 'mc_samples_train': 2, 'prior_scale': 0.5361642714150067, 'q_scale': 0.000996844384291834, 'batch_size': 256}. Best is trial 89 with value: -210.18203735351562.
Trainer already configured with model summary callbacks: [<class 'lightning.pytorch.callbacks.rich_model_summary.RichModelSummary'>]. Skipping setting a default `ModelSummary` callback.
GPU available: False, used: False
TPU available: False, using: 0 TPU cores
IPU available: False, using: 0 IPUs
HPU available: False, using: 0 HPUs
`Trainer.fit` stopped: `max_epochs=20` reached.
[I 2025-02-25 11:57:56,369] Trial 101 finished with value: 493.32989501953125 and parameters: {'pretrain_epochs': 0, 'lr': 0.00037921062134637187, 'mc_samples_train': 2, 'prior_scale': 0.06484248044619553, 'q_scale': 0.0003910468923626652, 'batch_size': 256}. Best is trial 89 with value: -210.18203735351562.
Trainer already configured with model summary callbacks: [<class 'lightning.pytorch.callbacks.rich_model_summary.RichModelSummary'>]. Skipping setting a default `ModelSummary` callback.
GPU available: False, used: False
TPU available: False, using: 0 TPU cores
IPU available: False, using: 0 IPUs
HPU available: False, using: 0 HPUs
`Trainer.fit` stopped: `max_epochs=20` reached.
[I 2025-02-25 11:58:52,986] Trial 102 finished with value: 161.1352081298828 and parameters: {'pretrain_epochs': 0, 'lr': 0.0005246305207143467, 'mc_samples_train': 2, 'prior_scale': 0.20475260509458515, 'q_scale': 0.00017871661196896928, 'batch_size': 256}. Best is trial 89 with value: -210.18203735351562.
Trainer already configured with model summary callbacks: [<class 'lightning.pytorch.callbacks.rich_model_summary.RichModelSummary'>]. Skipping setting a default `ModelSummary` callback.
GPU available: False, used: False
TPU available: False, using: 0 TPU cores
IPU available: False, using: 0 IPUs
HPU available: False, using: 0 HPUs
`Trainer.fit` stopped: `max_epochs=20` reached.
[I 2025-02-25 11:59:31,670] Trial 103 finished with value: -124.38442993164062 and parameters: {'pretrain_epochs': 0, 'lr': 0.0007348431630668557, 'mc_samples_train': 1, 'prior_scale': 0.2537618060743946, 'q_scale': 0.0002373388343417625, 'batch_size': 256}. Best is trial 89 with value: -210.18203735351562.
Trainer already configured with model summary callbacks: [<class 'lightning.pytorch.callbacks.rich_model_summary.RichModelSummary'>]. Skipping setting a default `ModelSummary` callback.
GPU available: False, used: False
TPU available: False, using: 0 TPU cores
IPU available: False, using: 0 IPUs
HPU available: False, using: 0 HPUs
`Trainer.fit` stopped: `max_epochs=20` reached.
[I 2025-02-25 12:00:10,589] Trial 104 finished with value: 72.09341430664062 and parameters: {'pretrain_epochs': 0, 'lr': 0.0007757477897180654, 'mc_samples_train': 1, 'prior_scale': 0.3701718482469813, 'q_scale': 0.0007082798853231064, 'batch_size': 256}. Best is trial 89 with value: -210.18203735351562.
Trainer already configured with model summary callbacks: [<class 'lightning.pytorch.callbacks.rich_model_summary.RichModelSummary'>]. Skipping setting a default `ModelSummary` callback.
GPU available: False, used: False
TPU available: False, using: 0 TPU cores
IPU available: False, using: 0 IPUs
HPU available: False, using: 0 HPUs
`Trainer.fit` stopped: `max_epochs=20` reached.
[I 2025-02-25 12:00:49,764] Trial 105 finished with value: -162.43519592285156 and parameters: {'pretrain_epochs': 0, 'lr': 0.0009073973723346485, 'mc_samples_train': 1, 'prior_scale': 0.26220316912079705, 'q_scale': 0.00010135828813956661, 'batch_size': 256}. Best is trial 89 with value: -210.18203735351562.
Trainer already configured with model summary callbacks: [<class 'lightning.pytorch.callbacks.rich_model_summary.RichModelSummary'>]. Skipping setting a default `ModelSummary` callback.
GPU available: False, used: False
TPU available: False, using: 0 TPU cores
IPU available: False, using: 0 IPUs
HPU available: False, using: 0 HPUs
`Trainer.fit` stopped: `max_epochs=20` reached.
[I 2025-02-25 12:01:28,003] Trial 106 finished with value: -138.3784637451172 and parameters: {'pretrain_epochs': 0, 'lr': 0.0009039811079173144, 'mc_samples_train': 1, 'prior_scale': 0.15541541841700707, 'q_scale': 0.00022942989044644373, 'batch_size': 256}. Best is trial 89 with value: -210.18203735351562.
Trainer already configured with model summary callbacks: [<class 'lightning.pytorch.callbacks.rich_model_summary.RichModelSummary'>]. Skipping setting a default `ModelSummary` callback.
GPU available: False, used: False
TPU available: False, using: 0 TPU cores
IPU available: False, using: 0 IPUs
HPU available: False, using: 0 HPUs
`Trainer.fit` stopped: `max_epochs=20` reached.
[I 2025-02-25 12:02:07,084] Trial 107 finished with value: -150.27464294433594 and parameters: {'pretrain_epochs': 0, 'lr': 0.0009227243976030666, 'mc_samples_train': 1, 'prior_scale': 0.15441165543047772, 'q_scale': 0.00010200479611728025, 'batch_size': 256}. Best is trial 89 with value: -210.18203735351562.
Trainer already configured with model summary callbacks: [<class 'lightning.pytorch.callbacks.rich_model_summary.RichModelSummary'>]. Skipping setting a default `ModelSummary` callback.
GPU available: False, used: False
TPU available: False, using: 0 TPU cores
IPU available: False, using: 0 IPUs
HPU available: False, using: 0 HPUs
`Trainer.fit` stopped: `max_epochs=20` reached.
[I 2025-02-25 12:02:37,124] Trial 108 finished with value: 1681.7698974609375 and parameters: {'pretrain_epochs': 0, 'lr': 0.0008821922776024473, 'mc_samples_train': 1, 'prior_scale': 0.15353728247268095, 'q_scale': 0.00012981513969001702, 'batch_size': 512}. Best is trial 89 with value: -210.18203735351562.
