[I 2025-02-24 16:53:56,991] Trial 44 finished with value: 9.126142501831055 and parameters: {'pretrain_epochs': 0, 'lr': 0.0008157612900547135, 'mc_samples_train': 2, 'prior_scale': 0.04607345976514929, 'q_scale': 0.0006786212150953987, 'batch_size': 64}. Best is trial 21 with value: -16.925064086914062.
Trainer already configured with model summary callbacks: [<class 'lightning.pytorch.callbacks.rich_model_summary.RichModelSummary'>]. Skipping setting a default `ModelSummary` callback.
GPU available: False, used: False
TPU available: False, using: 0 TPU cores
IPU available: False, using: 0 IPUs
HPU available: False, using: 0 HPUs
`Trainer.fit` stopped: `max_epochs=20` reached.
[I 2025-02-24 16:54:21,226] Trial 45 finished with value: 604.305419921875 and parameters: {'pretrain_epochs': 0, 'lr': 7.429668997342275e-05, 'mc_samples_train': 2, 'prior_scale': 0.05164722455393182, 'q_scale': 0.0008962528764714299, 'batch_size': 128}. Best is trial 21 with value: -16.925064086914062.
Trainer already configured with model summary callbacks: [<class 'lightning.pytorch.callbacks.rich_model_summary.RichModelSummary'>]. Skipping setting a default `ModelSummary` callback.
GPU available: False, used: False
TPU available: False, using: 0 TPU cores
IPU available: False, using: 0 IPUs
HPU available: False, using: 0 HPUs
`Trainer.fit` stopped: `max_epochs=20` reached.
[I 2025-02-24 16:54:59,986] Trial 46 finished with value: -11.160043716430664 and parameters: {'pretrain_epochs': 0, 'lr': 0.000784352231106911, 'mc_samples_train': 1, 'prior_scale': 0.08310032214742986, 'q_scale': 0.0001750410300494953, 'batch_size': 32}. Best is trial 21 with value: -16.925064086914062.
Trainer already configured with model summary callbacks: [<class 'lightning.pytorch.callbacks.rich_model_summary.RichModelSummary'>]. Skipping setting a default `ModelSummary` callback.
GPU available: False, used: False
TPU available: False, using: 0 TPU cores
IPU available: False, using: 0 IPUs
HPU available: False, using: 0 HPUs
`Trainer.fit` stopped: `max_epochs=20` reached.
[I 2025-02-24 16:55:38,907] Trial 47 finished with value: -4.817296028137207 and parameters: {'pretrain_epochs': 0, 'lr': 0.0005658165876521511, 'mc_samples_train': 1, 'prior_scale': 0.11720695712245188, 'q_scale': 0.0001619891078163313, 'batch_size': 32}. Best is trial 21 with value: -16.925064086914062.
Trainer already configured with model summary callbacks: [<class 'lightning.pytorch.callbacks.rich_model_summary.RichModelSummary'>]. Skipping setting a default `ModelSummary` callback.
GPU available: False, used: False
TPU available: False, using: 0 TPU cores
IPU available: False, using: 0 IPUs
HPU available: False, using: 0 HPUs
`Trainer.fit` stopped: `max_epochs=20` reached.
[I 2025-02-24 16:55:54,473] Trial 13 finished with value: 0.7419288158416748 and parameters: {'pretrain_epochs': 0, 'lr': 0.0001607573726481525, 'mc_samples_train': 2, 'prior_scale': 0.01063767565528458, 'q_scale': 0.00010194432109815798, 'batch_size': 64}. Best is trial 10 with value: -27.341768264770508.
Trainer already configured with model summary callbacks: [<class 'lightning.pytorch.callbacks.rich_model_summary.RichModelSummary'>]. Skipping setting a default `ModelSummary` callback.
GPU available: False, used: False
TPU available: False, using: 0 TPU cores
IPU available: False, using: 0 IPUs
HPU available: False, using: 0 HPUs
`Trainer.fit` stopped: `max_epochs=20` reached.
[I 2025-02-24 16:56:17,841] Trial 48 finished with value: -17.647350311279297 and parameters: {'pretrain_epochs': 0, 'lr': 0.0005497093704246852, 'mc_samples_train': 1, 'prior_scale': 0.2693884873909341, 'q_scale': 0.00014173134919159532, 'batch_size': 32}. Best is trial 48 with value: -17.647350311279297.
Trainer already configured with model summary callbacks: [<class 'lightning.pytorch.callbacks.rich_model_summary.RichModelSummary'>]. Skipping setting a default `ModelSummary` callback.
GPU available: False, used: False
TPU available: False, using: 0 TPU cores
IPU available: False, using: 0 IPUs
HPU available: False, using: 0 HPUs
`Trainer.fit` stopped: `max_epochs=20` reached.
[I 2025-02-24 16:56:57,133] Trial 49 finished with value: 5.545897960662842 and parameters: {'pretrain_epochs': 0, 'lr': 0.0003168551052422103, 'mc_samples_train': 1, 'prior_scale': 0.4224824590044395, 'q_scale': 0.00015503180660798892, 'batch_size': 32}. Best is trial 48 with value: -17.647350311279297.
Trainer already configured with model summary callbacks: [<class 'lightning.pytorch.callbacks.rich_model_summary.RichModelSummary'>]. Skipping setting a default `ModelSummary` callback.
GPU available: False, used: False
TPU available: False, using: 0 TPU cores
IPU available: False, using: 0 IPUs
HPU available: False, using: 0 HPUs
`Trainer.fit` stopped: `max_epochs=20` reached.
[I 2025-02-24 16:57:36,417] Trial 50 finished with value: -0.1474144011735916 and parameters: {'pretrain_epochs': 0, 'lr': 0.0005285911799052368, 'mc_samples_train': 1, 'prior_scale': 0.24615274327736644, 'q_scale': 0.0001326710477886506, 'batch_size': 32}. Best is trial 48 with value: -17.647350311279297.
Trainer already configured with model summary callbacks: [<class 'lightning.pytorch.callbacks.rich_model_summary.RichModelSummary'>]. Skipping setting a default `ModelSummary` callback.
GPU available: False, used: False
TPU available: False, using: 0 TPU cores
IPU available: False, using: 0 IPUs
HPU available: False, using: 0 HPUs
`Trainer.fit` stopped: `max_epochs=20` reached.
[I 2025-02-24 16:58:15,074] Trial 51 finished with value: -15.382296562194824 and parameters: {'pretrain_epochs': 0, 'lr': 0.0005087648358588085, 'mc_samples_train': 1, 'prior_scale': 0.26789989520674395, 'q_scale': 0.00010164154354987025, 'batch_size': 32}. Best is trial 48 with value: -17.647350311279297.
Trainer already configured with model summary callbacks: [<class 'lightning.pytorch.callbacks.rich_model_summary.RichModelSummary'>]. Skipping setting a default `ModelSummary` callback.
GPU available: False, used: False
TPU available: False, using: 0 TPU cores
IPU available: False, using: 0 IPUs
HPU available: False, using: 0 HPUs
`Trainer.fit` stopped: `max_epochs=20` reached.
[I 2025-02-24 16:58:52,576] Trial 52 finished with value: 31.455442428588867 and parameters: {'pretrain_epochs': 0, 'lr': 0.0004981312003472454, 'mc_samples_train': 1, 'prior_scale': 0.9276924226501947, 'q_scale': 0.00010625783562047728, 'batch_size': 32}. Best is trial 48 with value: -17.647350311279297.
Trainer already configured with model summary callbacks: [<class 'lightning.pytorch.callbacks.rich_model_summary.RichModelSummary'>]. Skipping setting a default `ModelSummary` callback.
GPU available: False, used: False
TPU available: False, using: 0 TPU cores
IPU available: False, using: 0 IPUs
HPU available: False, using: 0 HPUs
`Trainer.fit` stopped: `max_epochs=20` reached.
[I 2025-02-24 16:59:29,854] Trial 53 finished with value: 49.992584228515625 and parameters: {'pretrain_epochs': 0, 'lr': 0.0002294581118532748, 'mc_samples_train': 1, 'prior_scale': 0.30142867899411774, 'q_scale': 0.00015643467994731923, 'batch_size': 32}. Best is trial 48 with value: -17.647350311279297.
Trainer already configured with model summary callbacks: [<class 'lightning.pytorch.callbacks.rich_model_summary.RichModelSummary'>]. Skipping setting a default `ModelSummary` callback.
GPU available: False, used: False
TPU available: False, using: 0 TPU cores
IPU available: False, using: 0 IPUs
HPU available: False, using: 0 HPUs
`Trainer.fit` stopped: `max_epochs=20` reached.
[I 2025-02-24 17:00:00,892] Trial 14 finished with value: -43.06855773925781 and parameters: {'pretrain_epochs': 0, 'lr': 0.0009803178104484216, 'mc_samples_train': 2, 'prior_scale': 0.034183494977898285, 'q_scale': 0.00042903850239015034, 'batch_size': 32}. Best is trial 14 with value: -43.06855773925781.
`Trainer.fit` stopped: `max_epochs=20` reached.
[I 2025-02-24 17:00:08,492] Trial 54 finished with value: -12.68052864074707 and parameters: {'pretrain_epochs': 0, 'lr': 0.0005391568570199532, 'mc_samples_train': 1, 'prior_scale': 0.20969526902399127, 'q_scale': 0.00011088986251285992, 'batch_size': 32}. Best is trial 48 with value: -17.647350311279297.
Trainer already configured with model summary callbacks: [<class 'lightning.pytorch.callbacks.rich_model_summary.RichModelSummary'>]. Skipping setting a default `ModelSummary` callback.
GPU available: False, used: False
TPU available: False, using: 0 TPU cores
IPU available: False, using: 0 IPUs
HPU available: False, using: 0 HPUs
Trainer already configured with model summary callbacks: [<class 'lightning.pytorch.callbacks.rich_model_summary.RichModelSummary'>]. Skipping setting a default `ModelSummary` callback.
GPU available: False, used: False
TPU available: False, using: 0 TPU cores
IPU available: False, using: 0 IPUs
HPU available: False, using: 0 HPUs
`Trainer.fit` stopped: `max_epochs=20` reached.
[I 2025-02-24 17:00:46,066] Trial 55 finished with value: 3.1866455078125 and parameters: {'pretrain_epochs': 0, 'lr': 0.00035657499749285884, 'mc_samples_train': 1, 'prior_scale': 0.1594491774644655, 'q_scale': 0.0002573251923992516, 'batch_size': 32}. Best is trial 48 with value: -17.647350311279297.
Trainer already configured with model summary callbacks: [<class 'lightning.pytorch.callbacks.rich_model_summary.RichModelSummary'>]. Skipping setting a default `ModelSummary` callback.
GPU available: False, used: False
TPU available: False, using: 0 TPU cores
IPU available: False, using: 0 IPUs
HPU available: False, using: 0 HPUs
`Trainer.fit` stopped: `max_epochs=20` reached.
[I 2025-02-24 17:01:23,676] Trial 56 finished with value: -12.04144287109375 and parameters: {'pretrain_epochs': 0, 'lr': 0.00045966577927298755, 'mc_samples_train': 1, 'prior_scale': 0.38115057114944456, 'q_scale': 0.0001092609965403531, 'batch_size': 32}. Best is trial 48 with value: -17.647350311279297.
Trainer already configured with model summary callbacks: [<class 'lightning.pytorch.callbacks.rich_model_summary.RichModelSummary'>]. Skipping setting a default `ModelSummary` callback.
GPU available: False, used: False
TPU available: False, using: 0 TPU cores
IPU available: False, using: 0 IPUs
HPU available: False, using: 0 HPUs
`Trainer.fit` stopped: `max_epochs=20` reached.
[I 2025-02-24 17:02:01,216] Trial 57 finished with value: 33.456321716308594 and parameters: {'pretrain_epochs': 0, 'lr': 0.0002687523214750463, 'mc_samples_train': 1, 'prior_scale': 0.4909966024227881, 'q_scale': 0.00010776283196291782, 'batch_size': 32}. Best is trial 48 with value: -17.647350311279297.
Trainer already configured with model summary callbacks: [<class 'lightning.pytorch.callbacks.rich_model_summary.RichModelSummary'>]. Skipping setting a default `ModelSummary` callback.
GPU available: False, used: False
TPU available: False, using: 0 TPU cores
IPU available: False, using: 0 IPUs
HPU available: False, using: 0 HPUs
`Trainer.fit` stopped: `max_epochs=20` reached.
[I 2025-02-24 17:02:38,415] Trial 58 finished with value: -10.45925235748291 and parameters: {'pretrain_epochs': 0, 'lr': 0.0004244561930380383, 'mc_samples_train': 1, 'prior_scale': 0.4025899366991379, 'q_scale': 0.00020122170489877218, 'batch_size': 32}. Best is trial 48 with value: -17.647350311279297.
Trainer already configured with model summary callbacks: [<class 'lightning.pytorch.callbacks.rich_model_summary.RichModelSummary'>]. Skipping setting a default `ModelSummary` callback.
GPU available: False, used: False
TPU available: False, using: 0 TPU cores
IPU available: False, using: 0 IPUs
HPU available: False, using: 0 HPUs
`Trainer.fit` stopped: `max_epochs=20` reached.
[I 2025-02-24 17:03:17,977] Trial 59 finished with value: -4.9224748611450195 and parameters: {'pretrain_epochs': 0, 'lr': 0.0006354243142602283, 'mc_samples_train': 1, 'prior_scale': 0.6525679762316942, 'q_scale': 0.00010478021773977682, 'batch_size': 32}. Best is trial 48 with value: -17.647350311279297.
`Trainer.fit` stopped: `max_epochs=20` reached.
[I 2025-02-24 17:04:15,419] Trial 15 finished with value: -40.93604278564453 and parameters: {'pretrain_epochs': 0, 'lr': 0.000993377292523993, 'mc_samples_train': 2, 'prior_scale': 0.04295889441861082, 'q_scale': 0.0005406309577127726, 'batch_size': 32}. Best is trial 14 with value: -43.06855773925781.
Trainer already configured with model summary callbacks: [<class 'lightning.pytorch.callbacks.rich_model_summary.RichModelSummary'>]. Skipping setting a default `ModelSummary` callback.
GPU available: False, used: False
TPU available: False, using: 0 TPU cores
IPU available: False, using: 0 IPUs
HPU available: False, using: 0 HPUs
`Trainer.fit` stopped: `max_epochs=20` reached.
[I 2025-02-24 17:08:58,462] Trial 16 finished with value: -38.1905403137207 and parameters: {'pretrain_epochs': 0, 'lr': 0.0009487405078500493, 'mc_samples_train': 2, 'prior_scale': 0.050760342213256066, 'q_scale': 0.0005478446090810961, 'batch_size': 32}. Best is trial 14 with value: -43.06855773925781.
Trainer already configured with model summary callbacks: [<class 'lightning.pytorch.callbacks.rich_model_summary.RichModelSummary'>]. Skipping setting a default `ModelSummary` callback.
GPU available: False, used: False
TPU available: False, using: 0 TPU cores
IPU available: False, using: 0 IPUs
HPU available: False, using: 0 HPUs
`Trainer.fit` stopped: `max_epochs=20` reached.
[I 2025-02-24 17:09:55,657] Trial 17 finished with value: -134.15948486328125 and parameters: {'pretrain_epochs': 0, 'lr': 0.0009209263402796966, 'mc_samples_train': 2, 'prior_scale': 0.031696569140069956, 'q_scale': 0.0006411550999815748, 'batch_size': 256}. Best is trial 17 with value: -134.15948486328125.
Trainer already configured with model summary callbacks: [<class 'lightning.pytorch.callbacks.rich_model_summary.RichModelSummary'>]. Skipping setting a default `ModelSummary` callback.
GPU available: False, used: False
TPU available: False, using: 0 TPU cores
IPU available: False, using: 0 IPUs
HPU available: False, using: 0 HPUs
`Trainer.fit` stopped: `max_epochs=20` reached.
[I 2025-02-24 17:10:51,773] Trial 18 finished with value: 205.5994110107422 and parameters: {'pretrain_epochs': 0, 'lr': 0.0005390300331561976, 'mc_samples_train': 2, 'prior_scale': 0.24403110296651814, 'q_scale': 0.0015300746242159979, 'batch_size': 256}. Best is trial 17 with value: -134.15948486328125.
Trainer already configured with model summary callbacks: [<class 'lightning.pytorch.callbacks.rich_model_summary.RichModelSummary'>]. Skipping setting a default `ModelSummary` callback.
GPU available: False, used: False
TPU available: False, using: 0 TPU cores
IPU available: False, using: 0 IPUs
HPU available: False, using: 0 HPUs
`Trainer.fit` stopped: `max_epochs=20` reached.
[I 2025-02-24 17:11:45,380] Trial 19 finished with value: 144.83404541015625 and parameters: {'pretrain_epochs': 0, 'lr': 0.0005516521531804109, 'mc_samples_train': 2, 'prior_scale': 0.025816590783190707, 'q_scale': 0.00029558508798978826, 'batch_size': 256}. Best is trial 17 with value: -134.15948486328125.
Trainer already configured with model summary callbacks: [<class 'lightning.pytorch.callbacks.rich_model_summary.RichModelSummary'>]. Skipping setting a default `ModelSummary` callback.
GPU available: False, used: False
TPU available: False, using: 0 TPU cores
IPU available: False, using: 0 IPUs
HPU available: False, using: 0 HPUs
`Trainer.fit` stopped: `max_epochs=20` reached.
[I 2025-02-24 17:14:02,186] Trial 20 finished with value: -22.04224395751953 and parameters: {'pretrain_epochs': 0, 'lr': 0.00012822812473440383, 'mc_samples_train': 2, 'prior_scale': 0.51557206296688, 'q_scale': 0.005431270291843302, 'batch_size': 64}. Best is trial 17 with value: -134.15948486328125.
Trainer already configured with model summary callbacks: [<class 'lightning.pytorch.callbacks.rich_model_summary.RichModelSummary'>]. Skipping setting a default `ModelSummary` callback.
GPU available: False, used: False
TPU available: False, using: 0 TPU cores
IPU available: False, using: 0 IPUs
HPU available: False, using: 0 HPUs
`Trainer.fit` stopped: `max_epochs=20` reached.
[I 2025-02-24 17:14:42,941] Trial 21 finished with value: 1427.0665283203125 and parameters: {'pretrain_epochs': 0, 'lr': 0.0009674537623132307, 'mc_samples_train': 2, 'prior_scale': 0.03912520435690872, 'q_scale': 0.0004450080383865306, 'batch_size': 512}. Best is trial 17 with value: -134.15948486328125.
Trainer already configured with model summary callbacks: [<class 'lightning.pytorch.callbacks.rich_model_summary.RichModelSummary'>]. Skipping setting a default `ModelSummary` callback.
GPU available: False, used: False
TPU available: False, using: 0 TPU cores
IPU available: False, using: 0 IPUs
HPU available: False, using: 0 HPUs
`Trainer.fit` stopped: `max_epochs=20` reached.
[I 2025-02-24 17:15:34,731] Trial 22 finished with value: -47.362037658691406 and parameters: {'pretrain_epochs': 0, 'lr': 0.0007741569589310409, 'mc_samples_train': 2, 'prior_scale': 0.025679590189724603, 'q_scale': 0.0013692432863631522, 'batch_size': 256}. Best is trial 17 with value: -134.15948486328125.
Trainer already configured with model summary callbacks: [<class 'lightning.pytorch.callbacks.rich_model_summary.RichModelSummary'>]. Skipping setting a default `ModelSummary` callback.
GPU available: False, used: False
TPU available: False, using: 0 TPU cores
IPU available: False, using: 0 IPUs
HPU available: False, using: 0 HPUs
`Trainer.fit` stopped: `max_epochs=20` reached.
[I 2025-02-24 17:16:24,866] Trial 23 finished with value: 410.8078918457031 and parameters: {'pretrain_epochs': 0, 'lr': 0.0004127308888979467, 'mc_samples_train': 2, 'prior_scale': 0.02438186220717312, 'q_scale': 0.001510920615315071, 'batch_size': 256}. Best is trial 17 with value: -134.15948486328125.
Trainer already configured with model summary callbacks: [<class 'lightning.pytorch.callbacks.rich_model_summary.RichModelSummary'>]. Skipping setting a default `ModelSummary` callback.
GPU available: False, used: False
TPU available: False, using: 0 TPU cores
IPU available: False, using: 0 IPUs
HPU available: False, using: 0 HPUs
`Trainer.fit` stopped: `max_epochs=20` reached.
[I 2025-02-24 17:17:15,719] Trial 24 finished with value: 46.43812561035156 and parameters: {'pretrain_epochs': 0, 'lr': 0.0006940711612286496, 'mc_samples_train': 2, 'prior_scale': 0.00613746135508126, 'q_scale': 0.0015735696474954964, 'batch_size': 256}. Best is trial 17 with value: -134.15948486328125.
Trainer already configured with model summary callbacks: [<class 'lightning.pytorch.callbacks.rich_model_summary.RichModelSummary'>]. Skipping setting a default `ModelSummary` callback.
GPU available: False, used: False
TPU available: False, using: 0 TPU cores
IPU available: False, using: 0 IPUs
HPU available: False, using: 0 HPUs
`Trainer.fit` stopped: `max_epochs=20` reached.
[I 2025-02-24 17:18:08,018] Trial 25 finished with value: 545.3563842773438 and parameters: {'pretrain_epochs': 0, 'lr': 0.00035630520128115137, 'mc_samples_train': 2, 'prior_scale': 0.0637143680955864, 'q_scale': 0.0008616837036274713, 'batch_size': 256}. Best is trial 17 with value: -134.15948486328125.
Trainer already configured with model summary callbacks: [<class 'lightning.pytorch.callbacks.rich_model_summary.RichModelSummary'>]. Skipping setting a default `ModelSummary` callback.
GPU available: False, used: False
TPU available: False, using: 0 TPU cores
IPU available: False, using: 0 IPUs
HPU available: False, using: 0 HPUs
`Trainer.fit` stopped: `max_epochs=20` reached.
[I 2025-02-24 17:18:59,739] Trial 26 finished with value: -50.967220306396484 and parameters: {'pretrain_epochs': 0, 'lr': 0.0006954161670354888, 'mc_samples_train': 2, 'prior_scale': 0.026011168044825464, 'q_scale': 0.0002643328353889324, 'batch_size': 256}. Best is trial 17 with value: -134.15948486328125.
Trainer already configured with model summary callbacks: [<class 'lightning.pytorch.callbacks.rich_model_summary.RichModelSummary'>]. Skipping setting a default `ModelSummary` callback.
GPU available: False, used: False
TPU available: False, using: 0 TPU cores
IPU available: False, using: 0 IPUs
HPU available: False, using: 0 HPUs
`Trainer.fit` stopped: `max_epochs=20` reached.
[I 2025-02-24 17:19:50,589] Trial 27 finished with value: 152.63336181640625 and parameters: {'pretrain_epochs': 0, 'lr': 0.0006259201138713117, 'mc_samples_train': 2, 'prior_scale': 0.006233958757790093, 'q_scale': 0.0002113476925237594, 'batch_size': 256}. Best is trial 17 with value: -134.15948486328125.
Trainer already configured with model summary callbacks: [<class 'lightning.pytorch.callbacks.rich_model_summary.RichModelSummary'>]. Skipping setting a default `ModelSummary` callback.
GPU available: False, used: False
TPU available: False, using: 0 TPU cores
IPU available: False, using: 0 IPUs
HPU available: False, using: 0 HPUs
`Trainer.fit` stopped: `max_epochs=20` reached.
[I 2025-02-24 17:20:40,139] Trial 28 finished with value: 381.1119384765625 and parameters: {'pretrain_epochs': 0, 'lr': 0.00042056556413592165, 'mc_samples_train': 2, 'prior_scale': 0.022963264916847255, 'q_scale': 0.0033383248817059, 'batch_size': 256}. Best is trial 17 with value: -134.15948486328125.
Trainer already configured with model summary callbacks: [<class 'lightning.pytorch.callbacks.rich_model_summary.RichModelSummary'>]. Skipping setting a default `ModelSummary` callback.
GPU available: False, used: False
TPU available: False, using: 0 TPU cores
IPU available: False, using: 0 IPUs
HPU available: False, using: 0 HPUs
`Trainer.fit` stopped: `max_epochs=20` reached.
