[I 2025-02-24 17:21:30,647] Trial 29 finished with value: 750.7022094726562 and parameters: {'pretrain_epochs': 0, 'lr': 0.00020665216460971823, 'mc_samples_train': 2, 'prior_scale': 0.12511530385012856, 'q_scale': 0.00023132532796375533, 'batch_size': 256}. Best is trial 17 with value: -134.15948486328125.
Trainer already configured with model summary callbacks: [<class 'lightning.pytorch.callbacks.rich_model_summary.RichModelSummary'>]. Skipping setting a default `ModelSummary` callback.
GPU available: False, used: False
TPU available: False, using: 0 TPU cores
IPU available: False, using: 0 IPUs
HPU available: False, using: 0 HPUs
`Trainer.fit` stopped: `max_epochs=20` reached.
[I 2025-02-24 17:22:20,661] Trial 30 finished with value: -14.424219131469727 and parameters: {'pretrain_epochs': 0, 'lr': 0.0007264830671177536, 'mc_samples_train': 2, 'prior_scale': 0.24374922294183668, 'q_scale': 0.013519035337525045, 'batch_size': 256}. Best is trial 17 with value: -134.15948486328125.
Trainer already configured with model summary callbacks: [<class 'lightning.pytorch.callbacks.rich_model_summary.RichModelSummary'>]. Skipping setting a default `ModelSummary` callback.
GPU available: False, used: False
TPU available: False, using: 0 TPU cores
IPU available: False, using: 0 IPUs
HPU available: False, using: 0 HPUs
`Trainer.fit` stopped: `max_epochs=20` reached.
[I 2025-02-24 17:23:10,672] Trial 31 finished with value: -134.4296417236328 and parameters: {'pretrain_epochs': 0, 'lr': 0.0007846148150382361, 'mc_samples_train': 2, 'prior_scale': 0.028059292894663905, 'q_scale': 0.00032436640461907406, 'batch_size': 256}. Best is trial 31 with value: -134.4296417236328.
Trainer already configured with model summary callbacks: [<class 'lightning.pytorch.callbacks.rich_model_summary.RichModelSummary'>]. Skipping setting a default `ModelSummary` callback.
GPU available: False, used: False
TPU available: False, using: 0 TPU cores
IPU available: False, using: 0 IPUs
HPU available: False, using: 0 HPUs
`Trainer.fit` stopped: `max_epochs=20` reached.
[I 2025-02-24 17:24:00,849] Trial 32 finished with value: -21.154720306396484 and parameters: {'pretrain_epochs': 0, 'lr': 0.0007364303907983839, 'mc_samples_train': 2, 'prior_scale': 0.007705406853173061, 'q_scale': 0.0008575496082650798, 'batch_size': 256}. Best is trial 31 with value: -134.4296417236328.
Trainer already configured with model summary callbacks: [<class 'lightning.pytorch.callbacks.rich_model_summary.RichModelSummary'>]. Skipping setting a default `ModelSummary` callback.
GPU available: False, used: False
TPU available: False, using: 0 TPU cores
IPU available: False, using: 0 IPUs
HPU available: False, using: 0 HPUs
`Trainer.fit` stopped: `max_epochs=20` reached.
[I 2025-02-24 17:24:40,807] Trial 33 finished with value: 2325.223876953125 and parameters: {'pretrain_epochs': 0, 'lr': 0.0004625549128448345, 'mc_samples_train': 2, 'prior_scale': 0.07498413640468249, 'q_scale': 0.00024681105748181135, 'batch_size': 512}. Best is trial 31 with value: -134.4296417236328.
Trainer already configured with model summary callbacks: [<class 'lightning.pytorch.callbacks.rich_model_summary.RichModelSummary'>]. Skipping setting a default `ModelSummary` callback.
GPU available: False, used: False
TPU available: False, using: 0 TPU cores
IPU available: False, using: 0 IPUs
HPU available: False, using: 0 HPUs
`Trainer.fit` stopped: `max_epochs=20` reached.
[I 2025-02-24 17:25:31,891] Trial 34 finished with value: -3.5386338233947754 and parameters: {'pretrain_epochs': 0, 'lr': 0.0006629582933095401, 'mc_samples_train': 2, 'prior_scale': 0.016851279182046788, 'q_scale': 0.0020333412920257956, 'batch_size': 256}. Best is trial 31 with value: -134.4296417236328.
Trainer already configured with model summary callbacks: [<class 'lightning.pytorch.callbacks.rich_model_summary.RichModelSummary'>]. Skipping setting a default `ModelSummary` callback.
GPU available: False, used: False
TPU available: False, using: 0 TPU cores
IPU available: False, using: 0 IPUs
HPU available: False, using: 0 HPUs
[I 2025-02-24 17:25:49,945] Trial 35 pruned. Trial was pruned at epoch 3.
Trainer already configured with model summary callbacks: [<class 'lightning.pytorch.callbacks.rich_model_summary.RichModelSummary'>]. Skipping setting a default `ModelSummary` callback.
GPU available: False, used: False
TPU available: False, using: 0 TPU cores
IPU available: False, using: 0 IPUs
HPU available: False, using: 0 HPUs
`Trainer.fit` stopped: `max_epochs=20` reached.
[I 2025-02-24 17:26:25,052] Trial 36 finished with value: -102.60403442382812 and parameters: {'pretrain_epochs': 0, 'lr': 0.0007578957514476604, 'mc_samples_train': 1, 'prior_scale': 0.15003262337588077, 'q_scale': 0.0007664627480871191, 'batch_size': 256}. Best is trial 31 with value: -134.4296417236328.
Trainer already configured with model summary callbacks: [<class 'lightning.pytorch.callbacks.rich_model_summary.RichModelSummary'>]. Skipping setting a default `ModelSummary` callback.
GPU available: False, used: False
TPU available: False, using: 0 TPU cores
IPU available: False, using: 0 IPUs
HPU available: False, using: 0 HPUs
`Trainer.fit` stopped: `max_epochs=20` reached.
[I 2025-02-24 17:27:46,723] Trial 37 finished with value: 109.92904663085938 and parameters: {'pretrain_epochs': 0, 'lr': 0.0004934347393063435, 'mc_samples_train': 1, 'prior_scale': 0.10837409618405239, 'q_scale': 0.21193361588766488, 'batch_size': 64}. Best is trial 31 with value: -134.4296417236328.
Trainer already configured with model summary callbacks: [<class 'lightning.pytorch.callbacks.rich_model_summary.RichModelSummary'>]. Skipping setting a default `ModelSummary` callback.
GPU available: False, used: False
TPU available: False, using: 0 TPU cores
IPU available: False, using: 0 IPUs
HPU available: False, using: 0 HPUs
`Trainer.fit` stopped: `max_epochs=20` reached.
[I 2025-02-24 17:28:15,852] Trial 38 finished with value: 3211.9404296875 and parameters: {'pretrain_epochs': 0, 'lr': 3.6429465259517205e-05, 'mc_samples_train': 1, 'prior_scale': 0.3912641335207644, 'q_scale': 0.0003296342971548858, 'batch_size': 512}. Best is trial 31 with value: -134.4296417236328.
Trainer already configured with model summary callbacks: [<class 'lightning.pytorch.callbacks.rich_model_summary.RichModelSummary'>]. Skipping setting a default `ModelSummary` callback.
GPU available: False, used: False
TPU available: False, using: 0 TPU cores
IPU available: False, using: 0 IPUs
HPU available: False, using: 0 HPUs
`Trainer.fit` stopped: `max_epochs=20` reached.
[I 2025-02-24 17:28:51,826] Trial 39 finished with value: 1014.7343139648438 and parameters: {'pretrain_epochs': 0, 'lr': 1.0774254950974043e-05, 'mc_samples_train': 1, 'prior_scale': 0.14638509324689417, 'q_scale': 0.0009216034599415907, 'batch_size': 256}. Best is trial 31 with value: -134.4296417236328.
Trainer already configured with model summary callbacks: [<class 'lightning.pytorch.callbacks.rich_model_summary.RichModelSummary'>]. Skipping setting a default `ModelSummary` callback.
GPU available: False, used: False
TPU available: False, using: 0 TPU cores
IPU available: False, using: 0 IPUs
HPU available: False, using: 0 HPUs
`Trainer.fit` stopped: `max_epochs=20` reached.
[I 2025-02-24 17:29:27,885] Trial 40 finished with value: 598.9627075195312 and parameters: {'pretrain_epochs': 0, 'lr': 0.00022892873171124025, 'mc_samples_train': 1, 'prior_scale': 0.9950731697117731, 'q_scale': 0.005872832303599179, 'batch_size': 256}. Best is trial 31 with value: -134.4296417236328.
Trainer already configured with model summary callbacks: [<class 'lightning.pytorch.callbacks.rich_model_summary.RichModelSummary'>]. Skipping setting a default `ModelSummary` callback.
GPU available: False, used: False
TPU available: False, using: 0 TPU cores
IPU available: False, using: 0 IPUs
HPU available: False, using: 0 HPUs
`Trainer.fit` stopped: `max_epochs=20` reached.
[I 2025-02-24 17:30:07,974] Trial 41 finished with value: -91.3432388305664 and parameters: {'pretrain_epochs': 0, 'lr': 0.0007946428228141068, 'mc_samples_train': 1, 'prior_scale': 0.020140020488069288, 'q_scale': 0.00019449872347482503, 'batch_size': 256}. Best is trial 31 with value: -134.4296417236328.
Trainer already configured with model summary callbacks: [<class 'lightning.pytorch.callbacks.rich_model_summary.RichModelSummary'>]. Skipping setting a default `ModelSummary` callback.
GPU available: False, used: False
TPU available: False, using: 0 TPU cores
IPU available: False, using: 0 IPUs
HPU available: False, using: 0 HPUs
`Trainer.fit` stopped: `max_epochs=20` reached.
[I 2025-02-24 17:30:44,055] Trial 42 finished with value: -57.91120910644531 and parameters: {'pretrain_epochs': 0, 'lr': 0.00080130976213471, 'mc_samples_train': 1, 'prior_scale': 0.05615254688031494, 'q_scale': 0.00018565455630260784, 'batch_size': 256}. Best is trial 31 with value: -134.4296417236328.
Trainer already configured with model summary callbacks: [<class 'lightning.pytorch.callbacks.rich_model_summary.RichModelSummary'>]. Skipping setting a default `ModelSummary` callback.
GPU available: False, used: False
TPU available: False, using: 0 TPU cores
IPU available: False, using: 0 IPUs
HPU available: False, using: 0 HPUs
`Trainer.fit` stopped: `max_epochs=20` reached.
[I 2025-02-24 17:31:19,436] Trial 43 finished with value: -166.8891143798828 and parameters: {'pretrain_epochs': 0, 'lr': 0.0008284006247224548, 'mc_samples_train': 1, 'prior_scale': 0.1507395811686956, 'q_scale': 0.00015206099341942377, 'batch_size': 256}. Best is trial 43 with value: -166.8891143798828.
Trainer already configured with model summary callbacks: [<class 'lightning.pytorch.callbacks.rich_model_summary.RichModelSummary'>]. Skipping setting a default `ModelSummary` callback.
GPU available: False, used: False
TPU available: False, using: 0 TPU cores
IPU available: False, using: 0 IPUs
HPU available: False, using: 0 HPUs
`Trainer.fit` stopped: `max_epochs=20` reached.
[I 2025-02-24 17:31:54,780] Trial 44 finished with value: 918.063720703125 and parameters: {'pretrain_epochs': 0, 'lr': 8.43302576989622e-05, 'mc_samples_train': 1, 'prior_scale': 0.2906232617369742, 'q_scale': 0.00016430058065208792, 'batch_size': 256}. Best is trial 43 with value: -166.8891143798828.
Trainer already configured with model summary callbacks: [<class 'lightning.pytorch.callbacks.rich_model_summary.RichModelSummary'>]. Skipping setting a default `ModelSummary` callback.
GPU available: False, used: False
TPU available: False, using: 0 TPU cores
IPU available: False, using: 0 IPUs
HPU available: False, using: 0 HPUs
`Trainer.fit` stopped: `max_epochs=20` reached.
[I 2025-02-24 17:32:29,531] Trial 45 finished with value: 529.6715087890625 and parameters: {'pretrain_epochs': 0, 'lr': 0.00038582057822639216, 'mc_samples_train': 1, 'prior_scale': 0.1664031524382938, 'q_scale': 0.0006684457307929858, 'batch_size': 256}. Best is trial 43 with value: -166.8891143798828.
Trainer already configured with model summary callbacks: [<class 'lightning.pytorch.callbacks.rich_model_summary.RichModelSummary'>]. Skipping setting a default `ModelSummary` callback.
GPU available: False, used: False
TPU available: False, using: 0 TPU cores
IPU available: False, using: 0 IPUs
HPU available: False, using: 0 HPUs
`Trainer.fit` stopped: `max_epochs=20` reached.
