[I 2025-02-25 11:02:26,273] Trial 49 finished with value: -105.80429077148438 and parameters: {'pretrain_epochs': 0, 'lr': 0.0005613407094429722, 'mc_samples_train': 1, 'prior_scale': 0.18129818438333906, 'q_scale': 0.00037902455181819953, 'batch_size': 128}. Best is trial 43 with value: -166.8891143798828.
Trainer already configured with model summary callbacks: [<class 'lightning.pytorch.callbacks.rich_model_summary.RichModelSummary'>]. Skipping setting a default `ModelSummary` callback.
GPU available: False, used: False
TPU available: False, using: 0 TPU cores
IPU available: False, using: 0 IPUs
HPU available: False, using: 0 HPUs
`Trainer.fit` stopped: `max_epochs=20` reached.
[I 2025-02-25 11:03:20,889] Trial 50 finished with value: -113.66191101074219 and parameters: {'pretrain_epochs': 0, 'lr': 0.0005504278642518608, 'mc_samples_train': 1, 'prior_scale': 0.08869801365383095, 'q_scale': 0.0003297957589286832, 'batch_size': 128}. Best is trial 43 with value: -166.8891143798828.
Trainer already configured with model summary callbacks: [<class 'lightning.pytorch.callbacks.rich_model_summary.RichModelSummary'>]. Skipping setting a default `ModelSummary` callback.
GPU available: False, used: False
TPU available: False, using: 0 TPU cores
IPU available: False, using: 0 IPUs
HPU available: False, using: 0 HPUs
`Trainer.fit` stopped: `max_epochs=20` reached.
[I 2025-02-25 11:04:19,051] Trial 51 finished with value: -24.450719833374023 and parameters: {'pretrain_epochs': 0, 'lr': 0.0003048574049916455, 'mc_samples_train': 1, 'prior_scale': 0.07972164201237604, 'q_scale': 0.00010380787735100396, 'batch_size': 128}. Best is trial 43 with value: -166.8891143798828.
Trainer already configured with model summary callbacks: [<class 'lightning.pytorch.callbacks.rich_model_summary.RichModelSummary'>]. Skipping setting a default `ModelSummary` callback.
GPU available: False, used: False
TPU available: False, using: 0 TPU cores
IPU available: False, using: 0 IPUs
HPU available: False, using: 0 HPUs
`Trainer.fit` stopped: `max_epochs=20` reached.
[I 2025-02-25 11:05:16,591] Trial 52 finished with value: -80.6259765625 and parameters: {'pretrain_epochs': 0, 'lr': 0.000536286623244608, 'mc_samples_train': 1, 'prior_scale': 0.09057090300643525, 'q_scale': 0.0024521590833100388, 'batch_size': 128}. Best is trial 43 with value: -166.8891143798828.
Trainer already configured with model summary callbacks: [<class 'lightning.pytorch.callbacks.rich_model_summary.RichModelSummary'>]. Skipping setting a default `ModelSummary` callback.
GPU available: False, used: False
TPU available: False, using: 0 TPU cores
IPU available: False, using: 0 IPUs
HPU available: False, using: 0 HPUs
`Trainer.fit` stopped: `max_epochs=20` reached.
[I 2025-02-25 11:06:15,248] Trial 53 finished with value: -105.52009582519531 and parameters: {'pretrain_epochs': 0, 'lr': 0.0005638485029790227, 'mc_samples_train': 1, 'prior_scale': 0.18162169046510418, 'q_scale': 0.000395289286613123, 'batch_size': 128}. Best is trial 43 with value: -166.8891143798828.
Trainer already configured with model summary callbacks: [<class 'lightning.pytorch.callbacks.rich_model_summary.RichModelSummary'>]. Skipping setting a default `ModelSummary` callback.
GPU available: False, used: False
TPU available: False, using: 0 TPU cores
IPU available: False, using: 0 IPUs
HPU available: False, using: 0 HPUs
`Trainer.fit` stopped: `max_epochs=20` reached.
[I 2025-02-25 11:07:11,031] Trial 54 finished with value: -29.3430233001709 and parameters: {'pretrain_epochs': 0, 'lr': 0.00047480453693881617, 'mc_samples_train': 1, 'prior_scale': 0.32219383836638055, 'q_scale': 0.00046018792849455455, 'batch_size': 128}. Best is trial 43 with value: -166.8891143798828.
Trainer already configured with model summary callbacks: [<class 'lightning.pytorch.callbacks.rich_model_summary.RichModelSummary'>]. Skipping setting a default `ModelSummary` callback.
GPU available: False, used: False
TPU available: False, using: 0 TPU cores
IPU available: False, using: 0 IPUs
HPU available: False, using: 0 HPUs
`Trainer.fit` stopped: `max_epochs=20` reached.
[I 2025-02-25 11:08:07,690] Trial 55 finished with value: -78.29817199707031 and parameters: {'pretrain_epochs': 0, 'lr': 0.0008521321521955661, 'mc_samples_train': 1, 'prior_scale': 0.20580252417824932, 'q_scale': 0.0001344190104607116, 'batch_size': 128}. Best is trial 43 with value: -166.8891143798828.
Trainer already configured with model summary callbacks: [<class 'lightning.pytorch.callbacks.rich_model_summary.RichModelSummary'>]. Skipping setting a default `ModelSummary` callback.
GPU available: False, used: False
TPU available: False, using: 0 TPU cores
IPU available: False, using: 0 IPUs
HPU available: False, using: 0 HPUs
`Trainer.fit` stopped: `max_epochs=20` reached.
[I 2025-02-25 11:09:12,032] Trial 56 finished with value: -118.32482147216797 and parameters: {'pretrain_epochs': 0, 'lr': 0.0006079925390383161, 'mc_samples_train': 1, 'prior_scale': 0.49374820992211227, 'q_scale': 0.0003545951505743899, 'batch_size': 128}. Best is trial 43 with value: -166.8891143798828.
Trainer already configured with model summary callbacks: [<class 'lightning.pytorch.callbacks.rich_model_summary.RichModelSummary'>]. Skipping setting a default `ModelSummary` callback.
GPU available: False, used: False
TPU available: False, using: 0 TPU cores
IPU available: False, using: 0 IPUs
HPU available: False, using: 0 HPUs
`Trainer.fit` stopped: `max_epochs=20` reached.
[I 2025-02-25 11:10:08,210] Trial 57 finished with value: 451.3868408203125 and parameters: {'pretrain_epochs': 0, 'lr': 5.59425827360431e-05, 'mc_samples_train': 1, 'prior_scale': 0.5614793167673252, 'q_scale': 0.0006196644973683871, 'batch_size': 128}. Best is trial 43 with value: -166.8891143798828.
Trainer already configured with model summary callbacks: [<class 'lightning.pytorch.callbacks.rich_model_summary.RichModelSummary'>]. Skipping setting a default `ModelSummary` callback.
GPU available: False, used: False
TPU available: False, using: 0 TPU cores
IPU available: False, using: 0 IPUs
HPU available: False, using: 0 HPUs
`Trainer.fit` stopped: `max_epochs=20` reached.
[I 2025-02-25 11:11:05,823] Trial 58 finished with value: 190.23809814453125 and parameters: {'pretrain_epochs': 0, 'lr': 0.0009805539390864814, 'mc_samples_train': 1, 'prior_scale': 0.04594714870723968, 'q_scale': 0.03896144511605216, 'batch_size': 128}. Best is trial 43 with value: -166.8891143798828.
Trainer already configured with model summary callbacks: [<class 'lightning.pytorch.callbacks.rich_model_summary.RichModelSummary'>]. Skipping setting a default `ModelSummary` callback.
GPU available: False, used: False
TPU available: False, using: 0 TPU cores
IPU available: False, using: 0 IPUs
HPU available: False, using: 0 HPUs
`Trainer.fit` stopped: `max_epochs=20` reached.
[I 2025-02-25 11:12:02,432] Trial 59 finished with value: -98.42029571533203 and parameters: {'pretrain_epochs': 0, 'lr': 0.0006192189299303569, 'mc_samples_train': 1, 'prior_scale': 0.3990725694014223, 'q_scale': 0.0011274742042407398, 'batch_size': 128}. Best is trial 43 with value: -166.8891143798828.
Trainer already configured with model summary callbacks: [<class 'lightning.pytorch.callbacks.rich_model_summary.RichModelSummary'>]. Skipping setting a default `ModelSummary` callback.
GPU available: False, used: False
TPU available: False, using: 0 TPU cores
IPU available: False, using: 0 IPUs
HPU available: False, using: 0 HPUs
`Trainer.fit` stopped: `max_epochs=20` reached.
[I 2025-02-25 11:13:35,970] Trial 60 finished with value: 248.98841857910156 and parameters: {'pretrain_epochs': 0, 'lr': 0.00042646371192664044, 'mc_samples_train': 1, 'prior_scale': 0.0014214803722818502, 'q_scale': 0.0001551436902381684, 'batch_size': 64}. Best is trial 43 with value: -166.8891143798828.
Trainer already configured with model summary callbacks: [<class 'lightning.pytorch.callbacks.rich_model_summary.RichModelSummary'>]. Skipping setting a default `ModelSummary` callback.
GPU available: False, used: False
TPU available: False, using: 0 TPU cores
IPU available: False, using: 0 IPUs
HPU available: False, using: 0 HPUs
`Trainer.fit` stopped: `max_epochs=20` reached.
[I 2025-02-25 11:14:32,616] Trial 61 finished with value: 312.46917724609375 and parameters: {'pretrain_epochs': 0, 'lr': 0.00013598487013221397, 'mc_samples_train': 1, 'prior_scale': 0.0996273367073532, 'q_scale': 0.0002981470189048072, 'batch_size': 128}. Best is trial 43 with value: -166.8891143798828.
Trainer already configured with model summary callbacks: [<class 'lightning.pytorch.callbacks.rich_model_summary.RichModelSummary'>]. Skipping setting a default `ModelSummary` callback.
GPU available: False, used: False
TPU available: False, using: 0 TPU cores
IPU available: False, using: 0 IPUs
HPU available: False, using: 0 HPUs
`Trainer.fit` stopped: `max_epochs=20` reached.
[I 2025-02-25 11:15:25,763] Trial 62 finished with value: -35.166893005371094 and parameters: {'pretrain_epochs': 0, 'lr': 0.0002577863521568503, 'mc_samples_train': 1, 'prior_scale': 0.9338023382063743, 'q_scale': 0.0005449753048371786, 'batch_size': 128}. Best is trial 43 with value: -166.8891143798828.
Trainer already configured with model summary callbacks: [<class 'lightning.pytorch.callbacks.rich_model_summary.RichModelSummary'>]. Skipping setting a default `ModelSummary` callback.
GPU available: False, used: False
TPU available: False, using: 0 TPU cores
IPU available: False, using: 0 IPUs
HPU available: False, using: 0 HPUs
`Trainer.fit` stopped: `max_epochs=20` reached.
[I 2025-02-25 11:16:26,235] Trial 63 finished with value: -130.19822692871094 and parameters: {'pretrain_epochs': 0, 'lr': 0.0005588896752710546, 'mc_samples_train': 1, 'prior_scale': 0.20666408199737438, 'q_scale': 0.00039953050229747146, 'batch_size': 128}. Best is trial 43 with value: -166.8891143798828.
Trainer already configured with model summary callbacks: [<class 'lightning.pytorch.callbacks.rich_model_summary.RichModelSummary'>]. Skipping setting a default `ModelSummary` callback.
GPU available: False, used: False
TPU available: False, using: 0 TPU cores
IPU available: False, using: 0 IPUs
HPU available: False, using: 0 HPUs
`Trainer.fit` stopped: `max_epochs=20` reached.
[I 2025-02-25 11:17:23,568] Trial 64 finished with value: -132.32772827148438 and parameters: {'pretrain_epochs': 0, 'lr': 0.0008819107841862346, 'mc_samples_train': 1, 'prior_scale': 0.5767204920102603, 'q_scale': 0.0003488071407598603, 'batch_size': 128}. Best is trial 43 with value: -166.8891143798828.
Trainer already configured with model summary callbacks: [<class 'lightning.pytorch.callbacks.rich_model_summary.RichModelSummary'>]. Skipping setting a default `ModelSummary` callback.
GPU available: False, used: False
TPU available: False, using: 0 TPU cores
IPU available: False, using: 0 IPUs
HPU available: False, using: 0 HPUs
`Trainer.fit` stopped: `max_epochs=20` reached.
[I 2025-02-25 11:18:19,820] Trial 65 finished with value: -116.95478820800781 and parameters: {'pretrain_epochs': 0, 'lr': 0.0008186668361454661, 'mc_samples_train': 1, 'prior_scale': 0.6280616550905697, 'q_scale': 0.0002789362271663289, 'batch_size': 128}. Best is trial 43 with value: -166.8891143798828.
Trainer already configured with model summary callbacks: [<class 'lightning.pytorch.callbacks.rich_model_summary.RichModelSummary'>]. Skipping setting a default `ModelSummary` callback.
GPU available: False, used: False
TPU available: False, using: 0 TPU cores
IPU available: False, using: 0 IPUs
HPU available: False, using: 0 HPUs
`Trainer.fit` stopped: `max_epochs=20` reached.
[I 2025-02-25 11:19:12,997] Trial 66 finished with value: -50.595088958740234 and parameters: {'pretrain_epochs': 0, 'lr': 0.0008676618671986171, 'mc_samples_train': 1, 'prior_scale': 0.6776363694977932, 'q_scale': 0.00023297695210412807, 'batch_size': 128}. Best is trial 43 with value: -166.8891143798828.
Trainer already configured with model summary callbacks: [<class 'lightning.pytorch.callbacks.rich_model_summary.RichModelSummary'>]. Skipping setting a default `ModelSummary` callback.
GPU available: False, used: False
TPU available: False, using: 0 TPU cores
IPU available: False, using: 0 IPUs
HPU available: False, using: 0 HPUs
/home/g15farris/.conda/envs/bnn/lib/python3.12/site-packages/lightning/pytorch/loops/fit_loop.py:298: The number of training batches (12) is smaller than the logging interval Trainer(log_every_n_steps=50). Set a lower value for log_every_n_steps if you want to see logs for the training epoch.
`Trainer.fit` stopped: `max_epochs=20` reached.
[I 2025-02-25 11:19:44,696] Trial 67 finished with value: 1118.093017578125 and parameters: {'pretrain_epochs': 0, 'lr': 0.0008562712249295309, 'mc_samples_train': 1, 'prior_scale': 0.7111891685351078, 'q_scale': 0.001102792776388093, 'batch_size': 512}. Best is trial 43 with value: -166.8891143798828.
Trainer already configured with model summary callbacks: [<class 'lightning.pytorch.callbacks.rich_model_summary.RichModelSummary'>]. Skipping setting a default `ModelSummary` callback.
GPU available: False, used: False
TPU available: False, using: 0 TPU cores
IPU available: False, using: 0 IPUs
HPU available: False, using: 0 HPUs
`Trainer.fit` stopped: `max_epochs=20` reached.
[I 2025-02-25 11:22:29,055] Trial 68 finished with value: -39.51170349121094 and parameters: {'pretrain_epochs': 0, 'lr': 0.0006532486996326448, 'mc_samples_train': 1, 'prior_scale': 0.3309592471938878, 'q_scale': 0.0001282290739478354, 'batch_size': 32}. Best is trial 43 with value: -166.8891143798828.
Trainer already configured with model summary callbacks: [<class 'lightning.pytorch.callbacks.rich_model_summary.RichModelSummary'>]. Skipping setting a default `ModelSummary` callback.
GPU available: False, used: False
TPU available: False, using: 0 TPU cores
IPU available: False, using: 0 IPUs
HPU available: False, using: 0 HPUs
`Trainer.fit` stopped: `max_epochs=20` reached.
[I 2025-02-25 11:23:24,997] Trial 69 finished with value: -26.957048416137695 and parameters: {'pretrain_epochs': 0, 'lr': 0.0009590272493470675, 'mc_samples_train': 1, 'prior_scale': 0.5112834518144872, 'q_scale': 0.00062103274690036, 'batch_size': 128}. Best is trial 43 with value: -166.8891143798828.
Trainer already configured with model summary callbacks: [<class 'lightning.pytorch.callbacks.rich_model_summary.RichModelSummary'>]. Skipping setting a default `ModelSummary` callback.
GPU available: False, used: False
TPU available: False, using: 0 TPU cores
IPU available: False, using: 0 IPUs
HPU available: False, using: 0 HPUs
`Trainer.fit` stopped: `max_epochs=20` reached.
[I 2025-02-25 11:24:57,483] Trial 70 finished with value: -82.95844268798828 and parameters: {'pretrain_epochs': 0, 'lr': 0.0006781706384372672, 'mc_samples_train': 1, 'prior_scale': 0.44758651941531713, 'q_scale': 0.0005144092705777254, 'batch_size': 64}. Best is trial 43 with value: -166.8891143798828.
Trainer already configured with model summary callbacks: [<class 'lightning.pytorch.callbacks.rich_model_summary.RichModelSummary'>]. Skipping setting a default `ModelSummary` callback.
GPU available: False, used: False
TPU available: False, using: 0 TPU cores
IPU available: False, using: 0 IPUs
HPU available: False, using: 0 HPUs
`Trainer.fit` stopped: `max_epochs=20` reached.
[I 2025-02-25 11:26:22,657] Trial 71 finished with value: -81.06729125976562 and parameters: {'pretrain_epochs': 0, 'lr': 0.0008616528246308509, 'mc_samples_train': 2, 'prior_scale': 0.5800447989886094, 'q_scale': 0.000268119078487451, 'batch_size': 128}. Best is trial 43 with value: -166.8891143798828.
Trainer already configured with model summary callbacks: [<class 'lightning.pytorch.callbacks.rich_model_summary.RichModelSummary'>]. Skipping setting a default `ModelSummary` callback.
GPU available: False, used: False
TPU available: False, using: 0 TPU cores
IPU available: False, using: 0 IPUs
HPU available: False, using: 0 HPUs
`Trainer.fit` stopped: `max_epochs=20` reached.
[I 2025-02-25 11:27:18,131] Trial 72 finished with value: 122.2187271118164 and parameters: {'pretrain_epochs': 0, 'lr': 0.00035053802964882453, 'mc_samples_train': 1, 'prior_scale': 0.00338235824897984, 'q_scale': 0.00016551096525002157, 'batch_size': 128}. Best is trial 43 with value: -166.8891143798828.
Trainer already configured with model summary callbacks: [<class 'lightning.pytorch.callbacks.rich_model_summary.RichModelSummary'>]. Skipping setting a default `ModelSummary` callback.
GPU available: False, used: False
TPU available: False, using: 0 TPU cores
IPU available: False, using: 0 IPUs
HPU available: False, using: 0 HPUs
`Trainer.fit` stopped: `max_epochs=20` reached.
[I 2025-02-25 11:28:15,096] Trial 73 finished with value: -62.131446838378906 and parameters: {'pretrain_epochs': 0, 'lr': 0.0004787677236022952, 'mc_samples_train': 1, 'prior_scale': 0.8299938984602954, 'q_scale': 0.0003702844582912504, 'batch_size': 128}. Best is trial 43 with value: -166.8891143798828.
Trainer already configured with model summary callbacks: [<class 'lightning.pytorch.callbacks.rich_model_summary.RichModelSummary'>]. Skipping setting a default `ModelSummary` callback.
GPU available: False, used: False
TPU available: False, using: 0 TPU cores
IPU available: False, using: 0 IPUs
HPU available: False, using: 0 HPUs
`Trainer.fit` stopped: `max_epochs=20` reached.
[I 2025-02-25 11:29:11,278] Trial 74 finished with value: -118.80400848388672 and parameters: {'pretrain_epochs': 0, 'lr': 0.0007250148610726605, 'mc_samples_train': 1, 'prior_scale': 0.24137552197423798, 'q_scale': 0.0003051260533557736, 'batch_size': 128}. Best is trial 43 with value: -166.8891143798828.
Trainer already configured with model summary callbacks: [<class 'lightning.pytorch.callbacks.rich_model_summary.RichModelSummary'>]. Skipping setting a default `ModelSummary` callback.
GPU available: False, used: False
TPU available: False, using: 0 TPU cores
IPU available: False, using: 0 IPUs
HPU available: False, using: 0 HPUs
`Trainer.fit` stopped: `max_epochs=20` reached.
[I 2025-02-25 11:30:06,402] Trial 75 finished with value: -101.27973937988281 and parameters: {'pretrain_epochs': 0, 'lr': 0.0007210367589662488, 'mc_samples_train': 1, 'prior_scale': 0.39082634008506933, 'q_scale': 0.00020660282773846017, 'batch_size': 128}. Best is trial 43 with value: -166.8891143798828.
Trainer already configured with model summary callbacks: [<class 'lightning.pytorch.callbacks.rich_model_summary.RichModelSummary'>]. Skipping setting a default `ModelSummary` callback.
GPU available: False, used: False
TPU available: False, using: 0 TPU cores
IPU available: False, using: 0 IPUs
HPU available: False, using: 0 HPUs
`Trainer.fit` stopped: `max_epochs=20` reached.
[I 2025-02-25 11:31:08,039] Trial 76 finished with value: -159.13059997558594 and parameters: {'pretrain_epochs': 0, 'lr': 0.0008844203375073474, 'mc_samples_train': 1, 'prior_scale': 0.27476930802852306, 'q_scale': 0.00010199663749829745, 'batch_size': 128}. Best is trial 43 with value: -166.8891143798828.
Trainer already configured with model summary callbacks: [<class 'lightning.pytorch.callbacks.rich_model_summary.RichModelSummary'>]. Skipping setting a default `ModelSummary` callback.
GPU available: False, used: False
TPU available: False, using: 0 TPU cores
IPU available: False, using: 0 IPUs
HPU available: False, using: 0 HPUs
`Trainer.fit` stopped: `max_epochs=20` reached.
[I 2025-02-25 11:35:37,343] Trial 77 finished with value: -6.825471878051758 and parameters: {'pretrain_epochs': 0, 'lr': 0.0009845722773888625, 'mc_samples_train': 2, 'prior_scale': 0.12728295033256484, 'q_scale': 0.00010238424722601798, 'batch_size': 32}. Best is trial 43 with value: -166.8891143798828.
Trainer already configured with model summary callbacks: [<class 'lightning.pytorch.callbacks.rich_model_summary.RichModelSummary'>]. Skipping setting a default `ModelSummary` callback.
GPU available: False, used: False
TPU available: False, using: 0 TPU cores
IPU available: False, using: 0 IPUs
HPU available: False, using: 0 HPUs
`Trainer.fit` stopped: `max_epochs=20` reached.
[I 2025-02-25 11:36:08,531] Trial 78 finished with value: 2130.3935546875 and parameters: {'pretrain_epochs': 0, 'lr': 0.0006378405170216925, 'mc_samples_train': 1, 'prior_scale': 0.26845915775568846, 'q_scale': 0.00015520054160610006, 'batch_size': 512}. Best is trial 43 with value: -166.8891143798828.
Trainer already configured with model summary callbacks: [<class 'lightning.pytorch.callbacks.rich_model_summary.RichModelSummary'>]. Skipping setting a default `ModelSummary` callback.
GPU available: False, used: False
TPU available: False, using: 0 TPU cores
IPU available: False, using: 0 IPUs
HPU available: False, using: 0 HPUs
[I 2025-02-25 11:37:16,651] Trial 79 pruned. Trial was pruned at epoch 14.
Trainer already configured with model summary callbacks: [<class 'lightning.pytorch.callbacks.rich_model_summary.RichModelSummary'>]. Skipping setting a default `ModelSummary` callback.
GPU available: False, used: False
TPU available: False, using: 0 TPU cores
IPU available: False, using: 0 IPUs
HPU available: False, using: 0 HPUs
/home/g15farris/.conda/envs/bnn/lib/python3.12/site-packages/lightning/pytorch/loops/fit_loop.py:298: The number of training batches (25) is smaller than the logging interval Trainer(log_every_n_steps=50). Set a lower value for log_every_n_steps if you want to see logs for the training epoch.
`Trainer.fit` stopped: `max_epochs=20` reached.
