/home/g15farris/.conda/envs/bnn/lib/python3.12/site-packages/hydra/_internal/instantiate/_instantiate2.py:92: ExperimentalWarning: PatientPruner is experimental (supported from v2.8.0). The interface can change in the future.
  return _target_(*args, **kwargs)
/home/g15farris/.conda/envs/bnn/lib/python3.12/site-packages/hydra/_internal/instantiate/_instantiate2.py:92: ExperimentalWarning: PatientPruner is experimental (supported from v2.8.0). The interface can change in the future.
  return _target_(*args, **kwargs)
[I 2025-02-24 16:30:25,904] A new study created in RDB with name: rad_20perc
[I 2025-02-24 16:30:26,336] A new study created in RDB with name: rad_100perc
Trainer already configured with model summary callbacks: [<class 'lightning.pytorch.callbacks.rich_model_summary.RichModelSummary'>]. Skipping setting a default `ModelSummary` callback.
GPU available: False, used: False
TPU available: False, using: 0 TPU cores
IPU available: False, using: 0 IPUs
HPU available: False, using: 0 HPUs
Trainer already configured with model summary callbacks: [<class 'lightning.pytorch.callbacks.rich_model_summary.RichModelSummary'>]. Skipping setting a default `ModelSummary` callback.
GPU available: False, used: False
TPU available: False, using: 0 TPU cores
IPU available: False, using: 0 IPUs
HPU available: False, using: 0 HPUs
/home/g15farris/.conda/envs/bnn/lib/python3.12/site-packages/lightning/pytorch/core/optimizer.py:181: `LightningModule.configure_optimizers` returned `None`, this fit will run with no optimizer
/home/g15farris/.conda/envs/bnn/lib/python3.12/site-packages/lightning/pytorch/core/optimizer.py:181: `LightningModule.configure_optimizers` returned `None`, this fit will run with no optimizer
/home/g15farris/.conda/envs/bnn/lib/python3.12/site-packages/lightning/pytorch/loops/fit_loop.py:298: The number of training batches (5) is smaller than the logging interval Trainer(log_every_n_steps=50). Set a lower value for log_every_n_steps if you want to see logs for the training epoch.
/home/g15farris/.conda/envs/bnn/lib/python3.12/site-packages/tyxe/likelihoods.py:203: UserWarning: var(): degrees of freedom is <= 0. Correction should be strictly less than the reduction factor (input numel divided by output numel). (Triggered internally at ../aten/src/ATen/native/ReduceOps.cpp:1807.)
  agg_scale = precision.reciprocal().mean(dim).add(loc.var(dim)).sqrt()
/home/g15farris/.conda/envs/bnn/lib/python3.12/site-packages/lightning/pytorch/loops/optimization/automatic.py:132: `training_step` returned `None`. If this was on purpose, ignore this warning...
/home/g15farris/.conda/envs/bnn/lib/python3.12/site-packages/lightning/pytorch/loops/fit_loop.py:298: The number of training batches (25) is smaller than the logging interval Trainer(log_every_n_steps=50). Set a lower value for log_every_n_steps if you want to see logs for the training epoch.
/home/g15farris/.conda/envs/bnn/lib/python3.12/site-packages/tyxe/likelihoods.py:203: UserWarning: var(): degrees of freedom is <= 0. Correction should be strictly less than the reduction factor (input numel divided by output numel). (Triggered internally at ../aten/src/ATen/native/ReduceOps.cpp:1807.)
  agg_scale = precision.reciprocal().mean(dim).add(loc.var(dim)).sqrt()
/home/g15farris/.conda/envs/bnn/lib/python3.12/site-packages/lightning/pytorch/loops/optimization/automatic.py:132: `training_step` returned `None`. If this was on purpose, ignore this warning...
`Trainer.fit` stopped: `max_epochs=20` reached.
[I 2025-02-24 16:30:46,426] Trial 0 finished with value: 638.2109985351562 and parameters: {'pretrain_epochs': 0, 'lr': 2.4156772025296228e-05, 'mc_samples_train': 1, 'prior_scale': 0.22702608040701588, 'q_scale': 0.13179630432958683, 'batch_size': 256}. Best is trial 0 with value: 638.2109985351562.
Trainer already configured with model summary callbacks: [<class 'lightning.pytorch.callbacks.rich_model_summary.RichModelSummary'>]. Skipping setting a default `ModelSummary` callback.
GPU available: False, used: False
TPU available: False, using: 0 TPU cores
IPU available: False, using: 0 IPUs
HPU available: False, using: 0 HPUs
/home/g15farris/.conda/envs/bnn/lib/python3.12/site-packages/lightning/pytorch/loops/fit_loop.py:298: The number of training batches (2) is smaller than the logging interval Trainer(log_every_n_steps=50). Set a lower value for log_every_n_steps if you want to see logs for the training epoch.
`Trainer.fit` stopped: `max_epochs=20` reached.
[I 2025-02-24 16:31:04,129] Trial 1 finished with value: 628.9982299804688 and parameters: {'pretrain_epochs': 0, 'lr': 5.195586024325663e-05, 'mc_samples_train': 2, 'prior_scale': 0.1374377640063412, 'q_scale': 0.0030269344709026166, 'batch_size': 512}. Best is trial 1 with value: 628.9982299804688.
`Trainer.fit` stopped: `max_epochs=20` reached.
[I 2025-02-24 16:31:07,126] Trial 0 finished with value: 948.5304565429688 and parameters: {'pretrain_epochs': 0, 'lr': 2.4156772025296228e-05, 'mc_samples_train': 1, 'prior_scale': 0.22702608040701588, 'q_scale': 0.13179630432958683, 'batch_size': 256}. Best is trial 0 with value: 948.5304565429688.
Trainer already configured with model summary callbacks: [<class 'lightning.pytorch.callbacks.rich_model_summary.RichModelSummary'>]. Skipping setting a default `ModelSummary` callback.
GPU available: False, used: False
TPU available: False, using: 0 TPU cores
IPU available: False, using: 0 IPUs
HPU available: False, using: 0 HPUs
/home/g15farris/.conda/envs/bnn/lib/python3.12/site-packages/lightning/pytorch/loops/fit_loop.py:298: The number of training batches (10) is smaller than the logging interval Trainer(log_every_n_steps=50). Set a lower value for log_every_n_steps if you want to see logs for the training epoch.
Trainer already configured with model summary callbacks: [<class 'lightning.pytorch.callbacks.rich_model_summary.RichModelSummary'>]. Skipping setting a default `ModelSummary` callback.
GPU available: False, used: False
TPU available: False, using: 0 TPU cores
IPU available: False, using: 0 IPUs
HPU available: False, using: 0 HPUs
/home/g15farris/.conda/envs/bnn/lib/python3.12/site-packages/lightning/pytorch/loops/fit_loop.py:298: The number of training batches (12) is smaller than the logging interval Trainer(log_every_n_steps=50). Set a lower value for log_every_n_steps if you want to see logs for the training epoch.
`Trainer.fit` stopped: `max_epochs=20` reached.
[I 2025-02-24 16:31:23,449] Trial 2 finished with value: 581.3751831054688 and parameters: {'pretrain_epochs': 0, 'lr': 5.367498945698204e-05, 'mc_samples_train': 1, 'prior_scale': 0.012778268753495938, 'q_scale': 0.540207249341968, 'batch_size': 128}. Best is trial 2 with value: 581.3751831054688.
Trainer already configured with model summary callbacks: [<class 'lightning.pytorch.callbacks.rich_model_summary.RichModelSummary'>]. Skipping setting a default `ModelSummary` callback.
GPU available: False, used: False
TPU available: False, using: 0 TPU cores
IPU available: False, using: 0 IPUs
HPU available: False, using: 0 HPUs
`Trainer.fit` stopped: `max_epochs=20` reached.
[I 2025-02-24 16:31:48,704] Trial 1 finished with value: 3049.81396484375 and parameters: {'pretrain_epochs': 0, 'lr': 5.195586024325663e-05, 'mc_samples_train': 2, 'prior_scale': 0.1374377640063412, 'q_scale': 0.0030269344709026166, 'batch_size': 512}. Best is trial 0 with value: 948.5304565429688.
`Trainer.fit` stopped: `max_epochs=20` reached.
[I 2025-02-24 16:31:49,426] Trial 3 finished with value: 576.7377319335938 and parameters: {'pretrain_epochs': 0, 'lr': 0.0005473369642905611, 'mc_samples_train': 2, 'prior_scale': 0.002699606552195955, 'q_scale': 0.06562115716452717, 'batch_size': 128}. Best is trial 3 with value: 576.7377319335938.
Trainer already configured with model summary callbacks: [<class 'lightning.pytorch.callbacks.rich_model_summary.RichModelSummary'>]. Skipping setting a default `ModelSummary` callback.
GPU available: False, used: False
TPU available: False, using: 0 TPU cores
IPU available: False, using: 0 IPUs
HPU available: False, using: 0 HPUs
/home/g15farris/.conda/envs/bnn/lib/python3.12/site-packages/lightning/pytorch/loops/fit_loop.py:298: The number of training batches (49) is smaller than the logging interval Trainer(log_every_n_steps=50). Set a lower value for log_every_n_steps if you want to see logs for the training epoch.
Trainer already configured with model summary callbacks: [<class 'lightning.pytorch.callbacks.rich_model_summary.RichModelSummary'>]. Skipping setting a default `ModelSummary` callback.
GPU available: False, used: False
TPU available: False, using: 0 TPU cores
IPU available: False, using: 0 IPUs
HPU available: False, using: 0 HPUs
`Trainer.fit` stopped: `max_epochs=20` reached.
[I 2025-02-24 16:32:08,016] Trial 4 finished with value: 614.8442993164062 and parameters: {'pretrain_epochs': 0, 'lr': 1.3170990774640101e-05, 'mc_samples_train': 1, 'prior_scale': 0.10583829396911469, 'q_scale': 0.023905570899706415, 'batch_size': 128}. Best is trial 3 with value: 576.7377319335938.
Trainer already configured with model summary callbacks: [<class 'lightning.pytorch.callbacks.rich_model_summary.RichModelSummary'>]. Skipping setting a default `ModelSummary` callback.
GPU available: False, used: False
TPU available: False, using: 0 TPU cores
IPU available: False, using: 0 IPUs
HPU available: False, using: 0 HPUs
`Trainer.fit` stopped: `max_epochs=20` reached.
[I 2025-02-24 16:32:26,562] Trial 5 finished with value: 613.4588012695312 and parameters: {'pretrain_epochs': 0, 'lr': 1.674127903856e-05, 'mc_samples_train': 1, 'prior_scale': 0.001047833275436284, 'q_scale': 0.02949625201538112, 'batch_size': 128}. Best is trial 3 with value: 576.7377319335938.
Trainer already configured with model summary callbacks: [<class 'lightning.pytorch.callbacks.rich_model_summary.RichModelSummary'>]. Skipping setting a default `ModelSummary` callback.
GPU available: False, used: False
TPU available: False, using: 0 TPU cores
IPU available: False, using: 0 IPUs
HPU available: False, using: 0 HPUs
`Trainer.fit` stopped: `max_epochs=20` reached.
[I 2025-02-24 16:32:39,396] Trial 2 finished with value: 498.3192443847656 and parameters: {'pretrain_epochs': 0, 'lr': 5.367498945698204e-05, 'mc_samples_train': 1, 'prior_scale': 0.012778268753495938, 'q_scale': 0.540207249341968, 'batch_size': 128}. Best is trial 2 with value: 498.3192443847656.
`Trainer.fit` stopped: `max_epochs=20` reached.
[I 2025-02-24 16:32:45,402] Trial 6 finished with value: 607.231689453125 and parameters: {'pretrain_epochs': 0, 'lr': 3.71964865643354e-05, 'mc_samples_train': 1, 'prior_scale': 0.0038638969563953266, 'q_scale': 0.0033827492632411567, 'batch_size': 128}. Best is trial 3 with value: 576.7377319335938.
Trainer already configured with model summary callbacks: [<class 'lightning.pytorch.callbacks.rich_model_summary.RichModelSummary'>]. Skipping setting a default `ModelSummary` callback.
GPU available: False, used: False
TPU available: False, using: 0 TPU cores
IPU available: False, using: 0 IPUs
HPU available: False, using: 0 HPUs
Trainer already configured with model summary callbacks: [<class 'lightning.pytorch.callbacks.rich_model_summary.RichModelSummary'>]. Skipping setting a default `ModelSummary` callback.
GPU available: False, used: False
TPU available: False, using: 0 TPU cores
IPU available: False, using: 0 IPUs
HPU available: False, using: 0 HPUs
/home/g15farris/.conda/envs/bnn/lib/python3.12/site-packages/lightning/pytorch/loops/fit_loop.py:298: The number of training batches (40) is smaller than the logging interval Trainer(log_every_n_steps=50). Set a lower value for log_every_n_steps if you want to see logs for the training epoch.
`Trainer.fit` stopped: `max_epochs=20` reached.
[I 2025-02-24 16:33:23,432] Trial 7 finished with value: 147.95037841796875 and parameters: {'pretrain_epochs': 0, 'lr': 0.00029994809793642315, 'mc_samples_train': 1, 'prior_scale': 0.0020959477484878194, 'q_scale': 0.0008257988273685458, 'batch_size': 32}. Best is trial 7 with value: 147.95037841796875.
Trainer already configured with model summary callbacks: [<class 'lightning.pytorch.callbacks.rich_model_summary.RichModelSummary'>]. Skipping setting a default `ModelSummary` callback.
GPU available: False, used: False
TPU available: False, using: 0 TPU cores
IPU available: False, using: 0 IPUs
HPU available: False, using: 0 HPUs
[I 2025-02-24 16:33:37,674] Trial 8 pruned. Trial was pruned at epoch 6.
Trainer already configured with model summary callbacks: [<class 'lightning.pytorch.callbacks.rich_model_summary.RichModelSummary'>]. Skipping setting a default `ModelSummary` callback.
GPU available: False, used: False
TPU available: False, using: 0 TPU cores
IPU available: False, using: 0 IPUs
HPU available: False, using: 0 HPUs
[I 2025-02-24 16:33:53,882] Trial 9 pruned. Trial was pruned at epoch 14.
`Trainer.fit` stopped: `max_epochs=20` reached.
[I 2025-02-24 16:33:56,476] Trial 3 finished with value: 273.52301025390625 and parameters: {'pretrain_epochs': 0, 'lr': 0.0005473369642905611, 'mc_samples_train': 2, 'prior_scale': 0.002699606552195955, 'q_scale': 0.06562115716452717, 'batch_size': 128}. Best is trial 3 with value: 273.52301025390625.
Trainer already configured with model summary callbacks: [<class 'lightning.pytorch.callbacks.rich_model_summary.RichModelSummary'>]. Skipping setting a default `ModelSummary` callback.
GPU available: False, used: False
TPU available: False, using: 0 TPU cores
IPU available: False, using: 0 IPUs
HPU available: False, using: 0 HPUs
Trainer already configured with model summary callbacks: [<class 'lightning.pytorch.callbacks.rich_model_summary.RichModelSummary'>]. Skipping setting a default `ModelSummary` callback.
GPU available: False, used: False
TPU available: False, using: 0 TPU cores
IPU available: False, using: 0 IPUs
HPU available: False, using: 0 HPUs
`Trainer.fit` stopped: `max_epochs=20` reached.
[I 2025-02-24 16:34:47,040] Trial 4 finished with value: 505.29510498046875 and parameters: {'pretrain_epochs': 0, 'lr': 1.3170990774640101e-05, 'mc_samples_train': 1, 'prior_scale': 0.10583829396911469, 'q_scale': 0.023905570899706415, 'batch_size': 128}. Best is trial 3 with value: 273.52301025390625.
`Trainer.fit` stopped: `max_epochs=20` reached.
[I 2025-02-24 16:34:50,680] Trial 10 finished with value: 97.16728973388672 and parameters: {'pretrain_epochs': 0, 'lr': 0.0002686321798731397, 'mc_samples_train': 2, 'prior_scale': 0.01116798829495977, 'q_scale': 0.00013611901663306908, 'batch_size': 32}. Best is trial 10 with value: 97.16728973388672.
Trainer already configured with model summary callbacks: [<class 'lightning.pytorch.callbacks.rich_model_summary.RichModelSummary'>]. Skipping setting a default `ModelSummary` callback.
GPU available: False, used: False
TPU available: False, using: 0 TPU cores
IPU available: False, using: 0 IPUs
HPU available: False, using: 0 HPUs
Trainer already configured with model summary callbacks: [<class 'lightning.pytorch.callbacks.rich_model_summary.RichModelSummary'>]. Skipping setting a default `ModelSummary` callback.
GPU available: False, used: False
TPU available: False, using: 0 TPU cores
IPU available: False, using: 0 IPUs
HPU available: False, using: 0 HPUs
`Trainer.fit` stopped: `max_epochs=20` reached.
[I 2025-02-24 16:35:37,023] Trial 5 finished with value: 502.9070129394531 and parameters: {'pretrain_epochs': 0, 'lr': 1.674127903856e-05, 'mc_samples_train': 1, 'prior_scale': 0.001047833275436284, 'q_scale': 0.02949625201538112, 'batch_size': 128}. Best is trial 3 with value: 273.52301025390625.
Trainer already configured with model summary callbacks: [<class 'lightning.pytorch.callbacks.rich_model_summary.RichModelSummary'>]. Skipping setting a default `ModelSummary` callback.
GPU available: False, used: False
TPU available: False, using: 0 TPU cores
IPU available: False, using: 0 IPUs
HPU available: False, using: 0 HPUs
`Trainer.fit` stopped: `max_epochs=20` reached.
[I 2025-02-24 16:35:46,965] Trial 11 finished with value: 74.09391784667969 and parameters: {'pretrain_epochs': 0, 'lr': 0.0002668116545003139, 'mc_samples_train': 2, 'prior_scale': 0.015791568646716513, 'q_scale': 0.00013400032806480455, 'batch_size': 32}. Best is trial 11 with value: 74.09391784667969.
Trainer already configured with model summary callbacks: [<class 'lightning.pytorch.callbacks.rich_model_summary.RichModelSummary'>]. Skipping setting a default `ModelSummary` callback.
GPU available: False, used: False
TPU available: False, using: 0 TPU cores
IPU available: False, using: 0 IPUs
HPU available: False, using: 0 HPUs
`Trainer.fit` stopped: `max_epochs=20` reached.
[I 2025-02-24 16:36:26,900] Trial 6 finished with value: 488.8832702636719 and parameters: {'pretrain_epochs': 0, 'lr': 3.71964865643354e-05, 'mc_samples_train': 1, 'prior_scale': 0.0038638969563953266, 'q_scale': 0.0033827492632411567, 'batch_size': 128}. Best is trial 3 with value: 273.52301025390625.
Trainer already configured with model summary callbacks: [<class 'lightning.pytorch.callbacks.rich_model_summary.RichModelSummary'>]. Skipping setting a default `ModelSummary` callback.
GPU available: False, used: False
TPU available: False, using: 0 TPU cores
IPU available: False, using: 0 IPUs
HPU available: False, using: 0 HPUs
`Trainer.fit` stopped: `max_epochs=20` reached.
[I 2025-02-24 16:36:43,636] Trial 12 finished with value: 120.26973724365234 and parameters: {'pretrain_epochs': 0, 'lr': 0.0001741204381065012, 'mc_samples_train': 2, 'prior_scale': 0.01578701912640358, 'q_scale': 0.00010569299297450266, 'batch_size': 32}. Best is trial 11 with value: 74.09391784667969.
Trainer already configured with model summary callbacks: [<class 'lightning.pytorch.callbacks.rich_model_summary.RichModelSummary'>]. Skipping setting a default `ModelSummary` callback.
GPU available: False, used: False
TPU available: False, using: 0 TPU cores
IPU available: False, using: 0 IPUs
HPU available: False, using: 0 HPUs
/home/g15farris/.conda/envs/bnn/lib/python3.12/site-packages/lightning/pytorch/loops/fit_loop.py:298: The number of training batches (20) is smaller than the logging interval Trainer(log_every_n_steps=50). Set a lower value for log_every_n_steps if you want to see logs for the training epoch.
`Trainer.fit` stopped: `max_epochs=20` reached.
[I 2025-02-24 16:37:17,800] Trial 13 finished with value: 71.5845947265625 and parameters: {'pretrain_epochs': 0, 'lr': 0.0009998183169689775, 'mc_samples_train': 2, 'prior_scale': 0.01064012896031672, 'q_scale': 0.00010211784008112604, 'batch_size': 64}. Best is trial 13 with value: 71.5845947265625.
Trainer already configured with model summary callbacks: [<class 'lightning.pytorch.callbacks.rich_model_summary.RichModelSummary'>]. Skipping setting a default `ModelSummary` callback.
GPU available: False, used: False
TPU available: False, using: 0 TPU cores
IPU available: False, using: 0 IPUs
HPU available: False, using: 0 HPUs
`Trainer.fit` stopped: `max_epochs=20` reached.
[I 2025-02-24 16:37:52,188] Trial 14 finished with value: 10.052152633666992 and parameters: {'pretrain_epochs': 0, 'lr': 0.0009813379195690634, 'mc_samples_train': 2, 'prior_scale': 0.03462087235603707, 'q_scale': 0.0004237992367412906, 'batch_size': 64}. Best is trial 14 with value: 10.052152633666992.
Trainer already configured with model summary callbacks: [<class 'lightning.pytorch.callbacks.rich_model_summary.RichModelSummary'>]. Skipping setting a default `ModelSummary` callback.
GPU available: False, used: False
TPU available: False, using: 0 TPU cores
IPU available: False, using: 0 IPUs
HPU available: False, using: 0 HPUs
`Trainer.fit` stopped: `max_epochs=20` reached.
[I 2025-02-24 16:38:26,311] Trial 15 finished with value: 0.04856126010417938 and parameters: {'pretrain_epochs': 0, 'lr': 0.0009889182716204107, 'mc_samples_train': 2, 'prior_scale': 0.04295889441861082, 'q_scale': 0.0005750345772627247, 'batch_size': 64}. Best is trial 15 with value: 0.04856126010417938.
Trainer already configured with model summary callbacks: [<class 'lightning.pytorch.callbacks.rich_model_summary.RichModelSummary'>]. Skipping setting a default `ModelSummary` callback.
GPU available: False, used: False
TPU available: False, using: 0 TPU cores
IPU available: False, using: 0 IPUs
HPU available: False, using: 0 HPUs
`Trainer.fit` stopped: `max_epochs=20` reached.
[I 2025-02-24 16:38:54,803] Trial 7 finished with value: 123.26927947998047 and parameters: {'pretrain_epochs': 0, 'lr': 0.00029994809793642315, 'mc_samples_train': 1, 'prior_scale': 0.0020959477484878194, 'q_scale': 0.0008257988273685458, 'batch_size': 32}. Best is trial 7 with value: 123.26927947998047.
`Trainer.fit` stopped: `max_epochs=20` reached.
[I 2025-02-24 16:39:00,482] Trial 16 finished with value: 15.346548080444336 and parameters: {'pretrain_epochs': 0, 'lr': 0.0009485885170359142, 'mc_samples_train': 2, 'prior_scale': 0.050760342213256066, 'q_scale': 0.0005478446090810961, 'batch_size': 64}. Best is trial 15 with value: 0.04856126010417938.
Trainer already configured with model summary callbacks: [<class 'lightning.pytorch.callbacks.rich_model_summary.RichModelSummary'>]. Skipping setting a default `ModelSummary` callback.
GPU available: False, used: False
TPU available: False, using: 0 TPU cores
IPU available: False, using: 0 IPUs
HPU available: False, using: 0 HPUs
Trainer already configured with model summary callbacks: [<class 'lightning.pytorch.callbacks.rich_model_summary.RichModelSummary'>]. Skipping setting a default `ModelSummary` callback.
GPU available: False, used: False
TPU available: False, using: 0 TPU cores
IPU available: False, using: 0 IPUs
HPU available: False, using: 0 HPUs
`Trainer.fit` stopped: `max_epochs=20` reached.
