[I 2025-02-24 16:39:35,319] Trial 17 finished with value: 116.4356689453125 and parameters: {'pretrain_epochs': 0, 'lr': 0.0005291959293112635, 'mc_samples_train': 2, 'prior_scale': 0.03204685616520421, 'q_scale': 0.0006411550999815748, 'batch_size': 64}. Best is trial 15 with value: 0.04856126010417938.
Trainer already configured with model summary callbacks: [<class 'lightning.pytorch.callbacks.rich_model_summary.RichModelSummary'>]. Skipping setting a default `ModelSummary` callback.
GPU available: False, used: False
TPU available: False, using: 0 TPU cores
IPU available: False, using: 0 IPUs
HPU available: False, using: 0 HPUs
`Trainer.fit` stopped: `max_epochs=20` reached.
[I 2025-02-24 16:40:10,835] Trial 18 finished with value: 267.34136962890625 and parameters: {'pretrain_epochs': 0, 'lr': 0.00014377726650422048, 'mc_samples_train': 2, 'prior_scale': 0.30139191894710987, 'q_scale': 0.00162577924453938, 'batch_size': 64}. Best is trial 15 with value: 0.04856126010417938.
`Trainer.fit` stopped: `max_epochs=20` reached.
[I 2025-02-24 16:40:12,647] Trial 8 finished with value: 426.2650146484375 and parameters: {'pretrain_epochs': 0, 'lr': 7.478015213333154e-05, 'mc_samples_train': 2, 'prior_scale': 0.07537199486913888, 'q_scale': 0.0666791815288874, 'batch_size': 128}. Best is trial 7 with value: 123.26927947998047.
Trainer already configured with model summary callbacks: [<class 'lightning.pytorch.callbacks.rich_model_summary.RichModelSummary'>]. Skipping setting a default `ModelSummary` callback.
GPU available: False, used: False
TPU available: False, using: 0 TPU cores
IPU available: False, using: 0 IPUs
HPU available: False, using: 0 HPUs
Trainer already configured with model summary callbacks: [<class 'lightning.pytorch.callbacks.rich_model_summary.RichModelSummary'>]. Skipping setting a default `ModelSummary` callback.
GPU available: False, used: False
TPU available: False, using: 0 TPU cores
IPU available: False, using: 0 IPUs
HPU available: False, using: 0 HPUs
`Trainer.fit` stopped: `max_epochs=20` reached.
[I 2025-02-24 16:40:46,305] Trial 19 finished with value: 117.00869750976562 and parameters: {'pretrain_epochs': 0, 'lr': 0.0005192545799175073, 'mc_samples_train': 2, 'prior_scale': 0.033569935880950516, 'q_scale': 0.0002942702531995975, 'batch_size': 64}. Best is trial 15 with value: 0.04856126010417938.
Trainer already configured with model summary callbacks: [<class 'lightning.pytorch.callbacks.rich_model_summary.RichModelSummary'>]. Skipping setting a default `ModelSummary` callback.
GPU available: False, used: False
TPU available: False, using: 0 TPU cores
IPU available: False, using: 0 IPUs
HPU available: False, using: 0 HPUs
`Trainer.fit` stopped: `max_epochs=20` reached.
[I 2025-02-24 16:41:03,509] Trial 20 finished with value: 557.8419189453125 and parameters: {'pretrain_epochs': 0, 'lr': 0.0006120312933045696, 'mc_samples_train': 2, 'prior_scale': 0.5377315111987019, 'q_scale': 0.005383502861555352, 'batch_size': 512}. Best is trial 15 with value: 0.04856126010417938.
`Trainer.fit` stopped: `max_epochs=20` reached.
[I 2025-02-24 16:41:04,890] Trial 9 finished with value: 413.6343078613281 and parameters: {'pretrain_epochs': 0, 'lr': 2.01904291186572e-05, 'mc_samples_train': 1, 'prior_scale': 0.714967484470097, 'q_scale': 0.00834519932080496, 'batch_size': 128}. Best is trial 7 with value: 123.26927947998047.
Trainer already configured with model summary callbacks: [<class 'lightning.pytorch.callbacks.rich_model_summary.RichModelSummary'>]. Skipping setting a default `ModelSummary` callback.
GPU available: False, used: False
TPU available: False, using: 0 TPU cores
IPU available: False, using: 0 IPUs
HPU available: False, using: 0 HPUs
Trainer already configured with model summary callbacks: [<class 'lightning.pytorch.callbacks.rich_model_summary.RichModelSummary'>]. Skipping setting a default `ModelSummary` callback.
GPU available: False, used: False
TPU available: False, using: 0 TPU cores
IPU available: False, using: 0 IPUs
HPU available: False, using: 0 HPUs
`Trainer.fit` stopped: `max_epochs=20` reached.
[I 2025-02-24 16:41:40,011] Trial 21 finished with value: -16.925064086914062 and parameters: {'pretrain_epochs': 0, 'lr': 0.0009674822215525922, 'mc_samples_train': 2, 'prior_scale': 0.05341519839832709, 'q_scale': 0.0004765721941975227, 'batch_size': 64}. Best is trial 21 with value: -16.925064086914062.
Trainer already configured with model summary callbacks: [<class 'lightning.pytorch.callbacks.rich_model_summary.RichModelSummary'>]. Skipping setting a default `ModelSummary` callback.
GPU available: False, used: False
TPU available: False, using: 0 TPU cores
IPU available: False, using: 0 IPUs
HPU available: False, using: 0 HPUs
`Trainer.fit` stopped: `max_epochs=20` reached.
[I 2025-02-24 16:42:15,774] Trial 22 finished with value: 21.727869033813477 and parameters: {'pretrain_epochs': 0, 'lr': 0.0007743097196559441, 'mc_samples_train': 2, 'prior_scale': 0.0598932944368543, 'q_scale': 0.00033550995264756994, 'batch_size': 64}. Best is trial 21 with value: -16.925064086914062.
Trainer already configured with model summary callbacks: [<class 'lightning.pytorch.callbacks.rich_model_summary.RichModelSummary'>]. Skipping setting a default `ModelSummary` callback.
GPU available: False, used: False
TPU available: False, using: 0 TPU cores
IPU available: False, using: 0 IPUs
HPU available: False, using: 0 HPUs
`Trainer.fit` stopped: `max_epochs=20` reached.
[I 2025-02-24 16:42:51,876] Trial 23 finished with value: 207.6566162109375 and parameters: {'pretrain_epochs': 0, 'lr': 0.00037770394393093684, 'mc_samples_train': 2, 'prior_scale': 0.022872850683908916, 'q_scale': 0.0012584293630723776, 'batch_size': 64}. Best is trial 21 with value: -16.925064086914062.
Trainer already configured with model summary callbacks: [<class 'lightning.pytorch.callbacks.rich_model_summary.RichModelSummary'>]. Skipping setting a default `ModelSummary` callback.
GPU available: False, used: False
TPU available: False, using: 0 TPU cores
IPU available: False, using: 0 IPUs
HPU available: False, using: 0 HPUs
`Trainer.fit` stopped: `max_epochs=20` reached.
[I 2025-02-24 16:43:17,510] Trial 24 finished with value: 593.62890625 and parameters: {'pretrain_epochs': 0, 'lr': 0.0004114619527568558, 'mc_samples_train': 2, 'prior_scale': 0.006209310061318424, 'q_scale': 0.00025404502440887157, 'batch_size': 256}. Best is trial 21 with value: -16.925064086914062.
Trainer already configured with model summary callbacks: [<class 'lightning.pytorch.callbacks.rich_model_summary.RichModelSummary'>]. Skipping setting a default `ModelSummary` callback.
GPU available: False, used: False
TPU available: False, using: 0 TPU cores
IPU available: False, using: 0 IPUs
HPU available: False, using: 0 HPUs
`Trainer.fit` stopped: `max_epochs=20` reached.
[I 2025-02-24 16:44:01,949] Trial 25 finished with value: 274.30230712890625 and parameters: {'pretrain_epochs': 0, 'lr': 0.00017466657241806927, 'mc_samples_train': 2, 'prior_scale': 0.16500300882824115, 'q_scale': 0.001767415258466624, 'batch_size': 64}. Best is trial 21 with value: -16.925064086914062.
Trainer already configured with model summary callbacks: [<class 'lightning.pytorch.callbacks.rich_model_summary.RichModelSummary'>]. Skipping setting a default `ModelSummary` callback.
GPU available: False, used: False
TPU available: False, using: 0 TPU cores
IPU available: False, using: 0 IPUs
HPU available: False, using: 0 HPUs
`Trainer.fit` stopped: `max_epochs=20` reached.
[I 2025-02-24 16:44:48,133] Trial 26 finished with value: 13.655993461608887 and parameters: {'pretrain_epochs': 0, 'lr': 0.0007554624239554741, 'mc_samples_train': 2, 'prior_scale': 0.044058940218130394, 'q_scale': 0.00042333319101991556, 'batch_size': 64}. Best is trial 21 with value: -16.925064086914062.
Trainer already configured with model summary callbacks: [<class 'lightning.pytorch.callbacks.rich_model_summary.RichModelSummary'>]. Skipping setting a default `ModelSummary` callback.
GPU available: False, used: False
TPU available: False, using: 0 TPU cores
IPU available: False, using: 0 IPUs
HPU available: False, using: 0 HPUs
`Trainer.fit` stopped: `max_epochs=20` reached.
[I 2025-02-24 16:45:16,293] Trial 10 finished with value: -27.341768264770508 and parameters: {'pretrain_epochs': 0, 'lr': 0.0002686321798731397, 'mc_samples_train': 2, 'prior_scale': 0.01116798829495977, 'q_scale': 0.00013611901663306908, 'batch_size': 32}. Best is trial 10 with value: -27.341768264770508.
`Trainer.fit` stopped: `max_epochs=20` reached.
[I 2025-02-24 16:45:25,256] Trial 27 finished with value: 15.725152969360352 and parameters: {'pretrain_epochs': 0, 'lr': 0.0009901856396176453, 'mc_samples_train': 2, 'prior_scale': 0.0868843208773279, 'q_scale': 0.001004025177131389, 'batch_size': 64}. Best is trial 21 with value: -16.925064086914062.
Trainer already configured with model summary callbacks: [<class 'lightning.pytorch.callbacks.rich_model_summary.RichModelSummary'>]. Skipping setting a default `ModelSummary` callback.
GPU available: False, used: False
TPU available: False, using: 0 TPU cores
IPU available: False, using: 0 IPUs
HPU available: False, using: 0 HPUs
Trainer already configured with model summary callbacks: [<class 'lightning.pytorch.callbacks.rich_model_summary.RichModelSummary'>]. Skipping setting a default `ModelSummary` callback.
GPU available: False, used: False
TPU available: False, using: 0 TPU cores
IPU available: False, using: 0 IPUs
HPU available: False, using: 0 HPUs
`Trainer.fit` stopped: `max_epochs=20` reached.
[I 2025-02-24 16:46:03,000] Trial 28 finished with value: 207.4356689453125 and parameters: {'pretrain_epochs': 0, 'lr': 0.00037849684934288615, 'mc_samples_train': 2, 'prior_scale': 0.022881459218529198, 'q_scale': 0.0024217422139077454, 'batch_size': 64}. Best is trial 21 with value: -16.925064086914062.
Trainer already configured with model summary callbacks: [<class 'lightning.pytorch.callbacks.rich_model_summary.RichModelSummary'>]. Skipping setting a default `ModelSummary` callback.
GPU available: False, used: False
TPU available: False, using: 0 TPU cores
IPU available: False, using: 0 IPUs
HPU available: False, using: 0 HPUs
`Trainer.fit` stopped: `max_epochs=20` reached.
[I 2025-02-24 16:46:29,253] Trial 29 finished with value: 545.9257202148438 and parameters: {'pretrain_epochs': 0, 'lr': 0.0006881081423441657, 'mc_samples_train': 2, 'prior_scale': 0.19966835833553076, 'q_scale': 0.00022167813755188083, 'batch_size': 256}. Best is trial 21 with value: -16.925064086914062.
Trainer already configured with model summary callbacks: [<class 'lightning.pytorch.callbacks.rich_model_summary.RichModelSummary'>]. Skipping setting a default `ModelSummary` callback.
GPU available: False, used: False
TPU available: False, using: 0 TPU cores
IPU available: False, using: 0 IPUs
HPU available: False, using: 0 HPUs
[I 2025-02-24 16:46:43,720] Trial 30 pruned. Trial was pruned at epoch 12.
Trainer already configured with model summary callbacks: [<class 'lightning.pytorch.callbacks.rich_model_summary.RichModelSummary'>]. Skipping setting a default `ModelSummary` callback.
GPU available: False, used: False
TPU available: False, using: 0 TPU cores
IPU available: False, using: 0 IPUs
HPU available: False, using: 0 HPUs
`Trainer.fit` stopped: `max_epochs=20` reached.
[I 2025-02-24 16:47:19,152] Trial 31 finished with value: 6.887058734893799 and parameters: {'pretrain_epochs': 0, 'lr': 0.0007388319317393496, 'mc_samples_train': 2, 'prior_scale': 0.04679461401891192, 'q_scale': 0.0004715575186800082, 'batch_size': 64}. Best is trial 21 with value: -16.925064086914062.
Trainer already configured with model summary callbacks: [<class 'lightning.pytorch.callbacks.rich_model_summary.RichModelSummary'>]. Skipping setting a default `ModelSummary` callback.
GPU available: False, used: False
TPU available: False, using: 0 TPU cores
IPU available: False, using: 0 IPUs
HPU available: False, using: 0 HPUs
`Trainer.fit` stopped: `max_epochs=20` reached.
[I 2025-02-24 16:47:54,552] Trial 32 finished with value: 14.726723670959473 and parameters: {'pretrain_epochs': 0, 'lr': 0.000714904111077346, 'mc_samples_train': 2, 'prior_scale': 0.11262228874296885, 'q_scale': 0.0006353991957465905, 'batch_size': 64}. Best is trial 21 with value: -16.925064086914062.
Trainer already configured with model summary callbacks: [<class 'lightning.pytorch.callbacks.rich_model_summary.RichModelSummary'>]. Skipping setting a default `ModelSummary` callback.
GPU available: False, used: False
TPU available: False, using: 0 TPU cores
IPU available: False, using: 0 IPUs
HPU available: False, using: 0 HPUs
`Trainer.fit` stopped: `max_epochs=20` reached.
[I 2025-02-24 16:48:30,288] Trial 33 finished with value: 42.140480041503906 and parameters: {'pretrain_epochs': 0, 'lr': 0.0008089641398445686, 'mc_samples_train': 2, 'prior_scale': 0.024278988745211245, 'q_scale': 0.004997174330747524, 'batch_size': 64}. Best is trial 21 with value: -16.925064086914062.
Trainer already configured with model summary callbacks: [<class 'lightning.pytorch.callbacks.rich_model_summary.RichModelSummary'>]. Skipping setting a default `ModelSummary` callback.
GPU available: False, used: False
TPU available: False, using: 0 TPU cores
IPU available: False, using: 0 IPUs
HPU available: False, using: 0 HPUs
`Trainer.fit` stopped: `max_epochs=20` reached.
[I 2025-02-24 16:48:51,453] Trial 34 finished with value: 589.7432250976562 and parameters: {'pretrain_epochs': 0, 'lr': 0.0004444675237055703, 'mc_samples_train': 2, 'prior_scale': 0.04989939140645882, 'q_scale': 0.00022410101719808355, 'batch_size': 256}. Best is trial 21 with value: -16.925064086914062.
Trainer already configured with model summary callbacks: [<class 'lightning.pytorch.callbacks.rich_model_summary.RichModelSummary'>]. Skipping setting a default `ModelSummary` callback.
GPU available: False, used: False
TPU available: False, using: 0 TPU cores
IPU available: False, using: 0 IPUs
HPU available: False, using: 0 HPUs
`Trainer.fit` stopped: `max_epochs=20` reached.
[I 2025-02-24 16:49:26,998] Trial 35 finished with value: 269.08184814453125 and parameters: {'pretrain_epochs': 0, 'lr': 0.0006028535307698344, 'mc_samples_train': 2, 'prior_scale': 0.0073432978555727875, 'q_scale': 0.20769098014655615, 'batch_size': 64}. Best is trial 21 with value: -16.925064086914062.
`Trainer.fit` stopped: `max_epochs=20` reached.
[I 2025-02-24 16:49:28,574] Trial 11 finished with value: -5.201004505157471 and parameters: {'pretrain_epochs': 0, 'lr': 0.0002668116545003139, 'mc_samples_train': 2, 'prior_scale': 0.015791568646716513, 'q_scale': 0.00013400032806480455, 'batch_size': 32}. Best is trial 10 with value: -27.341768264770508.
Trainer already configured with model summary callbacks: [<class 'lightning.pytorch.callbacks.rich_model_summary.RichModelSummary'>]. Skipping setting a default `ModelSummary` callback.
GPU available: False, used: False
TPU available: False, using: 0 TPU cores
IPU available: False, using: 0 IPUs
HPU available: False, using: 0 HPUs
Trainer already configured with model summary callbacks: [<class 'lightning.pytorch.callbacks.rich_model_summary.RichModelSummary'>]. Skipping setting a default `ModelSummary` callback.
GPU available: False, used: False
TPU available: False, using: 0 TPU cores
IPU available: False, using: 0 IPUs
HPU available: False, using: 0 HPUs
`Trainer.fit` stopped: `max_epochs=20` reached.
[I 2025-02-24 16:49:42,004] Trial 36 finished with value: 590.1962890625 and parameters: {'pretrain_epochs': 0, 'lr': 0.0009968420423254554, 'mc_samples_train': 1, 'prior_scale': 0.07222803837728979, 'q_scale': 0.0008698505105169447, 'batch_size': 512}. Best is trial 21 with value: -16.925064086914062.
Trainer already configured with model summary callbacks: [<class 'lightning.pytorch.callbacks.rich_model_summary.RichModelSummary'>]. Skipping setting a default `ModelSummary` callback.
GPU available: False, used: False
TPU available: False, using: 0 TPU cores
IPU available: False, using: 0 IPUs
HPU available: False, using: 0 HPUs
`Trainer.fit` stopped: `max_epochs=20` reached.
[I 2025-02-24 16:50:17,204] Trial 37 finished with value: 235.01515197753906 and parameters: {'pretrain_epochs': 0, 'lr': 0.00022177411008405108, 'mc_samples_train': 2, 'prior_scale': 0.134568054372779, 'q_scale': 0.021640621136322986, 'batch_size': 64}. Best is trial 21 with value: -16.925064086914062.
Trainer already configured with model summary callbacks: [<class 'lightning.pytorch.callbacks.rich_model_summary.RichModelSummary'>]. Skipping setting a default `ModelSummary` callback.
GPU available: False, used: False
TPU available: False, using: 0 TPU cores
IPU available: False, using: 0 IPUs
HPU available: False, using: 0 HPUs
`Trainer.fit` stopped: `max_epochs=20` reached.
[I 2025-02-24 16:50:42,592] Trial 38 finished with value: 306.0402526855469 and parameters: {'pretrain_epochs': 0, 'lr': 3.6429465259517205e-05, 'mc_samples_train': 1, 'prior_scale': 0.03456722549972178, 'q_scale': 0.002641990092553853, 'batch_size': 64}. Best is trial 21 with value: -16.925064086914062.
Trainer already configured with model summary callbacks: [<class 'lightning.pytorch.callbacks.rich_model_summary.RichModelSummary'>]. Skipping setting a default `ModelSummary` callback.
GPU available: False, used: False
TPU available: False, using: 0 TPU cores
IPU available: False, using: 0 IPUs
HPU available: False, using: 0 HPUs
`Trainer.fit` stopped: `max_epochs=20` reached.
[I 2025-02-24 16:51:18,200] Trial 39 finished with value: 310.9234313964844 and parameters: {'pretrain_epochs': 0, 'lr': 1.0774254950974043e-05, 'mc_samples_train': 2, 'prior_scale': 0.09725925376712785, 'q_scale': 0.00045733157387271644, 'batch_size': 64}. Best is trial 21 with value: -16.925064086914062.
Trainer already configured with model summary callbacks: [<class 'lightning.pytorch.callbacks.rich_model_summary.RichModelSummary'>]. Skipping setting a default `ModelSummary` callback.
GPU available: False, used: False
TPU available: False, using: 0 TPU cores
IPU available: False, using: 0 IPUs
HPU available: False, using: 0 HPUs
`Trainer.fit` stopped: `max_epochs=20` reached.
[I 2025-02-24 16:51:34,417] Trial 40 finished with value: 580.8063354492188 and parameters: {'pretrain_epochs': 0, 'lr': 0.00047708388283163424, 'mc_samples_train': 1, 'prior_scale': 0.020146678789444695, 'q_scale': 0.0013367701794011566, 'batch_size': 256}. Best is trial 21 with value: -16.925064086914062.
Trainer already configured with model summary callbacks: [<class 'lightning.pytorch.callbacks.rich_model_summary.RichModelSummary'>]. Skipping setting a default `ModelSummary` callback.
GPU available: False, used: False
TPU available: False, using: 0 TPU cores
IPU available: False, using: 0 IPUs
HPU available: False, using: 0 HPUs
`Trainer.fit` stopped: `max_epochs=20` reached.
[I 2025-02-24 16:52:09,660] Trial 41 finished with value: 3.6526060104370117 and parameters: {'pretrain_epochs': 0, 'lr': 0.0007987175984134034, 'mc_samples_train': 2, 'prior_scale': 0.044097739809971025, 'q_scale': 0.0004150498958893591, 'batch_size': 64}. Best is trial 21 with value: -16.925064086914062.
Trainer already configured with model summary callbacks: [<class 'lightning.pytorch.callbacks.rich_model_summary.RichModelSummary'>]. Skipping setting a default `ModelSummary` callback.
GPU available: False, used: False
TPU available: False, using: 0 TPU cores
IPU available: False, using: 0 IPUs
HPU available: False, using: 0 HPUs
`Trainer.fit` stopped: `max_epochs=20` reached.
[I 2025-02-24 16:52:45,974] Trial 42 finished with value: 56.963714599609375 and parameters: {'pretrain_epochs': 0, 'lr': 0.0006273737040919831, 'mc_samples_train': 2, 'prior_scale': 0.037412126650796025, 'q_scale': 0.00018565455630260784, 'batch_size': 64}. Best is trial 21 with value: -16.925064086914062.
Trainer already configured with model summary callbacks: [<class 'lightning.pytorch.callbacks.rich_model_summary.RichModelSummary'>]. Skipping setting a default `ModelSummary` callback.
GPU available: False, used: False
TPU available: False, using: 0 TPU cores
IPU available: False, using: 0 IPUs
HPU available: False, using: 0 HPUs
`Trainer.fit` stopped: `max_epochs=20` reached.
[I 2025-02-24 16:53:21,564] Trial 43 finished with value: 211.08377075195312 and parameters: {'pretrain_epochs': 0, 'lr': 0.00032042960346764636, 'mc_samples_train': 2, 'prior_scale': 0.06375640275252532, 'q_scale': 0.0003838227339018109, 'batch_size': 64}. Best is trial 21 with value: -16.925064086914062.
Trainer already configured with model summary callbacks: [<class 'lightning.pytorch.callbacks.rich_model_summary.RichModelSummary'>]. Skipping setting a default `ModelSummary` callback.
GPU available: False, used: False
TPU available: False, using: 0 TPU cores
IPU available: False, using: 0 IPUs
HPU available: False, using: 0 HPUs
`Trainer.fit` stopped: `max_epochs=20` reached.
[I 2025-02-24 16:53:38,711] Trial 12 finished with value: -17.93995475769043 and parameters: {'pretrain_epochs': 0, 'lr': 0.0001741204381065012, 'mc_samples_train': 2, 'prior_scale': 0.01578701912640358, 'q_scale': 0.00010569299297450266, 'batch_size': 32}. Best is trial 10 with value: -27.341768264770508.
Trainer already configured with model summary callbacks: [<class 'lightning.pytorch.callbacks.rich_model_summary.RichModelSummary'>]. Skipping setting a default `ModelSummary` callback.
GPU available: False, used: False
TPU available: False, using: 0 TPU cores
IPU available: False, using: 0 IPUs
HPU available: False, using: 0 HPUs
`Trainer.fit` stopped: `max_epochs=20` reached.
