[I 2025-01-21 16:22:33,382] Trial 28 finished with value: 43.49029541015625 and parameters: {'pretrain_epochs': 0, 'lr': 0.00034711034580403263, 'mc_samples_train': 2, 'prior_scale': 0.08256865516624648, 'q_scale': 0.00675137355173054, 'batch_size': 32}. Best is trial 23 with value: 19.603429794311523.
Trainer already configured with model summary callbacks: [<class 'lightning.pytorch.callbacks.rich_model_summary.RichModelSummary'>]. Skipping setting a default `ModelSummary` callback.
GPU available: False, used: False
TPU available: False, using: 0 TPU cores
IPU available: False, using: 0 IPUs
HPU available: False, using: 0 HPUs
`Trainer.fit` stopped: `max_epochs=20` reached.
[I 2025-01-21 16:23:22,409] Trial 29 finished with value: 786.8984985351562 and parameters: {'pretrain_epochs': 0, 'lr': 0.0003212173996683307, 'mc_samples_train': 2, 'prior_scale': 0.08605490878622188, 'q_scale': 0.0067602539130360685, 'batch_size': 256}. Best is trial 23 with value: 19.603429794311523.
Trainer already configured with model summary callbacks: [<class 'lightning.pytorch.callbacks.rich_model_summary.RichModelSummary'>]. Skipping setting a default `ModelSummary` callback.
GPU available: False, used: False
TPU available: False, using: 0 TPU cores
IPU available: False, using: 0 IPUs
HPU available: False, using: 0 HPUs
`Trainer.fit` stopped: `max_epochs=20` reached.
[I 2025-01-21 16:27:10,794] Trial 30 finished with value: 318.3576965332031 and parameters: {'pretrain_epochs': 0, 'lr': 0.00021962785809566152, 'mc_samples_train': 2, 'prior_scale': 0.28024495941969535, 'q_scale': 0.0022110571670609603, 'batch_size': 32}. Best is trial 23 with value: 19.603429794311523.
Trainer already configured with model summary callbacks: [<class 'lightning.pytorch.callbacks.rich_model_summary.RichModelSummary'>]. Skipping setting a default `ModelSummary` callback.
GPU available: False, used: False
TPU available: False, using: 0 TPU cores
IPU available: False, using: 0 IPUs
HPU available: False, using: 0 HPUs
`Trainer.fit` stopped: `max_epochs=20` reached.
[I 2025-01-21 16:31:06,090] Trial 31 finished with value: 20.95070457458496 and parameters: {'pretrain_epochs': 0, 'lr': 0.0007266501899706945, 'mc_samples_train': 2, 'prior_scale': 0.10115013560764104, 'q_scale': 0.004223717160740409, 'batch_size': 32}. Best is trial 23 with value: 19.603429794311523.
Trainer already configured with model summary callbacks: [<class 'lightning.pytorch.callbacks.rich_model_summary.RichModelSummary'>]. Skipping setting a default `ModelSummary` callback.
GPU available: False, used: False
TPU available: False, using: 0 TPU cores
IPU available: False, using: 0 IPUs
HPU available: False, using: 0 HPUs
`Trainer.fit` stopped: `max_epochs=20` reached.
[I 2025-01-21 16:34:55,774] Trial 32 finished with value: 97.99347686767578 and parameters: {'pretrain_epochs': 0, 'lr': 0.0005721695030692931, 'mc_samples_train': 2, 'prior_scale': 0.09664485646633801, 'q_scale': 0.0033614615084401962, 'batch_size': 32}. Best is trial 23 with value: 19.603429794311523.
Trainer already configured with model summary callbacks: [<class 'lightning.pytorch.callbacks.rich_model_summary.RichModelSummary'>]. Skipping setting a default `ModelSummary` callback.
GPU available: False, used: False
TPU available: False, using: 0 TPU cores
IPU available: False, using: 0 IPUs
HPU available: False, using: 0 HPUs
`Trainer.fit` stopped: `max_epochs=20` reached.
[I 2025-01-21 16:35:36,353] Trial 33 finished with value: 1233.0272216796875 and parameters: {'pretrain_epochs': 0, 'lr': 0.0006849044388452813, 'mc_samples_train': 2, 'prior_scale': 0.1743256510615692, 'q_scale': 0.0069232408627635635, 'batch_size': 512}. Best is trial 23 with value: 19.603429794311523.
Trainer already configured with model summary callbacks: [<class 'lightning.pytorch.callbacks.rich_model_summary.RichModelSummary'>]. Skipping setting a default `ModelSummary` callback.
GPU available: False, used: False
TPU available: False, using: 0 TPU cores
IPU available: False, using: 0 IPUs
HPU available: False, using: 0 HPUs
`Trainer.fit` stopped: `max_epochs=20` reached.
[I 2025-01-21 16:39:29,307] Trial 34 finished with value: 100.11456298828125 and parameters: {'pretrain_epochs': 0, 'lr': 0.0003828675498165357, 'mc_samples_train': 2, 'prior_scale': 0.2404261613688742, 'q_scale': 0.004395527265077258, 'batch_size': 32}. Best is trial 23 with value: 19.603429794311523.
Trainer already configured with model summary callbacks: [<class 'lightning.pytorch.callbacks.rich_model_summary.RichModelSummary'>]. Skipping setting a default `ModelSummary` callback.
GPU available: False, used: False
TPU available: False, using: 0 TPU cores
IPU available: False, using: 0 IPUs
HPU available: False, using: 0 HPUs
`Trainer.fit` stopped: `max_epochs=20` reached.
[I 2025-01-21 16:43:17,313] Trial 35 finished with value: 19.556882858276367 and parameters: {'pretrain_epochs': 0, 'lr': 0.0006727024702175483, 'mc_samples_train': 2, 'prior_scale': 0.12734318050289056, 'q_scale': 0.006476493061041926, 'batch_size': 32}. Best is trial 35 with value: 19.556882858276367.
Trainer already configured with model summary callbacks: [<class 'lightning.pytorch.callbacks.rich_model_summary.RichModelSummary'>]. Skipping setting a default `ModelSummary` callback.
GPU available: False, used: False
TPU available: False, using: 0 TPU cores
IPU available: False, using: 0 IPUs
HPU available: False, using: 0 HPUs
`Trainer.fit` stopped: `max_epochs=20` reached.
[I 2025-01-21 16:43:51,612] Trial 36 finished with value: 159.84434509277344 and parameters: {'pretrain_epochs': 0, 'lr': 0.0007204303781872115, 'mc_samples_train': 1, 'prior_scale': 0.12463443684595249, 'q_scale': 0.0019616768462038846, 'batch_size': 256}. Best is trial 35 with value: 19.556882858276367.
Trainer already configured with model summary callbacks: [<class 'lightning.pytorch.callbacks.rich_model_summary.RichModelSummary'>]. Skipping setting a default `ModelSummary` callback.
GPU available: False, used: False
TPU available: False, using: 0 TPU cores
IPU available: False, using: 0 IPUs
HPU available: False, using: 0 HPUs
`Trainer.fit` stopped: `max_epochs=20` reached.
[I 2025-01-21 16:47:42,125] Trial 37 finished with value: 310.0272216796875 and parameters: {'pretrain_epochs': 0, 'lr': 0.0005590836153201006, 'mc_samples_train': 2, 'prior_scale': 0.17018396626440718, 'q_scale': 0.0034885845777127555, 'batch_size': 32}. Best is trial 35 with value: 19.556882858276367.
Trainer already configured with model summary callbacks: [<class 'lightning.pytorch.callbacks.rich_model_summary.RichModelSummary'>]. Skipping setting a default `ModelSummary` callback.
GPU available: False, used: False
TPU available: False, using: 0 TPU cores
IPU available: False, using: 0 IPUs
HPU available: False, using: 0 HPUs
`Trainer.fit` stopped: `max_epochs=20` reached.
[I 2025-01-21 16:48:12,059] Trial 38 finished with value: 18267.56640625 and parameters: {'pretrain_epochs': 0, 'lr': 3.6429465259517205e-05, 'mc_samples_train': 1, 'prior_scale': 0.3374582343207064, 'q_scale': 0.007858957117393017, 'batch_size': 512}. Best is trial 35 with value: 19.556882858276367.
Trainer already configured with model summary callbacks: [<class 'lightning.pytorch.callbacks.rich_model_summary.RichModelSummary'>]. Skipping setting a default `ModelSummary` callback.
GPU available: False, used: False
TPU available: False, using: 0 TPU cores
IPU available: False, using: 0 IPUs
HPU available: False, using: 0 HPUs
`Trainer.fit` stopped: `max_epochs=20` reached.
[I 2025-01-21 16:51:59,177] Trial 39 finished with value: 859.1435546875 and parameters: {'pretrain_epochs': 0, 'lr': 1.0774254950974043e-05, 'mc_samples_train': 2, 'prior_scale': 0.10753359956838172, 'q_scale': 0.0013485663892149266, 'batch_size': 32}. Best is trial 35 with value: 19.556882858276367.
Trainer already configured with model summary callbacks: [<class 'lightning.pytorch.callbacks.rich_model_summary.RichModelSummary'>]. Skipping setting a default `ModelSummary` callback.
GPU available: False, used: False
TPU available: False, using: 0 TPU cores
IPU available: False, using: 0 IPUs
HPU available: False, using: 0 HPUs
`Trainer.fit` stopped: `max_epochs=20` reached.
[I 2025-01-21 16:54:18,981] Trial 40 finished with value: 262.994384765625 and parameters: {'pretrain_epochs': 0, 'lr': 0.0001005988216107681, 'mc_samples_train': 1, 'prior_scale': 0.15333746722088773, 'q_scale': 0.003099570151942651, 'batch_size': 32}. Best is trial 35 with value: 19.556882858276367.
Trainer already configured with model summary callbacks: [<class 'lightning.pytorch.callbacks.rich_model_summary.RichModelSummary'>]. Skipping setting a default `ModelSummary` callback.
GPU available: False, used: False
TPU available: False, using: 0 TPU cores
IPU available: False, using: 0 IPUs
HPU available: False, using: 0 HPUs
`Trainer.fit` stopped: `max_epochs=20` reached.
[I 2025-01-21 16:58:05,560] Trial 41 finished with value: 47.97331619262695 and parameters: {'pretrain_epochs': 0, 'lr': 0.000804207098809051, 'mc_samples_train': 2, 'prior_scale': 0.07381140833812387, 'q_scale': 0.006033032790807908, 'batch_size': 32}. Best is trial 35 with value: 19.556882858276367.
Trainer already configured with model summary callbacks: [<class 'lightning.pytorch.callbacks.rich_model_summary.RichModelSummary'>]. Skipping setting a default `ModelSummary` callback.
GPU available: False, used: False
TPU available: False, using: 0 TPU cores
IPU available: False, using: 0 IPUs
HPU available: False, using: 0 HPUs
`Trainer.fit` stopped: `max_epochs=20` reached.
[I 2025-01-21 17:01:52,271] Trial 42 finished with value: 1692.44140625 and parameters: {'pretrain_epochs': 0, 'lr': 0.00035397834563856726, 'mc_samples_train': 2, 'prior_scale': 0.20452192882241454, 'q_scale': 0.007787468498334529, 'batch_size': 32}. Best is trial 35 with value: 19.556882858276367.
Trainer already configured with model summary callbacks: [<class 'lightning.pytorch.callbacks.rich_model_summary.RichModelSummary'>]. Skipping setting a default `ModelSummary` callback.
GPU available: False, used: False
TPU available: False, using: 0 TPU cores
IPU available: False, using: 0 IPUs
HPU available: False, using: 0 HPUs
`Trainer.fit` stopped: `max_epochs=20` reached.
[I 2025-01-21 17:05:39,124] Trial 43 finished with value: 163.66439819335938 and parameters: {'pretrain_epochs': 0, 'lr': 0.0005942355758687591, 'mc_samples_train': 2, 'prior_scale': 0.13683430688203815, 'q_scale': 0.00996523363478746, 'batch_size': 32}. Best is trial 35 with value: 19.556882858276367.
Trainer already configured with model summary callbacks: [<class 'lightning.pytorch.callbacks.rich_model_summary.RichModelSummary'>]. Skipping setting a default `ModelSummary` callback.
GPU available: False, used: False
TPU available: False, using: 0 TPU cores
IPU available: False, using: 0 IPUs
HPU available: False, using: 0 HPUs
`Trainer.fit` stopped: `max_epochs=20` reached.
[I 2025-01-21 17:09:25,865] Trial 44 finished with value: 12.135612487792969 and parameters: {'pretrain_epochs': 0, 'lr': 0.000996501299992762, 'mc_samples_train': 2, 'prior_scale': 0.04898283836549372, 'q_scale': 0.004647794046554222, 'batch_size': 32}. Best is trial 44 with value: 12.135612487792969.
Trainer already configured with model summary callbacks: [<class 'lightning.pytorch.callbacks.rich_model_summary.RichModelSummary'>]. Skipping setting a default `ModelSummary` callback.
GPU available: False, used: False
TPU available: False, using: 0 TPU cores
IPU available: False, using: 0 IPUs
HPU available: False, using: 0 HPUs
`Trainer.fit` stopped: `max_epochs=20` reached.
[I 2025-01-21 17:10:39,701] Trial 45 finished with value: 102.95513916015625 and parameters: {'pretrain_epochs': 0, 'lr': 0.000744194873633672, 'mc_samples_train': 2, 'prior_scale': 0.033699693946432734, 'q_scale': 0.002310902962852339, 'batch_size': 128}. Best is trial 44 with value: 12.135612487792969.
Trainer already configured with model summary callbacks: [<class 'lightning.pytorch.callbacks.rich_model_summary.RichModelSummary'>]. Skipping setting a default `ModelSummary` callback.
GPU available: False, used: False
TPU available: False, using: 0 TPU cores
IPU available: False, using: 0 IPUs
HPU available: False, using: 0 HPUs
`Trainer.fit` stopped: `max_epochs=20` reached.
[I 2025-01-21 17:13:02,958] Trial 46 finished with value: 109.77581024169922 and parameters: {'pretrain_epochs': 0, 'lr': 0.0009831616070090001, 'mc_samples_train': 1, 'prior_scale': 0.05038349685652255, 'q_scale': 0.004596654402615532, 'batch_size': 32}. Best is trial 44 with value: 12.135612487792969.
Trainer already configured with model summary callbacks: [<class 'lightning.pytorch.callbacks.rich_model_summary.RichModelSummary'>]. Skipping setting a default `ModelSummary` callback.
GPU available: False, used: False
TPU available: False, using: 0 TPU cores
IPU available: False, using: 0 IPUs
HPU available: False, using: 0 HPUs
`Trainer.fit` stopped: `max_epochs=20` reached.
[I 2025-01-21 17:16:53,345] Trial 47 finished with value: 53.475345611572266 and parameters: {'pretrain_epochs': 0, 'lr': 0.0007847886584913767, 'mc_samples_train': 2, 'prior_scale': 0.02704630134251292, 'q_scale': 0.005539702269971904, 'batch_size': 32}. Best is trial 44 with value: 12.135612487792969.
Trainer already configured with model summary callbacks: [<class 'lightning.pytorch.callbacks.rich_model_summary.RichModelSummary'>]. Skipping setting a default `ModelSummary` callback.
GPU available: False, used: False
TPU available: False, using: 0 TPU cores
IPU available: False, using: 0 IPUs
HPU available: False, using: 0 HPUs
`Trainer.fit` stopped: `max_epochs=20` reached.
[I 2025-01-21 17:17:42,597] Trial 48 finished with value: 333.8525390625 and parameters: {'pretrain_epochs': 0, 'lr': 0.00047784487127187556, 'mc_samples_train': 2, 'prior_scale': 0.045476530277099324, 'q_scale': 0.001760105017203583, 'batch_size': 256}. Best is trial 44 with value: 12.135612487792969.
Trainer already configured with model summary callbacks: [<class 'lightning.pytorch.callbacks.rich_model_summary.RichModelSummary'>]. Skipping setting a default `ModelSummary` callback.
GPU available: False, used: False
TPU available: False, using: 0 TPU cores
IPU available: False, using: 0 IPUs
HPU available: False, using: 0 HPUs
`Trainer.fit` stopped: `max_epochs=20` reached.
[I 2025-01-21 17:21:28,716] Trial 49 finished with value: 857.1358032226562 and parameters: {'pretrain_epochs': 0, 'lr': 0.0002340032486057174, 'mc_samples_train': 2, 'prior_scale': 0.023909535551169172, 'q_scale': 0.002619208447984331, 'batch_size': 32}. Best is trial 44 with value: 12.135612487792969.
Trainer already configured with model summary callbacks: [<class 'lightning.pytorch.callbacks.rich_model_summary.RichModelSummary'>]. Skipping setting a default `ModelSummary` callback.
GPU available: False, used: False
TPU available: False, using: 0 TPU cores
IPU available: False, using: 0 IPUs
HPU available: False, using: 0 HPUs
`Trainer.fit` stopped: `max_epochs=20` reached.
[I 2025-01-21 17:22:09,053] Trial 50 finished with value: 754.2587890625 and parameters: {'pretrain_epochs': 0, 'lr': 0.0009989103011664683, 'mc_samples_train': 2, 'prior_scale': 0.034536042394106715, 'q_scale': 0.0038381451535731293, 'batch_size': 512}. Best is trial 44 with value: 12.135612487792969.
Trainer already configured with model summary callbacks: [<class 'lightning.pytorch.callbacks.rich_model_summary.RichModelSummary'>]. Skipping setting a default `ModelSummary` callback.
GPU available: False, used: False
TPU available: False, using: 0 TPU cores
IPU available: False, using: 0 IPUs
HPU available: False, using: 0 HPUs
`Trainer.fit` stopped: `max_epochs=20` reached.
[I 2025-01-21 17:25:57,312] Trial 51 finished with value: 36.491241455078125 and parameters: {'pretrain_epochs': 0, 'lr': 0.0006131397942441438, 'mc_samples_train': 2, 'prior_scale': 0.06518275603865199, 'q_scale': 0.006174170579280775, 'batch_size': 32}. Best is trial 44 with value: 12.135612487792969.
Trainer already configured with model summary callbacks: [<class 'lightning.pytorch.callbacks.rich_model_summary.RichModelSummary'>]. Skipping setting a default `ModelSummary` callback.
GPU available: False, used: False
TPU available: False, using: 0 TPU cores
IPU available: False, using: 0 IPUs
HPU available: False, using: 0 HPUs
`Trainer.fit` stopped: `max_epochs=20` reached.
[I 2025-01-21 17:29:48,838] Trial 52 finished with value: 17.856903076171875 and parameters: {'pretrain_epochs': 0, 'lr': 0.000626806049342454, 'mc_samples_train': 2, 'prior_scale': 0.06303828578345784, 'q_scale': 0.004603912642139978, 'batch_size': 32}. Best is trial 44 with value: 12.135612487792969.
Trainer already configured with model summary callbacks: [<class 'lightning.pytorch.callbacks.rich_model_summary.RichModelSummary'>]. Skipping setting a default `ModelSummary` callback.
GPU available: False, used: False
TPU available: False, using: 0 TPU cores
IPU available: False, using: 0 IPUs
HPU available: False, using: 0 HPUs
`Trainer.fit` stopped: `max_epochs=20` reached.
[I 2025-01-21 17:33:37,486] Trial 53 finished with value: 65.63245391845703 and parameters: {'pretrain_epochs': 0, 'lr': 6.409433811443745e-05, 'mc_samples_train': 2, 'prior_scale': 0.06541774989225092, 'q_scale': 0.006116032268875647, 'batch_size': 32}. Best is trial 44 with value: 12.135612487792969.
Trainer already configured with model summary callbacks: [<class 'lightning.pytorch.callbacks.rich_model_summary.RichModelSummary'>]. Skipping setting a default `ModelSummary` callback.
GPU available: False, used: False
TPU available: False, using: 0 TPU cores
IPU available: False, using: 0 IPUs
HPU available: False, using: 0 HPUs
`Trainer.fit` stopped: `max_epochs=20` reached.
[I 2025-01-21 17:34:54,277] Trial 54 finished with value: 114.3825912475586 and parameters: {'pretrain_epochs': 0, 'lr': 0.00044945949993052675, 'mc_samples_train': 2, 'prior_scale': 0.06250780906089477, 'q_scale': 0.008621096196143326, 'batch_size': 128}. Best is trial 44 with value: 12.135612487792969.
Trainer already configured with model summary callbacks: [<class 'lightning.pytorch.callbacks.rich_model_summary.RichModelSummary'>]. Skipping setting a default `ModelSummary` callback.
GPU available: False, used: False
TPU available: False, using: 0 TPU cores
IPU available: False, using: 0 IPUs
HPU available: False, using: 0 HPUs
`Trainer.fit` stopped: `max_epochs=20` reached.
[I 2025-01-21 17:38:42,965] Trial 55 finished with value: 116.98155212402344 and parameters: {'pretrain_epochs': 0, 'lr': 0.0005742290877786598, 'mc_samples_train': 2, 'prior_scale': 0.10641099964110753, 'q_scale': 0.0049749594615800105, 'batch_size': 32}. Best is trial 44 with value: 12.135612487792969.
Trainer already configured with model summary callbacks: [<class 'lightning.pytorch.callbacks.rich_model_summary.RichModelSummary'>]. Skipping setting a default `ModelSummary` callback.
GPU available: False, used: False
TPU available: False, using: 0 TPU cores
IPU available: False, using: 0 IPUs
HPU available: False, using: 0 HPUs
`Trainer.fit` stopped: `max_epochs=20` reached.
[I 2025-01-21 17:42:28,855] Trial 56 finished with value: 15.219951629638672 and parameters: {'pretrain_epochs': 0, 'lr': 0.000804508028149741, 'mc_samples_train': 2, 'prior_scale': 0.07747476210911025, 'q_scale': 0.0059735073771008465, 'batch_size': 32}. Best is trial 44 with value: 12.135612487792969.
Trainer already configured with model summary callbacks: [<class 'lightning.pytorch.callbacks.rich_model_summary.RichModelSummary'>]. Skipping setting a default `ModelSummary` callback.
GPU available: False, used: False
TPU available: False, using: 0 TPU cores
IPU available: False, using: 0 IPUs
HPU available: False, using: 0 HPUs
`Trainer.fit` stopped: `max_epochs=20` reached.
[I 2025-01-21 17:44:48,717] Trial 57 finished with value: 56565.5859375 and parameters: {'pretrain_epochs': 0, 'lr': 0.0008041036916498935, 'mc_samples_train': 1, 'prior_scale': 0.0441769171637619, 'q_scale': 0.003291458940551217, 'batch_size': 32}. Best is trial 44 with value: 12.135612487792969.
Trainer already configured with model summary callbacks: [<class 'lightning.pytorch.callbacks.rich_model_summary.RichModelSummary'>]. Skipping setting a default `ModelSummary` callback.
GPU available: False, used: False
TPU available: False, using: 0 TPU cores
IPU available: False, using: 0 IPUs
HPU available: False, using: 0 HPUs
`Trainer.fit` stopped: `max_epochs=20` reached.
[I 2025-01-21 17:48:37,207] Trial 58 finished with value: 37.42374801635742 and parameters: {'pretrain_epochs': 0, 'lr': 0.0006815531231239136, 'mc_samples_train': 2, 'prior_scale': 0.05184408746349708, 'q_scale': 0.000406447257278616, 'batch_size': 32}. Best is trial 44 with value: 12.135612487792969.
Trainer already configured with model summary callbacks: [<class 'lightning.pytorch.callbacks.rich_model_summary.RichModelSummary'>]. Skipping setting a default `ModelSummary` callback.
GPU available: False, used: False
TPU available: False, using: 0 TPU cores
IPU available: False, using: 0 IPUs
HPU available: False, using: 0 HPUs
`Trainer.fit` stopped: `max_epochs=20` reached.
