[I 2025-02-19 20:02:57,199] Trial 31 finished with value: -21.964262008666992 and parameters: {'pretrain_epochs': 0, 'lr': 0.00020761114198439623, 'mc_samples_train': 2, 'prior_scale': 0.043143625003094155, 'q_scale': 0.0001947512734353313, 'batch_size': 32}. Best is trial 21 with value: -29.260177612304688.
Trainer already configured with model summary callbacks: [<class 'lightning.pytorch.callbacks.rich_model_summary.RichModelSummary'>]. Skipping setting a default `ModelSummary` callback.
GPU available: False, used: False
TPU available: False, using: 0 TPU cores
IPU available: False, using: 0 IPUs
HPU available: False, using: 0 HPUs
`Trainer.fit` stopped: `max_epochs=20` reached.
[I 2025-02-19 20:07:42,210] Trial 32 finished with value: -35.816322326660156 and parameters: {'pretrain_epochs': 0, 'lr': 0.00033712577504425254, 'mc_samples_train': 2, 'prior_scale': 0.09003849481600758, 'q_scale': 0.0003499864068608863, 'batch_size': 32}. Best is trial 32 with value: -35.816322326660156.
Trainer already configured with model summary callbacks: [<class 'lightning.pytorch.callbacks.rich_model_summary.RichModelSummary'>]. Skipping setting a default `ModelSummary` callback.
GPU available: False, used: False
TPU available: False, using: 0 TPU cores
IPU available: False, using: 0 IPUs
HPU available: False, using: 0 HPUs
`Trainer.fit` stopped: `max_epochs=20` reached.
[I 2025-02-19 20:12:25,185] Trial 33 finished with value: -32.351646423339844 and parameters: {'pretrain_epochs': 0, 'lr': 0.00035629709725730995, 'mc_samples_train': 2, 'prior_scale': 0.12191596999050804, 'q_scale': 0.004038267211935987, 'batch_size': 32}. Best is trial 32 with value: -35.816322326660156.
Trainer already configured with model summary callbacks: [<class 'lightning.pytorch.callbacks.rich_model_summary.RichModelSummary'>]. Skipping setting a default `ModelSummary` callback.
GPU available: False, used: False
TPU available: False, using: 0 TPU cores
IPU available: False, using: 0 IPUs
HPU available: False, using: 0 HPUs
`Trainer.fit` stopped: `max_epochs=20` reached.
[I 2025-02-19 20:17:39,152] Trial 34 finished with value: -32.485130310058594 and parameters: {'pretrain_epochs': 0, 'lr': 0.00032367871312388637, 'mc_samples_train': 2, 'prior_scale': 0.1155845475783687, 'q_scale': 0.0033708456833970056, 'batch_size': 32}. Best is trial 32 with value: -35.816322326660156.
Trainer already configured with model summary callbacks: [<class 'lightning.pytorch.callbacks.rich_model_summary.RichModelSummary'>]. Skipping setting a default `ModelSummary` callback.
GPU available: False, used: False
TPU available: False, using: 0 TPU cores
IPU available: False, using: 0 IPUs
HPU available: False, using: 0 HPUs
`Trainer.fit` stopped: `max_epochs=20` reached.
[I 2025-02-19 20:18:34,101] Trial 35 finished with value: 1306.1134033203125 and parameters: {'pretrain_epochs': 0, 'lr': 0.00035487057048681704, 'mc_samples_train': 2, 'prior_scale': 0.18382657867549812, 'q_scale': 0.004288795376663385, 'batch_size': 512}. Best is trial 32 with value: -35.816322326660156.
Trainer already configured with model summary callbacks: [<class 'lightning.pytorch.callbacks.rich_model_summary.RichModelSummary'>]. Skipping setting a default `ModelSummary` callback.
GPU available: False, used: False
TPU available: False, using: 0 TPU cores
IPU available: False, using: 0 IPUs
HPU available: False, using: 0 HPUs
`Trainer.fit` stopped: `max_epochs=20` reached.
[I 2025-02-19 20:21:47,403] Trial 36 finished with value: 24.3111629486084 and parameters: {'pretrain_epochs': 0, 'lr': 0.00043808074312795856, 'mc_samples_train': 1, 'prior_scale': 0.08603023076259066, 'q_scale': 0.0224280841777176, 'batch_size': 32}. Best is trial 32 with value: -35.816322326660156.
Trainer already configured with model summary callbacks: [<class 'lightning.pytorch.callbacks.rich_model_summary.RichModelSummary'>]. Skipping setting a default `ModelSummary` callback.
GPU available: False, used: False
TPU available: False, using: 0 TPU cores
IPU available: False, using: 0 IPUs
HPU available: False, using: 0 HPUs
`Trainer.fit` stopped: `max_epochs=20` reached.
[I 2025-02-19 20:26:59,347] Trial 37 finished with value: -18.574522018432617 and parameters: {'pretrain_epochs': 0, 'lr': 0.0003177674612956481, 'mc_samples_train': 2, 'prior_scale': 0.4032752763787085, 'q_scale': 0.011023890267181178, 'batch_size': 32}. Best is trial 32 with value: -35.816322326660156.
Trainer already configured with model summary callbacks: [<class 'lightning.pytorch.callbacks.rich_model_summary.RichModelSummary'>]. Skipping setting a default `ModelSummary` callback.
GPU available: False, used: False
TPU available: False, using: 0 TPU cores
IPU available: False, using: 0 IPUs
HPU available: False, using: 0 HPUs
`Trainer.fit` stopped: `max_epochs=20` reached.
[I 2025-02-19 20:30:12,340] Trial 38 finished with value: -38.205535888671875 and parameters: {'pretrain_epochs': 0, 'lr': 0.0005574031557594498, 'mc_samples_train': 1, 'prior_scale': 0.15263359978432264, 'q_scale': 0.0026564843700889514, 'batch_size': 32}. Best is trial 38 with value: -38.205535888671875.
Trainer already configured with model summary callbacks: [<class 'lightning.pytorch.callbacks.rich_model_summary.RichModelSummary'>]. Skipping setting a default `ModelSummary` callback.
GPU available: False, used: False
TPU available: False, using: 0 TPU cores
IPU available: False, using: 0 IPUs
HPU available: False, using: 0 HPUs
`Trainer.fit` stopped: `max_epochs=20` reached.
[I 2025-02-19 20:31:55,076] Trial 39 finished with value: -1.4475841522216797 and parameters: {'pretrain_epochs': 0, 'lr': 0.0006363986638647187, 'mc_samples_train': 1, 'prior_scale': 0.11391461605311784, 'q_scale': 0.01566549918672798, 'batch_size': 64}. Best is trial 38 with value: -38.205535888671875.
Trainer already configured with model summary callbacks: [<class 'lightning.pytorch.callbacks.rich_model_summary.RichModelSummary'>]. Skipping setting a default `ModelSummary` callback.
GPU available: False, used: False
TPU available: False, using: 0 TPU cores
IPU available: False, using: 0 IPUs
HPU available: False, using: 0 HPUs
`Trainer.fit` stopped: `max_epochs=20` reached.
[I 2025-02-19 20:32:44,138] Trial 40 finished with value: 1110.8863525390625 and parameters: {'pretrain_epochs': 0, 'lr': 5.2706572166984026e-05, 'mc_samples_train': 1, 'prior_scale': 0.1991502962542714, 'q_scale': 0.0037555001751692226, 'batch_size': 256}. Best is trial 38 with value: -38.205535888671875.
Trainer already configured with model summary callbacks: [<class 'lightning.pytorch.callbacks.rich_model_summary.RichModelSummary'>]. Skipping setting a default `ModelSummary` callback.
GPU available: False, used: False
TPU available: False, using: 0 TPU cores
IPU available: False, using: 0 IPUs
HPU available: False, using: 0 HPUs
`Trainer.fit` stopped: `max_epochs=20` reached.
[I 2025-02-19 20:35:49,557] Trial 41 finished with value: -20.15853500366211 and parameters: {'pretrain_epochs': 0, 'lr': 0.00024850942979689865, 'mc_samples_train': 1, 'prior_scale': 0.11896775837864178, 'q_scale': 0.002360282049637177, 'batch_size': 32}. Best is trial 38 with value: -38.205535888671875.
Trainer already configured with model summary callbacks: [<class 'lightning.pytorch.callbacks.rich_model_summary.RichModelSummary'>]. Skipping setting a default `ModelSummary` callback.
GPU available: False, used: False
TPU available: False, using: 0 TPU cores
IPU available: False, using: 0 IPUs
HPU available: False, using: 0 HPUs
`Trainer.fit` stopped: `max_epochs=20` reached.
[I 2025-02-19 20:38:58,060] Trial 42 finished with value: -6.641500473022461 and parameters: {'pretrain_epochs': 0, 'lr': 0.0005502170050939229, 'mc_samples_train': 1, 'prior_scale': 0.06975253071444983, 'q_scale': 0.0056089651797559086, 'batch_size': 32}. Best is trial 38 with value: -38.205535888671875.
Trainer already configured with model summary callbacks: [<class 'lightning.pytorch.callbacks.rich_model_summary.RichModelSummary'>]. Skipping setting a default `ModelSummary` callback.
GPU available: False, used: False
TPU available: False, using: 0 TPU cores
IPU available: False, using: 0 IPUs
HPU available: False, using: 0 HPUs
`Trainer.fit` stopped: `max_epochs=20` reached.
[I 2025-02-19 20:42:07,221] Trial 43 finished with value: -36.2613525390625 and parameters: {'pretrain_epochs': 0, 'lr': 0.00032042960346764636, 'mc_samples_train': 1, 'prior_scale': 0.4824680742396971, 'q_scale': 0.0009858436134119238, 'batch_size': 32}. Best is trial 38 with value: -38.205535888671875.
Trainer already configured with model summary callbacks: [<class 'lightning.pytorch.callbacks.rich_model_summary.RichModelSummary'>]. Skipping setting a default `ModelSummary` callback.
GPU available: False, used: False
TPU available: False, using: 0 TPU cores
IPU available: False, using: 0 IPUs
HPU available: False, using: 0 HPUs
`Trainer.fit` stopped: `max_epochs=20` reached.
[I 2025-02-19 20:45:26,826] Trial 44 finished with value: 52.86457824707031 and parameters: {'pretrain_epochs': 0, 'lr': 3.837549521677119e-05, 'mc_samples_train': 1, 'prior_scale': 0.5569605135264493, 'q_scale': 0.0009253151256826019, 'batch_size': 32}. Best is trial 38 with value: -38.205535888671875.
Trainer already configured with model summary callbacks: [<class 'lightning.pytorch.callbacks.rich_model_summary.RichModelSummary'>]. Skipping setting a default `ModelSummary` callback.
GPU available: False, used: False
TPU available: False, using: 0 TPU cores
IPU available: False, using: 0 IPUs
HPU available: False, using: 0 HPUs
`Trainer.fit` stopped: `max_epochs=20` reached.
[I 2025-02-19 20:46:26,694] Trial 45 finished with value: 66.04467010498047 and parameters: {'pretrain_epochs': 0, 'lr': 0.00031964861448183874, 'mc_samples_train': 1, 'prior_scale': 0.9696095345028837, 'q_scale': 0.0024177987723031677, 'batch_size': 128}. Best is trial 38 with value: -38.205535888671875.
Trainer already configured with model summary callbacks: [<class 'lightning.pytorch.callbacks.rich_model_summary.RichModelSummary'>]. Skipping setting a default `ModelSummary` callback.
GPU available: False, used: False
TPU available: False, using: 0 TPU cores
IPU available: False, using: 0 IPUs
HPU available: False, using: 0 HPUs
`Trainer.fit` stopped: `max_epochs=20` reached.
[I 2025-02-19 20:49:25,177] Trial 46 finished with value: -47.760379791259766 and parameters: {'pretrain_epochs': 0, 'lr': 0.0007730227575218416, 'mc_samples_train': 1, 'prior_scale': 0.2881760395327305, 'q_scale': 0.0015820277236672344, 'batch_size': 32}. Best is trial 46 with value: -47.760379791259766.
Trainer already configured with model summary callbacks: [<class 'lightning.pytorch.callbacks.rich_model_summary.RichModelSummary'>]. Skipping setting a default `ModelSummary` callback.
GPU available: False, used: False
TPU available: False, using: 0 TPU cores
IPU available: False, using: 0 IPUs
HPU available: False, using: 0 HPUs
`Trainer.fit` stopped: `max_epochs=20` reached.
[I 2025-02-19 20:52:22,243] Trial 47 finished with value: -41.58405685424805 and parameters: {'pretrain_epochs': 0, 'lr': 0.0007775621394184789, 'mc_samples_train': 1, 'prior_scale': 0.42536336673129177, 'q_scale': 0.001651252734115642, 'batch_size': 32}. Best is trial 46 with value: -47.760379791259766.
Trainer already configured with model summary callbacks: [<class 'lightning.pytorch.callbacks.rich_model_summary.RichModelSummary'>]. Skipping setting a default `ModelSummary` callback.
GPU available: False, used: False
TPU available: False, using: 0 TPU cores
IPU available: False, using: 0 IPUs
HPU available: False, using: 0 HPUs
`Trainer.fit` stopped: `max_epochs=20` reached.
[I 2025-02-19 20:55:12,085] Trial 48 finished with value: -39.65270233154297 and parameters: {'pretrain_epochs': 0, 'lr': 0.0007741150987621087, 'mc_samples_train': 1, 'prior_scale': 0.44290072308456185, 'q_scale': 0.001680034895198947, 'batch_size': 32}. Best is trial 46 with value: -47.760379791259766.
Trainer already configured with model summary callbacks: [<class 'lightning.pytorch.callbacks.rich_model_summary.RichModelSummary'>]. Skipping setting a default `ModelSummary` callback.
GPU available: False, used: False
TPU available: False, using: 0 TPU cores
IPU available: False, using: 0 IPUs
HPU available: False, using: 0 HPUs
`Trainer.fit` stopped: `max_epochs=20` reached.
[I 2025-02-19 20:55:50,730] Trial 49 finished with value: 677.6309204101562 and parameters: {'pretrain_epochs': 0, 'lr': 0.0007964901622266018, 'mc_samples_train': 1, 'prior_scale': 0.45881680257106094, 'q_scale': 0.0010694705232140477, 'batch_size': 512}. Best is trial 46 with value: -47.760379791259766.
Trainer already configured with model summary callbacks: [<class 'lightning.pytorch.callbacks.rich_model_summary.RichModelSummary'>]. Skipping setting a default `ModelSummary` callback.
GPU available: False, used: False
TPU available: False, using: 0 TPU cores
IPU available: False, using: 0 IPUs
HPU available: False, using: 0 HPUs
`Trainer.fit` stopped: `max_epochs=20` reached.
[I 2025-02-19 20:56:49,671] Trial 50 finished with value: -119.5619125366211 and parameters: {'pretrain_epochs': 0, 'lr': 0.0006388735487204058, 'mc_samples_train': 1, 'prior_scale': 0.26718110464474126, 'q_scale': 0.0018216379683021913, 'batch_size': 128}. Best is trial 50 with value: -119.5619125366211.
Trainer already configured with model summary callbacks: [<class 'lightning.pytorch.callbacks.rich_model_summary.RichModelSummary'>]. Skipping setting a default `ModelSummary` callback.
GPU available: False, used: False
TPU available: False, using: 0 TPU cores
IPU available: False, using: 0 IPUs
HPU available: False, using: 0 HPUs
`Trainer.fit` stopped: `max_epochs=20` reached.
[I 2025-02-19 20:57:50,747] Trial 51 finished with value: -63.011512756347656 and parameters: {'pretrain_epochs': 0, 'lr': 0.0007666653625843438, 'mc_samples_train': 1, 'prior_scale': 0.2640433041614966, 'q_scale': 0.0017307795540234005, 'batch_size': 128}. Best is trial 50 with value: -119.5619125366211.
Trainer already configured with model summary callbacks: [<class 'lightning.pytorch.callbacks.rich_model_summary.RichModelSummary'>]. Skipping setting a default `ModelSummary` callback.
GPU available: False, used: False
TPU available: False, using: 0 TPU cores
IPU available: False, using: 0 IPUs
HPU available: False, using: 0 HPUs
`Trainer.fit` stopped: `max_epochs=20` reached.
[I 2025-02-19 20:58:52,303] Trial 52 finished with value: -83.53118133544922 and parameters: {'pretrain_epochs': 0, 'lr': 0.0007885390614698347, 'mc_samples_train': 1, 'prior_scale': 0.32453734165709613, 'q_scale': 0.0018086780309550935, 'batch_size': 128}. Best is trial 50 with value: -119.5619125366211.
Trainer already configured with model summary callbacks: [<class 'lightning.pytorch.callbacks.rich_model_summary.RichModelSummary'>]. Skipping setting a default `ModelSummary` callback.
GPU available: False, used: False
TPU available: False, using: 0 TPU cores
IPU available: False, using: 0 IPUs
HPU available: False, using: 0 HPUs
`Trainer.fit` stopped: `max_epochs=20` reached.
[I 2025-02-19 20:59:59,155] Trial 53 finished with value: -113.56043243408203 and parameters: {'pretrain_epochs': 0, 'lr': 0.000788290003227383, 'mc_samples_train': 1, 'prior_scale': 0.2612324342708461, 'q_scale': 0.0016515960546614067, 'batch_size': 128}. Best is trial 50 with value: -119.5619125366211.
Trainer already configured with model summary callbacks: [<class 'lightning.pytorch.callbacks.rich_model_summary.RichModelSummary'>]. Skipping setting a default `ModelSummary` callback.
GPU available: False, used: False
TPU available: False, using: 0 TPU cores
IPU available: False, using: 0 IPUs
HPU available: False, using: 0 HPUs
`Trainer.fit` stopped: `max_epochs=20` reached.
[I 2025-02-19 21:01:04,100] Trial 54 finished with value: -129.519287109375 and parameters: {'pretrain_epochs': 0, 'lr': 0.0006505220137515962, 'mc_samples_train': 1, 'prior_scale': 0.29346304968791825, 'q_scale': 0.0007041063773569427, 'batch_size': 128}. Best is trial 54 with value: -129.519287109375.
Trainer already configured with model summary callbacks: [<class 'lightning.pytorch.callbacks.rich_model_summary.RichModelSummary'>]. Skipping setting a default `ModelSummary` callback.
GPU available: False, used: False
TPU available: False, using: 0 TPU cores
IPU available: False, using: 0 IPUs
HPU available: False, using: 0 HPUs
`Trainer.fit` stopped: `max_epochs=20` reached.
[I 2025-02-19 21:02:08,082] Trial 55 finished with value: -21.451709747314453 and parameters: {'pretrain_epochs': 0, 'lr': 0.0006677374103199373, 'mc_samples_train': 1, 'prior_scale': 0.2824837110080889, 'q_scale': 0.0005418380682789308, 'batch_size': 128}. Best is trial 54 with value: -129.519287109375.
Trainer already configured with model summary callbacks: [<class 'lightning.pytorch.callbacks.rich_model_summary.RichModelSummary'>]. Skipping setting a default `ModelSummary` callback.
GPU available: False, used: False
TPU available: False, using: 0 TPU cores
IPU available: False, using: 0 IPUs
HPU available: False, using: 0 HPUs
`Trainer.fit` stopped: `max_epochs=20` reached.
[I 2025-02-19 21:03:13,114] Trial 56 finished with value: -152.71066284179688 and parameters: {'pretrain_epochs': 0, 'lr': 0.0008652817533150435, 'mc_samples_train': 1, 'prior_scale': 0.22600926568020038, 'q_scale': 0.0007852870011666664, 'batch_size': 128}. Best is trial 56 with value: -152.71066284179688.
Trainer already configured with model summary callbacks: [<class 'lightning.pytorch.callbacks.rich_model_summary.RichModelSummary'>]. Skipping setting a default `ModelSummary` callback.
GPU available: False, used: False
TPU available: False, using: 0 TPU cores
IPU available: False, using: 0 IPUs
HPU available: False, using: 0 HPUs
[I 2025-02-19 21:04:21,321] Trial 57 pruned. Trial was pruned at epoch 19.
Trainer already configured with model summary callbacks: [<class 'lightning.pytorch.callbacks.rich_model_summary.RichModelSummary'>]. Skipping setting a default `ModelSummary` callback.
GPU available: False, used: False
TPU available: False, using: 0 TPU cores
IPU available: False, using: 0 IPUs
HPU available: False, using: 0 HPUs
`Trainer.fit` stopped: `max_epochs=20` reached.
[I 2025-02-19 21:05:28,761] Trial 58 finished with value: -111.25534057617188 and parameters: {'pretrain_epochs': 0, 'lr': 0.00044979907655165187, 'mc_samples_train': 1, 'prior_scale': 0.34593615690974117, 'q_scale': 0.0007952162302181156, 'batch_size': 128}. Best is trial 56 with value: -152.71066284179688.
Trainer already configured with model summary callbacks: [<class 'lightning.pytorch.callbacks.rich_model_summary.RichModelSummary'>]. Skipping setting a default `ModelSummary` callback.
GPU available: False, used: False
TPU available: False, using: 0 TPU cores
IPU available: False, using: 0 IPUs
HPU available: False, using: 0 HPUs
`Trainer.fit` stopped: `max_epochs=20` reached.
[I 2025-02-19 21:06:35,865] Trial 59 finished with value: -22.113073348999023 and parameters: {'pretrain_epochs': 0, 'lr': 0.00046583531412183445, 'mc_samples_train': 1, 'prior_scale': 0.8691154400447709, 'q_scale': 0.0006513758012240511, 'batch_size': 128}. Best is trial 56 with value: -152.71066284179688.
