[I 2025-01-22 11:33:53,046] Trial 8 finished with value: 66001.515625 and parameters: {'pretrain_epochs': 0, 'lr': 7.478015213333154e-05, 'mc_samples_train': 2, 'prior_scale': 0.1156399334005538, 'q_scale': 0.002582231235363856, 'batch_size': 128}. Best is trial 7 with value: 6004.23291015625.
Trainer already configured with model summary callbacks: [<class 'lightning.pytorch.callbacks.rich_model_summary.RichModelSummary'>]. Skipping setting a default `ModelSummary` callback.
GPU available: False, used: False
TPU available: False, using: 0 TPU cores
IPU available: False, using: 0 IPUs
HPU available: False, using: 0 HPUs
[W 2025-01-22 11:34:04,183] Trial 9 failed with parameters: {'pretrain_epochs': 0, 'lr': 2.01904291186572e-05, 'mc_samples_train': 1, 'prior_scale': 0.41347469058863023, 'q_scale': 0.0009135206248796449, 'batch_size': 128} because of the following error: ValueError('Expected parameter loc (Parameter of shape (15, 70)) of distribution RadialNormal(loc: torch.Size([15, 70]), scale: torch.Size([15, 70])) to satisfy the constraint Real(), but found invalid values:\nParameter containing:\ntensor([[nan, nan, nan,  ..., nan, nan, nan],\n        [nan, nan, nan,  ..., nan, nan, nan],\n        [nan, nan, nan,  ..., nan, nan, nan],\n        ...,\n        [nan, nan, nan,  ..., nan, nan, nan],\n        [nan, nan, nan,  ..., nan, nan, nan],\n        [nan, nan, nan,  ..., nan, nan, nan]], requires_grad=True)\n                                       Trace Shapes:      \n                                        Param Sites:      \n  net_guide.net.networks.0.Linear_Layer_1.weight.loc 15 70\nnet_guide.net.networks.0.Linear_Layer_1.weight.scale 15 70\n                                       Sample Sites:      ').
Traceback (most recent call last):
  File "/home/g15farris/.conda/envs/bnn/lib/python3.12/site-packages/pyro/poutine/trace_messenger.py", line 191, in __call__
    ret = self.fn(*args, **kwargs)
          ^^^^^^^^^^^^^^^^^^^^^^^^
  File "/home/g15farris/.conda/envs/bnn/lib/python3.12/site-packages/pyro/nn/module.py", line 450, in __call__
    result = super().__call__(*args, **kwargs)
             ^^^^^^^^^^^^^^^^^^^^^^^^^^^^^^^^^
  File "/home/g15farris/.conda/envs/bnn/lib/python3.12/site-packages/torch/nn/modules/module.py", line 1532, in _wrapped_call_impl
    return self._call_impl(*args, **kwargs)
           ^^^^^^^^^^^^^^^^^^^^^^^^^^^^^^^^
  File "/home/g15farris/.conda/envs/bnn/lib/python3.12/site-packages/torch/nn/modules/module.py", line 1541, in _call_impl
    return forward_call(*args, **kwargs)
           ^^^^^^^^^^^^^^^^^^^^^^^^^^^^^
  File "/home/g15farris/bin/bayesaenet/bnn_aenet/models/guides/radial.py", line 137, in forward
    fn = RadialNormal(loc, scale).to_event(site["fn"].event_dim)
         ^^^^^^^^^^^^^^^^^^^^^^^^
  File "/home/g15farris/.conda/envs/bnn/lib/python3.12/site-packages/pyro/distributions/distribution.py", line 26, in __call__
    return super().__call__(*args, **kwargs)
           ^^^^^^^^^^^^^^^^^^^^^^^^^^^^^^^^^
  File "/home/g15farris/.conda/envs/bnn/lib/python3.12/site-packages/torch/distributions/normal.py", line 56, in __init__
    super().__init__(batch_shape, validate_args=validate_args)
  File "/home/g15farris/.conda/envs/bnn/lib/python3.12/site-packages/torch/distributions/distribution.py", line 68, in __init__
    raise ValueError(
ValueError: Expected parameter loc (Parameter of shape (15, 70)) of distribution RadialNormal(loc: torch.Size([15, 70]), scale: torch.Size([15, 70])) to satisfy the constraint Real(), but found invalid values:
Parameter containing:
tensor([[nan, nan, nan,  ..., nan, nan, nan],
        [nan, nan, nan,  ..., nan, nan, nan],
        [nan, nan, nan,  ..., nan, nan, nan],
        ...,
        [nan, nan, nan,  ..., nan, nan, nan],
        [nan, nan, nan,  ..., nan, nan, nan],
        [nan, nan, nan,  ..., nan, nan, nan]], requires_grad=True)

The above exception was the direct cause of the following exception:

Traceback (most recent call last):
  File "/home/g15farris/.conda/envs/bnn/lib/python3.12/site-packages/optuna/study/_optimize.py", line 196, in _run_trial
    value_or_values = func(trial)
                      ^^^^^^^^^^^
  File "/home/g15farris/bin/bayesaenet/bnn_aenet/tasks/hpsearch.py", line 81, in <lambda>
    lambda trial: objective(trial, cfg, output_dir),
                  ^^^^^^^^^^^^^^^^^^^^^^^^^^^^^^^^^
  File "/home/g15farris/bin/bayesaenet/bnn_aenet/tasks/hpsearch.py", line 61, in objective_bnn
    return objective(trial, cfg, output_dir)
           ^^^^^^^^^^^^^^^^^^^^^^^^^^^^^^^^^
  File "/home/g15farris/bin/bayesaenet/bnn_aenet/tasks/hpsearch.py", line 32, in objective
    metric_dict, _ = train(cfg, trial)
                     ^^^^^^^^^^^^^^^^^
  File "/home/g15farris/bin/bayesaenet/bnn_aenet/tasks/utils/utils.py", line 42, in wrap
    raise ex
  File "/home/g15farris/bin/bayesaenet/bnn_aenet/tasks/utils/utils.py", line 39, in wrap
    metric_dict, object_dict = task_func(cfg=cfg, trial=trial)
                               ^^^^^^^^^^^^^^^^^^^^^^^^^^^^^^^
  File "/home/g15farris/bin/bayesaenet/bnn_aenet/tasks/train.py", line 92, in train
    trainer.fit(
  File "/home/g15farris/.conda/envs/bnn/lib/python3.12/site-packages/lightning/pytorch/trainer/trainer.py", line 544, in fit
    call._call_and_handle_interrupt(
  File "/home/g15farris/.conda/envs/bnn/lib/python3.12/site-packages/lightning/pytorch/trainer/call.py", line 44, in _call_and_handle_interrupt
    return trainer_fn(*args, **kwargs)
           ^^^^^^^^^^^^^^^^^^^^^^^^^^^
  File "/home/g15farris/.conda/envs/bnn/lib/python3.12/site-packages/lightning/pytorch/trainer/trainer.py", line 580, in _fit_impl
    self._run(model, ckpt_path=ckpt_path)
  File "/home/g15farris/.conda/envs/bnn/lib/python3.12/site-packages/lightning/pytorch/trainer/trainer.py", line 987, in _run
    results = self._run_stage()
              ^^^^^^^^^^^^^^^^^
  File "/home/g15farris/.conda/envs/bnn/lib/python3.12/site-packages/lightning/pytorch/trainer/trainer.py", line 1033, in _run_stage
    self.fit_loop.run()
  File "/home/g15farris/.conda/envs/bnn/lib/python3.12/site-packages/lightning/pytorch/loops/fit_loop.py", line 205, in run
    self.advance()
  File "/home/g15farris/.conda/envs/bnn/lib/python3.12/site-packages/lightning/pytorch/loops/fit_loop.py", line 363, in advance
    self.epoch_loop.run(self._data_fetcher)
  File "/home/g15farris/.conda/envs/bnn/lib/python3.12/site-packages/lightning/pytorch/loops/training_epoch_loop.py", line 140, in run
    self.advance(data_fetcher)
  File "/home/g15farris/.conda/envs/bnn/lib/python3.12/site-packages/lightning/pytorch/loops/training_epoch_loop.py", line 250, in advance
    batch_output = self.automatic_optimization.run(trainer.optimizers[0], batch_idx, kwargs)
                   ^^^^^^^^^^^^^^^^^^^^^^^^^^^^^^^^^^^^^^^^^^^^^^^^^^^^^^^^^^^^^^^^^^^^^^^^^
  File "/home/g15farris/.conda/envs/bnn/lib/python3.12/site-packages/lightning/pytorch/loops/optimization/automatic.py", line 190, in run
    self._optimizer_step(batch_idx, closure)
  File "/home/g15farris/.conda/envs/bnn/lib/python3.12/site-packages/lightning/pytorch/loops/optimization/automatic.py", line 268, in _optimizer_step
    call._call_lightning_module_hook(
  File "/home/g15farris/.conda/envs/bnn/lib/python3.12/site-packages/lightning/pytorch/trainer/call.py", line 157, in _call_lightning_module_hook
    output = fn(*args, **kwargs)
             ^^^^^^^^^^^^^^^^^^^
  File "/home/g15farris/.conda/envs/bnn/lib/python3.12/site-packages/lightning/pytorch/core/module.py", line 1303, in optimizer_step
    optimizer.step(closure=optimizer_closure)
  File "/home/g15farris/.conda/envs/bnn/lib/python3.12/site-packages/lightning/pytorch/core/optimizer.py", line 152, in step
    step_output = self._strategy.optimizer_step(self._optimizer, closure, **kwargs)
                  ^^^^^^^^^^^^^^^^^^^^^^^^^^^^^^^^^^^^^^^^^^^^^^^^^^^^^^^^^^^^^^^^^
  File "/home/g15farris/.conda/envs/bnn/lib/python3.12/site-packages/lightning/pytorch/strategies/strategy.py", line 239, in optimizer_step
    return self.precision_plugin.optimizer_step(optimizer, model=model, closure=closure, **kwargs)
           ^^^^^^^^^^^^^^^^^^^^^^^^^^^^^^^^^^^^^^^^^^^^^^^^^^^^^^^^^^^^^^^^^^^^^^^^^^^^^^^^^^^^^^^
  File "/home/g15farris/.conda/envs/bnn/lib/python3.12/site-packages/lightning/pytorch/plugins/precision/precision.py", line 122, in optimizer_step
    return optimizer.step(closure=closure, **kwargs)
           ^^^^^^^^^^^^^^^^^^^^^^^^^^^^^^^^^^^^^^^^^
  File "/home/g15farris/.conda/envs/bnn/lib/python3.12/site-packages/torch/optim/optimizer.py", line 391, in wrapper
    out = func(*args, **kwargs)
          ^^^^^^^^^^^^^^^^^^^^^
  File "/home/g15farris/.conda/envs/bnn/lib/python3.12/site-packages/lightning/pytorch/core/optimizer.py", line 409, in step
    return closure()
           ^^^^^^^^^
  File "/home/g15farris/.conda/envs/bnn/lib/python3.12/site-packages/lightning/pytorch/plugins/precision/precision.py", line 108, in _wrap_closure
    closure_result = closure()
                     ^^^^^^^^^
  File "/home/g15farris/.conda/envs/bnn/lib/python3.12/site-packages/lightning/pytorch/loops/optimization/automatic.py", line 144, in __call__
    self._result = self.closure(*args, **kwargs)
                   ^^^^^^^^^^^^^^^^^^^^^^^^^^^^^
  File "/home/g15farris/.conda/envs/bnn/lib/python3.12/site-packages/torch/utils/_contextlib.py", line 115, in decorate_context
    return func(*args, **kwargs)
           ^^^^^^^^^^^^^^^^^^^^^
  File "/home/g15farris/.conda/envs/bnn/lib/python3.12/site-packages/lightning/pytorch/loops/optimization/automatic.py", line 129, in closure
    step_output = self._step_fn()
                  ^^^^^^^^^^^^^^^
  File "/home/g15farris/.conda/envs/bnn/lib/python3.12/site-packages/lightning/pytorch/loops/optimization/automatic.py", line 318, in _training_step
    training_step_output = call._call_strategy_hook(trainer, "training_step", *kwargs.values())
                           ^^^^^^^^^^^^^^^^^^^^^^^^^^^^^^^^^^^^^^^^^^^^^^^^^^^^^^^^^^^^^^^^^^^^
  File "/home/g15farris/.conda/envs/bnn/lib/python3.12/site-packages/lightning/pytorch/trainer/call.py", line 309, in _call_strategy_hook
    output = fn(*args, **kwargs)
             ^^^^^^^^^^^^^^^^^^^
  File "/home/g15farris/.conda/envs/bnn/lib/python3.12/site-packages/lightning/pytorch/strategies/strategy.py", line 391, in training_step
    return self.lightning_module.training_step(*args, **kwargs)
           ^^^^^^^^^^^^^^^^^^^^^^^^^^^^^^^^^^^^^^^^^^^^^^^^^^^^
  File "/home/g15farris/bin/bayesaenet/bnn_aenet/models/bnn.py", line 122, in training_step
    output = self.bnn.predict(x[0], x[1],num_predictions=self.hparams.mc_samples_train)
             ^^^^^^^^^^^^^^^^^^^^^^^^^^^^^^^^^^^^^^^^^^^^^^^^^^^^^^^^^^^^^^^^^^^^^^^^^^
  File "/home/g15farris/.conda/envs/bnn/lib/python3.12/site-packages/tyxe/bnn.py", line 222, in predict
    preds.append(self.guided_forward(*input_data, guide_tr=trace))
                 ^^^^^^^^^^^^^^^^^^^^^^^^^^^^^^^^^^^^^^^^^^^^^^^^
  File "/home/g15farris/.conda/envs/bnn/lib/python3.12/site-packages/tyxe/bnn.py", line 75, in guided_forward
    guide_tr = poutine.trace(self.net_guide).get_trace(*args, **kwargs)
               ^^^^^^^^^^^^^^^^^^^^^^^^^^^^^^^^^^^^^^^^^^^^^^^^^^^^^^^^
  File "/home/g15farris/.conda/envs/bnn/lib/python3.12/site-packages/pyro/poutine/trace_messenger.py", line 216, in get_trace
    self(*args, **kwargs)
  File "/home/g15farris/.conda/envs/bnn/lib/python3.12/site-packages/pyro/poutine/trace_messenger.py", line 198, in __call__
    raise exc from e
  File "/home/g15farris/.conda/envs/bnn/lib/python3.12/site-packages/pyro/poutine/trace_messenger.py", line 191, in __call__
    ret = self.fn(*args, **kwargs)
          ^^^^^^^^^^^^^^^^^^^^^^^^
  File "/home/g15farris/.conda/envs/bnn/lib/python3.12/site-packages/pyro/nn/module.py", line 450, in __call__
    result = super().__call__(*args, **kwargs)
             ^^^^^^^^^^^^^^^^^^^^^^^^^^^^^^^^^
  File "/home/g15farris/.conda/envs/bnn/lib/python3.12/site-packages/torch/nn/modules/module.py", line 1532, in _wrapped_call_impl
    return self._call_impl(*args, **kwargs)
           ^^^^^^^^^^^^^^^^^^^^^^^^^^^^^^^^
  File "/home/g15farris/.conda/envs/bnn/lib/python3.12/site-packages/torch/nn/modules/module.py", line 1541, in _call_impl
    return forward_call(*args, **kwargs)
           ^^^^^^^^^^^^^^^^^^^^^^^^^^^^^
  File "/home/g15farris/bin/bayesaenet/bnn_aenet/models/guides/radial.py", line 137, in forward
    fn = RadialNormal(loc, scale).to_event(site["fn"].event_dim)
         ^^^^^^^^^^^^^^^^^^^^^^^^
  File "/home/g15farris/.conda/envs/bnn/lib/python3.12/site-packages/pyro/distributions/distribution.py", line 26, in __call__
    return super().__call__(*args, **kwargs)
           ^^^^^^^^^^^^^^^^^^^^^^^^^^^^^^^^^
  File "/home/g15farris/.conda/envs/bnn/lib/python3.12/site-packages/torch/distributions/normal.py", line 56, in __init__
    super().__init__(batch_shape, validate_args=validate_args)
  File "/home/g15farris/.conda/envs/bnn/lib/python3.12/site-packages/torch/distributions/distribution.py", line 68, in __init__
    raise ValueError(
ValueError: Expected parameter loc (Parameter of shape (15, 70)) of distribution RadialNormal(loc: torch.Size([15, 70]), scale: torch.Size([15, 70])) to satisfy the constraint Real(), but found invalid values:
Parameter containing:
tensor([[nan, nan, nan,  ..., nan, nan, nan],
        [nan, nan, nan,  ..., nan, nan, nan],
        [nan, nan, nan,  ..., nan, nan, nan],
        ...,
        [nan, nan, nan,  ..., nan, nan, nan],
        [nan, nan, nan,  ..., nan, nan, nan],
        [nan, nan, nan,  ..., nan, nan, nan]], requires_grad=True)
                                       Trace Shapes:      
                                        Param Sites:      
  net_guide.net.networks.0.Linear_Layer_1.weight.loc 15 70
net_guide.net.networks.0.Linear_Layer_1.weight.scale 15 70
                                       Sample Sites:      
[W 2025-01-22 11:34:04,192] Trial 9 failed with value None.
Error executing job with overrides: ['model=bnn_rad', 'datamodule=TiO', 'hpsearch=bnn_rad', 'task_name=TiO_hps_rad', 'tags=[TiO]', 'datamodule.test_split=0.85', 'datamodule.valid_split=0.1']
Traceback (most recent call last):
  File "/home/g15farris/.conda/envs/bnn/lib/python3.12/site-packages/pyro/poutine/trace_messenger.py", line 191, in __call__
    ret = self.fn(*args, **kwargs)
          ^^^^^^^^^^^^^^^^^^^^^^^^
  File "/home/g15farris/.conda/envs/bnn/lib/python3.12/site-packages/pyro/nn/module.py", line 450, in __call__
    result = super().__call__(*args, **kwargs)
             ^^^^^^^^^^^^^^^^^^^^^^^^^^^^^^^^^
  File "/home/g15farris/.conda/envs/bnn/lib/python3.12/site-packages/torch/nn/modules/module.py", line 1532, in _wrapped_call_impl
    return self._call_impl(*args, **kwargs)
           ^^^^^^^^^^^^^^^^^^^^^^^^^^^^^^^^
  File "/home/g15farris/.conda/envs/bnn/lib/python3.12/site-packages/torch/nn/modules/module.py", line 1541, in _call_impl
    return forward_call(*args, **kwargs)
           ^^^^^^^^^^^^^^^^^^^^^^^^^^^^^
  File "/home/g15farris/bin/bayesaenet/bnn_aenet/models/guides/radial.py", line 137, in forward
    fn = RadialNormal(loc, scale).to_event(site["fn"].event_dim)
         ^^^^^^^^^^^^^^^^^^^^^^^^
  File "/home/g15farris/.conda/envs/bnn/lib/python3.12/site-packages/pyro/distributions/distribution.py", line 26, in __call__
    return super().__call__(*args, **kwargs)
           ^^^^^^^^^^^^^^^^^^^^^^^^^^^^^^^^^
  File "/home/g15farris/.conda/envs/bnn/lib/python3.12/site-packages/torch/distributions/normal.py", line 56, in __init__
    super().__init__(batch_shape, validate_args=validate_args)
  File "/home/g15farris/.conda/envs/bnn/lib/python3.12/site-packages/torch/distributions/distribution.py", line 68, in __init__
    raise ValueError(
ValueError: Expected parameter loc (Parameter of shape (15, 70)) of distribution RadialNormal(loc: torch.Size([15, 70]), scale: torch.Size([15, 70])) to satisfy the constraint Real(), but found invalid values:
Parameter containing:
tensor([[nan, nan, nan,  ..., nan, nan, nan],
        [nan, nan, nan,  ..., nan, nan, nan],
        [nan, nan, nan,  ..., nan, nan, nan],
        ...,
        [nan, nan, nan,  ..., nan, nan, nan],
        [nan, nan, nan,  ..., nan, nan, nan],
        [nan, nan, nan,  ..., nan, nan, nan]], requires_grad=True)

The above exception was the direct cause of the following exception:

Traceback (most recent call last):
  File "/home/g15farris/bin/bayesaenet/bnn_aenet/tasks/hpsearch.py", line 80, in main
    study.optimize(
  File "/home/g15farris/.conda/envs/bnn/lib/python3.12/site-packages/optuna/study/study.py", line 451, in optimize
    _optimize(
  File "/home/g15farris/.conda/envs/bnn/lib/python3.12/site-packages/optuna/study/_optimize.py", line 62, in _optimize
    _optimize_sequential(
  File "/home/g15farris/.conda/envs/bnn/lib/python3.12/site-packages/optuna/study/_optimize.py", line 159, in _optimize_sequential
    frozen_trial = _run_trial(study, func, catch)
                   ^^^^^^^^^^^^^^^^^^^^^^^^^^^^^^
  File "/home/g15farris/.conda/envs/bnn/lib/python3.12/site-packages/optuna/study/_optimize.py", line 247, in _run_trial
    raise func_err
  File "/home/g15farris/.conda/envs/bnn/lib/python3.12/site-packages/optuna/study/_optimize.py", line 196, in _run_trial
    value_or_values = func(trial)
                      ^^^^^^^^^^^
  File "/home/g15farris/bin/bayesaenet/bnn_aenet/tasks/hpsearch.py", line 81, in <lambda>
    lambda trial: objective(trial, cfg, output_dir),
                  ^^^^^^^^^^^^^^^^^^^^^^^^^^^^^^^^^
  File "/home/g15farris/bin/bayesaenet/bnn_aenet/tasks/hpsearch.py", line 61, in objective_bnn
    return objective(trial, cfg, output_dir)
           ^^^^^^^^^^^^^^^^^^^^^^^^^^^^^^^^^
  File "/home/g15farris/bin/bayesaenet/bnn_aenet/tasks/hpsearch.py", line 32, in objective
    metric_dict, _ = train(cfg, trial)
                     ^^^^^^^^^^^^^^^^^
  File "/home/g15farris/bin/bayesaenet/bnn_aenet/tasks/utils/utils.py", line 42, in wrap
    raise ex
  File "/home/g15farris/bin/bayesaenet/bnn_aenet/tasks/utils/utils.py", line 39, in wrap
    metric_dict, object_dict = task_func(cfg=cfg, trial=trial)
                               ^^^^^^^^^^^^^^^^^^^^^^^^^^^^^^^
  File "/home/g15farris/bin/bayesaenet/bnn_aenet/tasks/train.py", line 92, in train
    trainer.fit(
  File "/home/g15farris/.conda/envs/bnn/lib/python3.12/site-packages/lightning/pytorch/trainer/trainer.py", line 544, in fit
    call._call_and_handle_interrupt(
  File "/home/g15farris/.conda/envs/bnn/lib/python3.12/site-packages/lightning/pytorch/trainer/call.py", line 44, in _call_and_handle_interrupt
    return trainer_fn(*args, **kwargs)
           ^^^^^^^^^^^^^^^^^^^^^^^^^^^
  File "/home/g15farris/.conda/envs/bnn/lib/python3.12/site-packages/lightning/pytorch/trainer/trainer.py", line 580, in _fit_impl
    self._run(model, ckpt_path=ckpt_path)
  File "/home/g15farris/.conda/envs/bnn/lib/python3.12/site-packages/lightning/pytorch/trainer/trainer.py", line 987, in _run
    results = self._run_stage()
              ^^^^^^^^^^^^^^^^^
  File "/home/g15farris/.conda/envs/bnn/lib/python3.12/site-packages/lightning/pytorch/trainer/trainer.py", line 1033, in _run_stage
    self.fit_loop.run()
  File "/home/g15farris/.conda/envs/bnn/lib/python3.12/site-packages/lightning/pytorch/loops/fit_loop.py", line 205, in run
    self.advance()
  File "/home/g15farris/.conda/envs/bnn/lib/python3.12/site-packages/lightning/pytorch/loops/fit_loop.py", line 363, in advance
    self.epoch_loop.run(self._data_fetcher)
  File "/home/g15farris/.conda/envs/bnn/lib/python3.12/site-packages/lightning/pytorch/loops/training_epoch_loop.py", line 140, in run
    self.advance(data_fetcher)
  File "/home/g15farris/.conda/envs/bnn/lib/python3.12/site-packages/lightning/pytorch/loops/training_epoch_loop.py", line 250, in advance
    batch_output = self.automatic_optimization.run(trainer.optimizers[0], batch_idx, kwargs)
                   ^^^^^^^^^^^^^^^^^^^^^^^^^^^^^^^^^^^^^^^^^^^^^^^^^^^^^^^^^^^^^^^^^^^^^^^^^
  File "/home/g15farris/.conda/envs/bnn/lib/python3.12/site-packages/lightning/pytorch/loops/optimization/automatic.py", line 190, in run
    self._optimizer_step(batch_idx, closure)
  File "/home/g15farris/.conda/envs/bnn/lib/python3.12/site-packages/lightning/pytorch/loops/optimization/automatic.py", line 268, in _optimizer_step
    call._call_lightning_module_hook(
  File "/home/g15farris/.conda/envs/bnn/lib/python3.12/site-packages/lightning/pytorch/trainer/call.py", line 157, in _call_lightning_module_hook
    output = fn(*args, **kwargs)
             ^^^^^^^^^^^^^^^^^^^
  File "/home/g15farris/.conda/envs/bnn/lib/python3.12/site-packages/lightning/pytorch/core/module.py", line 1303, in optimizer_step
    optimizer.step(closure=optimizer_closure)
  File "/home/g15farris/.conda/envs/bnn/lib/python3.12/site-packages/lightning/pytorch/core/optimizer.py", line 152, in step
    step_output = self._strategy.optimizer_step(self._optimizer, closure, **kwargs)
                  ^^^^^^^^^^^^^^^^^^^^^^^^^^^^^^^^^^^^^^^^^^^^^^^^^^^^^^^^^^^^^^^^^
  File "/home/g15farris/.conda/envs/bnn/lib/python3.12/site-packages/lightning/pytorch/strategies/strategy.py", line 239, in optimizer_step
    return self.precision_plugin.optimizer_step(optimizer, model=model, closure=closure, **kwargs)
           ^^^^^^^^^^^^^^^^^^^^^^^^^^^^^^^^^^^^^^^^^^^^^^^^^^^^^^^^^^^^^^^^^^^^^^^^^^^^^^^^^^^^^^^
  File "/home/g15farris/.conda/envs/bnn/lib/python3.12/site-packages/lightning/pytorch/plugins/precision/precision.py", line 122, in optimizer_step
    return optimizer.step(closure=closure, **kwargs)
           ^^^^^^^^^^^^^^^^^^^^^^^^^^^^^^^^^^^^^^^^^
  File "/home/g15farris/.conda/envs/bnn/lib/python3.12/site-packages/torch/optim/optimizer.py", line 391, in wrapper
    out = func(*args, **kwargs)
          ^^^^^^^^^^^^^^^^^^^^^
  File "/home/g15farris/.conda/envs/bnn/lib/python3.12/site-package