[I 2025-01-21 17:50:42,411] Trial 59 finished with value: 29.615243911743164 and parameters: {'pretrain_epochs': 0, 'lr': 0.00048514140651364194, 'mc_samples_train': 2, 'prior_scale': 0.07411474669074951, 'q_scale': 0.007891845222519123, 'batch_size': 64}. Best is trial 44 with value: 12.135612487792969.
/home/g15farris/.conda/envs/bnn/lib/python3.12/site-packages/hydra/_internal/instantiate/_instantiate2.py:92: ExperimentalWarning: PatientPruner is experimental (supported from v2.8.0). The interface can change in the future.
  return _target_(*args, **kwargs)
[I 2025-01-22 11:28:58,689] A new study created in RDB with name: bnn_rad
Trainer already configured with model summary callbacks: [<class 'lightning.pytorch.callbacks.rich_model_summary.RichModelSummary'>]. Skipping setting a default `ModelSummary` callback.
GPU available: False, used: False
TPU available: False, using: 0 TPU cores
IPU available: False, using: 0 IPUs
HPU available: False, using: 0 HPUs
/home/g15farris/.conda/envs/bnn/lib/python3.12/site-packages/lightning/pytorch/core/optimizer.py:181: `LightningModule.configure_optimizers` returned `None`, this fit will run with no optimizer
/home/g15farris/.conda/envs/bnn/lib/python3.12/site-packages/lightning/pytorch/loops/fit_loop.py:298: The number of training batches (2) is smaller than the logging interval Trainer(log_every_n_steps=50). Set a lower value for log_every_n_steps if you want to see logs for the training epoch.
/home/g15farris/.conda/envs/bnn/lib/python3.12/site-packages/tyxe/likelihoods.py:203: UserWarning: var(): degrees of freedom is <= 0. Correction should be strictly less than the reduction factor (input numel divided by output numel). (Triggered internally at ../aten/src/ATen/native/ReduceOps.cpp:1807.)
  agg_scale = precision.reciprocal().mean(dim).add(loc.var(dim)).sqrt()
/home/g15farris/.conda/envs/bnn/lib/python3.12/site-packages/lightning/pytorch/loops/optimization/automatic.py:132: `training_step` returned `None`. If this was on purpose, ignore this warning...
`Trainer.fit` stopped: `max_epochs=20` reached.
[I 2025-01-22 11:29:25,402] Trial 0 finished with value: 14508201.0 and parameters: {'pretrain_epochs': 0, 'lr': 2.4156772025296228e-05, 'mc_samples_train': 1, 'prior_scale': 0.21592388039429916, 'q_scale': 0.0036303760732131728, 'batch_size': 256}. Best is trial 0 with value: 14508201.0.
Trainer already configured with model summary callbacks: [<class 'lightning.pytorch.callbacks.rich_model_summary.RichModelSummary'>]. Skipping setting a default `ModelSummary` callback.
GPU available: False, used: False
TPU available: False, using: 0 TPU cores
IPU available: False, using: 0 IPUs
HPU available: False, using: 0 HPUs
/home/g15farris/.conda/envs/bnn/lib/python3.12/site-packages/lightning/pytorch/loops/fit_loop.py:298: The number of training batches (1) is smaller than the logging interval Trainer(log_every_n_steps=50). Set a lower value for log_every_n_steps if you want to see logs for the training epoch.
`Trainer.fit` stopped: `max_epochs=20` reached.
[I 2025-01-22 11:29:51,018] Trial 1 finished with value: 200284.96875 and parameters: {'pretrain_epochs': 0, 'lr': 5.195586024325663e-05, 'mc_samples_train': 2, 'prior_scale': 0.16250224524496343, 'q_scale': 0.0005501758328845987, 'batch_size': 512}. Best is trial 1 with value: 200284.96875.
Trainer already configured with model summary callbacks: [<class 'lightning.pytorch.callbacks.rich_model_summary.RichModelSummary'>]. Skipping setting a default `ModelSummary` callback.
GPU available: False, used: False
TPU available: False, using: 0 TPU cores
IPU available: False, using: 0 IPUs
HPU available: False, using: 0 HPUs
/home/g15farris/.conda/envs/bnn/lib/python3.12/site-packages/lightning/pytorch/loops/fit_loop.py:298: The number of training batches (3) is smaller than the logging interval Trainer(log_every_n_steps=50). Set a lower value for log_every_n_steps if you want to see logs for the training epoch.
`Trainer.fit` stopped: `max_epochs=20` reached.
[I 2025-01-22 11:30:22,075] Trial 2 finished with value: 86664.984375 and parameters: {'pretrain_epochs': 0, 'lr': 5.367498945698204e-05, 'mc_samples_train': 1, 'prior_scale': 0.04232733477101895, 'q_scale': 0.0073498792462323385, 'batch_size': 128}. Best is trial 2 with value: 86664.984375.
Trainer already configured with model summary callbacks: [<class 'lightning.pytorch.callbacks.rich_model_summary.RichModelSummary'>]. Skipping setting a default `ModelSummary` callback.
GPU available: False, used: False
TPU available: False, using: 0 TPU cores
IPU available: False, using: 0 IPUs
HPU available: False, using: 0 HPUs
`Trainer.fit` stopped: `max_epochs=20` reached.
[I 2025-01-22 11:30:57,277] Trial 3 finished with value: 12814.4384765625 and parameters: {'pretrain_epochs': 0, 'lr': 0.0005473369642905611, 'mc_samples_train': 2, 'prior_scale': 0.017549127225111354, 'q_scale': 0.002561662685923485, 'batch_size': 128}. Best is trial 3 with value: 12814.4384765625.
Trainer already configured with model summary callbacks: [<class 'lightning.pytorch.callbacks.rich_model_summary.RichModelSummary'>]. Skipping setting a default `ModelSummary` callback.
GPU available: False, used: False
TPU available: False, using: 0 TPU cores
IPU available: False, using: 0 IPUs
HPU available: False, using: 0 HPUs
`Trainer.fit` stopped: `max_epochs=20` reached.
[I 2025-01-22 11:31:24,852] Trial 4 finished with value: 3981950.75 and parameters: {'pretrain_epochs': 0, 'lr': 1.3170990774640101e-05, 'mc_samples_train': 1, 'prior_scale': 0.14015302623589543, 'q_scale': 0.001546142648648774, 'batch_size': 128}. Best is trial 3 with value: 12814.4384765625.
Trainer already configured with model summary callbacks: [<class 'lightning.pytorch.callbacks.rich_model_summary.RichModelSummary'>]. Skipping setting a default `ModelSummary` callback.
GPU available: False, used: False
TPU available: False, using: 0 TPU cores
IPU available: False, using: 0 IPUs
HPU available: False, using: 0 HPUs
`Trainer.fit` stopped: `max_epochs=20` reached.
[I 2025-01-22 11:31:51,685] Trial 5 finished with value: 75635.4921875 and parameters: {'pretrain_epochs': 0, 'lr': 1.674127903856e-05, 'mc_samples_train': 1, 'prior_scale': 0.01026814371296241, 'q_scale': 0.0017174472922154307, 'batch_size': 128}. Best is trial 3 with value: 12814.4384765625.
Trainer already configured with model summary callbacks: [<class 'lightning.pytorch.callbacks.rich_model_summary.RichModelSummary'>]. Skipping setting a default `ModelSummary` callback.
GPU available: False, used: False
TPU available: False, using: 0 TPU cores
IPU available: False, using: 0 IPUs
HPU available: False, using: 0 HPUs
`Trainer.fit` stopped: `max_epochs=20` reached.
[I 2025-01-22 11:32:18,478] Trial 6 finished with value: 42207.2890625 and parameters: {'pretrain_epochs': 0, 'lr': 3.71964865643354e-05, 'mc_samples_train': 1, 'prior_scale': 0.021500386108909676, 'q_scale': 0.0005816140699158816, 'batch_size': 128}. Best is trial 3 with value: 12814.4384765625.
Trainer already configured with model summary callbacks: [<class 'lightning.pytorch.callbacks.rich_model_summary.RichModelSummary'>]. Skipping setting a default `ModelSummary` callback.
GPU available: False, used: False
TPU available: False, using: 0 TPU cores
IPU available: False, using: 0 IPUs
HPU available: False, using: 0 HPUs
/home/g15farris/.conda/envs/bnn/lib/python3.12/site-packages/lightning/pytorch/loops/fit_loop.py:298: The number of training batches (12) is smaller than the logging interval Trainer(log_every_n_steps=50). Set a lower value for log_every_n_steps if you want to see logs for the training epoch.
`Trainer.fit` stopped: `max_epochs=20` reached.
[I 2025-01-22 11:33:21,175] Trial 7 finished with value: 6004.23291015625 and parameters: {'pretrain_epochs': 0, 'lr': 0.00029994809793642315, 'mc_samples_train': 1, 'prior_scale': 0.015205659078436342, 'q_scale': 0.0002873671566774025, 'batch_size': 32}. Best is trial 7 with value: 6004.23291015625.
Trainer already configured with model summary callbacks: [<class 'lightning.pytorch.callbacks.rich_model_summary.RichModelSummary'>]. Skipping setting a default `ModelSummary` callback.
GPU available: False, used: False
TPU available: False, using: 0 TPU cores
IPU available: False, using: 0 IPUs
HPU available: False, using: 0 HPUs
`Trainer.fit` stopped: `max_epochs=20` reached.
