/home/g15farris/.conda/envs/bnn/lib/python3.12/site-packages/hydra/_internal/instantiate/_instantiate2.py:92: ExperimentalWarning: PatientPruner is experimental (supported from v2.8.0). The interface can change in the future.
  return _target_(*args, **kwargs)
[I 2025-01-21 15:15:33,030] A new study created in RDB with name: bnn_rad
Trainer already configured with model summary callbacks: [<class 'lightning.pytorch.callbacks.rich_model_summary.RichModelSummary'>]. Skipping setting a default `ModelSummary` callback.
GPU available: False, used: False
TPU available: False, using: 0 TPU cores
IPU available: False, using: 0 IPUs
HPU available: False, using: 0 HPUs
/home/g15farris/.conda/envs/bnn/lib/python3.12/site-packages/lightning/pytorch/core/optimizer.py:181: `LightningModule.configure_optimizers` returned `None`, this fit will run with no optimizer
/home/g15farris/.conda/envs/bnn/lib/python3.12/site-packages/lightning/pytorch/loops/fit_loop.py:298: The number of training batches (24) is smaller than the logging interval Trainer(log_every_n_steps=50). Set a lower value for log_every_n_steps if you want to see logs for the training epoch.
/home/g15farris/.conda/envs/bnn/lib/python3.12/site-packages/tyxe/likelihoods.py:203: UserWarning: var(): degrees of freedom is <= 0. Correction should be strictly less than the reduction factor (input numel divided by output numel). (Triggered internally at ../aten/src/ATen/native/ReduceOps.cpp:1807.)
  agg_scale = precision.reciprocal().mean(dim).add(loc.var(dim)).sqrt()
/home/g15farris/.conda/envs/bnn/lib/python3.12/site-packages/lightning/pytorch/loops/optimization/automatic.py:132: `training_step` returned `None`. If this was on purpose, ignore this warning...
`Trainer.fit` stopped: `max_epochs=20` reached.
[I 2025-01-21 15:16:09,129] Trial 0 finished with value: 22240.42578125 and parameters: {'pretrain_epochs': 0, 'lr': 2.4156772025296228e-05, 'mc_samples_train': 1, 'prior_scale': 0.21592388039429916, 'q_scale': 0.0036303760732131728, 'batch_size': 256}. Best is trial 0 with value: 22240.42578125.
Trainer already configured with model summary callbacks: [<class 'lightning.pytorch.callbacks.rich_model_summary.RichModelSummary'>]. Skipping setting a default `ModelSummary` callback.
GPU available: False, used: False
TPU available: False, using: 0 TPU cores
IPU available: False, using: 0 IPUs
HPU available: False, using: 0 HPUs
/home/g15farris/.conda/envs/bnn/lib/python3.12/site-packages/lightning/pytorch/loops/fit_loop.py:298: The number of training batches (12) is smaller than the logging interval Trainer(log_every_n_steps=50). Set a lower value for log_every_n_steps if you want to see logs for the training epoch.
`Trainer.fit` stopped: `max_epochs=20` reached.
[I 2025-01-21 15:16:50,216] Trial 1 finished with value: 18772.294921875 and parameters: {'pretrain_epochs': 0, 'lr': 5.195586024325663e-05, 'mc_samples_train': 2, 'prior_scale': 0.16250224524496343, 'q_scale': 0.0005501758328845987, 'batch_size': 512}. Best is trial 1 with value: 18772.294921875.
Trainer already configured with model summary callbacks: [<class 'lightning.pytorch.callbacks.rich_model_summary.RichModelSummary'>]. Skipping setting a default `ModelSummary` callback.
GPU available: False, used: False
TPU available: False, using: 0 TPU cores
IPU available: False, using: 0 IPUs
HPU available: False, using: 0 HPUs
/home/g15farris/.conda/envs/bnn/lib/python3.12/site-packages/lightning/pytorch/loops/fit_loop.py:298: The number of training batches (49) is smaller than the logging interval Trainer(log_every_n_steps=50). Set a lower value for log_every_n_steps if you want to see logs for the training epoch.
`Trainer.fit` stopped: `max_epochs=20` reached.
[I 2025-01-21 15:17:39,475] Trial 2 finished with value: 2151.386474609375 and parameters: {'pretrain_epochs': 0, 'lr': 5.367498945698204e-05, 'mc_samples_train': 1, 'prior_scale': 0.04232733477101895, 'q_scale': 0.0073498792462323385, 'batch_size': 128}. Best is trial 2 with value: 2151.386474609375.
Trainer already configured with model summary callbacks: [<class 'lightning.pytorch.callbacks.rich_model_summary.RichModelSummary'>]. Skipping setting a default `ModelSummary` callback.
GPU available: False, used: False
TPU available: False, using: 0 TPU cores
IPU available: False, using: 0 IPUs
HPU available: False, using: 0 HPUs
`Trainer.fit` stopped: `max_epochs=20` reached.
[I 2025-01-21 15:18:52,978] Trial 3 finished with value: 81.93820190429688 and parameters: {'pretrain_epochs': 0, 'lr': 0.0005473369642905611, 'mc_samples_train': 2, 'prior_scale': 0.017549127225111354, 'q_scale': 0.002561662685923485, 'batch_size': 128}. Best is trial 3 with value: 81.93820190429688.
Trainer already configured with model summary callbacks: [<class 'lightning.pytorch.callbacks.rich_model_summary.RichModelSummary'>]. Skipping setting a default `ModelSummary` callback.
GPU available: False, used: False
TPU available: False, using: 0 TPU cores
IPU available: False, using: 0 IPUs
HPU available: False, using: 0 HPUs
`Trainer.fit` stopped: `max_epochs=20` reached.
[I 2025-01-21 15:19:41,371] Trial 4 finished with value: 14344.61328125 and parameters: {'pretrain_epochs': 0, 'lr': 1.3170990774640101e-05, 'mc_samples_train': 1, 'prior_scale': 0.14015302623589543, 'q_scale': 0.001546142648648774, 'batch_size': 128}. Best is trial 3 with value: 81.93820190429688.
Trainer already configured with model summary callbacks: [<class 'lightning.pytorch.callbacks.rich_model_summary.RichModelSummary'>]. Skipping setting a default `ModelSummary` callback.
GPU available: False, used: False
TPU available: False, using: 0 TPU cores
IPU available: False, using: 0 IPUs
HPU available: False, using: 0 HPUs
`Trainer.fit` stopped: `max_epochs=20` reached.
[I 2025-01-21 15:20:30,728] Trial 5 finished with value: 28937.203125 and parameters: {'pretrain_epochs': 0, 'lr': 1.674127903856e-05, 'mc_samples_train': 1, 'prior_scale': 0.01026814371296241, 'q_scale': 0.0017174472922154307, 'batch_size': 128}. Best is trial 3 with value: 81.93820190429688.
Trainer already configured with model summary callbacks: [<class 'lightning.pytorch.callbacks.rich_model_summary.RichModelSummary'>]. Skipping setting a default `ModelSummary` callback.
GPU available: False, used: False
TPU available: False, using: 0 TPU cores
IPU available: False, using: 0 IPUs
HPU available: False, using: 0 HPUs
`Trainer.fit` stopped: `max_epochs=20` reached.
[I 2025-01-21 15:21:19,494] Trial 6 finished with value: 7106.45947265625 and parameters: {'pretrain_epochs': 0, 'lr': 3.71964865643354e-05, 'mc_samples_train': 1, 'prior_scale': 0.021500386108909676, 'q_scale': 0.0005816140699158816, 'batch_size': 128}. Best is trial 3 with value: 81.93820190429688.
Trainer already configured with model summary callbacks: [<class 'lightning.pytorch.callbacks.rich_model_summary.RichModelSummary'>]. Skipping setting a default `ModelSummary` callback.
GPU available: False, used: False
TPU available: False, using: 0 TPU cores
IPU available: False, using: 0 IPUs
HPU available: False, using: 0 HPUs
`Trainer.fit` stopped: `max_epochs=20` reached.
[I 2025-01-21 15:23:41,235] Trial 7 finished with value: 1610.2581787109375 and parameters: {'pretrain_epochs': 0, 'lr': 0.00029994809793642315, 'mc_samples_train': 1, 'prior_scale': 0.015205659078436342, 'q_scale': 0.0002873671566774025, 'batch_size': 32}. Best is trial 3 with value: 81.93820190429688.
Trainer already configured with model summary callbacks: [<class 'lightning.pytorch.callbacks.rich_model_summary.RichModelSummary'>]. Skipping setting a default `ModelSummary` callback.
GPU available: False, used: False
TPU available: False, using: 0 TPU cores
IPU available: False, using: 0 IPUs
HPU available: False, using: 0 HPUs
`Trainer.fit` stopped: `max_epochs=20` reached.
[I 2025-01-21 15:24:58,789] Trial 8 finished with value: 590.9503784179688 and parameters: {'pretrain_epochs': 0, 'lr': 7.478015213333154e-05, 'mc_samples_train': 2, 'prior_scale': 0.1156399334005538, 'q_scale': 0.002582231235363856, 'batch_size': 128}. Best is trial 3 with value: 81.93820190429688.
Trainer already configured with model summary callbacks: [<class 'lightning.pytorch.callbacks.rich_model_summary.RichModelSummary'>]. Skipping setting a default `ModelSummary` callback.
GPU available: False, used: False
TPU available: False, using: 0 TPU cores
IPU available: False, using: 0 IPUs
HPU available: False, using: 0 HPUs
`Trainer.fit` stopped: `max_epochs=20` reached.
[I 2025-01-21 15:25:47,783] Trial 9 finished with value: 58060.203125 and parameters: {'pretrain_epochs': 0, 'lr': 2.01904291186572e-05, 'mc_samples_train': 1, 'prior_scale': 0.41347469058863023, 'q_scale': 0.0009135206248796449, 'batch_size': 128}. Best is trial 3 with value: 81.93820190429688.
Trainer already configured with model summary callbacks: [<class 'lightning.pytorch.callbacks.rich_model_summary.RichModelSummary'>]. Skipping setting a default `ModelSummary` callback.
GPU available: False, used: False
TPU available: False, using: 0 TPU cores
IPU available: False, using: 0 IPUs
HPU available: False, using: 0 HPUs
`Trainer.fit` stopped: `max_epochs=20` reached.
[I 2025-01-21 15:27:54,896] Trial 10 finished with value: 75.39220428466797 and parameters: {'pretrain_epochs': 0, 'lr': 0.0008289681104465045, 'mc_samples_train': 2, 'prior_scale': 0.03823730602613338, 'q_scale': 0.00011667005469831107, 'batch_size': 64}. Best is trial 10 with value: 75.39220428466797.
Trainer already configured with model summary callbacks: [<class 'lightning.pytorch.callbacks.rich_model_summary.RichModelSummary'>]. Skipping setting a default `ModelSummary` callback.
GPU available: False, used: False
TPU available: False, using: 0 TPU cores
IPU available: False, using: 0 IPUs
HPU available: False, using: 0 HPUs
`Trainer.fit` stopped: `max_epochs=20` reached.
[I 2025-01-21 15:30:00,783] Trial 11 finished with value: 272.1934814453125 and parameters: {'pretrain_epochs': 0, 'lr': 0.0009233768742572698, 'mc_samples_train': 2, 'prior_scale': 0.04155761071630431, 'q_scale': 0.000282794630712143, 'batch_size': 64}. Best is trial 10 with value: 75.39220428466797.
Trainer already configured with model summary callbacks: [<class 'lightning.pytorch.callbacks.rich_model_summary.RichModelSummary'>]. Skipping setting a default `ModelSummary` callback.
GPU available: False, used: False
TPU available: False, using: 0 TPU cores
IPU available: False, using: 0 IPUs
HPU available: False, using: 0 HPUs
`Trainer.fit` stopped: `max_epochs=20` reached.
[I 2025-01-21 15:32:07,119] Trial 12 finished with value: 121.34227752685547 and parameters: {'pretrain_epochs': 0, 'lr': 0.0008502926265357448, 'mc_samples_train': 2, 'prior_scale': 0.029627041695089486, 'q_scale': 0.0001048730182267508, 'batch_size': 64}. Best is trial 10 with value: 75.39220428466797.
Trainer already configured with model summary callbacks: [<class 'lightning.pytorch.callbacks.rich_model_summary.RichModelSummary'>]. Skipping setting a default `ModelSummary` callback.
GPU available: False, used: False
TPU available: False, using: 0 TPU cores
IPU available: False, using: 0 IPUs
HPU available: False, using: 0 HPUs
`Trainer.fit` stopped: `max_epochs=20` reached.
[I 2025-01-21 15:34:12,586] Trial 13 finished with value: 266.0299987792969 and parameters: {'pretrain_epochs': 0, 'lr': 0.000237679721845533, 'mc_samples_train': 2, 'prior_scale': 0.06695258493739469, 'q_scale': 0.00010181643448900099, 'batch_size': 64}. Best is trial 10 with value: 75.39220428466797.
Trainer already configured with model summary callbacks: [<class 'lightning.pytorch.callbacks.rich_model_summary.RichModelSummary'>]. Skipping setting a default `ModelSummary` callback.
GPU available: False, used: False
TPU available: False, using: 0 TPU cores
IPU available: False, using: 0 IPUs
HPU available: False, using: 0 HPUs
`Trainer.fit` stopped: `max_epochs=20` reached.
[I 2025-01-21 15:38:03,644] Trial 14 finished with value: 78.74629974365234 and parameters: {'pretrain_epochs': 0, 'lr': 0.0004087264896395562, 'mc_samples_train': 2, 'prior_scale': 0.018282903788748788, 'q_scale': 0.005261536161795869, 'batch_size': 32}. Best is trial 10 with value: 75.39220428466797.
Trainer already configured with model summary callbacks: [<class 'lightning.pytorch.callbacks.rich_model_summary.RichModelSummary'>]. Skipping setting a default `ModelSummary` callback.
GPU available: False, used: False
TPU available: False, using: 0 TPU cores
IPU available: False, using: 0 IPUs
HPU available: False, using: 0 HPUs
`Trainer.fit` stopped: `max_epochs=20` reached.
[I 2025-01-21 15:41:55,603] Trial 15 finished with value: 1122.18115234375 and parameters: {'pretrain_epochs': 0, 'lr': 0.00017450851815124254, 'mc_samples_train': 2, 'prior_scale': 0.05727146019576224, 'q_scale': 0.00955681468403127, 'batch_size': 32}. Best is trial 10 with value: 75.39220428466797.
Trainer already configured with model summary callbacks: [<class 'lightning.pytorch.callbacks.rich_model_summary.RichModelSummary'>]. Skipping setting a default `ModelSummary` callback.
GPU available: False, used: False
TPU available: False, using: 0 TPU cores
IPU available: False, using: 0 IPUs
HPU available: False, using: 0 HPUs
`Trainer.fit` stopped: `max_epochs=20` reached.
[I 2025-01-21 15:45:48,278] Trial 16 finished with value: 1035.4266357421875 and parameters: {'pretrain_epochs': 0, 'lr': 0.0004411885750554313, 'mc_samples_train': 2, 'prior_scale': 0.010337956258208221, 'q_scale': 0.005160696009035955, 'batch_size': 32}. Best is trial 10 with value: 75.39220428466797.
Trainer already configured with model summary callbacks: [<class 'lightning.pytorch.callbacks.rich_model_summary.RichModelSummary'>]. Skipping setting a default `ModelSummary` callback.
GPU available: False, used: False
TPU available: False, using: 0 TPU cores
IPU available: False, using: 0 IPUs
HPU available: False, using: 0 HPUs
`Trainer.fit` stopped: `max_epochs=20` reached.
[I 2025-01-21 15:46:41,222] Trial 17 finished with value: 3835.775634765625 and parameters: {'pretrain_epochs': 0, 'lr': 0.00012252890534510187, 'mc_samples_train': 2, 'prior_scale': 0.02491369077328381, 'q_scale': 0.00023106918397671766, 'batch_size': 256}. Best is trial 10 with value: 75.39220428466797.
Trainer already configured with model summary callbacks: [<class 'lightning.pytorch.callbacks.rich_model_summary.RichModelSummary'>]. Skipping setting a default `ModelSummary` callback.
GPU available: False, used: False
TPU available: False, using: 0 TPU cores
IPU available: False, using: 0 IPUs
HPU available: False, using: 0 HPUs
`Trainer.fit` stopped: `max_epochs=20` reached.
[I 2025-01-21 15:47:21,834] Trial 18 finished with value: 1385.18408203125 and parameters: {'pretrain_epochs': 0, 'lr': 0.00047300323081230996, 'mc_samples_train': 2, 'prior_scale': 0.03643423730082071, 'q_scale': 0.0006783653592160783, 'batch_size': 512}. Best is trial 10 with value: 75.39220428466797.
Trainer already configured with model summary callbacks: [<class 'lightning.pytorch.callbacks.rich_model_summary.RichModelSummary'>]. Skipping setting a default `ModelSummary` callback.
GPU available: False, used: False
TPU available: False, using: 0 TPU cores
IPU available: False, using: 0 IPUs
HPU available: False, using: 0 HPUs
`Trainer.fit` stopped: `max_epochs=20` reached.
[I 2025-01-21 15:51:13,898] Trial 19 finished with value: 4857.18017578125 and parameters: {'pretrain_epochs': 0, 'lr': 0.0003098691714986976, 'mc_samples_train': 2, 'prior_scale': 0.014678753842394598, 'q_scale': 0.00018910023153455955, 'batch_size': 32}. Best is trial 10 with value: 75.39220428466797.
Trainer already configured with model summary callbacks: [<class 'lightning.pytorch.callbacks.rich_model_summary.RichModelSummary'>]. Skipping setting a default `ModelSummary` callback.
GPU available: False, used: False
TPU available: False, using: 0 TPU cores
IPU available: False, using: 0 IPUs
HPU available: False, using: 0 HPUs
`Trainer.fit` stopped: `max_epochs=20` reached.
[I 2025-01-21 15:53:20,142] Trial 20 finished with value: 81.98577880859375 and parameters: {'pretrain_epochs': 0, 'lr': 0.0006299477142377364, 'mc_samples_train': 2, 'prior_scale': 0.08523858468800087, 'q_scale': 0.0012869781160448476, 'batch_size': 64}. Best is trial 10 with value: 75.39220428466797.
Trainer already configured with model summary callbacks: [<class 'lightning.pytorch.callbacks.rich_model_summary.RichModelSummary'>]. Skipping setting a default `ModelSummary` callback.
GPU available: False, used: False
TPU available: False, using: 0 TPU cores
IPU available: False, using: 0 IPUs
HPU available: False, using: 0 HPUs
`Trainer.fit` stopped: `max_epochs=20` reached.
[I 2025-01-21 15:55:27,355] Trial 21 finished with value: 244.09048461914062 and parameters: {'pretrain_epochs': 0, 'lr': 0.000511446748745484, 'mc_samples_train': 2, 'prior_scale': 0.019297191987028176, 'q_scale': 0.0028173842636862374, 'batch_size': 64}. Best is trial 10 with value: 75.39220428466797.
Trainer already configured with model summary callbacks: [<class 'lightning.pytorch.callbacks.rich_model_summary.RichModelSummary'>]. Skipping setting a default `ModelSummary` callback.
GPU available: False, used: False
TPU available: False, using: 0 TPU cores
IPU available: False, using: 0 IPUs
HPU available: False, using: 0 HPUs
`Trainer.fit` stopped: `max_epochs=20` reached.
[I 2025-01-21 15:59:23,123] Trial 22 finished with value: 37.40171813964844 and parameters: {'pretrain_epochs': 0, 'lr': 0.0009700529618203062, 'mc_samples_train': 2, 'prior_scale': 0.016107415233168478, 'q_scale': 0.004259397431537661, 'batch_size': 32}. Best is trial 22 with value: 37.40171813964844.
Trainer already configured with model summary callbacks: [<class 'lightning.pytorch.callbacks.rich_model_summary.RichModelSummary'>]. Skipping setting a default `ModelSummary` callback.
GPU available: False, used: False
TPU available: False, using: 0 TPU cores
IPU available: False, using: 0 IPUs
HPU available: False, using: 0 HPUs
`Trainer.fit` stopped: `max_epochs=20` reached.
[I 2025-01-21 16:03:18,602] Trial 23 finished with value: 19.603429794311523 and parameters: {'pretrain_epochs': 0, 'lr': 0.000930779818496283, 'mc_samples_train': 2, 'prior_scale': 0.02940237698629712, 'q_scale': 0.005337060782109229, 'batch_size': 32}. Best is trial 23 with value: 19.603429794311523.
Trainer already configured with model summary callbacks: [<class 'lightning.pytorch.callbacks.rich_model_summary.RichModelSummary'>]. Skipping setting a default `ModelSummary` callback.
GPU available: False, used: False
TPU available: False, using: 0 TPU cores
IPU available: False, using: 0 IPUs
HPU available: False, using: 0 HPUs
`Trainer.fit` stopped: `max_epochs=20` reached.
[I 2025-01-21 16:07:12,042] Trial 24 finished with value: 133.7029266357422 and parameters: {'pretrain_epochs': 0, 'lr': 0.000936879083027422, 'mc_samples_train': 2, 'prior_scale': 0.028452407020411595, 'q_scale': 0.005209996390340459, 'batch_size': 32}. Best is trial 23 with value: 19.603429794311523.
Trainer already configured with model summary callbacks: [<class 'lightning.pytorch.callbacks.rich_model_summary.RichModelSummary'>]. Skipping setting a default `ModelSummary` callback.
GPU available: False, used: False
TPU available: False, using: 0 TPU cores
IPU available: False, using: 0 IPUs
HPU available: False, using: 0 HPUs
`Trainer.fit` stopped: `max_epochs=20` reached.
[I 2025-01-21 16:11:10,472] Trial 25 finished with value: 57.90080261230469 and parameters: {'pretrain_epochs': 0, 'lr': 0.0009962595520295419, 'mc_samples_train': 2, 'prior_scale': 0.051220151696682745, 'q_scale': 0.004063424272450926, 'batch_size': 32}. Best is trial 23 with value: 19.603429794311523.
Trainer already configured with model summary callbacks: [<class 'lightning.pytorch.callbacks.rich_model_summary.RichModelSummary'>]. Skipping setting a default `ModelSummary` callback.
GPU available: False, used: False
TPU available: False, using: 0 TPU cores
IPU available: False, using: 0 IPUs
HPU available: False, using: 0 HPUs
`Trainer.fit` stopped: `max_epochs=20` reached.
[I 2025-01-21 16:14:59,057] Trial 26 finished with value: 1835.9613037109375 and parameters: {'pretrain_epochs': 0, 'lr': 0.0006792990792369706, 'mc_samples_train': 2, 'prior_scale': 0.057813632412833806, 'q_scale': 0.003940081317448964, 'batch_size': 32}. Best is trial 23 with value: 19.603429794311523.
Trainer already configured with model summary callbacks: [<class 'lightning.pytorch.callbacks.rich_model_summary.RichModelSummary'>]. Skipping setting a default `ModelSummary` callback.
GPU available: False, used: False
TPU available: False, using: 0 TPU cores
IPU available: False, using: 0 IPUs
HPU available: False, using: 0 HPUs
`Trainer.fit` stopped: `max_epochs=20` reached.
[I 2025-01-21 16:18:43,023] Trial 27 finished with value: 61.74268341064453 and parameters: {'pretrain_epochs': 0, 'lr': 0.0001684395390488293, 'mc_samples_train': 2, 'prior_scale': 0.013473676795800965, 'q_scale': 0.009322449550759119, 'batch_size': 32}. Best is trial 23 with value: 19.603429794311523.
Trainer already configured with model summary callbacks: [<class 'lightning.pytorch.callbacks.rich_model_summary.RichModelSummary'>]. Skipping setting a default `ModelSummary` callback.
GPU available: False, used: False
TPU available: False, using: 0 TPU cores
IPU available: False, using: 0 IPUs
HPU available: False, using: 0 HPUs
`Trainer.fit` stopped: `max_epochs=20` reached.
