[I 2025-02-24 14:20:00,965] Trial 25 finished with value: 1.1372316281028698 and parameters: {'lr': 0.0014326597360673505, 'batch_size': 256}. Best is trial 2 with value: -1.597307766606588.
                                                                                              Trainer already configured with model summary callbacks: [<class 'lightning.pytorch.callbacks.rich_model_summary.RichModelSummary'>]. Skipping setting a default `ModelSummary` callback.
GPU available: False, used: False
TPU available: False, using: 0 TPU cores
IPU available: False, using: 0 IPUs
HPU available: False, using: 0 HPUs
`Trainer.fit` stopped: `max_epochs=20` reached.
[I 2025-02-24 14:20:14,652] Trial 26 finished with value: -1.0035419558758805 and parameters: {'lr': 0.0035066116611422254, 'batch_size': 64}. Best is trial 2 with value: -1.597307766606588.
Trainer already configured with model summary callbacks: [<class 'lightning.pytorch.callbacks.rich_model_summary.RichModelSummary'>]. Skipping setting a default `ModelSummary` callback.
GPU available: False, used: False
TPU available: False, using: 0 TPU cores
IPU available: False, using: 0 IPUs
HPU available: False, using: 0 HPUs
`Trainer.fit` stopped: `max_epochs=20` reached.
[I 2025-02-24 14:20:30,389] Trial 27 finished with value: -1.4496337914935478 and parameters: {'lr': 0.0009253408860137123, 'batch_size': 32}. Best is trial 2 with value: -1.597307766606588.
   Trainer already configured with model summary callbacks: [<class 'lightning.pytorch.callbacks.rich_model_summary.RichModelSummary'>]. Skipping setting a default `ModelSummary` callback.
GPU available: False, used: False
TPU available: False, using: 0 TPU cores
IPU available: False, using: 0 IPUs
HPU available: False, using: 0 HPUs
`Trainer.fit` stopped: `max_epochs=20` reached.
[I 2025-02-24 14:20:46,354] Trial 28 finished with value: -1.0446815516826433 and parameters: {'lr': 0.0004528358052153983, 'batch_size': 32}. Best is trial 2 with value: -1.597307766606588.
Trainer already configured with model summary callbacks: [<class 'lightning.pytorch.callbacks.rich_model_summary.RichModelSummary'>]. Skipping setting a default `ModelSummary` callback.
GPU available: False, used: False
TPU available: False, using: 0 TPU cores
IPU available: False, using: 0 IPUs
HPU available: False, using: 0 HPUs
`Trainer.fit` stopped: `max_epochs=20` reached.
[I 2025-02-24 14:21:03,640] Trial 29 finished with value: -1.3258478644434726 and parameters: {'lr': 0.0009276547036428967, 'batch_size': 32}. Best is trial 2 with value: -1.597307766606588.
`Trainer.fit` stopped: `max_epochs=20` reached.
[I 2025-02-24 14:21:06,318] Trial 16 finished with value: -2.143348325025364 and parameters: {'lr': 0.0012057398286129542, 'batch_size': 32}. Best is trial 16 with value: -2.143348325025364.
                                                                                                                                                                                                                                                                                                                                             Trainer already configured with model summary callbacks: [<class 'lightning.pytorch.callbacks.rich_model_summary.RichModelSummary'>]. Skipping setting a default `ModelSummary` callback.
GPU available: False, used: False
TPU available: False, using: 0 TPU cores
IPU available: False, using: 0 IPUs
HPU available: False, using: 0 HPUs
                                                                                                                                                                                                                                                                                                                                                                                                                                                                                                                                                                                          `Trainer.fit` stopped: `max_epochs=20` reached.
[I 2025-02-24 14:21:41,547] Trial 17 finished with value: -1.9131037604995142 and parameters: {'lr': 0.0011199348317849412, 'batch_size': 32}. Best is trial 16 with value: -2.143348325025364.
                                                                                                                                                                                                                                                                                                                                             Trainer already configured with model summary callbacks: [<class 'lightning.pytorch.callbacks.rich_model_summary.RichModelSummary'>]. Skipping setting a default `ModelSummary` callback.
GPU available: False, used: False
TPU available: False, using: 0 TPU cores
IPU available: False, using: 0 IPUs
HPU available: False, using: 0 HPUs
`Trainer.fit` stopped: `max_epochs=20` reached.
[I 2025-02-24 14:22:16,337] Trial 18 finished with value: -1.9594366113663417 and parameters: {'lr': 0.0005505609148659297, 'batch_size': 32}. Best is trial 16 with value: -2.143348325025364.
                                                                                                                                                                                                                                                                                                                                                                                                                                                                                                                                                                                                                                                                                        Trainer already configured with model summary callbacks: [<class 'lightning.pytorch.callbacks.rich_model_summary.RichModelSummary'>]. Skipping setting a default `ModelSummary` callback.
GPU available: False, used: False
TPU available: False, using: 0 TPU cores
IPU available: False, using: 0 IPUs
HPU available: False, using: 0 HPUs
                                                                                                                                                                                                                                                                                                                                             `Trainer.fit` stopped: `max_epochs=20` reached.
[I 2025-02-24 14:22:50,017] Trial 19 finished with value: -0.40339432546260723 and parameters: {'lr': 0.001356996863463523, 'batch_size': 32}. Best is trial 16 with value: -2.143348325025364.
Trainer already configured witable: False, used: False
TPU available: False, using: 0 TPU cores
IPU available: False, using: 0 IPUs
HPU available: False, using: 0 HPUs
`Trainer.fit` stopped: `max_epochs=20` reached.
[I 2025-02-24 14:22:54,382] Trial 36 finished with value: 0.11994107637483135 and parameters: {'lr': 0.0014878314410379627, 'batch_size': 128}. Best is trial 2 with value: -1.597307766606588.
Trainer already configured with model summary callbacks: [<class 'lightning.pytorch.callbacks.rich_model_summary.RichModelSummary'>]. Skipping setting a default `ModelSummary` callback.
GPU available: False, used: False
TPU available: False, using: 0 TPU cores
IPU available: False, using: 0 IPUs
HPU available: False, using: 0 HPUs
`Trainer.fit` stopped: `max_epochs=20` reached.
[I 2025-02-24 14:23:08,299] Trial 37 finished with value: 0.1719502182618459 and parameters: {'lr': 0.0006778743321324103, 'batch_size': 64}. Best is trial 2 with value: -1.597307766606588.
Trainer already configured with model summary callbacks: [<class 'lightning.pytorch.callbacks.rich_model_summary.RichModelSummary'>]. Skipping setting a default `ModelSummary` callback.
GPU available: False, used: False
TPU available: False, using: 0 TPU cores
IPU available: False, using: 0 IPUs
HPU available: False, using: 0 HPUs
`Trainer.fit` stopped: `max_epochs=20` reached.
[I 2025-02-24 14:23:23,761] Trial 38 finished with value: 0.9311589008946543 and parameters: {'lr': 0.0001399714501134652, 'batch_size': 32}. Best is trial 2 with value: -1.597307766606588.
Trainer already configured with model summary callbacks: [<class 'lightning.pytorch.callbacks.rich_model_summary.RichModelSummary'>]. Skipping setting a default `ModelSummary` callback.
GPU available: False, used: False
TPU available: False, using: 0 TPU cores
IPU available: False, using: 0 IPUs
HPU available: False, using: 0 HPUs
`Trainer.fit` stopped: `max_epochs=20` reached.
[I 2025-02-24 14:23:39,006] Trial 39 finished with value: -0.033584700805764374 and parameters: {'lr': 0.0003142063966240333, 'batch_size': 32}. Best is trial 2 with value: -1.597307766606588.
Trainer already configured with model summary callbacks: [<class 'lightning.pytorch.callbacks.rich_model_summary.RichModelSummary'>]. Skipping setting a default `ModelSummary` callback.
GPU available: False, used: False
TPU available: False, using: 0 TPU cores
IPU available: False, using: 0 IPUs
HPU available: False, using: 0 HPUs
[I 2025-02-24 14:23:53,221] Trial 40 pruned. Trial was pruned at epoch 19.
                                                                                                                                                                                                                                                Trainer already configured with model summary callbacks: [<class 'lightning.pytorch.callbacks.rich_model_summary.RichModelSummary'>]. Skipping setting a default `ModelSummary` callback.
GPU available: False, used: False
TPU available: False, using: 0 TPU cores
IPU available: False, using: 0 IPUs
HPU available: False, using: 0 HPUs
`Trainer.fit` stopped: `max_epochs=20` reached.
[I 2025-02-24 14:24:10,059] Trial 41 finished with value: -0.7905165915492941 and parameters: {'lr': 0.0018672247622232884, 'batch_size': 32}. Best is trial 2 with value: -1.597307766606588.
                                                                                              Trainer already configured with model summary callbacks: [<class 'lightning.pytorch.callbacks.rich_model_summary.RichModelSummary'>]. Skipping setting a default `ModelSummary` callback.
GPU available: False, used: False
TPU available: False, using: 0 TPU cores
IPU available: False, using: 0 IPUs
HPU available: False, using: 0 HPUs
`Trainer.fit` stopped: `max_epochs=20` reached.
[I 2025-02-24 14:24:26,759] Trial 42 finished with value: -0.9262456050095113 and parameters: {'lr': 0.0011443049557409532, 'batch_size': 32}. Best is trial 2 with value: -1.597307766606588.
Trainer already configured with model summary callbacks: [<class 'lightning.pytorch.callbacks.rich_model_summary.RichModelSummary'>]. Skipping setting a default `ModelSummary` callback.
GPU available: False, used: False
TPU available: False, using: 0 TPU cores
IPU available: False, using: 0 IPUs
HPU available: False, using: 0 HPUs
`Trainer.fit` stopped: `max_epochs=20` reached.
[I 2025-02-24 14:24:42,719] Trial 43 finished with value: -1.204509462317605 and parameters: {'lr': 0.0012935177870365801, 'batch_size': 32}. Best is trial 2 with value: -1.597307766606588.
                                                                                               Trainer already configured with model summary callbacks: [<class 'lightning.pytorch.callbacks.rich_model_summary.RichModelSummary'>]. Skipping setting a default `ModelSummary` callback.
GPU available: False, used: False
TPU available: False, using: 0 TPU cores
IPU available: False, using: 0 IPUs
HPU available: False, using: 0 HPUs
`Trainer.fit` stopped: `max_epochs=20` reached.
[I 2025-02-24 14:24:54,484] Trial 44 finished with value: 2.719988648068479 and parameters: {'lr': 0.0008150544467697003, 'batch_size': 512}. Best is trial 2 with value: -1.597307766606588.
Trainer already configured with model summary callbacks: [<class 'lightning.pytorch.callbacks.rich_model_summary.RichModelSummary'>]. Skipping setting a default `ModelSummary` callback.
GPU available: False, used: False
TPU available: False, using: 0 TPU cores
IPU available: False, using: 0 IPUs
HPU available: False, using: 0 HPUs
`Trainer.fit` stopped: `max_epochs=20` reached.
[I 2025-02-24 14:25:09,205] Trial 45 finished with value: -0.8628163444605421 and parameters: {'lr': 0.002007135544812518, 'batch_size': 32}. Best is trial 2 with value: -1.597307766606588.
                                                                                                                                                                                                                                                                                                                                               Trainer already configured with model summary callbacks: [<class 'lightning.pytorch.callbacks.rich_model_summary.RichModelSummary'>]. Skipping setting a default `ModelSummary` callback.
GPU available: False, used: False
TPU available: False, using: 0 TPU cores
IPU available: False, using: 0 IPUs
HPU available: False, using: 0 HPUs
`Trainer.fit` stopped: `max_epochs=20` reached.
[I 2025-02-24 14:25:25,381] Trial 46 finished with value: -0.37188803945476007 and parameters: {'lr': 0.001027801237650083, 'batch_size': 32}. Best is trial 2 with value: -1.597307766606588.
Trainer already configured with model summary callbacks: [<class 'lightning.pytorch.callbacks.rich_model_summary.RichModelSummary'>]. Skipping setting a default `ModelSummary` callback.
GPU available: False, used: False
TPU available: False, using: 0 TPU cores
IPU available: False, using: 0 IPUs
HPU available: False, using: 0 HPUs
`Trainer.fit` stopped: `max_epochs=20` reached.
[I 2025-02-24 14:25:41,840] Trial 47 finished with value: -1.2859633269451747 and parameters: {'lr': 0.0033793708234567017, 'batch_size': 32}. Best is trial 2 with value: -1.597307766606588.
Trainer already configured with model summary callbacks: [<class 'lightning.pytorch.callbacks.rich_model_summary.RichModelSummary'>]. Skipping setting a default `ModelSummary` callback.
GPU available: False, used: False
TPU available: False, using: 0 TPU cores
IPU available: False, using: 0 IPUs
HPU available: False, using: 0 HPUs
[I 2025-02-24 14:25:54,556] Trial 48 pruned. Trial was pruned at epoch 13.
Trainer already configured with model summary callbacks: [<class 'lightning.pytorch.callbacks.rich_model_summary.RichModelSummary'>]. Skipping setting a default `ModelSummary` callback.
GPU available: False, used: False
TPU available: False, using: 0 TPU cores
IPU available: False, using: 0 IPUs
HPU available: False, using: 0 HPUs
`Trainer.fit` stopped: `max_epochs=20` reached.
[I 2025-02-24 14:26:10,686] Trial 49 finished with value: -0.938148327152694 and parameters: {'lr': 0.0033366556024472136, 'batch_size':.
GPU available: False, used: False
TPU available: False, using: 0 TPU cores
IPU available: False, using: 0 IPUs
HPU available: False, using: 0 HPUs
                                                                                                                                                                                                                                                                                                                                                                                                                                                                                                                                                                                                                                                                                                                                                                                                                                                                                                                                         `Trainer.fit` stopped: `max_epochs=20` reached.
[I 2025-02-24 14:26:40,240] Trial 26 finished with value: -1.245504425627414 and parameters: {'lr': 0.001799394864065497, 'batch_size': 32}. Best is trial 16 with value: -2.143348325025364.
Trainer already configured with model summary callbacks: [<class 'lightning.pytorch.callbacks.rich_model_summary.RichModelSummary'>]. Skipping setting a default `ModelSummary` callback.
GPU available: False, used: False
TPU available: False, using: 0 TPU cores
IPU available: False, using: 0 IPUs
HPU available: False, using: 0 HPUs
`Trainer.fit` stopped: `max_epochs=20` reached.
[I 2025-02-24 14:26:57,366] Trial 27 finished with value: 0.8977619661787503 and parameters: {'lr': 0.0010761491722190556, 'batch_size': 512}. Best is trial 16 with value: -2.143348325025364.
Trainer already configured with model summary callbacks: [<class 'lightning.pytorch.callbacks.rich_model_summary.RichModelSummary'>]. Skipping setting a default `ModelSummary` callback.
GPU available: False, used: False
TPU available: False, using: 0 TPU cores
IPU available: False, using: 0 IPUs
HPU available: False, using: 0 HPUs
                                                                                                                                                                                                                                              `Trainer.fit` stopped: `max_epochs=20` reached.
[I 2025-02-24 14:27:28,207] Trial 28 finished with value: -2.1882854376750465 and parameters: {'lr': 0.0005486825664406678, 'batch_size': 32}. Best is trial 28 with value: -2.1882854376750465.
Trainer already configured with model summary callbacks: [<class 'lightning.pytorch.callbacks.rich_model_summary.RichModelSummary'>]. Skipping setting a default `ModelSummary` callback.
GPU available: False, used: False
TPU available: False, using: 0 TPU cores
IPU available: False, using: 0 IPUs
HPU available: False, using: 0 HPUs
                                                                                                                                                                                                                                                                                                                                                                                                                                                                                                                                                                                                                                                                                                                                                                                                                                                                                                                                        `Trainer.fit` stopped: `max_epochs=20` reached.
[I 2025-02-24 14:28:01,419] Trial 29 finished with value: -1.119522171406616 and parameters: {'lr': 0.00012376544750666428, 'batch_size': 32}. Best is trial 28 with value: -2.1882854376750465.
Trainer already configured with model summary callbacks: [<class 'lightning.pytorch.callbacks.rich_model_summary.RichModelSummary'>]. Skipping setting a default `ModelSummary` callback.
GPU available: False, used: False
TPU available: False, using: 0 TPU cores
IPU available: False, using: 0 IPUs
HPU available: False, using: 0 HPUs
                                                                                                                                                                                                                                                                                                                                                                                                                                                                                                                                                                                                                                                                                                                                                                                                                                                                                                                                        `Trainer.fit` stopped: `max_epochs=20` reached.
[I 2025-02-24 14:28:37,149] Trial 30 finished with value: 0.84534172620797 and parameters: {'lr': 0.0013912295577196178, 'batch_size': 32}. Best is trial 28 with value: -2.1882854376750465.
                                                                                                                                                                                                                                             Trainer already configured with model summary callbacks: [<class 'lightning.pytorch.callbacks.rich_model_summary.RichModelSummary'>]. Skipping setting a default `ModelSummary` callback.
GPU available: False, used: False
TPU available: False, using: 0 TPU cores
IPU available: False, using: 0 IPUs
HPU available: False, using: 0 HPUs
                                                                                                                                                                                                                                                                                                                                                                                                                                                                                                                                                                                           `Trainer.fit` stopped: `max_epochs=20` reached.
