[I 2025-02-24 14:29:13,998] Trial 31 finished with value: -1.2768087567599629 and parameters: {'lr': 0.000603091272493362, 'batch_size': 32}. Best is trial 28 with value: -2.1882854376750465.
Trainer already configured with model summary callbacks: [<class 'lightning.pytorch.callbacks.rich_model_summary.RichModelSummary'>]. Skipping setting a default `ModelSummary` callback.
GPU available: False, used: False
TPU available: False, using: 0 TPU cores
IPU available: False, using: 0 IPUs
HPU available: False, using: 0 HPUs
`Trainer.fit` stopped: `max_epochs=20` reached.
[I 2025-02-24 14:29:50,076] Trial 32 finished with value: -1.4564023825033963 and parameters: {'lr': 0.00031204735515001387, 'batch_size': 32}. Best is trial 28 with value: -2.1882854376750465.
Trainer already configured with model summary callbacks: [<class 'lightning.pytorch.callbacks.rich_model_summary.RichModelSummary'>]. Skipping setting a default `ModelSummary` callback.
GPU available: False, used: False
TPU available: False, using: 0 TPU cores
IPU available: False, using: 0 IPUs
HPU available: False, using: 0 HPUs
`Trainer.fit` stopped: `max_epochs=20` reached.
[I 2025-02-24 14:30:26,558] Trial 33 finished with value: -0.9353774894825014 and parameters: {'lr': 0.00017900807084935867, 'batch_size': 32}. Best is trial 28 with value: -2.1882854376750465.
Trainer already configured with model summary callbacks: [<class 'lightning.pytorch.callbacks.rich_model_summary.RichModelSummary'>]. Skipping setting a default `ModelSummary` callback.
GPU available: False, used: False
TPU available: False, using: 0 TPU cores
IPU available: False, using: 0 IPUs
HPU available: False, using: 0 HPUs
`Trainer.fit` stopped: `max_epochs=20` reached.
[I 2025-02-24 14:31:02,230] Trial 34 finished with value: -1.4539145253306642 and parameters: {'lr': 0.0005151588268924603, 'batch_size': 32}. Best is trial 28 with value: -2.1882854376750465.
Trainer already configured with model summary callbacks: [<class 'lightning.pytorch.callbacks.rich_model_summary.RichModelSummary'>]. Skipping setting a default `ModelSummary` callback.
GPU available: False, used: False
TPU available: False, using: 0 TPU cores
IPU available: False, using: 0 IPUs
HPU available: False, using: 0 HPUs
[I 2025-02-24 14:31:22,441] Trial 35 pruned. Trial was pruned at epoch 8.
Trainer already configured with model summary callbacks: [<class 'lightning.pytorch.callbacks.rich_model_summary.RichModelSummary'>]. Skipping setting a default `ModelSummary` callback.
GPU available: False, used: False
TPU available: False, using: 0 TPU cores
IPU available: False, using: 0 IPUs
HPU available: False, using: 0 HPUs
`Trainer.fit` stopped: `max_epochs=20` reached.
[I 2025-02-24 14:31:40,686] Trial 36 finished with value: -1.4434443141545226 and parameters: {'lr': 0.0024693462185376544, 'batch_size': 128}. Best is trial 28 with value: -2.1882854376750465.
Trainer already configured with model summary callbacks: [<class 'lightning.pytorch.callbacks.rich_model_summary.RichModelSummary'>]. Skipping setting a default `ModelSummary` callback.
GPU available: False, used: False
TPU available: False, using: 0 TPU cores
IPU available: False, using: 0 IPUs
HPU available: False, using: 0 HPUs
`Trainer.fit` stopped: `max_epochs=20` reached.
[I 2025-02-24 14:32:08,046] Trial 37 finished with value: -1.9529811760078006 and parameters: {'lr': 0.0009679254929065965, 'batch_size': 64}. Best is trial 28 with value: -2.1882854376750465.
Trainer already configured with model summary callbacks: [<class 'lightning.pytorch.callbacks.rich_model_summary.RichModelSummary'>]. Skipping setting a default `ModelSummary` callback.
GPU available: False, used: False
TPU available: False, using: 0 TPU cores
IPU available: False, using: 0 IPUs
HPU available: False, using: 0 HPUs
`Trainer.fit` stopped: `max_epochs=20` reached.
[I 2025-02-24 14:32:27,105] Trial 38 finished with value: 1.1040642999220025 and parameters: {'lr': 0.0002611092181378076, 'batch_size': 256}. Best is trial 28 with value: -2.1882854376750465.
Trainer already configured with model summary callbacks: [<class 'lightning.pytorch.callbacks.rich_model_summary.RichModelSummary'>]. Skipping setting a default `ModelSummary` callback.
GPU available: False, used: False
TPU available: False, using: 0 TPU cores
IPU available: False, using: 0 IPUs
HPU available: False, using: 0 HPUs
`Trainer.fit` stopped: `max_epochs=20` reached.
[I 2025-02-24 14:33:03,754] Trial 39 finished with value: -1.4390751266087434 and parameters: {'lr': 0.00040530863187264113, 'batch_size': 32}. Best is trial 28 with value: -2.1882854376750465.
Trainer already configured with model summary callbacks: [<class 'lightning.pytorch.callbacks.rich_model_summary.RichModelSummary'>]. Skipping setting a default `ModelSummary` callback.
GPU available: False, used: False
TPU available: False, using: 0 TPU cores
IPU available: False, using: 0 IPUs
HPU available: False, using: 0 HPUs
`Trainer.fit` stopped: `max_epochs=20` reached.
[I 2025-02-24 14:33:24,352] Trial 40 finished with value: 0.8990598092224027 and parameters: {'lr': 0.00017426786924360519, 'batch_size': 128}. Best is trial 28 with value: -2.1882854376750465.
Trainer already configured with model summary callbacks: [<class 'lightning.pytorch.callbacks.rich_model_summary.RichModelSummary'>]. Skipping setting a default `ModelSummary` callback.
GPU available: False, used: False
TPU available: False, using: 0 TPU cores
IPU available: False, using: 0 IPUs
HPU available: False, using: 0 HPUs
`Trainer.fit` stopped: `max_epochs=20` reached.
[I 2025-02-24 14:33:50,713] Trial 41 finished with value: -1.77923262633045 and parameters: {'lr': 0.0009702522609086626, 'batch_size': 64}. Best is trial 28 with value: -2.1882854376750465.
Trainer already configured with model summary callbacks: [<class 'lightning.pytorch.callbacks.rich_model_summary.RichModelSummary'>]. Skipping setting a default `ModelSummary` callback.
GPU available: False, used: False
TPU available: False, using: 0 TPU cores
IPU available: False, using: 0 IPUs
HPU available: False, using: 0 HPUs
`Trainer.fit` stopped: `max_epochs=20` reached.
[I 2025-02-24 14:34:18,453] Trial 42 finished with value: -1.5902738407647212 and parameters: {'lr': 0.0014966256244873233, 'batch_size': 64}. Best is trial 28 with value: -2.1882854376750465.
Trainer already configured with model summary callbacks: [<class 'lightning.pytorch.callbacks.rich_model_summary.RichModelSummary'>]. Skipping setting a default `ModelSummary` callback.
GPU available: False, used: False
TPU available: False, using: 0 TPU cores
IPU available: False, using: 0 IPUs
HPU available: False, using: 0 HPUs
[I 2025-02-24 14:34:41,051] Trial 43 pruned. Trial was pruned at epoch 14.
Trainer already configured with model summary callbacks: [<class 'lightning.pytorch.callbacks.rich_model_summary.RichModelSummary'>]. Skipping setting a default `ModelSummary` callback.
GPU available: False, used: False
TPU available: False, using: 0 TPU cores
IPU available: False, using: 0 IPUs
HPU available: False, using: 0 HPUs
`Trainer.fit` stopped: `max_epochs=20` reached.
[I 2025-02-24 14:35:07,929] Trial 44 finished with value: -1.574966173296209 and parameters: {'lr': 0.0008759757071135727, 'batch_size': 64}. Best is trial 28 with value: -2.1882854376750465.
Trainer already configured with model summary callbacks: [<class 'lightning.pytorch.callbacks.rich_model_summary.RichModelSummary'>]. Skipping setting a default `ModelSummary` callback.
GPU available: False, used: False
TPU available: False, using: 0 TPU cores
IPU available: False, using: 0 IPUs
HPU available: False, using: 0 HPUs
`Trainer.fit` stopped: `max_epochs=20` reached.
[I 2025-02-24 14:35:25,035] Trial 45 finished with value: -0.27891543465299856 and parameters: {'lr': 0.0011114779134608313, 'batch_size': 512}. Best is trial 28 with value: -2.1882854376750465.
Trainer already configured with model summary callbacks: [<class 'lightning.pytorch.callbacks.rich_model_summary.RichModelSummary'>]. Skipping setting a default `ModelSummary` callback.
GPU available: False, used: False
TPU available: False, using: 0 TPU cores
IPU available: False, using: 0 IPUs
HPU available: False, using: 0 HPUs
`Trainer.fit` stopped: `max_epochs=20` reached.
[I 2025-02-24 14:35:49,841] Trial 46 finished with value: -1.3333832631515572 and parameters: {'lr': 0.001620181486054772, 'batch_size': 64}. Best is trial 28 with value: -2.1882854376750465.
Trainer already configured with model summary callbacks: [<class 'lightning.pytorch.callbacks.rich_model_summary.RichModelSummary'>]. Skipping setting a default `ModelSummary` callback.
GPU available: False, used: False
TPU available: False, using: 0 TPU cores
IPU available: False, using: 0 IPUs
HPU available: False, using: 0 HPUs
`Trainer.fit` stopped: `max_epochs=20` reached.
[I 2025-02-24 14:36:27,697] Trial 47 finished with value: -0.7814960667482214 and parameters: {'lr': 0.00035262302644254833, 'batch_size': 32}. Best is trial 28 with value: -2.1882854376750465.
Trainer already configured with model summary callbacks: [<class 'lightning.pytorch.callbacks.rich_model_summary.RichModelSummary'>]. Skipping setting a default `ModelSummary` callback.
GPU available: False, used: False
TPU available: False, using: 0 TPU cores
IPU available: False, using: 0 IPUs
HPU available: False, using: 0 HPUs
`Trainer.fit` stopped: `max_epochs=20` reached.
[I 2025-02-24 14:36:53,641] Trial 48 finished with value: -1.4504965200055175 and parameters: {'lr': 0.002298467785657629, 'batch_size': 128}. Best is trial 28 with value: -2.1882854376750465.
Trainer already configured with model summary callbacks: [<class 'lightning.pytorch.callbacks.rich_model_summary.RichModelSummary'>]. Skipping setting a default `ModelSummary` callback.
GPU available: False, used: False
TPU available: False, using: 0 TPU cores
IPU available: False, using: 0 IPUs
HPU available: False, using: 0 HPUs
`Trainer.fit` stopped: `max_epochs=20` reached.
[I 2025-02-24 14:37:20,675] Trial 49 finished with value: -0.439704122744026 and parameters: {'lr': 0.0028792482478169727, 'batch_size': 64}. Best is trial 28 with value: -2.1882854376750465.
Trainer already configured with model summary callbacks: [<class 'lightning.pytorch.callbacks.rich_model_summary.RichModelSummary'>]. Skipping setting a default `ModelSummary` callback.
GPU available: False, used: False
TPU available: False, using: 0 TPU cores
IPU available: False, using: 0 IPUs
HPU available: False, using: 0 HPUs
`Trainer.fit` stopped: `max_epochs=20` reached.
[I 2025-02-24 14:37:39,588] Trial 50 finished with value: 1.8788891762252524 and parameters: {'lr': 0.0005134749300780942, 'batch_size': 512}. Best is trial 28 with value: -2.1882854376750465.
Trainer already configured with model summary callbacks: [<class 'lightning.pytorch.callbacks.rich_model_summary.RichModelSummary'>]. Skipping setting a default `ModelSummary` callback.
GPU available: False, used: False
TPU available: False, using: 0 TPU cores
IPU available: False, using: 0 IPUs
HPU available: False, using: 0 HPUs
`Trainer.fit` stopped: `max_epochs=20` reached.
[I 2025-02-24 14:38:17,682] Trial 51 finished with value: -1.6201139379605876 and parameters: {'lr': 0.0005167952806368104, 'batch_size': 32}. Best is trial 28 with value: -2.1882854376750465.
Trainer already configured with model summary callbacks: [<class 'lightning.pytorch.callbacks.rich_model_summary.RichModelSummary'>]. Skipping setting a default `ModelSummary` callback.
GPU available: False, used: False
TPU available: False, using: 0 TPU cores
IPU available: False, using: 0 IPUs
HPU available: False, using: 0 HPUs
`Trainer.fit` stopped: `max_epochs=20` reached.
[I 2025-02-24 14:38:57,930] Trial 52 finished with value: -1.8749675635469243 and parameters: {'lr': 0.00044575910416776236, 'batch_size': 32}. Best is trial 28 with value: -2.1882854376750465.
Trainer already configured with model summary callbacks: [<class 'lightning.pytorch.callbacks.rich_model_summary.RichModelSummary'>]. Skipping setting a default `ModelSummary` callback.
GPU available: False, used: False
TPU available: False, using: 0 TPU cores
IPU available: False, using: 0 IPUs
HPU available: False, using: 0 HPUs
`Trainer.fit` stopped: `max_epochs=20` reached.
[I 2025-02-24 14:39:35,161] Trial 53 finished with value: -1.4477313754655958 and parameters: {'lr': 0.0007062096678970704, 'batch_size': 32}. Best is trial 28 with value: -2.1882854376750465.
Trainer already configured with model summary callbacks: [<class 'lightning.pytorch.callbacks.rich_model_summary.RichModelSummary'>]. Skipping setting a default `ModelSummary` callback.
GPU available: False, used: False
TPU available: False, using: 0 TPU cores
IPU available: False, using: 0 IPUs
HPU available: False, using: 0 HPUs
`Trainer.fit` stopped: `max_epochs=20` reached.
[I 2025-02-24 14:40:05,960] Trial 54 finished with value: -1.8644668794294323 and parameters: {'lr': 0.0008982456267006757, 'batch_size': 32}. Best is trial 28 with value: -2.1882854376750465.
Trainer already configured with model summary callbacks: [<class 'lightning.pytorch.callbacks.rich_model_summary.RichModelSummary'>]. Skipping setting a default `ModelSummary` callback.
GPU available: False, used: False
TPU available: False, using: 0 TPU cores
IPU available: False, using: 0 IPUs
HPU available: False, using: 0 HPUs
`Trainer.fit` stopped: `max_epochs=20` reached.
[I 2025-02-24 14:40:42,748] Trial 55 finished with value: -1.377981886393352 and parameters: {'lr': 0.0019253188031642034, 'batch_size': 32}. Best is trial 28 with value: -2.1882854376750465.
Trainer already configured with model summary callbacks: [<class 'lightning.pytorch.callbacks.rich_model_summary.RichModelSummary'>]. Skipping setting a default `ModelSummary` callback.
GPU available: False, used: False
TPU available: False, using: 0 TPU cores
IPU available: False, using: 0 IPUs
HPU available: False, using: 0 HPUs
`Trainer.fit` stopped: `max_epochs=20` reached.
[I 2025-02-24 14:41:01,141] Trial 56 finished with value: -0.39314661871400514 and parameters: {'lr': 0.0011749348034415061, 'batch_size': 256}. Best is trial 28 with value: -2.1882854376750465.
Trainer already configured with model summary callbacks: [<class 'lightning.pytorch.callbacks.rich_model_summary.RichModelSummary'>]. Skipping setting a default `ModelSummary` callback.
GPU available: False, used: False
TPU available: False, using: 0 TPU cores
IPU available: False, using: 0 IPUs
HPU available: False, using: 0 HPUs
`Trainer.fit` stopped: `max_epochs=20` reached.
[I 2025-02-24 14:41:39,285] Trial 57 finished with value: -1.7879958648035503 and parameters: {'lr': 0.0006446415705803032, 'batch_size': 32}. Best is trial 28 with value: -2.1882854376750465.
Trainer already configured with model summary callbacks: [<class 'lightning.pytorch.callbacks.rich_model_summary.RichModelSummary'>]. Skipping setting a default `ModelSummary` callback.
GPU available: False, used: False
TPU available: False, using: 0 TPU cores
IPU available: False, using: 0 IPUs
HPU available: False, using: 0 HPUs
`Trainer.fit` stopped: `max_epochs=20` reached.
[I 2025-02-24 14:42:17,285] Trial 58 finished with value: -1.708128704239607 and parameters: {'lr': 0.00036025534192742146, 'batch_size': 32}. Best is trial 28 with value: -2.1882854376750465.
Trainer already configured with model summary callbacks: [<class 'lightning.pytorch.callbacks.rich_model_summary.RichModelSummary'>]. Skipping setting a default `ModelSummary` callback.
GPU available: False, used: False
TPU available: False, using: 0 TPU cores
IPU available: False, using: 0 IPUs
HPU available: False, using: 0 HPUs
[I 2025-02-24 14:42:45,971] Trial 59 pruned. Trial was pruned at epoch 11.
