/home/g15farris/.conda/envs/bnn/lib/python3.12/site-packages/hydra/_internal/instantiate/_instantiate2.py:92: ExperimentalWarning: PatientPruner is experimental (supported from v2.8.0). The interface can change in the future.
  return _target_(*args, **kwargs)
Error executing job with overrides: ['model=hnn', 'datamodule=TiO', 'hpsearch=hnn', 'task_name=hnn_hps_20perc', 'tags=[TiO_20perc]', 'datamodule.valid_split=20']
Error in call to target 'optuna.study.study.create_study':
OperationalError('(sqlite3.OperationalError) unable to open database file')
full_key: hpsearch.study

Set the environment variable HYDRA_FULL_ERROR=1 for a complete stack trace.
Could not override 'study_name'.
To append to your config use +study_name=TiO_20perc
Key 'study_name' is not in struct
    full_key: study_name
    object_type=dict

Set the environment variable HYDRA_FULL_ERROR=1 for a complete stack trace.
/home/g15farris/.conda/envs/bnn/lib/python3.12/site-packages/hydra/_internal/instantiate/_instantiate2.py:92: ExperimentalWarning: PatientPruner is experimental (supported from v2.8.0). The interface can change in the future.
  return _target_(*args, **kwargs)
[I 2025-02-24 14:09:30,390] A new study created in RDB with name: hnn
/home/g15farris/.conda/envs/bnn/lib/python3.12/site-packages/hydra/_internal/instantiate/_instantiate2.py:92: ExperimentalWarning: PatientPruner is experimental (supported from v2.8.0). The interface can change in the future.
  return _target_(*args, **kwargs)
[I 2025-02-24 14:10:37,883] A new study created in RDB with name: TiO_20perc
Trainer already configured with model summary callbacks: [<class 'lightning.pytorch.callbacks.rich_model_summary.RichModelSummary'>]. Skipping setting a default `ModelSummary` callback.
GPU available: False, used: False
TPU available: False, using: 0 TPU cores
IPU available: False, using: 0 IPUs
HPU available: False, using: 0 HPUs
/home/g15farris/.conda/envs/bnn/lib/python3.12/site-packages/lightning/pytorch/loops/fit_loop.py:298: The number of training batches (10) is smaller than the logging interval Trainer(log_every_n_steps=50). Set a lower value for log_every_n_steps if you want to see logs for the training epoch.
`Trainer.fit` stopped: `max_epochs=20` reached.
[I 2025-02-24 14:11:49,104] Trial 0 finished with value: 2.3355860106016912 and parameters: {'lr': 0.00021153673722318394, 'batch_size': 128}. Best is trial 0 with value: 2.3355860106016912.
Trainer already configured with model summary callbacks: [<class 'lightning.pytorch.callbacks.rich_model_summary.RichModelSummary'>]. Skipping setting a default `ModelSummary` callback.
GPU available: False, used: False
TPU available: False, using: 0 TPU cores
IPU available: False, using: 0 IPUs
HPU available: False, using: 0 HPUs
/home/g15farris/.conda/envs/bnn/lib/python3.12/site-packages/lightning/pytorch/loops/fit_loop.py:298: The number of training batches (20) is smaller than the logging interval Trainer(log_every_n_steps=50). Set a lower value for log_every_n_steps if you want to see logs for the training epoch.
`Trainer.fit` stopped: `max_epochs=20` reached.
[I 2025-02-24 14:12:01,547] Trial 1 finished with value: 2.2937168515566357 and parameters: {'lr': 0.0002949201708073891, 'batch_size': 64}. Best is trial 1 with value: 2.2937168515566357.
Trainer already configured with model summary callbacks: [<class 'lightning.pytorch.callbacks.rich_model_summary.RichModelSummary'>]. Skipping setting a default `ModelSummary` callback.
GPU available: False, used: False
TPU available: False, using: 0 TPU cores
IPU available: False, using: 0 IPUs
HPU available: False, using: 0 HPUs
/home/g15farris/.conda/envs/bnn/lib/python3.12/site-packages/lightning/pytorch/loops/fit_loop.py:298: The number of training batches (40) is smaller than the logging interval Trainer(log_every_n_steps=50). Set a lower value for log_every_n_steps if you want to see logs for the training epoch.
`Trainer.fit` stopped: `max_epochs=20` reached.
[I 2025-02-24 14:12:17,138] Trial 2 finished with value: -1.1987925816324585 and parameters: {'lr': 0.0014493825421745437, 'batch_size': 32}. Best is trial 2 with value: -1.1987925816324585.
/home/g15farris/.conda/envs/bnn/lib/python3.12/site-packages/hydra/_internal/instantiate/_instantiate2.py:92: ExperimentalWarning: PatientPruner is experimental (supported from v2.8.0). The interface can change in the future.
  return _target_(*args, **kwargs)
[I 2025-02-24 14:13:15,438] A new study created in RDB with name: hnn_20perc
Trainer already configured with model summary callbacks: [<class 'lightning.pytorch.callbacks.rich_model_summary.RichModelSummary'>]. Skipping setting a default `ModelSummary` callback.
GPU available: False, used: False
TPU available: False, using: 0 TPU cores
IPU available: False, using: 0 IPUs
HPU available: False, using: 0 HPUs
/home/g15farris/.conda/envs/bnn/lib/python3.12/site-packages/lightning/pytorch/loops/fit_loop.py:298: The number of training batches (10) is smaller than the logging interval Trainer(log_every_n_steps=50). Set a lower value for log_every_n_steps if you want to see logs for the training epoch.
`Trainer.fit` stopped: `max_epochs=20` reached.
[I 2025-02-24 14:13:32,871] Trial 0 finished with value: 2.2189454119558336 and parameters: {'lr': 0.00021153673722318394, 'batch_size': 128}. Best is trial 0 with value: 2.2189454119558336.
Trainer already configured with model summary callbacks: [<class 'lightning.pytorch.callbacks.rich_model_summary.RichModelSummary'>]. Skipping setting a default `ModelSummary` callback.
GPU available: False, used: False
TPU available: False, using: 0 TPU cores
IPU available: False, using: 0 IPUs
HPU available: False, using: 0 HPUs
/home/g15farris/.conda/envs/bnn/lib/python3.12/site-packages/lightning/pytorch/loops/fit_loop.py:298: The number of training batches (20) is smaller than the logging interval Trainer(log_every_n_steps=50). Set a lower value for log_every_n_steps if you want to see logs for the training epoch.
`Trainer.fit` stopped: `max_epochs=20` reached.
[I 2025-02-24 14:13:47,315] Trial 1 finished with value: 1.5321926715448868 and parameters: {'lr': 0.0002949201708073891, 'batch_size': 64}. Best is trial 1 with value: 1.5321926715448868.
Trainer already configured with model summary callbacks: [<class 'lightning.pytorch.callbacks.rich_model_summary.RichModelSummary'>]. Skipping setting a default `ModelSummary` callback.
GPU available: False, used: False
TPU available: False, using: 0 TPU cores
IPU available: False, using: 0 IPUs
HPU available: False, using: 0 HPUs
/home/g15farris/.conda/envs/bnn/lib/python3.12/site-packages/lightning/pytorch/loops/fit_loop.py:298: The number of training batches (40) is smaller than the logging interval Trainer(log_every_n_steps=50). Set a lower value for log_every_n_steps if you want to see logs for the training epoch.
Trainer already configured with model summary callbacks: [<class 'lightning.pytorch.callbacks.rich_model_summary.RichModelSummary'>]. Skipping setting a default `ModelSummary` callback.
GPU available: False, used: False
TPU available: False, using: 0 TPU cores
IPU available: False, using: 0 IPUs
HPU available: False, using: 0 HPUs
/home/g15farris/.conda/envs/bnn/lib/python3.12/site-packages/lightning/pytorch/loops/fit_loop.py:298: The number of training batches (49) is smaller than the logging interval Trainer(log_every_n_steps=50). Set a lower value for log_every_n_steps if you want to see logs for the training epoch.
`Trainer.fit` stopped: `max_epochs=20` reached.
[I 2025-02-24 14:14:20,218] Trial 0 finished with value: -0.08474902498500786 and parameters: {'lr': 0.00021153673722318394, 'batch_size': 128}. Best is trial 0 with value: -0.08474902498500786.
Trainer already configured with model summary callbacks: [<class 'lightning.pytorch.callbacks.rich_model_summary.RichModelSummary'>]. Skipping setting a default `ModelSummary` callback.
GPU available: False, used: False
TPU available: False, using: 0 TPU cores
IPU available: False, using: 0 IPUs
HPU available: False, using: 0 HPUs
`Trainer.fit` stopped: `max_epochs=20` reached.
[I 2025-02-24 14:14:35,514] Trial 4 finished with value: -0.2918032868296137 and parameters: {'lr': 0.0038492581955287116, 'batch_size': 128}. Best is trial 2 with value: -1.597307766606588.
Trainer already configured with model summary callbacks: [<class 'lightning.pytorch.callbacks.rich_model_summary.RichModelSummary'>]. Skipping setting a default `ModelSummary` callback.
GPU available: False, used: False
TPU available: False, using: 0 TPU cores
IPU available: False, using: 0 IPUs
HPU available: False, using: 0 HPUs
`Trainer.fit` stopped: `max_epochs=20` reached.
[I 2025-02-24 14:14:49,783] Trial 5 finished with value: -0.5053502800549132 and parameters: {'lr': 0.002996548869421276, 'batch_size': 64}. Best is trial 2 with value: -1.597307766606588.
  Trainer already configured with model summary callbacks: [<class 'lightning.pytorch.callbacks.rich_model_summary.RichModelSummary'>]. Skipping setting a default `ModelSummary` callback.
GPU available: False, used: False
TPU available: False, using: 0 TPU cores
IPU available: False, using: 0 IPUs
HPU available: False, using: 0 HPUs
`Trainer.fit` stopped: `max_epochs=20` reached.
[I 2025-02-24 14:15:12,893] Trial 6 finished with value: -0.1471612965127344 and parameters: {'lr': 0.0002353538053917445, 'batch_size': 32}. Best is trial 2 with value: -1.597307766606588.
Trainer already configured with model summary callbacks: [<class 'lightning.pytorch.callbacks.rich_model_summary.RichModelSummary'>]. Skipping setting a default `ModelSummary` callback.
GPU available: False, used: False
TPU available: False, using: 0 TPU cores
IPU available: False, using: 0 IPUs
HPU available: False, using: 0 HPUs
`Trainer.fit` stopped: `max_epochs=20` reached.
[I 2025-02-24 14:15:29,967] Trial 7 finished with value: 1.8977823816347303 and parameters: {'lr': 0.00012035252278617201, 'batch_size': 32}. Best is trial 2 with value: -1.597307766606588.
Trainer already configured with model summary callbacks: [<class 'lightning.pytorch.callbacks.rich_model_summary.RichModelSummary'>]. Skipping setting a default `ModelSummary` callback.
GPU available: False, used: False
TPU available: False, using: 0 TPU cores
IPU available: False, using: 0 IPUs
HPU available: False, using: 0 HPUs
`Trainer.fit` stopped: `max_epochs=20` reached.
[I 2025-02-24 14:15:42,477] Trial 8 finished with value: 2.596420951925376 and parameters: {'lr': 0.00036315899074972665, 'batch_size': 128}. Best is trial 2 with value: -1.597307766606588.
Trainer already configured with model summary callbacks: [<class 'lightning.pytorch.callbacks.rich_model_summary.RichModelSummary'>]. Skipping setting a default `ModelSummary` callback.
GPU available: False, used: False
TPU available: False, using: 0 TPU cores
IPU available: False, using: 0 IPUs
HPU available: False, using: 0 HPUs
`Trainer.fit` stopped: `max_epochs=20` reached.
[I 2025-02-24 14:15:55,760] Trial 9 finished with value: -0.14649129475029277 and parameters: {'lr': 0.001119476400407963, 'batch_size': 128}. Best is trial 2 with value: -1.597307766606588.
Trainer already configured with model summary callbacks: [<class 'lightning.pytorch.callbacks.rich_model_summary.RichModelSummary'>]. Skipping setting a default `ModelSummary` callback.
GPU available: False, used: False
TPU available: False, using: 0 TPU cores
IPU available: False, using: 0 IPUs
HPU available: False, using: 0 HPUs
`Trainer.fit` stopped: `max_epochs=20` reached.
[I 2025-02-24 14:16:16,875] Trial 4 finished with value: 0.8569162931678513 and parameters: {'lr': 0.0038492581955287116, 'batch_size': 128}. Best is trial 2 with value: -2.0375822063567566.
steps if you want to see logs for the training epoch.
`Trainer.fit` stopped: `max_epochs=20` reached.
[I 2025-02-24 14:16:09,089] Trial 10 finished with value: 3.034497348000031 and parameters: {'lr': 0.0008505839298549267, 'batch_size': 512}. Best is trial 2 with value: -1.597307766606588.
Trainer already configured with model summary callbacks: [<class 'lightning.pytorch.callbacks.rich_model_summary.RichModelSummary'>]. Skipping setting a default `ModelSummary` callback.
GPU available: False, used: False
TPU available: False, using: 0 TPU cores
IPU available: False, using: 0 IPUs
HPU available: False, using: 0 HPUs
`Trainer.fit` stopped: `max_epochs=20` reached.
[I 2025-02-24 14:16:27,055] Trial 11 finished with value: -1.2520010223921254 and parameters: {'lr': 0.0019747301430694743, 'batch_size': 32}. Best is trial 2 with value: -1.597307766606588.
                                                                                              Trainer already configured with model summary callbacks: [<class 'lightning.pytorch.callbacks.rich_model_summary.RichModelSummary'>]. Skipping setting a default `ModelSummary` callback.
GPU available: False, used: False
TPU available: False, using: 0 TPU cores
IPU available: False, using: 0 IPUs
HPU available: False, using: 0 HPUs
/home/g15farris/.conda/envs/bnn/lib/python3.12/site-packages/lightning/pytorch/loops/fit_loop.py:298: The number of training batches (5) is smaller than the logging interval Trainer(log_every_n_steps=50). Set a lower value for log_every_n_steps if you want to see logs for the training epoch.
`Trainer.fit` stopped: `max_epochs=20` reached.
[I 2025-02-24 14:16:39,864] Trial 12 finished with value: 0.7437201782914072 and parameters: {'lr': 0.0013721421554807518, 'batch_size': 256}. Best is trial 2 with value: -1.597307766606588.
Trainer already configured with model summary callbacks: [<class 'lightning.pytorch.callbacks.rich_model_summary.RichModelSummary'>]. Skipping setting a default `ModelSummary` callback.
GPU available: False, used: False
TPU available: False, using: 0 TPU cores
IPU available: False, using: 0 IPUs
HPU available: False, using: 0 HPUs
`Trainer.fit` stopped: `max_epochs=20` reached.
[I 2025-02-24 14:16:58,581] Trial 13 finished with value: -0.9939936595450906 and parameters: {'lr': 0.0005206468258809289, 'batch_size': 32}. Best is trial 2 with value: -1.597307766606588.
Trainer already configured with model summary callbacks: [<class 'lightning.pytorch.callbacks.rich_model_summary.RichModelSummary'>]. Skipping setting a default `ModelSummary` callback.
GPU available: False, used: False
TPU available: False, using: 0 TPU cores
IPU available: False, using: 0 IPUs
HPU available: False, using: 0 HPUs
`Trainer.fit` stopped: `max_epochs=20` reached.
[I 2025-02-24 14:17:15,208] Trial 14 finished with value: -1.2451506283836857 and parameters: {'lr': 0.0017357328611973429, 'batch_size': 32}. Best is trial 2 with value: -1.597307766606588.
Trainer already configured with model summary callbacks: [<class 'lightning.pytorch.callbacks.rich_model_summary.RichModelSummary'>]. Skipping setting a default `ModelSummary` callback.
GPU available: False, used: False
TPU available: False, using: 0 TPU cores
IPU available: False, using: 0 IPUs
HPU available: False, using: 0 HPUs
`Trainer.fit` stopped: `max_epochs=20` reached.
[I 2025-02-24 14:17:27,324] Trial 15 finished with value: 2.1427369478409446 and parameters: {'lr': 0.002537422507952904, 'batch_size': 512}. Best is trial 2 with value: -1.597307766606588.
Trainer already configured with model summary callbacks: [<class 'lightning.pytorch.callbacks.rich_model_summary.RichModelSummary'>]. Skipping setting a default `ModelSummary` callback.
GPU available: False, used: False
TPU available: False, using: 0 TPU cores
IPU available: False, using: 0 IPUs
HPU available: False, using: 0 HPUs
[I 2025-02-24 14:17:38,695] Trial 16 pruned. Trial was pruned at epoch 15.
Trainer already configured with model summary callbacks: [<class 'lightning.pytorch.callbacks.rich_model_summary.RichModelSummary'>]. Skipping setting a default `ModelSummary` callback.
GPU available: False, used: False
TPU available: False, using: 0 TPU cores
IPU available: False, using: 0 IPUs
HPU available: False, using: 0 HPUs
`Trainer.fit` stopped: `max_epochs=20` reached.
[I 2025-02-24 14:17:52,720] Trial 17 finished with value: -0.13243264890461337 and parameters: {'lr': 0.0006881370823882883, 'batch_size': 32}. Best is trial 2 with value: -1.597307766606588.
Trainer already configured with model summary callbacks: [<class 'lightning.pytorch.callbacks.rich_model_summary.RichModelSummary'>]. Skipping setting a default `ModelSummary` callback.
GPU available: False, used: False
TPU available: False, using: 0 TPU cores
IPU available: False, using: 0 IPUs
HPU available: False, using: 0 HPUs
`Trainer.fit` stopped: `max_epochs=20` reached.
[I 2025-02-24 14:18:09,303] Trial 18 finished with value: -1.2345437786515505 and parameters: {'lr': 0.0010182507044434604, 'batch_size': 32}. Best is trial 2 with value: -1.597307766606588.
Trainer already configured with model summary callbacks: [<class 'lightning.pytorch.callbacks.rich_model_summary.RichModelSummary'>]. Skipping setting a default `ModelSummary` callback.
GPU available: False, used: False
TPU available: False, using: 0 TPU cores
IPU available: False, using: 0 IPUs
HPU available: False, using: 0 HPUs
                                                                                                                                                                                                                                                                                                                                             `Trainer.fit` stopped: `max_epochs=20` reached.
[I 2025-02-24 14:18:27,088] Trial 19 finished with value: -0.8010755886439883 and parameters: {'lr': 0.0016160567153707343, 'batch_size': 32}. Best is trial 2 with value: -1.597307766606588.
                                                                                                                                                                                                                                               Trainer already configured with model summary callbacks: [<class 'lightning.pytorch.callbacks.rich_model_summary.RichModelSummary'>]. Skipping setting a default `ModelSummary` callback.
GPU available: False, used: False
TPU available: False, using: 0 TPU cores
IPU available: False, using: 0 IPUs
HPU available: False, using: 0 HPUs
`Trainer.fit` stopped: `max_epochs=20` reached.
[I 2025-02-24 14:18:39,782] Trial 20 finished with value: 2.5191205870655367 and parameters: {'lr': 0.0006186606973892969, 'batch_size': 512}. Best is trial 2 with value: -1.597307766606588.
Trainer already configured with model summary callbacks: [<class 'lightning.pytorch.callbacks.rich_model_summary.RichModelSummary'>]. Skipping setting a default `ModelSummary` callback.
GPU available: False, used: False
TPU available: False, using: 0 TPU cores
IPU available: False, using: 0 IPUs
HPU available: False, using: 0 HPUs
`Trainer.fit` stopped: `max_epochs=20` reached.
[I 2025-02-24 14:18:56,467] Trial 21 finished with value: -1.0466244634690618 and parameters: {'lr': 0.0018582914163723081, 'batch_size': 32}. Best is trial 2 with value: -1.597307766606588.
                                                          Trainer already configured with model summary callbacks: [<class 'lightning.pytorch.callbacks.rich_model_summary.RichModelSummary'>]. Skipping setting a default `ModelSummary` callback.
GPU available: False, used: False
TPU available: False, using: 0 TPU cores
IPU available: False, using: 0 IPUs
HPU available: False, using: 0 HPUs
`Trainer.fit` stopped: `max_epochs=20` reached.
[I 2025-02-24 14:19:14,453] Trial 22 finished with value: -0.967431262125828 and parameters: {'lr': 0.0028457250174418348, 'batch_size': 32}. Best is trial 2 with value: -1.597307766606588.
 Trainer already configured with model summary callbacks: [<class 'lightning.pytorch.callbacks.rich_model_summary.RichModelSummary'>]. Skipping setting a default `ModelSummary` callback.
GPU available: False, used: False
TPU available: False, using: 0 TPU cores
IPU available: False, using: 0 IPUs
HPU available: False, using: 0 HPUs
                                                                                                                                                                                                                                                                                                                                                                                 `Trainer.fit` stopped: `max_epochs=20` reached.
[I 2025-02-24 14:19:31,661] Trial 23 finished with value: -0.9581858942508737 and parameters: {'lr': 0.0011595054696269343, 'batch_size': 32}. Best is trial 2 with value: -1.597307766606588.
Trainer already configured with model summary callbacks: [<class 'lightning.pytorch.callbacks.rich_model_summary.RichModelSummary'>]. Skipping setting a default `ModelSummary` callback.
GPU available: False, used: False
TPU available: False, using: 0 TPU cores
IPU available: False, using: 0 IPUs
HPU available: False, using: 0 HPUs
`Trainer.fit` stopped: `max_epochs=20` reached.
[I 2025-02-24 14:19:48,525] Trial 24 finished with value: -0.5131248001689795 and parameters: {'lr': 0.002213831683814545, 'batch_size': 32}. Best is trial 2 with value: -1.597307766606588.
                                                                                                                                                                                                                                                Trainer already configured with model summary callbacks: [<class 'lightning.pytorch.callbacks.rich_model_summary.RichModelSummary'>]. Skipping setting a default `ModelSummary` callback.
GPU available: False, used: False
TPU available: False, using: 0 TPU cores
IPU available: False, using: 0 IPUs
HPU available: False, using: 0 HPUs
`Trainer.fit` stopped: `max_epochs=20` reached.
