[I 2024-11-28 12:05:33,663] Trial 26 finished with value: 2346.5400390625 and parameters: {'pretrain_epochs': 0, 'lr': 0.0006298049951676878, 'mc_samples_train': 2, 'prior_scale': 0.07652980284920505, 'q_scale': 0.0004384190508164877, 'obs_scale': 0.517154340145321, 'batch_size': 32}. Best is trial 24 with value: 181.57408142089844.
Trainer already configured with model summary callbacks: [<class 'lightning.pytorch.callbacks.rich_model_summary.RichModelSummary'>]. Skipping setting a default `ModelSummary` callback.
GPU available: False, used: False
TPU available: False, using: 0 TPU cores
IPU available: False, using: 0 IPUs
HPU available: False, using: 0 HPUs
`Trainer.fit` stopped: `max_epochs=20` reached.
[I 2024-11-28 12:06:24,771] Trial 27 finished with value: 265.6865234375 and parameters: {'pretrain_epochs': 5, 'lr': 0.00031340311191667343, 'mc_samples_train': 1, 'prior_scale': 0.04673558107514053, 'q_scale': 0.0001567097272021368, 'obs_scale': 1.3221659228676614, 'batch_size': 32}. Best is trial 24 with value: 181.57408142089844.
Trainer already configured with model summary callbacks: [<class 'lightning.pytorch.callbacks.rich_model_summary.RichModelSummary'>]. Skipping setting a default `ModelSummary` callback.
GPU available: False, used: False
TPU available: False, using: 0 TPU cores
IPU available: False, using: 0 IPUs
HPU available: False, using: 0 HPUs
`Trainer.fit` stopped: `max_epochs=20` reached.
[I 2024-11-28 12:07:27,496] Trial 28 finished with value: 1153.6761474609375 and parameters: {'pretrain_epochs': 5, 'lr': 0.0001130855506529453, 'mc_samples_train': 1, 'prior_scale': 0.02042179208923509, 'q_scale': 0.0002217057043966086, 'obs_scale': 0.7924794714016553, 'batch_size': 32}. Best is trial 24 with value: 181.57408142089844.
Trainer already configured with model summary callbacks: [<class 'lightning.pytorch.callbacks.rich_model_summary.RichModelSummary'>]. Skipping setting a default `ModelSummary` callback.
GPU available: False, used: False
TPU available: False, using: 0 TPU cores
IPU available: False, using: 0 IPUs
HPU available: False, using: 0 HPUs
`Trainer.fit` stopped: `max_epochs=20` reached.
[I 2024-11-28 12:08:47,616] Trial 29 finished with value: 4178.701171875 and parameters: {'pretrain_epochs': 5, 'lr': 5.465539784653375e-05, 'mc_samples_train': 1, 'prior_scale': 0.030887461210967932, 'q_scale': 0.000383518181805017, 'obs_scale': 1.323130667065093, 'batch_size': 32}. Best is trial 24 with value: 181.57408142089844.
Trainer already configured with model summary callbacks: [<class 'lightning.pytorch.callbacks.rich_model_summary.RichModelSummary'>]. Skipping setting a default `ModelSummary` callback.
GPU available: False, used: False
TPU available: False, using: 0 TPU cores
IPU available: False, using: 0 IPUs
HPU available: False, using: 0 HPUs
`Trainer.fit` stopped: `max_epochs=20` reached.
[I 2024-11-28 12:09:10,430] Trial 30 finished with value: 14004.744140625 and parameters: {'pretrain_epochs': 5, 'lr': 0.0007374455166076234, 'mc_samples_train': 1, 'prior_scale': 0.035393920946278495, 'q_scale': 0.00014884150560246032, 'obs_scale': 0.4753457197961466, 'batch_size': 256}. Best is trial 24 with value: 181.57408142089844.
Trainer already configured with model summary callbacks: [<class 'lightning.pytorch.callbacks.rich_model_summary.RichModelSummary'>]. Skipping setting a default `ModelSummary` callback.
GPU available: False, used: False
TPU available: False, using: 0 TPU cores
IPU available: False, using: 0 IPUs
HPU available: False, using: 0 HPUs
`Trainer.fit` stopped: `max_epochs=20` reached.
[I 2024-11-28 12:10:01,727] Trial 31 finished with value: 237.03866577148438 and parameters: {'pretrain_epochs': 5, 'lr': 0.0003590033195434328, 'mc_samples_train': 1, 'prior_scale': 0.05533267646046374, 'q_scale': 0.0001500557403703246, 'obs_scale': 1.316270275734023, 'batch_size': 32}. Best is trial 24 with value: 181.57408142089844.
Trainer already configured with model summary callbacks: [<class 'lightning.pytorch.callbacks.rich_model_summary.RichModelSummary'>]. Skipping setting a default `ModelSummary` callback.
GPU available: False, used: False
TPU available: False, using: 0 TPU cores
IPU available: False, using: 0 IPUs
HPU available: False, using: 0 HPUs
`Trainer.fit` stopped: `max_epochs=20` reached.
[I 2024-11-28 12:11:06,749] Trial 32 finished with value: 197.07904052734375 and parameters: {'pretrain_epochs': 5, 'lr': 0.00047397580431948505, 'mc_samples_train': 1, 'prior_scale': 0.05726837752645235, 'q_scale': 0.00014126422096359494, 'obs_scale': 0.8581123668323366, 'batch_size': 32}. Best is trial 24 with value: 181.57408142089844.
Trainer already configured with model summary callbacks: [<class 'lightning.pytorch.callbacks.rich_model_summary.RichModelSummary'>]. Skipping setting a default `ModelSummary` callback.
GPU available: False, used: False
TPU available: False, using: 0 TPU cores
IPU available: False, using: 0 IPUs
HPU available: False, using: 0 HPUs
`Trainer.fit` stopped: `max_epochs=20` reached.
[I 2024-11-28 12:11:57,535] Trial 33 finished with value: 379.5278015136719 and parameters: {'pretrain_epochs': 5, 'lr': 0.0002027217214089206, 'mc_samples_train': 1, 'prior_scale': 0.059213050151263, 'q_scale': 0.00014421992612685458, 'obs_scale': 1.1822053830165824, 'batch_size': 32}. Best is trial 24 with value: 181.57408142089844.
Trainer already configured with model summary callbacks: [<class 'lightning.pytorch.callbacks.rich_model_summary.RichModelSummary'>]. Skipping setting a default `ModelSummary` callback.
GPU available: False, used: False
TPU available: False, using: 0 TPU cores
IPU available: False, using: 0 IPUs
HPU available: False, using: 0 HPUs
`Trainer.fit` stopped: `max_epochs=20` reached.
[I 2024-11-28 12:12:16,410] Trial 34 finished with value: 778961.1875 and parameters: {'pretrain_epochs': 0, 'lr': 0.00046799587756732514, 'mc_samples_train': 1, 'prior_scale': 0.11074279530114882, 'q_scale': 0.00013400414271584797, 'obs_scale': 0.3423495612207277, 'batch_size': 512}. Best is trial 24 with value: 181.57408142089844.
Trainer already configured with model summary callbacks: [<class 'lightning.pytorch.callbacks.rich_model_summary.RichModelSummary'>]. Skipping setting a default `ModelSummary` callback.
GPU available: False, used: False
TPU available: False, using: 0 TPU cores
IPU available: False, using: 0 IPUs
HPU available: False, using: 0 HPUs
`Trainer.fit` stopped: `max_epochs=20` reached.
[I 2024-11-28 12:12:39,667] Trial 35 finished with value: 36141.41015625 and parameters: {'pretrain_epochs': 5, 'lr': 0.0003122643157544166, 'mc_samples_train': 2, 'prior_scale': 0.05054509751383798, 'q_scale': 0.00020946112860912935, 'obs_scale': 0.9770787213992793, 'batch_size': 256}. Best is trial 24 with value: 181.57408142089844.
Trainer already configured with model summary callbacks: [<class 'lightning.pytorch.callbacks.rich_model_summary.RichModelSummary'>]. Skipping setting a default `ModelSummary` callback.
GPU available: False, used: False
TPU available: False, using: 0 TPU cores
IPU available: False, using: 0 IPUs
HPU available: False, using: 0 HPUs
`Trainer.fit` stopped: `max_epochs=20` reached.
[I 2024-11-28 12:13:12,981] Trial 36 finished with value: 651.0009765625 and parameters: {'pretrain_epochs': 5, 'lr': 0.00014931547612611468, 'mc_samples_train': 1, 'prior_scale': 0.07056527634743119, 'q_scale': 0.0005192049163578535, 'obs_scale': 1.56760276882537, 'batch_size': 64}. Best is trial 24 with value: 181.57408142089844.
Trainer already configured with model summary callbacks: [<class 'lightning.pytorch.callbacks.rich_model_summary.RichModelSummary'>]. Skipping setting a default `ModelSummary` callback.
GPU available: False, used: False
TPU available: False, using: 0 TPU cores
IPU available: False, using: 0 IPUs
HPU available: False, using: 0 HPUs
`Trainer.fit` stopped: `max_epochs=20` reached.
[I 2024-11-28 12:13:36,875] Trial 37 finished with value: 24339.30859375 and parameters: {'pretrain_epochs': 0, 'lr': 8.031721150312077e-05, 'mc_samples_train': 1, 'prior_scale': 0.09040702873793187, 'q_scale': 0.00022207937100425114, 'obs_scale': 1.1478515988506368, 'batch_size': 128}. Best is trial 24 with value: 181.57408142089844.
Trainer already configured with model summary callbacks: [<class 'lightning.pytorch.callbacks.rich_model_summary.RichModelSummary'>]. Skipping setting a default `ModelSummary` callback.
GPU available: False, used: False
TPU available: False, using: 0 TPU cores
IPU available: False, using: 0 IPUs
HPU available: False, using: 0 HPUs
`Trainer.fit` stopped: `max_epochs=20` reached.
[I 2024-11-28 12:15:02,801] Trial 38 finished with value: 114.83016967773438 and parameters: {'pretrain_epochs': 5, 'lr': 0.0007907836420514082, 'mc_samples_train': 2, 'prior_scale': 0.06323634222536433, 'q_scale': 0.0003222891785364371, 'obs_scale': 0.8214153323932953, 'batch_size': 32}. Best is trial 38 with value: 114.83016967773438.
Trainer already configured with model summary callbacks: [<class 'lightning.pytorch.callbacks.rich_model_summary.RichModelSummary'>]. Skipping setting a default `ModelSummary` callback.
GPU available: False, used: False
TPU available: False, using: 0 TPU cores
IPU available: False, using: 0 IPUs
HPU available: False, using: 0 HPUs
`Trainer.fit` stopped: `max_epochs=20` reached.
[I 2024-11-28 12:15:53,053] Trial 39 finished with value: 23828.609375 and parameters: {'pretrain_epochs': 0, 'lr': 2.2658882311763373e-05, 'mc_samples_train': 2, 'prior_scale': 0.15827383999943515, 'q_scale': 0.0009652673539406904, 'obs_scale': 0.8469874508556762, 'batch_size': 64}. Best is trial 38 with value: 114.83016967773438.
Trainer already configured with model summary callbacks: [<class 'lightning.pytorch.callbacks.rich_model_summary.RichModelSummary'>]. Skipping setting a default `ModelSummary` callback.
GPU available: False, used: False
TPU available: False, using: 0 TPU cores
IPU available: False, using: 0 IPUs
HPU available: False, using: 0 HPUs
`Trainer.fit` stopped: `max_epochs=20` reached.
[I 2024-11-28 12:16:17,474] Trial 40 finished with value: 36283.33203125 and parameters: {'pretrain_epochs': 5, 'lr': 0.0008339921875782832, 'mc_samples_train': 2, 'prior_scale': 0.1395558122659741, 'q_scale': 0.00034464453045616013, 'obs_scale': 0.3483274507923578, 'batch_size': 256}. Best is trial 38 with value: 114.83016967773438.
Trainer already configured with model summary callbacks: [<class 'lightning.pytorch.callbacks.rich_model_summary.RichModelSummary'>]. Skipping setting a default `ModelSummary` callback.
GPU available: False, used: False
TPU available: False, using: 0 TPU cores
IPU available: False, using: 0 IPUs
HPU available: False, using: 0 HPUs
`Trainer.fit` stopped: `max_epochs=20` reached.
[I 2024-11-28 12:17:25,897] Trial 41 finished with value: 141.23443603515625 and parameters: {'pretrain_epochs': 5, 'lr': 0.0007632533534796608, 'mc_samples_train': 2, 'prior_scale': 0.06127425064308496, 'q_scale': 0.0001229718063537162, 'obs_scale': 1.1093579824177058, 'batch_size': 32}. Best is trial 38 with value: 114.83016967773438.
Trainer already configured with model summary callbacks: [<class 'lightning.pytorch.callbacks.rich_model_summary.RichModelSummary'>]. Skipping setting a default `ModelSummary` callback.
GPU available: False, used: False
TPU available: False, using: 0 TPU cores
IPU available: False, using: 0 IPUs
HPU available: False, using: 0 HPUs
`Trainer.fit` stopped: `max_epochs=20` reached.
[I 2024-11-28 12:18:27,471] Trial 42 finished with value: 128.1669921875 and parameters: {'pretrain_epochs': 5, 'lr': 0.0007810047860749132, 'mc_samples_train': 2, 'prior_scale': 0.06331148265850886, 'q_scale': 0.00012648681105424564, 'obs_scale': 1.0598103130121626, 'batch_size': 32}. Best is trial 38 with value: 114.83016967773438.
Trainer already configured with model summary callbacks: [<class 'lightning.pytorch.callbacks.rich_model_summary.RichModelSummary'>]. Skipping setting a default `ModelSummary` callback.
GPU available: False, used: False
TPU available: False, using: 0 TPU cores
IPU available: False, using: 0 IPUs
HPU available: False, using: 0 HPUs
`Trainer.fit` stopped: `max_epochs=20` reached.
[I 2024-11-28 12:19:48,783] Trial 43 finished with value: 129.42489624023438 and parameters: {'pretrain_epochs': 5, 'lr': 0.0007245120799197799, 'mc_samples_train': 2, 'prior_scale': 0.06698275297120657, 'q_scale': 0.00013278527152892235, 'obs_scale': 1.0837316196677358, 'batch_size': 32}. Best is trial 38 with value: 114.83016967773438.
Trainer already configured with model summary callbacks: [<class 'lightning.pytorch.callbacks.rich_model_summary.RichModelSummary'>]. Skipping setting a default `ModelSummary` callback.
GPU available: False, used: False
TPU available: False, using: 0 TPU cores
IPU available: False, using: 0 IPUs
HPU available: False, using: 0 HPUs
`Trainer.fit` stopped: `max_epochs=20` reached.
[I 2024-11-28 12:20:57,947] Trial 44 finished with value: 122.5661849975586 and parameters: {'pretrain_epochs': 5, 'lr': 0.0007109593593485903, 'mc_samples_train': 2, 'prior_scale': 0.0682092094501062, 'q_scale': 0.0001226462873915921, 'obs_scale': 1.1203572395972674, 'batch_size': 32}. Best is trial 38 with value: 114.83016967773438.
Trainer already configured with model summary callbacks: [<class 'lightning.pytorch.callbacks.rich_model_summary.RichModelSummary'>]. Skipping setting a default `ModelSummary` callback.
GPU available: False, used: False
TPU available: False, using: 0 TPU cores
IPU available: False, using: 0 IPUs
HPU available: False, using: 0 HPUs
`Trainer.fit` stopped: `max_epochs=20` reached.
[I 2024-11-28 12:22:30,978] Trial 45 finished with value: 94.12403106689453 and parameters: {'pretrain_epochs': 5, 'lr': 0.0007892292501819303, 'mc_samples_train': 2, 'prior_scale': 0.09520703526103874, 'q_scale': 0.002290405685846643, 'obs_scale': 1.0853562544854425, 'batch_size': 32}. Best is trial 45 with value: 94.12403106689453.
Trainer already configured with model summary callbacks: [<class 'lightning.pytorch.callbacks.rich_model_summary.RichModelSummary'>]. Skipping setting a default `ModelSummary` callback.
GPU available: False, used: False
TPU available: False, using: 0 TPU cores
IPU available: False, using: 0 IPUs
HPU available: False, using: 0 HPUs
`Trainer.fit` stopped: `max_epochs=20` reached.
[I 2024-11-28 12:22:59,142] Trial 46 finished with value: 809.02294921875 and parameters: {'pretrain_epochs': 5, 'lr': 0.0007726060276836364, 'mc_samples_train': 2, 'prior_scale': 0.09686247335434338, 'q_scale': 0.003149800988944712, 'obs_scale': 1.6526027995042674, 'batch_size': 128}. Best is trial 45 with value: 94.12403106689453.
Trainer already configured with model summary callbacks: [<class 'lightning.pytorch.callbacks.rich_model_summary.RichModelSummary'>]. Skipping setting a default `ModelSummary` callback.
GPU available: False, used: False
TPU available: False, using: 0 TPU cores
IPU available: False, using: 0 IPUs
HPU available: False, using: 0 HPUs
`Trainer.fit` stopped: `max_epochs=20` reached.
[I 2024-11-28 12:24:05,752] Trial 47 finished with value: 116.32831573486328 and parameters: {'pretrain_epochs': 5, 'lr': 0.0005442403629372462, 'mc_samples_train': 2, 'prior_scale': 0.1292581370465642, 'q_scale': 0.00682186739889526, 'obs_scale': 1.0670184963468017, 'batch_size': 32}. Best is trial 45 with value: 94.12403106689453.
Trainer already configured with model summary callbacks: [<class 'lightning.pytorch.callbacks.rich_model_summary.RichModelSummary'>]. Skipping setting a default `ModelSummary` callback.
GPU available: False, used: False
TPU available: False, using: 0 TPU cores
IPU available: False, using: 0 IPUs
HPU available: False, using: 0 HPUs
`Trainer.fit` stopped: `max_epochs=20` reached.
[I 2024-11-28 12:24:47,349] Trial 48 finished with value: 2865.593017578125 and parameters: {'pretrain_epochs': 0, 'lr': 0.0005114292950260654, 'mc_samples_train': 2, 'prior_scale': 0.203122738309256, 'q_scale': 0.009008244224643632, 'obs_scale': 1.52985571396277, 'batch_size': 64}. Best is trial 45 with value: 94.12403106689453.
Trainer already configured with model summary callbacks: [<class 'lightning.pytorch.callbacks.rich_model_summary.RichModelSummary'>]. Skipping setting a default `ModelSummary` callback.
GPU available: False, used: False
TPU available: False, using: 0 TPU cores
IPU available: False, using: 0 IPUs
HPU available: False, using: 0 HPUs
[I 2024-11-28 12:25:01,303] Trial 49 pruned. Trial was pruned at epoch 4.
Trainer already configured with model summary callbacks: [<class 'lightning.pytorch.callbacks.rich_model_summary.RichModelSummary'>]. Skipping setting a default `ModelSummary` callback.
GPU available: False, used: False
TPU available: False, using: 0 TPU cores
IPU available: False, using: 0 IPUs
HPU available: False, using: 0 HPUs
`Trainer.fit` stopped: `max_epochs=20` reached.
[I 2024-11-28 12:26:07,136] Trial 50 finished with value: 113.7361831665039 and parameters: {'pretrain_epochs': 5, 'lr': 0.0003718213149103792, 'mc_samples_train': 2, 'prior_scale': 0.11929645724486387, 'q_scale': 0.0023344551140925267, 'obs_scale': 1.0069392172265743, 'batch_size': 32}. Best is trial 45 with value: 94.12403106689453.
Trainer already configured with model summary callbacks: [<class 'lightning.pytorch.callbacks.rich_model_summary.RichModelSummary'>]. Skipping setting a default `ModelSummary` callback.
GPU available: False, used: False
TPU available: False, using: 0 TPU cores
IPU available: False, using: 0 IPUs
HPU available: False, using: 0 HPUs
`Trainer.fit` stopped: `max_epochs=20` reached.
[I 2024-11-28 12:27:08,773] Trial 51 finished with value: 130.67359924316406 and parameters: {'pretrain_epochs': 5, 'lr': 0.00037713293369229505, 'mc_samples_train': 2, 'prior_scale': 0.1324546034842874, 'q_scale': 0.0018284658841550808, 'obs_scale': 1.0444237446016407, 'batch_size': 32}. Best is trial 45 with value: 94.12403106689453.
Trainer already configured with model summary callbacks: [<class 'lightning.pytorch.callbacks.rich_model_summary.RichModelSummary'>]. Skipping setting a default `ModelSummary` callback.
GPU available: False, used: False
TPU available: False, using: 0 TPU cores
IPU available: False, using: 0 IPUs
HPU available: False, using: 0 HPUs
`Trainer.fit` stopped: `max_epochs=20` reached.
[I 2024-11-28 12:28:11,595] Trial 52 finished with value: 109.26459503173828 and parameters: {'pretrain_epochs': 5, 'lr': 0.000603206818813224, 'mc_samples_train': 2, 'prior_scale': 0.08821058063960838, 'q_scale': 0.003762824811631957, 'obs_scale': 1.2460667126869271, 'batch_size': 32}. Best is trial 45 with value: 94.12403106689453.
Trainer already configured with model summary callbacks: [<class 'lightning.pytorch.callbacks.rich_model_summary.RichModelSummary'>]. Skipping setting a default `ModelSummary` callback.
GPU available: False, used: False
TPU available: False, using: 0 TPU cores
IPU available: False, using: 0 IPUs
HPU available: False, using: 0 HPUs
`Trainer.fit` stopped: `max_epochs=20` reached.
[I 2024-11-28 12:29:18,291] Trial 53 finished with value: 172.81951904296875 and parameters: {'pretrain_epochs': 5, 'lr': 0.0005740256667070738, 'mc_samples_train': 2, 'prior_scale': 0.08801641086990748, 'q_scale': 0.005085846881553687, 'obs_scale': 1.1945093640180675, 'batch_size': 32}. Best is trial 45 with value: 94.12403106689453.
Trainer already configured with model summary callbacks: [<class 'lightning.pytorch.callbacks.rich_model_summary.RichModelSummary'>]. Skipping setting a default `ModelSummary` callback.
GPU available: False, used: False
TPU available: False, using: 0 TPU cores
IPU available: False, using: 0 IPUs
HPU available: False, using: 0 HPUs
`Trainer.fit` stopped: `max_epochs=20` reached.
[I 2024-11-28 12:30:23,469] Trial 54 finished with value: 1626.2752685546875 and parameters: {'pretrain_epochs': 5, 'lr': 0.00045916958054773927, 'mc_samples_train': 2, 'prior_scale': 0.12415277715845997, 'q_scale': 0.002756448920254923, 'obs_scale': 0.2119981434021427, 'batch_size': 32}. Best is trial 45 with value: 94.12403106689453.
Trainer already configured with model summary callbacks: [<class 'lightning.pytorch.callbacks.rich_model_summary.RichModelSummary'>]. Skipping setting a default `ModelSummary` callback.
GPU available: False, used: False
TPU available: False, using: 0 TPU cores
IPU available: False, using: 0 IPUs
HPU available: False, using: 0 HPUs
`Trainer.fit` stopped: `max_epochs=20` reached.
[I 2024-11-28 12:31:35,845] Trial 55 finished with value: 376.0943603515625 and parameters: {'pretrain_epochs': 5, 'lr': 0.00023452585929942363, 'mc_samples_train': 2, 'prior_scale': 0.15573745289608676, 'q_scale': 0.002157503021653378, 'obs_scale': 1.4141278459453983, 'batch_size': 32}. Best is trial 45 with value: 94.12403106689453.
Trainer already configured with model summary callbacks: [<class 'lightning.pytorch.callbacks.rich_model_summary.RichModelSummary'>]. Skipping setting a default `ModelSummary` callback.
GPU available: False, used: False
TPU available: False, using: 0 TPU cores
IPU available: False, using: 0 IPUs
HPU available: False, using: 0 HPUs
`Trainer.fit` stopped: `max_epochs=20` reached.
[I 2024-11-28 12:32:43,966] Trial 56 finished with value: 104.61642456054688 and parameters: {'pretrain_epochs': 5, 'lr': 0.0006174313330758462, 'mc_samples_train': 2, 'prior_scale': 0.25503222573758055, 'q_scale': 0.003532110460431399, 'obs_scale': 1.7686548562006532, 'batch_size': 32}. Best is trial 45 with value: 94.12403106689453.
Trainer already configured with model summary callbacks: [<class 'lightning.pytorch.callbacks.rich_model_summary.RichModelSummary'>]. Skipping setting a default `ModelSummary` callback.
GPU available: False, used: False
TPU available: False, using: 0 TPU cores
IPU available: False, using: 0 IPUs
HPU available: False, using: 0 HPUs
`Trainer.fit` stopped: `max_epochs=20` reached.
