[I 2024-11-28 12:33:58,048] Trial 57 finished with value: 452.4774169921875 and parameters: {'pretrain_epochs': 5, 'lr': 0.00041604280848580964, 'mc_samples_train': 2, 'prior_scale': 0.27603630779247607, 'q_scale': 0.0035395835554952004, 'obs_scale': 1.7208807445374013, 'batch_size': 32}. Best is trial 45 with value: 94.12403106689453.
Trainer already configured with model summary callbacks: [<class 'lightning.pytorch.callbacks.rich_model_summary.RichModelSummary'>]. Skipping setting a default `ModelSummary` callback.
GPU available: False, used: False
TPU available: False, using: 0 TPU cores
IPU available: False, using: 0 IPUs
HPU available: False, using: 0 HPUs
`Trainer.fit` stopped: `max_epochs=20` reached.
[I 2024-11-28 12:35:02,775] Trial 58 finished with value: 94.80198669433594 and parameters: {'pretrain_epochs': 5, 'lr': 0.0003316100653634292, 'mc_samples_train': 2, 'prior_scale': 0.2645208487022466, 'q_scale': 0.0047150073297010054, 'obs_scale': 1.8334206921765754, 'batch_size': 32}. Best is trial 45 with value: 94.12403106689453.
Trainer already configured with model summary callbacks: [<class 'lightning.pytorch.callbacks.rich_model_summary.RichModelSummary'>]. Skipping setting a default `ModelSummary` callback.
GPU available: False, used: False
TPU available: False, using: 0 TPU cores
IPU available: False, using: 0 IPUs
HPU available: False, using: 0 HPUs
`Trainer.fit` stopped: `max_epochs=20` reached.
[I 2024-11-28 12:36:04,794] Trial 59 finished with value: 95.9330825805664 and parameters: {'pretrain_epochs': 5, 'lr': 0.00033291034666772633, 'mc_samples_train': 2, 'prior_scale': 0.3896265323507242, 'q_scale': 0.004583090015994247, 'obs_scale': 1.8452727313947415, 'batch_size': 32}. Best is trial 45 with value: 94.12403106689453.
