In 'hpsearch': Could not find 'hpsearch/Ti_bnn_fo'

Available options in 'hpsearch':
	bnn_fo
	bnn_lrt
	bnn_rad
Config search path:
	provider=hydra, path=pkg://hydra.conf
	provider=main, path=file:///home/g15farris/bin/bayesaenet/bnn_aenet/configs
	provider=hydra-colorlog, path=pkg://hydra_plugins.hydra_colorlog.conf
	provider=schema, path=structured://

Set the environment variable HYDRA_FULL_ERROR=1 for a complete stack trace.
/home/g15farris/.conda/envs/bnn/lib/python3.12/site-packages/hydra/_internal/instantiate/_instantiate2.py:92: ExperimentalWarning: PatientPruner is experimental (supported from v2.8.0). The interface can change in the future.
  return _target_(*args, **kwargs)
[I 2024-11-28 11:46:36,370] A new study created in RDB with name: bnn_fo
Trainer already configured with model summary callbacks: [<class 'lightning.pytorch.callbacks.rich_model_summary.RichModelSummary'>]. Skipping setting a default `ModelSummary` callback.
GPU available: False, used: False
TPU available: False, using: 0 TPU cores
IPU available: False, using: 0 IPUs
HPU available: False, using: 0 HPUs
/home/g15farris/.conda/envs/bnn/lib/python3.12/site-packages/lightning/pytorch/core/optimizer.py:181: `LightningModule.configure_optimizers` returned `None`, this fit will run with no optimizer
/home/g15farris/.conda/envs/bnn/lib/python3.12/site-packages/lightning/pytorch/loops/fit_loop.py:298: The number of training batches (12) is smaller than the logging interval Trainer(log_every_n_steps=50). Set a lower value for log_every_n_steps if you want to see logs for the training epoch.
/home/g15farris/.conda/envs/bnn/lib/python3.12/site-packages/tyxe/likelihoods.py:260: UserWarning: var(): degrees of freedom is <= 0. Correction should be strictly less than the reduction factor (input numel divided by output numel). (Triggered internally at ../aten/src/ATen/native/ReduceOps.cpp:1807.)
  scale = predictions.var(dim).add(self.scale ** 2).sqrt()
/home/g15farris/.conda/envs/bnn/lib/python3.12/site-packages/lightning/pytorch/loops/optimization/automatic.py:132: `training_step` returned `None`. If this was on purpose, ignore this warning...
`Trainer.fit` stopped: `max_epochs=20` reached.
[I 2024-11-28 11:47:30,287] Trial 0 finished with value: 3057.181640625 and parameters: {'pretrain_epochs': 5, 'lr': 7.50681093606854e-05, 'mc_samples_train': 1, 'prior_scale': 0.029048697214318013, 'q_scale': 0.0003572140318996377, 'obs_scale': 1.1047391773518673, 'batch_size': 32}. Best is trial 0 with value: 3057.181640625.
Trainer already configured with model summary callbacks: [<class 'lightning.pytorch.callbacks.rich_model_summary.RichModelSummary'>]. Skipping setting a default `ModelSummary` callback.
GPU available: False, used: False
TPU available: False, using: 0 TPU cores
IPU available: False, using: 0 IPUs
HPU available: False, using: 0 HPUs
/home/g15farris/.conda/envs/bnn/lib/python3.12/site-packages/lightning/pytorch/loops/fit_loop.py:298: The number of training batches (2) is smaller than the logging interval Trainer(log_every_n_steps=50). Set a lower value for log_every_n_steps if you want to see logs for the training epoch.
`Trainer.fit` stopped: `max_epochs=20` reached.
[I 2024-11-28 11:47:50,288] Trial 1 finished with value: 726082.8125 and parameters: {'pretrain_epochs': 0, 'lr': 0.0001325538578998538, 'mc_samples_train': 1, 'prior_scale': 0.20559343783957656, 'q_scale': 0.0058248182837850404, 'obs_scale': 0.29835107709343195, 'batch_size': 256}. Best is trial 0 with value: 3057.181640625.
Trainer already configured with model summary callbacks: [<class 'lightning.pytorch.callbacks.rich_model_summary.RichModelSummary'>]. Skipping setting a default `ModelSummary` callback.
GPU available: False, used: False
TPU available: False, using: 0 TPU cores
IPU available: False, using: 0 IPUs
HPU available: False, using: 0 HPUs
`Trainer.fit` stopped: `max_epochs=20` reached.
[I 2024-11-28 11:48:13,378] Trial 2 finished with value: 5794264.5 and parameters: {'pretrain_epochs': 5, 'lr': 4.3020182095898586e-05, 'mc_samples_train': 2, 'prior_scale': 0.05508654872763757, 'q_scale': 0.004020640881061957, 'obs_scale': 0.1538313853200085, 'batch_size': 256}. Best is trial 0 with value: 3057.181640625.
Trainer already configured with model summary callbacks: [<class 'lightning.pytorch.callbacks.rich_model_summary.RichModelSummary'>]. Skipping setting a default `ModelSummary` callback.
GPU available: False, used: False
TPU available: False, using: 0 TPU cores
IPU available: False, using: 0 IPUs
HPU available: False, using: 0 HPUs
/home/g15farris/.conda/envs/bnn/lib/python3.12/site-packages/lightning/pytorch/loops/fit_loop.py:298: The number of training batches (1) is smaller than the logging interval Trainer(log_every_n_steps=50). Set a lower value for log_every_n_steps if you want to see logs for the training epoch.
`Trainer.fit` stopped: `max_epochs=20` reached.
[I 2024-11-28 11:48:35,024] Trial 3 finished with value: 7793916.0 and parameters: {'pretrain_epochs': 0, 'lr': 2.336545096950015e-05, 'mc_samples_train': 2, 'prior_scale': 0.1023881426733586, 'q_scale': 0.001165790000863127, 'obs_scale': 0.11385861721302043, 'batch_size': 512}. Best is trial 0 with value: 3057.181640625.
Trainer already configured with model summary callbacks: [<class 'lightning.pytorch.callbacks.rich_model_summary.RichModelSummary'>]. Skipping setting a default `ModelSummary` callback.
GPU available: False, used: False
TPU available: False, using: 0 TPU cores
IPU available: False, using: 0 IPUs
HPU available: False, using: 0 HPUs
/home/g15farris/.conda/envs/bnn/lib/python3.12/site-packages/lightning/pytorch/loops/fit_loop.py:298: The number of training batches (6) is smaller than the logging interval Trainer(log_every_n_steps=50). Set a lower value for log_every_n_steps if you want to see logs for the training epoch.
`Trainer.fit` stopped: `max_epochs=20` reached.
[I 2024-11-28 11:49:05,742] Trial 4 finished with value: 6599.17529296875 and parameters: {'pretrain_epochs': 0, 'lr': 0.00017174472922154303, 'mc_samples_train': 1, 'prior_scale': 0.48474869983391317, 'q_scale': 0.008271866644681318, 'obs_scale': 1.0724303485094406, 'batch_size': 64}. Best is trial 0 with value: 3057.181640625.
Trainer already configured with model summary callbacks: [<class 'lightning.pytorch.callbacks.rich_model_summary.RichModelSummary'>]. Skipping setting a default `ModelSummary` callback.
GPU available: False, used: False
TPU available: False, using: 0 TPU cores
IPU available: False, using: 0 IPUs
HPU available: False, using: 0 HPUs
/home/g15farris/.conda/envs/bnn/lib/python3.12/site-packages/lightning/pytorch/loops/fit_loop.py:298: The number of training batches (3) is smaller than the logging interval Trainer(log_every_n_steps=50). Set a lower value for log_every_n_steps if you want to see logs for the training epoch.
`Trainer.fit` stopped: `max_epochs=20` reached.
[I 2024-11-28 11:49:28,550] Trial 5 finished with value: 5738.3369140625 and parameters: {'pretrain_epochs': 5, 'lr': 0.0009204696704635324, 'mc_samples_train': 1, 'prior_scale': 0.17977467814503606, 'q_scale': 0.0014948832198169292, 'obs_scale': 0.4107788493789703, 'batch_size': 128}. Best is trial 0 with value: 3057.181640625.
Trainer already configured with model summary callbacks: [<class 'lightning.pytorch.callbacks.rich_model_summary.RichModelSummary'>]. Skipping setting a default `ModelSummary` callback.
GPU available: False, used: False
TPU available: False, using: 0 TPU cores
IPU available: False, using: 0 IPUs
HPU available: False, using: 0 HPUs
`Trainer.fit` stopped: `max_epochs=20` reached.
[I 2024-11-28 11:50:07,235] Trial 6 finished with value: 824058.1875 and parameters: {'pretrain_epochs': 5, 'lr': 7.478015213333154e-05, 'mc_samples_train': 2, 'prior_scale': 0.1156399334005538, 'q_scale': 0.002582231235363856, 'obs_scale': 0.15665279892931577, 'batch_size': 64}. Best is trial 0 with value: 3057.181640625.
Trainer already configured with model summary callbacks: [<class 'lightning.pytorch.callbacks.rich_model_summary.RichModelSummary'>]. Skipping setting a default `ModelSummary` callback.
GPU available: False, used: False
TPU available: False, using: 0 TPU cores
IPU available: False, using: 0 IPUs
HPU available: False, using: 0 HPUs
`Trainer.fit` stopped: `max_epochs=20` reached.
[I 2024-11-28 11:50:28,485] Trial 7 finished with value: 4091232.5 and parameters: {'pretrain_epochs': 0, 'lr': 0.0007995719083844353, 'mc_samples_train': 2, 'prior_scale': 0.0816845546830656, 'q_scale': 0.004349147472454846, 'obs_scale': 0.11866131541331688, 'batch_size': 256}. Best is trial 0 with value: 3057.181640625.
Trainer already configured with model summary callbacks: [<class 'lightning.pytorch.callbacks.rich_model_summary.RichModelSummary'>]. Skipping setting a default `ModelSummary` callback.
GPU available: False, used: False
TPU available: False, using: 0 TPU cores
IPU available: False, using: 0 IPUs
HPU available: False, using: 0 HPUs
`Trainer.fit` stopped: `max_epochs=20` reached.
[I 2024-11-28 11:50:59,852] Trial 8 finished with value: 596671.1875 and parameters: {'pretrain_epochs': 0, 'lr': 1.1462886732717548e-05, 'mc_samples_train': 1, 'prior_scale': 0.4124747947662307, 'q_scale': 0.00044814115470497614, 'obs_scale': 0.17860915820030454, 'batch_size': 64}. Best is trial 0 with value: 3057.181640625.
Trainer already configured with model summary callbacks: [<class 'lightning.pytorch.callbacks.rich_model_summary.RichModelSummary'>]. Skipping setting a default `ModelSummary` callback.
GPU available: False, used: False
TPU available: False, using: 0 TPU cores
IPU available: False, using: 0 IPUs
HPU available: False, using: 0 HPUs
`Trainer.fit` stopped: `max_epochs=20` reached.
[I 2024-11-28 11:51:28,483] Trial 9 finished with value: 178157.90625 and parameters: {'pretrain_epochs': 5, 'lr': 0.0002588548618299899, 'mc_samples_train': 2, 'prior_scale': 0.21075404848706095, 'q_scale': 0.0015787361777166986, 'obs_scale': 0.23920082660450653, 'batch_size': 128}. Best is trial 0 with value: 3057.181640625.
Trainer already configured with model summary callbacks: [<class 'lightning.pytorch.callbacks.rich_model_summary.RichModelSummary'>]. Skipping setting a default `ModelSummary` callback.
GPU available: False, used: False
TPU available: False, using: 0 TPU cores
IPU available: False, using: 0 IPUs
HPU available: False, using: 0 HPUs
`Trainer.fit` stopped: `max_epochs=20` reached.
[I 2024-11-28 11:52:18,851] Trial 10 finished with value: 760.2855834960938 and parameters: {'pretrain_epochs': 5, 'lr': 0.00028711032739869613, 'mc_samples_train': 1, 'prior_scale': 0.014937976642598423, 'q_scale': 0.00010532753257812993, 'obs_scale': 1.7109716370480204, 'batch_size': 32}. Best is trial 10 with value: 760.2855834960938.
Trainer already configured with model summary callbacks: [<class 'lightning.pytorch.callbacks.rich_model_summary.RichModelSummary'>]. Skipping setting a default `ModelSummary` callback.
GPU available: False, used: False
TPU available: False, using: 0 TPU cores
IPU available: False, using: 0 IPUs
HPU available: False, using: 0 HPUs
`Trainer.fit` stopped: `max_epochs=20` reached.
[I 2024-11-28 11:53:07,575] Trial 11 finished with value: 841.848388671875 and parameters: {'pretrain_epochs': 5, 'lr': 0.0003871157455553778, 'mc_samples_train': 1, 'prior_scale': 0.014489987071262374, 'q_scale': 0.00010860093339103685, 'obs_scale': 1.9746524398983547, 'batch_size': 32}. Best is trial 10 with value: 760.2855834960938.
Trainer already configured with model summary callbacks: [<class 'lightning.pytorch.callbacks.rich_model_summary.RichModelSummary'>]. Skipping setting a default `ModelSummary` callback.
GPU available: False, used: False
TPU available: False, using: 0 TPU cores
IPU available: False, using: 0 IPUs
HPU available: False, using: 0 HPUs
`Trainer.fit` stopped: `max_epochs=20` reached.
[I 2024-11-28 11:54:32,248] Trial 12 finished with value: 718.4263305664062 and parameters: {'pretrain_epochs': 5, 'lr': 0.0003796759473565572, 'mc_samples_train': 1, 'prior_scale': 0.014959205297763659, 'q_scale': 0.00010181693721223134, 'obs_scale': 1.9328425480641904, 'batch_size': 32}. Best is trial 12 with value: 718.4263305664062.
Trainer already configured with model summary callbacks: [<class 'lightning.pytorch.callbacks.rich_model_summary.RichModelSummary'>]. Skipping setting a default `ModelSummary` callback.
GPU available: False, used: False
TPU available: False, using: 0 TPU cores
IPU available: False, using: 0 IPUs
HPU available: False, using: 0 HPUs
`Trainer.fit` stopped: `max_epochs=20` reached.
[I 2024-11-28 11:55:24,913] Trial 13 finished with value: 1301.398193359375 and parameters: {'pretrain_epochs': 5, 'lr': 0.00041083464782765, 'mc_samples_train': 1, 'prior_scale': 0.010497343571389907, 'q_scale': 0.00010533271793746736, 'obs_scale': 1.9202403558946848, 'batch_size': 32}. Best is trial 12 with value: 718.4263305664062.
Trainer already configured with model summary callbacks: [<class 'lightning.pytorch.callbacks.rich_model_summary.RichModelSummary'>]. Skipping setting a default `ModelSummary` callback.
GPU available: False, used: False
TPU available: False, using: 0 TPU cores
IPU available: False, using: 0 IPUs
HPU available: False, using: 0 HPUs
`Trainer.fit` stopped: `max_epochs=20` reached.
[I 2024-11-28 11:56:17,819] Trial 14 finished with value: 357.7547912597656 and parameters: {'pretrain_epochs': 5, 'lr': 0.0004490164214069059, 'mc_samples_train': 1, 'prior_scale': 0.026012153377691926, 'q_scale': 0.00025604133934126406, 'obs_scale': 0.9330914898114858, 'batch_size': 32}. Best is trial 14 with value: 357.7547912597656.
Trainer already configured with model summary callbacks: [<class 'lightning.pytorch.callbacks.rich_model_summary.RichModelSummary'>]. Skipping setting a default `ModelSummary` callback.
GPU available: False, used: False
TPU available: False, using: 0 TPU cores
IPU available: False, using: 0 IPUs
HPU available: False, using: 0 HPUs
`Trainer.fit` stopped: `max_epochs=20` reached.
[I 2024-11-28 11:57:08,508] Trial 15 finished with value: 251.86866760253906 and parameters: {'pretrain_epochs': 5, 'lr': 0.0006353701667284982, 'mc_samples_train': 1, 'prior_scale': 0.032326627210685015, 'q_scale': 0.0002676064292032696, 'obs_scale': 0.7603508563727106, 'batch_size': 32}. Best is trial 15 with value: 251.86866760253906.
Trainer already configured with model summary callbacks: [<class 'lightning.pytorch.callbacks.rich_model_summary.RichModelSummary'>]. Skipping setting a default `ModelSummary` callback.
GPU available: False, used: False
TPU available: False, using: 0 TPU cores
IPU available: False, using: 0 IPUs
HPU available: False, using: 0 HPUs
`Trainer.fit` stopped: `max_epochs=20` reached.
[I 2024-11-28 11:57:27,380] Trial 16 finished with value: 60096.34765625 and parameters: {'pretrain_epochs': 5, 'lr': 0.0007213182009692284, 'mc_samples_train': 1, 'prior_scale': 0.03873241599615214, 'q_scale': 0.00029164124865713306, 'obs_scale': 0.6388743759863509, 'batch_size': 512}. Best is trial 15 with value: 251.86866760253906.
Trainer already configured with model summary callbacks: [<class 'lightning.pytorch.callbacks.rich_model_summary.RichModelSummary'>]. Skipping setting a default `ModelSummary` callback.
GPU available: False, used: False
TPU available: False, using: 0 TPU cores
IPU available: False, using: 0 IPUs
HPU available: False, using: 0 HPUs
`Trainer.fit` stopped: `max_epochs=20` reached.
[I 2024-11-28 11:58:37,448] Trial 17 finished with value: 305.8333740234375 and parameters: {'pretrain_epochs': 5, 'lr': 0.0005320658417317712, 'mc_samples_train': 1, 'prior_scale': 0.029886493325645913, 'q_scale': 0.0006382474453239678, 'obs_scale': 0.6842168027625001, 'batch_size': 32}. Best is trial 15 with value: 251.86866760253906.
Trainer already configured with model summary callbacks: [<class 'lightning.pytorch.callbacks.rich_model_summary.RichModelSummary'>]. Skipping setting a default `ModelSummary` callback.
GPU available: False, used: False
TPU available: False, using: 0 TPU cores
IPU available: False, using: 0 IPUs
HPU available: False, using: 0 HPUs
`Trainer.fit` stopped: `max_epochs=20` reached.
[I 2024-11-28 11:59:29,490] Trial 18 finished with value: 6908.97265625 and parameters: {'pretrain_epochs': 5, 'lr': 0.00018554845033497835, 'mc_samples_train': 1, 'prior_scale': 0.044831326708900415, 'q_scale': 0.0006402579633372157, 'obs_scale': 0.636818707353767, 'batch_size': 32}. Best is trial 15 with value: 251.86866760253906.
Trainer already configured with model summary callbacks: [<class 'lightning.pytorch.callbacks.rich_model_summary.RichModelSummary'>]. Skipping setting a default `ModelSummary` callback.
GPU available: False, used: False
TPU available: False, using: 0 TPU cores
IPU available: False, using: 0 IPUs
HPU available: False, using: 0 HPUs
`Trainer.fit` stopped: `max_epochs=20` reached.
[I 2024-11-28 12:00:20,803] Trial 19 finished with value: 476.61712646484375 and parameters: {'pretrain_epochs': 5, 'lr': 0.0005510676063950635, 'mc_samples_train': 1, 'prior_scale': 0.02506234883231923, 'q_scale': 0.0006788146518100568, 'obs_scale': 0.5727004052054983, 'batch_size': 32}. Best is trial 15 with value: 251.86866760253906.
Trainer already configured with model summary callbacks: [<class 'lightning.pytorch.callbacks.rich_model_summary.RichModelSummary'>]. Skipping setting a default `ModelSummary` callback.
GPU available: False, used: False
TPU available: False, using: 0 TPU cores
IPU available: False, using: 0 IPUs
HPU available: False, using: 0 HPUs
`Trainer.fit` stopped: `max_epochs=20` reached.
[I 2024-11-28 12:00:38,879] Trial 20 finished with value: 556088.0 and parameters: {'pretrain_epochs': 5, 'lr': 0.00023983671454087888, 'mc_samples_train': 1, 'prior_scale': 0.058448596936368724, 'q_scale': 0.0001987006467534054, 'obs_scale': 0.42035828997421665, 'batch_size': 512}. Best is trial 15 with value: 251.86866760253906.
Trainer already configured with model summary callbacks: [<class 'lightning.pytorch.callbacks.rich_model_summary.RichModelSummary'>]. Skipping setting a default `ModelSummary` callback.
GPU available: False, used: False
TPU available: False, using: 0 TPU cores
IPU available: False, using: 0 IPUs
HPU available: False, using: 0 HPUs
`Trainer.fit` stopped: `max_epochs=20` reached.
[I 2024-11-28 12:01:29,041] Trial 21 finished with value: 305.7985534667969 and parameters: {'pretrain_epochs': 5, 'lr': 0.0005834114098227552, 'mc_samples_train': 1, 'prior_scale': 0.02539618376498917, 'q_scale': 0.0002877175571336231, 'obs_scale': 0.966237573391834, 'batch_size': 32}. Best is trial 15 with value: 251.86866760253906.
Trainer already configured with model summary callbacks: [<class 'lightning.pytorch.callbacks.rich_model_summary.RichModelSummary'>]. Skipping setting a default `ModelSummary` callback.
GPU available: False, used: False
TPU available: False, using: 0 TPU cores
IPU available: False, using: 0 IPUs
HPU available: False, using: 0 HPUs
`Trainer.fit` stopped: `max_epochs=20` reached.
[I 2024-11-28 12:02:18,519] Trial 22 finished with value: 205.23947143554688 and parameters: {'pretrain_epochs': 5, 'lr': 0.0009760506873875324, 'mc_samples_train': 1, 'prior_scale': 0.033029788242704465, 'q_scale': 0.0001851772903459862, 'obs_scale': 0.8318923798586104, 'batch_size': 32}. Best is trial 22 with value: 205.23947143554688.
Trainer already configured with model summary callbacks: [<class 'lightning.pytorch.callbacks.rich_model_summary.RichModelSummary'>]. Skipping setting a default `ModelSummary` callback.
GPU available: False, used: False
TPU available: False, using: 0 TPU cores
IPU available: False, using: 0 IPUs
HPU available: False, using: 0 HPUs
`Trainer.fit` stopped: `max_epochs=20` reached.
[I 2024-11-28 12:03:10,550] Trial 23 finished with value: 445.49713134765625 and parameters: {'pretrain_epochs': 5, 'lr': 0.0009490250184333631, 'mc_samples_train': 1, 'prior_scale': 0.01898684817845306, 'q_scale': 0.00018066264765875714, 'obs_scale': 1.395731351358584, 'batch_size': 32}. Best is trial 22 with value: 205.23947143554688.
Trainer already configured with model summary callbacks: [<class 'lightning.pytorch.callbacks.rich_model_summary.RichModelSummary'>]. Skipping setting a default `ModelSummary` callback.
GPU available: False, used: False
TPU available: False, using: 0 TPU cores
IPU available: False, using: 0 IPUs
HPU available: False, using: 0 HPUs
`Trainer.fit` stopped: `max_epochs=20` reached.
[I 2024-11-28 12:04:02,029] Trial 24 finished with value: 181.57408142089844 and parameters: {'pretrain_epochs': 5, 'lr': 0.0006498526326970078, 'mc_samples_train': 1, 'prior_scale': 0.03941232966242802, 'q_scale': 0.00016080032841172623, 'obs_scale': 0.8956575779813578, 'batch_size': 32}. Best is trial 24 with value: 181.57408142089844.
Trainer already configured with model summary callbacks: [<class 'lightning.pytorch.callbacks.rich_model_summary.RichModelSummary'>]. Skipping setting a default `ModelSummary` callback.
GPU available: False, used: False
TPU available: False, using: 0 TPU cores
IPU available: False, using: 0 IPUs
HPU available: False, using: 0 HPUs
`Trainer.fit` stopped: `max_epochs=20` reached.
[I 2024-11-28 12:04:26,554] Trial 25 finished with value: 2554.8525390625 and parameters: {'pretrain_epochs': 5, 'lr': 0.0009893755800209887, 'mc_samples_train': 1, 'prior_scale': 0.03943047426308883, 'q_scale': 0.00016229706289986302, 'obs_scale': 0.7860303833015364, 'batch_size': 128}. Best is trial 24 with value: 181.57408142089844.
Trainer already configured with model summary callbacks: [<class 'lightning.pytorch.callbacks.rich_model_summary.RichModelSummary'>]. Skipping setting a default `ModelSummary` callback.
GPU available: False, used: False
TPU available: False, using: 0 TPU cores
IPU available: False, using: 0 IPUs
HPU available: False, using: 0 HPUs
`Trainer.fit` stopped: `max_epochs=20` reached.
