[I 2024-05-22 22:46:50,917] Trial 38 finished with value: 2335.818115234375 and parameters: {'pretrain_epochs': 5, 'lr': 0.0001587152838282217, 'mc_samples_train': 2, 'prior_scale': 0.0975710312307657, 'q_scale': 0.009744065344450499, 'obs_scale': 1.651953624625043, 'batch_size': 32}. Best is trial 31 with value: 658.057373046875.
Trainer already configured with model summary callbacks: [<class 'lightning.pytorch.callbacks.rich_model_summary.RichModelSummary'>]. Skipping setting a default `ModelSummary` callback.
GPU available: False, used: False
TPU available: False, using: 0 TPU cores
IPU available: False, using: 0 IPUs
HPU available: False, using: 0 HPUs
`Trainer.fit` stopped: `max_epochs=20` reached.
[I 2024-05-22 22:49:50,532] Trial 46 finished with value: 176109.34375 and parameters: {'pretrain_epochs': 5, 'lr': 1.6647997355041245e-05, 'mc_samples_train': 1, 'prior_scale': 0.019386548469311815, 'q_scale': 0.009917072934430256, 'obs_scale': 1.4421342009110614, 'batch_size': 128}. Best is trial 41 with value: 680.0294189453125.
Trainer already configured with model summary callbacks: [<class 'lightning.pytorch.callbacks.rich_model_summary.RichModelSummary'>]. Skipping setting a default `ModelSummary` callback.
GPU available: False, used: False
TPU available: False, using: 0 TPU cores
IPU available: False, using: 0 IPUs
HPU available: False, using: 0 HPUs
`Trainer.fit` stopped: `max_epochs=20` reached.
[I 2024-05-22 22:53:45,950] Trial 39 finished with value: 97229.421875 and parameters: {'pretrain_epochs': 0, 'lr': 3.02463835855464e-05, 'mc_samples_train': 1, 'prior_scale': 0.05153005594004817, 'q_scale': 0.000707756895607922, 'obs_scale': 1.2092325444567655, 'batch_size': 64}. Best is trial 31 with value: 658.057373046875.
Trainer already configured with model summary callbacks: [<class 'lightning.pytorch.callbacks.rich_model_summary.RichModelSummary'>]. Skipping setting a default `ModelSummary` callback.
GPU available: False, used: False
TPU available: False, using: 0 TPU cores
IPU available: False, using: 0 IPUs
HPU available: False, using: 0 HPUs
`Trainer.fit` stopped: `max_epochs=20` reached.
[I 2024-05-22 22:56:08,540] Trial 47 finished with value: 33043.61328125 and parameters: {'pretrain_epochs': 5, 'lr': 0.0005000030063609728, 'mc_samples_train': 1, 'prior_scale': 0.0153504230828757, 'q_scale': 0.0015278949968701198, 'obs_scale': 0.24475714353863257, 'batch_size': 32}. Best is trial 41 with value: 680.0294189453125.
Trainer already configured with model summary callbacks: [<class 'lightning.pytorch.callbacks.rich_model_summary.RichModelSummary'>]. Skipping setting a default `ModelSummary` callback.
GPU available: False, used: False
TPU available: False, using: 0 TPU cores
IPU available: False, using: 0 IPUs
HPU available: False, using: 0 HPUs
`Trainer.fit` stopped: `max_epochs=20` reached.
[I 2024-05-22 23:00:58,486] Trial 48 finished with value: 279198.90625 and parameters: {'pretrain_epochs': 0, 'lr': 0.00023514527301492604, 'mc_samples_train': 1, 'prior_scale': 0.07558749672596717, 'q_scale': 0.004455007082221431, 'obs_scale': 1.9987081525642132, 'batch_size': 512}. Best is trial 41 with value: 680.0294189453125.
Trainer already configured with model summary callbacks: [<class 'lightning.pytorch.callbacks.rich_model_summary.RichModelSummary'>]. Skipping setting a default `ModelSummary` callback.
GPU available: False, used: False
TPU available: False, using: 0 TPU cores
IPU available: False, using: 0 IPUs
HPU available: False, using: 0 HPUs
`Trainer.fit` stopped: `max_epochs=20` reached.
[I 2024-05-22 23:03:03,881] Trial 40 finished with value: 64423.1953125 and parameters: {'pretrain_epochs': 5, 'lr': 0.00021962240115490684, 'mc_samples_train': 2, 'prior_scale': 0.11872376976969669, 'q_scale': 0.0010065059072036908, 'obs_scale': 1.4359763305825983, 'batch_size': 256}. Best is trial 31 with value: 658.057373046875.
Trainer already configured with model summary callbacks: [<class 'lightning.pytorch.callbacks.rich_model_summary.RichModelSummary'>]. Skipping setting a default `ModelSummary` callback.
GPU available: False, used: False
TPU available: False, using: 0 TPU cores
IPU available: False, using: 0 IPUs
HPU available: False, using: 0 HPUs
`Trainer.fit` stopped: `max_epochs=20` reached.
[I 2024-05-22 23:12:29,808] Trial 49 finished with value: 4654.98095703125 and parameters: {'pretrain_epochs': 5, 'lr': 0.00045782231024210635, 'mc_samples_train': 2, 'prior_scale': 0.3034162361807333, 'q_scale': 0.0021812199316917067, 'obs_scale': 1.13048964491048, 'batch_size': 64}. Best is trial 41 with value: 680.0294189453125.
`Trainer.fit` stopped: `max_epochs=20` reached.
[I 2024-05-22 23:14:11,996] Trial 41 finished with value: 772.0088500976562 and parameters: {'pretrain_epochs': 5, 'lr': 0.0004147682822632012, 'mc_samples_train': 1, 'prior_scale': 0.03550556936671807, 'q_scale': 0.0001250637829753569, 'obs_scale': 1.7760530650067485, 'batch_size': 32}. Best is trial 31 with value: 658.057373046875.
Trainer already configured with model summary callbacks: [<class 'lightning.pytorch.callbacks.rich_model_summary.RichModelSummary'>]. Skipping setting a default `ModelSummary` callback.
GPU available: False, used: False
TPU available: False, using: 0 TPU cores
IPU available: False, using: 0 IPUs
HPU available: False, using: 0 HPUs
Trainer already configured with model summary callbacks: [<class 'lightning.pytorch.callbacks.rich_model_summary.RichModelSummary'>]. Skipping setting a default `ModelSummary` callback.
GPU available: False, used: False
TPU available: False, using: 0 TPU cores
IPU available: False, using: 0 IPUs
HPU available: False, using: 0 HPUs
`Trainer.fit` stopped: `max_epochs=20` reached.
[I 2024-05-22 23:22:40,911] Trial 50 finished with value: 885.9912719726562 and parameters: {'pretrain_epochs': 5, 'lr': 0.00032003261420354766, 'mc_samples_train': 1, 'prior_scale': 0.02473178955019059, 'q_scale': 0.0008668929322826986, 'obs_scale': 1.7615159041733282, 'batch_size': 32}. Best is trial 41 with value: 680.0294189453125.
Trainer already configured with model summary callbacks: [<class 'lightning.pytorch.callbacks.rich_model_summary.RichModelSummary'>]. Skipping setting a default `ModelSummary` callback.
GPU available: False, used: False
TPU available: False, using: 0 TPU cores
IPU available: False, using: 0 IPUs
HPU available: False, using: 0 HPUs
`Trainer.fit` stopped: `max_epochs=20` reached.
[I 2024-05-22 23:25:50,689] Trial 42 finished with value: 593.6179809570312 and parameters: {'pretrain_epochs': 5, 'lr': 0.0007810047860749132, 'mc_samples_train': 1, 'prior_scale': 0.04318519439283112, 'q_scale': 0.00012870414677389127, 'obs_scale': 1.9675337900009708, 'batch_size': 32}. Best is trial 42 with value: 593.6179809570312.
Trainer already configured with model summary callbacks: [<class 'lightning.pytorch.callbacks.rich_model_summary.RichModelSummary'>]. Skipping setting a default `ModelSummary` callback.
GPU available: False, used: False
TPU available: False, using: 0 TPU cores
IPU available: False, using: 0 IPUs
HPU available: False, using: 0 HPUs
`Trainer.fit` stopped: `max_epochs=20` reached.
[I 2024-05-22 23:32:41,964] Trial 51 finished with value: 859.3363037109375 and parameters: {'pretrain_epochs': 5, 'lr': 0.0005474295640117114, 'mc_samples_train': 1, 'prior_scale': 0.011470381307059721, 'q_scale': 0.00011605023354401883, 'obs_scale': 1.7838149374981098, 'batch_size': 32}. Best is trial 41 with value: 680.0294189453125.
Trainer already configured with model summary callbacks: [<class 'lightning.pytorch.callbacks.rich_model_summary.RichModelSummary'>]. Skipping setting a default `ModelSummary` callback.
GPU available: False, used: False
TPU available: False, using: 0 TPU cores
IPU available: False, using: 0 IPUs
HPU available: False, using: 0 HPUs
`Trainer.fit` stopped: `max_epochs=20` reached.
[I 2024-05-22 23:37:27,383] Trial 43 finished with value: 720.563720703125 and parameters: {'pretrain_epochs': 5, 'lr': 0.0008056697292903502, 'mc_samples_train': 1, 'prior_scale': 0.025699577311342137, 'q_scale': 0.002006732782072307, 'obs_scale': 1.9861790380217328, 'batch_size': 32}. Best is trial 42 with value: 593.6179809570312.
Trainer already configured with model summary callbacks: [<class 'lightning.pytorch.callbacks.rich_model_summary.RichModelSummary'>]. Skipping setting a default `ModelSummary` callback.
GPU available: False, used: False
TPU available: False, using: 0 TPU cores
IPU available: False, using: 0 IPUs
HPU available: False, using: 0 HPUs
`Trainer.fit` stopped: `max_epochs=20` reached.
[I 2024-05-22 23:41:25,304] Trial 52 finished with value: 1206.8226318359375 and parameters: {'pretrain_epochs': 5, 'lr': 0.00042462338510173734, 'mc_samples_train': 1, 'prior_scale': 0.014825839777149567, 'q_scale': 0.0034188829494454036, 'obs_scale': 1.4812875840542081, 'batch_size': 32}. Best is trial 41 with value: 680.0294189453125.
Trainer already configured with model summary callbacks: [<class 'lightning.pytorch.callbacks.rich_model_summary.RichModelSummary'>]. Skipping setting a default `ModelSummary` callback.
GPU available: False, used: False
TPU available: False, using: 0 TPU cores
IPU available: False, using: 0 IPUs
HPU available: False, using: 0 HPUs
`Trainer.fit` stopped: `max_epochs=20` reached.
[I 2024-05-22 23:46:24,682] Trial 44 finished with value: 722.9857177734375 and parameters: {'pretrain_epochs': 5, 'lr': 0.0006478625121376178, 'mc_samples_train': 1, 'prior_scale': 0.07428574458274138, 'q_scale': 0.00012899596823320278, 'obs_scale': 1.686769533427846, 'batch_size': 32}. Best is trial 42 with value: 593.6179809570312.
Trainer already configured with model summary callbacks: [<class 'lightning.pytorch.callbacks.rich_model_summary.RichModelSummary'>]. Skipping setting a default `ModelSummary` callback.
GPU available: False, used: False
TPU available: False, using: 0 TPU cores
IPU available: False, using: 0 IPUs
HPU available: False, using: 0 HPUs
`Trainer.fit` stopped: `max_epochs=20` reached.
[I 2024-05-22 23:49:04,090] Trial 53 finished with value: 1269.81298828125 and parameters: {'pretrain_epochs': 5, 'lr': 0.0007023212502522071, 'mc_samples_train': 1, 'prior_scale': 0.01008952168909717, 'q_scale': 0.00017261227333159924, 'obs_scale': 1.3000707628517831, 'batch_size': 32}. Best is trial 41 with value: 680.0294189453125.
Trainer already configured with model summary callbacks: [<class 'lightning.pytorch.callbacks.rich_model_summary.RichModelSummary'>]. Skipping setting a default `ModelSummary` callback.
GPU available: False, used: False
TPU available: False, using: 0 TPU cores
IPU available: False, using: 0 IPUs
HPU available: False, using: 0 HPUs
[I 2024-05-22 23:52:07,723] Trial 45 pruned. Trial was pruned at epoch 10.
Trainer already configured with model summary callbacks: [<class 'lightning.pytorch.callbacks.rich_model_summary.RichModelSummary'>]. Skipping setting a default `ModelSummary` callback.
GPU available: False, used: False
TPU available: False, using: 0 TPU cores
IPU available: False, using: 0 IPUs
HPU available: False, using: 0 HPUs
`Trainer.fit` stopped: `max_epochs=20` reached.
[I 2024-05-22 23:58:46,216] Trial 54 finished with value: 841.1301879882812 and parameters: {'pretrain_epochs': 5, 'lr': 0.0005389142331893278, 'mc_samples_train': 1, 'prior_scale': 0.012549141329505303, 'q_scale': 0.0001233911556013389, 'obs_scale': 1.7489597293517558, 'batch_size': 32}. Best is trial 41 with value: 680.0294189453125.
`Trainer.fit` stopped: `max_epochs=20` reached.
[I 2024-05-23 00:00:36,567] Trial 46 finished with value: 33755564.0 and parameters: {'pretrain_epochs': 5, 'lr': 1.6647997355041245e-05, 'mc_samples_train': 1, 'prior_scale': 0.19245222250425484, 'q_scale': 0.00010273764031960835, 'obs_scale': 0.10383863119825384, 'batch_size': 128}. Best is trial 42 with value: 593.6179809570312.
Trainer already configured with model summary callbacks: [<class 'lightning.pytorch.callbacks.rich_model_summary.RichModelSummary'>]. Skipping setting a default `ModelSummary` callback.
GPU available: False, used: False
TPU available: False, using: 0 TPU cores
IPU available: False, using: 0 IPUs
HPU available: False, using: 0 HPUs
Trainer already configured with model summary callbacks: [<class 'lightning.pytorch.callbacks.rich_model_summary.RichModelSummary'>]. Skipping setting a default `ModelSummary` callback.
GPU available: False, used: False
TPU available: False, using: 0 TPU cores
IPU available: False, using: 0 IPUs
HPU available: False, using: 0 HPUs
`Trainer.fit` stopped: `max_epochs=20` reached.
[I 2024-05-23 00:08:37,170] Trial 55 finished with value: 1308.8853759765625 and parameters: {'pretrain_epochs': 5, 'lr': 0.00036010266508100763, 'mc_samples_train': 1, 'prior_scale': 0.01880161854590529, 'q_scale': 0.00010163835322607116, 'obs_scale': 1.384295109298179, 'batch_size': 32}. Best is trial 41 with value: 680.0294189453125.
Trainer already configured with model summary callbacks: [<class 'lightning.pytorch.callbacks.rich_model_summary.RichModelSummary'>]. Skipping setting a default `ModelSummary` callback.
GPU available: False, used: False
TPU available: False, using: 0 TPU cores
IPU available: False, using: 0 IPUs
HPU available: False, using: 0 HPUs
`Trainer.fit` stopped: `max_epochs=20` reached.
[I 2024-05-23 00:12:07,092] Trial 47 finished with value: 843.499755859375 and parameters: {'pretrain_epochs': 5, 'lr': 0.0005071956098225479, 'mc_samples_train': 1, 'prior_scale': 0.09921952609003644, 'q_scale': 0.00028392569299672714, 'obs_scale': 1.7484088541346527, 'batch_size': 32}. Best is trial 42 with value: 593.6179809570312.
Trainer already configured with model summary callbacks: [<class 'lightning.pytorch.callbacks.rich_model_summary.RichModelSummary'>]. Skipping setting a default `ModelSummary` callback.
GPU available: False, used: False
TPU available: False, using: 0 TPU cores
IPU available: False, using: 0 IPUs
HPU available: False, using: 0 HPUs
`Trainer.fit` stopped: `max_epochs=20` reached.
[I 2024-05-23 00:18:34,580] Trial 56 finished with value: 651.39208984375 and parameters: {'pretrain_epochs': 5, 'lr': 0.0009920904418008203, 'mc_samples_train': 1, 'prior_scale': 0.015834431631814645, 'q_scale': 0.0002195319273688266, 'obs_scale': 1.9850125242998247, 'batch_size': 32}. Best is trial 56 with value: 651.39208984375.
Trainer already configured with model summary callbacks: [<class 'lightning.pytorch.callbacks.rich_model_summary.RichModelSummary'>]. Skipping setting a default `ModelSummary` callback.
GPU available: False, used: False
TPU available: False, using: 0 TPU cores
IPU available: False, using: 0 IPUs
HPU available: False, using: 0 HPUs
`Trainer.fit` stopped: `max_epochs=20` reached.
[I 2024-05-23 00:21:11,096] Trial 48 finished with value: 356544.5 and parameters: {'pretrain_epochs': 0, 'lr': 0.00031944374687674804, 'mc_samples_train': 1, 'prior_scale': 0.04443717002399295, 'q_scale': 0.003694506284832779, 'obs_scale': 1.4234241618049004, 'batch_size': 512}. Best is trial 42 with value: 593.6179809570312.
Trainer already configured with model summary callbacks: [<class 'lightning.pytorch.callbacks.rich_model_summary.RichModelSummary'>]. Skipping setting a default `ModelSummary` callback.
GPU available: False, used: False
TPU available: False, using: 0 TPU cores
IPU available: False, using: 0 IPUs
HPU available: False, using: 0 HPUs
`Trainer.fit` stopped: `max_epochs=20` reached.
[I 2024-05-23 00:27:27,109] Trial 57 finished with value: 556.8133544921875 and parameters: {'pretrain_epochs': 5, 'lr': 0.0009267983041934168, 'mc_samples_train': 1, 'prior_scale': 0.030984114521291753, 'q_scale': 0.00024389873385404843, 'obs_scale': 1.9924356424583411, 'batch_size': 32}. Best is trial 57 with value: 556.8133544921875.
Trainer already configured with model summary callbacks: [<class 'lightning.pytorch.callbacks.rich_model_summary.RichModelSummary'>]. Skipping setting a default `ModelSummary` callback.
GPU available: False, used: False
TPU available: False, using: 0 TPU cores
IPU available: False, using: 0 IPUs
HPU available: False, using: 0 HPUs
`Trainer.fit` stopped: `max_epochs=20` reached.
[I 2024-05-23 00:32:59,850] Trial 49 finished with value: 5316.87548828125 and parameters: {'pretrain_epochs': 5, 'lr': 0.000759517264798783, 'mc_samples_train': 2, 'prior_scale': 0.013123260103604302, 'q_scale': 0.0003628548960640439, 'obs_scale': 1.1226946786306582, 'batch_size': 64}. Best is trial 42 with value: 593.6179809570312.
Trainer already configured with model summary callbacks: [<class 'lightning.pytorch.callbacks.rich_model_summary.RichModelSummary'>]. Skipping setting a default `ModelSummary` callback.
GPU available: False, used: False
TPU available: False, using: 0 TPU cores
IPU available: False, using: 0 IPUs
HPU available: False, using: 0 HPUs
`Trainer.fit` stopped: `max_epochs=20` reached.
[I 2024-05-23 00:34:19,141] Trial 58 finished with value: 839.81591796875 and parameters: {'pretrain_epochs': 5, 'lr': 0.0008608728796669692, 'mc_samples_train': 1, 'prior_scale': 0.030468192086969794, 'q_scale': 0.00048799652256171973, 'obs_scale': 1.6161199919786695, 'batch_size': 32}. Best is trial 57 with value: 556.8133544921875.
Trainer already configured with model summary callbacks: [<class 'lightning.pytorch.callbacks.rich_model_summary.RichModelSummary'>]. Skipping setting a default `ModelSummary` callback.
GPU available: False, used: False
TPU available: False, using: 0 TPU cores
IPU available: False, using: 0 IPUs
HPU available: False, using: 0 HPUs
`Trainer.fit` stopped: `max_epochs=20` reached.
[I 2024-05-23 00:41:20,161] Trial 50 finished with value: 5304.5986328125 and parameters: {'pretrain_epochs': 5, 'lr': 0.00024378720151448232, 'mc_samples_train': 1, 'prior_scale': 0.23919557173538825, 'q_scale': 0.0002063663205309124, 'obs_scale': 0.7293822188161447, 'batch_size': 32}. Best is trial 42 with value: 593.6179809570312.
`Trainer.fit` stopped: `max_epochs=20` reached.
[I 2024-05-23 00:41:34,217] Trial 59 finished with value: 479.66717529296875 and parameters: {'pretrain_epochs': 5, 'lr': 0.0009353211528609264, 'mc_samples_train': 1, 'prior_scale': 0.05416915652084484, 'q_scale': 0.0002524916845030664, 'obs_scale': 1.9887188949483918, 'batch_size': 32}. Best is trial 59 with value: 479.66717529296875.
Trainer already configured with model summary callbacks: [<class 'lightning.pytorch.callbacks.rich_model_summary.RichModelSummary'>]. Skipping setting a default `ModelSummary` callback.
GPU available: False, used: False
TPU available: False, using: 0 TPU cores
IPU available: False, using: 0 IPUs
HPU available: False, using: 0 HPUs
`Trainer.fit` stopped: `max_epochs=20` reached.
[I 2024-05-23 00:52:23,113] Trial 51 finished with value: 572.227783203125 and parameters: {'pretrain_epochs': 5, 'lr': 0.00081867670903763, 'mc_samples_train': 1, 'prior_scale': 0.02627267629622565, 'q_scale': 0.0016889254913482973, 'obs_scale': 1.8647624957571036, 'batch_size': 32}. Best is trial 51 with value: 572.227783203125.
Trainer already configured with model summary callbacks: [<class 'lightning.pytorch.callbacks.rich_model_summary.RichModelSummary'>]. Skipping setting a default `ModelSummary` callback.
GPU available: False, used: False
TPU available: False, using: 0 TPU cores
IPU available: False, using: 0 IPUs
HPU available: False, using: 0 HPUs
`Trainer.fit` stopped: `max_epochs=20` reached.
[I 2024-05-23 01:03:26,272] Trial 52 finished with value: 628.3329467773438 and parameters: {'pretrain_epochs': 5, 'lr': 0.0005685515000213217, 'mc_samples_train': 1, 'prior_scale': 0.0293816093816879, 'q_scale': 0.0016693365418859625, 'obs_scale': 1.9910292463505115, 'batch_size': 32}. Best is trial 51 with value: 572.227783203125.
Trainer already configured with model summary callbacks: [<class 'lightning.pytorch.callbacks.rich_model_summary.RichModelSummary'>]. Skipping setting a default `ModelSummary` callback.
GPU available: False, used: False
TPU available: False, using: 0 TPU cores
IPU available: False, using: 0 IPUs
HPU available: False, using: 0 HPUs
`Trainer.fit` stopped: `max_epochs=20` reached.
[I 2024-05-23 01:14:33,136] Trial 53 finished with value: 506.33447265625 and parameters: {'pretrain_epochs': 5, 'lr': 0.0005894995427734614, 'mc_samples_train': 1, 'prior_scale': 0.03104318658943063, 'q_scale': 0.0014169641144098904, 'obs_scale': 1.9934422652306438, 'batch_size': 32}. Best is trial 53 with value: 506.33447265625.
Trainer already configured with model summary callbacks: [<class 'lightning.pytorch.callbacks.rich_model_summary.RichModelSummary'>]. Skipping setting a default `ModelSummary` callback.
GPU available: False, used: False
TPU available: False, using: 0 TPU cores
IPU available: False, using: 0 IPUs
HPU available: False, using: 0 HPUs
`Trainer.fit` stopped: `max_epochs=20` reached.
[I 2024-05-23 01:23:13,524] Trial 54 finished with value: 864.670166015625 and parameters: {'pretrain_epochs': 5, 'lr': 0.000596489922045517, 'mc_samples_train': 1, 'prior_scale': 0.02977984540693044, 'q_scale': 0.001390811259393993, 'obs_scale': 1.5505880236737892, 'batch_size': 32}. Best is trial 53 with value: 506.33447265625.
Trainer already configured with model summary callbacks: [<class 'lightning.pytorch.callbacks.rich_model_summary.RichModelSummary'>]. Skipping setting a default `ModelSummary` callback.
GPU available: False, used: False
TPU available: False, using: 0 TPU cores
IPU available: False, using: 0 IPUs
HPU available: False, using: 0 HPUs
`Trainer.fit` stopped: `max_epochs=20` reached.
