[I 2024-05-22 15:50:45,950] Trial 6 finished with value: 1604579.875 and parameters: {'pretrain_epochs': 5, 'lr': 7.478015213333154e-05, 'mc_samples_train': 2, 'prior_scale': 0.1156399334005538, 'q_scale': 0.002582231235363856, 'obs_scale': 0.15665279892931577, 'batch_size': 64}. Best is trial 0 with value: 11535.5869140625.
Trainer already configured with model summary callbacks: [<class 'lightning.pytorch.callbacks.rich_model_summary.RichModelSummary'>]. Skipping setting a default `ModelSummary` callback.
GPU available: False, used: False
TPU available: False, using: 0 TPU cores
IPU available: False, using: 0 IPUs
HPU available: False, using: 0 HPUs
Trainer already configured with model summary callbacks: [<class 'lightning.pytorch.callbacks.rich_model_summary.RichModelSummary'>]. Skipping setting a default `ModelSummary` callback.
GPU available: False, used: False
TPU available: False, using: 0 TPU cores
IPU available: False, using: 0 IPUs
HPU available: False, using: 0 HPUs
`Trainer.fit` stopped: `max_epochs=20` reached.
[I 2024-05-22 15:54:00,058] Trial 10 finished with value: 1014.3057861328125 and parameters: {'pretrain_epochs': 5, 'lr': 0.00028711032739869613, 'mc_samples_train': 1, 'prior_scale': 0.014937976642598423, 'q_scale': 0.00010532753257812993, 'obs_scale': 1.7109716370480204, 'batch_size': 32}. Best is trial 10 with value: 1014.3057861328125.
Trainer already configured with model summary callbacks: [<class 'lightning.pytorch.callbacks.rich_model_summary.RichModelSummary'>]. Skipping setting a default `ModelSummary` callback.
GPU available: False, used: False
TPU available: False, using: 0 TPU cores
IPU available: False, using: 0 IPUs
HPU available: False, using: 0 HPUs
`Trainer.fit` stopped: `max_epochs=20` reached.
[I 2024-05-22 16:01:11,442] Trial 11 finished with value: 725.1094360351562 and parameters: {'pretrain_epochs': 5, 'lr': 0.0003871157455553778, 'mc_samples_train': 1, 'prior_scale': 0.014489987071262374, 'q_scale': 0.00010860093339103685, 'obs_scale': 1.9746524398983547, 'batch_size': 32}. Best is trial 11 with value: 725.1094360351562.
`Trainer.fit` stopped: `max_epochs=20` reached.
[I 2024-05-22 16:01:19,492] Trial 7 finished with value: 3717138.0 and parameters: {'pretrain_epochs': 0, 'lr': 0.0007995719083844353, 'mc_samples_train': 2, 'prior_scale': 0.0816845546830656, 'q_scale': 0.004349147472454846, 'obs_scale': 0.11866131541331688, 'batch_size': 256}. Best is trial 0 with value: 11535.5869140625.
Trainer already configured with model summary callbacks: [<class 'lightning.pytorch.callbacks.rich_model_summary.RichModelSummary'>]. Skipping setting a default `ModelSummary` callback.
GPU available: False, used: False
TPU available: False, using: 0 TPU cores
IPU available: False, using: 0 IPUs
HPU available: False, using: 0 HPUs
Trainer already configured with model summary callbacks: [<class 'lightning.pytorch.callbacks.rich_model_summary.RichModelSummary'>]. Skipping setting a default `ModelSummary` callback.
GPU available: False, used: False
TPU available: False, using: 0 TPU cores
IPU available: False, using: 0 IPUs
HPU available: False, using: 0 HPUs
`Trainer.fit` stopped: `max_epochs=20` reached.
[I 2024-05-22 16:03:46,375] Trial 6 finished with value: 1601474.25 and parameters: {'pretrain_epochs': 5, 'lr': 7.478015213333154e-05, 'mc_samples_train': 2, 'prior_scale': 0.1156399334005538, 'q_scale': 0.002582231235363856, 'obs_scale': 0.15665279892931577, 'batch_size': 64}. Best is trial 0 with value: 11534.2587890625.
Trainer already configured with model summary callbacks: [<class 'lightning.pytorch.callbacks.rich_model_summary.RichModelSummary'>]. Skipping setting a default `ModelSummary` callback.
GPU available: False, used: False
TPU available: False, using: 0 TPU cores
IPU available: False, using: 0 IPUs
HPU available: False, using: 0 HPUs
`Trainer.fit` stopped: `max_epochs=20` reached.
[I 2024-05-22 16:08:24,821] Trial 12 finished with value: 780.4864501953125 and parameters: {'pretrain_epochs': 5, 'lr': 0.0003796759473565572, 'mc_samples_train': 1, 'prior_scale': 0.014959205297763659, 'q_scale': 0.00010181693721223134, 'obs_scale': 1.9328425480641904, 'batch_size': 32}. Best is trial 11 with value: 725.1094360351562.
`Trainer.fit` stopped: `max_epochs=20` reached.
[I 2024-05-22 16:08:56,536] Trial 8 finished with value: 7241264.5 and parameters: {'pretrain_epochs': 0, 'lr': 1.1462886732717548e-05, 'mc_samples_train': 1, 'prior_scale': 0.4124747947662307, 'q_scale': 0.00044814115470497614, 'obs_scale': 0.17860915820030454, 'batch_size': 64}. Best is trial 0 with value: 11535.5869140625.
Trainer already configured with model summary callbacks: [<class 'lightning.pytorch.callbacks.rich_model_summary.RichModelSummary'>]. Skipping setting a default `ModelSummary` callback.
GPU available: False, used: False
TPU available: False, using: 0 TPU cores
IPU available: False, using: 0 IPUs
HPU available: False, using: 0 HPUs
Trainer already configured with model summary callbacks: [<class 'lightning.pytorch.callbacks.rich_model_summary.RichModelSummary'>]. Skipping setting a default `ModelSummary` callback.
GPU available: False, used: False
TPU available: False, using: 0 TPU cores
IPU available: False, using: 0 IPUs
HPU available: False, using: 0 HPUs
`Trainer.fit` stopped: `max_epochs=20` reached.
[I 2024-05-22 16:14:41,525] Trial 13 finished with value: 846.2107543945312 and parameters: {'pretrain_epochs': 5, 'lr': 0.0004805364291548028, 'mc_samples_train': 1, 'prior_scale': 0.010482874946722998, 'q_scale': 0.00010532990129819251, 'obs_scale': 1.8557399609740814, 'batch_size': 32}. Best is trial 11 with value: 725.1094360351562.
`Trainer.fit` stopped: `max_epochs=20` reached.
[I 2024-05-22 16:15:24,760] Trial 7 finished with value: 3721268.25 and parameters: {'pretrain_epochs': 0, 'lr': 0.0007995719083844353, 'mc_samples_train': 2, 'prior_scale': 0.0816845546830656, 'q_scale': 0.004349147472454846, 'obs_scale': 0.11866131541331688, 'batch_size': 256}. Best is trial 0 with value: 11534.2587890625.
Trainer already configured with model summary callbacks: [<class 'lightning.pytorch.callbacks.rich_model_summary.RichModelSummary'>]. Skipping setting a default `ModelSummary` callback.
GPU available: False, used: False
TPU available: False, using: 0 TPU cores
IPU available: False, using: 0 IPUs
HPU available: False, using: 0 HPUs
Trainer already configured with model summary callbacks: [<class 'lightning.pytorch.callbacks.rich_model_summary.RichModelSummary'>]. Skipping setting a default `ModelSummary` callback.
`Trainer.fit` stopped: `max_epochs=20` reached.
GPU available: False, used: False
TPU available: False, using: 0 TPU cores
IPU available: False, using: 0 IPUs
HPU available: False, using: 0 HPUs
[I 2024-05-22 16:17:06,108] Trial 9 finished with value: 746837.875 and parameters: {'pretrain_epochs': 5, 'lr': 0.0002588548618299899, 'mc_samples_train': 2, 'prior_scale': 0.21075404848706095, 'q_scale': 0.0015787361777166986, 'obs_scale': 0.23920082660450653, 'batch_size': 128}. Best is trial 0 with value: 11535.5869140625.
Trainer already configured with model summary callbacks: [<class 'lightning.pytorch.callbacks.rich_model_summary.RichModelSummary'>]. Skipping setting a default `ModelSummary` callback.
GPU available: False, used: False
TPU available: False, using: 0 TPU cores
IPU available: False, using: 0 IPUs
HPU available: False, using: 0 HPUs
`Trainer.fit` stopped: `max_epochs=20` reached.
[I 2024-05-22 16:19:51,578] Trial 14 finished with value: 3589.1396484375 and parameters: {'pretrain_epochs': 5, 'lr': 0.00042697878418142905, 'mc_samples_train': 1, 'prior_scale': 0.025598098635809526, 'q_scale': 0.00025604133934126406, 'obs_scale': 0.8078049424337922, 'batch_size': 32}. Best is trial 11 with value: 725.1094360351562.
Trainer already configured with model summary callbacks: [<class 'lightning.pytorch.callbacks.rich_model_summary.RichModelSummary'>]. Skipping setting a default `ModelSummary` callback.
GPU available: False, used: False
TPU available: False, using: 0 TPU cores
IPU available: False, using: 0 IPUs
HPU available: False, using: 0 HPUs
`Trainer.fit` stopped: `max_epochs=20` reached.
[I 2024-05-22 16:21:53,279] Trial 8 finished with value: 7242347.5 and parameters: {'pretrain_epochs': 0, 'lr': 1.1462886732717548e-05, 'mc_samples_train': 1, 'prior_scale': 0.4124747947662307, 'q_scale': 0.00044814115470497614, 'obs_scale': 0.17860915820030454, 'batch_size': 64}. Best is trial 0 with value: 11534.2587890625.
`Trainer.fit` stopped: `max_epochs=20` reached.
[I 2024-05-22 16:23:09,558] Trial 10 finished with value: 978.8890991210938 and parameters: {'pretrain_epochs': 5, 'lr': 0.00028711032739869613, 'mc_samples_train': 1, 'prior_scale': 0.014937976642598423, 'q_scale': 0.00010532753257812993, 'obs_scale': 1.7109716370480204, 'batch_size': 32}. Best is trial 10 with value: 978.8890991210938.
Trainer already configured with model summary callbacks: [<class 'lightning.pytorch.callbacks.rich_model_summary.RichModelSummary'>]. Skipping setting a default `ModelSummary` callback.
GPU available: False, used: False
TPU available: False, using: 0 TPU cores
IPU available: False, using: 0 IPUs
HPU available: False, using: 0 HPUs
Trainer already configured with model summary callbacks: [<class 'lightning.pytorch.callbacks.rich_model_summary.RichModelSummary'>]. Skipping setting a default `ModelSummary` callback.
GPU available: False, used: False
TPU available: False, using: 0 TPU cores
IPU available: False, using: 0 IPUs
HPU available: False, using: 0 HPUs
`Trainer.fit` stopped: `max_epochs=20` reached.
[I 2024-05-22 16:25:03,131] Trial 15 finished with value: 3897.02783203125 and parameters: {'pretrain_epochs': 5, 'lr': 0.0005138228537466867, 'mc_samples_train': 1, 'prior_scale': 0.027024810916201885, 'q_scale': 0.0001712476201149009, 'obs_scale': 0.7052783036429959, 'batch_size': 32}. Best is trial 11 with value: 725.1094360351562.
Trainer already configured with model summary callbacks: [<class 'lightning.pytorch.callbacks.rich_model_summary.RichModelSummary'>]. Skipping setting a default `ModelSummary` callback.
GPU available: False, used: False
TPU available: False, using: 0 TPU cores
IPU available: False, using: 0 IPUs
HPU available: False, using: 0 HPUs
`Trainer.fit` stopped: `max_epochs=20` reached.
[I 2024-05-22 16:28:21,505] Trial 16 finished with value: 332452.9375 and parameters: {'pretrain_epochs': 5, 'lr': 0.0001858988439599671, 'mc_samples_train': 1, 'prior_scale': 0.01723481155469655, 'q_scale': 0.0006897331189673997, 'obs_scale': 1.3052345342320926, 'batch_size': 512}. Best is trial 11 with value: 725.1094360351562.
Trainer already configured with model summary callbacks: [<class 'lightning.pytorch.callbacks.rich_model_summary.RichModelSummary'>]. Skipping setting a default `ModelSummary` callback.
GPU available: False, used: False
TPU available: False, using: 0 TPU cores
IPU available: False, using: 0 IPUs
HPU available: False, using: 0 HPUs
`Trainer.fit` stopped: `max_epochs=20` reached.
[I 2024-05-22 16:30:52,741] Trial 11 finished with value: 790.8419189453125 and parameters: {'pretrain_epochs': 5, 'lr': 0.0003871157455553778, 'mc_samples_train': 1, 'prior_scale': 0.014489987071262374, 'q_scale': 0.00010860093339103685, 'obs_scale': 1.9746524398983547, 'batch_size': 32}. Best is trial 11 with value: 790.8419189453125.
`Trainer.fit` stopped: `max_epochs=20` reached.
[I 2024-05-22 16:32:21,700] Trial 9 finished with value: 747869.375 and parameters: {'pretrain_epochs': 5, 'lr': 0.0002588548618299899, 'mc_samples_train': 2, 'prior_scale': 0.21075404848706095, 'q_scale': 0.0015787361777166986, 'obs_scale': 0.23920082660450653, 'batch_size': 128}. Best is trial 0 with value: 11534.2587890625.
Trainer already configured with model summary callbacks: [<class 'lightning.pytorch.callbacks.rich_model_summary.RichModelSummary'>]. Skipping setting a default `ModelSummary` callback.
GPU available: False, used: False
TPU available: False, using: 0 TPU cores
IPU available: False, using: 0 IPUs
HPU available: False, using: 0 HPUs
Trainer already configured with model summary callbacks: [<class 'lightning.pytorch.callbacks.rich_model_summary.RichModelSummary'>]. Skipping setting a default `ModelSummary` callback.
GPU available: False, used: False
TPU available: False, using: 0 TPU cores
IPU available: False, using: 0 IPUs
HPU available: False, using: 0 HPUs
`Trainer.fit` stopped: `max_epochs=20` reached.
[I 2024-05-22 16:35:22,594] Trial 17 finished with value: 6656.349609375 and parameters: {'pretrain_epochs': 5, 'lr': 0.00029493452670697866, 'mc_samples_train': 1, 'prior_scale': 0.04983164005349259, 'q_scale': 0.00021683415691757426, 'obs_scale': 0.6301916365616733, 'batch_size': 32}. Best is trial 11 with value: 725.1094360351562.
Trainer already configured with model summary callbacks: [<class 'lightning.pytorch.callbacks.rich_model_summary.RichModelSummary'>]. Skipping setting a default `ModelSummary` callback.
GPU available: False, used: False
TPU available: False, using: 0 TPU cores
IPU available: False, using: 0 IPUs
HPU available: False, using: 0 HPUs
`Trainer.fit` stopped: `max_epochs=20` reached.
[I 2024-05-22 16:41:33,746] Trial 12 finished with value: 776.678955078125 and parameters: {'pretrain_epochs': 5, 'lr': 0.0003796759473565572, 'mc_samples_train': 1, 'prior_scale': 0.014959205297763659, 'q_scale': 0.00010181693721223134, 'obs_scale': 1.9328425480641904, 'batch_size': 32}. Best is trial 12 with value: 776.678955078125.
`Trainer.fit` stopped: `max_epochs=20` reached.
[I 2024-05-22 16:43:01,341] Trial 18 finished with value: 638.5430908203125 and parameters: {'pretrain_epochs': 5, 'lr': 0.000623327345926834, 'mc_samples_train': 1, 'prior_scale': 0.012934001018788954, 'q_scale': 0.0006193545503124616, 'obs_scale': 1.8504266749951648, 'batch_size': 32}. Best is trial 18 with value: 638.5430908203125.
Trainer already configured with model summary callbacks: [<class 'lightning.pytorch.callbacks.rich_model_summary.RichModelSummary'>]. Skipping setting a default `ModelSummary` callback.
GPU available: False, used: False
TPU available: False, using: 0 TPU cores
IPU available: False, using: 0 IPUs
HPU available: False, using: 0 HPUs
`Trainer.fit` stopped: `max_epochs=20` reached.
[I 2024-05-22 16:44:24,849] Trial 10 finished with value: 977.9742431640625 and parameters: {'pretrain_epochs': 5, 'lr': 0.00028711032739869613, 'mc_samples_train': 1, 'prior_scale': 0.014937976642598423, 'q_scale': 0.00010532753257812993, 'obs_scale': 1.7109716370480204, 'batch_size': 32}. Best is trial 10 with value: 977.9742431640625.
Trainer already configured with model summary callbacks: [<class 'lightning.pytorch.callbacks.rich_model_summary.RichModelSummary'>]. Skipping setting a default `ModelSummary` callback.
GPU available: False, used: False
TPU available: False, using: 0 TPU cores
IPU available: False, using: 0 IPUs
HPU available: False, using: 0 HPUs
Trainer already configured with model summary callbacks: [<class 'lightning.pytorch.callbacks.rich_model_summary.RichModelSummary'>]. Skipping setting a default `ModelSummary` callback.
GPU available: False, used: False
TPU available: False, using: 0 TPU cores
IPU available: False, using: 0 IPUs
HPU available: False, using: 0 HPUs
`Trainer.fit` stopped: `max_epochs=20` reached.
[I 2024-05-22 16:50:33,067] Trial 19 finished with value: 7167.9609375 and parameters: {'pretrain_epochs': 5, 'lr': 0.0007365530308431357, 'mc_samples_train': 1, 'prior_scale': 0.03808194315067731, 'q_scale': 0.0006979403517173231, 'obs_scale': 0.4892292458746359, 'batch_size': 32}. Best is trial 18 with value: 638.5430908203125.
`Trainer.fit` stopped: `max_epochs=20` reached.
[I 2024-05-22 16:52:03,548] Trial 13 finished with value: 789.0540161132812 and parameters: {'pretrain_epochs': 5, 'lr': 0.0004805364291548028, 'mc_samples_train': 1, 'prior_scale': 0.010482874946722998, 'q_scale': 0.00010532990129819251, 'obs_scale': 1.8557399609740814, 'batch_size': 32}. Best is trial 12 with value: 776.678955078125.
Trainer already configured with model summary callbacks: [<class 'lightning.pytorch.callbacks.rich_model_summary.RichModelSummary'>]. Skipping setting a default `ModelSummary` callback.
GPU available: False, used: False
TPU available: False, using: 0 TPU cores
IPU available: False, using: 0 IPUs
HPU available: False, using: 0 HPUs
Trainer already configured with model summary callbacks: [<class 'lightning.pytorch.callbacks.rich_model_summary.RichModelSummary'>]. Skipping setting a default `ModelSummary` callback.
GPU available: False, used: False
TPU available: False, using: 0 TPU cores
IPU available: False, using: 0 IPUs
HPU available: False, using: 0 HPUs
`Trainer.fit` stopped: `max_epochs=20` reached.
[I 2024-05-22 16:55:35,291] Trial 20 finished with value: 549692.5 and parameters: {'pretrain_epochs': 5, 'lr': 0.00010398746062615416, 'mc_samples_train': 1, 'prior_scale': 0.01029638255484863, 'q_scale': 0.0005068122780361661, 'obs_scale': 1.3352762117202543, 'batch_size': 512}. Best is trial 18 with value: 638.5430908203125.
`Trainer.fit` stopped: `max_epochs=20` reached.
[I 2024-05-22 16:56:03,257] Trial 11 finished with value: 764.3724975585938 and parameters: {'pretrain_epochs': 5, 'lr': 0.0003871157455553778, 'mc_samples_train': 1, 'prior_scale': 0.014489987071262374, 'q_scale': 0.00010860093339103685, 'obs_scale': 1.9746524398983547, 'batch_size': 32}. Best is trial 11 with value: 764.3724975585938.
Trainer already configured with model summary callbacks: [<class 'lightning.pytorch.callbacks.rich_model_summary.RichModelSummary'>]. Skipping setting a default `ModelSummary` callback.
GPU available: False, used: False
TPU available: False, using: 0 TPU cores
IPU available: False, using: 0 IPUs
HPU available: False, using: 0 HPUs
Trainer already configured with model summary callbacks: [<class 'lightning.pytorch.callbacks.rich_model_summary.RichModelSummary'>]. Skipping setting a default `ModelSummary` callback.
GPU available: False, used: False
TPU available: False, using: 0 TPU cores
IPU available: False, using: 0 IPUs
HPU available: False, using: 0 HPUs
`Trainer.fit` stopped: `max_epochs=20` reached.
[I 2024-05-22 17:01:48,248] Trial 14 finished with value: 3109.8896484375 and parameters: {'pretrain_epochs': 5, 'lr': 0.0005010915921201378, 'mc_samples_train': 1, 'prior_scale': 0.010694382576736208, 'q_scale': 0.0002066529483682607, 'obs_scale': 0.8129533994689465, 'batch_size': 32}. Best is trial 12 with value: 776.678955078125.
`Trainer.fit` stopped: `max_epochs=20` reached.
[I 2024-05-22 17:03:02,131] Trial 21 finished with value: 867.8070678710938 and parameters: {'pretrain_epochs': 5, 'lr': 0.0005078250118444193, 'mc_samples_train': 1, 'prior_scale': 0.017689093703803675, 'q_scale': 0.00017534009393850637, 'obs_scale': 1.734621732715612, 'batch_size': 32}. Best is trial 18 with value: 638.5430908203125.
Trainer already configured with model summary callbacks: [<class 'lightning.pytorch.callbacks.rich_model_summary.RichModelSummary'>]. Skipping setting a default `ModelSummary` callback.
GPU available: False, used: False
TPU available: False, using: 0 TPU cores
IPU available: False, using: 0 IPUs
HPU available: False, using: 0 HPUs
Trainer already configured with model summary callbacks: [<class 'lightning.pytorch.callbacks.rich_model_summary.RichModelSummary'>]. Skipping setting a default `ModelSummary` callback.
GPU available: False, used: False
TPU available: False, using: 0 TPU cores
IPU available: False, using: 0 IPUs
HPU available: False, using: 0 HPUs
`Trainer.fit` stopped: `max_epochs=20` reached.
[I 2024-05-22 17:06:47,238] Trial 12 finished with value: 818.73193359375 and parameters: {'pretrain_epochs': 5, 'lr': 0.0003796759473565572, 'mc_samples_train': 1, 'prior_scale': 0.014959205297763659, 'q_scale': 0.00010181693721223134, 'obs_scale': 1.9328425480641904, 'batch_size': 32}. Best is trial 11 with value: 764.3724975585938.
Trainer already configured with model summary callbacks: [<class 'lightning.pytorch.callbacks.rich_model_summary.RichModelSummary'>]. Skipping setting a default `ModelSummary` callback.
GPU available: False, used: False
TPU available: False, using: 0 TPU cores
IPU available: False, using: 0 IPUs
HPU available: False, using: 0 HPUs
`Trainer.fit` stopped: `max_epochs=20` reached.
[I 2024-05-22 17:09:07,784] Trial 22 finished with value: 1328.022705078125 and parameters: {'pretrain_epochs': 5, 'lr': 0.00031065326061239346, 'mc_samples_train': 1, 'prior_scale': 0.014027304769731203, 'q_scale': 0.0001339666080752519, 'obs_scale': 1.4434989169550396, 'batch_size': 32}. Best is trial 18 with value: 638.5430908203125.
`Trainer.fit` stopped: `max_epochs=20` reached.
[I 2024-05-22 17:09:51,523] Trial 15 finished with value: 4138.82177734375 and parameters: {'pretrain_epochs': 5, 'lr': 0.0005127255173196106, 'mc_samples_train': 1, 'prior_scale': 0.028499902751828544, 'q_scale': 0.0002314041680489933, 'obs_scale': 0.7052783036429959, 'batch_size': 32}. Best is trial 12 with value: 776.678955078125.
Trainer already configured with model summary callbacks: [<class 'lightning.pytorch.callbacks.rich_model_summary.RichModelSummary'>]. Skipping setting a default `ModelSummary` callback.
GPU available: False, used: False
TPU available: False, using: 0 TPU cores
IPU available: False, using: 0 IPUs
HPU available: False, using: 0 HPUs
Trainer already configured with model summary callbacks: [<class 'lightning.pytorch.callbacks.rich_model_summary.RichModelSummary'>]. Skipping setting a default `ModelSummary` callback.
GPU available: False, used: False
TPU available: False, using: 0 TPU cores
IPU available: False, using: 0 IPUs
HPU available: False, using: 0 HPUs
`Trainer.fit` stopped: `max_epochs=20` reached.
