[I 2024-05-22 18:37:32,642] Trial 21 finished with value: 743.9528198242188 and parameters: {'pretrain_epochs': 5, 'lr': 0.00041015852451963154, 'mc_samples_train': 1, 'prior_scale': 0.04449649483622215, 'q_scale': 0.0001250658331406937, 'obs_scale': 1.8578685437446543, 'batch_size': 32}. Best is trial 19 with value: 690.365478515625.
Trainer already configured with model summary callbacks: [<class 'lightning.pytorch.callbacks.rich_model_summary.RichModelSummary'>]. Skipping setting a default `ModelSummary` callback.
GPU available: False, used: False
TPU available: False, using: 0 TPU cores
IPU available: False, using: 0 IPUs
HPU available: False, using: 0 HPUs
Trainer already configured with model summary callbacks: [<class 'lightning.pytorch.callbacks.rich_model_summary.RichModelSummary'>]. Skipping setting a default `ModelSummary` callback.
GPU available: False, used: False
TPU available: False, using: 0 TPU cores
IPU available: False, using: 0 IPUs
HPU available: False, using: 0 HPUs
`Trainer.fit` stopped: `max_epochs=20` reached.
[I 2024-05-22 18:41:22,011] Trial 36 finished with value: 45681.359375 and parameters: {'pretrain_epochs': 5, 'lr': 0.0009896070429209322, 'mc_samples_train': 1, 'prior_scale': 0.05201170174823858, 'q_scale': 0.0008318262408417543, 'obs_scale': 0.33089571127845113, 'batch_size': 64}. Best is trial 27 with value: 590.4325561523438.
Trainer already configured with model summary callbacks: [<class 'lightning.pytorch.callbacks.rich_model_summary.RichModelSummary'>]. Skipping setting a default `ModelSummary` callback.
GPU available: False, used: False
TPU available: False, using: 0 TPU cores
IPU available: False, using: 0 IPUs
HPU available: False, using: 0 HPUs
`Trainer.fit` stopped: `max_epochs=20` reached.
[I 2024-05-22 18:45:24,792] Trial 37 finished with value: 67325.953125 and parameters: {'pretrain_epochs': 0, 'lr': 0.0001328314988471751, 'mc_samples_train': 1, 'prior_scale': 0.016638583271667614, 'q_scale': 0.0013563922908611345, 'obs_scale': 1.1479967873339936, 'batch_size': 128}. Best is trial 27 with value: 590.4325561523438.
Trainer already configured with model summary callbacks: [<class 'lightning.pytorch.callbacks.rich_model_summary.RichModelSummary'>]. Skipping setting a default `ModelSummary` callback.
GPU available: False, used: False
TPU available: False, using: 0 TPU cores
IPU available: False, using: 0 IPUs
HPU available: False, using: 0 HPUs
`Trainer.fit` stopped: `max_epochs=20` reached.
[I 2024-05-22 18:47:47,677] Trial 22 finished with value: 996.09521484375 and parameters: {'pretrain_epochs': 5, 'lr': 0.0009754943333075779, 'mc_samples_train': 1, 'prior_scale': 0.04460899182040673, 'q_scale': 0.0003039037819303493, 'obs_scale': 1.3737994450999234, 'batch_size': 32}. Best is trial 19 with value: 690.365478515625.
`Trainer.fit` stopped: `max_epochs=20` reached.
[I 2024-05-22 18:47:59,265] Trial 26 finished with value: 978.9827270507812 and parameters: {'pretrain_epochs': 0, 'lr': 0.0002777502491744007, 'mc_samples_train': 2, 'prior_scale': 0.023029747498487643, 'q_scale': 0.00015840070760256788, 'obs_scale': 1.5033076126516498, 'batch_size': 32}. Best is trial 22 with value: 726.20751953125.
Trainer already configured with model summary callbacks: [<class 'lightning.pytorch.callbacks.rich_model_summary.RichModelSummary'>]. Skipping setting a default `ModelSummary` callback.
GPU available: False, used: False
TPU available: False, using: 0 TPU cores
IPU available: False, using: 0 IPUs
HPU available: False, using: 0 HPUs
Trainer already configured with model summary callbacks: [<class 'lightning.pytorch.callbacks.rich_model_summary.RichModelSummary'>]. Skipping setting a default `ModelSummary` callback.
GPU available: False, used: False
TPU available: False, using: 0 TPU cores
IPU available: False, using: 0 IPUs
HPU available: False, using: 0 HPUs
`Trainer.fit` stopped: `max_epochs=20` reached.
[I 2024-05-22 18:54:17,478] Trial 38 finished with value: 4980.486328125 and parameters: {'pretrain_epochs': 5, 'lr': 0.000571682651570822, 'mc_samples_train': 2, 'prior_scale': 0.02142576992371981, 'q_scale': 0.0023753802014655555, 'obs_scale': 0.6007026505962428, 'batch_size': 32}. Best is trial 27 with value: 590.4325561523438.
`Trainer.fit` stopped: `max_epochs=20` reached.
[I 2024-05-22 18:55:45,253] Trial 27 finished with value: 1110.2958984375 and parameters: {'pretrain_epochs': 5, 'lr': 0.0006462239990099816, 'mc_samples_train': 1, 'prior_scale': 0.039164855551974256, 'q_scale': 0.0002842243619846405, 'obs_scale': 1.3118927838300352, 'batch_size': 32}. Best is trial 22 with value: 726.20751953125.
Trainer already configured with model summary callbacks: [<class 'lightning.pytorch.callbacks.rich_model_summary.RichModelSummary'>]. Skipping setting a default `ModelSummary` callback.
GPU available: False, used: False
TPU available: False, using: 0 TPU cores
IPU available: False, using: 0 IPUs
HPU available: False, using: 0 HPUs
`Trainer.fit` stopped: `max_epochs=20` reached.
[I 2024-05-22 18:57:25,451] Trial 23 finished with value: 848.3551635742188 and parameters: {'pretrain_epochs': 5, 'lr': 0.0005186379518449633, 'mc_samples_train': 1, 'prior_scale': 0.03843216756347223, 'q_scale': 0.00016268424389528024, 'obs_scale': 1.5441415644308474, 'batch_size': 32}. Best is trial 19 with value: 690.365478515625.
Trainer already configured with model summary callbacks: [<class 'lightning.pytorch.callbacks.rich_model_summary.RichModelSummary'>]. Skipping setting a default `ModelSummary` callback.
GPU available: False, used: False
TPU available: False, using: 0 TPU cores
IPU available: False, using: 0 IPUs
HPU available: False, using: 0 HPUs
Trainer already configured with model summary callbacks: [<class 'lightning.pytorch.callbacks.rich_model_summary.RichModelSummary'>]. Skipping setting a default `ModelSummary` callback.
GPU available: False, used: False
TPU available: False, using: 0 TPU cores
IPU available: False, using: 0 IPUs
HPU available: False, using: 0 HPUs
`Trainer.fit` stopped: `max_epochs=20` reached.
[I 2024-05-22 18:59:39,041] Trial 39 finished with value: 2317.898193359375 and parameters: {'pretrain_epochs': 0, 'lr': 0.0007736037821441898, 'mc_samples_train': 1, 'prior_scale': 0.012150303233325341, 'q_scale': 0.00023355156477377557, 'obs_scale': 1.3704892915134503, 'batch_size': 64}. Best is trial 27 with value: 590.4325561523438.
Trainer already configured with model summary callbacks: [<class 'lightning.pytorch.callbacks.rich_model_summary.RichModelSummary'>]. Skipping setting a default `ModelSummary` callback.
GPU available: False, used: False
TPU available: False, using: 0 TPU cores
IPU available: False, using: 0 IPUs
HPU available: False, using: 0 HPUs
`Trainer.fit` stopped: `max_epochs=20` reached.
[I 2024-05-22 19:05:40,528] Trial 28 finished with value: 6881.70263671875 and parameters: {'pretrain_epochs': 5, 'lr': 0.00043079770241528416, 'mc_samples_train': 1, 'prior_scale': 0.017760483873465176, 'q_scale': 0.0005690864716985643, 'obs_scale': 0.5960392762208313, 'batch_size': 32}. Best is trial 22 with value: 726.20751953125.
`Trainer.fit` stopped: `max_epochs=20` reached.
[I 2024-05-22 19:06:00,638] Trial 40 finished with value: 631372.3125 and parameters: {'pretrain_epochs': 5, 'lr': 2.8058268402712556e-05, 'mc_samples_train': 2, 'prior_scale': 0.04533861163761555, 'q_scale': 0.00040784703330132467, 'obs_scale': 1.0315140414821267, 'batch_size': 256}. Best is trial 27 with value: 590.4325561523438.
Trainer already configured with model summary callbacks: [<class 'lightning.pytorch.callbacks.rich_model_summary.RichModelSummary'>]. Skipping setting a default `ModelSummary` callback.
GPU available: False, used: False
TPU available: False, using: 0 TPU cores
IPU available: False, using: 0 IPUs
HPU available: False, using: 0 HPUs
Trainer already configured with model summary callbacks: [<class 'lightning.pytorch.callbacks.rich_model_summary.RichModelSummary'>]. Skipping setting a default `ModelSummary` callback.
GPU available: False, used: False
TPU available: False, using: 0 TPU cores
IPU available: False, using: 0 IPUs
HPU available: False, using: 0 HPUs
`Trainer.fit` stopped: `max_epochs=20` reached.
[I 2024-05-22 19:09:22,863] Trial 24 finished with value: 3363.364013671875 and parameters: {'pretrain_epochs': 5, 'lr': 0.00020784089936046128, 'mc_samples_train': 1, 'prior_scale': 0.02050998174635635, 'q_scale': 0.00014148544304917933, 'obs_scale': 1.004429053278709, 'batch_size': 32}. Best is trial 19 with value: 690.365478515625.
Trainer already configured with model summary callbacks: [<class 'lightning.pytorch.callbacks.rich_model_summary.RichModelSummary'>]. Skipping setting a default `ModelSummary` callback.
GPU available: False, used: False
TPU available: False, using: 0 TPU cores
IPU available: False, using: 0 IPUs
HPU available: False, using: 0 HPUs
`Trainer.fit` stopped: `max_epochs=20` reached.
[I 2024-05-22 19:13:26,049] Trial 41 finished with value: 729.94287109375 and parameters: {'pretrain_epochs': 5, 'lr': 0.000349953513183158, 'mc_samples_train': 1, 'prior_scale': 0.012527228420994466, 'q_scale': 0.00030440208794001676, 'obs_scale': 1.9856568708826312, 'batch_size': 32}. Best is trial 27 with value: 590.4325561523438.
Trainer already configured with model summary callbacks: [<class 'lightning.pytorch.callbacks.rich_model_summary.RichModelSummary'>]. Skipping setting a default `ModelSummary` callback.
GPU available: False, used: False
TPU available: False, using: 0 TPU cores
IPU available: False, using: 0 IPUs
HPU available: False, using: 0 HPUs
`Trainer.fit` stopped: `max_epochs=20` reached.
[I 2024-05-22 19:15:52,372] Trial 29 finished with value: 13511.9267578125 and parameters: {'pretrain_epochs': 5, 'lr': 7.261588679867827e-05, 'mc_samples_train': 1, 'prior_scale': 0.034192931955505435, 'q_scale': 0.000383518181805017, 'obs_scale': 1.0326152132412356, 'batch_size': 32}. Best is trial 22 with value: 726.20751953125.
`Trainer.fit` stopped: `max_epochs=20` reached.
[I 2024-05-22 19:17:59,959] Trial 25 finished with value: 81325.1796875 and parameters: {'pretrain_epochs': 5, 'lr': 0.000361384064292424, 'mc_samples_train': 1, 'prior_scale': 0.06250540222971072, 'q_scale': 0.0004526070398440934, 'obs_scale': 0.5470120711533071, 'batch_size': 128}. Best is trial 19 with value: 690.365478515625.
Trainer already configured with model summary callbacks: [<class 'lightning.pytorch.callbacks.rich_model_summary.RichModelSummary'>]. Skipping setting a default `ModelSummary` callback.
GPU available: False, used: False
TPU available: False, using: 0 TPU cores
IPU available: False, using: 0 IPUs
HPU available: False, using: 0 HPUs
Trainer already configured with model summary callbacks: [<class 'lightning.pytorch.callbacks.rich_model_summary.RichModelSummary'>]. Skipping setting a default `ModelSummary` callback.
GPU available: False, used: False
TPU available: False, using: 0 TPU cores
IPU available: False, using: 0 IPUs
HPU available: False, using: 0 HPUs
`Trainer.fit` stopped: `max_epochs=20` reached.
[I 2024-05-22 19:20:53,795] Trial 42 finished with value: 985.5684814453125 and parameters: {'pretrain_epochs': 5, 'lr': 0.0003659724504716335, 'mc_samples_train': 1, 'prior_scale': 0.010036648269580542, 'q_scale': 0.0005823167395014803, 'obs_scale': 1.7421772656444918, 'batch_size': 32}. Best is trial 27 with value: 590.4325561523438.
Trainer already configured with model summary callbacks: [<class 'lightning.pytorch.callbacks.rich_model_summary.RichModelSummary'>]. Skipping setting a default `ModelSummary` callback.
GPU available: False, used: False
TPU available: False, using: 0 TPU cores
IPU available: False, using: 0 IPUs
HPU available: False, using: 0 HPUs
`Trainer.fit` stopped: `max_epochs=20` reached.
[I 2024-05-22 19:23:26,406] Trial 30 finished with value: 214068.71875 and parameters: {'pretrain_epochs': 5, 'lr': 4.0371445591997935e-05, 'mc_samples_train': 1, 'prior_scale': 0.013691393617555888, 'q_scale': 0.00013777450908262776, 'obs_scale': 1.6252621426611977, 'batch_size': 256}. Best is trial 22 with value: 726.20751953125.
Trainer already configured with model summary callbacks: [<class 'lightning.pytorch.callbacks.rich_model_summary.RichModelSummary'>]. Skipping setting a default `ModelSummary` callback.
GPU available: False, used: False
TPU available: False, using: 0 TPU cores
IPU available: False, using: 0 IPUs
HPU available: False, using: 0 HPUs
`Trainer.fit` stopped: `max_epochs=20` reached.
[I 2024-05-22 19:28:38,153] Trial 43 finished with value: 1492.4874267578125 and parameters: {'pretrain_epochs': 5, 'lr': 0.00015472507612813454, 'mc_samples_train': 1, 'prior_scale': 0.07666832790534799, 'q_scale': 0.00031196514000577893, 'obs_scale': 1.98641305847789, 'batch_size': 32}. Best is trial 27 with value: 590.4325561523438.
Trainer already configured with model summary callbacks: [<class 'lightning.pytorch.callbacks.rich_model_summary.RichModelSummary'>]. Skipping setting a default `ModelSummary` callback.
GPU available: False, used: False
TPU available: False, using: 0 TPU cores
IPU available: False, using: 0 IPUs
HPU available: False, using: 0 HPUs
`Trainer.fit` stopped: `max_epochs=20` reached.
[I 2024-05-22 19:32:07,482] Trial 31 finished with value: 736.4790649414062 and parameters: {'pretrain_epochs': 5, 'lr': 0.0003894044991879751, 'mc_samples_train': 1, 'prior_scale': 0.01353030891895818, 'q_scale': 0.00010008409358998365, 'obs_scale': 1.9957207203174112, 'batch_size': 32}. Best is trial 22 with value: 726.20751953125.
Trainer already configured with model summary callbacks: [<class 'lightning.pytorch.callbacks.rich_model_summary.RichModelSummary'>]. Skipping setting a default `ModelSummary` callback.
GPU available: False, used: False
TPU available: False, using: 0 TPU cores
IPU available: False, using: 0 IPUs
HPU available: False, using: 0 HPUs
`Trainer.fit` stopped: `max_epochs=20` reached.
[I 2024-05-22 19:34:54,097] Trial 44 finished with value: 1106.6483154296875 and parameters: {'pretrain_epochs': 5, 'lr': 0.00024466865976015506, 'mc_samples_train': 1, 'prior_scale': 0.017581346856495525, 'q_scale': 0.00014126243401882358, 'obs_scale': 1.6448960958435905, 'batch_size': 32}. Best is trial 27 with value: 590.4325561523438.
`Trainer.fit` stopped: `max_epochs=20` reached.
[I 2024-05-22 19:36:00,846] Trial 26 finished with value: 867.1778564453125 and parameters: {'pretrain_epochs': 0, 'lr': 0.000612131580000748, 'mc_samples_train': 2, 'prior_scale': 0.02199866963366996, 'q_scale': 0.0002240033591427662, 'obs_scale': 1.5967477296657937, 'batch_size': 32}. Best is trial 19 with value: 690.365478515625.
Trainer already configured with model summary callbacks: [<class 'lightning.pytorch.callbacks.rich_model_summary.RichModelSummary'>]. Skipping setting a default `ModelSummary` callback.
GPU available: False, used: False
TPU available: False, using: 0 TPU cores
IPU available: False, using: 0 IPUs
HPU available: False, using: 0 HPUs
Trainer already configured with model summary callbacks: [<class 'lightning.pytorch.callbacks.rich_model_summary.RichModelSummary'>]. Skipping setting a default `ModelSummary` callback.
GPU available: False, used: False
TPU available: False, using: 0 TPU cores
IPU available: False, using: 0 IPUs
HPU available: False, using: 0 HPUs
`Trainer.fit` stopped: `max_epochs=20` reached.
[I 2024-05-22 19:39:08,554] Trial 32 finished with value: 800.996337890625 and parameters: {'pretrain_epochs': 5, 'lr': 0.000326839708001541, 'mc_samples_train': 1, 'prior_scale': 0.012905660677751013, 'q_scale': 0.00019119391382860042, 'obs_scale': 1.90985545737988, 'batch_size': 32}. Best is trial 22 with value: 726.20751953125.
`Trainer.fit` stopped: `max_epochs=20` reached.
[I 2024-05-22 19:40:19,857] Trial 45 finished with value: 1341.3609619140625 and parameters: {'pretrain_epochs': 5, 'lr': 0.00032562608133613214, 'mc_samples_train': 1, 'prior_scale': 0.014815414106136604, 'q_scale': 0.00046812667831672324, 'obs_scale': 1.4814776598382429, 'batch_size': 32}. Best is trial 27 with value: 590.4325561523438.
Trainer already configured with model summary callbacks: [<class 'lightning.pytorch.callbacks.rich_model_summary.RichModelSummary'>]. Skipping setting a default `ModelSummary` callback.
GPU available: False, used: False
TPU available: False, using: 0 TPU cores
IPU available: False, using: 0 IPUs
HPU available: False, using: 0 HPUs
Trainer already configured with model summary callbacks: [<class 'lightning.pytorch.callbacks.rich_model_summary.RichModelSummary'>]. Skipping setting a default `ModelSummary` callback.
GPU available: False, used: False
TPU available: False, using: 0 TPU cores
IPU available: False, using: 0 IPUs
HPU available: False, using: 0 HPUs
`Trainer.fit` stopped: `max_epochs=20` reached.
[I 2024-05-22 19:43:54,088] Trial 46 finished with value: 5778.1455078125 and parameters: {'pretrain_epochs': 5, 'lr': 0.00044756171259208833, 'mc_samples_train': 1, 'prior_scale': 0.12191994168933055, 'q_scale': 0.009917072934430256, 'obs_scale': 1.7381471529353982, 'batch_size': 128}. Best is trial 27 with value: 590.4325561523438.
`Trainer.fit` stopped: `max_epochs=20` reached.
[I 2024-05-22 19:44:15,320] Trial 27 finished with value: 680.919677734375 and parameters: {'pretrain_epochs': 5, 'lr': 0.00034268773748172065, 'mc_samples_train': 1, 'prior_scale': 0.13350687499801, 'q_scale': 0.00014022198729040606, 'obs_scale': 1.9712468170042552, 'batch_size': 32}. Best is trial 27 with value: 680.919677734375.
Trainer already configured with model summary callbacks: [<class 'lightning.pytorch.callbacks.rich_model_summary.RichModelSummary'>]. Skipping setting a default `ModelSummary` callback.
GPU available: False, used: False
TPU available: False, using: 0 TPU cores
IPU available: False, using: 0 IPUs
HPU available: False, using: 0 HPUs
Trainer already configured with model summary callbacks: [<class 'lightning.pytorch.callbacks.rich_model_summary.RichModelSummary'>]. Skipping setting a default `ModelSummary` callback.
GPU available: False, used: False
TPU available: False, using: 0 TPU cores
IPU available: False, using: 0 IPUs
HPU available: False, using: 0 HPUs
`Trainer.fit` stopped: `max_epochs=20` reached.
[I 2024-05-22 19:46:34,111] Trial 33 finished with value: 2153.09912109375 and parameters: {'pretrain_epochs': 5, 'lr': 0.00020544831132778633, 'mc_samples_train': 1, 'prior_scale': 0.02120658331452482, 'q_scale': 0.00013936544401538933, 'obs_scale': 1.270929739981464, 'batch_size': 32}. Best is trial 22 with value: 726.20751953125.
Trainer already configured with model summary callbacks: [<class 'lightning.pytorch.callbacks.rich_model_summary.RichModelSummary'>]. Skipping setting a default `ModelSummary` callback.
GPU available: False, used: False
TPU available: False, using: 0 TPU cores
IPU available: False, using: 0 IPUs
HPU available: False, using: 0 HPUs
[I 2024-05-22 19:49:21,806] Trial 47 pruned. Trial was pruned at epoch 15.
Trainer already configured with model summary callbacks: [<class 'lightning.pytorch.callbacks.rich_model_summary.RichModelSummary'>]. Skipping setting a default `ModelSummary` callback.
GPU available: False, used: False
TPU available: False, using: 0 TPU cores
IPU available: False, using: 0 IPUs
HPU available: False, using: 0 HPUs
`Trainer.fit` stopped: `max_epochs=20` reached.
[I 2024-05-22 19:54:22,859] Trial 48 finished with value: 205827936.0 and parameters: {'pretrain_epochs': 0, 'lr': 1.0125058472109033e-05, 'mc_samples_train': 1, 'prior_scale': 0.06159890209393115, 'q_scale': 0.0008246276243834558, 'obs_scale': 0.10493102734335331, 'batch_size': 512}. Best is trial 27 with value: 590.4325561523438.
`Trainer.fit` stopped: `max_epochs=20` reached.
[I 2024-05-22 19:54:34,434] Trial 34 finished with value: 654602.75 and parameters: {'pretrain_epochs': 0, 'lr': 0.00012521946164260973, 'mc_samples_train': 1, 'prior_scale': 0.012051794065957343, 'q_scale': 0.0002796168896445895, 'obs_scale': 1.6292551147629337, 'batch_size': 512}. Best is trial 22 with value: 726.20751953125.
`Trainer.fit` stopped: `max_epochs=20` reached.
[I 2024-05-22 19:55:04,571] Trial 28 finished with value: 8698.59765625 and parameters: {'pretrain_epochs': 5, 'lr': 0.0001347726731728479, 'mc_samples_train': 1, 'prior_scale': 0.30186663651042894, 'q_scale': 0.00019594652269900464, 'obs_scale': 0.9334482210700186, 'batch_size': 32}. Best is trial 27 with value: 680.919677734375.
Trainer already configured with model summary callbacks: [<class 'lightning.pytorch.callbacks.rich_model_summary.RichModelSummary'>]. Skipping setting a default `ModelSummary` callback.
GPU available: False, used: False
TPU available: False, using: 0 TPU cores
IPU available: False, using: 0 IPUs
HPU available: False, using: 0 HPUs
Trainer already configured with model summary callbacks: [<class 'lightning.pytorch.callbacks.rich_model_summary.RichModelSummary'>]. Skipping setting a default `ModelSummary` callback.
GPU available: False, used: False
TPU available: False, using: 0 TPU cores
IPU available: False, using: 0 IPUs
HPU available: False, using: 0 HPUs
Trainer already configured with model summary callbacks: [<class 'lightning.pytorch.callbacks.rich_model_summary.RichModelSummary'>]. Skipping setting a default `ModelSummary` callback.
GPU available: False, used: False
TPU available: False, using: 0 TPU cores
IPU available: False, using: 0 IPUs
HPU available: False, using: 0 HPUs
`Trainer.fit` stopped: `max_epochs=20` reached.
