[I 2024-05-22 17:14:57,864] Trial 16 finished with value: 324199.1875 and parameters: {'pretrain_epochs': 5, 'lr': 0.0001683729748744469, 'mc_samples_train': 1, 'prior_scale': 0.026612552748234822, 'q_scale': 0.0006750641359979788, 'obs_scale': 1.3965506004824642, 'batch_size': 512}. Best is trial 12 with value: 776.678955078125.
`Trainer.fit` stopped: `max_epochs=20` reached.
[I 2024-05-22 17:15:14,755] Trial 23 finished with value: 637.3792114257812 and parameters: {'pretrain_epochs': 5, 'lr': 0.0006305069628294042, 'mc_samples_train': 1, 'prior_scale': 0.021096409553778835, 'q_scale': 0.0002474266586186133, 'obs_scale': 1.94993290167836, 'batch_size': 32}. Best is trial 23 with value: 637.3792114257812.
`Trainer.fit` stopped: `max_epochs=20` reached.
[I 2024-05-22 17:15:38,762] Trial 13 finished with value: 720.3123168945312 and parameters: {'pretrain_epochs': 5, 'lr': 0.0004805364291548028, 'mc_samples_train': 1, 'prior_scale': 0.010482874946722998, 'q_scale': 0.00010532990129819251, 'obs_scale': 1.8557399609740814, 'batch_size': 32}. Best is trial 13 with value: 720.3123168945312.
Trainer already configured with model summary callbacks: [<class 'lightning.pytorch.callbacks.rich_model_summary.RichModelSummary'>]. Skipping setting a default `ModelSummary` callback.
GPU available: False, used: False
TPU available: False, using: 0 TPU cores
IPU available: False, using: 0 IPUs
HPU available: False, using: 0 HPUs
Trainer already configured with model summary callbacks: [<class 'lightning.pytorch.callbacks.rich_model_summary.RichModelSummary'>]. Skipping setting a default `ModelSummary` callback.
GPU available: False, used: False
TPU available: False, using: 0 TPU cores
IPU available: False, using: 0 IPUs
HPU available: False, using: 0 HPUs
Trainer already configured with model summary callbacks: [<class 'lightning.pytorch.callbacks.rich_model_summary.RichModelSummary'>]. Skipping setting a default `ModelSummary` callback.
GPU available: False, used: False
TPU available: False, using: 0 TPU cores
IPU available: False, using: 0 IPUs
HPU available: False, using: 0 HPUs
`Trainer.fit` stopped: `max_epochs=20` reached.
[I 2024-05-22 17:22:28,000] Trial 24 finished with value: 1966.7161865234375 and parameters: {'pretrain_epochs': 5, 'lr': 0.0006849492954640321, 'mc_samples_train': 1, 'prior_scale': 0.022220571810361894, 'q_scale': 0.0002796008426675704, 'obs_scale': 0.9927672426674916, 'batch_size': 32}. Best is trial 23 with value: 637.3792114257812.
Trainer already configured with model summary callbacks: [<class 'lightning.pytorch.callbacks.rich_model_summary.RichModelSummary'>]. Skipping setting a default `ModelSummary` callback.
GPU available: False, used: False
TPU available: False, using: 0 TPU cores
IPU available: False, using: 0 IPUs
HPU available: False, using: 0 HPUs
`Trainer.fit` stopped: `max_epochs=20` reached.
[I 2024-05-22 17:24:38,707] Trial 17 finished with value: 4893.36865234375 and parameters: {'pretrain_epochs': 5, 'lr': 0.0006667311236887355, 'mc_samples_train': 1, 'prior_scale': 0.05008224559552991, 'q_scale': 0.00018937647242706838, 'obs_scale': 0.6221357745820894, 'batch_size': 32}. Best is trial 12 with value: 776.678955078125.
Trainer already configured with model summary callbacks: [<class 'lightning.pytorch.callbacks.rich_model_summary.RichModelSummary'>]. Skipping setting a default `ModelSummary` callback.
GPU available: False, used: False
TPU available: False, using: 0 TPU cores
IPU available: False, using: 0 IPUs
HPU available: False, using: 0 HPUs
`Trainer.fit` stopped: `max_epochs=20` reached.
[I 2024-05-22 17:26:40,536] Trial 14 finished with value: 2958.58740234375 and parameters: {'pretrain_epochs': 5, 'lr': 0.0005010915921201378, 'mc_samples_train': 1, 'prior_scale': 0.010694382576736208, 'q_scale': 0.00025978478168190144, 'obs_scale': 0.8129533994689465, 'batch_size': 32}. Best is trial 13 with value: 720.3123168945312.
`Trainer.fit` stopped: `max_epochs=20` reached.
[I 2024-05-22 17:27:10,046] Trial 25 finished with value: 13204.7626953125 and parameters: {'pretrain_epochs': 5, 'lr': 0.0009893755800209887, 'mc_samples_train': 1, 'prior_scale': 0.034219793325451595, 'q_scale': 0.0003552860014669164, 'obs_scale': 0.8532217481730135, 'batch_size': 128}. Best is trial 23 with value: 637.3792114257812.
Trainer already configured with model summary callbacks: [<class 'lightning.pytorch.callbacks.rich_model_summary.RichModelSummary'>]. Skipping setting a default `ModelSummary` callback.
GPU available: False, used: False
TPU available: False, using: 0 TPU cores
IPU available: False, using: 0 IPUs
HPU available: False, using: 0 HPUs
Trainer already configured with model summary callbacks: [<class 'lightning.pytorch.callbacks.rich_model_summary.RichModelSummary'>]. Skipping setting a default `ModelSummary` callback.
GPU available: False, used: False
TPU available: False, using: 0 TPU cores
IPU available: False, using: 0 IPUs
HPU available: False, using: 0 HPUs
`Trainer.fit` stopped: `max_epochs=20` reached.
[I 2024-05-22 17:35:09,766] Trial 18 finished with value: 1848.641357421875 and parameters: {'pretrain_epochs': 5, 'lr': 0.00025892224501798867, 'mc_samples_train': 1, 'prior_scale': 0.01915885342177043, 'q_scale': 0.0001454394955154121, 'obs_scale': 1.2369081189299158, 'batch_size': 32}. Best is trial 12 with value: 776.678955078125.
Trainer already configured with model summary callbacks: [<class 'lightning.pytorch.callbacks.rich_model_summary.RichModelSummary'>]. Skipping setting a default `ModelSummary` callback.
GPU available: False, used: False
TPU available: False, using: 0 TPU cores
IPU available: False, using: 0 IPUs
HPU available: False, using: 0 HPUs
`Trainer.fit` stopped: `max_epochs=20` reached.
[I 2024-05-22 17:38:15,241] Trial 15 finished with value: 3849.109130859375 and parameters: {'pretrain_epochs': 5, 'lr': 0.0005145519904373549, 'mc_samples_train': 1, 'prior_scale': 0.032326627210685015, 'q_scale': 0.0001729459507703868, 'obs_scale': 0.7052783036429959, 'batch_size': 32}. Best is trial 13 with value: 720.3123168945312.
`Trainer.fit` stopped: `max_epochs=20` reached.
[I 2024-05-22 17:40:07,961] Trial 26 finished with value: 1247.8739013671875 and parameters: {'pretrain_epochs': 0, 'lr': 0.00020608770303331538, 'mc_samples_train': 2, 'prior_scale': 0.019771918115966014, 'q_scale': 0.0005814301682754722, 'obs_scale': 1.4530017248452578, 'batch_size': 32}. Best is trial 23 with value: 637.3792114257812.
Trainer already configured with model summary callbacks: [<class 'lightning.pytorch.callbacks.rich_model_summary.RichModelSummary'>]. Skipping setting a default `ModelSummary` callback.
GPU available: False, used: False
TPU available: False, using: 0 TPU cores
IPU available: False, using: 0 IPUs
HPU available: False, using: 0 HPUs
Trainer already configured with model summary callbacks: [<class 'lightning.pytorch.callbacks.rich_model_summary.RichModelSummary'>]. Skipping setting a default `ModelSummary` callback.
GPU available: False, used: False
TPU available: False, using: 0 TPU cores
IPU available: False, using: 0 IPUs
HPU available: False, using: 0 HPUs
`Trainer.fit` stopped: `max_epochs=20` reached.
[I 2024-05-22 17:45:25,641] Trial 19 finished with value: 10316.3310546875 and parameters: {'pretrain_epochs': 5, 'lr': 0.0003701594295050813, 'mc_samples_train': 1, 'prior_scale': 0.03808194315067731, 'q_scale': 0.00036097163276378226, 'obs_scale': 0.4892292458746359, 'batch_size': 32}. Best is trial 12 with value: 776.678955078125.
`Trainer.fit` stopped: `max_epochs=20` reached.
[I 2024-05-22 17:47:41,297] Trial 16 finished with value: 320059.46875 and parameters: {'pretrain_epochs': 5, 'lr': 0.0001683729748744469, 'mc_samples_train': 1, 'prior_scale': 0.026612552748234822, 'q_scale': 0.0007044685825518345, 'obs_scale': 1.4053291800180558, 'batch_size': 512}. Best is trial 13 with value: 720.3123168945312.
`Trainer.fit` stopped: `max_epochs=20` reached.
[I 2024-05-22 17:47:43,876] Trial 27 finished with value: 590.4325561523438 and parameters: {'pretrain_epochs': 5, 'lr': 0.0005683146419998195, 'mc_samples_train': 1, 'prior_scale': 0.011724639355855132, 'q_scale': 0.0009579743972305951, 'obs_scale': 1.9876720485296986, 'batch_size': 32}. Best is trial 27 with value: 590.4325561523438.
Trainer already configured with model summary callbacks: [<class 'lightning.pytorch.callbacks.rich_model_summary.RichModelSummary'>]. Skipping setting a default `ModelSummary` callback.
GPU available: False, used: False
TPU available: False, using: 0 TPU cores
IPU available: False, using: 0 IPUs
HPU available: False, using: 0 HPUs
Trainer already configured with model summary callbacks: [<class 'lightning.pytorch.callbacks.rich_model_summary.RichModelSummary'>]. Skipping setting a default `ModelSummary` callback.
GPU available: False, used: False
TPU available: False, using: 0 TPU cores
IPU available: False, using: 0 IPUs
HPU available: False, using: 0 HPUs
Trainer already configured with model summary callbacks: [<class 'lightning.pytorch.callbacks.rich_model_summary.RichModelSummary'>]. Skipping setting a default `ModelSummary` callback.
GPU available: False, used: False
TPU available: False, using: 0 TPU cores
IPU available: False, using: 0 IPUs
HPU available: False, using: 0 HPUs
`Trainer.fit` stopped: `max_epochs=20` reached.
[I 2024-05-22 17:52:01,790] Trial 20 finished with value: 1329605.5 and parameters: {'pretrain_epochs': 5, 'lr': 0.00010473759024919465, 'mc_samples_train': 1, 'prior_scale': 0.010246740666581418, 'q_scale': 0.0007215206577361437, 'obs_scale': 0.8562819043114422, 'batch_size': 512}. Best is trial 12 with value: 776.678955078125.
Trainer already configured with model summary callbacks: [<class 'lightning.pytorch.callbacks.rich_model_summary.RichModelSummary'>]. Skipping setting a default `ModelSummary` callback.
GPU available: False, used: False
TPU available: False, using: 0 TPU cores
IPU available: False, using: 0 IPUs
HPU available: False, using: 0 HPUs
`Trainer.fit` stopped: `max_epochs=20` reached.
[I 2024-05-22 17:54:04,502] Trial 28 finished with value: 1438.01318359375 and parameters: {'pretrain_epochs': 5, 'lr': 0.0005602798995992894, 'mc_samples_train': 1, 'prior_scale': 0.010863413973341444, 'q_scale': 0.0008358755116550276, 'obs_scale': 1.184947271453087, 'batch_size': 32}. Best is trial 27 with value: 590.4325561523438.
Trainer already configured with model summary callbacks: [<class 'lightning.pytorch.callbacks.rich_model_summary.RichModelSummary'>]. Skipping setting a default `ModelSummary` callback.
GPU available: False, used: False
TPU available: False, using: 0 TPU cores
IPU available: False, using: 0 IPUs
HPU available: False, using: 0 HPUs
`Trainer.fit` stopped: `max_epochs=20` reached.
[I 2024-05-22 17:57:16,442] Trial 17 finished with value: 6767.63671875 and parameters: {'pretrain_epochs': 5, 'lr': 0.0006667311236887355, 'mc_samples_train': 1, 'prior_scale': 0.011123480063279078, 'q_scale': 0.00021683415691757426, 'obs_scale': 0.5687662560496789, 'batch_size': 32}. Best is trial 13 with value: 720.3123168945312.
Trainer already configured with model summary callbacks: [<class 'lightning.pytorch.callbacks.rich_model_summary.RichModelSummary'>]. Skipping setting a default `ModelSummary` callback.
GPU available: False, used: False
TPU available: False, using: 0 TPU cores
IPU available: False, using: 0 IPUs
HPU available: False, using: 0 HPUs
`Trainer.fit` stopped: `max_epochs=20` reached.
[I 2024-05-22 17:59:00,652] Trial 21 finished with value: 968.9089965820312 and parameters: {'pretrain_epochs': 5, 'lr': 0.0004121786448164478, 'mc_samples_train': 1, 'prior_scale': 0.016343793724636013, 'q_scale': 0.00011442720559890671, 'obs_scale': 1.734621732715612, 'batch_size': 32}. Best is trial 12 with value: 776.678955078125.
`Trainer.fit` stopped: `max_epochs=20` reached.
[I 2024-05-22 17:59:26,462] Trial 29 finished with value: 2048.53759765625 and parameters: {'pretrain_epochs': 5, 'lr': 0.0006418837644781297, 'mc_samples_train': 1, 'prior_scale': 0.037945001551854755, 'q_scale': 0.000383518181805017, 'obs_scale': 0.9603409554779145, 'batch_size': 32}. Best is trial 27 with value: 590.4325561523438.
Trainer already configured with model summary callbacks: [<class 'lightning.pytorch.callbacks.rich_model_summary.RichModelSummary'>]. Skipping setting a default `ModelSummary` callback.
GPU available: False, used: False
TPU available: False, using: 0 TPU cores
IPU available: False, using: 0 IPUs
HPU available: False, using: 0 HPUs
Trainer already configured with model summary callbacks: [<class 'lightning.pytorch.callbacks.rich_model_summary.RichModelSummary'>]. Skipping setting a default `ModelSummary` callback.
GPU available: False, used: False
TPU available: False, using: 0 TPU cores
IPU available: False, using: 0 IPUs
HPU available: False, using: 0 HPUs
`Trainer.fit` stopped: `max_epochs=20` reached.
[I 2024-05-22 18:02:30,810] Trial 30 finished with value: 112529.796875 and parameters: {'pretrain_epochs': 5, 'lr': 9.413733942503548e-05, 'mc_samples_train': 1, 'prior_scale': 0.023116327972565267, 'q_scale': 0.0010290162292631712, 'obs_scale': 1.582033400644632, 'batch_size': 256}. Best is trial 27 with value: 590.4325561523438.
Trainer already configured with model summary callbacks: [<class 'lightning.pytorch.callbacks.rich_model_summary.RichModelSummary'>]. Skipping setting a default `ModelSummary` callback.
GPU available: False, used: False
TPU available: False, using: 0 TPU cores
IPU available: False, using: 0 IPUs
HPU available: False, using: 0 HPUs
`Trainer.fit` stopped: `max_epochs=20` reached.
[I 2024-05-22 18:05:19,611] Trial 18 finished with value: 1888.0791015625 and parameters: {'pretrain_epochs': 5, 'lr': 0.00025892224501798867, 'mc_samples_train': 1, 'prior_scale': 0.01915885342177043, 'q_scale': 0.00063226443133616, 'obs_scale': 1.2369081189299158, 'batch_size': 32}. Best is trial 13 with value: 720.3123168945312.
`Trainer.fit` stopped: `max_epochs=20` reached.
[I 2024-05-22 18:06:01,751] Trial 22 finished with value: 726.20751953125 and parameters: {'pretrain_epochs': 5, 'lr': 0.0005880352095816291, 'mc_samples_train': 1, 'prior_scale': 0.01383747815056773, 'q_scale': 0.00015118724848500536, 'obs_scale': 1.8276119359639478, 'batch_size': 32}. Best is trial 22 with value: 726.20751953125.
Trainer already configured with model summary callbacks: [<class 'lightning.pytorch.callbacks.rich_model_summary.RichModelSummary'>]. Skipping setting a default `ModelSummary` callback.
GPU available: False, used: False
TPU available: False, using: 0 TPU cores
IPU available: False, using: 0 IPUs
HPU available: False, using: 0 HPUs
Trainer already configured with model summary callbacks: [<class 'lightning.pytorch.callbacks.rich_model_summary.RichModelSummary'>]. Skipping setting a default `ModelSummary` callback.
GPU available: False, used: False
TPU available: False, using: 0 TPU cores
IPU available: False, using: 0 IPUs
HPU available: False, using: 0 HPUs
`Trainer.fit` stopped: `max_epochs=20` reached.
[I 2024-05-22 18:08:23,455] Trial 31 finished with value: 743.370849609375 and parameters: {'pretrain_epochs': 5, 'lr': 0.00037573603422822203, 'mc_samples_train': 1, 'prior_scale': 0.012862435488620951, 'q_scale': 0.00030908930722823777, 'obs_scale': 1.9957207203174112, 'batch_size': 32}. Best is trial 27 with value: 590.4325561523438.
Trainer already configured with model summary callbacks: [<class 'lightning.pytorch.callbacks.rich_model_summary.RichModelSummary'>]. Skipping setting a default `ModelSummary` callback.
GPU available: False, used: False
TPU available: False, using: 0 TPU cores
IPU available: False, using: 0 IPUs
HPU available: False, using: 0 HPUs
`Trainer.fit` stopped: `max_epochs=20` reached.
[I 2024-05-22 18:15:13,230] Trial 23 finished with value: 918.8363037109375 and parameters: {'pretrain_epochs': 5, 'lr': 0.000616899165565531, 'mc_samples_train': 1, 'prior_scale': 0.021792872355222724, 'q_scale': 0.00016095497042568365, 'obs_scale': 1.4265500318413384, 'batch_size': 32}. Best is trial 22 with value: 726.20751953125.
`Trainer.fit` stopped: `max_epochs=20` reached.
[I 2024-05-22 18:15:50,923] Trial 32 finished with value: 1212.9058837890625 and parameters: {'pretrain_epochs': 5, 'lr': 0.0006755234917060186, 'mc_samples_train': 1, 'prior_scale': 0.013487540745749404, 'q_scale': 0.001839951149469393, 'obs_scale': 1.2244340923839967, 'batch_size': 32}. Best is trial 27 with value: 590.4325561523438.
`Trainer.fit` stopped: `max_epochs=20` reached.
[I 2024-05-22 18:16:13,734] Trial 19 finished with value: 690.365478515625 and parameters: {'pretrain_epochs': 5, 'lr': 0.00042057639672998245, 'mc_samples_train': 1, 'prior_scale': 0.04513547759509135, 'q_scale': 0.00014728033278776402, 'obs_scale': 1.9441375642692655, 'batch_size': 32}. Best is trial 19 with value: 690.365478515625.
Trainer already configured with model summary callbacks: [<class 'lightning.pytorch.callbacks.rich_model_summary.RichModelSummary'>]. Skipping setting a default `ModelSummary` callback.
GPU available: False, used: False
TPU available: False, using: 0 TPU cores
IPU available: False, using: 0 IPUs
HPU available: False, using: 0 HPUs
Trainer already configured with model summary callbacks: [<class 'lightning.pytorch.callbacks.rich_model_summary.RichModelSummary'>]. Skipping setting a default `ModelSummary` callback.
GPU available: False, used: False
TPU available: False, using: 0 TPU cores
IPU available: False, using: 0 IPUs
HPU available: False, using: 0 HPUs
Trainer already configured with model summary callbacks: [<class 'lightning.pytorch.callbacks.rich_model_summary.RichModelSummary'>]. Skipping setting a default `ModelSummary` callback.
GPU available: False, used: False
TPU available: False, using: 0 TPU cores
IPU available: False, using: 0 IPUs
HPU available: False, using: 0 HPUs
`Trainer.fit` stopped: `max_epochs=20` reached.
[I 2024-05-22 18:23:30,045] Trial 33 finished with value: 1176.9498291015625 and parameters: {'pretrain_epochs': 5, 'lr': 0.0004053249192084928, 'mc_samples_train': 1, 'prior_scale': 0.01958667509003954, 'q_scale': 0.000186485561232912, 'obs_scale': 1.5555376660020968, 'batch_size': 32}. Best is trial 27 with value: 590.4325561523438.
`Trainer.fit` stopped: `max_epochs=20` reached.
[I 2024-05-22 18:25:40,619] Trial 24 finished with value: 1168.494384765625 and parameters: {'pretrain_epochs': 5, 'lr': 0.0001930336031641678, 'mc_samples_train': 1, 'prior_scale': 0.010183231054645643, 'q_scale': 0.0002689014303713023, 'obs_scale': 1.9394656854437888, 'batch_size': 32}. Best is trial 22 with value: 726.20751953125.
`Trainer.fit` stopped: `max_epochs=20` reached.
[I 2024-05-22 18:25:41,341] Trial 20 finished with value: 1406284.875 and parameters: {'pretrain_epochs': 5, 'lr': 0.00010206086805682757, 'mc_samples_train': 1, 'prior_scale': 0.05440818108906184, 'q_scale': 0.00016402104069976838, 'obs_scale': 0.8397869221279838, 'batch_size': 512}. Best is trial 19 with value: 690.365478515625.
Trainer already configured with model summary callbacks: [<class 'lightning.pytorch.callbacks.rich_model_summary.RichModelSummary'>]. Skipping setting a default `ModelSummary` callback.
GPU available: False, used: False
TPU available: False, using: 0 TPU cores
IPU available: False, using: 0 IPUs
HPU available: False, using: 0 HPUs
Trainer already configured with model summary callbacks: [<class 'lightning.pytorch.callbacks.rich_model_summary.RichModelSummary'>]. Skipping setting a default `ModelSummary` callback.
GPU available: False, used: False
TPU available: False, using: 0 TPU cores
IPU available: False, using: 0 IPUs
HPU available: False, using: 0 HPUs
Trainer already configured with model summary callbacks: [<class 'lightning.pytorch.callbacks.rich_model_summary.RichModelSummary'>]. Skipping setting a default `ModelSummary` callback.
GPU available: False, used: False
TPU available: False, using: 0 TPU cores
IPU available: False, using: 0 IPUs
HPU available: False, using: 0 HPUs
`Trainer.fit` stopped: `max_epochs=20` reached.
[I 2024-05-22 18:28:38,824] Trial 34 finished with value: 546143.0625 and parameters: {'pretrain_epochs': 0, 'lr': 5.7136632515214375e-05, 'mc_samples_train': 1, 'prior_scale': 0.03250745828000775, 'q_scale': 0.0001383799274030019, 'obs_scale': 1.9715346020688125, 'batch_size': 512}. Best is trial 27 with value: 590.4325561523438.
Trainer already configured with model summary callbacks: [<class 'lightning.pytorch.callbacks.rich_model_summary.RichModelSummary'>]. Skipping setting a default `ModelSummary` callback.
GPU available: False, used: False
TPU available: False, using: 0 TPU cores
IPU available: False, using: 0 IPUs
HPU available: False, using: 0 HPUs
`Trainer.fit` stopped: `max_epochs=20` reached.
[I 2024-05-22 18:33:28,466] Trial 25 finished with value: 12261.8818359375 and parameters: {'pretrain_epochs': 5, 'lr': 0.0009893755800209887, 'mc_samples_train': 1, 'prior_scale': 0.01316851447651206, 'q_scale': 0.00010072387120472633, 'obs_scale': 0.9859424874656947, 'batch_size': 128}. Best is trial 22 with value: 726.20751953125.
Trainer already configured with model summary callbacks: [<class 'lightning.pytorch.callbacks.rich_model_summary.RichModelSummary'>]. Skipping setting a default `ModelSummary` callback.
GPU available: False, used: False
TPU available: False, using: 0 TPU cores
IPU available: False, using: 0 IPUs
HPU available: False, using: 0 HPUs
`Trainer.fit` stopped: `max_epochs=20` reached.
[I 2024-05-22 18:35:44,792] Trial 35 finished with value: 49454.21484375 and parameters: {'pretrain_epochs': 5, 'lr': 0.00024127118413134782, 'mc_samples_train': 2, 'prior_scale': 0.01237437220805146, 'q_scale': 0.0027061484579067327, 'obs_scale': 1.5928641366890424, 'batch_size': 256}. Best is trial 27 with value: 590.4325561523438.
`Trainer.fit` stopped: `max_epochs=20` reached.
