[I 2024-05-23 01:32:59,813] Trial 55 finished with value: 697.4493408203125 and parameters: {'pretrain_epochs': 5, 'lr': 0.0007436459797281506, 'mc_samples_train': 1, 'prior_scale': 0.02327150100095462, 'q_scale': 0.002414394972963518, 'obs_scale': 1.7548409369784226, 'batch_size': 32}. Best is trial 53 with value: 506.33447265625.
Trainer already configured with model summary callbacks: [<class 'lightning.pytorch.callbacks.rich_model_summary.RichModelSummary'>]. Skipping setting a default `ModelSummary` callback.
GPU available: False, used: False
TPU available: False, using: 0 TPU cores
IPU available: False, using: 0 IPUs
HPU available: False, using: 0 HPUs
`Trainer.fit` stopped: `max_epochs=20` reached.
[I 2024-05-23 01:44:09,242] Trial 56 finished with value: 1410.1312255859375 and parameters: {'pretrain_epochs': 5, 'lr': 0.0005525278878259838, 'mc_samples_train': 1, 'prior_scale': 0.036293238376466, 'q_scale': 0.001706471075835497, 'obs_scale': 1.3295365154982335, 'batch_size': 32}. Best is trial 53 with value: 506.33447265625.
Trainer already configured with model summary callbacks: [<class 'lightning.pytorch.callbacks.rich_model_summary.RichModelSummary'>]. Skipping setting a default `ModelSummary` callback.
GPU available: False, used: False
TPU available: False, using: 0 TPU cores
IPU available: False, using: 0 IPUs
HPU available: False, using: 0 HPUs
`Trainer.fit` stopped: `max_epochs=20` reached.
[I 2024-05-23 01:55:19,285] Trial 57 finished with value: 488.57672119140625 and parameters: {'pretrain_epochs': 5, 'lr': 0.0008467463981896237, 'mc_samples_train': 1, 'prior_scale': 0.017679470674952433, 'q_scale': 0.0012007407924031427, 'obs_scale': 1.9927528153403078, 'batch_size': 32}. Best is trial 57 with value: 488.57672119140625.
Trainer already configured with model summary callbacks: [<class 'lightning.pytorch.callbacks.rich_model_summary.RichModelSummary'>]. Skipping setting a default `ModelSummary` callback.
GPU available: False, used: False
TPU available: False, using: 0 TPU cores
IPU available: False, using: 0 IPUs
HPU available: False, using: 0 HPUs
`Trainer.fit` stopped: `max_epochs=20` reached.
[I 2024-05-23 02:04:44,588] Trial 58 finished with value: 850.5870971679688 and parameters: {'pretrain_epochs': 5, 'lr': 0.0007877827882724085, 'mc_samples_train': 1, 'prior_scale': 0.01746513899542512, 'q_scale': 0.0012284860487117909, 'obs_scale': 1.7771063143050858, 'batch_size': 32}. Best is trial 57 with value: 488.57672119140625.
Trainer already configured with model summary callbacks: [<class 'lightning.pytorch.callbacks.rich_model_summary.RichModelSummary'>]. Skipping setting a default `ModelSummary` callback.
GPU available: False, used: False
TPU available: False, using: 0 TPU cores
IPU available: False, using: 0 IPUs
HPU available: False, using: 0 HPUs
`Trainer.fit` stopped: `max_epochs=20` reached.
[I 2024-05-23 02:12:32,210] Trial 59 finished with value: 962.2722778320312 and parameters: {'pretrain_epochs': 5, 'lr': 0.0009273679197537135, 'mc_samples_train': 1, 'prior_scale': 0.017238705994767664, 'q_scale': 0.003083385037917059, 'obs_scale': 1.479567328209994, 'batch_size': 32}. Best is trial 57 with value: 488.57672119140625.
