[I 2024-05-22 20:02:10,642] Trial 49 finished with value: 3293.40087890625 and parameters: {'pretrain_epochs': 5, 'lr': 0.0005731371803020752, 'mc_samples_train': 2, 'prior_scale': 0.3095805198996549, 'q_scale': 0.00019590321361180577, 'obs_scale': 1.2063339076536317, 'batch_size': 64}. Best is trial 27 with value: 590.4325561523438.
Trainer already configured with model summary callbacks: [<class 'lightning.pytorch.callbacks.rich_model_summary.RichModelSummary'>]. Skipping setting a default `ModelSummary` callback.
GPU available: False, used: False
TPU available: False, using: 0 TPU cores
IPU available: False, using: 0 IPUs
HPU available: False, using: 0 HPUs
`Trainer.fit` stopped: `max_epochs=20` reached.
[I 2024-05-22 20:05:49,134] Trial 35 finished with value: 38579.96875 and parameters: {'pretrain_epochs': 5, 'lr': 0.0005679353248756998, 'mc_samples_train': 2, 'prior_scale': 0.01735247221022188, 'q_scale': 0.00013953729477277175, 'obs_scale': 1.2107130886509252, 'batch_size': 256}. Best is trial 22 with value: 726.20751953125.
`Trainer.fit` stopped: `max_epochs=20` reached.
[I 2024-05-22 20:07:11,426] Trial 29 finished with value: 1806.1412353515625 and parameters: {'pretrain_epochs': 5, 'lr': 0.0002855848280483259, 'mc_samples_train': 1, 'prior_scale': 0.11879521903975161, 'q_scale': 0.000383518181805017, 'obs_scale': 1.202433784907586, 'batch_size': 32}. Best is trial 27 with value: 680.919677734375.
Trainer already configured with model summary callbacks: [<class 'lightning.pytorch.callbacks.rich_model_summary.RichModelSummary'>]. Skipping setting a default `ModelSummary` callback.
GPU available: False, used: False
TPU available: False, using: 0 TPU cores
IPU available: False, using: 0 IPUs
HPU available: False, using: 0 HPUs
Trainer already configured with model summary callbacks: [<class 'lightning.pytorch.callbacks.rich_model_summary.RichModelSummary'>]. Skipping setting a default `ModelSummary` callback.
GPU available: False, used: False
TPU available: False, using: 0 TPU cores
IPU available: False, using: 0 IPUs
HPU available: False, using: 0 HPUs
`Trainer.fit` stopped: `max_epochs=20` reached.
[I 2024-05-22 20:10:10,074] Trial 50 finished with value: 4109.27734375 and parameters: {'pretrain_epochs': 5, 'lr': 0.00022114591870620205, 'mc_samples_train': 1, 'prior_scale': 0.02882359636973336, 'q_scale': 0.0002498943926852687, 'obs_scale': 0.8750240763456418, 'batch_size': 32}. Best is trial 27 with value: 590.4325561523438.
Trainer already configured with model summary callbacks: [<class 'lightning.pytorch.callbacks.rich_model_summary.RichModelSummary'>]. Skipping setting a default `ModelSummary` callback.
GPU available: False, used: False
TPU available: False, using: 0 TPU cores
IPU available: False, using: 0 IPUs
HPU available: False, using: 0 HPUs
`Trainer.fit` stopped: `max_epochs=20` reached.
[I 2024-05-22 20:14:09,063] Trial 36 finished with value: 4226.73046875 and parameters: {'pretrain_epochs': 5, 'lr': 0.0008033299203199361, 'mc_samples_train': 1, 'prior_scale': 0.02625194252546978, 'q_scale': 0.00022184963038258764, 'obs_scale': 0.9881913507201647, 'batch_size': 64}. Best is trial 22 with value: 726.20751953125.
`Trainer.fit` stopped: `max_epochs=20` reached.
[I 2024-05-22 20:16:03,980] Trial 30 finished with value: 1896791.25 and parameters: {'pretrain_epochs': 5, 'lr': 9.413733942503548e-05, 'mc_samples_train': 1, 'prior_scale': 0.16618356173953924, 'q_scale': 0.00030383565762676903, 'obs_scale': 0.38486358375352286, 'batch_size': 256}. Best is trial 27 with value: 680.919677734375.
Trainer already configured with model summary callbacks: [<class 'lightning.pytorch.callbacks.rich_model_summary.RichModelSummary'>]. Skipping setting a default `ModelSummary` callback.
GPU available: False, used: False
TPU available: False, using: 0 TPU cores
IPU available: False, using: 0 IPUs
HPU available: False, using: 0 HPUs
`Trainer.fit` stopped: `max_epochs=20` reached.
[I 2024-05-22 20:18:01,392] Trial 51 finished with value: 819.7391357421875 and parameters: {'pretrain_epochs': 5, 'lr': 0.0003451108476784136, 'mc_samples_train': 1, 'prior_scale': 0.013330351320104935, 'q_scale': 0.00029667197030654966, 'obs_scale': 1.8641794732029495, 'batch_size': 32}. Best is trial 27 with value: 590.4325561523438.
Trainer already configured with model summary callbacks: [<class 'lightning.pytorch.callbacks.rich_model_summary.RichModelSummary'>]. Skipping setting a default `ModelSummary` callback.
GPU available: False, used: False
TPU available: False, using: 0 TPU cores
IPU available: False, using: 0 IPUs
HPU available: False, using: 0 HPUs
Trainer already configured with model summary callbacks: [<class 'lightning.pytorch.callbacks.rich_model_summary.RichModelSummary'>]. Skipping setting a default `ModelSummary` callback.
GPU available: False, used: False
TPU available: False, using: 0 TPU cores
IPU available: False, using: 0 IPUs
HPU available: False, using: 0 HPUs
`Trainer.fit` stopped: `max_epochs=20` reached.
[I 2024-05-22 20:21:15,708] Trial 37 finished with value: 3192569.0 and parameters: {'pretrain_epochs': 0, 'lr': 5.1808411700953774e-05, 'mc_samples_train': 1, 'prior_scale': 0.05517482156228239, 'q_scale': 0.00010150436996174803, 'obs_scale': 0.3290253114763252, 'batch_size': 128}. Best is trial 22 with value: 726.20751953125.
Trainer already configured with model summary callbacks: [<class 'lightning.pytorch.callbacks.rich_model_summary.RichModelSummary'>]. Skipping setting a default `ModelSummary` callback.
GPU available: False, used: False
TPU available: False, using: 0 TPU cores
IPU available: False, using: 0 IPUs
HPU available: False, using: 0 HPUs
`Trainer.fit` stopped: `max_epochs=20` reached.
[I 2024-05-22 20:25:58,139] Trial 52 finished with value: 816.64990234375 and parameters: {'pretrain_epochs': 5, 'lr': 0.0004035227861486304, 'mc_samples_train': 1, 'prior_scale': 0.011992400470082954, 'q_scale': 0.0003458283742152302, 'obs_scale': 1.9912974832744732, 'batch_size': 32}. Best is trial 27 with value: 590.4325561523438.
`Trainer.fit` stopped: `max_epochs=20` reached.
[I 2024-05-22 20:26:20,674] Trial 31 finished with value: 658.057373046875 and parameters: {'pretrain_epochs': 5, 'lr': 0.00037724211667847056, 'mc_samples_train': 1, 'prior_scale': 0.08615632817991781, 'q_scale': 0.00011083344999131202, 'obs_scale': 1.9957207203174112, 'batch_size': 32}. Best is trial 31 with value: 658.057373046875.
Trainer already configured with model summary callbacks: [<class 'lightning.pytorch.callbacks.rich_model_summary.RichModelSummary'>]. Skipping setting a default `ModelSummary` callback.
GPU available: False, used: False
TPU available: False, using: 0 TPU cores
IPU available: False, using: 0 IPUs
HPU available: False, using: 0 HPUs
Trainer already configured with model summary callbacks: [<class 'lightning.pytorch.callbacks.rich_model_summary.RichModelSummary'>]. Skipping setting a default `ModelSummary` callback.
GPU available: False, used: False
TPU available: False, using: 0 TPU cores
IPU available: False, using: 0 IPUs
HPU available: False, using: 0 HPUs
`Trainer.fit` stopped: `max_epochs=20` reached.
[I 2024-05-22 20:32:12,087] Trial 53 finished with value: 766.806396484375 and parameters: {'pretrain_epochs': 5, 'lr': 0.00044327268713905684, 'mc_samples_train': 1, 'prior_scale': 0.015325754590104058, 'q_scale': 0.0005482741471710519, 'obs_scale': 1.7389289395526306, 'batch_size': 32}. Best is trial 27 with value: 590.4325561523438.
Trainer already configured with model summary callbacks: [<class 'lightning.pytorch.callbacks.rich_model_summary.RichModelSummary'>]. Skipping setting a default `ModelSummary` callback.
GPU available: False, used: False
TPU available: False, using: 0 TPU cores
IPU available: False, using: 0 IPUs
HPU available: False, using: 0 HPUs
`Trainer.fit` stopped: `max_epochs=20` reached.
[I 2024-05-22 20:33:50,519] Trial 38 finished with value: 891.9249877929688 and parameters: {'pretrain_epochs': 5, 'lr': 0.00021511909075113173, 'mc_samples_train': 2, 'prior_scale': 0.01727305807347665, 'q_scale': 0.0001777941439844303, 'obs_scale': 1.9911064648055485, 'batch_size': 32}. Best is trial 22 with value: 726.20751953125.
Trainer already configured with model summary callbacks: [<class 'lightning.pytorch.callbacks.rich_model_summary.RichModelSummary'>]. Skipping setting a default `ModelSummary` callback.
GPU available: False, used: False
TPU available: False, using: 0 TPU cores
IPU available: False, using: 0 IPUs
HPU available: False, using: 0 HPUs
`Trainer.fit` stopped: `max_epochs=20` reached.
[I 2024-05-22 20:36:05,326] Trial 32 finished with value: 890.743896484375 and parameters: {'pretrain_epochs': 5, 'lr': 0.0006182721622361482, 'mc_samples_train': 1, 'prior_scale': 0.08113763521713255, 'q_scale': 0.00013723994692925727, 'obs_scale': 1.5042717182749339, 'batch_size': 32}. Best is trial 31 with value: 658.057373046875.
Trainer already configured with model summary callbacks: [<class 'lightning.pytorch.callbacks.rich_model_summary.RichModelSummary'>]. Skipping setting a default `ModelSummary` callback.
GPU available: False, used: False
TPU available: False, using: 0 TPU cores
IPU available: False, using: 0 IPUs
HPU available: False, using: 0 HPUs
`Trainer.fit` stopped: `max_epochs=20` reached.
[I 2024-05-22 20:39:30,622] Trial 54 finished with value: 1550.296630859375 and parameters: {'pretrain_epochs': 5, 'lr': 0.00027320998793412357, 'mc_samples_train': 1, 'prior_scale': 0.011487023105323967, 'q_scale': 0.0006918291618565326, 'obs_scale': 1.3431011775320714, 'batch_size': 32}. Best is trial 27 with value: 590.4325561523438.
Trainer already configured with model summary callbacks: [<class 'lightning.pytorch.callbacks.rich_model_summary.RichModelSummary'>]. Skipping setting a default `ModelSummary` callback.
GPU available: False, used: False
TPU available: False, using: 0 TPU cores
IPU available: False, using: 0 IPUs
HPU available: False, using: 0 HPUs
`Trainer.fit` stopped: `max_epochs=20` reached.
[I 2024-05-22 20:42:12,650] Trial 39 finished with value: 1760.689208984375 and parameters: {'pretrain_epochs': 0, 'lr': 0.0007296627133796101, 'mc_samples_train': 1, 'prior_scale': 0.01170164353463471, 'q_scale': 0.00012870195450164626, 'obs_scale': 1.5411831326512875, 'batch_size': 64}. Best is trial 22 with value: 726.20751953125.
Trainer already configured with model summary callbacks: [<class 'lightning.pytorch.callbacks.rich_model_summary.RichModelSummary'>]. Skipping setting a default `ModelSummary` callback.
GPU available: False, used: False
TPU available: False, using: 0 TPU cores
IPU available: False, using: 0 IPUs
HPU available: False, using: 0 HPUs
`Trainer.fit` stopped: `max_epochs=20` reached.
[I 2024-05-22 20:47:10,329] Trial 55 finished with value: 550.9259643554688 and parameters: {'pretrain_epochs': 5, 'lr': 0.0006219940986922599, 'mc_samples_train': 1, 'prior_scale': 0.019304840938175787, 'q_scale': 0.00012042546962084434, 'obs_scale': 1.9956938459466813, 'batch_size': 32}. Best is trial 55 with value: 550.9259643554688.
`Trainer.fit` stopped: `max_epochs=20` reached.
[I 2024-05-22 20:48:06,996] Trial 33 finished with value: 934.4185180664062 and parameters: {'pretrain_epochs': 5, 'lr': 0.00020044317823543744, 'mc_samples_train': 1, 'prior_scale': 0.1383593126707591, 'q_scale': 0.00014116835889675628, 'obs_scale': 1.9821651880576137, 'batch_size': 32}. Best is trial 31 with value: 658.057373046875.
Trainer already configured with model summary callbacks: [<class 'lightning.pytorch.callbacks.rich_model_summary.RichModelSummary'>]. Skipping setting a default `ModelSummary` callback.
GPU available: False, used: False
TPU available: False, using: 0 TPU cores
IPU available: False, using: 0 IPUs
HPU available: False, using: 0 HPUs
Trainer already configured with model summary callbacks: [<class 'lightning.pytorch.callbacks.rich_model_summary.RichModelSummary'>]. Skipping setting a default `ModelSummary` callback.
GPU available: False, used: False
TPU available: False, using: 0 TPU cores
IPU available: False, using: 0 IPUs
HPU available: False, using: 0 HPUs
`Trainer.fit` stopped: `max_epochs=20` reached.
[I 2024-05-22 20:53:41,719] Trial 40 finished with value: 245997.40625 and parameters: {'pretrain_epochs': 5, 'lr': 0.00015501622022815785, 'mc_samples_train': 2, 'prior_scale': 0.1395558122659741, 'q_scale': 0.007017503092058898, 'obs_scale': 0.845134260162153, 'batch_size': 256}. Best is trial 22 with value: 726.20751953125.
`Trainer.fit` stopped: `max_epochs=20` reached.
[I 2024-05-22 20:55:13,629] Trial 56 finished with value: 964.4190063476562 and parameters: {'pretrain_epochs': 5, 'lr': 0.0006197009984473533, 'mc_samples_train': 1, 'prior_scale': 0.018694309285940156, 'q_scale': 0.0001001055306325219, 'obs_scale': 1.4771733729498977, 'batch_size': 32}. Best is trial 55 with value: 550.9259643554688.
Trainer already configured with model summary callbacks: [<class 'lightning.pytorch.callbacks.rich_model_summary.RichModelSummary'>]. Skipping setting a default `ModelSummary` callback.
GPU available: False, used: False
TPU available: False, using: 0 TPU cores
IPU available: False, using: 0 IPUs
HPU available: False, using: 0 HPUs
Trainer already configured with model summary callbacks: [<class 'lightning.pytorch.callbacks.rich_model_summary.RichModelSummary'>]. Skipping setting a default `ModelSummary` callback.
GPU available: False, used: False
TPU available: False, using: 0 TPU cores
IPU available: False, using: 0 IPUs
HPU available: False, using: 0 HPUs
`Trainer.fit` stopped: `max_epochs=20` reached.
[I 2024-05-22 21:46:55,981] Trial 34 finished with value: 1122208.375 and parameters: {'pretrain_epochs': 0, 'lr': 5.645071308639178e-05, 'mc_samples_train': 1, 'prior_scale': 0.2537858214206979, 'q_scale': 0.0002586124744798167, 'obs_scale': 1.3076415346726225, 'batch_size': 512}. Best is trial 31 with value: 658.057373046875.
Trainer already configured with model summary callbacks: [<class 'lightning.pytorch.callbacks.rich_model_summary.RichModelSummary'>]. Skipping setting a default `ModelSummary` callback.
GPU available: False, used: False
TPU available: False, using: 0 TPU cores
IPU available: False, using: 0 IPUs
HPU available: False, using: 0 HPUs
`Trainer.fit` stopped: `max_epochs=20` reached.
`Trainer.fit` stopped: `max_epochs=20` reached.
[I 2024-05-22 22:04:29,749] Trial 41 finished with value: 680.0294189453125 and parameters: {'pretrain_epochs': 5, 'lr': 0.00040451827595905154, 'mc_samples_train': 1, 'prior_scale': 0.015888289321045888, 'q_scale': 0.0001149510996291409, 'obs_scale': 1.9641055674529189, 'batch_size': 32}. Best is trial 41 with value: 680.0294189453125.
[I 2024-05-22 22:04:29,787] Trial 57 finished with value: 1133.2955322265625 and parameters: {'pretrain_epochs': 5, 'lr': 0.0008590282959831493, 'mc_samples_train': 1, 'prior_scale': 0.016845855413684382, 'q_scale': 0.00012190285974560626, 'obs_scale': 1.7474768401875425, 'batch_size': 32}. Best is trial 55 with value: 550.9259643554688.
Trainer already configured with model summary callbacks: [<class 'lightning.pytorch.callbacks.rich_model_summary.RichModelSummary'>]. Skipping setting a default `ModelSummary` callback.
Trainer already configured with model summary callbacks: [<class 'lightning.pytorch.callbacks.rich_model_summary.RichModelSummary'>]. Skipping setting a default `ModelSummary` callback.
GPU available: False, used: False
TPU available: False, using: 0 TPU cores
IPU available: False, using: 0 IPUs
HPU available: False, using: 0 HPUs
GPU available: False, used: False
TPU available: False, using: 0 TPU cores
IPU available: False, using: 0 IPUs
HPU available: False, using: 0 HPUs
`Trainer.fit` stopped: `max_epochs=20` reached.
[I 2024-05-22 22:09:50,370] Trial 35 finished with value: 37685.30859375 and parameters: {'pretrain_epochs': 5, 'lr': 0.00033764632090106005, 'mc_samples_train': 2, 'prior_scale': 0.0881700593887085, 'q_scale': 0.00010339324880286789, 'obs_scale': 1.6328033783551288, 'batch_size': 256}. Best is trial 31 with value: 658.057373046875.
`Trainer.fit` stopped: `max_epochs=20` reached.
[I 2024-05-22 22:11:09,538] Trial 58 finished with value: 1220.6507568359375 and parameters: {'pretrain_epochs': 5, 'lr': 0.0004962228082812997, 'mc_samples_train': 1, 'prior_scale': 0.021007279455667934, 'q_scale': 0.00014987421380106478, 'obs_scale': 1.289639284054054, 'batch_size': 32}. Best is trial 55 with value: 550.9259643554688.
Trainer already configured with model summary callbacks: [<class 'lightning.pytorch.callbacks.rich_model_summary.RichModelSummary'>]. Skipping setting a default `ModelSummary` callback.
GPU available: False, used: False
TPU available: False, using: 0 TPU cores
IPU available: False, using: 0 IPUs
HPU available: False, using: 0 HPUs
Trainer already configured with model summary callbacks: [<class 'lightning.pytorch.callbacks.rich_model_summary.RichModelSummary'>]. Skipping setting a default `ModelSummary` callback.
GPU available: False, used: False
TPU available: False, using: 0 TPU cores
IPU available: False, using: 0 IPUs
HPU available: False, using: 0 HPUs
`Trainer.fit` stopped: `max_epochs=20` reached.
[I 2024-05-22 22:13:44,835] Trial 42 finished with value: 727.9373779296875 and parameters: {'pretrain_epochs': 5, 'lr': 0.0005214930762188104, 'mc_samples_train': 1, 'prior_scale': 0.015020055919404706, 'q_scale': 0.002519127803750831, 'obs_scale': 1.7436796665361407, 'batch_size': 32}. Best is trial 41 with value: 680.0294189453125.
`Trainer.fit` stopped: `max_epochs=20` reached.
[I 2024-05-22 22:15:34,060] Trial 59 finished with value: 4306.30517578125 and parameters: {'pretrain_epochs': 5, 'lr': 0.0007430426655405592, 'mc_samples_train': 1, 'prior_scale': 0.01552910379968333, 'q_scale': 0.00020854998353134956, 'obs_scale': 1.5744896916653908, 'batch_size': 128}. Best is trial 55 with value: 550.9259643554688.
Trainer already configured with model summary callbacks: [<class 'lightning.pytorch.callbacks.rich_model_summary.RichModelSummary'>]. Skipping setting a default `ModelSummary` callback.
GPU available: False, used: False
TPU available: False, using: 0 TPU cores
IPU available: False, using: 0 IPUs
HPU available: False, using: 0 HPUs
`Trainer.fit` stopped: `max_epochs=20` reached.
[I 2024-05-22 22:19:02,227] Trial 36 finished with value: 4775.17529296875 and parameters: {'pretrain_epochs': 5, 'lr': 0.0007701732359305075, 'mc_samples_train': 1, 'prior_scale': 0.06891722085117026, 'q_scale': 0.00018250928399115177, 'obs_scale': 1.0935812533543752, 'batch_size': 64}. Best is trial 31 with value: 658.057373046875.
Trainer already configured with model summary callbacks: [<class 'lightning.pytorch.callbacks.rich_model_summary.RichModelSummary'>]. Skipping setting a default `ModelSummary` callback.
GPU available: False, used: False
TPU available: False, using: 0 TPU cores
IPU available: False, using: 0 IPUs
HPU available: False, using: 0 HPUs
`Trainer.fit` stopped: `max_epochs=20` reached.
[I 2024-05-22 22:24:17,594] Trial 43 finished with value: 2025.3328857421875 and parameters: {'pretrain_epochs': 5, 'lr': 0.00036634835696837344, 'mc_samples_train': 1, 'prior_scale': 0.022335553045198967, 'q_scale': 0.002722100355528591, 'obs_scale': 1.1153308483703235, 'batch_size': 32}. Best is trial 41 with value: 680.0294189453125.
Trainer already configured with model summary callbacks: [<class 'lightning.pytorch.callbacks.rich_model_summary.RichModelSummary'>]. Skipping setting a default `ModelSummary` callback.
GPU available: False, used: False
TPU available: False, using: 0 TPU cores
IPU available: False, using: 0 IPUs
HPU available: False, using: 0 HPUs
`Trainer.fit` stopped: `max_epochs=20` reached.
[I 2024-05-22 22:27:29,145] Trial 37 finished with value: 179911.859375 and parameters: {'pretrain_epochs': 0, 'lr': 0.00045377455163297985, 'mc_samples_train': 1, 'prior_scale': 0.14387266786224442, 'q_scale': 0.00022387715837433864, 'obs_scale': 0.3213143676878045, 'batch_size': 128}. Best is trial 31 with value: 658.057373046875.
Trainer already configured with model summary callbacks: [<class 'lightning.pytorch.callbacks.rich_model_summary.RichModelSummary'>]. Skipping setting a default `ModelSummary` callback.
GPU available: False, used: False
TPU available: False, using: 0 TPU cores
IPU available: False, using: 0 IPUs
HPU available: False, using: 0 HPUs
`Trainer.fit` stopped: `max_epochs=20` reached.
[I 2024-05-22 22:34:34,655] Trial 44 finished with value: 1040.9639892578125 and parameters: {'pretrain_epochs': 5, 'lr': 0.0008430387490643767, 'mc_samples_train': 1, 'prior_scale': 0.014601507381045247, 'q_scale': 0.00242554412341212, 'obs_scale': 1.5776475201112252, 'batch_size': 32}. Best is trial 41 with value: 680.0294189453125.
Trainer already configured with model summary callbacks: [<class 'lightning.pytorch.callbacks.rich_model_summary.RichModelSummary'>]. Skipping setting a default `ModelSummary` callback.
GPU available: False, used: False
TPU available: False, using: 0 TPU cores
IPU available: False, using: 0 IPUs
HPU available: False, using: 0 HPUs
`Trainer.fit` stopped: `max_epochs=20` reached.
[I 2024-05-22 22:44:27,443] Trial 45 finished with value: 898.1441040039062 and parameters: {'pretrain_epochs': 5, 'lr': 0.00031178766127198064, 'mc_samples_train': 1, 'prior_scale': 0.03368309140709333, 'q_scale': 0.0011106907247158523, 'obs_scale': 1.7246782256092907, 'batch_size': 32}. Best is trial 41 with value: 680.0294189453125.
Trainer already configured with model summary callbacks: [<class 'lightning.pytorch.callbacks.rich_model_summary.RichModelSummary'>]. Skipping setting a default `ModelSummary` callback.
GPU available: False, used: False
TPU available: False, using: 0 TPU cores
IPU available: False, using: 0 IPUs
HPU available: False, using: 0 HPUs
`Trainer.fit` stopped: `max_epochs=20` reached.
