/home/g15farris/.conda/envs/bnn/lib/python3.12/site-packages/hydra/_internal/instantiate/_instantiate2.py:92: ExperimentalWarning: PatientPruner is experimental (supported from v2.8.0). The interface can change in the future.
  return _target_(*args, **kwargs)
/home/g15farris/.conda/envs/bnn/lib/python3.12/site-packages/hydra/_internal/instantiate/_instantiate2.py:92: ExperimentalWarning: PatientPruner is experimental (supported from v2.8.0). The interface can change in the future.
  return _target_(*args, **kwargs)
/home/g15farris/.conda/envs/bnn/lib/python3.12/site-packages/hydra/_internal/instantiate/_instantiate2.py:92: ExperimentalWarning: PatientPruner is experimental (supported from v2.8.0). The interface can change in the future.
  return _target_(*args, **kwargs)
[I 2024-05-22 14:51:11,395] A new study created in RDB with name: bnn_lrt
[I 2024-05-22 14:51:11,395] A new study created in RDB with name: bnn_fo
[I 2024-05-22 14:51:11,503] A new study created in RDB with name: bnn_rad
Trainer already configured with model summary callbacks: [<class 'lightning.pytorch.callbacks.rich_model_summary.RichModelSummary'>]. Skipping setting a default `ModelSummary` callback.
GPU available: False, used: False
TPU available: False, using: 0 TPU cores
IPU available: False, using: 0 IPUs
HPU available: False, using: 0 HPUs
Trainer already configured with model summary callbacks: [<class 'lightning.pytorch.callbacks.rich_model_summary.RichModelSummary'>]. Skipping setting a default `ModelSummary` callback.
GPU available: False, used: False
TPU available: False, using: 0 TPU cores
IPU available: False, using: 0 IPUs
HPU available: False, using: 0 HPUs
/home/g15farris/.conda/envs/bnn/lib/python3.12/site-packages/lightning/pytorch/core/optimizer.py:181: `LightningModule.configure_optimizers` returned `None`, this fit will run with no optimizer
/home/g15farris/.conda/envs/bnn/lib/python3.12/site-packages/tyxe/likelihoods.py:260: UserWarning: var(): degrees of freedom is <= 0. Correction should be strictly less than the reduction factor (input numel divided by output numel). (Triggered internally at ../aten/src/ATen/native/ReduceOps.cpp:1807.)
  scale = predictions.var(dim).add(self.scale ** 2).sqrt()
/home/g15farris/.conda/envs/bnn/lib/python3.12/site-packages/lightning/pytorch/loops/optimization/automatic.py:132: `training_step` returned `None`. If this was on purpose, ignore this warning...
/home/g15farris/.conda/envs/bnn/lib/python3.12/site-packages/lightning/pytorch/core/optimizer.py:181: `LightningModule.configure_optimizers` returned `None`, this fit will run with no optimizer
/home/g15farris/.conda/envs/bnn/lib/python3.12/site-packages/tyxe/likelihoods.py:260: UserWarning: var(): degrees of freedom is <= 0. Correction should be strictly less than the reduction factor (input numel divided by output numel). (Triggered internally at ../aten/src/ATen/native/ReduceOps.cpp:1807.)
  scale = predictions.var(dim).add(self.scale ** 2).sqrt()
/home/g15farris/.conda/envs/bnn/lib/python3.12/site-packages/lightning/pytorch/loops/optimization/automatic.py:132: `training_step` returned `None`. If this was on purpose, ignore this warning...
Trainer already configured with model summary callbacks: [<class 'lightning.pytorch.callbacks.rich_model_summary.RichModelSummary'>]. Skipping setting a default `ModelSummary` callback.
GPU available: False, used: False
TPU available: False, using: 0 TPU cores
IPU available: False, using: 0 IPUs
HPU available: False, using: 0 HPUs
/home/g15farris/.conda/envs/bnn/lib/python3.12/site-packages/lightning/pytorch/core/optimizer.py:181: `LightningModule.configure_optimizers` returned `None`, this fit will run with no optimizer
/home/g15farris/.conda/envs/bnn/lib/python3.12/site-packages/tyxe/likelihoods.py:260: UserWarning: var(): degrees of freedom is <= 0. Correction should be strictly less than the reduction factor (input numel divided by output numel). (Triggered internally at ../aten/src/ATen/native/ReduceOps.cpp:1807.)
  scale = predictions.var(dim).add(self.scale ** 2).sqrt()
/home/g15farris/.conda/envs/bnn/lib/python3.12/site-packages/lightning/pytorch/loops/optimization/automatic.py:132: `training_step` returned `None`. If this was on purpose, ignore this warning...
`Trainer.fit` stopped: `max_epochs=20` reached.
[I 2024-05-22 14:57:47,962] Trial 0 finished with value: 11530.7998046875 and parameters: {'pretrain_epochs': 5, 'lr': 7.50681093606854e-05, 'mc_samples_train': 1, 'prior_scale': 0.029048697214318013, 'q_scale': 0.0003572140318996377, 'obs_scale': 1.1047391773518673, 'batch_size': 32}. Best is trial 0 with value: 11530.7998046875.
Trainer already configured with model summary callbacks: [<class 'lightning.pytorch.callbacks.rich_model_summary.RichModelSummary'>]. Skipping setting a default `ModelSummary` callback.
GPU available: False, used: False
TPU available: False, using: 0 TPU cores
IPU available: False, using: 0 IPUs
HPU available: False, using: 0 HPUs
/home/g15farris/.conda/envs/bnn/lib/python3.12/site-packages/lightning/pytorch/loops/fit_loop.py:298: The number of training batches (29) is smaller than the logging interval Trainer(log_every_n_steps=50). Set a lower value for log_every_n_steps if you want to see logs for the training epoch.
`Trainer.fit` stopped: `max_epochs=20` reached.
[I 2024-05-22 15:00:21,099] Trial 0 finished with value: 11535.5869140625 and parameters: {'pretrain_epochs': 5, 'lr': 7.50681093606854e-05, 'mc_samples_train': 1, 'prior_scale': 0.029048697214318013, 'q_scale': 0.0003572140318996377, 'obs_scale': 1.1047391773518673, 'batch_size': 32}. Best is trial 0 with value: 11535.5869140625.
`Trainer.fit` stopped: `max_epochs=20` reached.
[I 2024-05-22 15:02:13,835] Trial 1 finished with value: 3652807.25 and parameters: {'pretrain_epochs': 0, 'lr': 0.0001325538578998538, 'mc_samples_train': 1, 'prior_scale': 0.20559343783957656, 'q_scale': 0.0058248182837850404, 'obs_scale': 0.29835107709343195, 'batch_size': 256}. Best is trial 0 with value: 11530.7998046875.
`Trainer.fit` stopped: `max_epochs=20` reached.
[I 2024-05-22 15:02:23,256] Trial 0 finished with value: 11534.2587890625 and parameters: {'pretrain_epochs': 5, 'lr': 7.50681093606854e-05, 'mc_samples_train': 1, 'prior_scale': 0.029048697214318013, 'q_scale': 0.0003572140318996377, 'obs_scale': 1.1047391773518673, 'batch_size': 32}. Best is trial 0 with value: 11534.2587890625.
Trainer already configured with model summary callbacks: [<class 'lightning.pytorch.callbacks.rich_model_summary.RichModelSummary'>]. Skipping setting a default `ModelSummary` callback.
GPU available: False, used: False
TPU available: False, using: 0 TPU cores
IPU available: False, using: 0 IPUs
HPU available: False, using: 0 HPUs
/home/g15farris/.conda/envs/bnn/lib/python3.12/site-packages/lightning/pytorch/loops/fit_loop.py:298: The number of training batches (29) is smaller than the logging interval Trainer(log_every_n_steps=50). Set a lower value for log_every_n_steps if you want to see logs for the training epoch.
Trainer already configured with model summary callbacks: [<class 'lightning.pytorch.callbacks.rich_model_summary.RichModelSummary'>]. Skipping setting a default `ModelSummary` callback.
GPU available: False, used: False
TPU available: False, using: 0 TPU cores
IPU available: False, using: 0 IPUs
HPU available: False, using: 0 HPUs
Trainer already configured with model summary callbacks: [<class 'lightning.pytorch.callbacks.rich_model_summary.RichModelSummary'>]. Skipping setting a default `ModelSummary` callback.
GPU available: False, used: False
TPU available: False, using: 0 TPU cores
IPU available: False, using: 0 IPUs
HPU available: False, using: 0 HPUs
/home/g15farris/.conda/envs/bnn/lib/python3.12/site-packages/lightning/pytorch/loops/fit_loop.py:298: The number of training batches (29) is smaller than the logging interval Trainer(log_every_n_steps=50). Set a lower value for log_every_n_steps if you want to see logs for the training epoch.
`Trainer.fit` stopped: `max_epochs=20` reached.
[I 2024-05-22 15:07:06,346] Trial 1 finished with value: 3630754.75 and parameters: {'pretrain_epochs': 0, 'lr': 0.0001325538578998538, 'mc_samples_train': 1, 'prior_scale': 0.20559343783957656, 'q_scale': 0.0058248182837850404, 'obs_scale': 0.29835107709343195, 'batch_size': 256}. Best is trial 0 with value: 11535.5869140625.
`Trainer.fit` stopped: `max_epochs=20` reached.
[I 2024-05-22 15:08:15,281] Trial 2 finished with value: 23056996.0 and parameters: {'pretrain_epochs': 5, 'lr': 4.3020182095898586e-05, 'mc_samples_train': 2, 'prior_scale': 0.05508654872763757, 'q_scale': 0.004020640881061957, 'obs_scale': 0.1538313853200085, 'batch_size': 256}. Best is trial 0 with value: 11530.7998046875.
Trainer already configured with model summary callbacks: [<class 'lightning.pytorch.callbacks.rich_model_summary.RichModelSummary'>]. Skipping setting a default `ModelSummary` callback.
GPU available: False, used: False
TPU available: False, using: 0 TPU cores
IPU available: False, using: 0 IPUs
HPU available: False, using: 0 HPUs
`Trainer.fit` stopped: `max_epochs=20` reached.
[I 2024-05-22 15:10:19,698] Trial 1 finished with value: 3654488.25 and parameters: {'pretrain_epochs': 0, 'lr': 0.0001325538578998538, 'mc_samples_train': 1, 'prior_scale': 0.20559343783957656, 'q_scale': 0.0058248182837850404, 'obs_scale': 0.29835107709343195, 'batch_size': 256}. Best is trial 0 with value: 11534.2587890625.
Trainer already configured with model summary callbacks: [<class 'lightning.pytorch.callbacks.rich_model_summary.RichModelSummary'>]. Skipping setting a default `ModelSummary` callback.
GPU available: False, used: False
TPU available: False, using: 0 TPU cores
IPU available: False, using: 0 IPUs
HPU available: False, using: 0 HPUs
/home/g15farris/.conda/envs/bnn/lib/python3.12/site-packages/lightning/pytorch/loops/fit_loop.py:298: The number of training batches (14) is smaller than the logging interval Trainer(log_every_n_steps=50). Set a lower value for log_every_n_steps if you want to see logs for the training epoch.
Trainer already configured with model summary callbacks: [<class 'lightning.pytorch.callbacks.rich_model_summary.RichModelSummary'>]. Skipping setting a default `ModelSummary` callback.
GPU available: False, used: False
TPU available: False, using: 0 TPU cores
IPU available: False, using: 0 IPUs
HPU available: False, using: 0 HPUs
`Trainer.fit` stopped: `max_epochs=20` reached.
[I 2024-05-22 15:14:37,946] Trial 3 finished with value: 172123712.0 and parameters: {'pretrain_epochs': 0, 'lr': 2.336545096950015e-05, 'mc_samples_train': 2, 'prior_scale': 0.1023881426733586, 'q_scale': 0.001165790000863127, 'obs_scale': 0.11385861721302043, 'batch_size': 512}. Best is trial 0 with value: 11530.7998046875.
Trainer already configured with model summary callbacks: [<class 'lightning.pytorch.callbacks.rich_model_summary.RichModelSummary'>]. Skipping setting a default `ModelSummary` callback.
GPU available: False, used: False
TPU available: False, using: 0 TPU cores
IPU available: False, using: 0 IPUs
HPU available: False, using: 0 HPUs
`Trainer.fit` stopped: `max_epochs=20` reached.
[I 2024-05-22 15:17:42,829] Trial 2 finished with value: 23075638.0 and parameters: {'pretrain_epochs': 5, 'lr': 4.3020182095898586e-05, 'mc_samples_train': 2, 'prior_scale': 0.05508654872763757, 'q_scale': 0.004020640881061957, 'obs_scale': 0.1538313853200085, 'batch_size': 256}. Best is trial 0 with value: 11535.5869140625.
`Trainer.fit` stopped: `max_epochs=20` reached.
[I 2024-05-22 15:19:57,046] Trial 4 finished with value: 19197.833984375 and parameters: {'pretrain_epochs': 0, 'lr': 0.00017174472922154303, 'mc_samples_train': 1, 'prior_scale': 0.48474869983391317, 'q_scale': 0.008271866644681318, 'obs_scale': 1.0724303485094406, 'batch_size': 64}. Best is trial 0 with value: 11530.7998046875.
Trainer already configured with model summary callbacks: [<class 'lightning.pytorch.callbacks.rich_model_summary.RichModelSummary'>]. Skipping setting a default `ModelSummary` callback.
GPU available: False, used: False
TPU available: False, using: 0 TPU cores
IPU available: False, using: 0 IPUs
HPU available: False, using: 0 HPUs
/home/g15farris/.conda/envs/bnn/lib/python3.12/site-packages/lightning/pytorch/loops/fit_loop.py:298: The number of training batches (14) is smaller than the logging interval Trainer(log_every_n_steps=50). Set a lower value for log_every_n_steps if you want to see logs for the training epoch.
Trainer already configured with model summary callbacks: [<class 'lightning.pytorch.callbacks.rich_model_summary.RichModelSummary'>]. Skipping setting a default `ModelSummary` callback.
GPU available: False, used: False
TPU available: False, using: 0 TPU cores
IPU available: False, using: 0 IPUs
HPU available: False, using: 0 HPUs
`Trainer.fit` stopped: `max_epochs=20` reached.
[I 2024-05-22 15:23:14,687] Trial 2 finished with value: 23010174.0 and parameters: {'pretrain_epochs': 5, 'lr': 4.3020182095898586e-05, 'mc_samples_train': 2, 'prior_scale': 0.05508654872763757, 'q_scale': 0.004020640881061957, 'obs_scale': 0.1538313853200085, 'batch_size': 256}. Best is trial 0 with value: 11534.2587890625.
`Trainer.fit` stopped: `max_epochs=20` reached.
[I 2024-05-22 15:24:45,948] Trial 5 finished with value: 61250.30859375 and parameters: {'pretrain_epochs': 5, 'lr': 0.0009204696704635324, 'mc_samples_train': 1, 'prior_scale': 0.17977467814503606, 'q_scale': 0.0014948832198169292, 'obs_scale': 0.4107788493789703, 'batch_size': 128}. Best is trial 0 with value: 11530.7998046875.
Trainer already configured with model summary callbacks: [<class 'lightning.pytorch.callbacks.rich_model_summary.RichModelSummary'>]. Skipping setting a default `ModelSummary` callback.
GPU available: False, used: False
TPU available: False, using: 0 TPU cores
IPU available: False, using: 0 IPUs
HPU available: False, using: 0 HPUs
/home/g15farris/.conda/envs/bnn/lib/python3.12/site-packages/lightning/pytorch/loops/fit_loop.py:298: The number of training batches (14) is smaller than the logging interval Trainer(log_every_n_steps=50). Set a lower value for log_every_n_steps if you want to see logs for the training epoch.
Trainer already configured with model summary callbacks: [<class 'lightning.pytorch.callbacks.rich_model_summary.RichModelSummary'>]. Skipping setting a default `ModelSummary` callback.
GPU available: False, used: False
TPU available: False, using: 0 TPU cores
IPU available: False, using: 0 IPUs
HPU available: False, using: 0 HPUs
`Trainer.fit` stopped: `max_epochs=20` reached.
[I 2024-05-22 15:27:56,522] Trial 3 finished with value: 172272256.0 and parameters: {'pretrain_epochs': 0, 'lr': 2.336545096950015e-05, 'mc_samples_train': 2, 'prior_scale': 0.1023881426733586, 'q_scale': 0.001165790000863127, 'obs_scale': 0.11385861721302043, 'batch_size': 512}. Best is trial 0 with value: 11535.5869140625.
Trainer already configured with model summary callbacks: [<class 'lightning.pytorch.callbacks.rich_model_summary.RichModelSummary'>]. Skipping setting a default `ModelSummary` callback.
GPU available: False, used: False
TPU available: False, using: 0 TPU cores
IPU available: False, using: 0 IPUs
HPU available: False, using: 0 HPUs
`Trainer.fit` stopped: `max_epochs=20` reached.
[I 2024-05-22 15:31:29,196] Trial 6 finished with value: 1601367.375 and parameters: {'pretrain_epochs': 5, 'lr': 7.478015213333154e-05, 'mc_samples_train': 2, 'prior_scale': 0.1156399334005538, 'q_scale': 0.002582231235363856, 'obs_scale': 0.15665279892931577, 'batch_size': 64}. Best is trial 0 with value: 11530.7998046875.
Trainer already configured with model summary callbacks: [<class 'lightning.pytorch.callbacks.rich_model_summary.RichModelSummary'>]. Skipping setting a default `ModelSummary` callback.
GPU available: False, used: False
TPU available: False, using: 0 TPU cores
IPU available: False, using: 0 IPUs
HPU available: False, using: 0 HPUs
`Trainer.fit` stopped: `max_epochs=20` reached.
[I 2024-05-22 15:33:44,190] Trial 4 finished with value: 19176.0 and parameters: {'pretrain_epochs': 0, 'lr': 0.00017174472922154303, 'mc_samples_train': 1, 'prior_scale': 0.48474869983391317, 'q_scale': 0.008271866644681318, 'obs_scale': 1.0724303485094406, 'batch_size': 64}. Best is trial 0 with value: 11535.5869140625.
`Trainer.fit` stopped: `max_epochs=20` reached.
[I 2024-05-22 15:34:12,478] Trial 3 finished with value: 172135792.0 and parameters: {'pretrain_epochs': 0, 'lr': 2.336545096950015e-05, 'mc_samples_train': 2, 'prior_scale': 0.1023881426733586, 'q_scale': 0.001165790000863127, 'obs_scale': 0.11385861721302043, 'batch_size': 512}. Best is trial 0 with value: 11534.2587890625.
Trainer already configured with model summary callbacks: [<class 'lightning.pytorch.callbacks.rich_model_summary.RichModelSummary'>]. Skipping setting a default `ModelSummary` callback.
GPU available: False, used: False
TPU available: False, using: 0 TPU cores
IPU available: False, using: 0 IPUs
HPU available: False, using: 0 HPUs
Trainer already configured with model summary callbacks: [<class 'lightning.pytorch.callbacks.rich_model_summary.RichModelSummary'>]. Skipping setting a default `ModelSummary` callback.
GPU available: False, used: False
TPU available: False, using: 0 TPU cores
IPU available: False, using: 0 IPUs
HPU available: False, using: 0 HPUs
`Trainer.fit` stopped: `max_epochs=20` reached.
[I 2024-05-22 15:35:56,019] Trial 7 finished with value: 3877661.25 and parameters: {'pretrain_epochs': 0, 'lr': 0.0007995719083844353, 'mc_samples_train': 2, 'prior_scale': 0.0816845546830656, 'q_scale': 0.004349147472454846, 'obs_scale': 0.11866131541331688, 'batch_size': 256}. Best is trial 0 with value: 11530.7998046875.
Trainer already configured with model summary callbacks: [<class 'lightning.pytorch.callbacks.rich_model_summary.RichModelSummary'>]. Skipping setting a default `ModelSummary` callback.
GPU available: False, used: False
TPU available: False, using: 0 TPU cores
IPU available: False, using: 0 IPUs
HPU available: False, using: 0 HPUs
`Trainer.fit` stopped: `max_epochs=20` reached.
[I 2024-05-22 15:38:42,976] Trial 5 finished with value: 59232.19921875 and parameters: {'pretrain_epochs': 5, 'lr': 0.0009204696704635324, 'mc_samples_train': 1, 'prior_scale': 0.17977467814503606, 'q_scale': 0.0014948832198169292, 'obs_scale': 0.4107788493789703, 'batch_size': 128}. Best is trial 0 with value: 11535.5869140625.
`Trainer.fit` stopped: `max_epochs=20` reached.
[I 2024-05-22 15:40:28,176] Trial 8 finished with value: 7242929.5 and parameters: {'pretrain_epochs': 0, 'lr': 1.1462886732717548e-05, 'mc_samples_train': 1, 'prior_scale': 0.4124747947662307, 'q_scale': 0.00044814115470497614, 'obs_scale': 0.17860915820030454, 'batch_size': 64}. Best is trial 0 with value: 11530.7998046875.
Trainer already configured with model summary callbacks: [<class 'lightning.pytorch.callbacks.rich_model_summary.RichModelSummary'>]. Skipping setting a default `ModelSummary` callback.
GPU available: False, used: False
TPU available: False, using: 0 TPU cores
IPU available: False, using: 0 IPUs
HPU available: False, using: 0 HPUs
`Trainer.fit` stopped: `max_epochs=20` reached.
[I 2024-05-22 15:41:00,008] Trial 4 finished with value: 19558.994140625 and parameters: {'pretrain_epochs': 0, 'lr': 0.00017174472922154303, 'mc_samples_train': 1, 'prior_scale': 0.48474869983391317, 'q_scale': 0.008271866644681318, 'obs_scale': 1.0724303485094406, 'batch_size': 64}. Best is trial 0 with value: 11534.2587890625.
Trainer already configured with model summary callbacks: [<class 'lightning.pytorch.callbacks.rich_model_summary.RichModelSummary'>]. Skipping setting a default `ModelSummary` callback.
GPU available: False, used: False
TPU available: False, using: 0 TPU cores
IPU available: False, using: 0 IPUs
HPU available: False, using: 0 HPUs
Trainer already configured with model summary callbacks: [<class 'lightning.pytorch.callbacks.rich_model_summary.RichModelSummary'>]. Skipping setting a default `ModelSummary` callback.
GPU available: False, used: False
TPU available: False, using: 0 TPU cores
IPU available: False, using: 0 IPUs
HPU available: False, using: 0 HPUs
`Trainer.fit` stopped: `max_epochs=20` reached.
[I 2024-05-22 15:46:45,308] Trial 9 finished with value: 745487.125 and parameters: {'pretrain_epochs': 5, 'lr': 0.0002588548618299899, 'mc_samples_train': 2, 'prior_scale': 0.21075404848706095, 'q_scale': 0.0015787361777166986, 'obs_scale': 0.23920082660450653, 'batch_size': 128}. Best is trial 0 with value: 11530.7998046875.
Trainer already configured with model summary callbacks: [<class 'lightning.pytorch.callbacks.rich_model_summary.RichModelSummary'>]. Skipping setting a default `ModelSummary` callback.
GPU available: False, used: False
TPU available: False, using: 0 TPU cores
IPU available: False, using: 0 IPUs
HPU available: False, using: 0 HPUs
`Trainer.fit` stopped: `max_epochs=20` reached.
[I 2024-05-22 15:48:52,857] Trial 5 finished with value: 59529.42578125 and parameters: {'pretrain_epochs': 5, 'lr': 0.0009204696704635324, 'mc_samples_train': 1, 'prior_scale': 0.17977467814503606, 'q_scale': 0.0014948832198169292, 'obs_scale': 0.4107788493789703, 'batch_size': 128}. Best is trial 0 with value: 11534.2587890625.
`Trainer.fit` stopped: `max_epochs=20` reached.
