In 'hpsearch': Could not find 'hpsearch/Ti_bnn_rad'

Available options in 'hpsearch':
	bnn_fo
	bnn_lrt
	bnn_rad
Config search path:
	provider=hydra, path=pkg://hydra.conf
	provider=main, path=file:///home/g15farris/bin/bayesaenet/bnn_aenet/configs
	provider=hydra-colorlog, path=pkg://hydra_plugins.hydra_colorlog.conf
	provider=schema, path=structured://

Set the environment variable HYDRA_FULL_ERROR=1 for a complete stack trace.
/home/g15farris/.conda/envs/bnn/lib/python3.12/site-packages/hydra/_internal/instantiate/_instantiate2.py:92: ExperimentalWarning: PatientPruner is experimental (supported from v2.8.0). The interface can change in the future.
  return _target_(*args, **kwargs)
[I 2024-11-28 11:46:51,417] A new study created in RDB with name: bnn_rad
Trainer already configured with model summary callbacks: [<class 'lightning.pytorch.callbacks.rich_model_summary.RichModelSummary'>]. Skipping setting a default `ModelSummary` callback.
GPU available: False, used: False
TPU available: False, using: 0 TPU cores
IPU available: False, using: 0 IPUs
HPU available: False, using: 0 HPUs
/home/g15farris/.conda/envs/bnn/lib/python3.12/site-packages/lightning/pytorch/core/optimizer.py:181: `LightningModule.configure_optimizers` returned `None`, this fit will run with no optimizer
/home/g15farris/.conda/envs/bnn/lib/python3.12/site-packages/lightning/pytorch/loops/fit_loop.py:298: The number of training batches (12) is smaller than the logging interval Trainer(log_every_n_steps=50). Set a lower value for log_every_n_steps if you want to see logs for the training epoch.
/home/g15farris/.conda/envs/bnn/lib/python3.12/site-packages/tyxe/likelihoods.py:260: UserWarning: var(): degrees of freedom is <= 0. Correction should be strictly less than the reduction factor (input numel divided by output numel). (Triggered internally at ../aten/src/ATen/native/ReduceOps.cpp:1807.)
  scale = predictions.var(dim).add(self.scale ** 2).sqrt()
/home/g15farris/.conda/envs/bnn/lib/python3.12/site-packages/lightning/pytorch/loops/optimization/automatic.py:132: `training_step` returned `None`. If this was on purpose, ignore this warning...
`Trainer.fit` stopped: `max_epochs=20` reached.
[I 2024-11-28 11:47:42,845] Trial 0 finished with value: 3224.018798828125 and parameters: {'pretrain_epochs': 5, 'lr': 7.50681093606854e-05, 'mc_samples_train': 1, 'prior_scale': 0.029048697214318013, 'q_scale': 0.0003572140318996377, 'obs_scale': 1.1047391773518673, 'batch_size': 32}. Best is trial 0 with value: 3224.018798828125.
Trainer already configured with model summary callbacks: [<class 'lightning.pytorch.callbacks.rich_model_summary.RichModelSummary'>]. Skipping setting a default `ModelSummary` callback.
GPU available: False, used: False
TPU available: False, using: 0 TPU cores
IPU available: False, using: 0 IPUs
HPU available: False, using: 0 HPUs
/home/g15farris/.conda/envs/bnn/lib/python3.12/site-packages/lightning/pytorch/loops/fit_loop.py:298: The number of training batches (2) is smaller than the logging interval Trainer(log_every_n_steps=50). Set a lower value for log_every_n_steps if you want to see logs for the training epoch.
`Trainer.fit` stopped: `max_epochs=20` reached.
[I 2024-11-28 11:48:01,569] Trial 1 finished with value: 612575.8125 and parameters: {'pretrain_epochs': 0, 'lr': 0.0001325538578998538, 'mc_samples_train': 1, 'prior_scale': 0.20559343783957656, 'q_scale': 0.0058248182837850404, 'obs_scale': 0.29835107709343195, 'batch_size': 256}. Best is trial 0 with value: 3224.018798828125.
Trainer already configured with model summary callbacks: [<class 'lightning.pytorch.callbacks.rich_model_summary.RichModelSummary'>]. Skipping setting a default `ModelSummary` callback.
GPU available: False, used: False
TPU available: False, using: 0 TPU cores
IPU available: False, using: 0 IPUs
HPU available: False, using: 0 HPUs
`Trainer.fit` stopped: `max_epochs=20` reached.
[I 2024-11-28 11:48:22,221] Trial 2 finished with value: 4231415.0 and parameters: {'pretrain_epochs': 5, 'lr': 4.3020182095898586e-05, 'mc_samples_train': 2, 'prior_scale': 0.05508654872763757, 'q_scale': 0.004020640881061957, 'obs_scale': 0.1538313853200085, 'batch_size': 256}. Best is trial 0 with value: 3224.018798828125.
Trainer already configured with model summary callbacks: [<class 'lightning.pytorch.callbacks.rich_model_summary.RichModelSummary'>]. Skipping setting a default `ModelSummary` callback.
GPU available: False, used: False
TPU available: False, using: 0 TPU cores
IPU available: False, using: 0 IPUs
HPU available: False, using: 0 HPUs
/home/g15farris/.conda/envs/bnn/lib/python3.12/site-packages/lightning/pytorch/loops/fit_loop.py:298: The number of training batches (1) is smaller than the logging interval Trainer(log_every_n_steps=50). Set a lower value for log_every_n_steps if you want to see logs for the training epoch.
`Trainer.fit` stopped: `max_epochs=20` reached.
[I 2024-11-28 11:48:41,350] Trial 3 finished with value: 7510496.5 and parameters: {'pretrain_epochs': 0, 'lr': 2.336545096950015e-05, 'mc_samples_train': 2, 'prior_scale': 0.1023881426733586, 'q_scale': 0.001165790000863127, 'obs_scale': 0.11385861721302043, 'batch_size': 512}. Best is trial 0 with value: 3224.018798828125.
Trainer already configured with model summary callbacks: [<class 'lightning.pytorch.callbacks.rich_model_summary.RichModelSummary'>]. Skipping setting a default `ModelSummary` callback.
GPU available: False, used: False
TPU available: False, using: 0 TPU cores
IPU available: False, using: 0 IPUs
HPU available: False, using: 0 HPUs
/home/g15farris/.conda/envs/bnn/lib/python3.12/site-packages/lightning/pytorch/loops/fit_loop.py:298: The number of training batches (6) is smaller than the logging interval Trainer(log_every_n_steps=50). Set a lower value for log_every_n_steps if you want to see logs for the training epoch.
`Trainer.fit` stopped: `max_epochs=20` reached.
[I 2024-11-28 11:49:13,187] Trial 4 finished with value: 10549.9990234375 and parameters: {'pretrain_epochs': 0, 'lr': 0.00017174472922154303, 'mc_samples_train': 1, 'prior_scale': 0.48474869983391317, 'q_scale': 0.008271866644681318, 'obs_scale': 1.0724303485094406, 'batch_size': 64}. Best is trial 0 with value: 3224.018798828125.
Trainer already configured with model summary callbacks: [<class 'lightning.pytorch.callbacks.rich_model_summary.RichModelSummary'>]. Skipping setting a default `ModelSummary` callback.
GPU available: False, used: False
TPU available: False, using: 0 TPU cores
IPU available: False, using: 0 IPUs
HPU available: False, using: 0 HPUs
/home/g15farris/.conda/envs/bnn/lib/python3.12/site-packages/lightning/pytorch/loops/fit_loop.py:298: The number of training batches (3) is smaller than the logging interval Trainer(log_every_n_steps=50). Set a lower value for log_every_n_steps if you want to see logs for the training epoch.
`Trainer.fit` stopped: `max_epochs=20` reached.
[I 2024-11-28 11:49:35,654] Trial 5 finished with value: 32402.099609375 and parameters: {'pretrain_epochs': 5, 'lr': 0.0009204696704635324, 'mc_samples_train': 1, 'prior_scale': 0.17977467814503606, 'q_scale': 0.0014948832198169292, 'obs_scale': 0.4107788493789703, 'batch_size': 128}. Best is trial 0 with value: 3224.018798828125.
Trainer already configured with model summary callbacks: [<class 'lightning.pytorch.callbacks.rich_model_summary.RichModelSummary'>]. Skipping setting a default `ModelSummary` callback.
GPU available: False, used: False
TPU available: False, using: 0 TPU cores
IPU available: False, using: 0 IPUs
HPU available: False, using: 0 HPUs
`Trainer.fit` stopped: `max_epochs=20` reached.
[I 2024-11-28 11:50:13,808] Trial 6 finished with value: 452251.0 and parameters: {'pretrain_epochs': 5, 'lr': 7.478015213333154e-05, 'mc_samples_train': 2, 'prior_scale': 0.1156399334005538, 'q_scale': 0.002582231235363856, 'obs_scale': 0.15665279892931577, 'batch_size': 64}. Best is trial 0 with value: 3224.018798828125.
Trainer already configured with model summary callbacks: [<class 'lightning.pytorch.callbacks.rich_model_summary.RichModelSummary'>]. Skipping setting a default `ModelSummary` callback.
GPU available: False, used: False
TPU available: False, using: 0 TPU cores
IPU available: False, using: 0 IPUs
HPU available: False, using: 0 HPUs
`Trainer.fit` stopped: `max_epochs=20` reached.
[I 2024-11-28 11:50:35,488] Trial 7 finished with value: 3889251.75 and parameters: {'pretrain_epochs': 0, 'lr': 0.0007995719083844353, 'mc_samples_train': 2, 'prior_scale': 0.0816845546830656, 'q_scale': 0.004349147472454846, 'obs_scale': 0.11866131541331688, 'batch_size': 256}. Best is trial 0 with value: 3224.018798828125.
Trainer already configured with model summary callbacks: [<class 'lightning.pytorch.callbacks.rich_model_summary.RichModelSummary'>]. Skipping setting a default `ModelSummary` callback.
GPU available: False, used: False
TPU available: False, using: 0 TPU cores
IPU available: False, using: 0 IPUs
HPU available: False, using: 0 HPUs
`Trainer.fit` stopped: `max_epochs=20` reached.
[I 2024-11-28 11:51:09,567] Trial 8 finished with value: 633483.6875 and parameters: {'pretrain_epochs': 0, 'lr': 1.1462886732717548e-05, 'mc_samples_train': 1, 'prior_scale': 0.4124747947662307, 'q_scale': 0.00044814115470497614, 'obs_scale': 0.17860915820030454, 'batch_size': 64}. Best is trial 0 with value: 3224.018798828125.
Trainer already configured with model summary callbacks: [<class 'lightning.pytorch.callbacks.rich_model_summary.RichModelSummary'>]. Skipping setting a default `ModelSummary` callback.
GPU available: False, used: False
TPU available: False, using: 0 TPU cores
IPU available: False, using: 0 IPUs
HPU available: False, using: 0 HPUs
`Trainer.fit` stopped: `max_epochs=20` reached.
[I 2024-11-28 11:51:37,107] Trial 9 finished with value: 380190.78125 and parameters: {'pretrain_epochs': 5, 'lr': 0.0002588548618299899, 'mc_samples_train': 2, 'prior_scale': 0.21075404848706095, 'q_scale': 0.0015787361777166986, 'obs_scale': 0.23920082660450653, 'batch_size': 128}. Best is trial 0 with value: 3224.018798828125.
Trainer already configured with model summary callbacks: [<class 'lightning.pytorch.callbacks.rich_model_summary.RichModelSummary'>]. Skipping setting a default `ModelSummary` callback.
GPU available: False, used: False
TPU available: False, using: 0 TPU cores
IPU available: False, using: 0 IPUs
HPU available: False, using: 0 HPUs
`Trainer.fit` stopped: `max_epochs=20` reached.
[I 2024-11-28 11:52:32,298] Trial 10 finished with value: 812.2300415039062 and parameters: {'pretrain_epochs': 5, 'lr': 0.00028711032739869613, 'mc_samples_train': 1, 'prior_scale': 0.014937976642598423, 'q_scale': 0.00010532753257812993, 'obs_scale': 1.7109716370480204, 'batch_size': 32}. Best is trial 10 with value: 812.2300415039062.
Trainer already configured with model summary callbacks: [<class 'lightning.pytorch.callbacks.rich_model_summary.RichModelSummary'>]. Skipping setting a default `ModelSummary` callback.
GPU available: False, used: False
TPU available: False, using: 0 TPU cores
IPU available: False, using: 0 IPUs
HPU available: False, using: 0 HPUs
`Trainer.fit` stopped: `max_epochs=20` reached.
[I 2024-11-28 11:54:00,950] Trial 11 finished with value: 764.5827026367188 and parameters: {'pretrain_epochs': 5, 'lr': 0.0003871157455553778, 'mc_samples_train': 1, 'prior_scale': 0.014489987071262374, 'q_scale': 0.00010860093339103685, 'obs_scale': 1.9746524398983547, 'batch_size': 32}. Best is trial 11 with value: 764.5827026367188.
Trainer already configured with model summary callbacks: [<class 'lightning.pytorch.callbacks.rich_model_summary.RichModelSummary'>]. Skipping setting a default `ModelSummary` callback.
GPU available: False, used: False
TPU available: False, using: 0 TPU cores
IPU available: False, using: 0 IPUs
HPU available: False, using: 0 HPUs
`Trainer.fit` stopped: `max_epochs=20` reached.
[I 2024-11-28 11:54:52,147] Trial 12 finished with value: 811.7261962890625 and parameters: {'pretrain_epochs': 5, 'lr': 0.0003796759473565572, 'mc_samples_train': 1, 'prior_scale': 0.014959205297763659, 'q_scale': 0.00010181693721223134, 'obs_scale': 1.9328425480641904, 'batch_size': 32}. Best is trial 11 with value: 764.5827026367188.
Trainer already configured with model summary callbacks: [<class 'lightning.pytorch.callbacks.rich_model_summary.RichModelSummary'>]. Skipping setting a default `ModelSummary` callback.
GPU available: False, used: False
TPU available: False, using: 0 TPU cores
IPU available: False, using: 0 IPUs
HPU available: False, using: 0 HPUs
`Trainer.fit` stopped: `max_epochs=20` reached.
[I 2024-11-28 11:55:42,568] Trial 13 finished with value: 1064.1650390625 and parameters: {'pretrain_epochs': 5, 'lr': 0.0004805364291548028, 'mc_samples_train': 1, 'prior_scale': 0.010482874946722998, 'q_scale': 0.00010532990129819251, 'obs_scale': 1.8557399609740814, 'batch_size': 32}. Best is trial 11 with value: 764.5827026367188.
Trainer already configured with model summary callbacks: [<class 'lightning.pytorch.callbacks.rich_model_summary.RichModelSummary'>]. Skipping setting a default `ModelSummary` callback.
GPU available: False, used: False
TPU available: False, using: 0 TPU cores
IPU available: False, using: 0 IPUs
HPU available: False, using: 0 HPUs
`Trainer.fit` stopped: `max_epochs=20` reached.
[I 2024-11-28 11:56:32,999] Trial 14 finished with value: 416.92083740234375 and parameters: {'pretrain_epochs': 5, 'lr': 0.00042697878418142905, 'mc_samples_train': 1, 'prior_scale': 0.025598098635809526, 'q_scale': 0.00025604133934126406, 'obs_scale': 0.8078049424337922, 'batch_size': 32}. Best is trial 14 with value: 416.92083740234375.
Trainer already configured with model summary callbacks: [<class 'lightning.pytorch.callbacks.rich_model_summary.RichModelSummary'>]. Skipping setting a default `ModelSummary` callback.
GPU available: False, used: False
TPU available: False, using: 0 TPU cores
IPU available: False, using: 0 IPUs
HPU available: False, using: 0 HPUs
`Trainer.fit` stopped: `max_epochs=20` reached.
[I 2024-11-28 11:57:22,924] Trial 15 finished with value: 280.2371826171875 and parameters: {'pretrain_epochs': 5, 'lr': 0.0005145519904373549, 'mc_samples_train': 1, 'prior_scale': 0.03427732934987163, 'q_scale': 0.0002676064292032696, 'obs_scale': 0.7267193329726757, 'batch_size': 32}. Best is trial 15 with value: 280.2371826171875.
Trainer already configured with model summary callbacks: [<class 'lightning.pytorch.callbacks.rich_model_summary.RichModelSummary'>]. Skipping setting a default `ModelSummary` callback.
GPU available: False, used: False
TPU available: False, using: 0 TPU cores
IPU available: False, using: 0 IPUs
HPU available: False, using: 0 HPUs
`Trainer.fit` stopped: `max_epochs=20` reached.
[I 2024-11-28 11:58:02,132] Trial 16 finished with value: 38188.40625 and parameters: {'pretrain_epochs': 5, 'lr': 0.0006845758990621392, 'mc_samples_train': 1, 'prior_scale': 0.03934593703776678, 'q_scale': 0.00029164124865713306, 'obs_scale': 0.753148056293888, 'batch_size': 512}. Best is trial 15 with value: 280.2371826171875.
Trainer already configured with model summary callbacks: [<class 'lightning.pytorch.callbacks.rich_model_summary.RichModelSummary'>]. Skipping setting a default `ModelSummary` callback.
GPU available: False, used: False
TPU available: False, using: 0 TPU cores
IPU available: False, using: 0 IPUs
HPU available: False, using: 0 HPUs
`Trainer.fit` stopped: `max_epochs=20` reached.
[I 2024-11-28 11:58:54,415] Trial 17 finished with value: 2343.477294921875 and parameters: {'pretrain_epochs': 5, 'lr': 0.00018259475214064708, 'mc_samples_train': 1, 'prior_scale': 0.029571475829064393, 'q_scale': 0.0006382474453239678, 'obs_scale': 0.615772723234537, 'batch_size': 32}. Best is trial 15 with value: 280.2371826171875.
Trainer already configured with model summary callbacks: [<class 'lightning.pytorch.callbacks.rich_model_summary.RichModelSummary'>]. Skipping setting a default `ModelSummary` callback.
GPU available: False, used: False
TPU available: False, using: 0 TPU cores
IPU available: False, using: 0 IPUs
HPU available: False, using: 0 HPUs
`Trainer.fit` stopped: `max_epochs=20` reached.
[I 2024-11-28 11:59:46,779] Trial 18 finished with value: 335.5061950683594 and parameters: {'pretrain_epochs': 5, 'lr': 0.0005466272984405296, 'mc_samples_train': 1, 'prior_scale': 0.026889557956323362, 'q_scale': 0.00021537730383498302, 'obs_scale': 0.5467096563049685, 'batch_size': 32}. Best is trial 15 with value: 280.2371826171875.
Trainer already configured with model summary callbacks: [<class 'lightning.pytorch.callbacks.rich_model_summary.RichModelSummary'>]. Skipping setting a default `ModelSummary` callback.
GPU available: False, used: False
TPU available: False, using: 0 TPU cores
IPU available: False, using: 0 IPUs
HPU available: False, using: 0 HPUs
`Trainer.fit` stopped: `max_epochs=20` reached.
[I 2024-11-28 12:00:36,981] Trial 19 finished with value: 7966.0986328125 and parameters: {'pretrain_epochs': 5, 'lr': 0.00010213287278124237, 'mc_samples_train': 1, 'prior_scale': 0.050213913521911666, 'q_scale': 0.00017888448190867405, 'obs_scale': 0.47433311999912126, 'batch_size': 32}. Best is trial 15 with value: 280.2371826171875.
Trainer already configured with model summary callbacks: [<class 'lightning.pytorch.callbacks.rich_model_summary.RichModelSummary'>]. Skipping setting a default `ModelSummary` callback.
GPU available: False, used: False
TPU available: False, using: 0 TPU cores
IPU available: False, using: 0 IPUs
HPU available: False, using: 0 HPUs
`Trainer.fit` stopped: `max_epochs=20` reached.
[I 2024-11-28 12:01:00,102] Trial 20 finished with value: 366160.625 and parameters: {'pretrain_epochs': 5, 'lr': 0.000620967796265798, 'mc_samples_train': 1, 'prior_scale': 0.020656955506946063, 'q_scale': 0.0005983473546430672, 'obs_scale': 0.39966250746124515, 'batch_size': 512}. Best is trial 15 with value: 280.2371826171875.
Trainer already configured with model summary callbacks: [<class 'lightning.pytorch.callbacks.rich_model_summary.RichModelSummary'>]. Skipping setting a default `ModelSummary` callback.
GPU available: False, used: False
TPU available: False, using: 0 TPU cores
IPU available: False, using: 0 IPUs
HPU available: False, using: 0 HPUs
`Trainer.fit` stopped: `max_epochs=20` reached.
[I 2024-11-28 12:01:52,122] Trial 21 finished with value: 1668.385498046875 and parameters: {'pretrain_epochs': 5, 'lr': 0.00024147316537158573, 'mc_samples_train': 1, 'prior_scale': 0.027345697020444405, 'q_scale': 0.00018530055560451612, 'obs_scale': 0.8266914963413151, 'batch_size': 32}. Best is trial 15 with value: 280.2371826171875.
Trainer already configured with model summary callbacks: [<class 'lightning.pytorch.callbacks.rich_model_summary.RichModelSummary'>]. Skipping setting a default `ModelSummary` callback.
GPU available: False, used: False
TPU available: False, using: 0 TPU cores
IPU available: False, using: 0 IPUs
HPU available: False, using: 0 HPUs
`Trainer.fit` stopped: `max_epochs=20` reached.
[I 2024-11-28 12:02:44,744] Trial 22 finished with value: 239.50411987304688 and parameters: {'pretrain_epochs': 5, 'lr': 0.0005300372762341876, 'mc_samples_train': 1, 'prior_scale': 0.04148718600617462, 'q_scale': 0.00023814053427689518, 'obs_scale': 0.5823490629749011, 'batch_size': 32}. Best is trial 22 with value: 239.50411987304688.
Trainer already configured with model summary callbacks: [<class 'lightning.pytorch.callbacks.rich_model_summary.RichModelSummary'>]. Skipping setting a default `ModelSummary` callback.
GPU available: False, used: False
TPU available: False, using: 0 TPU cores
IPU available: False, using: 0 IPUs
HPU available: False, using: 0 HPUs
`Trainer.fit` stopped: `max_epochs=20` reached.
[I 2024-11-28 12:03:36,084] Trial 23 finished with value: 362.302734375 and parameters: {'pretrain_epochs': 5, 'lr': 0.0005915480256102324, 'mc_samples_train': 1, 'prior_scale': 0.040598443886462894, 'q_scale': 0.00019171745896197966, 'obs_scale': 0.5725218248603321, 'batch_size': 32}. Best is trial 22 with value: 239.50411987304688.
Trainer already configured with model summary callbacks: [<class 'lightning.pytorch.callbacks.rich_model_summary.RichModelSummary'>]. Skipping setting a default `ModelSummary` callback.
GPU available: False, used: False
TPU available: False, using: 0 TPU cores
IPU available: False, using: 0 IPUs
HPU available: False, using: 0 HPUs
`Trainer.fit` stopped: `max_epochs=20` reached.
[I 2024-11-28 12:04:27,263] Trial 24 finished with value: 2646.50634765625 and parameters: {'pretrain_epochs': 5, 'lr': 0.00030194888201240323, 'mc_samples_train': 1, 'prior_scale': 0.06098623208346963, 'q_scale': 0.0007250050807785253, 'obs_scale': 0.34668835566857065, 'batch_size': 32}. Best is trial 22 with value: 239.50411987304688.
Trainer already configured with model summary callbacks: [<class 'lightning.pytorch.callbacks.rich_model_summary.RichModelSummary'>]. Skipping setting a default `ModelSummary` callback.
GPU available: False, used: False
TPU available: False, using: 0 TPU cores
IPU available: False, using: 0 IPUs
HPU available: False, using: 0 HPUs
`Trainer.fit` stopped: `max_epochs=20` reached.
[I 2024-11-28 12:04:50,777] Trial 25 finished with value: 3091.888671875 and parameters: {'pretrain_epochs': 5, 'lr': 0.0009893755800209887, 'mc_samples_train': 1, 'prior_scale': 0.041475374397210926, 'q_scale': 0.0004414854894248194, 'obs_scale': 1.1478933032232752, 'batch_size': 128}. Best is trial 22 with value: 239.50411987304688.
Trainer already configured with model summary callbacks: [<class 'lightning.pytorch.callbacks.rich_model_summary.RichModelSummary'>]. Skipping setting a default `ModelSummary` callback.
GPU available: False, used: False
TPU available: False, using: 0 TPU cores
IPU available: False, using: 0 IPUs
HPU available: False, using: 0 HPUs
`Trainer.fit` stopped: `max_epochs=20` reached.
