[I 2024-11-28 12:32:31,564] Trial 57 finished with value: 119.56466674804688 and parameters: {'pretrain_epochs': 5, 'lr': 0.0009269967120007916, 'mc_samples_train': 1, 'prior_scale': 0.08689991373132314, 'q_scale': 0.00011755979527109387, 'obs_scale': 1.60446752405765, 'batch_size': 32}. Best is trial 56 with value: 114.46942138671875.
Trainer already configured with model summary callbacks: [<class 'lightning.pytorch.callbacks.rich_model_summary.RichModelSummary'>]. Skipping setting a default `ModelSummary` callback.
GPU available: False, used: False
TPU available: False, using: 0 TPU cores
IPU available: False, using: 0 IPUs
HPU available: False, using: 0 HPUs
`Trainer.fit` stopped: `max_epochs=20` reached.
[I 2024-11-28 12:33:34,959] Trial 58 finished with value: 124.67506408691406 and parameters: {'pretrain_epochs': 5, 'lr': 0.0008612101940019267, 'mc_samples_train': 1, 'prior_scale': 0.08961704729847049, 'q_scale': 0.0001181217757950735, 'obs_scale': 1.4714631121606054, 'batch_size': 32}. Best is trial 56 with value: 114.46942138671875.
Trainer already configured with model summary callbacks: [<class 'lightning.pytorch.callbacks.rich_model_summary.RichModelSummary'>]. Skipping setting a default `ModelSummary` callback.
GPU available: False, used: False
TPU available: False, using: 0 TPU cores
IPU available: False, using: 0 IPUs
HPU available: False, using: 0 HPUs
`Trainer.fit` stopped: `max_epochs=20` reached.
[I 2024-11-28 12:34:27,089] Trial 59 finished with value: 121.59960174560547 and parameters: {'pretrain_epochs': 5, 'lr': 0.000913456641494291, 'mc_samples_train': 1, 'prior_scale': 0.15527657546208767, 'q_scale': 0.00011992075891980954, 'obs_scale': 1.543318439980895, 'batch_size': 32}. Best is trial 56 with value: 114.46942138671875.
