[I 2024-11-28 12:05:51,862] Trial 26 finished with value: 5846.4765625 and parameters: {'pretrain_epochs': 0, 'lr': 0.0005009208504779268, 'mc_samples_train': 2, 'prior_scale': 0.019613257664570945, 'q_scale': 0.0002446581196600478, 'obs_scale': 0.5717212259872233, 'batch_size': 32}. Best is trial 22 with value: 239.50411987304688.
Trainer already configured with model summary callbacks: [<class 'lightning.pytorch.callbacks.rich_model_summary.RichModelSummary'>]. Skipping setting a default `ModelSummary` callback.
GPU available: False, used: False
TPU available: False, using: 0 TPU cores
IPU available: False, using: 0 IPUs
HPU available: False, using: 0 HPUs
`Trainer.fit` stopped: `max_epochs=20` reached.
[I 2024-11-28 12:06:45,759] Trial 27 finished with value: 1885.933837890625 and parameters: {'pretrain_epochs': 5, 'lr': 0.00020212184594889442, 'mc_samples_train': 1, 'prior_scale': 0.08266938931957973, 'q_scale': 0.00015744551774649575, 'obs_scale': 0.29370445271460777, 'batch_size': 32}. Best is trial 22 with value: 239.50411987304688.
Trainer already configured with model summary callbacks: [<class 'lightning.pytorch.callbacks.rich_model_summary.RichModelSummary'>]. Skipping setting a default `ModelSummary` callback.
GPU available: False, used: False
TPU available: False, using: 0 TPU cores
IPU available: False, using: 0 IPUs
HPU available: False, using: 0 HPUs
`Trainer.fit` stopped: `max_epochs=20` reached.
[I 2024-11-28 12:08:06,896] Trial 28 finished with value: 13249.771484375 and parameters: {'pretrain_epochs': 5, 'lr': 0.00012824989123784162, 'mc_samples_train': 1, 'prior_scale': 0.03550491546800765, 'q_scale': 0.00036587603136139135, 'obs_scale': 0.50471600819179, 'batch_size': 32}. Best is trial 22 with value: 239.50411987304688.
Trainer already configured with model summary callbacks: [<class 'lightning.pytorch.callbacks.rich_model_summary.RichModelSummary'>]. Skipping setting a default `ModelSummary` callback.
GPU available: False, used: False
TPU available: False, using: 0 TPU cores
IPU available: False, using: 0 IPUs
HPU available: False, using: 0 HPUs
`Trainer.fit` stopped: `max_epochs=20` reached.
[I 2024-11-28 12:09:19,554] Trial 29 finished with value: 2157.355224609375 and parameters: {'pretrain_epochs': 5, 'lr': 6.121729646628824e-05, 'mc_samples_train': 1, 'prior_scale': 0.023929520047462086, 'q_scale': 0.0003175270740301742, 'obs_scale': 1.0545770836411659, 'batch_size': 32}. Best is trial 22 with value: 239.50411987304688.
Trainer already configured with model summary callbacks: [<class 'lightning.pytorch.callbacks.rich_model_summary.RichModelSummary'>]. Skipping setting a default `ModelSummary` callback.
GPU available: False, used: False
TPU available: False, using: 0 TPU cores
IPU available: False, using: 0 IPUs
HPU available: False, using: 0 HPUs
`Trainer.fit` stopped: `max_epochs=20` reached.
[I 2024-11-28 12:09:41,467] Trial 30 finished with value: 19478.798828125 and parameters: {'pretrain_epochs': 5, 'lr': 0.00033572285377045597, 'mc_samples_train': 1, 'prior_scale': 0.010171711652668334, 'q_scale': 0.0008633899524995144, 'obs_scale': 1.3439611979375592, 'batch_size': 256}. Best is trial 22 with value: 239.50411987304688.
Trainer already configured with model summary callbacks: [<class 'lightning.pytorch.callbacks.rich_model_summary.RichModelSummary'>]. Skipping setting a default `ModelSummary` callback.
GPU available: False, used: False
TPU available: False, using: 0 TPU cores
IPU available: False, using: 0 IPUs
HPU available: False, using: 0 HPUs
`Trainer.fit` stopped: `max_epochs=20` reached.
[I 2024-11-28 12:10:41,157] Trial 31 finished with value: 410.7704162597656 and parameters: {'pretrain_epochs': 5, 'lr': 0.0005857351348590563, 'mc_samples_train': 1, 'prior_scale': 0.034171758922499004, 'q_scale': 0.00016081249222893332, 'obs_scale': 0.6665021017512357, 'batch_size': 32}. Best is trial 22 with value: 239.50411987304688.
Trainer already configured with model summary callbacks: [<class 'lightning.pytorch.callbacks.rich_model_summary.RichModelSummary'>]. Skipping setting a default `ModelSummary` callback.
GPU available: False, used: False
TPU available: False, using: 0 TPU cores
IPU available: False, using: 0 IPUs
HPU available: False, using: 0 HPUs
`Trainer.fit` stopped: `max_epochs=20` reached.
[I 2024-11-28 12:11:51,927] Trial 32 finished with value: 253.10247802734375 and parameters: {'pretrain_epochs': 5, 'lr': 0.000738994397449305, 'mc_samples_train': 1, 'prior_scale': 0.05043054403044956, 'q_scale': 0.00022270322586265598, 'obs_scale': 0.5126661303049702, 'batch_size': 32}. Best is trial 22 with value: 239.50411987304688.
Trainer already configured with model summary callbacks: [<class 'lightning.pytorch.callbacks.rich_model_summary.RichModelSummary'>]. Skipping setting a default `ModelSummary` callback.
GPU available: False, used: False
TPU available: False, using: 0 TPU cores
IPU available: False, using: 0 IPUs
HPU available: False, using: 0 HPUs
`Trainer.fit` stopped: `max_epochs=20` reached.
[I 2024-11-28 12:12:50,192] Trial 33 finished with value: 724.86328125 and parameters: {'pretrain_epochs': 5, 'lr': 0.0007791912800003949, 'mc_samples_train': 1, 'prior_scale': 0.053510721691270094, 'q_scale': 0.0004960600636549616, 'obs_scale': 0.33543398659191886, 'batch_size': 32}. Best is trial 22 with value: 239.50411987304688.
Trainer already configured with model summary callbacks: [<class 'lightning.pytorch.callbacks.rich_model_summary.RichModelSummary'>]. Skipping setting a default `ModelSummary` callback.
GPU available: False, used: False
TPU available: False, using: 0 TPU cores
IPU available: False, using: 0 IPUs
HPU available: False, using: 0 HPUs
`Trainer.fit` stopped: `max_epochs=20` reached.
[I 2024-11-28 12:13:10,179] Trial 34 finished with value: 198340.5 and parameters: {'pretrain_epochs': 0, 'lr': 0.0004906610092688826, 'mc_samples_train': 1, 'prior_scale': 0.0759737416396417, 'q_scale': 0.00022630295084617185, 'obs_scale': 0.717039544392667, 'batch_size': 512}. Best is trial 22 with value: 239.50411987304688.
Trainer already configured with model summary callbacks: [<class 'lightning.pytorch.callbacks.rich_model_summary.RichModelSummary'>]. Skipping setting a default `ModelSummary` callback.
GPU available: False, used: False
TPU available: False, using: 0 TPU cores
IPU available: False, using: 0 IPUs
HPU available: False, using: 0 HPUs
`Trainer.fit` stopped: `max_epochs=20` reached.
[I 2024-11-28 12:13:31,531] Trial 35 finished with value: 8423.3974609375 and parameters: {'pretrain_epochs': 5, 'lr': 0.0009851121754330778, 'mc_samples_train': 2, 'prior_scale': 0.04790816465477203, 'q_scale': 0.00014291674174416878, 'obs_scale': 0.9438927803157233, 'batch_size': 256}. Best is trial 22 with value: 239.50411987304688.
Trainer already configured with model summary callbacks: [<class 'lightning.pytorch.callbacks.rich_model_summary.RichModelSummary'>]. Skipping setting a default `ModelSummary` callback.
GPU available: False, used: False
TPU available: False, using: 0 TPU cores
IPU available: False, using: 0 IPUs
HPU available: False, using: 0 HPUs
`Trainer.fit` stopped: `max_epochs=20` reached.
[I 2024-11-28 12:14:08,601] Trial 36 finished with value: 65509.17578125 and parameters: {'pretrain_epochs': 5, 'lr': 2.336178932942835e-05, 'mc_samples_train': 1, 'prior_scale': 0.10587477263326932, 'q_scale': 0.0003612684662215798, 'obs_scale': 0.48098420120707314, 'batch_size': 64}. Best is trial 22 with value: 239.50411987304688.
Trainer already configured with model summary callbacks: [<class 'lightning.pytorch.callbacks.rich_model_summary.RichModelSummary'>]. Skipping setting a default `ModelSummary` callback.
GPU available: False, used: False
TPU available: False, using: 0 TPU cores
IPU available: False, using: 0 IPUs
HPU available: False, using: 0 HPUs
`Trainer.fit` stopped: `max_epochs=20` reached.
[I 2024-11-28 12:14:53,255] Trial 37 finished with value: 397330.21875 and parameters: {'pretrain_epochs': 0, 'lr': 0.0007057459329136829, 'mc_samples_train': 1, 'prior_scale': 0.06195308251725808, 'q_scale': 0.0001355752109506696, 'obs_scale': 0.2621291641759981, 'batch_size': 128}. Best is trial 22 with value: 239.50411987304688.
Trainer already configured with model summary callbacks: [<class 'lightning.pytorch.callbacks.rich_model_summary.RichModelSummary'>]. Skipping setting a default `ModelSummary` callback.
GPU available: False, used: False
TPU available: False, using: 0 TPU cores
IPU available: False, using: 0 IPUs
HPU available: False, using: 0 HPUs
`Trainer.fit` stopped: `max_epochs=20` reached.
[I 2024-11-28 12:16:17,703] Trial 38 finished with value: 30292.751953125 and parameters: {'pretrain_epochs': 5, 'lr': 4.440221093331539e-05, 'mc_samples_train': 2, 'prior_scale': 0.03104993106791847, 'q_scale': 0.00021417402729798999, 'obs_scale': 0.39849284349561337, 'batch_size': 32}. Best is trial 22 with value: 239.50411987304688.
Trainer already configured with model summary callbacks: [<class 'lightning.pytorch.callbacks.rich_model_summary.RichModelSummary'>]. Skipping setting a default `ModelSummary` callback.
GPU available: False, used: False
TPU available: False, using: 0 TPU cores
IPU available: False, using: 0 IPUs
HPU available: False, using: 0 HPUs
`Trainer.fit` stopped: `max_epochs=20` reached.
[I 2024-11-28 12:16:53,649] Trial 39 finished with value: 52962.1640625 and parameters: {'pretrain_epochs': 0, 'lr': 0.00021990239281792907, 'mc_samples_train': 1, 'prior_scale': 0.14552747606398175, 'q_scale': 0.0011062488939832988, 'obs_scale': 0.5171141933797249, 'batch_size': 64}. Best is trial 22 with value: 239.50411987304688.
Trainer already configured with model summary callbacks: [<class 'lightning.pytorch.callbacks.rich_model_summary.RichModelSummary'>]. Skipping setting a default `ModelSummary` callback.
GPU available: False, used: False
TPU available: False, using: 0 TPU cores
IPU available: False, using: 0 IPUs
HPU available: False, using: 0 HPUs
`Trainer.fit` stopped: `max_epochs=20` reached.
[I 2024-11-28 12:17:16,894] Trial 40 finished with value: 71249.4453125 and parameters: {'pretrain_epochs': 5, 'lr': 0.00014237494126371605, 'mc_samples_train': 2, 'prior_scale': 0.01819868777291645, 'q_scale': 0.002245402421896622, 'obs_scale': 0.9003162146803202, 'batch_size': 256}. Best is trial 22 with value: 239.50411987304688.
Trainer already configured with model summary callbacks: [<class 'lightning.pytorch.callbacks.rich_model_summary.RichModelSummary'>]. Skipping setting a default `ModelSummary` callback.
GPU available: False, used: False
TPU available: False, using: 0 TPU cores
IPU available: False, using: 0 IPUs
HPU available: False, using: 0 HPUs
`Trainer.fit` stopped: `max_epochs=20` reached.
[I 2024-11-28 12:18:14,450] Trial 41 finished with value: 917.9346923828125 and parameters: {'pretrain_epochs': 5, 'lr': 0.0005785420416022076, 'mc_samples_train': 1, 'prior_scale': 0.04142685722003495, 'q_scale': 0.00020661166639893624, 'obs_scale': 0.5292551286463258, 'batch_size': 32}. Best is trial 22 with value: 239.50411987304688.
Trainer already configured with model summary callbacks: [<class 'lightning.pytorch.callbacks.rich_model_summary.RichModelSummary'>]. Skipping setting a default `ModelSummary` callback.
GPU available: False, used: False
TPU available: False, using: 0 TPU cores
IPU available: False, using: 0 IPUs
HPU available: False, using: 0 HPUs
`Trainer.fit` stopped: `max_epochs=20` reached.
[I 2024-11-28 12:19:12,015] Trial 42 finished with value: 369.6506042480469 and parameters: {'pretrain_epochs': 5, 'lr': 0.0007810047860749132, 'mc_samples_train': 1, 'prior_scale': 0.044684358353213396, 'q_scale': 0.00029327753647947975, 'obs_scale': 0.6045528669187713, 'batch_size': 32}. Best is trial 22 with value: 239.50411987304688.
Trainer already configured with model summary callbacks: [<class 'lightning.pytorch.callbacks.rich_model_summary.RichModelSummary'>]. Skipping setting a default `ModelSummary` callback.
GPU available: False, used: False
TPU available: False, using: 0 TPU cores
IPU available: False, using: 0 IPUs
HPU available: False, using: 0 HPUs
`Trainer.fit` stopped: `max_epochs=20` reached.
[I 2024-11-28 12:20:24,545] Trial 43 finished with value: 157.16844177246094 and parameters: {'pretrain_epochs': 5, 'lr': 0.0005501985108060345, 'mc_samples_train': 1, 'prior_scale': 0.06592386825580732, 'q_scale': 0.00012859287579581363, 'obs_scale': 0.6234961296230779, 'batch_size': 32}. Best is trial 43 with value: 157.16844177246094.
Trainer already configured with model summary callbacks: [<class 'lightning.pytorch.callbacks.rich_model_summary.RichModelSummary'>]. Skipping setting a default `ModelSummary` callback.
GPU available: False, used: False
TPU available: False, using: 0 TPU cores
IPU available: False, using: 0 IPUs
HPU available: False, using: 0 HPUs
`Trainer.fit` stopped: `max_epochs=20` reached.
[I 2024-11-28 12:21:48,472] Trial 44 finished with value: 507.2229919433594 and parameters: {'pretrain_epochs': 5, 'lr': 0.0003551913627267259, 'mc_samples_train': 1, 'prior_scale': 0.06793047538337531, 'q_scale': 0.00013209191137827957, 'obs_scale': 0.44029720451864535, 'batch_size': 32}. Best is trial 43 with value: 157.16844177246094.
Trainer already configured with model summary callbacks: [<class 'lightning.pytorch.callbacks.rich_model_summary.RichModelSummary'>]. Skipping setting a default `ModelSummary` callback.
GPU available: False, used: False
TPU available: False, using: 0 TPU cores
IPU available: False, using: 0 IPUs
HPU available: False, using: 0 HPUs
`Trainer.fit` stopped: `max_epochs=20` reached.
[I 2024-11-28 12:22:56,205] Trial 45 finished with value: 460.32415771484375 and parameters: {'pretrain_epochs': 5, 'lr': 0.0004425571259478007, 'mc_samples_train': 1, 'prior_scale': 0.09430699221074577, 'q_scale': 0.007303873797044915, 'obs_scale': 0.6890437430260082, 'batch_size': 32}. Best is trial 43 with value: 157.16844177246094.
Trainer already configured with model summary callbacks: [<class 'lightning.pytorch.callbacks.rich_model_summary.RichModelSummary'>]. Skipping setting a default `ModelSummary` callback.
GPU available: False, used: False
TPU available: False, using: 0 TPU cores
IPU available: False, using: 0 IPUs
HPU available: False, using: 0 HPUs
`Trainer.fit` stopped: `max_epochs=20` reached.
[I 2024-11-28 12:23:21,137] Trial 46 finished with value: 100713.125 and parameters: {'pretrain_epochs': 5, 'lr': 0.000830886626548478, 'mc_samples_train': 1, 'prior_scale': 0.0578202156273333, 'q_scale': 0.0004014600966422413, 'obs_scale': 0.2149308248551558, 'batch_size': 128}. Best is trial 43 with value: 157.16844177246094.
Trainer already configured with model summary callbacks: [<class 'lightning.pytorch.callbacks.rich_model_summary.RichModelSummary'>]. Skipping setting a default `ModelSummary` callback.
GPU available: False, used: False
TPU available: False, using: 0 TPU cores
IPU available: False, using: 0 IPUs
HPU available: False, using: 0 HPUs
`Trainer.fit` stopped: `max_epochs=20` reached.
[I 2024-11-28 12:24:15,428] Trial 47 finished with value: 2177.462646484375 and parameters: {'pretrain_epochs': 5, 'lr': 0.00030008057969486073, 'mc_samples_train': 1, 'prior_scale': 0.28552360570829, 'q_scale': 0.0001254031452959363, 'obs_scale': 0.36439219493385777, 'batch_size': 32}. Best is trial 43 with value: 157.16844177246094.
Trainer already configured with model summary callbacks: [<class 'lightning.pytorch.callbacks.rich_model_summary.RichModelSummary'>]. Skipping setting a default `ModelSummary` callback.
GPU available: False, used: False
TPU available: False, using: 0 TPU cores
IPU available: False, using: 0 IPUs
HPU available: False, using: 0 HPUs
[I 2024-11-28 12:24:31,152] Trial 48 pruned. Trial was pruned at epoch 8.
Trainer already configured with model summary callbacks: [<class 'lightning.pytorch.callbacks.rich_model_summary.RichModelSummary'>]. Skipping setting a default `ModelSummary` callback.
GPU available: False, used: False
TPU available: False, using: 0 TPU cores
IPU available: False, using: 0 IPUs
HPU available: False, using: 0 HPUs
`Trainer.fit` stopped: `max_epochs=20` reached.
[I 2024-11-28 12:25:11,924] Trial 49 finished with value: 1659.4249267578125 and parameters: {'pretrain_epochs': 5, 'lr': 0.0005158169521863118, 'mc_samples_train': 2, 'prior_scale': 0.029981742001992957, 'q_scale': 0.0005503211768617498, 'obs_scale': 0.9533983848748065, 'batch_size': 64}. Best is trial 43 with value: 157.16844177246094.
Trainer already configured with model summary callbacks: [<class 'lightning.pytorch.callbacks.rich_model_summary.RichModelSummary'>]. Skipping setting a default `ModelSummary` callback.
GPU available: False, used: False
TPU available: False, using: 0 TPU cores
IPU available: False, using: 0 IPUs
HPU available: False, using: 0 HPUs
`Trainer.fit` stopped: `max_epochs=20` reached.
[I 2024-11-28 12:26:05,469] Trial 50 finished with value: 667.8159790039062 and parameters: {'pretrain_epochs': 5, 'lr': 0.00039930872008178084, 'mc_samples_train': 1, 'prior_scale': 0.1260367477724092, 'q_scale': 0.0003239676847456265, 'obs_scale': 0.6454913363008826, 'batch_size': 32}. Best is trial 43 with value: 157.16844177246094.
Trainer already configured with model summary callbacks: [<class 'lightning.pytorch.callbacks.rich_model_summary.RichModelSummary'>]. Skipping setting a default `ModelSummary` callback.
GPU available: False, used: False
TPU available: False, using: 0 TPU cores
IPU available: False, using: 0 IPUs
HPU available: False, using: 0 HPUs
`Trainer.fit` stopped: `max_epochs=20` reached.
[I 2024-11-28 12:26:58,199] Trial 51 finished with value: 292.1883850097656 and parameters: {'pretrain_epochs': 5, 'lr': 0.0006201188407301074, 'mc_samples_train': 1, 'prior_scale': 0.03594592186345558, 'q_scale': 0.0001772173783597581, 'obs_scale': 0.5658649606783299, 'batch_size': 32}. Best is trial 43 with value: 157.16844177246094.
Trainer already configured with model summary callbacks: [<class 'lightning.pytorch.callbacks.rich_model_summary.RichModelSummary'>]. Skipping setting a default `ModelSummary` callback.
GPU available: False, used: False
TPU available: False, using: 0 TPU cores
IPU available: False, using: 0 IPUs
HPU available: False, using: 0 HPUs
`Trainer.fit` stopped: `max_epochs=20` reached.
[I 2024-11-28 12:27:51,789] Trial 52 finished with value: 247.38421630859375 and parameters: {'pretrain_epochs': 5, 'lr': 0.0006973709746854855, 'mc_samples_train': 1, 'prior_scale': 0.035612149056819045, 'q_scale': 0.0001691743871368334, 'obs_scale': 0.783380382713991, 'batch_size': 32}. Best is trial 43 with value: 157.16844177246094.
Trainer already configured with model summary callbacks: [<class 'lightning.pytorch.callbacks.rich_model_summary.RichModelSummary'>]. Skipping setting a default `ModelSummary` callback.
GPU available: False, used: False
TPU available: False, using: 0 TPU cores
IPU available: False, using: 0 IPUs
HPU available: False, using: 0 HPUs
`Trainer.fit` stopped: `max_epochs=20` reached.
[I 2024-11-28 12:28:45,409] Trial 53 finished with value: 236.21998596191406 and parameters: {'pretrain_epochs': 5, 'lr': 0.0006935091961653507, 'mc_samples_train': 1, 'prior_scale': 0.035159117539783714, 'q_scale': 0.00016256067760282432, 'obs_scale': 0.7865626567959234, 'batch_size': 32}. Best is trial 43 with value: 157.16844177246094.
Trainer already configured with model summary callbacks: [<class 'lightning.pytorch.callbacks.rich_model_summary.RichModelSummary'>]. Skipping setting a default `ModelSummary` callback.
GPU available: False, used: False
TPU available: False, using: 0 TPU cores
IPU available: False, using: 0 IPUs
HPU available: False, using: 0 HPUs
`Trainer.fit` stopped: `max_epochs=20` reached.
[I 2024-11-28 12:29:39,167] Trial 54 finished with value: 130.7428741455078 and parameters: {'pretrain_epochs': 5, 'lr': 0.0008452284954597257, 'mc_samples_train': 1, 'prior_scale': 0.06987271173706976, 'q_scale': 0.0001233032713887315, 'obs_scale': 0.8304285741680748, 'batch_size': 32}. Best is trial 54 with value: 130.7428741455078.
Trainer already configured with model summary callbacks: [<class 'lightning.pytorch.callbacks.rich_model_summary.RichModelSummary'>]. Skipping setting a default `ModelSummary` callback.
GPU available: False, used: False
TPU available: False, using: 0 TPU cores
IPU available: False, using: 0 IPUs
HPU available: False, using: 0 HPUs
`Trainer.fit` stopped: `max_epochs=20` reached.
[I 2024-11-28 12:30:32,804] Trial 55 finished with value: 135.66049194335938 and parameters: {'pretrain_epochs': 5, 'lr': 0.0007274523060058394, 'mc_samples_train': 1, 'prior_scale': 0.06927924430883516, 'q_scale': 0.0001205823571561385, 'obs_scale': 1.5295038935889438, 'batch_size': 32}. Best is trial 54 with value: 130.7428741455078.
Trainer already configured with model summary callbacks: [<class 'lightning.pytorch.callbacks.rich_model_summary.RichModelSummary'>]. Skipping setting a default `ModelSummary` callback.
GPU available: False, used: False
TPU available: False, using: 0 TPU cores
IPU available: False, using: 0 IPUs
HPU available: False, using: 0 HPUs
`Trainer.fit` stopped: `max_epochs=20` reached.
[I 2024-11-28 12:31:36,457] Trial 56 finished with value: 114.46942138671875 and parameters: {'pretrain_epochs': 5, 'lr': 0.0009942687980983148, 'mc_samples_train': 1, 'prior_scale': 0.08577226270346741, 'q_scale': 0.00011793730404486873, 'obs_scale': 1.5103687141173905, 'batch_size': 32}. Best is trial 56 with value: 114.46942138671875.
Trainer already configured with model summary callbacks: [<class 'lightning.pytorch.callbacks.rich_model_summary.RichModelSummary'>]. Skipping setting a default `ModelSummary` callback.
GPU available: False, used: False
TPU available: False, using: 0 TPU cores
IPU available: False, using: 0 IPUs
HPU available: False, using: 0 HPUs
`Trainer.fit` stopped: `max_epochs=20` reached.
