[I 2025-02-18 10:15:23,983] Trial 142 finished with value: -0.6060946734700825 and parameters: {'lr': 0.0024521738595443235, 'batch_size': 64}. Best is trial 139 with value: -0.7838877477535541.
Trainer already configured with model summary callbacks: [<class 'lightning.pytorch.callbacks.rich_model_summary.RichModelSummary'>]. Skipping setting a default `ModelSummary` callback.
GPU available: False, used: False
TPU available: False, using: 0 TPU cores
IPU available: False, using: 0 IPUs
HPU available: False, using: 0 HPUs
`Trainer.fit` stopped: `max_epochs=20` reached.
[I 2025-02-18 10:15:42,288] Trial 143 finished with value: -0.5125244445152809 and parameters: {'lr': 0.0024179382429515644, 'batch_size': 64}. Best is trial 139 with value: -0.7838877477535541.
Trainer already configured with model summary callbacks: [<class 'lightning.pytorch.callbacks.rich_model_summary.RichModelSummary'>]. Skipping setting a default `ModelSummary` callback.
GPU available: False, used: False
TPU available: False, using: 0 TPU cores
IPU available: False, using: 0 IPUs
HPU available: False, using: 0 HPUs
`Trainer.fit` stopped: `max_epochs=20` reached.
[I 2025-02-18 10:15:58,843] Trial 144 finished with value: -0.015570787513088533 and parameters: {'lr': 0.0024514769009982844, 'batch_size': 64}. Best is trial 139 with value: -0.7838877477535541.
Trainer already configured with model summary callbacks: [<class 'lightning.pytorch.callbacks.rich_model_summary.RichModelSummary'>]. Skipping setting a default `ModelSummary` callback.
GPU available: False, used: False
TPU available: False, using: 0 TPU cores
IPU available: False, using: 0 IPUs
HPU available: False, using: 0 HPUs
`Trainer.fit` stopped: `max_epochs=20` reached.
[I 2025-02-18 10:16:13,955] Trial 145 finished with value: -0.2808873414047854 and parameters: {'lr': 0.0024010418851277224, 'batch_size': 64}. Best is trial 139 with value: -0.7838877477535541.
Trainer already configured with model summary callbacks: [<class 'lightning.pytorch.callbacks.rich_model_summary.RichModelSummary'>]. Skipping setting a default `ModelSummary` callback.
GPU available: False, used: False
TPU available: False, using: 0 TPU cores
IPU available: False, using: 0 IPUs
HPU available: False, using: 0 HPUs
`Trainer.fit` stopped: `max_epochs=20` reached.
[I 2025-02-18 10:16:33,169] Trial 147 finished with value: 0.09196744686351882 and parameters: {'lr': 0.002454681156307347, 'batch_size': 64}. Best is trial 139 with value: -0.7838877477535541.
Trainer already configured with model summary callbacks: [<class 'lightning.pytorch.callbacks.rich_model_summary.RichModelSummary'>]. Skipping setting a default `ModelSummary` callback.
GPU available: False, used: False
TPU available: False, using: 0 TPU cores
IPU available: False, using: 0 IPUs
HPU available: False, using: 0 HPUs
`Trainer.fit` stopped: `max_epochs=20` reached.
[I 2025-02-18 10:16:49,997] Trial 148 finished with value: -0.3375582217514245 and parameters: {'lr': 0.0014897529257272058, 'batch_size': 64}. Best is trial 139 with value: -0.7838877477535541.
Trainer already configured with model summary callbacks: [<class 'lightning.pytorch.callbacks.rich_model_summary.RichModelSummary'>]. Skipping setting a default `ModelSummary` callback.
GPU available: False, used: False
TPU available: False, using: 0 TPU cores
IPU available: False, using: 0 IPUs
HPU available: False, using: 0 HPUs
`Trainer.fit` stopped: `max_epochs=20` reached.
[I 2025-02-18 10:17:28,608] Trial 151 finished with value: -0.43965667764963934 and parameters: {'lr': 0.0029148569569376792, 'batch_size': 64}. Best is trial 139 with value: -0.7838877477535541.
Trainer already configured with model summary callbacks: [<class 'lightning.pytorch.callbacks.rich_model_summary.RichModelSummary'>]. Skipping setting a default `ModelSummary` callback.
GPU available: False, used: False
TPU available: False, using: 0 TPU cores
IPU available: False, using: 0 IPUs
HPU available: False, using: 0 HPUs
`Trainer.fit` stopped: `max_epochs=20` reached.
[I 2025-02-18 10:17:45,195] Trial 152 finished with value: 0.008492322523708599 and parameters: {'lr': 0.002874229411748782, 'batch_size': 64}. Best is trial 139 with value: -0.7838877477535541.
Trainer already configured with model summary callbacks: [<class 'lightning.pytorch.callbacks.rich_model_summary.RichModelSummary'>]. Skipping setting a default `ModelSummary` callback.
GPU available: False, used: False
TPU available: False, using: 0 TPU cores
IPU available: False, using: 0 IPUs
HPU available: False, using: 0 HPUs
`Trainer.fit` stopped: `max_epochs=20` reached.
[I 2025-02-18 10:18:03,938] Trial 154 finished with value: -0.4119311314763891 and parameters: {'lr': 0.002601708621674192, 'batch_size': 64}. Best is trial 139 with value: -0.7838877477535541.
Trainer already configured with model summary callbacks: [<class 'lightning.pytorch.callbacks.rich_model_summary.RichModelSummary'>]. Skipping setting a default `ModelSummary` callback.
GPU available: False, used: False
TPU available: False, using: 0 TPU cores
IPU available: False, using: 0 IPUs
HPU available: False, using: 0 HPUs
`Trainer.fit` stopped: `max_epochs=20` reached.
[I 2025-02-18 10:18:21,594] Trial 156 finished with value: -0.3420788482798263 and parameters: {'lr': 0.0026348547675695143, 'batch_size': 64}. Best is trial 139 with value: -0.7838877477535541.
Trainer already configured with model summary callbacks: [<class 'lightning.pytorch.callbacks.rich_model_summary.RichModelSummary'>]. Skipping setting a default `ModelSummary` callback.
GPU available: False, used: False
TPU available: False, using: 0 TPU cores
IPU available: False, using: 0 IPUs
HPU available: False, using: 0 HPUs
`Trainer.fit` stopped: `max_epochs=20` reached.
[I 2025-02-18 10:18:38,899] Trial 158 finished with value: -0.7561803136477677 and parameters: {'lr': 0.0026298816743936734, 'batch_size': 64}. Best is trial 139 with value: -0.7838877477535541.
Trainer already configured with model summary callbacks: [<class 'lightning.pytorch.callbacks.rich_model_summary.RichModelSummary'>]. Skipping setting a default `ModelSummary` callback.
GPU available: False, used: False
TPU available: False, using: 0 TPU cores
IPU available: False, using: 0 IPUs
HPU available: False, using: 0 HPUs
`Trainer.fit` stopped: `max_epochs=20` reached.
[I 2025-02-18 10:18:55,530] Trial 160 finished with value: -0.47078903452114435 and parameters: {'lr': 0.002586314578564104, 'batch_size': 64}. Best is trial 139 with value: -0.7838877477535541.
Trainer already configured with model summary callbacks: [<class 'lightning.pytorch.callbacks.rich_model_summary.RichModelSummary'>]. Skipping setting a default `ModelSummary` callback.
GPU available: False, used: False
TPU available: False, using: 0 TPU cores
IPU available: False, using: 0 IPUs
HPU available: False, using: 0 HPUs
`Trainer.fit` stopped: `max_epochs=20` reached.
[I 2025-02-18 10:19:11,352] Trial 161 finished with value: -0.027345411551029274 and parameters: {'lr': 0.0026683681518847578, 'batch_size': 64}. Best is trial 139 with value: -0.7838877477535541.
Trainer already configured with model summary callbacks: [<class 'lightning.pytorch.callbacks.rich_model_summary.RichModelSummary'>]. Skipping setting a default `ModelSummary` callback.
GPU available: False, used: False
TPU available: False, using: 0 TPU cores
IPU available: False, using: 0 IPUs
HPU available: False, using: 0 HPUs
`Trainer.fit` stopped: `max_epochs=20` reached.
[I 2025-02-18 10:19:27,200] Trial 163 finished with value: 0.25552197597112936 and parameters: {'lr': 0.0021491737390067793, 'batch_size': 64}. Best is trial 139 with value: -0.7838877477535541.
Trainer already configured with model summary callbacks: [<class 'lightning.pytorch.callbacks.rich_model_summary.RichModelSummary'>]. Skipping setting a default `ModelSummary` callback.
GPU available: False, used: False
TPU available: False, using: 0 TPU cores
IPU available: False, using: 0 IPUs
HPU available: False, using: 0 HPUs
`Trainer.fit` stopped: `max_epochs=20` reached.
[I 2025-02-18 10:19:44,766] Trial 165 finished with value: -0.17014256993779817 and parameters: {'lr': 0.0014586460159809523, 'batch_size': 64}. Best is trial 139 with value: -0.7838877477535541.
Trainer already configured with model summary callbacks: [<class 'lightning.pytorch.callbacks.rich_model_summary.RichModelSummary'>]. Skipping setting a default `ModelSummary` callback.
GPU available: False, used: False
TPU available: False, using: 0 TPU cores
IPU available: False, using: 0 IPUs
HPU available: False, using: 0 HPUs
`Trainer.fit` stopped: `max_epochs=20` reached.
[I 2025-02-18 10:19:59,908] Trial 167 finished with value: -0.0023761472877955785 and parameters: {'lr': 0.0025682843416768093, 'batch_size': 64}. Best is trial 139 with value: -0.7838877477535541.
Trainer already configured with model summary callbacks: [<class 'lightning.pytorch.callbacks.rich_model_summary.RichModelSummary'>]. Skipping setting a default `ModelSummary` callback.
GPU available: False, used: False
TPU available: False, using: 0 TPU cores
IPU available: False, using: 0 IPUs
HPU available: False, using: 0 HPUs
`Trainer.fit` stopped: `max_epochs=20` reached.
[I 2025-02-18 10:20:18,234] Trial 170 finished with value: 0.2900965940829637 and parameters: {'lr': 0.00111628224451933, 'batch_size': 64}. Best is trial 139 with value: -0.7838877477535541.
Trainer already configured with model summary callbacks: [<class 'lightning.pytorch.callbacks.rich_model_summary.RichModelSummary'>]. Skipping setting a default `ModelSummary` callback.
GPU available: False, used: False
TPU available: False, using: 0 TPU cores
IPU available: False, using: 0 IPUs
HPU available: False, using: 0 HPUs
`Trainer.fit` stopped: `max_epochs=20` reached.
[I 2025-02-18 10:20:38,461] Trial 172 finished with value: -0.6292597460794986 and parameters: {'lr': 0.0029417778207941774, 'batch_size': 64}. Best is trial 139 with value: -0.7838877477535541.
Trainer already configured with model summary callbacks: [<class 'lightning.pytorch.callbacks.rich_model_summary.RichModelSummary'>]. Skipping setting a default `ModelSummary` callback.
GPU available: False, used: False
TPU available: False, using: 0 TPU cores
IPU available: False, using: 0 IPUs
HPU available: False, using: 0 HPUs
`Trainer.fit` stopped: `max_epochs=20` reached.
[I 2025-02-18 10:21:01,818] Trial 173 finished with value: -0.2585969943592629 and parameters: {'lr': 0.0029225761537001425, 'batch_size': 64}. Best is trial 139 with value: -0.7838877477535541.
Trainer already configured with model summary callbacks: [<class 'lightning.pytorch.callbacks.rich_model_summary.RichModelSummary'>]. Skipping setting a default `ModelSummary` callback.
GPU available: False, used: False
TPU available: False, using: 0 TPU cores
IPU available: False, using: 0 IPUs
HPU available: False, using: 0 HPUs
`Trainer.fit` stopped: `max_epochs=20` reached.
[I 2025-02-18 10:21:46,230] Trial 174 finished with value: -0.4748699522145562 and parameters: {'lr': 0.003038851140264783, 'batch_size': 64}. Best is trial 139 with value: -0.7838877477535541.
Trainer already configured with model summary callbacks: [<class 'lightning.pytorch.callbacks.rich_model_summary.RichModelSummary'>]. Skipping setting a default `ModelSummary` callback.
GPU available: False, used: False
TPU available: False, using: 0 TPU cores
IPU available: False, using: 0 IPUs
HPU available: False, using: 0 HPUs
`Trainer.fit` stopped: `max_epochs=20` reached.
[I 2025-02-18 10:22:04,616] Trial 176 finished with value: -0.3678496728408807 and parameters: {'lr': 0.002984709895351543, 'batch_size': 64}. Best is trial 139 with value: -0.7838877477535541.
Trainer already configured with model summary callbacks: [<class 'lightning.pytorch.callbacks.rich_model_summary.RichModelSummary'>]. Skipping setting a default `ModelSummary` callback.
GPU available: False, used: False
TPU available: False, using: 0 TPU cores
IPU available: False, using: 0 IPUs
HPU available: False, using: 0 HPUs
`Trainer.fit` stopped: `max_epochs=20` reached.
[I 2025-02-18 10:22:23,642] Trial 178 finished with value: -0.044228183704017196 and parameters: {'lr': 0.003598433222664228, 'batch_size': 64}. Best is trial 139 with value: -0.7838877477535541.
Trainer already configured with model summary callbacks: [<class 'lightning.pytorch.callbacks.rich_model_summary.RichModelSummary'>]. Skipping setting a default `ModelSummary` callback.
GPU available: False, used: False
TPU available: False, using: 0 TPU cores
IPU available: False, using: 0 IPUs
HPU available: False, using: 0 HPUs
`Trainer.fit` stopped: `max_epochs=20` reached.
[I 2025-02-18 10:22:57,843] Trial 179 finished with value: 0.1450743040527711 and parameters: {'lr': 0.0030097245500392373, 'batch_size': 64}. Best is trial 139 with value: -0.7838877477535541.
Trainer already configured with model summary callbacks: [<class 'lightning.pytorch.callbacks.rich_model_summary.RichModelSummary'>]. Skipping setting a default `ModelSummary` callback.
GPU available: False, used: False
TPU available: False, using: 0 TPU cores
IPU available: False, using: 0 IPUs
HPU available: False, using: 0 HPUs
`Trainer.fit` stopped: `max_epochs=20` reached.
[I 2025-02-18 10:23:37,351] Trial 181 finished with value: -0.038993237377089 and parameters: {'lr': 0.002662672542970215, 'batch_size': 64}. Best is trial 139 with value: -0.7838877477535541.
Trainer already configured with model summary callbacks: [<class 'lightning.pytorch.callbacks.rich_model_summary.RichModelSummary'>]. Skipping setting a default `ModelSummary` callback.
GPU available: False, used: False
TPU available: False, using: 0 TPU cores
IPU available: False, using: 0 IPUs
HPU available: False, using: 0 HPUs
`Trainer.fit` stopped: `max_epochs=20` reached.
[I 2025-02-18 10:23:55,573] Trial 183 finished with value: -0.3910858709235031 and parameters: {'lr': 0.002238008218080981, 'batch_size': 64}. Best is trial 139 with value: -0.7838877477535541.
/home/g15farris/.conda/envs/bnn/lib/python3.12/site-packages/hydra/_internal/instantiate/_instantiate2.py:92: ExperimentalWarning: PatientPruner is experimental (supported from v2.8.0). The interface can change in the future.
  return _target_(*args, **kwargs)
[I 2025-02-18 15:44:31,960] A new study created in RDB with name: hnn
Trainer already configured with model summary callbacks: [<class 'lightning.pytorch.callbacks.rich_model_summary.RichModelSummary'>]. Skipping setting a default `ModelSummary` callback.
GPU available: False, used: False
TPU available: False, using: 0 TPU cores
IPU available: False, using: 0 IPUs
HPU available: False, using: 0 HPUs
/home/g15farris/.conda/envs/bnn/lib/python3.12/site-packages/lightning/pytorch/loops/fit_loop.py:298: The number of training batches (49) is smaller than the logging interval Trainer(log_every_n_steps=50). Set a lower value for log_every_n_steps if you want to see logs for the training epoch.
`Trainer.fit` stopped: `max_epochs=20` reached.
[I 2025-02-18 15:52:52,363] Trial 0 finished with value: 0.07718659479751806 and parameters: {'lr': 0.00021153673722318394, 'batch_size': 128}. Best is trial 0 with value: 0.07718659479751806.
Trainer already configured with model summary callbacks: [<class 'lightning.pytorch.callbacks.rich_model_summary.RichModelSummary'>]. Skipping setting a default `ModelSummary` callback.
GPU available: False, used: False
TPU available: False, using: 0 TPU cores
IPU available: False, using: 0 IPUs
HPU available: False, using: 0 HPUs
`Trainer.fit` stopped: `max_epochs=20` reached.
[I 2025-02-18 15:54:50,380] Trial 1 finished with value: -1.0341903858564212 and parameters: {'lr': 0.0002949201708073891, 'batch_size': 64}. Best is trial 1 with value: -1.0341903858564212.
Trainer already configured with model summary callbacks: [<class 'lightning.pytorch.callbacks.rich_model_summary.RichModelSummary'>]. Skipping setting a default `ModelSummary` callback.
GPU available: False, used: False
TPU available: False, using: 0 TPU cores
IPU available: False, using: 0 IPUs
HPU available: False, using: 0 HPUs
`Trainer.fit` stopped: `max_epochs=20` reached.
[I 2025-02-18 15:56:54,311] Trial 2 finished with value: -1.3723760680002477 and parameters: {'lr': 0.0014493825421745437, 'batch_size': 32}. Best is trial 2 with value: -1.3723760680002477.
Trainer already configured with model summary callbacks: [<class 'lightning.pytorch.callbacks.rich_model_summary.RichModelSummary'>]. Skipping setting a default `ModelSummary` callback.
GPU available: False, used: False
TPU available: False, using: 0 TPU cores
IPU available: False, using: 0 IPUs
HPU available: False, using: 0 HPUs
`Trainer.fit` stopped: `max_epochs=20` reached.
[I 2025-02-18 15:59:00,357] Trial 3 finished with value: -1.6535044135844192 and parameters: {'lr': 0.0020559343783957663, 'batch_size': 32}. Best is trial 3 with value: -1.6535044135844192.
Trainer already configured with model summary callbacks: [<class 'lightning.pytorch.callbacks.rich_model_summary.RichModelSummary'>]. Skipping setting a default `ModelSummary` callback.
GPU available: False, used: False
TPU available: False, using: 0 TPU cores
IPU available: False, using: 0 IPUs
HPU available: False, using: 0 HPUs
`Trainer.fit` stopped: `max_epochs=20` reached.
[I 2025-02-18 16:00:42,324] Trial 4 finished with value: -0.9254334134464526 and parameters: {'lr': 0.0038492581955287116, 'batch_size': 128}. Best is trial 3 with value: -1.6535044135844192.
Trainer already configured with model summary callbacks: [<class 'lightning.pytorch.callbacks.rich_model_summary.RichModelSummary'>]. Skipping setting a default `ModelSummary` callback.
GPU available: False, used: False
TPU available: False, using: 0 TPU cores
IPU available: False, using: 0 IPUs
HPU available: False, using: 0 HPUs
`Trainer.fit` stopped: `max_epochs=20` reached.
[I 2025-02-18 16:02:15,277] Trial 5 finished with value: -0.7372143506367715 and parameters: {'lr': 0.002996548869421276, 'batch_size': 64}. Best is trial 3 with value: -1.6535044135844192.
Trainer already configured with model summary callbacks: [<class 'lightning.pytorch.callbacks.rich_model_summary.RichModelSummary'>]. Skipping setting a default `ModelSummary` callback.
GPU available: False, used: False
TPU available: False, using: 0 TPU cores
IPU available: False, using: 0 IPUs
HPU available: False, using: 0 HPUs
`Trainer.fit` stopped: `max_epochs=20` reached.
[I 2025-02-18 16:03:56,547] Trial 6 finished with value: -1.4846201606355303 and parameters: {'lr': 0.0002353538053917445, 'batch_size': 32}. Best is trial 3 with value: -1.6535044135844192.
Trainer already configured with model summary callbacks: [<class 'lightning.pytorch.callbacks.rich_model_summary.RichModelSummary'>]. Skipping setting a default `ModelSummary` callback.
GPU available: False, used: False
TPU available: False, using: 0 TPU cores
IPU available: False, using: 0 IPUs
HPU available: False, using: 0 HPUs
`Trainer.fit` stopped: `max_epochs=20` reached.
[I 2025-02-18 16:05:12,464] Trial 7 finished with value: -0.6002848943738935 and parameters: {'lr': 0.00012035252278617201, 'batch_size': 32}. Best is trial 3 with value: -1.6535044135844192.
Trainer already configured with model summary callbacks: [<class 'lightning.pytorch.callbacks.rich_model_summary.RichModelSummary'>]. Skipping setting a default `ModelSummary` callback.
GPU available: False, used: False
TPU available: False, using: 0 TPU cores
IPU available: False, using: 0 IPUs
HPU available: False, using: 0 HPUs
`Trainer.fit` stopped: `max_epochs=20` reached.
[I 2025-02-18 16:06:07,692] Trial 8 finished with value: -0.6018521304601121 and parameters: {'lr': 0.00036315899074972665, 'batch_size': 128}. Best is trial 3 with value: -1.6535044135844192.
Trainer already configured with model summary callbacks: [<class 'lightning.pytorch.callbacks.rich_model_summary.RichModelSummary'>]. Skipping setting a default `ModelSummary` callback.
GPU available: False, used: False
TPU available: False, using: 0 TPU cores
IPU available: False, using: 0 IPUs
HPU available: False, using: 0 HPUs
`Trainer.fit` stopped: `max_epochs=20` reached.
[I 2025-02-18 16:06:57,303] Trial 9 finished with value: -1.4237985534397026 and parameters: {'lr': 0.001119476400407963, 'batch_size': 128}. Best is trial 3 with value: -1.6535044135844192.
Trainer already configured with model summary callbacks: [<class 'lightning.pytorch.callbacks.rich_model_summary.RichModelSummary'>]. Skipping setting a default `ModelSummary` callback.
GPU available: False, used: False
TPU available: False, using: 0 TPU cores
IPU available: False, using: 0 IPUs
HPU available: False, using: 0 HPUs
/home/g15farris/.conda/envs/bnn/lib/python3.12/site-packages/lightning/pytorch/loops/fit_loop.py:298: The number of training batches (12) is smaller than the logging interval Trainer(log_every_n_steps=50). Set a lower value for log_every_n_steps if you want to see logs for the training epoch.
[I 2025-02-18 16:07:42,757] Trial 10 pruned. Trial was pruned at epoch 14.
Trainer already configured with model summary callbacks: [<class 'lightning.pytorch.callbacks.rich_model_summary.RichModelSummary'>]. Skipping setting a default `ModelSummary` callback.
GPU available: False, used: False
TPU available: False, using: 0 TPU cores
IPU available: False, using: 0 IPUs
HPU available: False, using: 0 HPUs
`Trainer.fit` stopped: `max_epochs=20` reached.
