[I 2025-02-18 16:08:48,803] Trial 11 finished with value: -1.9794435533972359 and parameters: {'lr': 0.0006487878389547674, 'batch_size': 32}. Best is trial 11 with value: -1.9794435533972359.
Trainer already configured with model summary callbacks: [<class 'lightning.pytorch.callbacks.rich_model_summary.RichModelSummary'>]. Skipping setting a default `ModelSummary` callback.
GPU available: False, used: False
TPU available: False, using: 0 TPU cores
IPU available: False, using: 0 IPUs
HPU available: False, using: 0 HPUs
/home/g15farris/.conda/envs/bnn/lib/python3.12/site-packages/lightning/pytorch/loops/fit_loop.py:298: The number of training batches (24) is smaller than the logging interval Trainer(log_every_n_steps=50). Set a lower value for log_every_n_steps if you want to see logs for the training epoch.
`Trainer.fit` stopped: `max_epochs=20` reached.
[I 2025-02-18 16:09:39,213] Trial 12 finished with value: -1.00340238819991 and parameters: {'lr': 0.0005534360814307639, 'batch_size': 256}. Best is trial 11 with value: -1.9794435533972359.
Trainer already configured with model summary callbacks: [<class 'lightning.pytorch.callbacks.rich_model_summary.RichModelSummary'>]. Skipping setting a default `ModelSummary` callback.
GPU available: False, used: False
TPU available: False, using: 0 TPU cores
IPU available: False, using: 0 IPUs
HPU available: False, using: 0 HPUs
`Trainer.fit` stopped: `max_epochs=20` reached.
[I 2025-02-18 16:10:50,239] Trial 13 finished with value: -1.9947309506073885 and parameters: {'lr': 0.0008116260978756384, 'batch_size': 32}. Best is trial 13 with value: -1.9947309506073885.
Trainer already configured with model summary callbacks: [<class 'lightning.pytorch.callbacks.rich_model_summary.RichModelSummary'>]. Skipping setting a default `ModelSummary` callback.
GPU available: False, used: False
TPU available: False, using: 0 TPU cores
IPU available: False, using: 0 IPUs
HPU available: False, using: 0 HPUs
`Trainer.fit` stopped: `max_epochs=20` reached.
[I 2025-02-18 16:12:39,355] Trial 14 finished with value: -1.6281256585126016 and parameters: {'lr': 0.0007655516618843977, 'batch_size': 32}. Best is trial 13 with value: -1.9947309506073885.
Trainer already configured with model summary callbacks: [<class 'lightning.pytorch.callbacks.rich_model_summary.RichModelSummary'>]. Skipping setting a default `ModelSummary` callback.
GPU available: False, used: False
TPU available: False, using: 0 TPU cores
IPU available: False, using: 0 IPUs
HPU available: False, using: 0 HPUs
`Trainer.fit` stopped: `max_epochs=20` reached.
[I 2025-02-18 16:13:37,516] Trial 15 finished with value: 1.3381057874159115 and parameters: {'lr': 0.000636444812344129, 'batch_size': 512}. Best is trial 13 with value: -1.9947309506073885.
Trainer already configured with model summary callbacks: [<class 'lightning.pytorch.callbacks.rich_model_summary.RichModelSummary'>]. Skipping setting a default `ModelSummary` callback.
GPU available: False, used: False
TPU available: False, using: 0 TPU cores
IPU available: False, using: 0 IPUs
HPU available: False, using: 0 HPUs
`Trainer.fit` stopped: `max_epochs=20` reached.
[I 2025-02-18 16:14:25,018] Trial 16 finished with value: -0.9928078857934232 and parameters: {'lr': 0.0009774399797893543, 'batch_size': 256}. Best is trial 13 with value: -1.9947309506073885.
Trainer already configured with model summary callbacks: [<class 'lightning.pytorch.callbacks.rich_model_summary.RichModelSummary'>]. Skipping setting a default `ModelSummary` callback.
GPU available: False, used: False
TPU available: False, using: 0 TPU cores
IPU available: False, using: 0 IPUs
HPU available: False, using: 0 HPUs
`Trainer.fit` stopped: `max_epochs=20` reached.
[I 2025-02-18 16:16:12,781] Trial 17 finished with value: -1.3655865737569635 and parameters: {'lr': 0.00038217516406368544, 'batch_size': 32}. Best is trial 13 with value: -1.9947309506073885.
Trainer already configured with model summary callbacks: [<class 'lightning.pytorch.callbacks.rich_model_summary.RichModelSummary'>]. Skipping setting a default `ModelSummary` callback.
GPU available: False, used: False
TPU available: False, using: 0 TPU cores
IPU available: False, using: 0 IPUs
HPU available: False, using: 0 HPUs
`Trainer.fit` stopped: `max_epochs=20` reached.
[I 2025-02-18 16:18:12,942] Trial 18 finished with value: -0.6849770050461679 and parameters: {'lr': 0.00015054182878898074, 'batch_size': 32}. Best is trial 13 with value: -1.9947309506073885.
Trainer already configured with model summary callbacks: [<class 'lightning.pytorch.callbacks.rich_model_summary.RichModelSummary'>]. Skipping setting a default `ModelSummary` callback.
GPU available: False, used: False
TPU available: False, using: 0 TPU cores
IPU available: False, using: 0 IPUs
HPU available: False, using: 0 HPUs
`Trainer.fit` stopped: `max_epochs=20` reached.
[I 2025-02-18 16:19:59,810] Trial 19 finished with value: -1.6558822676678124 and parameters: {'lr': 0.0005033690549580847, 'batch_size': 32}. Best is trial 13 with value: -1.9947309506073885.
Trainer already configured with model summary callbacks: [<class 'lightning.pytorch.callbacks.rich_model_summary.RichModelSummary'>]. Skipping setting a default `ModelSummary` callback.
GPU available: False, used: False
TPU available: False, using: 0 TPU cores
IPU available: False, using: 0 IPUs
HPU available: False, using: 0 HPUs
`Trainer.fit` stopped: `max_epochs=20` reached.
[I 2025-02-18 16:21:13,825] Trial 20 finished with value: 0.36221609591689485 and parameters: {'lr': 0.0008984870310503699, 'batch_size': 512}. Best is trial 13 with value: -1.9947309506073885.
Trainer already configured with model summary callbacks: [<class 'lightning.pytorch.callbacks.rich_model_summary.RichModelSummary'>]. Skipping setting a default `ModelSummary` callback.
GPU available: False, used: False
TPU available: False, using: 0 TPU cores
IPU available: False, using: 0 IPUs
HPU available: False, using: 0 HPUs
`Trainer.fit` stopped: `max_epochs=20` reached.
[I 2025-02-18 16:23:01,515] Trial 21 finished with value: -1.8054908301934574 and parameters: {'lr': 0.0004604912087275508, 'batch_size': 32}. Best is trial 13 with value: -1.9947309506073885.
Trainer already configured with model summary callbacks: [<class 'lightning.pytorch.callbacks.rich_model_summary.RichModelSummary'>]. Skipping setting a default `ModelSummary` callback.
GPU available: False, used: False
TPU available: False, using: 0 TPU cores
IPU available: False, using: 0 IPUs
HPU available: False, using: 0 HPUs
`Trainer.fit` stopped: `max_epochs=20` reached.
[I 2025-02-18 16:25:02,003] Trial 22 finished with value: -1.80217441005763 and parameters: {'lr': 0.0005215009225566659, 'batch_size': 32}. Best is trial 13 with value: -1.9947309506073885.
Trainer already configured with model summary callbacks: [<class 'lightning.pytorch.callbacks.rich_model_summary.RichModelSummary'>]. Skipping setting a default `ModelSummary` callback.
GPU available: False, used: False
TPU available: False, using: 0 TPU cores
IPU available: False, using: 0 IPUs
HPU available: False, using: 0 HPUs
`Trainer.fit` stopped: `max_epochs=20` reached.
[I 2025-02-18 16:26:48,164] Trial 23 finished with value: -1.6255883917438234 and parameters: {'lr': 0.0012618562456224024, 'batch_size': 32}. Best is trial 13 with value: -1.9947309506073885.
Trainer already configured with model summary callbacks: [<class 'lightning.pytorch.callbacks.rich_model_summary.RichModelSummary'>]. Skipping setting a default `ModelSummary` callback.
GPU available: False, used: False
TPU available: False, using: 0 TPU cores
IPU available: False, using: 0 IPUs
HPU available: False, using: 0 HPUs
`Trainer.fit` stopped: `max_epochs=20` reached.
[I 2025-02-18 16:28:16,804] Trial 24 finished with value: -1.7972723179300272 and parameters: {'lr': 0.000426011623531081, 'batch_size': 32}. Best is trial 13 with value: -1.9947309506073885.
Trainer already configured with model summary callbacks: [<class 'lightning.pytorch.callbacks.rich_model_summary.RichModelSummary'>]. Skipping setting a default `ModelSummary` callback.
GPU available: False, used: False
TPU available: False, using: 0 TPU cores
IPU available: False, using: 0 IPUs
HPU available: False, using: 0 HPUs
`Trainer.fit` stopped: `max_epochs=20` reached.
[I 2025-02-18 16:29:28,168] Trial 25 finished with value: -0.2542006374896278 and parameters: {'lr': 0.0007397568831405336, 'batch_size': 256}. Best is trial 13 with value: -1.9947309506073885.
Trainer already configured with model summary callbacks: [<class 'lightning.pytorch.callbacks.rich_model_summary.RichModelSummary'>]. Skipping setting a default `ModelSummary` callback.
GPU available: False, used: False
TPU available: False, using: 0 TPU cores
IPU available: False, using: 0 IPUs
HPU available: False, using: 0 HPUs
`Trainer.fit` stopped: `max_epochs=20` reached.
[I 2025-02-18 16:30:43,583] Trial 26 finished with value: -0.21753676053841797 and parameters: {'lr': 0.0002469059533150303, 'batch_size': 64}. Best is trial 13 with value: -1.9947309506073885.
Trainer already configured with model summary callbacks: [<class 'lightning.pytorch.callbacks.rich_model_summary.RichModelSummary'>]. Skipping setting a default `ModelSummary` callback.
GPU available: False, used: False
TPU available: False, using: 0 TPU cores
IPU available: False, using: 0 IPUs
HPU available: False, using: 0 HPUs
`Trainer.fit` stopped: `max_epochs=20` reached.
[I 2025-02-18 16:32:14,080] Trial 27 finished with value: -1.2847563760229277 and parameters: {'lr': 0.002308201625059043, 'batch_size': 32}. Best is trial 13 with value: -1.9947309506073885.
Trainer already configured with model summary callbacks: [<class 'lightning.pytorch.callbacks.rich_model_summary.RichModelSummary'>]. Skipping setting a default `ModelSummary` callback.
GPU available: False, used: False
TPU available: False, using: 0 TPU cores
IPU available: False, using: 0 IPUs
HPU available: False, using: 0 HPUs
`Trainer.fit` stopped: `max_epochs=20` reached.
[I 2025-02-18 16:33:39,811] Trial 28 finished with value: -0.7758872963210328 and parameters: {'lr': 0.00016853144688226373, 'batch_size': 32}. Best is trial 13 with value: -1.9947309506073885.
Trainer already configured with model summary callbacks: [<class 'lightning.pytorch.callbacks.rich_model_summary.RichModelSummary'>]. Skipping setting a default `ModelSummary` callback.
GPU available: False, used: False
TPU available: False, using: 0 TPU cores
IPU available: False, using: 0 IPUs
HPU available: False, using: 0 HPUs
`Trainer.fit` stopped: `max_epochs=20` reached.
[I 2025-02-18 16:35:07,088] Trial 29 finished with value: -1.1981194499357317 and parameters: {'lr': 0.00031284268817360775, 'batch_size': 32}. Best is trial 13 with value: -1.9947309506073885.
Trainer already configured with model summary callbacks: [<class 'lightning.pytorch.callbacks.rich_model_summary.RichModelSummary'>]. Skipping setting a default `ModelSummary` callback.
GPU available: False, used: False
TPU available: False, using: 0 TPU cores
IPU available: False, using: 0 IPUs
HPU available: False, using: 0 HPUs
`Trainer.fit` stopped: `max_epochs=20` reached.
[I 2025-02-18 16:36:14,023] Trial 30 finished with value: -0.4282260244132762 and parameters: {'lr': 0.000758994516748174, 'batch_size': 256}. Best is trial 13 with value: -1.9947309506073885.
Trainer already configured with model summary callbacks: [<class 'lightning.pytorch.callbacks.rich_model_summary.RichModelSummary'>]. Skipping setting a default `ModelSummary` callback.
GPU available: False, used: False
TPU available: False, using: 0 TPU cores
IPU available: False, using: 0 IPUs
HPU available: False, using: 0 HPUs
`Trainer.fit` stopped: `max_epochs=20` reached.
[I 2025-02-18 16:37:53,383] Trial 31 finished with value: -1.8569654762630392 and parameters: {'lr': 0.0005064479562796861, 'batch_size': 32}. Best is trial 13 with value: -1.9947309506073885.
Trainer already configured with model summary callbacks: [<class 'lightning.pytorch.callbacks.rich_model_summary.RichModelSummary'>]. Skipping setting a default `ModelSummary` callback.
GPU available: False, used: False
TPU available: False, using: 0 TPU cores
IPU available: False, using: 0 IPUs
HPU available: False, using: 0 HPUs
`Trainer.fit` stopped: `max_epochs=20` reached.
[I 2025-02-18 16:39:36,629] Trial 32 finished with value: -1.4531080794029976 and parameters: {'lr': 0.0006007080854251743, 'batch_size': 32}. Best is trial 13 with value: -1.9947309506073885.
Trainer already configured with model summary callbacks: [<class 'lightning.pytorch.callbacks.rich_model_summary.RichModelSummary'>]. Skipping setting a default `ModelSummary` callback.
GPU available: False, used: False
TPU available: False, using: 0 TPU cores
IPU available: False, using: 0 IPUs
HPU available: False, using: 0 HPUs
`Trainer.fit` stopped: `max_epochs=20` reached.
[I 2025-02-18 16:40:48,073] Trial 33 finished with value: -1.4066148860675693 and parameters: {'lr': 0.00044186101778241355, 'batch_size': 64}. Best is trial 13 with value: -1.9947309506073885.
Trainer already configured with model summary callbacks: [<class 'lightning.pytorch.callbacks.rich_model_summary.RichModelSummary'>]. Skipping setting a default `ModelSummary` callback.
GPU available: False, used: False
TPU available: False, using: 0 TPU cores
IPU available: False, using: 0 IPUs
HPU available: False, using: 0 HPUs
`Trainer.fit` stopped: `max_epochs=20` reached.
[I 2025-02-18 16:42:37,474] Trial 34 finished with value: -1.0725678560743075 and parameters: {'lr': 0.00030501435997871106, 'batch_size': 32}. Best is trial 13 with value: -1.9947309506073885.
Trainer already configured with model summary callbacks: [<class 'lightning.pytorch.callbacks.rich_model_summary.RichModelSummary'>]. Skipping setting a default `ModelSummary` callback.
GPU available: False, used: False
TPU available: False, using: 0 TPU cores
IPU available: False, using: 0 IPUs
HPU available: False, using: 0 HPUs
`Trainer.fit` stopped: `max_epochs=20` reached.
[I 2025-02-18 16:44:10,723] Trial 35 finished with value: -1.9757529880520837 and parameters: {'lr': 0.001501478100346681, 'batch_size': 32}. Best is trial 13 with value: -1.9947309506073885.
Trainer already configured with model summary callbacks: [<class 'lightning.pytorch.callbacks.rich_model_summary.RichModelSummary'>]. Skipping setting a default `ModelSummary` callback.
GPU available: False, used: False
TPU available: False, using: 0 TPU cores
IPU available: False, using: 0 IPUs
HPU available: False, using: 0 HPUs
`Trainer.fit` stopped: `max_epochs=20` reached.
[I 2025-02-18 16:45:26,006] Trial 36 finished with value: -1.397994954105345 and parameters: {'lr': 0.0015463724575724767, 'batch_size': 128}. Best is trial 13 with value: -1.9947309506073885.
Trainer already configured with model summary callbacks: [<class 'lightning.pytorch.callbacks.rich_model_summary.RichModelSummary'>]. Skipping setting a default `ModelSummary` callback.
GPU available: False, used: False
TPU available: False, using: 0 TPU cores
IPU available: False, using: 0 IPUs
HPU available: False, using: 0 HPUs
`Trainer.fit` stopped: `max_epochs=20` reached.
[I 2025-02-18 16:46:56,285] Trial 37 finished with value: -1.8694544290698913 and parameters: {'lr': 0.0024919334538441537, 'batch_size': 32}. Best is trial 13 with value: -1.9947309506073885.
Trainer already configured with model summary callbacks: [<class 'lightning.pytorch.callbacks.rich_model_summary.RichModelSummary'>]. Skipping setting a default `ModelSummary` callback.
GPU available: False, used: False
TPU available: False, using: 0 TPU cores
IPU available: False, using: 0 IPUs
HPU available: False, using: 0 HPUs
`Trainer.fit` stopped: `max_epochs=20` reached.
[I 2025-02-18 16:48:21,955] Trial 38 finished with value: -0.9634320182486159 and parameters: {'lr': 0.004616938802211679, 'batch_size': 64}. Best is trial 13 with value: -1.9947309506073885.
Trainer already configured with model summary callbacks: [<class 'lightning.pytorch.callbacks.rich_model_summary.RichModelSummary'>]. Skipping setting a default `ModelSummary` callback.
GPU available: False, used: False
TPU available: False, using: 0 TPU cores
IPU available: False, using: 0 IPUs
HPU available: False, using: 0 HPUs
`Trainer.fit` stopped: `max_epochs=20` reached.
[I 2025-02-18 16:49:47,329] Trial 39 finished with value: -0.8190626723023312 and parameters: {'lr': 0.002645149401604244, 'batch_size': 32}. Best is trial 13 with value: -1.9947309506073885.
Trainer already configured with model summary callbacks: [<class 'lightning.pytorch.callbacks.rich_model_summary.RichModelSummary'>]. Skipping setting a default `ModelSummary` callback.
GPU available: False, used: False
TPU available: False, using: 0 TPU cores
IPU available: False, using: 0 IPUs
HPU available: False, using: 0 HPUs
[I 2025-02-18 16:50:42,326] Trial 40 pruned. Trial was pruned at epoch 17.
Trainer already configured with model summary callbacks: [<class 'lightning.pytorch.callbacks.rich_model_summary.RichModelSummary'>]. Skipping setting a default `ModelSummary` callback.
GPU available: False, used: False
TPU available: False, using: 0 TPU cores
IPU available: False, using: 0 IPUs
HPU available: False, using: 0 HPUs
`Trainer.fit` stopped: `max_epochs=20` reached.
[I 2025-02-18 16:51:39,164] Trial 41 finished with value: -2.0318252321446195 and parameters: {'lr': 0.001835581098511726, 'batch_size': 32}. Best is trial 41 with value: -2.0318252321446195.
Trainer already configured with model summary callbacks: [<class 'lightning.pytorch.callbacks.rich_model_summary.RichModelSummary'>]. Skipping setting a default `ModelSummary` callback.
GPU available: False, used: False
TPU available: False, using: 0 TPU cores
IPU available: False, using: 0 IPUs
HPU available: False, using: 0 HPUs
`Trainer.fit` stopped: `max_epochs=20` reached.
[I 2025-02-18 16:52:37,391] Trial 42 finished with value: -1.3561017770618993 and parameters: {'lr': 0.0018807041204848456, 'batch_size': 32}. Best is trial 41 with value: -2.0318252321446195.
Trainer already configured with model summary callbacks: [<class 'lightning.pytorch.callbacks.rich_model_summary.RichModelSummary'>]. Skipping setting a default `ModelSummary` callback.
GPU available: False, used: False
TPU available: False, using: 0 TPU cores
IPU available: False, using: 0 IPUs
HPU available: False, using: 0 HPUs
`Trainer.fit` stopped: `max_epochs=20` reached.
[I 2025-02-18 16:53:43,678] Trial 43 finished with value: -1.2193714730828324 and parameters: {'lr': 0.001421381015854891, 'batch_size': 32}. Best is trial 41 with value: -2.0318252321446195.
Trainer already configured with model summary callbacks: [<class 'lightning.pytorch.callbacks.rich_model_summary.RichModelSummary'>]. Skipping setting a default `ModelSummary` callback.
GPU available: False, used: False
TPU available: False, using: 0 TPU cores
IPU available: False, using: 0 IPUs
HPU available: False, using: 0 HPUs
[I 2025-02-18 16:54:17,152] Trial 44 pruned. Trial was pruned at epoch 17.
Trainer already configured with model summary callbacks: [<class 'lightning.pytorch.callbacks.rich_model_summary.RichModelSummary'>]. Skipping setting a default `ModelSummary` callback.
GPU available: False, used: False
TPU available: False, using: 0 TPU cores
IPU available: False, using: 0 IPUs
HPU available: False, using: 0 HPUs
`Trainer.fit` stopped: `max_epochs=20` reached.
[I 2025-02-18 16:55:05,531] Trial 45 finished with value: -1.6353716862675356 and parameters: {'lr': 0.001101221954632785, 'batch_size': 32}. Best is trial 41 with value: -2.0318252321446195.
Trainer already configured with model summary callbacks: [<class 'lightning.pytorch.callbacks.rich_model_summary.RichModelSummary'>]. Skipping setting a default `ModelSummary` callback.
GPU available: False, used: False
TPU available: False, using: 0 TPU cores
IPU available: False, using: 0 IPUs
HPU available: False, using: 0 HPUs
`Trainer.fit` stopped: `max_epochs=20` reached.
[I 2025-02-18 16:56:19,865] Trial 46 finished with value: -2.1418546908186347 and parameters: {'lr': 0.0016494379050422643, 'batch_size': 32}. Best is trial 46 with value: -2.1418546908186347.
Trainer already configured with model summary callbacks: [<class 'lightning.pytorch.callbacks.rich_model_summary.RichModelSummary'>]. Skipping setting a default `ModelSummary` callback.
GPU available: False, used: False
TPU available: False, using: 0 TPU cores
IPU available: False, using: 0 IPUs
HPU available: False, using: 0 HPUs
`Trainer.fit` stopped: `max_epochs=20` reached.
[I 2025-02-18 16:57:21,919] Trial 47 finished with value: -1.0975613371875874 and parameters: {'lr': 0.00150830494203306, 'batch_size': 32}. Best is trial 46 with value: -2.1418546908186347.
Trainer already configured with model summary callbacks: [<class 'lightning.pytorch.callbacks.rich_model_summary.RichModelSummary'>]. Skipping setting a default `ModelSummary` callback.
GPU available: False, used: False
TPU available: False, using: 0 TPU cores
IPU available: False, using: 0 IPUs
HPU available: False, using: 0 HPUs
`Trainer.fit` stopped: `max_epochs=20` reached.
[I 2025-02-18 16:58:53,803] Trial 48 finished with value: -2.106693175504117 and parameters: {'lr': 0.0008943154716685022, 'batch_size': 32}. Best is trial 46 with value: -2.1418546908186347.
Trainer already configured with model summary callbacks: [<class 'lightning.pytorch.callbacks.rich_model_summary.RichModelSummary'>]. Skipping setting a default `ModelSummary` callback.
GPU available: False, used: False
TPU available: False, using: 0 TPU cores
IPU available: False, using: 0 IPUs
HPU available: False, using: 0 HPUs
