[I 2025-02-18 17:00:02,016] Trial 49 pruned. Trial was pruned at epoch 16.
Trainer already configured with model summary callbacks: [<class 'lightning.pytorch.callbacks.rich_model_summary.RichModelSummary'>]. Skipping setting a default `ModelSummary` callback.
GPU available: False, used: False
TPU available: False, using: 0 TPU cores
IPU available: False, using: 0 IPUs
HPU available: False, using: 0 HPUs
`Trainer.fit` stopped: `max_epochs=20` reached.
[I 2025-02-18 17:01:20,625] Trial 50 finished with value: 0.22454461148546404 and parameters: {'lr': 0.0011047663990476166, 'batch_size': 512}. Best is trial 46 with value: -2.1418546908186347.
Trainer already configured with model summary callbacks: [<class 'lightning.pytorch.callbacks.rich_model_summary.RichModelSummary'>]. Skipping setting a default `ModelSummary` callback.
GPU available: False, used: False
TPU available: False, using: 0 TPU cores
IPU available: False, using: 0 IPUs
HPU available: False, using: 0 HPUs
`Trainer.fit` stopped: `max_epochs=20` reached.
[I 2025-02-18 17:03:06,237] Trial 51 finished with value: -2.0105132065933726 and parameters: {'lr': 0.0016987897343162743, 'batch_size': 32}. Best is trial 46 with value: -2.1418546908186347.
Trainer already configured with model summary callbacks: [<class 'lightning.pytorch.callbacks.rich_model_summary.RichModelSummary'>]. Skipping setting a default `ModelSummary` callback.
GPU available: False, used: False
TPU available: False, using: 0 TPU cores
IPU available: False, using: 0 IPUs
HPU available: False, using: 0 HPUs
`Trainer.fit` stopped: `max_epochs=20` reached.
[I 2025-02-18 17:04:53,499] Trial 52 finished with value: -1.6540185809602814 and parameters: {'lr': 0.0018204995222127565, 'batch_size': 32}. Best is trial 46 with value: -2.1418546908186347.
Trainer already configured with model summary callbacks: [<class 'lightning.pytorch.callbacks.rich_model_summary.RichModelSummary'>]. Skipping setting a default `ModelSummary` callback.
GPU available: False, used: False
TPU available: False, using: 0 TPU cores
IPU available: False, using: 0 IPUs
HPU available: False, using: 0 HPUs
`Trainer.fit` stopped: `max_epochs=20` reached.
[I 2025-02-18 17:06:50,276] Trial 53 finished with value: -2.0100070789931093 and parameters: {'lr': 0.001222872248509944, 'batch_size': 32}. Best is trial 46 with value: -2.1418546908186347.
Trainer already configured with model summary callbacks: [<class 'lightning.pytorch.callbacks.rich_model_summary.RichModelSummary'>]. Skipping setting a default `ModelSummary` callback.
GPU available: False, used: False
TPU available: False, using: 0 TPU cores
IPU available: False, using: 0 IPUs
HPU available: False, using: 0 HPUs
`Trainer.fit` stopped: `max_epochs=20` reached.
[I 2025-02-18 17:08:23,355] Trial 54 finished with value: -1.9028341738560972 and parameters: {'lr': 0.0011892495419401463, 'batch_size': 32}. Best is trial 46 with value: -2.1418546908186347.
Trainer already configured with model summary callbacks: [<class 'lightning.pytorch.callbacks.rich_model_summary.RichModelSummary'>]. Skipping setting a default `ModelSummary` callback.
GPU available: False, used: False
TPU available: False, using: 0 TPU cores
IPU available: False, using: 0 IPUs
HPU available: False, using: 0 HPUs
`Trainer.fit` stopped: `max_epochs=20` reached.
[I 2025-02-18 17:10:02,325] Trial 55 finished with value: -1.7841485033185014 and parameters: {'lr': 0.0020094113093920714, 'batch_size': 32}. Best is trial 46 with value: -2.1418546908186347.
Trainer already configured with model summary callbacks: [<class 'lightning.pytorch.callbacks.rich_model_summary.RichModelSummary'>]. Skipping setting a default `ModelSummary` callback.
GPU available: False, used: False
TPU available: False, using: 0 TPU cores
IPU available: False, using: 0 IPUs
HPU available: False, using: 0 HPUs
`Trainer.fit` stopped: `max_epochs=20` reached.
[I 2025-02-18 17:11:06,975] Trial 56 finished with value: -1.7706679691768783 and parameters: {'lr': 0.0009701448776603962, 'batch_size': 32}. Best is trial 46 with value: -2.1418546908186347.
Trainer already configured with model summary callbacks: [<class 'lightning.pytorch.callbacks.rich_model_summary.RichModelSummary'>]. Skipping setting a default `ModelSummary` callback.
GPU available: False, used: False
TPU available: False, using: 0 TPU cores
IPU available: False, using: 0 IPUs
HPU available: False, using: 0 HPUs
`Trainer.fit` stopped: `max_epochs=20` reached.
[I 2025-02-18 17:11:32,792] Trial 57 finished with value: -0.039281222222469374 and parameters: {'lr': 0.002977367546873335, 'batch_size': 256}. Best is trial 46 with value: -2.1418546908186347.
Trainer already configured with model summary callbacks: [<class 'lightning.pytorch.callbacks.rich_model_summary.RichModelSummary'>]. Skipping setting a default `ModelSummary` callback.
GPU available: False, used: False
TPU available: False, using: 0 TPU cores
IPU available: False, using: 0 IPUs
HPU available: False, using: 0 HPUs
`Trainer.fit` stopped: `max_epochs=20` reached.
[I 2025-02-18 17:12:23,437] Trial 58 finished with value: -2.1686149321331856 and parameters: {'lr': 0.0013422359776024458, 'batch_size': 32}. Best is trial 58 with value: -2.1686149321331856.
Trainer already configured with model summary callbacks: [<class 'lightning.pytorch.callbacks.rich_model_summary.RichModelSummary'>]. Skipping setting a default `ModelSummary` callback.
GPU available: False, used: False
TPU available: False, using: 0 TPU cores
IPU available: False, using: 0 IPUs
HPU available: False, using: 0 HPUs
`Trainer.fit` stopped: `max_epochs=20` reached.
[I 2025-02-18 17:13:05,712] Trial 59 finished with value: -0.05063375547214434 and parameters: {'lr': 0.0017035266383308146, 'batch_size': 64}. Best is trial 58 with value: -2.1686149321331856.
