[I 2024-11-28 12:02:48,180] Trial 25 finished with value: 79132.9921875 and parameters: {'pretrain_epochs': 5, 'lr': 0.0003581410704893196, 'mc_samples_train': 1, 'prior_scale': 0.02350539399843206, 'q_scale': 0.00017493704914882372, 'obs_scale': 0.32642076699209516, 'batch_size': 128}. Best is trial 23 with value: 190.2017822265625.
Trainer already configured with model summary callbacks: [<class 'lightning.pytorch.callbacks.rich_model_summary.RichModelSummary'>]. Skipping setting a default `ModelSummary` callback.
GPU available: False, used: False
TPU available: False, using: 0 TPU cores
IPU available: False, using: 0 IPUs
HPU available: False, using: 0 HPUs
`Trainer.fit` stopped: `max_epochs=20` reached.
[I 2024-11-28 12:03:57,817] Trial 26 finished with value: 19074.005859375 and parameters: {'pretrain_epochs': 0, 'lr': 0.0002028755161900531, 'mc_samples_train': 2, 'prior_scale': 0.042120232003093484, 'q_scale': 0.0008415488027439788, 'obs_scale': 0.5764408563064137, 'batch_size': 32}. Best is trial 23 with value: 190.2017822265625.
Trainer already configured with model summary callbacks: [<class 'lightning.pytorch.callbacks.rich_model_summary.RichModelSummary'>]. Skipping setting a default `ModelSummary` callback.
GPU available: False, used: False
TPU available: False, using: 0 TPU cores
IPU available: False, using: 0 IPUs
HPU available: False, using: 0 HPUs
`Trainer.fit` stopped: `max_epochs=20` reached.
[I 2024-11-28 12:04:53,182] Trial 27 finished with value: 298.6196594238281 and parameters: {'pretrain_epochs': 5, 'lr': 0.0006159824445838035, 'mc_samples_train': 1, 'prior_scale': 0.06837205937871046, 'q_scale': 0.00038928668713390444, 'obs_scale': 0.39094099448092023, 'batch_size': 32}. Best is trial 23 with value: 190.2017822265625.
Trainer already configured with model summary callbacks: [<class 'lightning.pytorch.callbacks.rich_model_summary.RichModelSummary'>]. Skipping setting a default `ModelSummary` callback.
GPU available: False, used: False
TPU available: False, using: 0 TPU cores
IPU available: False, using: 0 IPUs
HPU available: False, using: 0 HPUs
`Trainer.fit` stopped: `max_epochs=20` reached.
[I 2024-11-28 12:05:48,956] Trial 28 finished with value: 242.50270080566406 and parameters: {'pretrain_epochs': 5, 'lr': 0.0006930118187478702, 'mc_samples_train': 1, 'prior_scale': 0.07092781471546794, 'q_scale': 0.00042444254284321176, 'obs_scale': 0.3709659674924489, 'batch_size': 32}. Best is trial 23 with value: 190.2017822265625.
Trainer already configured with model summary callbacks: [<class 'lightning.pytorch.callbacks.rich_model_summary.RichModelSummary'>]. Skipping setting a default `ModelSummary` callback.
GPU available: False, used: False
TPU available: False, using: 0 TPU cores
IPU available: False, using: 0 IPUs
HPU available: False, using: 0 HPUs
`Trainer.fit` stopped: `max_epochs=20` reached.
[I 2024-11-28 12:06:45,729] Trial 29 finished with value: 99729.7578125 and parameters: {'pretrain_epochs': 5, 'lr': 5.792661385133158e-05, 'mc_samples_train': 1, 'prior_scale': 0.1404660040736785, 'q_scale': 0.00032198251957808217, 'obs_scale': 0.2577649602311049, 'batch_size': 32}. Best is trial 23 with value: 190.2017822265625.
Trainer already configured with model summary callbacks: [<class 'lightning.pytorch.callbacks.rich_model_summary.RichModelSummary'>]. Skipping setting a default `ModelSummary` callback.
GPU available: False, used: False
TPU available: False, using: 0 TPU cores
IPU available: False, using: 0 IPUs
HPU available: False, using: 0 HPUs
`Trainer.fit` stopped: `max_epochs=20` reached.
[I 2024-11-28 12:07:23,797] Trial 30 finished with value: 76325.4765625 and parameters: {'pretrain_epochs': 5, 'lr': 0.0007374455166076234, 'mc_samples_train': 1, 'prior_scale': 0.07570808236407968, 'q_scale': 0.0004810927895398964, 'obs_scale': 0.37410602949316707, 'batch_size': 256}. Best is trial 23 with value: 190.2017822265625.
Trainer already configured with model summary callbacks: [<class 'lightning.pytorch.callbacks.rich_model_summary.RichModelSummary'>]. Skipping setting a default `ModelSummary` callback.
GPU available: False, used: False
TPU available: False, using: 0 TPU cores
IPU available: False, using: 0 IPUs
HPU available: False, using: 0 HPUs
`Trainer.fit` stopped: `max_epochs=20` reached.
[I 2024-11-28 12:08:51,901] Trial 31 finished with value: 254.8773956298828 and parameters: {'pretrain_epochs': 5, 'lr': 0.0006283261966460361, 'mc_samples_train': 1, 'prior_scale': 0.06764077505680173, 'q_scale': 0.0003292323879620187, 'obs_scale': 0.4347763468140665, 'batch_size': 32}. Best is trial 23 with value: 190.2017822265625.
Trainer already configured with model summary callbacks: [<class 'lightning.pytorch.callbacks.rich_model_summary.RichModelSummary'>]. Skipping setting a default `ModelSummary` callback.
GPU available: False, used: False
TPU available: False, using: 0 TPU cores
IPU available: False, using: 0 IPUs
HPU available: False, using: 0 HPUs
`Trainer.fit` stopped: `max_epochs=20` reached.
[I 2024-11-28 12:09:45,714] Trial 32 finished with value: 2396.486572265625 and parameters: {'pretrain_epochs': 5, 'lr': 0.0003102068520966301, 'mc_samples_train': 1, 'prior_scale': 0.06514237781081299, 'q_scale': 0.0007985508727179825, 'obs_scale': 0.5382772515616056, 'batch_size': 32}. Best is trial 23 with value: 190.2017822265625.
Trainer already configured with model summary callbacks: [<class 'lightning.pytorch.callbacks.rich_model_summary.RichModelSummary'>]. Skipping setting a default `ModelSummary` callback.
GPU available: False, used: False
TPU available: False, using: 0 TPU cores
IPU available: False, using: 0 IPUs
HPU available: False, using: 0 HPUs
`Trainer.fit` stopped: `max_epochs=20` reached.
[I 2024-11-28 12:10:38,125] Trial 33 finished with value: 624.1338500976562 and parameters: {'pretrain_epochs': 5, 'lr': 0.00014007324425437467, 'mc_samples_train': 1, 'prior_scale': 0.09774303384593354, 'q_scale': 0.0004048785710082788, 'obs_scale': 0.31016511105578987, 'batch_size': 32}. Best is trial 23 with value: 190.2017822265625.
Trainer already configured with model summary callbacks: [<class 'lightning.pytorch.callbacks.rich_model_summary.RichModelSummary'>]. Skipping setting a default `ModelSummary` callback.
GPU available: False, used: False
TPU available: False, using: 0 TPU cores
IPU available: False, using: 0 IPUs
HPU available: False, using: 0 HPUs
`Trainer.fit` stopped: `max_epochs=20` reached.
[I 2024-11-28 12:11:09,751] Trial 34 finished with value: 1830608.0 and parameters: {'pretrain_epochs': 0, 'lr': 0.0007085735397886653, 'mc_samples_train': 1, 'prior_scale': 0.04225844145738929, 'q_scale': 0.0011124763887668482, 'obs_scale': 0.22737859112894407, 'batch_size': 512}. Best is trial 23 with value: 190.2017822265625.
Trainer already configured with model summary callbacks: [<class 'lightning.pytorch.callbacks.rich_model_summary.RichModelSummary'>]. Skipping setting a default `ModelSummary` callback.
GPU available: False, used: False
TPU available: False, using: 0 TPU cores
IPU available: False, using: 0 IPUs
HPU available: False, using: 0 HPUs
`Trainer.fit` stopped: `max_epochs=20` reached.
[I 2024-11-28 12:11:35,026] Trial 35 finished with value: 667521.8125 and parameters: {'pretrain_epochs': 5, 'lr': 3.1181106311475416e-05, 'mc_samples_train': 2, 'prior_scale': 0.05939341571592686, 'q_scale': 0.00014643302226281842, 'obs_scale': 0.42951271742604996, 'batch_size': 256}. Best is trial 23 with value: 190.2017822265625.
Trainer already configured with model summary callbacks: [<class 'lightning.pytorch.callbacks.rich_model_summary.RichModelSummary'>]. Skipping setting a default `ModelSummary` callback.
GPU available: False, used: False
TPU available: False, using: 0 TPU cores
IPU available: False, using: 0 IPUs
HPU available: False, using: 0 HPUs
`Trainer.fit` stopped: `max_epochs=20` reached.
[I 2024-11-28 12:12:12,430] Trial 36 finished with value: 231.1719970703125 and parameters: {'pretrain_epochs': 5, 'lr': 0.0009909763784500848, 'mc_samples_train': 1, 'prior_scale': 0.08651284191763688, 'q_scale': 0.0003308751116066208, 'obs_scale': 1.380485683893914, 'batch_size': 64}. Best is trial 23 with value: 190.2017822265625.
Trainer already configured with model summary callbacks: [<class 'lightning.pytorch.callbacks.rich_model_summary.RichModelSummary'>]. Skipping setting a default `ModelSummary` callback.
GPU available: False, used: False
TPU available: False, using: 0 TPU cores
IPU available: False, using: 0 IPUs
HPU available: False, using: 0 HPUs
`Trainer.fit` stopped: `max_epochs=20` reached.
[I 2024-11-28 12:12:50,200] Trial 37 finished with value: 986.4826049804688 and parameters: {'pretrain_epochs': 0, 'lr': 0.0009672308982173323, 'mc_samples_train': 1, 'prior_scale': 0.1444502941463376, 'q_scale': 0.00033200531152018765, 'obs_scale': 1.4453828736259495, 'batch_size': 64}. Best is trial 23 with value: 190.2017822265625.
Trainer already configured with model summary callbacks: [<class 'lightning.pytorch.callbacks.rich_model_summary.RichModelSummary'>]. Skipping setting a default `ModelSummary` callback.
GPU available: False, used: False
TPU available: False, using: 0 TPU cores
IPU available: False, using: 0 IPUs
HPU available: False, using: 0 HPUs
`Trainer.fit` stopped: `max_epochs=20` reached.
[I 2024-11-28 12:13:34,926] Trial 38 finished with value: 10647.48046875 and parameters: {'pretrain_epochs': 5, 'lr': 0.0008033269868617764, 'mc_samples_train': 2, 'prior_scale': 0.09343204750851945, 'q_scale': 0.0015472770202428195, 'obs_scale': 0.19076564781086774, 'batch_size': 64}. Best is trial 23 with value: 190.2017822265625.
Trainer already configured with model summary callbacks: [<class 'lightning.pytorch.callbacks.rich_model_summary.RichModelSummary'>]. Skipping setting a default `ModelSummary` callback.
GPU available: False, used: False
TPU available: False, using: 0 TPU cores
IPU available: False, using: 0 IPUs
HPU available: False, using: 0 HPUs
`Trainer.fit` stopped: `max_epochs=20` reached.
[I 2024-11-28 12:14:38,667] Trial 39 finished with value: 113065.359375 and parameters: {'pretrain_epochs': 0, 'lr': 0.0004852557184945005, 'mc_samples_train': 1, 'prior_scale': 0.12078763427741847, 'q_scale': 0.0006638999239178971, 'obs_scale': 0.271077181030334, 'batch_size': 64}. Best is trial 23 with value: 190.2017822265625.
Trainer already configured with model summary callbacks: [<class 'lightning.pytorch.callbacks.rich_model_summary.RichModelSummary'>]. Skipping setting a default `ModelSummary` callback.
GPU available: False, used: False
TPU available: False, using: 0 TPU cores
IPU available: False, using: 0 IPUs
HPU available: False, using: 0 HPUs
`Trainer.fit` stopped: `max_epochs=20` reached.
[I 2024-11-28 12:15:40,768] Trial 40 finished with value: 634.556396484375 and parameters: {'pretrain_epochs': 5, 'lr': 0.0008446572198434881, 'mc_samples_train': 2, 'prior_scale': 0.1670084059403248, 'q_scale': 0.0024311007725835504, 'obs_scale': 0.6163552082840623, 'batch_size': 64}. Best is trial 23 with value: 190.2017822265625.
Trainer already configured with model summary callbacks: [<class 'lightning.pytorch.callbacks.rich_model_summary.RichModelSummary'>]. Skipping setting a default `ModelSummary` callback.
GPU available: False, used: False
TPU available: False, using: 0 TPU cores
IPU available: False, using: 0 IPUs
HPU available: False, using: 0 HPUs
`Trainer.fit` stopped: `max_epochs=20` reached.
[I 2024-11-28 12:16:09,173] Trial 41 finished with value: 2550.3408203125 and parameters: {'pretrain_epochs': 5, 'lr': 0.000608670889742926, 'mc_samples_train': 1, 'prior_scale': 0.2534754177958895, 'q_scale': 0.00028381696975508845, 'obs_scale': 1.1210446779774796, 'batch_size': 128}. Best is trial 23 with value: 190.2017822265625.
Trainer already configured with model summary callbacks: [<class 'lightning.pytorch.callbacks.rich_model_summary.RichModelSummary'>]. Skipping setting a default `ModelSummary` callback.
GPU available: False, used: False
TPU available: False, using: 0 TPU cores
IPU available: False, using: 0 IPUs
HPU available: False, using: 0 HPUs
`Trainer.fit` stopped: `max_epochs=20` reached.
[I 2024-11-28 12:16:50,138] Trial 42 finished with value: 176357.859375 and parameters: {'pretrain_epochs': 5, 'lr': 1.3626307793529599e-05, 'mc_samples_train': 1, 'prior_scale': 0.08788888184736375, 'q_scale': 0.0004988869219729473, 'obs_scale': 0.3549034067887779, 'batch_size': 64}. Best is trial 23 with value: 190.2017822265625.
Trainer already configured with model summary callbacks: [<class 'lightning.pytorch.callbacks.rich_model_summary.RichModelSummary'>]. Skipping setting a default `ModelSummary` callback.
GPU available: False, used: False
TPU available: False, using: 0 TPU cores
IPU available: False, using: 0 IPUs
HPU available: False, using: 0 HPUs
`Trainer.fit` stopped: `max_epochs=20` reached.
[I 2024-11-28 12:17:54,668] Trial 43 finished with value: 3749.732177734375 and parameters: {'pretrain_epochs': 5, 'lr': 0.00032861891225426, 'mc_samples_train': 1, 'prior_scale': 0.07666832790534799, 'q_scale': 0.00014620774387750704, 'obs_scale': 0.4965130307771064, 'batch_size': 32}. Best is trial 23 with value: 190.2017822265625.
Trainer already configured with model summary callbacks: [<class 'lightning.pytorch.callbacks.rich_model_summary.RichModelSummary'>]. Skipping setting a default `ModelSummary` callback.
GPU available: False, used: False
TPU available: False, using: 0 TPU cores
IPU available: False, using: 0 IPUs
HPU available: False, using: 0 HPUs
`Trainer.fit` stopped: `max_epochs=20` reached.
[I 2024-11-28 12:18:15,307] Trial 44 finished with value: 188210.0 and parameters: {'pretrain_epochs': 5, 'lr': 0.0004441273334092611, 'mc_samples_train': 1, 'prior_scale': 0.04858590793967003, 'q_scale': 0.00035074180594015165, 'obs_scale': 0.4490793723261879, 'batch_size': 256}. Best is trial 23 with value: 190.2017822265625.
Trainer already configured with model summary callbacks: [<class 'lightning.pytorch.callbacks.rich_model_summary.RichModelSummary'>]. Skipping setting a default `ModelSummary` callback.
GPU available: False, used: False
TPU available: False, using: 0 TPU cores
IPU available: False, using: 0 IPUs
HPU available: False, using: 0 HPUs
`Trainer.fit` stopped: `max_epochs=20` reached.
[I 2024-11-28 12:19:14,192] Trial 45 finished with value: 107.92667388916016 and parameters: {'pretrain_epochs': 5, 'lr': 0.0009731621477063434, 'mc_samples_train': 1, 'prior_scale': 0.11314053370703914, 'q_scale': 0.00026256928685157666, 'obs_scale': 0.9731611260603764, 'batch_size': 32}. Best is trial 45 with value: 107.92667388916016.
Trainer already configured with model summary callbacks: [<class 'lightning.pytorch.callbacks.rich_model_summary.RichModelSummary'>]. Skipping setting a default `ModelSummary` callback.
GPU available: False, used: False
TPU available: False, using: 0 TPU cores
IPU available: False, using: 0 IPUs
HPU available: False, using: 0 HPUs
`Trainer.fit` stopped: `max_epochs=20` reached.
[I 2024-11-28 12:20:08,460] Trial 46 finished with value: 176.83883666992188 and parameters: {'pretrain_epochs': 5, 'lr': 0.0009976727752850699, 'mc_samples_train': 1, 'prior_scale': 0.1084832650001573, 'q_scale': 0.009917072934430256, 'obs_scale': 1.3923505894914396, 'batch_size': 64}. Best is trial 45 with value: 107.92667388916016.
Trainer already configured with model summary callbacks: [<class 'lightning.pytorch.callbacks.rich_model_summary.RichModelSummary'>]. Skipping setting a default `ModelSummary` callback.
GPU available: False, used: False
TPU available: False, using: 0 TPU cores
IPU available: False, using: 0 IPUs
HPU available: False, using: 0 HPUs
`Trainer.fit` stopped: `max_epochs=20` reached.
[I 2024-11-28 12:20:44,314] Trial 47 finished with value: 142.97409057617188 and parameters: {'pretrain_epochs': 5, 'lr': 0.0009454380081024538, 'mc_samples_train': 1, 'prior_scale': 0.11134827017201387, 'q_scale': 0.008511764019394158, 'obs_scale': 1.4996348595559448, 'batch_size': 64}. Best is trial 45 with value: 107.92667388916016.
Trainer already configured with model summary callbacks: [<class 'lightning.pytorch.callbacks.rich_model_summary.RichModelSummary'>]. Skipping setting a default `ModelSummary` callback.
GPU available: False, used: False
TPU available: False, using: 0 TPU cores
IPU available: False, using: 0 IPUs
HPU available: False, using: 0 HPUs
`Trainer.fit` stopped: `max_epochs=20` reached.
[I 2024-11-28 12:22:01,581] Trial 48 finished with value: 1114.552490234375 and parameters: {'pretrain_epochs': 0, 'lr': 0.0009345695213062321, 'mc_samples_train': 1, 'prior_scale': 0.13563992309636252, 'q_scale': 0.009004435545265699, 'obs_scale': 1.4403615508005898, 'batch_size': 64}. Best is trial 45 with value: 107.92667388916016.
Trainer already configured with model summary callbacks: [<class 'lightning.pytorch.callbacks.rich_model_summary.RichModelSummary'>]. Skipping setting a default `ModelSummary` callback.
GPU available: False, used: False
TPU available: False, using: 0 TPU cores
IPU available: False, using: 0 IPUs
HPU available: False, using: 0 HPUs
`Trainer.fit` stopped: `max_epochs=20` reached.
[I 2024-11-28 12:22:58,806] Trial 49 finished with value: 136.506103515625 and parameters: {'pretrain_epochs': 5, 'lr': 0.0008069571355559042, 'mc_samples_train': 2, 'prior_scale': 0.23691084212188213, 'q_scale': 0.006650649101091561, 'obs_scale': 1.5644749661445803, 'batch_size': 64}. Best is trial 45 with value: 107.92667388916016.
Trainer already configured with model summary callbacks: [<class 'lightning.pytorch.callbacks.rich_model_summary.RichModelSummary'>]. Skipping setting a default `ModelSummary` callback.
GPU available: False, used: False
TPU available: False, using: 0 TPU cores
IPU available: False, using: 0 IPUs
HPU available: False, using: 0 HPUs
`Trainer.fit` stopped: `max_epochs=20` reached.
[I 2024-11-28 12:23:42,680] Trial 50 finished with value: 182.09800720214844 and parameters: {'pretrain_epochs': 5, 'lr': 0.0008032836460696829, 'mc_samples_train': 2, 'prior_scale': 0.2732494723314175, 'q_scale': 0.0071296629725030244, 'obs_scale': 1.5778628053262806, 'batch_size': 64}. Best is trial 45 with value: 107.92667388916016.
Trainer already configured with model summary callbacks: [<class 'lightning.pytorch.callbacks.rich_model_summary.RichModelSummary'>]. Skipping setting a default `ModelSummary` callback.
GPU available: False, used: False
TPU available: False, using: 0 TPU cores
IPU available: False, using: 0 IPUs
HPU available: False, using: 0 HPUs
`Trainer.fit` stopped: `max_epochs=20` reached.
[I 2024-11-28 12:24:30,087] Trial 51 finished with value: 179.62835693359375 and parameters: {'pretrain_epochs': 5, 'lr': 0.0007879425455883685, 'mc_samples_train': 2, 'prior_scale': 0.3100644330393728, 'q_scale': 0.0068747614272944724, 'obs_scale': 1.6715635334860768, 'batch_size': 64}. Best is trial 45 with value: 107.92667388916016.
Trainer already configured with model summary callbacks: [<class 'lightning.pytorch.callbacks.rich_model_summary.RichModelSummary'>]. Skipping setting a default `ModelSummary` callback.
GPU available: False, used: False
TPU available: False, using: 0 TPU cores
IPU available: False, using: 0 IPUs
HPU available: False, using: 0 HPUs
`Trainer.fit` stopped: `max_epochs=20` reached.
[I 2024-11-28 12:25:18,991] Trial 52 finished with value: 152.44558715820312 and parameters: {'pretrain_epochs': 5, 'lr': 0.0008055602067447861, 'mc_samples_train': 2, 'prior_scale': 0.3275122693316006, 'q_scale': 0.006816749111938072, 'obs_scale': 1.6813792701841797, 'batch_size': 64}. Best is trial 45 with value: 107.92667388916016.
Trainer already configured with model summary callbacks: [<class 'lightning.pytorch.callbacks.rich_model_summary.RichModelSummary'>]. Skipping setting a default `ModelSummary` callback.
GPU available: False, used: False
TPU available: False, using: 0 TPU cores
IPU available: False, using: 0 IPUs
HPU available: False, using: 0 HPUs
`Trainer.fit` stopped: `max_epochs=20` reached.
[I 2024-11-28 12:26:00,675] Trial 53 finished with value: 197.0473175048828 and parameters: {'pretrain_epochs': 5, 'lr': 0.000803411916757, 'mc_samples_train': 2, 'prior_scale': 0.31443063728378634, 'q_scale': 0.005085846881553687, 'obs_scale': 1.714302904129819, 'batch_size': 64}. Best is trial 45 with value: 107.92667388916016.
Trainer already configured with model summary callbacks: [<class 'lightning.pytorch.callbacks.rich_model_summary.RichModelSummary'>]. Skipping setting a default `ModelSummary` callback.
GPU available: False, used: False
TPU available: False, using: 0 TPU cores
IPU available: False, using: 0 IPUs
HPU available: False, using: 0 HPUs
`Trainer.fit` stopped: `max_epochs=20` reached.
[I 2024-11-28 12:26:46,383] Trial 54 finished with value: 574.1787719726562 and parameters: {'pretrain_epochs': 5, 'lr': 0.0006765995937538625, 'mc_samples_train': 2, 'prior_scale': 0.38684103204817577, 'q_scale': 0.0071531115279282135, 'obs_scale': 1.1710358355000061, 'batch_size': 64}. Best is trial 45 with value: 107.92667388916016.
Trainer already configured with model summary callbacks: [<class 'lightning.pytorch.callbacks.rich_model_summary.RichModelSummary'>]. Skipping setting a default `ModelSummary` callback.
GPU available: False, used: False
TPU available: False, using: 0 TPU cores
IPU available: False, using: 0 IPUs
HPU available: False, using: 0 HPUs
`Trainer.fit` stopped: `max_epochs=20` reached.
