/home/g15farris/.conda/envs/bnn/lib/python3.12/site-packages/hydra/_internal/instantiate/_instantiate2.py:92: ExperimentalWarning: PatientPruner is experimental (supported from v2.8.0). The interface can change in the future.
  return _target_(*args, **kwargs)
Error executing job with overrides: ['model=bnn_lrt', 'datamodule=TiO', 'hpsearch=bnn_lrt', 'task_name=TiO_hps_lrt', 'tags=[TiO]', 'datamodule.test_split=0.85', 'datamodule.valid_split=0.1']
Error in call to target 'optuna.study.study.create_study':
OperationalError('(sqlite3.OperationalError) unable to open database file')
full_key: hpsearch.study

Set the environment variable HYDRA_FULL_ERROR=1 for a complete stack trace.
/home/g15farris/.conda/envs/bnn/lib/python3.12/site-packages/hydra/_internal/instantiate/_instantiate2.py:92: ExperimentalWarning: PatientPruner is experimental (supported from v2.8.0). The interface can change in the future.
  return _target_(*args, **kwargs)
[I 2024-11-28 11:43:23,133] A new study created in RDB with name: bnn_lrt
Trainer already configured with model summary callbacks: [<class 'lightning.pytorch.callbacks.rich_model_summary.RichModelSummary'>]. Skipping setting a default `ModelSummary` callback.
GPU available: False, used: False
TPU available: False, using: 0 TPU cores
IPU available: False, using: 0 IPUs
HPU available: False, using: 0 HPUs
/home/g15farris/.conda/envs/bnn/lib/python3.12/site-packages/lightning/pytorch/core/optimizer.py:181: `LightningModule.configure_optimizers` returned `None`, this fit will run with no optimizer
/home/g15farris/.conda/envs/bnn/lib/python3.12/site-packages/lightning/pytorch/loops/fit_loop.py:298: The number of training batches (12) is smaller than the logging interval Trainer(log_every_n_steps=50). Set a lower value for log_every_n_steps if you want to see logs for the training epoch.
/home/g15farris/.conda/envs/bnn/lib/python3.12/site-packages/tyxe/likelihoods.py:260: UserWarning: var(): degrees of freedom is <= 0. Correction should be strictly less than the reduction factor (input numel divided by output numel). (Triggered internally at ../aten/src/ATen/native/ReduceOps.cpp:1807.)
  scale = predictions.var(dim).add(self.scale ** 2).sqrt()
/home/g15farris/.conda/envs/bnn/lib/python3.12/site-packages/lightning/pytorch/loops/optimization/automatic.py:132: `training_step` returned `None`. If this was on purpose, ignore this warning...
`Trainer.fit` stopped: `max_epochs=20` reached.
[I 2024-11-28 11:44:20,513] Trial 0 finished with value: 2260.19921875 and parameters: {'pretrain_epochs': 5, 'lr': 7.50681093606854e-05, 'mc_samples_train': 1, 'prior_scale': 0.029048697214318013, 'q_scale': 0.0003572140318996377, 'obs_scale': 1.1047391773518673, 'batch_size': 32}. Best is trial 0 with value: 2260.19921875.
Trainer already configured with model summary callbacks: [<class 'lightning.pytorch.callbacks.rich_model_summary.RichModelSummary'>]. Skipping setting a default `ModelSummary` callback.
GPU available: False, used: False
TPU available: False, using: 0 TPU cores
IPU available: False, using: 0 IPUs
HPU available: False, using: 0 HPUs
/home/g15farris/.conda/envs/bnn/lib/python3.12/site-packages/lightning/pytorch/loops/fit_loop.py:298: The number of training batches (2) is smaller than the logging interval Trainer(log_every_n_steps=50). Set a lower value for log_every_n_steps if you want to see logs for the training epoch.
`Trainer.fit` stopped: `max_epochs=20` reached.
[I 2024-11-28 11:44:41,642] Trial 1 finished with value: 769847.625 and parameters: {'pretrain_epochs': 0, 'lr': 0.0001325538578998538, 'mc_samples_train': 1, 'prior_scale': 0.20559343783957656, 'q_scale': 0.0058248182837850404, 'obs_scale': 0.29835107709343195, 'batch_size': 256}. Best is trial 0 with value: 2260.19921875.
Trainer already configured with model summary callbacks: [<class 'lightning.pytorch.callbacks.rich_model_summary.RichModelSummary'>]. Skipping setting a default `ModelSummary` callback.
GPU available: False, used: False
TPU available: False, using: 0 TPU cores
IPU available: False, using: 0 IPUs
HPU available: False, using: 0 HPUs
`Trainer.fit` stopped: `max_epochs=20` reached.
[I 2024-11-28 11:45:04,349] Trial 2 finished with value: 3508192.5 and parameters: {'pretrain_epochs': 5, 'lr': 4.3020182095898586e-05, 'mc_samples_train': 2, 'prior_scale': 0.05508654872763757, 'q_scale': 0.004020640881061957, 'obs_scale': 0.1538313853200085, 'batch_size': 256}. Best is trial 0 with value: 2260.19921875.
Trainer already configured with model summary callbacks: [<class 'lightning.pytorch.callbacks.rich_model_summary.RichModelSummary'>]. Skipping setting a default `ModelSummary` callback.
GPU available: False, used: False
TPU available: False, using: 0 TPU cores
IPU available: False, using: 0 IPUs
HPU available: False, using: 0 HPUs
/home/g15farris/.conda/envs/bnn/lib/python3.12/site-packages/lightning/pytorch/loops/fit_loop.py:298: The number of training batches (1) is smaller than the logging interval Trainer(log_every_n_steps=50). Set a lower value for log_every_n_steps if you want to see logs for the training epoch.
`Trainer.fit` stopped: `max_epochs=20` reached.
[I 2024-11-28 11:45:26,192] Trial 3 finished with value: 7699468.5 and parameters: {'pretrain_epochs': 0, 'lr': 2.336545096950015e-05, 'mc_samples_train': 2, 'prior_scale': 0.1023881426733586, 'q_scale': 0.001165790000863127, 'obs_scale': 0.11385861721302043, 'batch_size': 512}. Best is trial 0 with value: 2260.19921875.
Trainer already configured with model summary callbacks: [<class 'lightning.pytorch.callbacks.rich_model_summary.RichModelSummary'>]. Skipping setting a default `ModelSummary` callback.
GPU available: False, used: False
TPU available: False, using: 0 TPU cores
IPU available: False, using: 0 IPUs
HPU available: False, using: 0 HPUs
/home/g15farris/.conda/envs/bnn/lib/python3.12/site-packages/lightning/pytorch/loops/fit_loop.py:298: The number of training batches (6) is smaller than the logging interval Trainer(log_every_n_steps=50). Set a lower value for log_every_n_steps if you want to see logs for the training epoch.
`Trainer.fit` stopped: `max_epochs=20` reached.
[I 2024-11-28 11:45:58,542] Trial 4 finished with value: 7458.89404296875 and parameters: {'pretrain_epochs': 0, 'lr': 0.00017174472922154303, 'mc_samples_train': 1, 'prior_scale': 0.48474869983391317, 'q_scale': 0.008271866644681318, 'obs_scale': 1.0724303485094406, 'batch_size': 64}. Best is trial 0 with value: 2260.19921875.
Trainer already configured with model summary callbacks: [<class 'lightning.pytorch.callbacks.rich_model_summary.RichModelSummary'>]. Skipping setting a default `ModelSummary` callback.
GPU available: False, used: False
TPU available: False, using: 0 TPU cores
IPU available: False, using: 0 IPUs
HPU available: False, using: 0 HPUs
/home/g15farris/.conda/envs/bnn/lib/python3.12/site-packages/lightning/pytorch/loops/fit_loop.py:298: The number of training batches (3) is smaller than the logging interval Trainer(log_every_n_steps=50). Set a lower value for log_every_n_steps if you want to see logs for the training epoch.
`Trainer.fit` stopped: `max_epochs=20` reached.
[I 2024-11-28 11:46:22,845] Trial 5 finished with value: 16565.841796875 and parameters: {'pretrain_epochs': 5, 'lr': 0.0009204696704635324, 'mc_samples_train': 1, 'prior_scale': 0.17977467814503606, 'q_scale': 0.0014948832198169292, 'obs_scale': 0.4107788493789703, 'batch_size': 128}. Best is trial 0 with value: 2260.19921875.
Trainer already configured with model summary callbacks: [<class 'lightning.pytorch.callbacks.rich_model_summary.RichModelSummary'>]. Skipping setting a default `ModelSummary` callback.
GPU available: False, used: False
TPU available: False, using: 0 TPU cores
IPU available: False, using: 0 IPUs
HPU available: False, using: 0 HPUs
`Trainer.fit` stopped: `max_epochs=20` reached.
[I 2024-11-28 11:47:03,545] Trial 6 finished with value: 450565.9375 and parameters: {'pretrain_epochs': 5, 'lr': 7.478015213333154e-05, 'mc_samples_train': 2, 'prior_scale': 0.1156399334005538, 'q_scale': 0.002582231235363856, 'obs_scale': 0.15665279892931577, 'batch_size': 64}. Best is trial 0 with value: 2260.19921875.
Trainer already configured with model summary callbacks: [<class 'lightning.pytorch.callbacks.rich_model_summary.RichModelSummary'>]. Skipping setting a default `ModelSummary` callback.
GPU available: False, used: False
TPU available: False, using: 0 TPU cores
IPU available: False, using: 0 IPUs
HPU available: False, using: 0 HPUs
`Trainer.fit` stopped: `max_epochs=20` reached.
[I 2024-11-28 11:47:26,661] Trial 7 finished with value: 3980620.25 and parameters: {'pretrain_epochs': 0, 'lr': 0.0007995719083844353, 'mc_samples_train': 2, 'prior_scale': 0.0816845546830656, 'q_scale': 0.004349147472454846, 'obs_scale': 0.11866131541331688, 'batch_size': 256}. Best is trial 0 with value: 2260.19921875.
Trainer already configured with model summary callbacks: [<class 'lightning.pytorch.callbacks.rich_model_summary.RichModelSummary'>]. Skipping setting a default `ModelSummary` callback.
GPU available: False, used: False
TPU available: False, using: 0 TPU cores
IPU available: False, using: 0 IPUs
HPU available: False, using: 0 HPUs
`Trainer.fit` stopped: `max_epochs=20` reached.
[I 2024-11-28 11:48:00,806] Trial 8 finished with value: 564700.0 and parameters: {'pretrain_epochs': 0, 'lr': 1.1462886732717548e-05, 'mc_samples_train': 1, 'prior_scale': 0.4124747947662307, 'q_scale': 0.00044814115470497614, 'obs_scale': 0.17860915820030454, 'batch_size': 64}. Best is trial 0 with value: 2260.19921875.
Trainer already configured with model summary callbacks: [<class 'lightning.pytorch.callbacks.rich_model_summary.RichModelSummary'>]. Skipping setting a default `ModelSummary` callback.
GPU available: False, used: False
TPU available: False, using: 0 TPU cores
IPU available: False, using: 0 IPUs
HPU available: False, using: 0 HPUs
`Trainer.fit` stopped: `max_epochs=20` reached.
[I 2024-11-28 11:48:30,225] Trial 9 finished with value: 266573.0 and parameters: {'pretrain_epochs': 5, 'lr': 0.0002588548618299899, 'mc_samples_train': 2, 'prior_scale': 0.21075404848706095, 'q_scale': 0.0015787361777166986, 'obs_scale': 0.23920082660450653, 'batch_size': 128}. Best is trial 0 with value: 2260.19921875.
Trainer already configured with model summary callbacks: [<class 'lightning.pytorch.callbacks.rich_model_summary.RichModelSummary'>]. Skipping setting a default `ModelSummary` callback.
GPU available: False, used: False
TPU available: False, using: 0 TPU cores
IPU available: False, using: 0 IPUs
HPU available: False, using: 0 HPUs
`Trainer.fit` stopped: `max_epochs=20` reached.
[I 2024-11-28 11:49:27,283] Trial 10 finished with value: 745.089111328125 and parameters: {'pretrain_epochs': 5, 'lr': 0.00028711032739869613, 'mc_samples_train': 1, 'prior_scale': 0.014937976642598423, 'q_scale': 0.00010532753257812993, 'obs_scale': 1.7109716370480204, 'batch_size': 32}. Best is trial 10 with value: 745.089111328125.
Trainer already configured with model summary callbacks: [<class 'lightning.pytorch.callbacks.rich_model_summary.RichModelSummary'>]. Skipping setting a default `ModelSummary` callback.
GPU available: False, used: False
TPU available: False, using: 0 TPU cores
IPU available: False, using: 0 IPUs
HPU available: False, using: 0 HPUs
`Trainer.fit` stopped: `max_epochs=20` reached.
[I 2024-11-28 11:50:24,904] Trial 11 finished with value: 687.2398681640625 and parameters: {'pretrain_epochs': 5, 'lr': 0.0003871157455553778, 'mc_samples_train': 1, 'prior_scale': 0.014489987071262374, 'q_scale': 0.00010860093339103685, 'obs_scale': 1.9746524398983547, 'batch_size': 32}. Best is trial 11 with value: 687.2398681640625.
Trainer already configured with model summary callbacks: [<class 'lightning.pytorch.callbacks.rich_model_summary.RichModelSummary'>]. Skipping setting a default `ModelSummary` callback.
GPU available: False, used: False
TPU available: False, using: 0 TPU cores
IPU available: False, using: 0 IPUs
HPU available: False, using: 0 HPUs
`Trainer.fit` stopped: `max_epochs=20` reached.
[I 2024-11-28 11:51:20,143] Trial 12 finished with value: 801.294921875 and parameters: {'pretrain_epochs': 5, 'lr': 0.0003796759473565572, 'mc_samples_train': 1, 'prior_scale': 0.014959205297763659, 'q_scale': 0.00010181693721223134, 'obs_scale': 1.9328425480641904, 'batch_size': 32}. Best is trial 11 with value: 687.2398681640625.
Trainer already configured with model summary callbacks: [<class 'lightning.pytorch.callbacks.rich_model_summary.RichModelSummary'>]. Skipping setting a default `ModelSummary` callback.
GPU available: False, used: False
TPU available: False, using: 0 TPU cores
IPU available: False, using: 0 IPUs
HPU available: False, using: 0 HPUs
`Trainer.fit` stopped: `max_epochs=20` reached.
[I 2024-11-28 11:52:22,348] Trial 13 finished with value: 1191.488037109375 and parameters: {'pretrain_epochs': 5, 'lr': 0.00041083464782765, 'mc_samples_train': 1, 'prior_scale': 0.010681584644486384, 'q_scale': 0.00010286418411102614, 'obs_scale': 1.9219688122603429, 'batch_size': 32}. Best is trial 11 with value: 687.2398681640625.
Trainer already configured with model summary callbacks: [<class 'lightning.pytorch.callbacks.rich_model_summary.RichModelSummary'>]. Skipping setting a default `ModelSummary` callback.
GPU available: False, used: False
TPU available: False, using: 0 TPU cores
IPU available: False, using: 0 IPUs
HPU available: False, using: 0 HPUs
`Trainer.fit` stopped: `max_epochs=20` reached.
[I 2024-11-28 11:53:57,152] Trial 14 finished with value: 349.45916748046875 and parameters: {'pretrain_epochs': 5, 'lr': 0.00045339513832139654, 'mc_samples_train': 1, 'prior_scale': 0.023849059537582474, 'q_scale': 0.00020919808833152, 'obs_scale': 0.9330914898114858, 'batch_size': 32}. Best is trial 14 with value: 349.45916748046875.
Trainer already configured with model summary callbacks: [<class 'lightning.pytorch.callbacks.rich_model_summary.RichModelSummary'>]. Skipping setting a default `ModelSummary` callback.
GPU available: False, used: False
TPU available: False, using: 0 TPU cores
IPU available: False, using: 0 IPUs
HPU available: False, using: 0 HPUs
`Trainer.fit` stopped: `max_epochs=20` reached.
[I 2024-11-28 11:54:58,509] Trial 15 finished with value: 404.4218444824219 and parameters: {'pretrain_epochs': 5, 'lr': 0.0005145519904373549, 'mc_samples_train': 1, 'prior_scale': 0.032326627210685015, 'q_scale': 0.0002639703151199391, 'obs_scale': 0.7686598871562234, 'batch_size': 32}. Best is trial 14 with value: 349.45916748046875.
Trainer already configured with model summary callbacks: [<class 'lightning.pytorch.callbacks.rich_model_summary.RichModelSummary'>]. Skipping setting a default `ModelSummary` callback.
GPU available: False, used: False
TPU available: False, using: 0 TPU cores
IPU available: False, using: 0 IPUs
HPU available: False, using: 0 HPUs
`Trainer.fit` stopped: `max_epochs=20` reached.
[I 2024-11-28 11:55:18,181] Trial 16 finished with value: 83823.609375 and parameters: {'pretrain_epochs': 5, 'lr': 0.0006845758990621392, 'mc_samples_train': 1, 'prior_scale': 0.03873241599615214, 'q_scale': 0.0002842786274653047, 'obs_scale': 0.6443333128611081, 'batch_size': 512}. Best is trial 14 with value: 349.45916748046875.
Trainer already configured with model summary callbacks: [<class 'lightning.pytorch.callbacks.rich_model_summary.RichModelSummary'>]. Skipping setting a default `ModelSummary` callback.
GPU available: False, used: False
TPU available: False, using: 0 TPU cores
IPU available: False, using: 0 IPUs
HPU available: False, using: 0 HPUs
`Trainer.fit` stopped: `max_epochs=20` reached.
[I 2024-11-28 11:56:11,266] Trial 17 finished with value: 3475.68603515625 and parameters: {'pretrain_epochs': 5, 'lr': 0.00018259475214064708, 'mc_samples_train': 1, 'prior_scale': 0.028250375281397913, 'q_scale': 0.0006453166895704934, 'obs_scale': 0.6842168027625001, 'batch_size': 32}. Best is trial 14 with value: 349.45916748046875.
Trainer already configured with model summary callbacks: [<class 'lightning.pytorch.callbacks.rich_model_summary.RichModelSummary'>]. Skipping setting a default `ModelSummary` callback.
GPU available: False, used: False
TPU available: False, using: 0 TPU cores
IPU available: False, using: 0 IPUs
HPU available: False, using: 0 HPUs
`Trainer.fit` stopped: `max_epochs=20` reached.
[I 2024-11-28 11:57:07,732] Trial 18 finished with value: 295.6241455078125 and parameters: {'pretrain_epochs': 5, 'lr': 0.0005466272984405296, 'mc_samples_train': 1, 'prior_scale': 0.02585327475043572, 'q_scale': 0.00021481579137603492, 'obs_scale': 0.7403662798180316, 'batch_size': 32}. Best is trial 18 with value: 295.6241455078125.
Trainer already configured with model summary callbacks: [<class 'lightning.pytorch.callbacks.rich_model_summary.RichModelSummary'>]. Skipping setting a default `ModelSummary` callback.
GPU available: False, used: False
TPU available: False, using: 0 TPU cores
IPU available: False, using: 0 IPUs
HPU available: False, using: 0 HPUs
`Trainer.fit` stopped: `max_epochs=20` reached.
[I 2024-11-28 11:58:20,703] Trial 19 finished with value: 993.2035522460938 and parameters: {'pretrain_epochs': 5, 'lr': 0.0002394274963123934, 'mc_samples_train': 1, 'prior_scale': 0.021212404309244242, 'q_scale': 0.0002166044462820909, 'obs_scale': 0.4892292458746359, 'batch_size': 32}. Best is trial 18 with value: 295.6241455078125.
Trainer already configured with model summary callbacks: [<class 'lightning.pytorch.callbacks.rich_model_summary.RichModelSummary'>]. Skipping setting a default `ModelSummary` callback.
GPU available: False, used: False
TPU available: False, using: 0 TPU cores
IPU available: False, using: 0 IPUs
HPU available: False, using: 0 HPUs
`Trainer.fit` stopped: `max_epochs=20` reached.
[I 2024-11-28 11:58:41,130] Trial 20 finished with value: 52529.43359375 and parameters: {'pretrain_epochs': 5, 'lr': 0.0005771310637416294, 'mc_samples_train': 1, 'prior_scale': 0.053560889517850846, 'q_scale': 0.00019153693324404375, 'obs_scale': 1.2713997870038662, 'batch_size': 512}. Best is trial 18 with value: 295.6241455078125.
Trainer already configured with model summary callbacks: [<class 'lightning.pytorch.callbacks.rich_model_summary.RichModelSummary'>]. Skipping setting a default `ModelSummary` callback.
GPU available: False, used: False
TPU available: False, using: 0 TPU cores
IPU available: False, using: 0 IPUs
HPU available: False, using: 0 HPUs
`Trainer.fit` stopped: `max_epochs=20` reached.
[I 2024-11-28 11:59:39,180] Trial 21 finished with value: 416.6799621582031 and parameters: {'pretrain_epochs': 5, 'lr': 0.0005316051835794628, 'mc_samples_train': 1, 'prior_scale': 0.03221910949549649, 'q_scale': 0.0006534789285293199, 'obs_scale': 0.775610308294421, 'batch_size': 32}. Best is trial 18 with value: 295.6241455078125.
Trainer already configured with model summary callbacks: [<class 'lightning.pytorch.callbacks.rich_model_summary.RichModelSummary'>]. Skipping setting a default `ModelSummary` callback.
GPU available: False, used: False
TPU available: False, using: 0 TPU cores
IPU available: False, using: 0 IPUs
HPU available: False, using: 0 HPUs
`Trainer.fit` stopped: `max_epochs=20` reached.
[I 2024-11-28 12:00:30,476] Trial 22 finished with value: 409.1775817871094 and parameters: {'pretrain_epochs': 5, 'lr': 0.0009809488183100134, 'mc_samples_train': 1, 'prior_scale': 0.02068933646999042, 'q_scale': 0.00020054242226411918, 'obs_scale': 0.8894172267357463, 'batch_size': 32}. Best is trial 18 with value: 295.6241455078125.
Trainer already configured with model summary callbacks: [<class 'lightning.pytorch.callbacks.rich_model_summary.RichModelSummary'>]. Skipping setting a default `ModelSummary` callback.
GPU available: False, used: False
TPU available: False, using: 0 TPU cores
IPU available: False, using: 0 IPUs
HPU available: False, using: 0 HPUs
`Trainer.fit` stopped: `max_epochs=20` reached.
[I 2024-11-28 12:01:28,415] Trial 23 finished with value: 190.2017822265625 and parameters: {'pretrain_epochs': 5, 'lr': 0.0005186379518449633, 'mc_samples_train': 1, 'prior_scale': 0.0465657596151099, 'q_scale': 0.0005683052700954933, 'obs_scale': 0.508789485500504, 'batch_size': 32}. Best is trial 23 with value: 190.2017822265625.
Trainer already configured with model summary callbacks: [<class 'lightning.pytorch.callbacks.rich_model_summary.RichModelSummary'>]. Skipping setting a default `ModelSummary` callback.
GPU available: False, used: False
TPU available: False, using: 0 TPU cores
IPU available: False, using: 0 IPUs
HPU available: False, using: 0 HPUs
`Trainer.fit` stopped: `max_epochs=20` reached.
[I 2024-11-28 12:02:21,138] Trial 24 finished with value: 13574.3759765625 and parameters: {'pretrain_epochs': 5, 'lr': 0.00010446980030933377, 'mc_samples_train': 1, 'prior_scale': 0.05016661008807101, 'q_scale': 0.0005478728034067496, 'obs_scale': 0.5098948243064317, 'batch_size': 32}. Best is trial 23 with value: 190.2017822265625.
Trainer already configured with model summary callbacks: [<class 'lightning.pytorch.callbacks.rich_model_summary.RichModelSummary'>]. Skipping setting a default `ModelSummary` callback.
GPU available: False, used: False
TPU available: False, using: 0 TPU cores
IPU available: False, using: 0 IPUs
HPU available: False, using: 0 HPUs
`Trainer.fit` stopped: `max_epochs=20` reached.
