[I 2024-11-28 12:27:32,724] Trial 55 finished with value: 562.683349609375 and parameters: {'pretrain_epochs': 5, 'lr': 0.00041396287254659805, 'mc_samples_train': 2, 'prior_scale': 0.20145712947057395, 'q_scale': 0.0029483222164495486, 'obs_scale': 1.0183768641370026, 'batch_size': 64}. Best is trial 45 with value: 107.92667388916016.
Trainer already configured with model summary callbacks: [<class 'lightning.pytorch.callbacks.rich_model_summary.RichModelSummary'>]. Skipping setting a default `ModelSummary` callback.
GPU available: False, used: False
TPU available: False, using: 0 TPU cores
IPU available: False, using: 0 IPUs
HPU available: False, using: 0 HPUs
`Trainer.fit` stopped: `max_epochs=20` reached.
[I 2024-11-28 12:28:12,123] Trial 56 finished with value: 163.14639282226562 and parameters: {'pretrain_epochs': 5, 'lr': 0.0009980132050516814, 'mc_samples_train': 2, 'prior_scale': 0.4620817968593115, 'q_scale': 0.005791562556897836, 'obs_scale': 1.6263904383462326, 'batch_size': 64}. Best is trial 45 with value: 107.92667388916016.
Trainer already configured with model summary callbacks: [<class 'lightning.pytorch.callbacks.rich_model_summary.RichModelSummary'>]. Skipping setting a default `ModelSummary` callback.
GPU available: False, used: False
TPU available: False, using: 0 TPU cores
IPU available: False, using: 0 IPUs
HPU available: False, using: 0 HPUs
`Trainer.fit` stopped: `max_epochs=20` reached.
[I 2024-11-28 12:28:53,464] Trial 57 finished with value: 196.4598846435547 and parameters: {'pretrain_epochs': 5, 'lr': 0.0009273348961245869, 'mc_samples_train': 2, 'prior_scale': 0.4284797272616394, 'q_scale': 0.009973412095057343, 'obs_scale': 1.2881824014817747, 'batch_size': 64}. Best is trial 45 with value: 107.92667388916016.
Trainer already configured with model summary callbacks: [<class 'lightning.pytorch.callbacks.rich_model_summary.RichModelSummary'>]. Skipping setting a default `ModelSummary` callback.
GPU available: False, used: False
TPU available: False, using: 0 TPU cores
IPU available: False, using: 0 IPUs
HPU available: False, using: 0 HPUs
`Trainer.fit` stopped: `max_epochs=20` reached.
[I 2024-11-28 12:29:37,129] Trial 58 finished with value: 345.1190490722656 and parameters: {'pretrain_epochs': 5, 'lr': 0.0005718132867132097, 'mc_samples_train': 2, 'prior_scale': 0.2312391376011191, 'q_scale': 0.003839330514382399, 'obs_scale': 1.9970064471371654, 'batch_size': 64}. Best is trial 45 with value: 107.92667388916016.
Trainer already configured with model summary callbacks: [<class 'lightning.pytorch.callbacks.rich_model_summary.RichModelSummary'>]. Skipping setting a default `ModelSummary` callback.
GPU available: False, used: False
TPU available: False, using: 0 TPU cores
IPU available: False, using: 0 IPUs
HPU available: False, using: 0 HPUs
`Trainer.fit` stopped: `max_epochs=20` reached.
[I 2024-11-28 12:30:18,034] Trial 59 finished with value: 4254.951171875 and parameters: {'pretrain_epochs': 5, 'lr': 0.0002569172154127667, 'mc_samples_train': 2, 'prior_scale': 0.35439741392597046, 'q_scale': 0.005681897410668955, 'obs_scale': 0.9403475965675654, 'batch_size': 64}. Best is trial 45 with value: 107.92667388916016.
