[I 2025-04-29 16:18:47,169] Trial 62 finished with value: 20.407791137695312 and parameters: {'pretrain_epochs': 0, 'lr': 0.0007147819869252515, 'mc_samples_train': 2, 'prior_scale': 0.037314781548842366, 'q_scale': 0.0006008553643026683, 'batch_size': 64}. Best is trial 14 with value: -17.099153518676758.
Trainer already configured with model summary callbacks: [<class 'lightning.pytorch.callbacks.rich_model_summary.RichModelSummary'>]. Skipping setting a default `ModelSummary` callback.
GPU available: False, used: False
TPU available: False, using: 0 TPU cores
IPU available: False, using: 0 IPUs
HPU available: False, using: 0 HPUs
`Trainer.fit` stopped: `max_epochs=20` reached.
[I 2025-04-29 16:19:31,502] Trial 63 finished with value: -16.084341049194336 and parameters: {'pretrain_epochs': 0, 'lr': 0.0008326094498922375, 'mc_samples_train': 2, 'prior_scale': 0.08570822282818988, 'q_scale': 0.0008873026835516475, 'batch_size': 64}. Best is trial 14 with value: -17.099153518676758.
Trainer already configured with model summary callbacks: [<class 'lightning.pytorch.callbacks.rich_model_summary.RichModelSummary'>]. Skipping setting a default `ModelSummary` callback.
GPU available: False, used: False
TPU available: False, using: 0 TPU cores
IPU available: False, using: 0 IPUs
HPU available: False, using: 0 HPUs
`Trainer.fit` stopped: `max_epochs=20` reached.
[I 2025-04-29 16:20:16,837] Trial 64 finished with value: 40.9517936706543 and parameters: {'pretrain_epochs': 0, 'lr': 0.0006119467732209221, 'mc_samples_train': 2, 'prior_scale': 0.12936655939402944, 'q_scale': 0.000873268675221586, 'batch_size': 64}. Best is trial 14 with value: -17.099153518676758.
Trainer already configured with model summary callbacks: [<class 'lightning.pytorch.callbacks.rich_model_summary.RichModelSummary'>]. Skipping setting a default `ModelSummary` callback.
GPU available: False, used: False
TPU available: False, using: 0 TPU cores
IPU available: False, using: 0 IPUs
HPU available: False, using: 0 HPUs
`Trainer.fit` stopped: `max_epochs=20` reached.
[I 2025-04-29 16:21:00,274] Trial 65 finished with value: 114.25904846191406 and parameters: {'pretrain_epochs': 0, 'lr': 0.0005000849151866124, 'mc_samples_train': 2, 'prior_scale': 0.08760412341134641, 'q_scale': 0.0034749293755917143, 'batch_size': 64}. Best is trial 14 with value: -17.099153518676758.
Trainer already configured with model summary callbacks: [<class 'lightning.pytorch.callbacks.rich_model_summary.RichModelSummary'>]. Skipping setting a default `ModelSummary` callback.
GPU available: False, used: False
TPU available: False, using: 0 TPU cores
IPU available: False, using: 0 IPUs
HPU available: False, using: 0 HPUs
/home/g15farris/.conda/envs/bnn/lib/python3.12/site-packages/lightning/pytorch/loops/fit_loop.py:298: The number of training batches (40) is smaller than the logging interval Trainer(log_every_n_steps=50). Set a lower value for log_every_n_steps if you want to see logs for the training epoch.
`Trainer.fit` stopped: `max_epochs=20` reached.
[I 2025-04-29 16:22:08,810] Trial 66 finished with value: 57.58367156982422 and parameters: {'pretrain_epochs': 0, 'lr': 0.0007166557140818262, 'mc_samples_train': 2, 'prior_scale': 0.027246659620479823, 'q_scale': 0.0013142105093650023, 'batch_size': 32}. Best is trial 14 with value: -17.099153518676758.
Trainer already configured with model summary callbacks: [<class 'lightning.pytorch.callbacks.rich_model_summary.RichModelSummary'>]. Skipping setting a default `ModelSummary` callback.
GPU available: False, used: False
TPU available: False, using: 0 TPU cores
IPU available: False, using: 0 IPUs
HPU available: False, using: 0 HPUs
`Trainer.fit` stopped: `max_epochs=20` reached.
[I 2025-04-29 16:22:52,885] Trial 67 finished with value: -19.567787170410156 and parameters: {'pretrain_epochs': 0, 'lr': 0.0008572901913113138, 'mc_samples_train': 2, 'prior_scale': 0.19584374197081483, 'q_scale': 0.0006410695788706826, 'batch_size': 64}. Best is trial 67 with value: -19.567787170410156.
Trainer already configured with model summary callbacks: [<class 'lightning.pytorch.callbacks.rich_model_summary.RichModelSummary'>]. Skipping setting a default `ModelSummary` callback.
GPU available: False, used: False
TPU available: False, using: 0 TPU cores
IPU available: False, using: 0 IPUs
HPU available: False, using: 0 HPUs
/home/g15farris/.conda/envs/bnn/lib/python3.12/site-packages/lightning/pytorch/loops/fit_loop.py:298: The number of training batches (5) is smaller than the logging interval Trainer(log_every_n_steps=50). Set a lower value for log_every_n_steps if you want to see logs for the training epoch.
`Trainer.fit` stopped: `max_epochs=20` reached.
[I 2025-04-29 16:23:18,982] Trial 68 finished with value: 493.63690185546875 and parameters: {'pretrain_epochs': 0, 'lr': 0.0008742932071905694, 'mc_samples_train': 2, 'prior_scale': 0.3079302854554135, 'q_scale': 0.0005389987565127144, 'batch_size': 256}. Best is trial 67 with value: -19.567787170410156.
Trainer already configured with model summary callbacks: [<class 'lightning.pytorch.callbacks.rich_model_summary.RichModelSummary'>]. Skipping setting a default `ModelSummary` callback.
GPU available: False, used: False
TPU available: False, using: 0 TPU cores
IPU available: False, using: 0 IPUs
HPU available: False, using: 0 HPUs
/home/g15farris/.conda/envs/bnn/lib/python3.12/site-packages/lightning/pytorch/loops/fit_loop.py:298: The number of training batches (2) is smaller than the logging interval Trainer(log_every_n_steps=50). Set a lower value for log_every_n_steps if you want to see logs for the training epoch.
`Trainer.fit` stopped: `max_epochs=20` reached.
[I 2025-04-29 16:23:42,704] Trial 69 finished with value: 610.2652587890625 and parameters: {'pretrain_epochs': 0, 'lr': 0.00013590268931152027, 'mc_samples_train': 2, 'prior_scale': 0.21540262417680206, 'q_scale': 0.00023364723443759468, 'batch_size': 512}. Best is trial 67 with value: -19.567787170410156.
Trainer already configured with model summary callbacks: [<class 'lightning.pytorch.callbacks.rich_model_summary.RichModelSummary'>]. Skipping setting a default `ModelSummary` callback.
GPU available: False, used: False
TPU available: False, using: 0 TPU cores
IPU available: False, using: 0 IPUs
HPU available: False, using: 0 HPUs
`Trainer.fit` stopped: `max_epochs=20` reached.
[I 2025-04-29 16:24:27,020] Trial 70 finished with value: 138.21156311035156 and parameters: {'pretrain_epochs': 0, 'lr': 0.00041831003743710173, 'mc_samples_train': 2, 'prior_scale': 0.51557206296688, 'q_scale': 0.0006868886321226492, 'batch_size': 64}. Best is trial 67 with value: -19.567787170410156.
Trainer already configured with model summary callbacks: [<class 'lightning.pytorch.callbacks.rich_model_summary.RichModelSummary'>]. Skipping setting a default `ModelSummary` callback.
GPU available: False, used: False
TPU available: False, using: 0 TPU cores
IPU available: False, using: 0 IPUs
HPU available: False, using: 0 HPUs
`Trainer.fit` stopped: `max_epochs=20` reached.
[I 2025-04-29 16:25:11,094] Trial 71 finished with value: 9.81874942779541 and parameters: {'pretrain_epochs': 0, 'lr': 0.0007598803135213259, 'mc_samples_train': 2, 'prior_scale': 0.05587427943302682, 'q_scale': 0.0012367752755936612, 'batch_size': 64}. Best is trial 67 with value: -19.567787170410156.
Trainer already configured with model summary callbacks: [<class 'lightning.pytorch.callbacks.rich_model_summary.RichModelSummary'>]. Skipping setting a default `ModelSummary` callback.
GPU available: False, used: False
TPU available: False, using: 0 TPU cores
IPU available: False, using: 0 IPUs
HPU available: False, using: 0 HPUs
`Trainer.fit` stopped: `max_epochs=20` reached.
[I 2025-04-29 16:25:55,270] Trial 72 finished with value: 1.6518080234527588 and parameters: {'pretrain_epochs': 0, 'lr': 0.0009908923659889205, 'mc_samples_train': 2, 'prior_scale': 0.04770334728668845, 'q_scale': 0.0004250836899623507, 'batch_size': 64}. Best is trial 67 with value: -19.567787170410156.
Trainer already configured with model summary callbacks: [<class 'lightning.pytorch.callbacks.rich_model_summary.RichModelSummary'>]. Skipping setting a default `ModelSummary` callback.
GPU available: False, used: False
TPU available: False, using: 0 TPU cores
IPU available: False, using: 0 IPUs
HPU available: False, using: 0 HPUs
`Trainer.fit` stopped: `max_epochs=20` reached.
[I 2025-04-29 16:26:40,379] Trial 73 finished with value: -17.565998077392578 and parameters: {'pretrain_epochs': 0, 'lr': 0.0008666444036343495, 'mc_samples_train': 2, 'prior_scale': 0.17728356102350445, 'q_scale': 0.00040588704557028546, 'batch_size': 64}. Best is trial 67 with value: -19.567787170410156.
Trainer already configured with model summary callbacks: [<class 'lightning.pytorch.callbacks.rich_model_summary.RichModelSummary'>]. Skipping setting a default `ModelSummary` callback.
GPU available: False, used: False
TPU available: False, using: 0 TPU cores
IPU available: False, using: 0 IPUs
HPU available: False, using: 0 HPUs
`Trainer.fit` stopped: `max_epochs=20` reached.
[I 2025-04-29 16:27:25,315] Trial 74 finished with value: 67.80660247802734 and parameters: {'pretrain_epochs': 0, 'lr': 0.0006268834401261908, 'mc_samples_train': 2, 'prior_scale': 0.16992771954803002, 'q_scale': 0.00045301817861435623, 'batch_size': 64}. Best is trial 67 with value: -19.567787170410156.
Trainer already configured with model summary callbacks: [<class 'lightning.pytorch.callbacks.rich_model_summary.RichModelSummary'>]. Skipping setting a default `ModelSummary` callback.
GPU available: False, used: False
TPU available: False, using: 0 TPU cores
IPU available: False, using: 0 IPUs
HPU available: False, using: 0 HPUs
`Trainer.fit` stopped: `max_epochs=20` reached.
[I 2025-04-29 16:28:09,205] Trial 75 finished with value: 1.89235520362854 and parameters: {'pretrain_epochs': 0, 'lr': 0.0009976572661968591, 'mc_samples_train': 2, 'prior_scale': 0.11548887979401883, 'q_scale': 0.0008031677542519279, 'batch_size': 64}. Best is trial 67 with value: -19.567787170410156.
Trainer already configured with model summary callbacks: [<class 'lightning.pytorch.callbacks.rich_model_summary.RichModelSummary'>]. Skipping setting a default `ModelSummary` callback.
GPU available: False, used: False
TPU available: False, using: 0 TPU cores
IPU available: False, using: 0 IPUs
HPU available: False, using: 0 HPUs
/home/g15farris/.conda/envs/bnn/lib/python3.12/site-packages/tyxe/likelihoods.py:203: UserWarning: var(): degrees of freedom is <= 0. Correction should be strictly less than the reduction factor (input numel divided by output numel). (Triggered internally at ../aten/src/ATen/native/ReduceOps.cpp:1807.)
  agg_scale = precision.reciprocal().mean(dim).add(loc.var(dim)).sqrt()
`Trainer.fit` stopped: `max_epochs=20` reached.
[I 2025-04-29 16:28:39,845] Trial 76 finished with value: 16.5274715423584 and parameters: {'pretrain_epochs': 0, 'lr': 0.000995662664412563, 'mc_samples_train': 1, 'prior_scale': 0.32082707364860497, 'q_scale': 0.0018694137272742782, 'batch_size': 64}. Best is trial 67 with value: -19.567787170410156.
Trainer already configured with model summary callbacks: [<class 'lightning.pytorch.callbacks.rich_model_summary.RichModelSummary'>]. Skipping setting a default `ModelSummary` callback.
GPU available: False, used: False
TPU available: False, using: 0 TPU cores
IPU available: False, using: 0 IPUs
HPU available: False, using: 0 HPUs
`Trainer.fit` stopped: `max_epochs=20` reached.
[I 2025-04-29 16:29:24,338] Trial 77 finished with value: 313.3222351074219 and parameters: {'pretrain_epochs': 0, 'lr': 2.102064254293686e-05, 'mc_samples_train': 2, 'prior_scale': 0.2592839373434493, 'q_scale': 0.0008489184487304948, 'batch_size': 64}. Best is trial 67 with value: -19.567787170410156.
Trainer already configured with model summary callbacks: [<class 'lightning.pytorch.callbacks.rich_model_summary.RichModelSummary'>]. Skipping setting a default `ModelSummary` callback.
GPU available: False, used: False
TPU available: False, using: 0 TPU cores
IPU available: False, using: 0 IPUs
HPU available: False, using: 0 HPUs
`Trainer.fit` stopped: `max_epochs=20` reached.
[I 2025-04-29 16:30:09,548] Trial 78 finished with value: 18.24188804626465 and parameters: {'pretrain_epochs': 0, 'lr': 0.0006928481809461501, 'mc_samples_train': 2, 'prior_scale': 0.12374177189395613, 'q_scale': 0.0004164295233245191, 'batch_size': 64}. Best is trial 67 with value: -19.567787170410156.
Trainer already configured with model summary callbacks: [<class 'lightning.pytorch.callbacks.rich_model_summary.RichModelSummary'>]. Skipping setting a default `ModelSummary` callback.
GPU available: False, used: False
TPU available: False, using: 0 TPU cores
IPU available: False, using: 0 IPUs
HPU available: False, using: 0 HPUs
`Trainer.fit` stopped: `max_epochs=20` reached.
[I 2025-04-29 16:30:52,912] Trial 79 finished with value: 93.90611267089844 and parameters: {'pretrain_epochs': 0, 'lr': 0.0005494052645056185, 'mc_samples_train': 2, 'prior_scale': 0.19058382424391404, 'q_scale': 0.0007389382612010596, 'batch_size': 64}. Best is trial 67 with value: -19.567787170410156.
Trainer already configured with model summary callbacks: [<class 'lightning.pytorch.callbacks.rich_model_summary.RichModelSummary'>]. Skipping setting a default `ModelSummary` callback.
GPU available: False, used: False
TPU available: False, using: 0 TPU cores
IPU available: False, using: 0 IPUs
HPU available: False, using: 0 HPUs
`Trainer.fit` stopped: `max_epochs=20` reached.
[I 2025-04-29 16:31:36,774] Trial 80 finished with value: 55.31123733520508 and parameters: {'pretrain_epochs': 0, 'lr': 0.0008451044423006672, 'mc_samples_train': 2, 'prior_scale': 0.10774981530178412, 'q_scale': 0.0002674304390849248, 'batch_size': 64}. Best is trial 67 with value: -19.567787170410156.
Trainer already configured with model summary callbacks: [<class 'lightning.pytorch.callbacks.rich_model_summary.RichModelSummary'>]. Skipping setting a default `ModelSummary` callback.
GPU available: False, used: False
TPU available: False, using: 0 TPU cores
IPU available: False, using: 0 IPUs
HPU available: False, using: 0 HPUs
`Trainer.fit` stopped: `max_epochs=20` reached.
[I 2025-04-29 16:32:19,539] Trial 81 finished with value: -18.52397346496582 and parameters: {'pretrain_epochs': 0, 'lr': 0.000884082970383745, 'mc_samples_train': 2, 'prior_scale': 0.0846057490180087, 'q_scale': 0.0006096299443764606, 'batch_size': 64}. Best is trial 67 with value: -19.567787170410156.
Trainer already configured with model summary callbacks: [<class 'lightning.pytorch.callbacks.rich_model_summary.RichModelSummary'>]. Skipping setting a default `ModelSummary` callback.
GPU available: False, used: False
TPU available: False, using: 0 TPU cores
IPU available: False, using: 0 IPUs
HPU available: False, using: 0 HPUs
`Trainer.fit` stopped: `max_epochs=20` reached.
[I 2025-04-29 16:33:03,590] Trial 82 finished with value: -12.835066795349121 and parameters: {'pretrain_epochs': 0, 'lr': 0.0008938112288733105, 'mc_samples_train': 2, 'prior_scale': 0.08586244547682277, 'q_scale': 0.0009677910581766383, 'batch_size': 64}. Best is trial 67 with value: -19.567787170410156.
Trainer already configured with model summary callbacks: [<class 'lightning.pytorch.callbacks.rich_model_summary.RichModelSummary'>]. Skipping setting a default `ModelSummary` callback.
GPU available: False, used: False
TPU available: False, using: 0 TPU cores
IPU available: False, using: 0 IPUs
HPU available: False, using: 0 HPUs
`Trainer.fit` stopped: `max_epochs=20` reached.
[I 2025-04-29 16:33:47,059] Trial 83 finished with value: -8.576407432556152 and parameters: {'pretrain_epochs': 0, 'lr': 0.000767365766370981, 'mc_samples_train': 2, 'prior_scale': 0.4343776327295782, 'q_scale': 0.0009908563016703855, 'batch_size': 64}. Best is trial 67 with value: -19.567787170410156.
Trainer already configured with model summary callbacks: [<class 'lightning.pytorch.callbacks.rich_model_summary.RichModelSummary'>]. Skipping setting a default `ModelSummary` callback.
GPU available: False, used: False
TPU available: False, using: 0 TPU cores
IPU available: False, using: 0 IPUs
HPU available: False, using: 0 HPUs
`Trainer.fit` stopped: `max_epochs=20` reached.
[I 2025-04-29 16:34:30,818] Trial 84 finished with value: 13.083065032958984 and parameters: {'pretrain_epochs': 0, 'lr': 0.000725039738452886, 'mc_samples_train': 2, 'prior_scale': 0.8383171762160949, 'q_scale': 0.0009556324240249662, 'batch_size': 64}. Best is trial 67 with value: -19.567787170410156.
Trainer already configured with model summary callbacks: [<class 'lightning.pytorch.callbacks.rich_model_summary.RichModelSummary'>]. Skipping setting a default `ModelSummary` callback.
GPU available: False, used: False
TPU available: False, using: 0 TPU cores
IPU available: False, using: 0 IPUs
HPU available: False, using: 0 HPUs
`Trainer.fit` stopped: `max_epochs=20` reached.
[I 2025-04-29 16:34:57,094] Trial 85 finished with value: 521.1777954101562 and parameters: {'pretrain_epochs': 0, 'lr': 0.0006236972994789613, 'mc_samples_train': 2, 'prior_scale': 0.41937985309561415, 'q_scale': 0.0005635773163578988, 'batch_size': 256}. Best is trial 67 with value: -19.567787170410156.
Trainer already configured with model summary callbacks: [<class 'lightning.pytorch.callbacks.rich_model_summary.RichModelSummary'>]. Skipping setting a default `ModelSummary` callback.
GPU available: False, used: False
TPU available: False, using: 0 TPU cores
IPU available: False, using: 0 IPUs
HPU available: False, using: 0 HPUs
`Trainer.fit` stopped: `max_epochs=20` reached.
[I 2025-04-29 16:35:41,210] Trial 86 finished with value: 31.434022903442383 and parameters: {'pretrain_epochs': 0, 'lr': 0.0008526704695232297, 'mc_samples_train': 2, 'prior_scale': 0.14580529596315478, 'q_scale': 0.0010291310945908258, 'batch_size': 64}. Best is trial 67 with value: -19.567787170410156.
Trainer already configured with model summary callbacks: [<class 'lightning.pytorch.callbacks.rich_model_summary.RichModelSummary'>]. Skipping setting a default `ModelSummary` callback.
GPU available: False, used: False
TPU available: False, using: 0 TPU cores
IPU available: False, using: 0 IPUs
HPU available: False, using: 0 HPUs
`Trainer.fit` stopped: `max_epochs=20` reached.
[I 2025-04-29 16:36:05,008] Trial 87 finished with value: 554.560546875 and parameters: {'pretrain_epochs': 0, 'lr': 0.000755862917300843, 'mc_samples_train': 2, 'prior_scale': 0.46718022725002645, 'q_scale': 0.0016652125441241165, 'batch_size': 512}. Best is trial 67 with value: -19.567787170410156.
Trainer already configured with model summary callbacks: [<class 'lightning.pytorch.callbacks.rich_model_summary.RichModelSummary'>]. Skipping setting a default `ModelSummary` callback.
GPU available: False, used: False
TPU available: False, using: 0 TPU cores
IPU available: False, using: 0 IPUs
HPU available: False, using: 0 HPUs
`Trainer.fit` stopped: `max_epochs=20` reached.
[I 2025-04-29 16:36:28,303] Trial 88 finished with value: 520.1763916015625 and parameters: {'pretrain_epochs': 0, 'lr': 7.356426390557434e-05, 'mc_samples_train': 1, 'prior_scale': 0.6957819754052135, 'q_scale': 0.0003417908197896149, 'batch_size': 128}. Best is trial 67 with value: -19.567787170410156.
Trainer already configured with model summary callbacks: [<class 'lightning.pytorch.callbacks.rich_model_summary.RichModelSummary'>]. Skipping setting a default `ModelSummary` callback.
GPU available: False, used: False
TPU available: False, using: 0 TPU cores
IPU available: False, using: 0 IPUs
HPU available: False, using: 0 HPUs
`Trainer.fit` stopped: `max_epochs=20` reached.
[I 2025-04-29 16:37:12,370] Trial 89 finished with value: 236.09768676757812 and parameters: {'pretrain_epochs': 0, 'lr': 0.0002361494050001949, 'mc_samples_train': 2, 'prior_scale': 0.08592702011371281, 'q_scale': 0.0006415770731033501, 'batch_size': 64}. Best is trial 67 with value: -19.567787170410156.
Trainer already configured with model summary callbacks: [<class 'lightning.pytorch.callbacks.rich_model_summary.RichModelSummary'>]. Skipping setting a default `ModelSummary` callback.
GPU available: False, used: False
TPU available: False, using: 0 TPU cores
IPU available: False, using: 0 IPUs
HPU available: False, using: 0 HPUs
`Trainer.fit` stopped: `max_epochs=20` reached.
[I 2025-04-29 16:38:22,165] Trial 90 finished with value: 23.235424041748047 and parameters: {'pretrain_epochs': 0, 'lr': 0.0004552461059635254, 'mc_samples_train': 2, 'prior_scale': 0.24870363279318985, 'q_scale': 0.0028437539887052918, 'batch_size': 32}. Best is trial 67 with value: -19.567787170410156.
Trainer already configured with model summary callbacks: [<class 'lightning.pytorch.callbacks.rich_model_summary.RichModelSummary'>]. Skipping setting a default `ModelSummary` callback.
GPU available: False, used: False
TPU available: False, using: 0 TPU cores
IPU available: False, using: 0 IPUs
HPU available: False, using: 0 HPUs
`Trainer.fit` stopped: `max_epochs=20` reached.
[I 2025-04-29 16:39:06,022] Trial 91 finished with value: 11.685721397399902 and parameters: {'pretrain_epochs': 0, 'lr': 0.0008804235113703822, 'mc_samples_train': 2, 'prior_scale': 0.3820088860319297, 'q_scale': 0.0004819052810952975, 'batch_size': 64}. Best is trial 67 with value: -19.567787170410156.
Trainer already configured with model summary callbacks: [<class 'lightning.pytorch.callbacks.rich_model_summary.RichModelSummary'>]. Skipping setting a default `ModelSummary` callback.
GPU available: False, used: False
TPU available: False, using: 0 TPU cores
IPU available: False, using: 0 IPUs
HPU available: False, using: 0 HPUs
