[I 2025-02-25 11:07:22,604] Trial 28 finished with value: 11.19307804107666 and parameters: {'pretrain_epochs': 0, 'lr': 0.00039451456352014266, 'mc_samples_train': 2, 'prior_scale': 0.15579590651811182, 'q_scale': 0.0007697277673579377, 'batch_size': 64}. Best is trial 24 with value: -74.52776336669922.
Trainer already configured with model summary callbacks: [<class 'lightning.pytorch.callbacks.rich_model_summary.RichModelSummary'>]. Skipping setting a default `ModelSummary` callback.
GPU available: False, used: False
TPU available: False, using: 0 TPU cores
IPU available: False, using: 0 IPUs
HPU available: False, using: 0 HPUs
`Trainer.fit` stopped: `max_epochs=20` reached.
[I 2025-02-25 11:10:30,915] Trial 29 finished with value: -53.59266662597656 and parameters: {'pretrain_epochs': 0, 'lr': 0.0007269248594832969, 'mc_samples_train': 2, 'prior_scale': 0.25803201983845575, 'q_scale': 0.001340252675660988, 'batch_size': 64}. Best is trial 24 with value: -74.52776336669922.
Trainer already configured with model summary callbacks: [<class 'lightning.pytorch.callbacks.rich_model_summary.RichModelSummary'>]. Skipping setting a default `ModelSummary` callback.
GPU available: False, used: False
TPU available: False, using: 0 TPU cores
IPU available: False, using: 0 IPUs
HPU available: False, using: 0 HPUs
`Trainer.fit` stopped: `max_epochs=20` reached.
[I 2025-02-25 11:13:36,766] Trial 30 finished with value: 54.99955749511719 and parameters: {'pretrain_epochs': 0, 'lr': 0.000237679721845533, 'mc_samples_train': 2, 'prior_scale': 0.09057090300643525, 'q_scale': 0.004492611808782323, 'batch_size': 64}. Best is trial 24 with value: -74.52776336669922.
Trainer already configured with model summary callbacks: [<class 'lightning.pytorch.callbacks.rich_model_summary.RichModelSummary'>]. Skipping setting a default `ModelSummary` callback.
GPU available: False, used: False
TPU available: False, using: 0 TPU cores
IPU available: False, using: 0 IPUs
HPU available: False, using: 0 HPUs
/home/g15farris/.conda/envs/bnn/lib/python3.12/site-packages/lightning/pytorch/loops/fit_loop.py:298: The number of training batches (25) is smaller than the logging interval Trainer(log_every_n_steps=50). Set a lower value for log_every_n_steps if you want to see logs for the training epoch.
`Trainer.fit` stopped: `max_epochs=20` reached.
[I 2025-02-25 11:14:57,323] Trial 31 finished with value: -89.25249481201172 and parameters: {'pretrain_epochs': 0, 'lr': 0.000993640067505852, 'mc_samples_train': 2, 'prior_scale': 0.18162169046510418, 'q_scale': 0.0006034408509941582, 'batch_size': 256}. Best is trial 31 with value: -89.25249481201172.
Trainer already configured with model summary callbacks: [<class 'lightning.pytorch.callbacks.rich_model_summary.RichModelSummary'>]. Skipping setting a default `ModelSummary` callback.
GPU available: False, used: False
TPU available: False, using: 0 TPU cores
IPU available: False, using: 0 IPUs
HPU available: False, using: 0 HPUs
[I 2025-02-25 11:15:47,996] Trial 32 pruned. Trial was pruned at epoch 10.
Trainer already configured with model summary callbacks: [<class 'lightning.pytorch.callbacks.rich_model_summary.RichModelSummary'>]. Skipping setting a default `ModelSummary` callback.
GPU available: False, used: False
TPU available: False, using: 0 TPU cores
IPU available: False, using: 0 IPUs
HPU available: False, using: 0 HPUs
`Trainer.fit` stopped: `max_epochs=20` reached.
[I 2025-02-25 11:17:11,133] Trial 33 finished with value: -131.10394287109375 and parameters: {'pretrain_epochs': 0, 'lr': 0.000707590049834826, 'mc_samples_train': 2, 'prior_scale': 0.19908330830829532, 'q_scale': 0.0005764471187015978, 'batch_size': 256}. Best is trial 33 with value: -131.10394287109375.
Trainer already configured with model summary callbacks: [<class 'lightning.pytorch.callbacks.rich_model_summary.RichModelSummary'>]. Skipping setting a default `ModelSummary` callback.
GPU available: False, used: False
TPU available: False, using: 0 TPU cores
IPU available: False, using: 0 IPUs
HPU available: False, using: 0 HPUs
`Trainer.fit` stopped: `max_epochs=20` reached.
[I 2025-02-25 11:18:32,950] Trial 34 finished with value: -17.635292053222656 and parameters: {'pretrain_epochs': 0, 'lr': 0.0006632740253598452, 'mc_samples_train': 2, 'prior_scale': 0.15976219024803112, 'q_scale': 0.0006411550999815748, 'batch_size': 256}. Best is trial 33 with value: -131.10394287109375.
Trainer already configured with model summary callbacks: [<class 'lightning.pytorch.callbacks.rich_model_summary.RichModelSummary'>]. Skipping setting a default `ModelSummary` callback.
GPU available: False, used: False
TPU available: False, using: 0 TPU cores
IPU available: False, using: 0 IPUs
HPU available: False, using: 0 HPUs
`Trainer.fit` stopped: `max_epochs=20` reached.
[I 2025-02-25 11:19:54,807] Trial 35 finished with value: -71.2729721069336 and parameters: {'pretrain_epochs': 0, 'lr': 0.0007512572629138248, 'mc_samples_train': 2, 'prior_scale': 0.1899127532734213, 'q_scale': 0.0020332984919444776, 'batch_size': 256}. Best is trial 33 with value: -131.10394287109375.
Trainer already configured with model summary callbacks: [<class 'lightning.pytorch.callbacks.rich_model_summary.RichModelSummary'>]. Skipping setting a default `ModelSummary` callback.
GPU available: False, used: False
TPU available: False, using: 0 TPU cores
IPU available: False, using: 0 IPUs
HPU available: False, using: 0 HPUs
`Trainer.fit` stopped: `max_epochs=20` reached.
[I 2025-02-25 11:21:17,412] Trial 36 finished with value: 369.8292236328125 and parameters: {'pretrain_epochs': 0, 'lr': 0.0004140870018774387, 'mc_samples_train': 2, 'prior_scale': 0.2119922193196194, 'q_scale': 0.0020006514159703653, 'batch_size': 256}. Best is trial 33 with value: -131.10394287109375.
Trainer already configured with model summary callbacks: [<class 'lightning.pytorch.callbacks.rich_model_summary.RichModelSummary'>]. Skipping setting a default `ModelSummary` callback.
GPU available: False, used: False
TPU available: False, using: 0 TPU cores
IPU available: False, using: 0 IPUs
HPU available: False, using: 0 HPUs
[I 2025-02-25 11:22:36,711] Trial 37 pruned. Trial was pruned at epoch 18.
Trainer already configured with model summary callbacks: [<class 'lightning.pytorch.callbacks.rich_model_summary.RichModelSummary'>]. Skipping setting a default `ModelSummary` callback.
GPU available: False, used: False
TPU available: False, using: 0 TPU cores
IPU available: False, using: 0 IPUs
HPU available: False, using: 0 HPUs
/home/g15farris/.conda/envs/bnn/lib/python3.12/site-packages/tyxe/likelihoods.py:203: UserWarning: var(): degrees of freedom is <= 0. Correction should be strictly less than the reduction factor (input numel divided by output numel). (Triggered internally at ../aten/src/ATen/native/ReduceOps.cpp:1807.)
  agg_scale = precision.reciprocal().mean(dim).add(loc.var(dim)).sqrt()
`Trainer.fit` stopped: `max_epochs=20` reached.
[I 2025-02-25 11:23:28,762] Trial 38 finished with value: 729.938720703125 and parameters: {'pretrain_epochs': 0, 'lr': 0.00021124113595566394, 'mc_samples_train': 1, 'prior_scale': 0.11963542302456126, 'q_scale': 0.0010925563268652616, 'batch_size': 256}. Best is trial 33 with value: -131.10394287109375.
Trainer already configured with model summary callbacks: [<class 'lightning.pytorch.callbacks.rich_model_summary.RichModelSummary'>]. Skipping setting a default `ModelSummary` callback.
GPU available: False, used: False
TPU available: False, using: 0 TPU cores
IPU available: False, using: 0 IPUs
HPU available: False, using: 0 HPUs
`Trainer.fit` stopped: `max_epochs=20` reached.
[I 2025-02-25 11:24:51,760] Trial 39 finished with value: 736.6823120117188 and parameters: {'pretrain_epochs': 0, 'lr': 8.565192656041682e-05, 'mc_samples_train': 2, 'prior_scale': 0.537137378930078, 'q_scale': 0.002221812437584267, 'batch_size': 256}. Best is trial 33 with value: -131.10394287109375.
Trainer already configured with model summary callbacks: [<class 'lightning.pytorch.callbacks.rich_model_summary.RichModelSummary'>]. Skipping setting a default `ModelSummary` callback.
GPU available: False, used: False
TPU available: False, using: 0 TPU cores
IPU available: False, using: 0 IPUs
HPU available: False, using: 0 HPUs
/home/g15farris/.conda/envs/bnn/lib/python3.12/site-packages/lightning/pytorch/loops/fit_loop.py:298: The number of training batches (12) is smaller than the logging interval Trainer(log_every_n_steps=50). Set a lower value for log_every_n_steps if you want to see logs for the training epoch.
`Trainer.fit` stopped: `max_epochs=20` reached.
[I 2025-02-25 11:25:34,857] Trial 40 finished with value: 2093.079833984375 and parameters: {'pretrain_epochs': 0, 'lr': 0.0006429333294557271, 'mc_samples_train': 1, 'prior_scale': 0.20507833378967316, 'q_scale': 0.0003683288891358153, 'batch_size': 512}. Best is trial 33 with value: -131.10394287109375.
Trainer already configured with model summary callbacks: [<class 'lightning.pytorch.callbacks.rich_model_summary.RichModelSummary'>]. Skipping setting a default `ModelSummary` callback.
GPU available: False, used: False
TPU available: False, using: 0 TPU cores
IPU available: False, using: 0 IPUs
HPU available: False, using: 0 HPUs
[I 2025-02-25 11:26:10,282] Trial 41 pruned. Trial was pruned at epoch 6.
Trainer already configured with model summary callbacks: [<class 'lightning.pytorch.callbacks.rich_model_summary.RichModelSummary'>]. Skipping setting a default `ModelSummary` callback.
GPU available: False, used: False
TPU available: False, using: 0 TPU cores
IPU available: False, using: 0 IPUs
HPU available: False, using: 0 HPUs
`Trainer.fit` stopped: `max_epochs=20` reached.
[I 2025-02-25 11:27:00,702] Trial 42 finished with value: 1017.4584350585938 and parameters: {'pretrain_epochs': 0, 'lr': 4.865200524077346e-05, 'mc_samples_train': 1, 'prior_scale': 0.9703569177034177, 'q_scale': 0.0033562917349588117, 'batch_size': 256}. Best is trial 33 with value: -131.10394287109375.
Trainer already configured with model summary callbacks: [<class 'lightning.pytorch.callbacks.rich_model_summary.RichModelSummary'>]. Skipping setting a default `ModelSummary` callback.
GPU available: False, used: False
TPU available: False, using: 0 TPU cores
IPU available: False, using: 0 IPUs
HPU available: False, using: 0 HPUs
`Trainer.fit` stopped: `max_epochs=20` reached.
[I 2025-02-25 11:28:25,128] Trial 43 finished with value: -64.37861633300781 and parameters: {'pretrain_epochs': 0, 'lr': 0.0007166712240888227, 'mc_samples_train': 2, 'prior_scale': 0.10811061887086142, 'q_scale': 0.0007264166220322228, 'batch_size': 256}. Best is trial 33 with value: -131.10394287109375.
Trainer already configured with model summary callbacks: [<class 'lightning.pytorch.callbacks.rich_model_summary.RichModelSummary'>]. Skipping setting a default `ModelSummary` callback.
GPU available: False, used: False
TPU available: False, using: 0 TPU cores
IPU available: False, using: 0 IPUs
HPU available: False, using: 0 HPUs
`Trainer.fit` stopped: `max_epochs=20` reached.
[I 2025-02-25 11:29:32,196] Trial 44 finished with value: 1735.915283203125 and parameters: {'pretrain_epochs': 0, 'lr': 0.0007698300883305607, 'mc_samples_train': 2, 'prior_scale': 0.18169081359952768, 'q_scale': 0.00020482240667682217, 'batch_size': 512}. Best is trial 33 with value: -131.10394287109375.
Trainer already configured with model summary callbacks: [<class 'lightning.pytorch.callbacks.rich_model_summary.RichModelSummary'>]. Skipping setting a default `ModelSummary` callback.
GPU available: False, used: False
TPU available: False, using: 0 TPU cores
IPU available: False, using: 0 IPUs
HPU available: False, using: 0 HPUs
`Trainer.fit` stopped: `max_epochs=20` reached.
[I 2025-02-25 11:30:58,309] Trial 45 finished with value: 69.39494323730469 and parameters: {'pretrain_epochs': 0, 'lr': 0.0005843513618671082, 'mc_samples_train': 2, 'prior_scale': 0.0798175204721811, 'q_scale': 0.0009607600842833615, 'batch_size': 256}. Best is trial 33 with value: -131.10394287109375.
Trainer already configured with model summary callbacks: [<class 'lightning.pytorch.callbacks.rich_model_summary.RichModelSummary'>]. Skipping setting a default `ModelSummary` callback.
GPU available: False, used: False
TPU available: False, using: 0 TPU cores
IPU available: False, using: 0 IPUs
HPU available: False, using: 0 HPUs
`Trainer.fit` stopped: `max_epochs=20` reached.
[I 2025-02-25 11:32:22,084] Trial 46 finished with value: 1004.9193115234375 and parameters: {'pretrain_epochs': 0, 'lr': 1.0597177679192552e-05, 'mc_samples_train': 2, 'prior_scale': 0.1273161139377335, 'q_scale': 0.0005152825742333252, 'batch_size': 256}. Best is trial 33 with value: -131.10394287109375.
Trainer already configured with model summary callbacks: [<class 'lightning.pytorch.callbacks.rich_model_summary.RichModelSummary'>]. Skipping setting a default `ModelSummary` callback.
GPU available: False, used: False
TPU available: False, using: 0 TPU cores
IPU available: False, using: 0 IPUs
HPU available: False, using: 0 HPUs
`Trainer.fit` stopped: `max_epochs=20` reached.
[I 2025-02-25 11:33:45,294] Trial 47 finished with value: 257.1260986328125 and parameters: {'pretrain_epochs': 0, 'lr': 0.0007923762666056606, 'mc_samples_train': 2, 'prior_scale': 0.5227344109654916, 'q_scale': 0.0016892743184552565, 'batch_size': 256}. Best is trial 33 with value: -131.10394287109375.
Trainer already configured with model summary callbacks: [<class 'lightning.pytorch.callbacks.rich_model_summary.RichModelSummary'>]. Skipping setting a default `ModelSummary` callback.
GPU available: False, used: False
TPU available: False, using: 0 TPU cores
IPU available: False, using: 0 IPUs
HPU available: False, using: 0 HPUs
/home/g15farris/.conda/envs/bnn/lib/python3.12/site-packages/lightning/pytorch/loops/fit_loop.py:298: The number of training batches (49) is smaller than the logging interval Trainer(log_every_n_steps=50). Set a lower value for log_every_n_steps if you want to see logs for the training epoch.
`Trainer.fit` stopped: `max_epochs=20` reached.
[I 2025-02-25 11:34:55,465] Trial 48 finished with value: -87.36919403076172 and parameters: {'pretrain_epochs': 0, 'lr': 0.00042229950729932386, 'mc_samples_train': 1, 'prior_scale': 0.3109180975949119, 'q_scale': 0.00020316039936646373, 'batch_size': 128}. Best is trial 33 with value: -131.10394287109375.
Trainer already configured with model summary callbacks: [<class 'lightning.pytorch.callbacks.rich_model_summary.RichModelSummary'>]. Skipping setting a default `ModelSummary` callback.
GPU available: False, used: False
TPU available: False, using: 0 TPU cores
IPU available: False, using: 0 IPUs
HPU available: False, using: 0 HPUs
`Trainer.fit` stopped: `max_epochs=20` reached.
[I 2025-02-25 11:36:07,699] Trial 49 finished with value: -129.06683349609375 and parameters: {'pretrain_epochs': 0, 'lr': 0.0004345818546382463, 'mc_samples_train': 1, 'prior_scale': 0.3469893715151292, 'q_scale': 0.00020302145800764421, 'batch_size': 128}. Best is trial 33 with value: -131.10394287109375.
Trainer already configured with model summary callbacks: [<class 'lightning.pytorch.callbacks.rich_model_summary.RichModelSummary'>]. Skipping setting a default `ModelSummary` callback.
GPU available: False, used: False
TPU available: False, using: 0 TPU cores
IPU available: False, using: 0 IPUs
HPU available: False, using: 0 HPUs
`Trainer.fit` stopped: `max_epochs=20` reached.
[I 2025-02-25 11:37:19,507] Trial 50 finished with value: 318.6994323730469 and parameters: {'pretrain_epochs': 0, 'lr': 0.00011488334419451255, 'mc_samples_train': 1, 'prior_scale': 0.345294463046589, 'q_scale': 0.0001651786393791005, 'batch_size': 128}. Best is trial 33 with value: -131.10394287109375.
Trainer already configured with model summary callbacks: [<class 'lightning.pytorch.callbacks.rich_model_summary.RichModelSummary'>]. Skipping setting a default `ModelSummary` callback.
GPU available: False, used: False
TPU available: False, using: 0 TPU cores
IPU available: False, using: 0 IPUs
HPU available: False, using: 0 HPUs
`Trainer.fit` stopped: `max_epochs=20` reached.
[I 2025-02-25 11:38:28,596] Trial 51 finished with value: -32.9785041809082 and parameters: {'pretrain_epochs': 0, 'lr': 0.00031340311191667343, 'mc_samples_train': 1, 'prior_scale': 0.6228420672843981, 'q_scale': 0.0001589093331924912, 'batch_size': 128}. Best is trial 33 with value: -131.10394287109375.
Trainer already configured with model summary callbacks: [<class 'lightning.pytorch.callbacks.rich_model_summary.RichModelSummary'>]. Skipping setting a default `ModelSummary` callback.
GPU available: False, used: False
TPU available: False, using: 0 TPU cores
IPU available: False, using: 0 IPUs
HPU available: False, using: 0 HPUs
`Trainer.fit` stopped: `max_epochs=20` reached.
[I 2025-02-25 11:39:41,813] Trial 52 finished with value: 457.64520263671875 and parameters: {'pretrain_epochs': 0, 'lr': 0.00019579788640749392, 'mc_samples_train': 1, 'prior_scale': 0.41937985309561415, 'q_scale': 0.173448068722513, 'batch_size': 128}. Best is trial 33 with value: -131.10394287109375.
Trainer already configured with model summary callbacks: [<class 'lightning.pytorch.callbacks.rich_model_summary.RichModelSummary'>]. Skipping setting a default `ModelSummary` callback.
GPU available: False, used: False
TPU available: False, using: 0 TPU cores
IPU available: False, using: 0 IPUs
HPU available: False, using: 0 HPUs
`Trainer.fit` stopped: `max_epochs=20` reached.
[I 2025-02-25 11:40:51,712] Trial 53 finished with value: -88.44100952148438 and parameters: {'pretrain_epochs': 0, 'lr': 0.0004415040442157595, 'mc_samples_train': 1, 'prior_scale': 0.2629309848428353, 'q_scale': 0.00041961345355145155, 'batch_size': 128}. Best is trial 33 with value: -131.10394287109375.
Trainer already configured with model summary callbacks: [<class 'lightning.pytorch.callbacks.rich_model_summary.RichModelSummary'>]. Skipping setting a default `ModelSummary` callback.
GPU available: False, used: False
TPU available: False, using: 0 TPU cores
IPU available: False, using: 0 IPUs
HPU available: False, using: 0 HPUs
`Trainer.fit` stopped: `max_epochs=20` reached.
[I 2025-02-25 11:42:03,437] Trial 54 finished with value: -115.0611801147461 and parameters: {'pretrain_epochs': 0, 'lr': 0.00042906495334352, 'mc_samples_train': 1, 'prior_scale': 0.26903246477311676, 'q_scale': 0.00045466560919731416, 'batch_size': 128}. Best is trial 33 with value: -131.10394287109375.
Trainer already configured with model summary callbacks: [<class 'lightning.pytorch.callbacks.rich_model_summary.RichModelSummary'>]. Skipping setting a default `ModelSummary` callback.
GPU available: False, used: False
TPU available: False, using: 0 TPU cores
IPU available: False, using: 0 IPUs
HPU available: False, using: 0 HPUs
`Trainer.fit` stopped: `max_epochs=20` reached.
[I 2025-02-25 11:43:15,858] Trial 55 finished with value: 470.78631591796875 and parameters: {'pretrain_epochs': 0, 'lr': 2.7819216257911568e-05, 'mc_samples_train': 1, 'prior_scale': 0.30029660067751923, 'q_scale': 0.0004340505291163494, 'batch_size': 128}. Best is trial 33 with value: -131.10394287109375.
Trainer already configured with model summary callbacks: [<class 'lightning.pytorch.callbacks.rich_model_summary.RichModelSummary'>]. Skipping setting a default `ModelSummary` callback.
GPU available: False, used: False
TPU available: False, using: 0 TPU cores
IPU available: False, using: 0 IPUs
HPU available: False, using: 0 HPUs
`Trainer.fit` stopped: `max_epochs=20` reached.
[I 2025-02-25 11:44:27,029] Trial 56 finished with value: -35.08707046508789 and parameters: {'pretrain_epochs': 0, 'lr': 0.0004401865471378798, 'mc_samples_train': 1, 'prior_scale': 0.3476208999233071, 'q_scale': 0.00019988444444786404, 'batch_size': 128}. Best is trial 33 with value: -131.10394287109375.
Trainer already configured with model summary callbacks: [<class 'lightning.pytorch.callbacks.rich_model_summary.RichModelSummary'>]. Skipping setting a default `ModelSummary` callback.
GPU available: False, used: False
TPU available: False, using: 0 TPU cores
IPU available: False, using: 0 IPUs
HPU available: False, using: 0 HPUs
`Trainer.fit` stopped: `max_epochs=20` reached.
[I 2025-02-25 11:45:35,883] Trial 57 finished with value: -33.479820251464844 and parameters: {'pretrain_epochs': 0, 'lr': 0.00029204624161600955, 'mc_samples_train': 1, 'prior_scale': 0.23677774028871276, 'q_scale': 0.00031744462625672313, 'batch_size': 128}. Best is trial 33 with value: -131.10394287109375.
Trainer already configured with model summary callbacks: [<class 'lightning.pytorch.callbacks.rich_model_summary.RichModelSummary'>]. Skipping setting a default `ModelSummary` callback.
GPU available: False, used: False
TPU available: False, using: 0 TPU cores
IPU available: False, using: 0 IPUs
HPU available: False, using: 0 HPUs
`Trainer.fit` stopped: `max_epochs=20` reached.
[I 2025-02-25 11:46:47,270] Trial 58 finished with value: -64.02753448486328 and parameters: {'pretrain_epochs': 0, 'lr': 0.0005855412624750563, 'mc_samples_train': 1, 'prior_scale': 0.6806591464622032, 'q_scale': 0.00011120146196902444, 'batch_size': 128}. Best is trial 33 with value: -131.10394287109375.
Trainer already configured with model summary callbacks: [<class 'lightning.pytorch.callbacks.rich_model_summary.RichModelSummary'>]. Skipping setting a default `ModelSummary` callback.
GPU available: False, used: False
TPU available: False, using: 0 TPU cores
IPU available: False, using: 0 IPUs
HPU available: False, using: 0 HPUs
`Trainer.fit` stopped: `max_epochs=20` reached.
