[I 2025-02-24 17:01:16,556] Trial 12 finished with value: -25.499208450317383 and parameters: {'pretrain_epochs': 0, 'lr': 0.0001741204381065012, 'mc_samples_train': 2, 'prior_scale': 0.01578701912640358, 'q_scale': 0.00010569299297450266, 'batch_size': 32}. Best is trial 12 with value: -25.499208450317383.
Trainer already configured with model summary callbacks: [<class 'lightning.pytorch.callbacks.rich_model_summary.RichModelSummary'>]. Skipping setting a default `ModelSummary` callback.
GPU available: False, used: False
TPU available: False, using: 0 TPU cores
IPU available: False, using: 0 IPUs
HPU available: False, using: 0 HPUs
`Trainer.fit` stopped: `max_epochs=20` reached.
[I 2025-02-24 17:01:32,025] Trial 46 finished with value: 24.468507766723633 and parameters: {'pretrain_epochs': 0, 'lr': 0.00031148414780247724, 'mc_samples_train': 1, 'prior_scale': 0.04224380282874942, 'q_scale': 0.00035137193151403334, 'batch_size': 32}. Best is trial 14 with value: -17.099153518676758.
Trainer already configured with model summary callbacks: [<class 'lightning.pytorch.callbacks.rich_model_summary.RichModelSummary'>]. Skipping setting a default `ModelSummary` callback.
GPU available: False, used: False
TPU available: False, using: 0 TPU cores
IPU available: False, using: 0 IPUs
HPU available: False, using: 0 HPUs
`Trainer.fit` stopped: `max_epochs=20` reached.
[I 2025-02-24 17:02:18,554] Trial 47 finished with value: 10.549215316772461 and parameters: {'pretrain_epochs': 0, 'lr': 0.0009781738011541141, 'mc_samples_train': 2, 'prior_scale': 0.017550439370320955, 'q_scale': 0.0001619891078163313, 'batch_size': 64}. Best is trial 14 with value: -17.099153518676758.
Trainer already configured with model summary callbacks: [<class 'lightning.pytorch.callbacks.rich_model_summary.RichModelSummary'>]. Skipping setting a default `ModelSummary` callback.
GPU available: False, used: False
TPU available: False, using: 0 TPU cores
IPU available: False, using: 0 IPUs
HPU available: False, using: 0 HPUs
`Trainer.fit` stopped: `max_epochs=20` reached.
[I 2025-02-24 17:02:42,505] Trial 48 finished with value: 615.1995239257812 and parameters: {'pretrain_epochs': 0, 'lr': 5.1808411700953774e-05, 'mc_samples_train': 2, 'prior_scale': 0.008876003580946194, 'q_scale': 0.00016973428070037386, 'batch_size': 512}. Best is trial 14 with value: -17.099153518676758.
Trainer already configured with model summary callbacks: [<class 'lightning.pytorch.callbacks.rich_model_summary.RichModelSummary'>]. Skipping setting a default `ModelSummary` callback.
GPU available: False, used: False
TPU available: False, using: 0 TPU cores
IPU available: False, using: 0 IPUs
HPU available: False, using: 0 HPUs
`Trainer.fit` stopped: `max_epochs=20` reached.
[I 2025-02-24 17:03:29,750] Trial 49 finished with value: 26.7569580078125 and parameters: {'pretrain_epochs': 0, 'lr': 0.0007873965500460281, 'mc_samples_train': 2, 'prior_scale': 0.0182224486616023, 'q_scale': 0.00015635062812306252, 'batch_size': 64}. Best is trial 14 with value: -17.099153518676758.
Trainer already configured with model summary callbacks: [<class 'lightning.pytorch.callbacks.rich_model_summary.RichModelSummary'>]. Skipping setting a default `ModelSummary` callback.
GPU available: False, used: False
TPU available: False, using: 0 TPU cores
IPU available: False, using: 0 IPUs
HPU available: False, using: 0 HPUs
`Trainer.fit` stopped: `max_epochs=20` reached.
[I 2025-02-24 17:04:00,192] Trial 50 finished with value: 531.9270629882812 and parameters: {'pretrain_epochs': 0, 'lr': 0.0004226936666484588, 'mc_samples_train': 2, 'prior_scale': 0.012151975919083978, 'q_scale': 0.013144470438999153, 'batch_size': 128}. Best is trial 14 with value: -17.099153518676758.
Trainer already configured with model summary callbacks: [<class 'lightning.pytorch.callbacks.rich_model_summary.RichModelSummary'>]. Skipping setting a default `ModelSummary` callback.
GPU available: False, used: False
TPU available: False, using: 0 TPU cores
IPU available: False, using: 0 IPUs
HPU available: False, using: 0 HPUs
`Trainer.fit` stopped: `max_epochs=20` reached.
[I 2025-02-24 17:04:16,039] Trial 13 finished with value: -22.65195655822754 and parameters: {'pretrain_epochs': 0, 'lr': 0.00015991366116446953, 'mc_samples_train': 2, 'prior_scale': 0.023551654708581973, 'q_scale': 0.00010194432109815798, 'batch_size': 64}. Best is trial 12 with value: -25.499208450317383.
Trainer already configured with model summary callbacks: [<class 'lightning.pytorch.callbacks.rich_model_summary.RichModelSummary'>]. Skipping setting a default `ModelSummary` callback.
GPU available: False, used: False
TPU available: False, using: 0 TPU cores
IPU available: False, using: 0 IPUs
HPU available: False, using: 0 HPUs
`Trainer.fit` stopped: `max_epochs=20` reached.
[I 2025-02-24 17:04:42,985] Trial 51 finished with value: -1.0057238340377808 and parameters: {'pretrain_epochs': 0, 'lr': 0.0009482434335817354, 'mc_samples_train': 2, 'prior_scale': 0.03133377678532152, 'q_scale': 0.0006824097246447805, 'batch_size': 64}. Best is trial 14 with value: -17.099153518676758.
Trainer already configured with model summary callbacks: [<class 'lightning.pytorch.callbacks.rich_model_summary.RichModelSummary'>]. Skipping setting a default `ModelSummary` callback.
GPU available: False, used: False
TPU available: False, using: 0 TPU cores
IPU available: False, using: 0 IPUs
HPU available: False, using: 0 HPUs
`Trainer.fit` stopped: `max_epochs=20` reached.
[I 2025-02-24 17:05:26,629] Trial 52 finished with value: 27.70128631591797 and parameters: {'pretrain_epochs': 0, 'lr': 0.0008608671748388018, 'mc_samples_train': 2, 'prior_scale': 0.0278647376009903, 'q_scale': 0.000347369178303397, 'batch_size': 64}. Best is trial 14 with value: -17.099153518676758.
Trainer already configured with model summary callbacks: [<class 'lightning.pytorch.callbacks.rich_model_summary.RichModelSummary'>]. Skipping setting a default `ModelSummary` callback.
GPU available: False, used: False
TPU available: False, using: 0 TPU cores
IPU available: False, using: 0 IPUs
HPU available: False, using: 0 HPUs
`Trainer.fit` stopped: `max_epochs=20` reached.
[I 2025-02-24 17:06:09,678] Trial 53 finished with value: 65.89126586914062 and parameters: {'pretrain_epochs': 0, 'lr': 0.0006775415450880807, 'mc_samples_train': 2, 'prior_scale': 0.018777319860926664, 'q_scale': 0.0007315498418777774, 'batch_size': 64}. Best is trial 14 with value: -17.099153518676758.
Trainer already configured with model summary callbacks: [<class 'lightning.pytorch.callbacks.rich_model_summary.RichModelSummary'>]. Skipping setting a default `ModelSummary` callback.
GPU available: False, used: False
TPU available: False, using: 0 TPU cores
IPU available: False, using: 0 IPUs
HPU available: False, using: 0 HPUs
`Trainer.fit` stopped: `max_epochs=20` reached.
[I 2025-02-24 17:07:04,857] Trial 14 finished with value: 2.8395133018493652 and parameters: {'pretrain_epochs': 0, 'lr': 0.00013257409719258245, 'mc_samples_train': 2, 'prior_scale': 0.03461234960695386, 'q_scale': 0.00042354345526637144, 'batch_size': 64}. Best is trial 12 with value: -25.499208450317383.
Trainer already configured with model summary callbacks: [<class 'lightning.pytorch.callbacks.rich_model_summary.RichModelSummary'>]. Skipping setting a default `ModelSummary` callback.
GPU available: False, used: False
TPU available: False, using: 0 TPU cores
IPU available: False, using: 0 IPUs
HPU available: False, using: 0 HPUs
`Trainer.fit` stopped: `max_epochs=20` reached.
[I 2025-02-24 17:07:19,469] Trial 54 finished with value: 26.975126266479492 and parameters: {'pretrain_epochs': 0, 'lr': 0.0005270049230390942, 'mc_samples_train': 2, 'prior_scale': 0.013484640148584826, 'q_scale': 0.0012983649112572094, 'batch_size': 32}. Best is trial 14 with value: -17.099153518676758.
Trainer already configured with model summary callbacks: [<class 'lightning.pytorch.callbacks.rich_model_summary.RichModelSummary'>]. Skipping setting a default `ModelSummary` callback.
GPU available: False, used: False
TPU available: False, using: 0 TPU cores
IPU available: False, using: 0 IPUs
HPU available: False, using: 0 HPUs
`Trainer.fit` stopped: `max_epochs=20` reached.
[I 2025-02-24 17:08:08,362] Trial 55 finished with value: 275.7880554199219 and parameters: {'pretrain_epochs': 0, 'lr': 0.0009806708740653322, 'mc_samples_train': 2, 'prior_scale': 0.0036913256485267935, 'q_scale': 0.00012527526668498944, 'batch_size': 64}. Best is trial 14 with value: -17.099153518676758.
Trainer already configured with model summary callbacks: [<class 'lightning.pytorch.callbacks.rich_model_summary.RichModelSummary'>]. Skipping setting a default `ModelSummary` callback.
GPU available: False, used: False
TPU available: False, using: 0 TPU cores
IPU available: False, using: 0 IPUs
HPU available: False, using: 0 HPUs
`Trainer.fit` stopped: `max_epochs=20` reached.
[I 2025-02-24 17:08:51,156] Trial 56 finished with value: 29.229246139526367 and parameters: {'pretrain_epochs': 0, 'lr': 0.0006706160260172728, 'mc_samples_train': 2, 'prior_scale': 0.046273074623980094, 'q_scale': 0.00185892206781537, 'batch_size': 64}. Best is trial 14 with value: -17.099153518676758.
Trainer already configured with model summary callbacks: [<class 'lightning.pytorch.callbacks.rich_model_summary.RichModelSummary'>]. Skipping setting a default `ModelSummary` callback.
GPU available: False, used: False
TPU available: False, using: 0 TPU cores
IPU available: False, using: 0 IPUs
HPU available: False, using: 0 HPUs
`Trainer.fit` stopped: `max_epochs=20` reached.
[I 2025-02-24 17:09:20,360] Trial 57 finished with value: 1283.20556640625 and parameters: {'pretrain_epochs': 0, 'lr': 0.0005531698886003352, 'mc_samples_train': 1, 'prior_scale': 0.0014112612497003464, 'q_scale': 0.05320235517324705, 'batch_size': 64}. Best is trial 14 with value: -17.099153518676758.
Trainer already configured with model summary callbacks: [<class 'lightning.pytorch.callbacks.rich_model_summary.RichModelSummary'>]. Skipping setting a default `ModelSummary` callback.
GPU available: False, used: False
TPU available: False, using: 0 TPU cores
IPU available: False, using: 0 IPUs
HPU available: False, using: 0 HPUs
`Trainer.fit` stopped: `max_epochs=20` reached.
[I 2025-02-24 17:09:56,415] Trial 15 finished with value: -25.389015197753906 and parameters: {'pretrain_epochs': 0, 'lr': 0.00015189044974620586, 'mc_samples_train': 2, 'prior_scale': 0.03417847592213208, 'q_scale': 0.0005113084326933055, 'batch_size': 64}. Best is trial 12 with value: -25.499208450317383.
`Trainer.fit` stopped: `max_epochs=20` reached.
[I 2025-02-24 17:10:04,003] Trial 58 finished with value: 9.692578315734863 and parameters: {'pretrain_epochs': 0, 'lr': 0.0008517250477451783, 'mc_samples_train': 2, 'prior_scale': 0.06494034100378222, 'q_scale': 0.00031733990387606767, 'batch_size': 64}. Best is trial 14 with value: -17.099153518676758.
Trainer already configured with model summary callbacks: [<class 'lightning.pytorch.callbacks.rich_model_summary.RichModelSummary'>]. Skipping setting a default `ModelSummary` callback.
GPU available: False, used: False
TPU available: False, using: 0 TPU cores
IPU available: False, using: 0 IPUs
HPU available: False, using: 0 HPUs
Trainer already configured with model summary callbacks: [<class 'lightning.pytorch.callbacks.rich_model_summary.RichModelSummary'>]. Skipping setting a default `ModelSummary` callback.
GPU available: False, used: False
TPU available: False, using: 0 TPU cores
IPU available: False, using: 0 IPUs
HPU available: False, using: 0 HPUs
`Trainer.fit` stopped: `max_epochs=20` reached.
[I 2025-02-24 17:10:46,926] Trial 59 finished with value: 67.514404296875 and parameters: {'pretrain_epochs': 0, 'lr': 0.0008128662342401826, 'mc_samples_train': 2, 'prior_scale': 0.07201780620192742, 'q_scale': 0.0004043860747595835, 'batch_size': 64}. Best is trial 14 with value: -17.099153518676758.
`Trainer.fit` stopped: `max_epochs=20` reached.
[I 2025-02-24 17:12:53,407] Trial 16 finished with value: -70.40016174316406 and parameters: {'pretrain_epochs': 0, 'lr': 0.0007375947662957758, 'mc_samples_train': 2, 'prior_scale': 0.04682731583684367, 'q_scale': 0.0006635200583129311, 'batch_size': 64}. Best is trial 16 with value: -70.40016174316406.
Trainer already configured with model summary callbacks: [<class 'lightning.pytorch.callbacks.rich_model_summary.RichModelSummary'>]. Skipping setting a default `ModelSummary` callback.
GPU available: False, used: False
TPU available: False, using: 0 TPU cores
IPU available: False, using: 0 IPUs
HPU available: False, using: 0 HPUs
`Trainer.fit` stopped: `max_epochs=20` reached.
[I 2025-02-24 17:14:14,122] Trial 17 finished with value: 39.15298080444336 and parameters: {'pretrain_epochs': 0, 'lr': 0.0008857057187524028, 'mc_samples_train': 2, 'prior_scale': 0.005572134247816106, 'q_scale': 0.0015837714312822743, 'batch_size': 256}. Best is trial 16 with value: -70.40016174316406.
Trainer already configured with model summary callbacks: [<class 'lightning.pytorch.callbacks.rich_model_summary.RichModelSummary'>]. Skipping setting a default `ModelSummary` callback.
GPU available: False, used: False
TPU available: False, using: 0 TPU cores
IPU available: False, using: 0 IPUs
HPU available: False, using: 0 HPUs
`Trainer.fit` stopped: `max_epochs=20` reached.
[I 2025-02-24 17:15:20,211] Trial 18 finished with value: 1158.382080078125 and parameters: {'pretrain_epochs': 0, 'lr': 0.0009158499664787932, 'mc_samples_train': 2, 'prior_scale': 0.31873226199384586, 'q_scale': 0.00026981562100785334, 'batch_size': 512}. Best is trial 16 with value: -70.40016174316406.
Trainer already configured with model summary callbacks: [<class 'lightning.pytorch.callbacks.rich_model_summary.RichModelSummary'>]. Skipping setting a default `ModelSummary` callback.
GPU available: False, used: False
TPU available: False, using: 0 TPU cores
IPU available: False, using: 0 IPUs
HPU available: False, using: 0 HPUs
`Trainer.fit` stopped: `max_epochs=20` reached.
[I 2025-02-24 17:20:27,454] Trial 19 finished with value: 0.4251750111579895 and parameters: {'pretrain_epochs': 0, 'lr': 0.0004974897803992315, 'mc_samples_train': 2, 'prior_scale': 0.007133078560557303, 'q_scale': 0.0012151921954315257, 'batch_size': 32}. Best is trial 16 with value: -70.40016174316406.
Trainer already configured with model summary callbacks: [<class 'lightning.pytorch.callbacks.rich_model_summary.RichModelSummary'>]. Skipping setting a default `ModelSummary` callback.
GPU available: False, used: False
TPU available: False, using: 0 TPU cores
IPU available: False, using: 0 IPUs
HPU available: False, using: 0 HPUs
`Trainer.fit` stopped: `max_epochs=20` reached.
[I 2025-02-24 17:23:12,903] Trial 20 finished with value: -69.3380355834961 and parameters: {'pretrain_epochs': 0, 'lr': 0.0004972303740230067, 'mc_samples_train': 2, 'prior_scale': 0.05683649955159428, 'q_scale': 0.0002493671225705809, 'batch_size': 64}. Best is trial 16 with value: -70.40016174316406.
Trainer already configured with model summary callbacks: [<class 'lightning.pytorch.callbacks.rich_model_summary.RichModelSummary'>]. Skipping setting a default `ModelSummary` callback.
GPU available: False, used: False
TPU available: False, using: 0 TPU cores
IPU available: False, using: 0 IPUs
HPU available: False, using: 0 HPUs
`Trainer.fit` stopped: `max_epochs=20` reached.
[I 2025-02-24 17:25:58,168] Trial 21 finished with value: -64.57762145996094 and parameters: {'pretrain_epochs': 0, 'lr': 0.0004830116927473398, 'mc_samples_train': 2, 'prior_scale': 0.06006153051586785, 'q_scale': 0.000261586980086613, 'batch_size': 64}. Best is trial 16 with value: -70.40016174316406.
Trainer already configured with model summary callbacks: [<class 'lightning.pytorch.callbacks.rich_model_summary.RichModelSummary'>]. Skipping setting a default `ModelSummary` callback.
GPU available: False, used: False
TPU available: False, using: 0 TPU cores
IPU available: False, using: 0 IPUs
HPU available: False, using: 0 HPUs
`Trainer.fit` stopped: `max_epochs=20` reached.
[I 2025-02-24 17:28:43,668] Trial 22 finished with value: -67.1697006225586 and parameters: {'pretrain_epochs': 0, 'lr': 0.0005377740280800115, 'mc_samples_train': 2, 'prior_scale': 0.05105843166597698, 'q_scale': 0.00029912684398653944, 'batch_size': 64}. Best is trial 16 with value: -70.40016174316406.
Trainer already configured with model summary callbacks: [<class 'lightning.pytorch.callbacks.rich_model_summary.RichModelSummary'>]. Skipping setting a default `ModelSummary` callback.
GPU available: False, used: False
TPU available: False, using: 0 TPU cores
IPU available: False, using: 0 IPUs
HPU available: False, using: 0 HPUs
`Trainer.fit` stopped: `max_epochs=20` reached.
[I 2025-02-24 17:31:41,713] Trial 23 finished with value: -16.166908264160156 and parameters: {'pretrain_epochs': 0, 'lr': 0.0006762758852258772, 'mc_samples_train': 2, 'prior_scale': 0.046934091497090095, 'q_scale': 0.002533974916926274, 'batch_size': 64}. Best is trial 16 with value: -70.40016174316406.
Trainer already configured with model summary callbacks: [<class 'lightning.pytorch.callbacks.rich_model_summary.RichModelSummary'>]. Skipping setting a default `ModelSummary` callback.
GPU available: False, used: False
TPU available: False, using: 0 TPU cores
IPU available: False, using: 0 IPUs
HPU available: False, using: 0 HPUs
`Trainer.fit` stopped: `max_epochs=20` reached.
