[I 2025-02-25 11:47:59,468] Trial 59 finished with value: 424.7647399902344 and parameters: {'pretrain_epochs': 0, 'lr': 0.0002434295028300879, 'mc_samples_train': 1, 'prior_scale': 0.0016984720600350866, 'q_scale': 0.00046886314266276623, 'batch_size': 128}. Best is trial 33 with value: -131.10394287109375.
Trainer already configured with model summary callbacks: [<class 'lightning.pytorch.callbacks.rich_model_summary.RichModelSummary'>]. Skipping setting a default `ModelSummary` callback.
GPU available: False, used: False
TPU available: False, using: 0 TPU cores
IPU available: False, using: 0 IPUs
HPU available: False, using: 0 HPUs
`Trainer.fit` stopped: `max_epochs=20` reached.
[I 2025-02-25 11:49:10,871] Trial 60 finished with value: -52.982913970947266 and parameters: {'pretrain_epochs': 0, 'lr': 0.0005050920866805903, 'mc_samples_train': 1, 'prior_scale': 0.984136249859589, 'q_scale': 0.00020012711097405623, 'batch_size': 128}. Best is trial 33 with value: -131.10394287109375.
Trainer already configured with model summary callbacks: [<class 'lightning.pytorch.callbacks.rich_model_summary.RichModelSummary'>]. Skipping setting a default `ModelSummary` callback.
GPU available: False, used: False
TPU available: False, using: 0 TPU cores
IPU available: False, using: 0 IPUs
HPU available: False, using: 0 HPUs
`Trainer.fit` stopped: `max_epochs=20` reached.
[I 2025-02-25 11:50:22,465] Trial 61 finished with value: -130.5907745361328 and parameters: {'pretrain_epochs': 0, 'lr': 0.00042064242427777116, 'mc_samples_train': 1, 'prior_scale': 0.42429041542371104, 'q_scale': 0.00037544282581996913, 'batch_size': 128}. Best is trial 33 with value: -131.10394287109375.
Trainer already configured with model summary callbacks: [<class 'lightning.pytorch.callbacks.rich_model_summary.RichModelSummary'>]. Skipping setting a default `ModelSummary` callback.
GPU available: False, used: False
TPU available: False, using: 0 TPU cores
IPU available: False, using: 0 IPUs
HPU available: False, using: 0 HPUs
`Trainer.fit` stopped: `max_epochs=20` reached.
[I 2025-02-25 11:51:33,612] Trial 62 finished with value: -117.85160827636719 and parameters: {'pretrain_epochs': 0, 'lr': 0.0008525853226589846, 'mc_samples_train': 1, 'prior_scale': 0.4200343655508948, 'q_scale': 0.0003258338691878481, 'batch_size': 128}. Best is trial 33 with value: -131.10394287109375.
Trainer already configured with model summary callbacks: [<class 'lightning.pytorch.callbacks.rich_model_summary.RichModelSummary'>]. Skipping setting a default `ModelSummary` callback.
GPU available: False, used: False
TPU available: False, using: 0 TPU cores
IPU available: False, using: 0 IPUs
HPU available: False, using: 0 HPUs
`Trainer.fit` stopped: `max_epochs=20` reached.
[I 2025-02-25 11:52:48,342] Trial 63 finished with value: -108.2556381225586 and parameters: {'pretrain_epochs': 0, 'lr': 0.000828305174633999, 'mc_samples_train': 1, 'prior_scale': 0.45731897792546594, 'q_scale': 0.00031329968600381523, 'batch_size': 128}. Best is trial 33 with value: -131.10394287109375.
Trainer already configured with model summary callbacks: [<class 'lightning.pytorch.callbacks.rich_model_summary.RichModelSummary'>]. Skipping setting a default `ModelSummary` callback.
GPU available: False, used: False
TPU available: False, using: 0 TPU cores
IPU available: False, using: 0 IPUs
HPU available: False, using: 0 HPUs
`Trainer.fit` stopped: `max_epochs=20` reached.
[I 2025-02-25 11:54:00,029] Trial 64 finished with value: -118.6007080078125 and parameters: {'pretrain_epochs': 0, 'lr': 0.000828338962983645, 'mc_samples_train': 1, 'prior_scale': 0.43539777599704316, 'q_scale': 0.00032126721922987056, 'batch_size': 128}. Best is trial 33 with value: -131.10394287109375.
Trainer already configured with model summary callbacks: [<class 'lightning.pytorch.callbacks.rich_model_summary.RichModelSummary'>]. Skipping setting a default `ModelSummary` callback.
GPU available: False, used: False
TPU available: False, using: 0 TPU cores
IPU available: False, using: 0 IPUs
HPU available: False, using: 0 HPUs
`Trainer.fit` stopped: `max_epochs=20` reached.
[I 2025-02-25 11:55:11,870] Trial 65 finished with value: -57.10843276977539 and parameters: {'pretrain_epochs': 0, 'lr': 0.0008625586872377582, 'mc_samples_train': 1, 'prior_scale': 0.45592830440283033, 'q_scale': 0.00035545170788409033, 'batch_size': 128}. Best is trial 33 with value: -131.10394287109375.
Trainer already configured with model summary callbacks: [<class 'lightning.pytorch.callbacks.rich_model_summary.RichModelSummary'>]. Skipping setting a default `ModelSummary` callback.
GPU available: False, used: False
TPU available: False, using: 0 TPU cores
IPU available: False, using: 0 IPUs
HPU available: False, using: 0 HPUs
`Trainer.fit` stopped: `max_epochs=20` reached.
[I 2025-02-25 11:56:22,997] Trial 66 finished with value: -138.611083984375 and parameters: {'pretrain_epochs': 0, 'lr': 0.0006112237319911698, 'mc_samples_train': 1, 'prior_scale': 0.5891810938269604, 'q_scale': 0.00014517811596752146, 'batch_size': 128}. Best is trial 66 with value: -138.611083984375.
Trainer already configured with model summary callbacks: [<class 'lightning.pytorch.callbacks.rich_model_summary.RichModelSummary'>]. Skipping setting a default `ModelSummary` callback.
GPU available: False, used: False
TPU available: False, using: 0 TPU cores
IPU available: False, using: 0 IPUs
HPU available: False, using: 0 HPUs
`Trainer.fit` stopped: `max_epochs=20` reached.
[I 2025-02-25 11:57:33,794] Trial 67 finished with value: -109.89810180664062 and parameters: {'pretrain_epochs': 0, 'lr': 0.0005285911799052368, 'mc_samples_train': 1, 'prior_scale': 0.8308280396805242, 'q_scale': 0.00012652152149947418, 'batch_size': 128}. Best is trial 66 with value: -138.611083984375.
Trainer already configured with model summary callbacks: [<class 'lightning.pytorch.callbacks.rich_model_summary.RichModelSummary'>]. Skipping setting a default `ModelSummary` callback.
GPU available: False, used: False
TPU available: False, using: 0 TPU cores
IPU available: False, using: 0 IPUs
HPU available: False, using: 0 HPUs
`Trainer.fit` stopped: `max_epochs=20` reached.
[I 2025-02-25 11:58:43,924] Trial 68 finished with value: -23.913963317871094 and parameters: {'pretrain_epochs': 0, 'lr': 0.00033063076252161144, 'mc_samples_train': 1, 'prior_scale': 0.5934945618870623, 'q_scale': 0.00024897639277775036, 'batch_size': 128}. Best is trial 66 with value: -138.611083984375.
Trainer already configured with model summary callbacks: [<class 'lightning.pytorch.callbacks.rich_model_summary.RichModelSummary'>]. Skipping setting a default `ModelSummary` callback.
GPU available: False, used: False
TPU available: False, using: 0 TPU cores
IPU available: False, using: 0 IPUs
HPU available: False, using: 0 HPUs
[I 2025-02-25 12:01:02,470] Trial 69 pruned. Trial was pruned at epoch 13.
Trainer already configured with model summary callbacks: [<class 'lightning.pytorch.callbacks.rich_model_summary.RichModelSummary'>]. Skipping setting a default `ModelSummary` callback.
GPU available: False, used: False
TPU available: False, using: 0 TPU cores
IPU available: False, using: 0 IPUs
HPU available: False, using: 0 HPUs
`Trainer.fit` stopped: `max_epochs=20` reached.
[I 2025-02-25 12:02:13,650] Trial 70 finished with value: -107.9463882446289 and parameters: {'pretrain_epochs': 0, 'lr': 0.0006252172607954191, 'mc_samples_train': 1, 'prior_scale': 0.7174751637194189, 'q_scale': 0.00025743181244390395, 'batch_size': 128}. Best is trial 66 with value: -138.611083984375.
Trainer already configured with model summary callbacks: [<class 'lightning.pytorch.callbacks.rich_model_summary.RichModelSummary'>]. Skipping setting a default `ModelSummary` callback.
GPU available: False, used: False
TPU available: False, using: 0 TPU cores
IPU available: False, using: 0 IPUs
HPU available: False, using: 0 HPUs
`Trainer.fit` stopped: `max_epochs=20` reached.
[I 2025-02-25 12:03:23,877] Trial 71 finished with value: -123.30046844482422 and parameters: {'pretrain_epochs': 0, 'lr': 0.00048526859158756557, 'mc_samples_train': 1, 'prior_scale': 0.4150833904182122, 'q_scale': 0.00016589719111487726, 'batch_size': 128}. Best is trial 66 with value: -138.611083984375.
Trainer already configured with model summary callbacks: [<class 'lightning.pytorch.callbacks.rich_model_summary.RichModelSummary'>]. Skipping setting a default `ModelSummary` callback.
GPU available: False, used: False
TPU available: False, using: 0 TPU cores
IPU available: False, using: 0 IPUs
HPU available: False, using: 0 HPUs
`Trainer.fit` stopped: `max_epochs=20` reached.
[I 2025-02-25 12:04:41,836] Trial 72 finished with value: -62.784969329833984 and parameters: {'pretrain_epochs': 0, 'lr': 0.0008876081127301351, 'mc_samples_train': 1, 'prior_scale': 0.5875697158757496, 'q_scale': 0.00015194341295380036, 'batch_size': 128}. Best is trial 66 with value: -138.611083984375.
Trainer already configured with model summary callbacks: [<class 'lightning.pytorch.callbacks.rich_model_summary.RichModelSummary'>]. Skipping setting a default `ModelSummary` callback.
GPU available: False, used: False
TPU available: False, using: 0 TPU cores
IPU available: False, using: 0 IPUs
HPU available: False, using: 0 HPUs
`Trainer.fit` stopped: `max_epochs=20` reached.
[I 2025-02-25 12:05:56,286] Trial 73 finished with value: -137.80018615722656 and parameters: {'pretrain_epochs': 0, 'lr': 0.00047270214510780357, 'mc_samples_train': 1, 'prior_scale': 0.4711664976135989, 'q_scale': 0.00011114607227305491, 'batch_size': 128}. Best is trial 66 with value: -138.611083984375.
Trainer already configured with model summary callbacks: [<class 'lightning.pytorch.callbacks.rich_model_summary.RichModelSummary'>]. Skipping setting a default `ModelSummary` callback.
GPU available: False, used: False
TPU available: False, using: 0 TPU cores
IPU available: False, using: 0 IPUs
HPU available: False, using: 0 HPUs
`Trainer.fit` stopped: `max_epochs=20` reached.
[I 2025-02-25 12:07:09,664] Trial 74 finished with value: -135.33245849609375 and parameters: {'pretrain_epochs': 0, 'lr': 0.0005331312938533932, 'mc_samples_train': 1, 'prior_scale': 0.4122540069620023, 'q_scale': 0.00010829144241898896, 'batch_size': 128}. Best is trial 66 with value: -138.611083984375.
Trainer already configured with model summary callbacks: [<class 'lightning.pytorch.callbacks.rich_model_summary.RichModelSummary'>]. Skipping setting a default `ModelSummary` callback.
GPU available: False, used: False
TPU available: False, using: 0 TPU cores
IPU available: False, using: 0 IPUs
HPU available: False, using: 0 HPUs
`Trainer.fit` stopped: `max_epochs=20` reached.
[I 2025-02-25 12:08:21,899] Trial 75 finished with value: -67.17789459228516 and parameters: {'pretrain_epochs': 0, 'lr': 0.0004995304774666142, 'mc_samples_train': 1, 'prior_scale': 0.795689869081228, 'q_scale': 0.00010445721253381038, 'batch_size': 128}. Best is trial 66 with value: -138.611083984375.
Trainer already configured with model summary callbacks: [<class 'lightning.pytorch.callbacks.rich_model_summary.RichModelSummary'>]. Skipping setting a default `ModelSummary` callback.
GPU available: False, used: False
TPU available: False, using: 0 TPU cores
IPU available: False, using: 0 IPUs
HPU available: False, using: 0 HPUs
`Trainer.fit` stopped: `max_epochs=20` reached.
[I 2025-02-25 12:09:33,859] Trial 76 finished with value: 1.9482463598251343 and parameters: {'pretrain_epochs': 0, 'lr': 0.0003823370559303089, 'mc_samples_train': 1, 'prior_scale': 0.5117485322314641, 'q_scale': 0.00013018434246189276, 'batch_size': 128}. Best is trial 66 with value: -138.611083984375.
Trainer already configured with model summary callbacks: [<class 'lightning.pytorch.callbacks.rich_model_summary.RichModelSummary'>]. Skipping setting a default `ModelSummary` callback.
GPU available: False, used: False
TPU available: False, using: 0 TPU cores
IPU available: False, using: 0 IPUs
HPU available: False, using: 0 HPUs
`Trainer.fit` stopped: `max_epochs=20` reached.
[I 2025-02-25 12:10:21,169] Trial 77 finished with value: 2077.041015625 and parameters: {'pretrain_epochs': 0, 'lr': 0.0006863653041571739, 'mc_samples_train': 1, 'prior_scale': 0.022210741007635718, 'q_scale': 0.00019379397773894462, 'batch_size': 512}. Best is trial 66 with value: -138.611083984375.
Trainer already configured with model summary callbacks: [<class 'lightning.pytorch.callbacks.rich_model_summary.RichModelSummary'>]. Skipping setting a default `ModelSummary` callback.
GPU available: False, used: False
TPU available: False, using: 0 TPU cores
IPU available: False, using: 0 IPUs
HPU available: False, using: 0 HPUs
`Trainer.fit` stopped: `max_epochs=20` reached.
[I 2025-02-25 12:11:37,505] Trial 78 finished with value: -13.522200584411621 and parameters: {'pretrain_epochs': 0, 'lr': 0.00027871747058348857, 'mc_samples_train': 1, 'prior_scale': 0.1470954668574702, 'q_scale': 0.00010248725737167054, 'batch_size': 128}. Best is trial 66 with value: -138.611083984375.
Trainer already configured with model summary callbacks: [<class 'lightning.pytorch.callbacks.rich_model_summary.RichModelSummary'>]. Skipping setting a default `ModelSummary` callback.
GPU available: False, used: False
TPU available: False, using: 0 TPU cores
IPU available: False, using: 0 IPUs
HPU available: False, using: 0 HPUs
`Trainer.fit` stopped: `max_epochs=20` reached.
[I 2025-02-25 12:15:00,340] Trial 79 finished with value: -34.20661544799805 and parameters: {'pretrain_epochs': 0, 'lr': 0.000558208560445388, 'mc_samples_train': 1, 'prior_scale': 0.3604405748832786, 'q_scale': 0.00015778961819060464, 'batch_size': 32}. Best is trial 66 with value: -138.611083984375.
Trainer already configured with model summary callbacks: [<class 'lightning.pytorch.callbacks.rich_model_summary.RichModelSummary'>]. Skipping setting a default `ModelSummary` callback.
GPU available: False, used: False
TPU available: False, using: 0 TPU cores
IPU available: False, using: 0 IPUs
HPU available: False, using: 0 HPUs
`Trainer.fit` stopped: `max_epochs=20` reached.
[I 2025-02-25 12:16:16,935] Trial 80 finished with value: 467.1066589355469 and parameters: {'pretrain_epochs': 0, 'lr': 6.262319774636383e-05, 'mc_samples_train': 1, 'prior_scale': 0.22269041155597363, 'q_scale': 0.0001369324697416132, 'batch_size': 128}. Best is trial 66 with value: -138.611083984375.
Trainer already configured with model summary callbacks: [<class 'lightning.pytorch.callbacks.rich_model_summary.RichModelSummary'>]. Skipping setting a default `ModelSummary` callback.
GPU available: False, used: False
TPU available: False, using: 0 TPU cores
IPU available: False, using: 0 IPUs
HPU available: False, using: 0 HPUs
[I 2025-02-25 12:16:42,297] Trial 81 pruned. Trial was pruned at epoch 4.
Trainer already configured with model summary callbacks: [<class 'lightning.pytorch.callbacks.rich_model_summary.RichModelSummary'>]. Skipping setting a default `ModelSummary` callback.
GPU available: False, used: False
TPU available: False, using: 0 TPU cores
IPU available: False, using: 0 IPUs
HPU available: False, using: 0 HPUs
`Trainer.fit` stopped: `max_epochs=20` reached.
[I 2025-02-25 12:18:01,675] Trial 82 finished with value: -111.8588638305664 and parameters: {'pretrain_epochs': 0, 'lr': 0.0003829778896247256, 'mc_samples_train': 1, 'prior_scale': 0.6332190546279312, 'q_scale': 0.0002343444113726463, 'batch_size': 128}. Best is trial 66 with value: -138.611083984375.
Trainer already configured with model summary callbacks: [<class 'lightning.pytorch.callbacks.rich_model_summary.RichModelSummary'>]. Skipping setting a default `ModelSummary` callback.
GPU available: False, used: False
TPU available: False, using: 0 TPU cores
IPU available: False, using: 0 IPUs
HPU available: False, using: 0 HPUs
`Trainer.fit` stopped: `max_epochs=20` reached.
[I 2025-02-25 12:19:17,693] Trial 83 finished with value: -22.351415634155273 and parameters: {'pretrain_epochs': 0, 'lr': 0.0006608128069247574, 'mc_samples_train': 1, 'prior_scale': 0.38949436381657987, 'q_scale': 0.000299012503184217, 'batch_size': 128}. Best is trial 66 with value: -138.611083984375.
Trainer already configured with model summary callbacks: [<class 'lightning.pytorch.callbacks.rich_model_summary.RichModelSummary'>]. Skipping setting a default `ModelSummary` callback.
GPU available: False, used: False
TPU available: False, using: 0 TPU cores
IPU available: False, using: 0 IPUs
HPU available: False, using: 0 HPUs
`Trainer.fit` stopped: `max_epochs=20` reached.
[I 2025-02-25 12:20:32,902] Trial 84 finished with value: -173.69837951660156 and parameters: {'pretrain_epochs': 0, 'lr': 0.0007645073006572579, 'mc_samples_train': 1, 'prior_scale': 0.49248348564067973, 'q_scale': 0.0005629564538373742, 'batch_size': 128}. Best is trial 84 with value: -173.69837951660156.
Trainer already configured with model summary callbacks: [<class 'lightning.pytorch.callbacks.rich_model_summary.RichModelSummary'>]. Skipping setting a default `ModelSummary` callback.
GPU available: False, used: False
TPU available: False, using: 0 TPU cores
IPU available: False, using: 0 IPUs
HPU available: False, using: 0 HPUs
`Trainer.fit` stopped: `max_epochs=20` reached.
[I 2025-02-25 12:21:48,849] Trial 85 finished with value: -87.28888702392578 and parameters: {'pretrain_epochs': 0, 'lr': 0.0005456430183642379, 'mc_samples_train': 1, 'prior_scale': 0.501881809856386, 'q_scale': 0.0008635667470808006, 'batch_size': 128}. Best is trial 84 with value: -173.69837951660156.
Trainer already configured with model summary callbacks: [<class 'lightning.pytorch.callbacks.rich_model_summary.RichModelSummary'>]. Skipping setting a default `ModelSummary` callback.
GPU available: False, used: False
TPU available: False, using: 0 TPU cores
IPU available: False, using: 0 IPUs
HPU available: False, using: 0 HPUs
`Trainer.fit` stopped: `max_epochs=20` reached.
[I 2025-02-25 12:23:05,340] Trial 86 finished with value: 32.9547233581543 and parameters: {'pretrain_epochs': 0, 'lr': 0.0007137023787486322, 'mc_samples_train': 1, 'prior_scale': 0.29216851944644845, 'q_scale': 0.000169705334269115, 'batch_size': 128}. Best is trial 84 with value: -173.69837951660156.
/home/g15farris/.conda/envs/bnn/lib/python3.12/site-packages/hydra/_internal/instantiate/_instantiate2.py:92: ExperimentalWarning: PatientPruner is experimental (supported from v2.8.0). The interface can change in the future.
  return _target_(*args, **kwargs)
[I 2025-04-29 16:16:24,844] Using an existing study with name 'fo_20perc' instead of creating a new one.
Trainer already configured with model summary callbacks: [<class 'lightning.pytorch.callbacks.rich_model_summary.RichModelSummary'>]. Skipping setting a default `ModelSummary` callback.
GPU available: False, used: False
TPU available: False, using: 0 TPU cores
IPU available: False, using: 0 IPUs
HPU available: False, using: 0 HPUs
/home/g15farris/.conda/envs/bnn/lib/python3.12/site-packages/lightning/pytorch/core/optimizer.py:181: `LightningModule.configure_optimizers` returned `None`, this fit will run with no optimizer
/home/g15farris/.conda/envs/bnn/lib/python3.12/site-packages/lightning/pytorch/loops/fit_loop.py:298: The number of training batches (10) is smaller than the logging interval Trainer(log_every_n_steps=50). Set a lower value for log_every_n_steps if you want to see logs for the training epoch.
/home/g15farris/.conda/envs/bnn/lib/python3.12/site-packages/lightning/pytorch/loops/optimization/automatic.py:132: `training_step` returned `None`. If this was on purpose, ignore this warning...
`Trainer.fit` stopped: `max_epochs=20` reached.
[I 2025-04-29 16:17:18,255] Trial 60 finished with value: 555.80517578125 and parameters: {'pretrain_epochs': 0, 'lr': 0.000321294138520261, 'mc_samples_train': 2, 'prior_scale': 0.05517709283305456, 'q_scale': 0.0002729593825231425, 'batch_size': 128}. Best is trial 14 with value: -17.099153518676758.
Trainer already configured with model summary callbacks: [<class 'lightning.pytorch.callbacks.rich_model_summary.RichModelSummary'>]. Skipping setting a default `ModelSummary` callback.
GPU available: False, used: False
TPU available: False, using: 0 TPU cores
IPU available: False, using: 0 IPUs
HPU available: False, using: 0 HPUs
/home/g15farris/.conda/envs/bnn/lib/python3.12/site-packages/lightning/pytorch/loops/fit_loop.py:298: The number of training batches (20) is smaller than the logging interval Trainer(log_every_n_steps=50). Set a lower value for log_every_n_steps if you want to see logs for the training epoch.
`Trainer.fit` stopped: `max_epochs=20` reached.
[I 2025-04-29 16:18:03,274] Trial 61 finished with value: 2.236717939376831 and parameters: {'pretrain_epochs': 0, 'lr': 0.0008849390854871424, 'mc_samples_train': 2, 'prior_scale': 0.03694603814763513, 'q_scale': 0.00019440927823755153, 'batch_size': 64}. Best is trial 14 with value: -17.099153518676758.
Trainer already configured with model summary callbacks: [<class 'lightning.pytorch.callbacks.rich_model_summary.RichModelSummary'>]. Skipping setting a default `ModelSummary` callback.
GPU available: False, used: False
TPU available: False, using: 0 TPU cores
IPU available: False, using: 0 IPUs
HPU available: False, using: 0 HPUs
`Trainer.fit` stopped: `max_epochs=20` reached.
