[I 2025-02-24 16:42:13,097] Trial 17 finished with value: 115.30989837646484 and parameters: {'pretrain_epochs': 0, 'lr': 0.0005082091555483537, 'mc_samples_train': 2, 'prior_scale': 0.04022669862928931, 'q_scale': 0.0006411550999815748, 'batch_size': 64}. Best is trial 14 with value: -17.099153518676758.
Trainer already configured with model summary callbacks: [<class 'lightning.pytorch.callbacks.rich_model_summary.RichModelSummary'>]. Skipping setting a default `ModelSummary` callback.
GPU available: False, used: False
TPU available: False, using: 0 TPU cores
IPU available: False, using: 0 IPUs
HPU available: False, using: 0 HPUs
`Trainer.fit` stopped: `max_epochs=20` reached.
[I 2025-02-24 16:43:02,496] Trial 18 finished with value: 271.9787292480469 and parameters: {'pretrain_epochs': 0, 'lr': 0.0001350612004156431, 'mc_samples_train': 2, 'prior_scale': 0.32195184848174246, 'q_scale': 0.00162577924453938, 'batch_size': 64}. Best is trial 14 with value: -17.099153518676758.
Trainer already configured with model summary callbacks: [<class 'lightning.pytorch.callbacks.rich_model_summary.RichModelSummary'>]. Skipping setting a default `ModelSummary` callback.
GPU available: False, used: False
TPU available: False, using: 0 TPU cores
IPU available: False, using: 0 IPUs
HPU available: False, using: 0 HPUs
`Trainer.fit` stopped: `max_epochs=20` reached.
[I 2025-02-24 16:43:50,535] Trial 8 finished with value: 431.72344970703125 and parameters: {'pretrain_epochs': 0, 'lr': 7.478015213333154e-05, 'mc_samples_train': 2, 'prior_scale': 0.07537199486913888, 'q_scale': 0.0666791815288874, 'batch_size': 128}. Best is trial 7 with value: 123.36943054199219.
`Trainer.fit` stopped: `max_epochs=20` reached.
[I 2025-02-24 16:43:56,316] Trial 19 finished with value: 77.8698501586914 and parameters: {'pretrain_epochs': 0, 'lr': 0.0005632197917412741, 'mc_samples_train': 2, 'prior_scale': 0.06188833349524017, 'q_scale': 0.0002942702531995975, 'batch_size': 64}. Best is trial 14 with value: -17.099153518676758.
Trainer already configured with model summary callbacks: [<class 'lightning.pytorch.callbacks.rich_model_summary.RichModelSummary'>]. Skipping setting a default `ModelSummary` callback.
GPU available: False, used: False
TPU available: False, using: 0 TPU cores
IPU available: False, using: 0 IPUs
HPU available: False, using: 0 HPUs
Trainer already configured with model summary callbacks: [<class 'lightning.pytorch.callbacks.rich_model_summary.RichModelSummary'>]. Skipping setting a default `ModelSummary` callback.
GPU available: False, used: False
TPU available: False, using: 0 TPU cores
IPU available: False, using: 0 IPUs
HPU available: False, using: 0 HPUs
`Trainer.fit` stopped: `max_epochs=20` reached.
[I 2025-02-24 16:44:28,441] Trial 20 finished with value: 612.010498046875 and parameters: {'pretrain_epochs': 0, 'lr': 0.0006574375848469725, 'mc_samples_train': 2, 'prior_scale': 0.562522491504443, 'q_scale': 0.005383502861555352, 'batch_size': 512}. Best is trial 14 with value: -17.099153518676758.
Trainer already configured with model summary callbacks: [<class 'lightning.pytorch.callbacks.rich_model_summary.RichModelSummary'>]. Skipping setting a default `ModelSummary` callback.
GPU available: False, used: False
TPU available: False, using: 0 TPU cores
IPU available: False, using: 0 IPUs
HPU available: False, using: 0 HPUs
`Trainer.fit` stopped: `max_epochs=20` reached.
[I 2025-02-24 16:45:13,338] Trial 9 finished with value: 474.0854187011719 and parameters: {'pretrain_epochs': 0, 'lr': 2.01904291186572e-05, 'mc_samples_train': 1, 'prior_scale': 0.714967484470097, 'q_scale': 0.00834519932080496, 'batch_size': 128}. Best is trial 7 with value: 123.36943054199219.
Trainer already configured with model summary callbacks: [<class 'lightning.pytorch.callbacks.rich_model_summary.RichModelSummary'>]. Skipping setting a default `ModelSummary` callback.
GPU available: False, used: False
TPU available: False, using: 0 TPU cores
IPU available: False, using: 0 IPUs
HPU available: False, using: 0 HPUs
`Trainer.fit` stopped: `max_epochs=20` reached.
[I 2025-02-24 16:45:24,707] Trial 21 finished with value: 15.690138816833496 and parameters: {'pretrain_epochs': 0, 'lr': 0.0009674822215525922, 'mc_samples_train': 2, 'prior_scale': 0.03236196956216834, 'q_scale': 0.0004420637115621802, 'batch_size': 64}. Best is trial 14 with value: -17.099153518676758.
Trainer already configured with model summary callbacks: [<class 'lightning.pytorch.callbacks.rich_model_summary.RichModelSummary'>]. Skipping setting a default `ModelSummary` callback.
GPU available: False, used: False
TPU available: False, using: 0 TPU cores
IPU available: False, using: 0 IPUs
HPU available: False, using: 0 HPUs
`Trainer.fit` stopped: `max_epochs=20` reached.
[I 2025-02-24 16:46:11,702] Trial 22 finished with value: 8.467935562133789 and parameters: {'pretrain_epochs': 0, 'lr': 0.0007743097196559441, 'mc_samples_train': 2, 'prior_scale': 0.03150770600840728, 'q_scale': 0.0013629141180540472, 'batch_size': 64}. Best is trial 14 with value: -17.099153518676758.
Trainer already configured with model summary callbacks: [<class 'lightning.pytorch.callbacks.rich_model_summary.RichModelSummary'>]. Skipping setting a default `ModelSummary` callback.
GPU available: False, used: False
TPU available: False, using: 0 TPU cores
IPU available: False, using: 0 IPUs
HPU available: False, using: 0 HPUs
`Trainer.fit` stopped: `max_epochs=20` reached.
[I 2025-02-24 16:47:02,736] Trial 23 finished with value: 191.26283264160156 and parameters: {'pretrain_epochs': 0, 'lr': 0.0003786342127922616, 'mc_samples_train': 2, 'prior_scale': 0.055317605061792445, 'q_scale': 0.001507869429877801, 'batch_size': 64}. Best is trial 14 with value: -17.099153518676758.
Trainer already configured with model summary callbacks: [<class 'lightning.pytorch.callbacks.rich_model_summary.RichModelSummary'>]. Skipping setting a default `ModelSummary` callback.
GPU available: False, used: False
TPU available: False, using: 0 TPU cores
IPU available: False, using: 0 IPUs
HPU available: False, using: 0 HPUs
`Trainer.fit` stopped: `max_epochs=20` reached.
[I 2025-02-24 16:47:28,362] Trial 24 finished with value: 571.6951904296875 and parameters: {'pretrain_epochs': 0, 'lr': 0.0007125597761136394, 'mc_samples_train': 2, 'prior_scale': 0.006209310061318424, 'q_scale': 0.0014017326931421701, 'batch_size': 256}. Best is trial 14 with value: -17.099153518676758.
Trainer already configured with model summary callbacks: [<class 'lightning.pytorch.callbacks.rich_model_summary.RichModelSummary'>]. Skipping setting a default `ModelSummary` callback.
GPU available: False, used: False
TPU available: False, using: 0 TPU cores
IPU available: False, using: 0 IPUs
HPU available: False, using: 0 HPUs
`Trainer.fit` stopped: `max_epochs=20` reached.
[I 2025-02-24 16:48:17,321] Trial 25 finished with value: 186.66073608398438 and parameters: {'pretrain_epochs': 0, 'lr': 0.0004377467467829548, 'mc_samples_train': 2, 'prior_scale': 0.02288161600526003, 'q_scale': 0.000342001263210907, 'batch_size': 64}. Best is trial 14 with value: -17.099153518676758.
Trainer already configured with model summary callbacks: [<class 'lightning.pytorch.callbacks.rich_model_summary.RichModelSummary'>]. Skipping setting a default `ModelSummary` callback.
GPU available: False, used: False
TPU available: False, using: 0 TPU cores
IPU available: False, using: 0 IPUs
HPU available: False, using: 0 HPUs
`Trainer.fit` stopped: `max_epochs=20` reached.
[I 2025-02-24 16:49:04,683] Trial 26 finished with value: 266.7255554199219 and parameters: {'pretrain_epochs': 0, 'lr': 0.00017593822992170268, 'mc_samples_train': 2, 'prior_scale': 0.15888778059582906, 'q_scale': 0.0002468621810993818, 'batch_size': 64}. Best is trial 14 with value: -17.099153518676758.
Trainer already configured with model summary callbacks: [<class 'lightning.pytorch.callbacks.rich_model_summary.RichModelSummary'>]. Skipping setting a default `ModelSummary` callback.
GPU available: False, used: False
TPU available: False, using: 0 TPU cores
IPU available: False, using: 0 IPUs
HPU available: False, using: 0 HPUs
`Trainer.fit` stopped: `max_epochs=20` reached.
[I 2025-02-24 16:49:53,670] Trial 27 finished with value: 27.894142150878906 and parameters: {'pretrain_epochs': 0, 'lr': 0.000778472802681413, 'mc_samples_train': 2, 'prior_scale': 0.022634886982972866, 'q_scale': 0.001004025177131389, 'batch_size': 64}. Best is trial 14 with value: -17.099153518676758.
Trainer already configured with model summary callbacks: [<class 'lightning.pytorch.callbacks.rich_model_summary.RichModelSummary'>]. Skipping setting a default `ModelSummary` callback.
GPU available: False, used: False
TPU available: False, using: 0 TPU cores
IPU available: False, using: 0 IPUs
HPU available: False, using: 0 HPUs
`Trainer.fit` stopped: `max_epochs=20` reached.
[I 2025-02-24 16:50:40,614] Trial 10 finished with value: -18.946836471557617 and parameters: {'pretrain_epochs': 0, 'lr': 0.0002686321798731397, 'mc_samples_train': 2, 'prior_scale': 0.01116798829495977, 'q_scale': 0.00013611901663306908, 'batch_size': 32}. Best is trial 10 with value: -18.946836471557617.
`Trainer.fit` stopped: `max_epochs=20` reached.
[I 2025-02-24 16:50:42,175] Trial 28 finished with value: 251.89256286621094 and parameters: {'pretrain_epochs': 0, 'lr': 0.0003708248657038377, 'mc_samples_train': 2, 'prior_scale': 0.005987275126147801, 'q_scale': 0.0024217422139077454, 'batch_size': 64}. Best is trial 14 with value: -17.099153518676758.
Trainer already configured with model summary callbacks: [<class 'lightning.pytorch.callbacks.rich_model_summary.RichModelSummary'>]. Skipping setting a default `ModelSummary` callback.
GPU available: False, used: False
TPU available: False, using: 0 TPU cores
IPU available: False, using: 0 IPUs
HPU available: False, using: 0 HPUs
Trainer already configured with model summary callbacks: [<class 'lightning.pytorch.callbacks.rich_model_summary.RichModelSummary'>]. Skipping setting a default `ModelSummary` callback.
GPU available: False, used: False
TPU available: False, using: 0 TPU cores
IPU available: False, using: 0 IPUs
HPU available: False, using: 0 HPUs
`Trainer.fit` stopped: `max_epochs=20` reached.
[I 2025-02-24 16:51:08,746] Trial 29 finished with value: 577.299072265625 and parameters: {'pretrain_epochs': 0, 'lr': 0.00021497093006200005, 'mc_samples_train': 2, 'prior_scale': 0.2180582445508034, 'q_scale': 0.006171832259851186, 'batch_size': 256}. Best is trial 14 with value: -17.099153518676758.
Trainer already configured with model summary callbacks: [<class 'lightning.pytorch.callbacks.rich_model_summary.RichModelSummary'>]. Skipping setting a default `ModelSummary` callback.
GPU available: False, used: False
TPU available: False, using: 0 TPU cores
IPU available: False, using: 0 IPUs
HPU available: False, using: 0 HPUs
[I 2025-02-24 16:51:23,549] Trial 30 pruned. Trial was pruned at epoch 6.
Trainer already configured with model summary callbacks: [<class 'lightning.pytorch.callbacks.rich_model_summary.RichModelSummary'>]. Skipping setting a default `ModelSummary` callback.
GPU available: False, used: False
TPU available: False, using: 0 TPU cores
IPU available: False, using: 0 IPUs
HPU available: False, using: 0 HPUs
`Trainer.fit` stopped: `max_epochs=20` reached.
[I 2025-02-24 16:52:12,996] Trial 31 finished with value: -4.958437919616699 and parameters: {'pretrain_epochs': 0, 'lr': 0.0008347156871973041, 'mc_samples_train': 2, 'prior_scale': 0.04374071253578515, 'q_scale': 0.0004508934743020513, 'batch_size': 64}. Best is trial 14 with value: -17.099153518676758.
Trainer already configured with model summary callbacks: [<class 'lightning.pytorch.callbacks.rich_model_summary.RichModelSummary'>]. Skipping setting a default `ModelSummary` callback.
GPU available: False, used: False
TPU available: False, using: 0 TPU cores
IPU available: False, using: 0 IPUs
HPU available: False, using: 0 HPUs
`Trainer.fit` stopped: `max_epochs=20` reached.
[I 2025-02-24 16:53:01,453] Trial 32 finished with value: 19.57369613647461 and parameters: {'pretrain_epochs': 0, 'lr': 0.000775512645784766, 'mc_samples_train': 2, 'prior_scale': 0.04059316282401631, 'q_scale': 0.00023079812577530453, 'batch_size': 64}. Best is trial 14 with value: -17.099153518676758.
Trainer already configured with model summary callbacks: [<class 'lightning.pytorch.callbacks.rich_model_summary.RichModelSummary'>]. Skipping setting a default `ModelSummary` callback.
GPU available: False, used: False
TPU available: False, using: 0 TPU cores
IPU available: False, using: 0 IPUs
HPU available: False, using: 0 HPUs
`Trainer.fit` stopped: `max_epochs=20` reached.
[I 2025-02-24 16:53:51,136] Trial 33 finished with value: 47.95819854736328 and parameters: {'pretrain_epochs': 0, 'lr': 0.0006804238848424044, 'mc_samples_train': 2, 'prior_scale': 0.024278988745211245, 'q_scale': 0.000736436212010933, 'batch_size': 64}. Best is trial 14 with value: -17.099153518676758.
Trainer already configured with model summary callbacks: [<class 'lightning.pytorch.callbacks.rich_model_summary.RichModelSummary'>]. Skipping setting a default `ModelSummary` callback.
GPU available: False, used: False
TPU available: False, using: 0 TPU cores
IPU available: False, using: 0 IPUs
HPU available: False, using: 0 HPUs
`Trainer.fit` stopped: `max_epochs=20` reached.
[I 2025-02-24 16:54:17,720] Trial 34 finished with value: 582.1454467773438 and parameters: {'pretrain_epochs': 0, 'lr': 0.0004897796375031308, 'mc_samples_train': 2, 'prior_scale': 0.1155845475783687, 'q_scale': 0.0026442223564081156, 'batch_size': 256}. Best is trial 14 with value: -17.099153518676758.
Trainer already configured with model summary callbacks: [<class 'lightning.pytorch.callbacks.rich_model_summary.RichModelSummary'>]. Skipping setting a default `ModelSummary` callback.
GPU available: False, used: False
TPU available: False, using: 0 TPU cores
IPU available: False, using: 0 IPUs
HPU available: False, using: 0 HPUs
[I 2025-02-24 16:54:41,134] Trial 35 pruned. Trial was pruned at epoch 6.
Trainer already configured with model summary callbacks: [<class 'lightning.pytorch.callbacks.rich_model_summary.RichModelSummary'>]. Skipping setting a default `ModelSummary` callback.
GPU available: False, used: False
TPU available: False, using: 0 TPU cores
IPU available: False, using: 0 IPUs
HPU available: False, using: 0 HPUs
`Trainer.fit` stopped: `max_epochs=20` reached.
[I 2025-02-24 16:54:59,193] Trial 36 finished with value: 605.2738037109375 and parameters: {'pretrain_epochs': 0, 'lr': 0.000607008776649612, 'mc_samples_train': 1, 'prior_scale': 0.10060077655666898, 'q_scale': 0.00022391690342702332, 'batch_size': 512}. Best is trial 14 with value: -17.099153518676758.
Trainer already configured with model summary callbacks: [<class 'lightning.pytorch.callbacks.rich_model_summary.RichModelSummary'>]. Skipping setting a default `ModelSummary` callback.
GPU available: False, used: False
TPU available: False, using: 0 TPU cores
IPU available: False, using: 0 IPUs
HPU available: False, using: 0 HPUs
`Trainer.fit` stopped: `max_epochs=20` reached.
[I 2025-02-24 16:55:45,683] Trial 37 finished with value: 707.9354248046875 and parameters: {'pretrain_epochs': 0, 'lr': 0.0008092239092387384, 'mc_samples_train': 2, 'prior_scale': 0.0075106744285885875, 'q_scale': 0.21193361588766488, 'batch_size': 64}. Best is trial 14 with value: -17.099153518676758.
Trainer already configured with model summary callbacks: [<class 'lightning.pytorch.callbacks.rich_model_summary.RichModelSummary'>]. Skipping setting a default `ModelSummary` callback.
GPU available: False, used: False
TPU available: False, using: 0 TPU cores
IPU available: False, using: 0 IPUs
HPU available: False, using: 0 HPUs
`Trainer.fit` stopped: `max_epochs=20` reached.
[I 2025-02-24 16:56:05,967] Trial 11 finished with value: -19.2307071685791 and parameters: {'pretrain_epochs': 0, 'lr': 0.0002668116545003139, 'mc_samples_train': 2, 'prior_scale': 0.015791568646716513, 'q_scale': 0.00013400032806480455, 'batch_size': 32}. Best is trial 11 with value: -19.2307071685791.
Trainer already configured with model summary callbacks: [<class 'lightning.pytorch.callbacks.rich_model_summary.RichModelSummary'>]. Skipping setting a default `ModelSummary` callback.
GPU available: False, used: False
TPU available: False, using: 0 TPU cores
IPU available: False, using: 0 IPUs
HPU available: False, using: 0 HPUs
`Trainer.fit` stopped: `max_epochs=20` reached.
[I 2025-02-24 16:56:16,837] Trial 38 finished with value: 303.72650146484375 and parameters: {'pretrain_epochs': 0, 'lr': 3.6429465259517205e-05, 'mc_samples_train': 1, 'prior_scale': 0.15632015523338957, 'q_scale': 0.0010379133942359465, 'batch_size': 64}. Best is trial 14 with value: -17.099153518676758.
Trainer already configured with model summary callbacks: [<class 'lightning.pytorch.callbacks.rich_model_summary.RichModelSummary'>]. Skipping setting a default `ModelSummary` callback.
GPU available: False, used: False
TPU available: False, using: 0 TPU cores
IPU available: False, using: 0 IPUs
HPU available: False, using: 0 HPUs
[I 2025-02-24 16:56:41,800] Trial 39 pruned. Trial was pruned at epoch 7.
Trainer already configured with model summary callbacks: [<class 'lightning.pytorch.callbacks.rich_model_summary.RichModelSummary'>]. Skipping setting a default `ModelSummary` callback.
GPU available: False, used: False
TPU available: False, using: 0 TPU cores
IPU available: False, using: 0 IPUs
HPU available: False, using: 0 HPUs
`Trainer.fit` stopped: `max_epochs=20` reached.
[I 2025-02-24 16:57:01,951] Trial 40 finished with value: 580.0087890625 and parameters: {'pretrain_epochs': 0, 'lr': 0.00046320482838322957, 'mc_samples_train': 1, 'prior_scale': 0.023768200547248104, 'q_scale': 0.00047988390298866346, 'batch_size': 256}. Best is trial 14 with value: -17.099153518676758.
Trainer already configured with model summary callbacks: [<class 'lightning.pytorch.callbacks.rich_model_summary.RichModelSummary'>]. Skipping setting a default `ModelSummary` callback.
GPU available: False, used: False
TPU available: False, using: 0 TPU cores
IPU available: False, using: 0 IPUs
HPU available: False, using: 0 HPUs
`Trainer.fit` stopped: `max_epochs=20` reached.
[I 2025-02-24 16:57:49,692] Trial 41 finished with value: 17.59893035888672 and parameters: {'pretrain_epochs': 0, 'lr': 0.0009129174942486608, 'mc_samples_train': 2, 'prior_scale': 0.03303462275860387, 'q_scale': 0.00045841765775860374, 'batch_size': 64}. Best is trial 14 with value: -17.099153518676758.
Trainer already configured with model summary callbacks: [<class 'lightning.pytorch.callbacks.rich_model_summary.RichModelSummary'>]. Skipping setting a default `ModelSummary` callback.
GPU available: False, used: False
TPU available: False, using: 0 TPU cores
IPU available: False, using: 0 IPUs
HPU available: False, using: 0 HPUs
`Trainer.fit` stopped: `max_epochs=20` reached.
[I 2025-02-24 16:58:35,212] Trial 42 finished with value: 14.347707748413086 and parameters: {'pretrain_epochs': 0, 'lr': 0.0009691463861919047, 'mc_samples_train': 2, 'prior_scale': 0.016700353156951207, 'q_scale': 0.00018565455630260784, 'batch_size': 64}. Best is trial 14 with value: -17.099153518676758.
Trainer already configured with model summary callbacks: [<class 'lightning.pytorch.callbacks.rich_model_summary.RichModelSummary'>]. Skipping setting a default `ModelSummary` callback.
GPU available: False, used: False
TPU available: False, using: 0 TPU cores
IPU available: False, using: 0 IPUs
HPU available: False, using: 0 HPUs
`Trainer.fit` stopped: `max_epochs=20` reached.
[I 2025-02-24 16:59:23,657] Trial 43 finished with value: 45.629737854003906 and parameters: {'pretrain_epochs': 0, 'lr': 0.0006104799687456833, 'mc_samples_train': 2, 'prior_scale': 0.0939675991605891, 'q_scale': 0.00058966571608454, 'batch_size': 64}. Best is trial 14 with value: -17.099153518676758.
Trainer already configured with model summary callbacks: [<class 'lightning.pytorch.callbacks.rich_model_summary.RichModelSummary'>]. Skipping setting a default `ModelSummary` callback.
GPU available: False, used: False
TPU available: False, using: 0 TPU cores
IPU available: False, using: 0 IPUs
HPU available: False, using: 0 HPUs
`Trainer.fit` stopped: `max_epochs=20` reached.
[I 2025-02-24 17:00:09,964] Trial 44 finished with value: 34.00878143310547 and parameters: {'pretrain_epochs': 0, 'lr': 0.0007919370154360854, 'mc_samples_train': 2, 'prior_scale': 0.030991503194794913, 'q_scale': 0.0022032660462482086, 'batch_size': 64}. Best is trial 14 with value: -17.099153518676758.
Trainer already configured with model summary callbacks: [<class 'lightning.pytorch.callbacks.rich_model_summary.RichModelSummary'>]. Skipping setting a default `ModelSummary` callback.
GPU available: False, used: False
TPU available: False, using: 0 TPU cores
IPU available: False, using: 0 IPUs
HPU available: False, using: 0 HPUs
`Trainer.fit` stopped: `max_epochs=20` reached.
[I 2025-02-24 17:00:43,489] Trial 45 finished with value: 470.485595703125 and parameters: {'pretrain_epochs': 0, 'lr': 0.0005824325059967519, 'mc_samples_train': 2, 'prior_scale': 0.07172891491207671, 'q_scale': 0.000987826984116259, 'batch_size': 128}. Best is trial 14 with value: -17.099153518676758.
Trainer already configured with model summary callbacks: [<class 'lightning.pytorch.callbacks.rich_model_summary.RichModelSummary'>]. Skipping setting a default `ModelSummary` callback.
GPU available: False, used: False
TPU available: False, using: 0 TPU cores
IPU available: False, using: 0 IPUs
HPU available: False, using: 0 HPUs
`Trainer.fit` stopped: `max_epochs=20` reached.
