/home/g15farris/.conda/envs/bnn/lib/python3.12/site-packages/hydra/_internal/instantiate/_instantiate2.py:92: ExperimentalWarning: PatientPruner is experimental (supported from v2.8.0). The interface can change in the future.
  return _target_(*args, **kwargs)
/home/g15farris/.conda/envs/bnn/lib/python3.12/site-packages/hydra/_internal/instantiate/_instantiate2.py:92: ExperimentalWarning: PatientPruner is experimental (supported from v2.8.0). The interface can change in the future.
  return _target_(*args, **kwargs)
[I 2025-02-24 16:30:25,864] A new study created in RDB with name: fo_20perc
[I 2025-02-24 16:30:26,062] A new study created in RDB with name: fo_100perc
Trainer already configured with model summary callbacks: [<class 'lightning.pytorch.callbacks.rich_model_summary.RichModelSummary'>]. Skipping setting a default `ModelSummary` callback.
GPU available: False, used: False
Trainer already configured with model summary callbacks: [<class 'lightning.pytorch.callbacks.rich_model_summary.RichModelSummary'>]. Skipping setting a default `ModelSummary` callback.
TPU available: False, using: 0 TPU cores
IPU available: False, using: 0 IPUs
HPU available: False, using: 0 HPUs
GPU available: False, used: False
TPU available: False, using: 0 TPU cores
IPU available: False, using: 0 IPUs
HPU available: False, using: 0 HPUs
/home/g15farris/.conda/envs/bnn/lib/python3.12/site-packages/lightning/pytorch/core/optimizer.py:181: `LightningModule.configure_optimizers` returned `None`, this fit will run with no optimizer
/home/g15farris/.conda/envs/bnn/lib/python3.12/site-packages/lightning/pytorch/core/optimizer.py:181: `LightningModule.configure_optimizers` returned `None`, this fit will run with no optimizer
/home/g15farris/.conda/envs/bnn/lib/python3.12/site-packages/lightning/pytorch/loops/fit_loop.py:298: The number of training batches (5) is smaller than the logging interval Trainer(log_every_n_steps=50). Set a lower value for log_every_n_steps if you want to see logs for the training epoch.
/home/g15farris/.conda/envs/bnn/lib/python3.12/site-packages/tyxe/likelihoods.py:203: UserWarning: var(): degrees of freedom is <= 0. Correction should be strictly less than the reduction factor (input numel divided by output numel). (Triggered internally at ../aten/src/ATen/native/ReduceOps.cpp:1807.)
  agg_scale = precision.reciprocal().mean(dim).add(loc.var(dim)).sqrt()
/home/g15farris/.conda/envs/bnn/lib/python3.12/site-packages/lightning/pytorch/loops/optimization/automatic.py:132: `training_step` returned `None`. If this was on purpose, ignore this warning...
/home/g15farris/.conda/envs/bnn/lib/python3.12/site-packages/lightning/pytorch/loops/fit_loop.py:298: The number of training batches (25) is smaller than the logging interval Trainer(log_every_n_steps=50). Set a lower value for log_every_n_steps if you want to see logs for the training epoch.
/home/g15farris/.conda/envs/bnn/lib/python3.12/site-packages/tyxe/likelihoods.py:203: UserWarning: var(): degrees of freedom is <= 0. Correction should be strictly less than the reduction factor (input numel divided by output numel). (Triggered internally at ../aten/src/ATen/native/ReduceOps.cpp:1807.)
  agg_scale = precision.reciprocal().mean(dim).add(loc.var(dim)).sqrt()
/home/g15farris/.conda/envs/bnn/lib/python3.12/site-packages/lightning/pytorch/loops/optimization/automatic.py:132: `training_step` returned `None`. If this was on purpose, ignore this warning...
`Trainer.fit` stopped: `max_epochs=20` reached.
[I 2025-02-24 16:30:49,175] Trial 0 finished with value: 535.5316162109375 and parameters: {'pretrain_epochs': 0, 'lr': 2.4156772025296228e-05, 'mc_samples_train': 1, 'prior_scale': 0.22702608040701588, 'q_scale': 0.13179630432958683, 'batch_size': 256}. Best is trial 0 with value: 535.5316162109375.
Trainer already configured with model summary callbacks: [<class 'lightning.pytorch.callbacks.rich_model_summary.RichModelSummary'>]. Skipping setting a default `ModelSummary` callback.
GPU available: False, used: False
TPU available: False, using: 0 TPU cores
IPU available: False, using: 0 IPUs
HPU available: False, using: 0 HPUs
/home/g15farris/.conda/envs/bnn/lib/python3.12/site-packages/lightning/pytorch/loops/fit_loop.py:298: The number of training batches (2) is smaller than the logging interval Trainer(log_every_n_steps=50). Set a lower value for log_every_n_steps if you want to see logs for the training epoch.
`Trainer.fit` stopped: `max_epochs=20` reached.
[I 2025-02-24 16:31:12,218] Trial 1 finished with value: 628.9984130859375 and parameters: {'pretrain_epochs': 0, 'lr': 5.195586024325663e-05, 'mc_samples_train': 2, 'prior_scale': 0.1374377640063412, 'q_scale': 0.0030269344709026166, 'batch_size': 512}. Best is trial 0 with value: 535.5316162109375.
Trainer already configured with model summary callbacks: [<class 'lightning.pytorch.callbacks.rich_model_summary.RichModelSummary'>]. Skipping setting a default `ModelSummary` callback.
GPU available: False, used: False
TPU available: False, using: 0 TPU cores
IPU available: False, using: 0 IPUs
HPU available: False, using: 0 HPUs
/home/g15farris/.conda/envs/bnn/lib/python3.12/site-packages/lightning/pytorch/loops/fit_loop.py:298: The number of training batches (10) is smaller than the logging interval Trainer(log_every_n_steps=50). Set a lower value for log_every_n_steps if you want to see logs for the training epoch.
`Trainer.fit` stopped: `max_epochs=20` reached.
[I 2025-02-24 16:31:22,374] Trial 0 finished with value: 1030.6778564453125 and parameters: {'pretrain_epochs': 0, 'lr': 2.4156772025296228e-05, 'mc_samples_train': 1, 'prior_scale': 0.22702608040701588, 'q_scale': 0.13179630432958683, 'batch_size': 256}. Best is trial 0 with value: 1030.6778564453125.
Trainer already configured with model summary callbacks: [<class 'lightning.pytorch.callbacks.rich_model_summary.RichModelSummary'>]. Skipping setting a default `ModelSummary` callback.
GPU available: False, used: False
TPU available: False, using: 0 TPU cores
IPU available: False, using: 0 IPUs
HPU available: False, using: 0 HPUs
/home/g15farris/.conda/envs/bnn/lib/python3.12/site-packages/lightning/pytorch/loops/fit_loop.py:298: The number of training batches (12) is smaller than the logging interval Trainer(log_every_n_steps=50). Set a lower value for log_every_n_steps if you want to see logs for the training epoch.
`Trainer.fit` stopped: `max_epochs=20` reached.
[I 2025-02-24 16:31:35,510] Trial 2 finished with value: 3095.39599609375 and parameters: {'pretrain_epochs': 0, 'lr': 5.367498945698204e-05, 'mc_samples_train': 1, 'prior_scale': 0.012778268753495938, 'q_scale': 0.540207249341968, 'batch_size': 128}. Best is trial 0 with value: 535.5316162109375.
Trainer already configured with model summary callbacks: [<class 'lightning.pytorch.callbacks.rich_model_summary.RichModelSummary'>]. Skipping setting a default `ModelSummary` callback.
GPU available: False, used: False
TPU available: False, using: 0 TPU cores
IPU available: False, using: 0 IPUs
HPU available: False, using: 0 HPUs
`Trainer.fit` stopped: `max_epochs=20` reached.
[I 2025-02-24 16:32:07,049] Trial 3 finished with value: 1094.4453125 and parameters: {'pretrain_epochs': 0, 'lr': 0.0005473369642905611, 'mc_samples_train': 2, 'prior_scale': 0.002699606552195955, 'q_scale': 0.06562115716452717, 'batch_size': 128}. Best is trial 0 with value: 535.5316162109375.
Trainer already configured with model summary callbacks: [<class 'lightning.pytorch.callbacks.rich_model_summary.RichModelSummary'>]. Skipping setting a default `ModelSummary` callback.
GPU available: False, used: False
TPU available: False, using: 0 TPU cores
IPU available: False, using: 0 IPUs
HPU available: False, using: 0 HPUs
`Trainer.fit` stopped: `max_epochs=20` reached.
[I 2025-02-24 16:32:29,837] Trial 4 finished with value: 606.2013549804688 and parameters: {'pretrain_epochs': 0, 'lr': 1.3170990774640101e-05, 'mc_samples_train': 1, 'prior_scale': 0.10583829396911469, 'q_scale': 0.023905570899706415, 'batch_size': 128}. Best is trial 0 with value: 535.5316162109375.
`Trainer.fit` stopped: `max_epochs=20` reached.
[I 2025-02-24 16:32:31,587] Trial 1 finished with value: 3118.064697265625 and parameters: {'pretrain_epochs': 0, 'lr': 5.195586024325663e-05, 'mc_samples_train': 2, 'prior_scale': 0.1374377640063412, 'q_scale': 0.0030269344709026166, 'batch_size': 512}. Best is trial 0 with value: 1030.6778564453125.
Trainer already configured with model summary callbacks: [<class 'lightning.pytorch.callbacks.rich_model_summary.RichModelSummary'>]. Skipping setting a default `ModelSummary` callback.
GPU available: False, used: False
TPU available: False, using: 0 TPU cores
IPU available: False, using: 0 IPUs
HPU available: False, using: 0 HPUs
Trainer already configured with model summary callbacks: [<class 'lightning.pytorch.callbacks.rich_model_summary.RichModelSummary'>]. Skipping setting a default `ModelSummary` callback.
GPU available: False, used: False
TPU available: False, using: 0 TPU cores
IPU available: False, using: 0 IPUs
HPU available: False, using: 0 HPUs
/home/g15farris/.conda/envs/bnn/lib/python3.12/site-packages/lightning/pytorch/loops/fit_loop.py:298: The number of training batches (49) is smaller than the logging interval Trainer(log_every_n_steps=50). Set a lower value for log_every_n_steps if you want to see logs for the training epoch.
[I 2025-02-24 16:32:42,712] Trial 5 pruned. Trial was pruned at epoch 4.
Trainer already configured with model summary callbacks: [<class 'lightning.pytorch.callbacks.rich_model_summary.RichModelSummary'>]. Skipping setting a default `ModelSummary` callback.
GPU available: False, used: False
TPU available: False, using: 0 TPU cores
IPU available: False, using: 0 IPUs
HPU available: False, using: 0 HPUs
`Trainer.fit` stopped: `max_epochs=20` reached.
[I 2025-02-24 16:33:06,109] Trial 6 finished with value: 605.6439208984375 and parameters: {'pretrain_epochs': 0, 'lr': 3.71964865643354e-05, 'mc_samples_train': 1, 'prior_scale': 0.0038638969563953266, 'q_scale': 0.0033827492632411567, 'batch_size': 128}. Best is trial 0 with value: 535.5316162109375.
Trainer already configured with model summary callbacks: [<class 'lightning.pytorch.callbacks.rich_model_summary.RichModelSummary'>]. Skipping setting a default `ModelSummary` callback.
GPU available: False, used: False
TPU available: False, using: 0 TPU cores
IPU available: False, using: 0 IPUs
HPU available: False, using: 0 HPUs
/home/g15farris/.conda/envs/bnn/lib/python3.12/site-packages/lightning/pytorch/loops/fit_loop.py:298: The number of training batches (40) is smaller than the logging interval Trainer(log_every_n_steps=50). Set a lower value for log_every_n_steps if you want to see logs for the training epoch.
`Trainer.fit` stopped: `max_epochs=20` reached.
[I 2025-02-24 16:33:38,713] Trial 2 finished with value: 1109.0118408203125 and parameters: {'pretrain_epochs': 0, 'lr': 5.367498945698204e-05, 'mc_samples_train': 1, 'prior_scale': 0.012778268753495938, 'q_scale': 0.540207249341968, 'batch_size': 128}. Best is trial 0 with value: 1030.6778564453125.
Trainer already configured with model summary callbacks: [<class 'lightning.pytorch.callbacks.rich_model_summary.RichModelSummary'>]. Skipping setting a default `ModelSummary` callback.
GPU available: False, used: False
TPU available: False, using: 0 TPU cores
IPU available: False, using: 0 IPUs
HPU available: False, using: 0 HPUs
`Trainer.fit` stopped: `max_epochs=20` reached.
[I 2025-02-24 16:33:48,905] Trial 7 finished with value: 147.17398071289062 and parameters: {'pretrain_epochs': 0, 'lr': 0.00029994809793642315, 'mc_samples_train': 1, 'prior_scale': 0.0020959477484878194, 'q_scale': 0.0008257988273685458, 'batch_size': 32}. Best is trial 7 with value: 147.17398071289062.
Trainer already configured with model summary callbacks: [<class 'lightning.pytorch.callbacks.rich_model_summary.RichModelSummary'>]. Skipping setting a default `ModelSummary` callback.
GPU available: False, used: False
TPU available: False, using: 0 TPU cores
IPU available: False, using: 0 IPUs
HPU available: False, using: 0 HPUs
`Trainer.fit` stopped: `max_epochs=20` reached.
[I 2025-02-24 16:34:19,450] Trial 8 finished with value: 593.0195922851562 and parameters: {'pretrain_epochs': 0, 'lr': 7.478015213333154e-05, 'mc_samples_train': 2, 'prior_scale': 0.07537199486913888, 'q_scale': 0.0666791815288874, 'batch_size': 128}. Best is trial 7 with value: 147.17398071289062.
Trainer already configured with model summary callbacks: [<class 'lightning.pytorch.callbacks.rich_model_summary.RichModelSummary'>]. Skipping setting a default `ModelSummary` callback.
GPU available: False, used: False
TPU available: False, using: 0 TPU cores
IPU available: False, using: 0 IPUs
HPU available: False, using: 0 HPUs
[I 2025-02-24 16:34:40,325] Trial 9 pruned. Trial was pruned at epoch 18.
Trainer already configured with model summary callbacks: [<class 'lightning.pytorch.callbacks.rich_model_summary.RichModelSummary'>]. Skipping setting a default `ModelSummary` callback.
GPU available: False, used: False
TPU available: False, using: 0 TPU cores
IPU available: False, using: 0 IPUs
HPU available: False, using: 0 HPUs
`Trainer.fit` stopped: `max_epochs=20` reached.
[I 2025-02-24 16:35:23,123] Trial 3 finished with value: 546.4664916992188 and parameters: {'pretrain_epochs': 0, 'lr': 0.0005473369642905611, 'mc_samples_train': 2, 'prior_scale': 0.002699606552195955, 'q_scale': 0.06562115716452717, 'batch_size': 128}. Best is trial 3 with value: 546.4664916992188.
Trainer already configured with model summary callbacks: [<class 'lightning.pytorch.callbacks.rich_model_summary.RichModelSummary'>]. Skipping setting a default `ModelSummary` callback.
GPU available: False, used: False
TPU available: False, using: 0 TPU cores
IPU available: False, using: 0 IPUs
HPU available: False, using: 0 HPUs
`Trainer.fit` stopped: `max_epochs=20` reached.
[I 2025-02-24 16:35:48,296] Trial 10 finished with value: 95.92269134521484 and parameters: {'pretrain_epochs': 0, 'lr': 0.0002686321798731397, 'mc_samples_train': 2, 'prior_scale': 0.01116798829495977, 'q_scale': 0.00013611901663306908, 'batch_size': 32}. Best is trial 10 with value: 95.92269134521484.
Trainer already configured with model summary callbacks: [<class 'lightning.pytorch.callbacks.rich_model_summary.RichModelSummary'>]. Skipping setting a default `ModelSummary` callback.
GPU available: False, used: False
TPU available: False, using: 0 TPU cores
IPU available: False, using: 0 IPUs
HPU available: False, using: 0 HPUs
`Trainer.fit` stopped: `max_epochs=20` reached.
[I 2025-02-24 16:36:27,418] Trial 4 finished with value: 506.5257873535156 and parameters: {'pretrain_epochs': 0, 'lr': 1.3170990774640101e-05, 'mc_samples_train': 1, 'prior_scale': 0.10583829396911469, 'q_scale': 0.023905570899706415, 'batch_size': 128}. Best is trial 4 with value: 506.5257873535156.
Trainer already configured with model summary callbacks: [<class 'lightning.pytorch.callbacks.rich_model_summary.RichModelSummary'>]. Skipping setting a default `ModelSummary` callback.
GPU available: False, used: False
TPU available: False, using: 0 TPU cores
IPU available: False, using: 0 IPUs
HPU available: False, using: 0 HPUs
`Trainer.fit` stopped: `max_epochs=20` reached.
[I 2025-02-24 16:36:55,285] Trial 11 finished with value: 73.73057556152344 and parameters: {'pretrain_epochs': 0, 'lr': 0.0002668116545003139, 'mc_samples_train': 2, 'prior_scale': 0.015791568646716513, 'q_scale': 0.00013400032806480455, 'batch_size': 32}. Best is trial 11 with value: 73.73057556152344.
Trainer already configured with model summary callbacks: [<class 'lightning.pytorch.callbacks.rich_model_summary.RichModelSummary'>]. Skipping setting a default `ModelSummary` callback.
GPU available: False, used: False
TPU available: False, using: 0 TPU cores
IPU available: False, using: 0 IPUs
HPU available: False, using: 0 HPUs
`Trainer.fit` stopped: `max_epochs=20` reached.
[I 2025-02-24 16:37:35,234] Trial 5 finished with value: 666.0473022460938 and parameters: {'pretrain_epochs': 0, 'lr': 1.674127903856e-05, 'mc_samples_train': 1, 'prior_scale': 0.001047833275436284, 'q_scale': 0.02949625201538112, 'batch_size': 128}. Best is trial 4 with value: 506.5257873535156.
Trainer already configured with model summary callbacks: [<class 'lightning.pytorch.callbacks.rich_model_summary.RichModelSummary'>]. Skipping setting a default `ModelSummary` callback.
GPU available: False, used: False
TPU available: False, using: 0 TPU cores
IPU available: False, using: 0 IPUs
HPU available: False, using: 0 HPUs
`Trainer.fit` stopped: `max_epochs=20` reached.
[I 2025-02-24 16:38:09,914] Trial 12 finished with value: 119.54496002197266 and parameters: {'pretrain_epochs': 0, 'lr': 0.0001741204381065012, 'mc_samples_train': 2, 'prior_scale': 0.01578701912640358, 'q_scale': 0.00010569299297450266, 'batch_size': 32}. Best is trial 11 with value: 73.73057556152344.
Trainer already configured with model summary callbacks: [<class 'lightning.pytorch.callbacks.rich_model_summary.RichModelSummary'>]. Skipping setting a default `ModelSummary` callback.
GPU available: False, used: False
TPU available: False, using: 0 TPU cores
IPU available: False, using: 0 IPUs
HPU available: False, using: 0 HPUs
/home/g15farris/.conda/envs/bnn/lib/python3.12/site-packages/lightning/pytorch/loops/fit_loop.py:298: The number of training batches (20) is smaller than the logging interval Trainer(log_every_n_steps=50). Set a lower value for log_every_n_steps if you want to see logs for the training epoch.
`Trainer.fit` stopped: `max_epochs=20` reached.
[I 2025-02-24 16:38:47,561] Trial 6 finished with value: 487.8626708984375 and parameters: {'pretrain_epochs': 0, 'lr': 3.71964865643354e-05, 'mc_samples_train': 1, 'prior_scale': 0.0038638969563953266, 'q_scale': 0.0033827492632411567, 'batch_size': 128}. Best is trial 6 with value: 487.8626708984375.
Trainer already configured with model summary callbacks: [<class 'lightning.pytorch.callbacks.rich_model_summary.RichModelSummary'>]. Skipping setting a default `ModelSummary` callback.
GPU available: False, used: False
TPU available: False, using: 0 TPU cores
IPU available: False, using: 0 IPUs
HPU available: False, using: 0 HPUs
`Trainer.fit` stopped: `max_epochs=20` reached.
[I 2025-02-24 16:38:58,147] Trial 13 finished with value: 79.31086730957031 and parameters: {'pretrain_epochs': 0, 'lr': 0.0009998183169689775, 'mc_samples_train': 2, 'prior_scale': 0.01064012896031672, 'q_scale': 0.00010211784008112604, 'batch_size': 64}. Best is trial 11 with value: 73.73057556152344.
Trainer already configured with model summary callbacks: [<class 'lightning.pytorch.callbacks.rich_model_summary.RichModelSummary'>]. Skipping setting a default `ModelSummary` callback.
GPU available: False, used: False
TPU available: False, using: 0 TPU cores
IPU available: False, using: 0 IPUs
HPU available: False, using: 0 HPUs
`Trainer.fit` stopped: `max_epochs=20` reached.
[I 2025-02-24 16:39:45,170] Trial 14 finished with value: -17.099153518676758 and parameters: {'pretrain_epochs': 0, 'lr': 0.0009813379195690634, 'mc_samples_train': 2, 'prior_scale': 0.03462087235603707, 'q_scale': 0.0004237992367412906, 'batch_size': 64}. Best is trial 14 with value: -17.099153518676758.
Trainer already configured with model summary callbacks: [<class 'lightning.pytorch.callbacks.rich_model_summary.RichModelSummary'>]. Skipping setting a default `ModelSummary` callback.
GPU available: False, used: False
TPU available: False, using: 0 TPU cores
IPU available: False, using: 0 IPUs
HPU available: False, using: 0 HPUs
`Trainer.fit` stopped: `max_epochs=20` reached.
[I 2025-02-24 16:40:33,856] Trial 15 finished with value: 12.237442016601562 and parameters: {'pretrain_epochs': 0, 'lr': 0.000993342265262209, 'mc_samples_train': 2, 'prior_scale': 0.03417847592213208, 'q_scale': 0.0005371630331658818, 'batch_size': 64}. Best is trial 14 with value: -17.099153518676758.
Trainer already configured with model summary callbacks: [<class 'lightning.pytorch.callbacks.rich_model_summary.RichModelSummary'>]. Skipping setting a default `ModelSummary` callback.
GPU available: False, used: False
TPU available: False, using: 0 TPU cores
IPU available: False, using: 0 IPUs
HPU available: False, using: 0 HPUs
`Trainer.fit` stopped: `max_epochs=20` reached.
[I 2025-02-24 16:41:22,489] Trial 16 finished with value: 2.226487159729004 and parameters: {'pretrain_epochs': 0, 'lr': 0.000948739319244003, 'mc_samples_train': 2, 'prior_scale': 0.04757309843878119, 'q_scale': 0.0005478446090810961, 'batch_size': 64}. Best is trial 14 with value: -17.099153518676758.
Trainer already configured with model summary callbacks: [<class 'lightning.pytorch.callbacks.rich_model_summary.RichModelSummary'>]. Skipping setting a default `ModelSummary` callback.
GPU available: False, used: False
TPU available: False, using: 0 TPU cores
IPU available: False, using: 0 IPUs
HPU available: False, using: 0 HPUs
`Trainer.fit` stopped: `max_epochs=20` reached.
[I 2025-02-24 16:41:50,507] Trial 7 finished with value: 123.36943054199219 and parameters: {'pretrain_epochs': 0, 'lr': 0.00029994809793642315, 'mc_samples_train': 1, 'prior_scale': 0.0020959477484878194, 'q_scale': 0.0008257988273685458, 'batch_size': 32}. Best is trial 7 with value: 123.36943054199219.
Trainer already configured with model summary callbacks: [<class 'lightning.pytorch.callbacks.rich_model_summary.RichModelSummary'>]. Skipping setting a default `ModelSummary` callback.
GPU available: False, used: False
TPU available: False, using: 0 TPU cores
IPU available: False, using: 0 IPUs
HPU available: False, using: 0 HPUs
`Trainer.fit` stopped: `max_epochs=20` reached.
