[I 2025-04-29 16:39:33,272] Trial 92 pruned. Trial was pruned at epoch 9.
Trainer already configured with model summary callbacks: [<class 'lightning.pytorch.callbacks.rich_model_summary.RichModelSummary'>]. Skipping setting a default `ModelSummary` callback.
GPU available: False, used: False
TPU available: False, using: 0 TPU cores
IPU available: False, using: 0 IPUs
HPU available: False, using: 0 HPUs
`Trainer.fit` stopped: `max_epochs=20` reached.
[I 2025-04-29 16:40:17,514] Trial 93 finished with value: 31.027067184448242 and parameters: {'pretrain_epochs': 0, 'lr': 0.0006661378777081805, 'mc_samples_train': 2, 'prior_scale': 0.07148416014951761, 'q_scale': 0.001165632331454393, 'batch_size': 64}. Best is trial 67 with value: -19.567787170410156.
Trainer already configured with model summary callbacks: [<class 'lightning.pytorch.callbacks.rich_model_summary.RichModelSummary'>]. Skipping setting a default `ModelSummary` callback.
GPU available: False, used: False
TPU available: False, using: 0 TPU cores
IPU available: False, using: 0 IPUs
HPU available: False, using: 0 HPUs
`Trainer.fit` stopped: `max_epochs=20` reached.
[I 2025-04-29 16:41:03,095] Trial 94 finished with value: 69.55891418457031 and parameters: {'pretrain_epochs': 0, 'lr': 0.000575694908451725, 'mc_samples_train': 2, 'prior_scale': 0.09964371621686118, 'q_scale': 0.0003753731523139581, 'batch_size': 64}. Best is trial 67 with value: -19.567787170410156.
Trainer already configured with model summary callbacks: [<class 'lightning.pytorch.callbacks.rich_model_summary.RichModelSummary'>]. Skipping setting a default `ModelSummary` callback.
GPU available: False, used: False
TPU available: False, using: 0 TPU cores
IPU available: False, using: 0 IPUs
HPU available: False, using: 0 HPUs
`Trainer.fit` stopped: `max_epochs=20` reached.
[I 2025-04-29 16:41:46,925] Trial 95 finished with value: 9.730107307434082 and parameters: {'pretrain_epochs': 0, 'lr': 0.000773835099444639, 'mc_samples_train': 2, 'prior_scale': 0.045881141365481215, 'q_scale': 0.0005204463334099387, 'batch_size': 64}. Best is trial 67 with value: -19.567787170410156.
Trainer already configured with model summary callbacks: [<class 'lightning.pytorch.callbacks.rich_model_summary.RichModelSummary'>]. Skipping setting a default `ModelSummary` callback.
GPU available: False, used: False
TPU available: False, using: 0 TPU cores
IPU available: False, using: 0 IPUs
HPU available: False, using: 0 HPUs
`Trainer.fit` stopped: `max_epochs=20` reached.
[I 2025-04-29 16:42:30,691] Trial 96 finished with value: -35.98885726928711 and parameters: {'pretrain_epochs': 0, 'lr': 0.0009234786825551796, 'mc_samples_train': 2, 'prior_scale': 0.1830400089979241, 'q_scale': 0.0002917239205507117, 'batch_size': 64}. Best is trial 96 with value: -35.98885726928711.
Trainer already configured with model summary callbacks: [<class 'lightning.pytorch.callbacks.rich_model_summary.RichModelSummary'>]. Skipping setting a default `ModelSummary` callback.
GPU available: False, used: False
TPU available: False, using: 0 TPU cores
IPU available: False, using: 0 IPUs
HPU available: False, using: 0 HPUs
`Trainer.fit` stopped: `max_epochs=20` reached.
[I 2025-04-29 16:43:14,389] Trial 97 finished with value: -11.50720500946045 and parameters: {'pretrain_epochs': 0, 'lr': 0.0009053515058980799, 'mc_samples_train': 2, 'prior_scale': 0.17859526101527923, 'q_scale': 0.00012123702475577388, 'batch_size': 64}. Best is trial 96 with value: -35.98885726928711.
Trainer already configured with model summary callbacks: [<class 'lightning.pytorch.callbacks.rich_model_summary.RichModelSummary'>]. Skipping setting a default `ModelSummary` callback.
GPU available: False, used: False
TPU available: False, using: 0 TPU cores
IPU available: False, using: 0 IPUs
HPU available: False, using: 0 HPUs
`Trainer.fit` stopped: `max_epochs=20` reached.
[I 2025-04-29 16:43:58,039] Trial 98 finished with value: 139.72096252441406 and parameters: {'pretrain_epochs': 0, 'lr': 0.0005146034430871437, 'mc_samples_train': 2, 'prior_scale': 0.18900334730773416, 'q_scale': 0.00011380213548990678, 'batch_size': 64}. Best is trial 96 with value: -35.98885726928711.
Trainer already configured with model summary callbacks: [<class 'lightning.pytorch.callbacks.rich_model_summary.RichModelSummary'>]. Skipping setting a default `ModelSummary` callback.
GPU available: False, used: False
TPU available: False, using: 0 TPU cores
IPU available: False, using: 0 IPUs
HPU available: False, using: 0 HPUs
`Trainer.fit` stopped: `max_epochs=20` reached.
[I 2025-04-29 16:44:42,060] Trial 99 finished with value: -6.180980682373047 and parameters: {'pretrain_epochs': 0, 'lr': 0.0008093909988017736, 'mc_samples_train': 2, 'prior_scale': 0.2665114826421801, 'q_scale': 0.00021215120899473745, 'batch_size': 64}. Best is trial 96 with value: -35.98885726928711.
Trainer already configured with model summary callbacks: [<class 'lightning.pytorch.callbacks.rich_model_summary.RichModelSummary'>]. Skipping setting a default `ModelSummary` callback.
GPU available: False, used: False
TPU available: False, using: 0 TPU cores
IPU available: False, using: 0 IPUs
HPU available: False, using: 0 HPUs
`Trainer.fit` stopped: `max_epochs=20` reached.
[I 2025-04-29 16:45:25,843] Trial 100 finished with value: 314.787841796875 and parameters: {'pretrain_epochs': 0, 'lr': 3.222891785364368e-05, 'mc_samples_train': 2, 'prior_scale': 0.3660799099718286, 'q_scale': 0.00014470230233792498, 'batch_size': 64}. Best is trial 96 with value: -35.98885726928711.
Trainer already configured with model summary callbacks: [<class 'lightning.pytorch.callbacks.rich_model_summary.RichModelSummary'>]. Skipping setting a default `ModelSummary` callback.
GPU available: False, used: False
TPU available: False, using: 0 TPU cores
IPU available: False, using: 0 IPUs
HPU available: False, using: 0 HPUs
`Trainer.fit` stopped: `max_epochs=20` reached.
[I 2025-04-29 16:46:08,792] Trial 101 finished with value: -8.994604110717773 and parameters: {'pretrain_epochs': 0, 'lr': 0.0008138524538808853, 'mc_samples_train': 2, 'prior_scale': 0.26305679956720235, 'q_scale': 0.00021691713333335167, 'batch_size': 64}. Best is trial 96 with value: -35.98885726928711.
Trainer already configured with model summary callbacks: [<class 'lightning.pytorch.callbacks.rich_model_summary.RichModelSummary'>]. Skipping setting a default `ModelSummary` callback.
GPU available: False, used: False
TPU available: False, using: 0 TPU cores
IPU available: False, using: 0 IPUs
HPU available: False, using: 0 HPUs
`Trainer.fit` stopped: `max_epochs=20` reached.
[I 2025-04-29 16:46:52,780] Trial 102 finished with value: -19.128902435302734 and parameters: {'pretrain_epochs': 0, 'lr': 0.0007436979481430882, 'mc_samples_train': 2, 'prior_scale': 0.2891648527851588, 'q_scale': 0.0002015034439206207, 'batch_size': 64}. Best is trial 96 with value: -35.98885726928711.
Trainer already configured with model summary callbacks: [<class 'lightning.pytorch.callbacks.rich_model_summary.RichModelSummary'>]. Skipping setting a default `ModelSummary` callback.
GPU available: False, used: False
TPU available: False, using: 0 TPU cores
IPU available: False, using: 0 IPUs
HPU available: False, using: 0 HPUs
`Trainer.fit` stopped: `max_epochs=20` reached.
[I 2025-04-29 16:47:36,721] Trial 103 finished with value: 32.93581771850586 and parameters: {'pretrain_epochs': 0, 'lr': 0.0006425139746480691, 'mc_samples_train': 2, 'prior_scale': 0.1872810085686905, 'q_scale': 0.00019614447358452274, 'batch_size': 64}. Best is trial 96 with value: -35.98885726928711.
Trainer already configured with model summary callbacks: [<class 'lightning.pytorch.callbacks.rich_model_summary.RichModelSummary'>]. Skipping setting a default `ModelSummary` callback.
GPU available: False, used: False
TPU available: False, using: 0 TPU cores
IPU available: False, using: 0 IPUs
HPU available: False, using: 0 HPUs
`Trainer.fit` stopped: `max_epochs=20` reached.
[I 2025-04-29 16:48:20,962] Trial 104 finished with value: -2.197273015975952 and parameters: {'pretrain_epochs': 0, 'lr': 0.0007346615912082988, 'mc_samples_train': 2, 'prior_scale': 0.2906448648896502, 'q_scale': 0.000292707466773095, 'batch_size': 64}. Best is trial 96 with value: -35.98885726928711.
Trainer already configured with model summary callbacks: [<class 'lightning.pytorch.callbacks.rich_model_summary.RichModelSummary'>]. Skipping setting a default `ModelSummary` callback.
GPU available: False, used: False
TPU available: False, using: 0 TPU cores
IPU available: False, using: 0 IPUs
HPU available: False, using: 0 HPUs
`Trainer.fit` stopped: `max_epochs=20` reached.
[I 2025-04-29 16:49:04,940] Trial 105 finished with value: 2.689122438430786 and parameters: {'pretrain_epochs': 0, 'lr': 0.0009170929129696647, 'mc_samples_train': 2, 'prior_scale': 0.22580304088551809, 'q_scale': 0.00013138556939607695, 'batch_size': 64}. Best is trial 96 with value: -35.98885726928711.
Trainer already configured with model summary callbacks: [<class 'lightning.pytorch.callbacks.rich_model_summary.RichModelSummary'>]. Skipping setting a default `ModelSummary` callback.
GPU available: False, used: False
TPU available: False, using: 0 TPU cores
IPU available: False, using: 0 IPUs
HPU available: False, using: 0 HPUs
`Trainer.fit` stopped: `max_epochs=20` reached.
[I 2025-04-29 16:49:48,836] Trial 106 finished with value: 13.681411743164062 and parameters: {'pretrain_epochs': 0, 'lr': 0.0006868468226688608, 'mc_samples_train': 2, 'prior_scale': 0.3638503100512091, 'q_scale': 0.00026028990933077846, 'batch_size': 64}. Best is trial 96 with value: -35.98885726928711.
Trainer already configured with model summary callbacks: [<class 'lightning.pytorch.callbacks.rich_model_summary.RichModelSummary'>]. Skipping setting a default `ModelSummary` callback.
GPU available: False, used: False
TPU available: False, using: 0 TPU cores
IPU available: False, using: 0 IPUs
HPU available: False, using: 0 HPUs
`Trainer.fit` stopped: `max_epochs=20` reached.
[I 2025-04-29 16:50:10,197] Trial 107 finished with value: 527.0814819335938 and parameters: {'pretrain_epochs': 0, 'lr': 0.0008089343898122368, 'mc_samples_train': 1, 'prior_scale': 0.14390209170353113, 'q_scale': 0.00011255046967326028, 'batch_size': 256}. Best is trial 96 with value: -35.98885726928711.
Trainer already configured with model summary callbacks: [<class 'lightning.pytorch.callbacks.rich_model_summary.RichModelSummary'>]. Skipping setting a default `ModelSummary` callback.
GPU available: False, used: False
TPU available: False, using: 0 TPU cores
IPU available: False, using: 0 IPUs
HPU available: False, using: 0 HPUs
`Trainer.fit` stopped: `max_epochs=20` reached.
[I 2025-04-29 16:50:54,246] Trial 108 finished with value: 80.07853698730469 and parameters: {'pretrain_epochs': 0, 'lr': 0.0005643934463473842, 'mc_samples_train': 2, 'prior_scale': 0.16705362931305617, 'q_scale': 0.00016709024425665345, 'batch_size': 64}. Best is trial 96 with value: -35.98885726928711.
Trainer already configured with model summary callbacks: [<class 'lightning.pytorch.callbacks.rich_model_summary.RichModelSummary'>]. Skipping setting a default `ModelSummary` callback.
GPU available: False, used: False
TPU available: False, using: 0 TPU cores
IPU available: False, using: 0 IPUs
HPU available: False, using: 0 HPUs
`Trainer.fit` stopped: `max_epochs=20` reached.
[I 2025-04-29 16:51:25,164] Trial 109 finished with value: 223.8792724609375 and parameters: {'pretrain_epochs': 0, 'lr': 0.0009118411105816951, 'mc_samples_train': 2, 'prior_scale': 0.5810872551535202, 'q_scale': 0.00010340672793305362, 'batch_size': 128}. Best is trial 96 with value: -35.98885726928711.
Trainer already configured with model summary callbacks: [<class 'lightning.pytorch.callbacks.rich_model_summary.RichModelSummary'>]. Skipping setting a default `ModelSummary` callback.
GPU available: False, used: False
TPU available: False, using: 0 TPU cores
IPU available: False, using: 0 IPUs
HPU available: False, using: 0 HPUs
`Trainer.fit` stopped: `max_epochs=20` reached.
[I 2025-04-29 16:52:09,051] Trial 110 finished with value: 16.37068748474121 and parameters: {'pretrain_epochs': 0, 'lr': 0.0007334106533567376, 'mc_samples_train': 2, 'prior_scale': 0.19991898191834712, 'q_scale': 0.00024617097705536374, 'batch_size': 64}. Best is trial 96 with value: -35.98885726928711.
Trainer already configured with model summary callbacks: [<class 'lightning.pytorch.callbacks.rich_model_summary.RichModelSummary'>]. Skipping setting a default `ModelSummary` callback.
GPU available: False, used: False
TPU available: False, using: 0 TPU cores
IPU available: False, using: 0 IPUs
HPU available: False, using: 0 HPUs
`Trainer.fit` stopped: `max_epochs=20` reached.
[I 2025-04-29 16:52:52,440] Trial 111 finished with value: -27.364105224609375 and parameters: {'pretrain_epochs': 0, 'lr': 0.0008020631053582455, 'mc_samples_train': 2, 'prior_scale': 0.25230889790963446, 'q_scale': 0.00019536910216660268, 'batch_size': 64}. Best is trial 96 with value: -35.98885726928711.
Trainer already configured with model summary callbacks: [<class 'lightning.pytorch.callbacks.rich_model_summary.RichModelSummary'>]. Skipping setting a default `ModelSummary` callback.
GPU available: False, used: False
TPU available: False, using: 0 TPU cores
IPU available: False, using: 0 IPUs
HPU available: False, using: 0 HPUs
`Trainer.fit` stopped: `max_epochs=20` reached.
[I 2025-04-29 16:53:36,209] Trial 112 finished with value: 11.512228012084961 and parameters: {'pretrain_epochs': 0, 'lr': 0.0009004285895117579, 'mc_samples_train': 2, 'prior_scale': 0.1338151648862832, 'q_scale': 0.0002941253876609506, 'batch_size': 64}. Best is trial 96 with value: -35.98885726928711.
Trainer already configured with model summary callbacks: [<class 'lightning.pytorch.callbacks.rich_model_summary.RichModelSummary'>]. Skipping setting a default `ModelSummary` callback.
GPU available: False, used: False
TPU available: False, using: 0 TPU cores
IPU available: False, using: 0 IPUs
HPU available: False, using: 0 HPUs
`Trainer.fit` stopped: `max_epochs=20` reached.
[I 2025-04-29 16:54:20,229] Trial 113 finished with value: 31.196853637695312 and parameters: {'pretrain_epochs': 0, 'lr': 0.0006395725383371067, 'mc_samples_train': 2, 'prior_scale': 0.24235361540689906, 'q_scale': 0.00018495231743684512, 'batch_size': 64}. Best is trial 96 with value: -35.98885726928711.
Trainer already configured with model summary callbacks: [<class 'lightning.pytorch.callbacks.rich_model_summary.RichModelSummary'>]. Skipping setting a default `ModelSummary` callback.
GPU available: False, used: False
TPU available: False, using: 0 TPU cores
IPU available: False, using: 0 IPUs
HPU available: False, using: 0 HPUs
`Trainer.fit` stopped: `max_epochs=20` reached.
[I 2025-04-29 16:55:03,594] Trial 114 finished with value: -40.879295349121094 and parameters: {'pretrain_epochs': 0, 'lr': 0.0008076723091725019, 'mc_samples_train': 2, 'prior_scale': 0.4390156631064091, 'q_scale': 0.00036954509836188476, 'batch_size': 64}. Best is trial 114 with value: -40.879295349121094.
Trainer already configured with model summary callbacks: [<class 'lightning.pytorch.callbacks.rich_model_summary.RichModelSummary'>]. Skipping setting a default `ModelSummary` callback.
GPU available: False, used: False
TPU available: False, using: 0 TPU cores
IPU available: False, using: 0 IPUs
HPU available: False, using: 0 HPUs
`Trainer.fit` stopped: `max_epochs=20` reached.
[I 2025-04-29 16:55:26,579] Trial 115 finished with value: 579.4480590820312 and parameters: {'pretrain_epochs': 0, 'lr': 0.0008286843910701744, 'mc_samples_train': 2, 'prior_scale': 0.27758629041782007, 'q_scale': 0.0003661215278504638, 'batch_size': 512}. Best is trial 114 with value: -40.879295349121094.
Trainer already configured with model summary callbacks: [<class 'lightning.pytorch.callbacks.rich_model_summary.RichModelSummary'>]. Skipping setting a default `ModelSummary` callback.
GPU available: False, used: False
TPU available: False, using: 0 TPU cores
IPU available: False, using: 0 IPUs
HPU available: False, using: 0 HPUs
`Trainer.fit` stopped: `max_epochs=20` reached.
[I 2025-04-29 16:56:10,222] Trial 116 finished with value: -32.5786018371582 and parameters: {'pretrain_epochs': 0, 'lr': 0.000922580857092428, 'mc_samples_train': 2, 'prior_scale': 0.23092671235231627, 'q_scale': 0.00014601198787178831, 'batch_size': 64}. Best is trial 114 with value: -40.879295349121094.
Trainer already configured with model summary callbacks: [<class 'lightning.pytorch.callbacks.rich_model_summary.RichModelSummary'>]. Skipping setting a default `ModelSummary` callback.
GPU available: False, used: False
TPU available: False, using: 0 TPU cores
IPU available: False, using: 0 IPUs
HPU available: False, using: 0 HPUs
`Trainer.fit` stopped: `max_epochs=20` reached.
[I 2025-04-29 16:57:19,049] Trial 117 finished with value: 165.23399353027344 and parameters: {'pretrain_epochs': 0, 'lr': 1.5055855934557481e-05, 'mc_samples_train': 2, 'prior_scale': 0.17487967745670888, 'q_scale': 0.00014893775566915084, 'batch_size': 32}. Best is trial 114 with value: -40.879295349121094.
Trainer already configured with model summary callbacks: [<class 'lightning.pytorch.callbacks.rich_model_summary.RichModelSummary'>]. Skipping setting a default `ModelSummary` callback.
GPU available: False, used: False
TPU available: False, using: 0 TPU cores
IPU available: False, using: 0 IPUs
HPU available: False, using: 0 HPUs
`Trainer.fit` stopped: `max_epochs=20` reached.
[I 2025-04-29 16:58:03,488] Trial 118 finished with value: -34.63732147216797 and parameters: {'pretrain_epochs': 0, 'lr': 0.0009301705755781016, 'mc_samples_train': 2, 'prior_scale': 0.2235592139890673, 'q_scale': 0.0003027792899656357, 'batch_size': 64}. Best is trial 114 with value: -40.879295349121094.
Trainer already configured with model summary callbacks: [<class 'lightning.pytorch.callbacks.rich_model_summary.RichModelSummary'>]. Skipping setting a default `ModelSummary` callback.
GPU available: False, used: False
TPU available: False, using: 0 TPU cores
IPU available: False, using: 0 IPUs
HPU available: False, using: 0 HPUs
`Trainer.fit` stopped: `max_epochs=20` reached.
[I 2025-04-29 16:58:47,460] Trial 119 finished with value: 7.921483516693115 and parameters: {'pretrain_epochs': 0, 'lr': 0.0009991793914550906, 'mc_samples_train': 2, 'prior_scale': 0.2178553563233182, 'q_scale': 0.0003138109309342773, 'batch_size': 64}. Best is trial 114 with value: -40.879295349121094.
