[I 2025-05-13 20:40:31,619] Trial 19 finished with value: 195.9746551513672 and parameters: {'pretrain_epochs': 0, 'lr': 0.0003728050271772191, 'mc_samples_train': 2, 'prior_scale': 0.024870896588286166, 'q_scale': 0.0003307581823536927, 'obs_scale': 0.02751629365086828, 'batch_size': 256}. Best is trial 17 with value: -146.5489501953125.
Trainer already configured with model summary callbacks: [<class 'lightning.pytorch.callbacks.rich_model_summary.RichModelSummary'>]. Skipping setting a default `ModelSummary` callback.
GPU available: False, used: False
TPU available: False, using: 0 TPU cores
IPU available: False, using: 0 IPUs
HPU available: False, using: 0 HPUs
[I 2025-05-13 20:41:53,548] Trial 20 pruned. Trial was pruned at epoch 18.
Trainer already configured with model summary callbacks: [<class 'lightning.pytorch.callbacks.rich_model_summary.RichModelSummary'>]. Skipping setting a default `ModelSummary` callback.
GPU available: False, used: False
TPU available: False, using: 0 TPU cores
IPU available: False, using: 0 IPUs
HPU available: False, using: 0 HPUs
`Trainer.fit` stopped: `max_epochs=2000` reached.
[I 2025-05-13 21:57:34,931] Trial 21 finished with value: -56.359214782714844 and parameters: {'pretrain_epochs': 0, 'lr': 4.826286832294235e-05, 'mc_samples_train': 2, 'prior_scale': 0.31747966026722296, 'q_scale': 0.0003415526872390564, 'obs_scale': 0.03408110307600863, 'batch_size': 128}. Best is trial 17 with value: -146.5489501953125.
Trainer already configured with model summary callbacks: [<class 'lightning.pytorch.callbacks.rich_model_summary.RichModelSummary'>]. Skipping setting a default `ModelSummary` callback.
GPU available: False, used: False
TPU available: False, using: 0 TPU cores
IPU available: False, using: 0 IPUs
HPU available: False, using: 0 HPUs
`Trainer.fit` stopped: `max_epochs=2000` reached.
[I 2025-05-13 23:07:04,723] Trial 22 finished with value: -109.7126235961914 and parameters: {'pretrain_epochs': 0, 'lr': 0.00028820788269183164, 'mc_samples_train': 2, 'prior_scale': 0.43273462620143266, 'q_scale': 0.0009859287161846284, 'obs_scale': 0.04919707176828436, 'batch_size': 128}. Best is trial 17 with value: -146.5489501953125.
Trainer already configured with model summary callbacks: [<class 'lightning.pytorch.callbacks.rich_model_summary.RichModelSummary'>]. Skipping setting a default `ModelSummary` callback.
GPU available: False, used: False
TPU available: False, using: 0 TPU cores
IPU available: False, using: 0 IPUs
HPU available: False, using: 0 HPUs
`Trainer.fit` stopped: `max_epochs=2000` reached.
[I 2025-05-14 00:14:30,848] Trial 23 finished with value: -49.6732063293457 and parameters: {'pretrain_epochs': 0, 'lr': 5.238169217845394e-05, 'mc_samples_train': 2, 'prior_scale': 0.4330488602334728, 'q_scale': 0.00028166269235788594, 'obs_scale': 0.250659780213397, 'batch_size': 128}. Best is trial 17 with value: -146.5489501953125.
Trainer already configured with model summary callbacks: [<class 'lightning.pytorch.callbacks.rich_model_summary.RichModelSummary'>]. Skipping setting a default `ModelSummary` callback.
GPU available: False, used: False
TPU available: False, using: 0 TPU cores
IPU available: False, using: 0 IPUs
HPU available: False, using: 0 HPUs
[I 2025-05-14 00:19:44,989] Trial 24 pruned. Trial was pruned at epoch 156.
Trainer already configured with model summary callbacks: [<class 'lightning.pytorch.callbacks.rich_model_summary.RichModelSummary'>]. Skipping setting a default `ModelSummary` callback.
GPU available: False, used: False
TPU available: False, using: 0 TPU cores
IPU available: False, using: 0 IPUs
HPU available: False, using: 0 HPUs
[I 2025-05-14 00:29:32,625] Trial 25 pruned. Trial was pruned at epoch 93.
Trainer already configured with model summary callbacks: [<class 'lightning.pytorch.callbacks.rich_model_summary.RichModelSummary'>]. Skipping setting a default `ModelSummary` callback.
GPU available: False, used: False
TPU available: False, using: 0 TPU cores
IPU available: False, using: 0 IPUs
HPU available: False, using: 0 HPUs
`Trainer.fit` stopped: `max_epochs=2000` reached.
[I 2025-05-14 01:10:23,468] Trial 26 finished with value: -54.19322204589844 and parameters: {'pretrain_epochs': 0, 'lr': 1.6960704889299183e-05, 'mc_samples_train': 1, 'prior_scale': 0.09011554759866658, 'q_scale': 0.001078753664675607, 'obs_scale': 0.22213860766593982, 'batch_size': 128}. Best is trial 17 with value: -146.5489501953125.
Trainer already configured with model summary callbacks: [<class 'lightning.pytorch.callbacks.rich_model_summary.RichModelSummary'>]. Skipping setting a default `ModelSummary` callback.
GPU available: False, used: False
TPU available: False, using: 0 TPU cores
IPU available: False, using: 0 IPUs
HPU available: False, using: 0 HPUs
`Trainer.fit` stopped: `max_epochs=2000` reached.
[I 2025-05-14 02:13:52,923] Trial 27 finished with value: -69.60344696044922 and parameters: {'pretrain_epochs': 0, 'lr': 0.0002832419881966086, 'mc_samples_train': 2, 'prior_scale': 0.19707740386367245, 'q_scale': 0.0005765651018710545, 'obs_scale': 0.05620006458995668, 'batch_size': 128}. Best is trial 17 with value: -146.5489501953125.
Trainer already configured with model summary callbacks: [<class 'lightning.pytorch.callbacks.rich_model_summary.RichModelSummary'>]. Skipping setting a default `ModelSummary` callback.
GPU available: False, used: False
TPU available: False, using: 0 TPU cores
IPU available: False, using: 0 IPUs
HPU available: False, using: 0 HPUs
[I 2025-05-14 02:17:54,788] Trial 28 pruned. Trial was pruned at epoch 123.
Trainer already configured with model summary callbacks: [<class 'lightning.pytorch.callbacks.rich_model_summary.RichModelSummary'>]. Skipping setting a default `ModelSummary` callback.
GPU available: False, used: False
TPU available: False, using: 0 TPU cores
IPU available: False, using: 0 IPUs
HPU available: False, using: 0 HPUs
`Trainer.fit` stopped: `max_epochs=2000` reached.
[I 2025-05-14 02:55:45,024] Trial 29 finished with value: -125.2209701538086 and parameters: {'pretrain_epochs': 0, 'lr': 2.5229410469940185e-05, 'mc_samples_train': 1, 'prior_scale': 0.9551490751052607, 'q_scale': 0.0001964706891732991, 'obs_scale': 0.10402803915417923, 'batch_size': 128}. Best is trial 17 with value: -146.5489501953125.
Trainer already configured with model summary callbacks: [<class 'lightning.pytorch.callbacks.rich_model_summary.RichModelSummary'>]. Skipping setting a default `ModelSummary` callback.
GPU available: False, used: False
TPU available: False, using: 0 TPU cores
IPU available: False, using: 0 IPUs
HPU available: False, using: 0 HPUs
[I 2025-05-14 03:02:53,638] Trial 30 pruned. Trial was pruned at epoch 122.
Trainer already configured with model summary callbacks: [<class 'lightning.pytorch.callbacks.rich_model_summary.RichModelSummary'>]. Skipping setting a default `ModelSummary` callback.
GPU available: False, used: False
TPU available: False, using: 0 TPU cores
IPU available: False, using: 0 IPUs
HPU available: False, using: 0 HPUs
`Trainer.fit` stopped: `max_epochs=2000` reached.
[I 2025-05-14 03:40:12,052] Trial 31 finished with value: -108.62326049804688 and parameters: {'pretrain_epochs': 0, 'lr': 2.7520020320248394e-05, 'mc_samples_train': 1, 'prior_scale': 0.5212065403783638, 'q_scale': 0.0004020615230314697, 'obs_scale': 0.11825917229834086, 'batch_size': 128}. Best is trial 17 with value: -146.5489501953125.
Trainer already configured with model summary callbacks: [<class 'lightning.pytorch.callbacks.rich_model_summary.RichModelSummary'>]. Skipping setting a default `ModelSummary` callback.
GPU available: False, used: False
TPU available: False, using: 0 TPU cores
IPU available: False, using: 0 IPUs
HPU available: False, using: 0 HPUs
[I 2025-05-14 03:44:10,900] Trial 32 pruned. Trial was pruned at epoch 214.
Trainer already configured with model summary callbacks: [<class 'lightning.pytorch.callbacks.rich_model_summary.RichModelSummary'>]. Skipping setting a default `ModelSummary` callback.
GPU available: False, used: False
TPU available: False, using: 0 TPU cores
IPU available: False, using: 0 IPUs
HPU available: False, using: 0 HPUs
[I 2025-05-14 03:52:38,066] Trial 33 pruned. Trial was pruned at epoch 456.
Trainer already configured with model summary callbacks: [<class 'lightning.pytorch.callbacks.rich_model_summary.RichModelSummary'>]. Skipping setting a default `ModelSummary` callback.
GPU available: False, used: False
TPU available: False, using: 0 TPU cores
IPU available: False, using: 0 IPUs
HPU available: False, using: 0 HPUs
[I 2025-05-14 03:57:45,136] Trial 34 pruned. Trial was pruned at epoch 274.
Trainer already configured with model summary callbacks: [<class 'lightning.pytorch.callbacks.rich_model_summary.RichModelSummary'>]. Skipping setting a default `ModelSummary` callback.
GPU available: False, used: False
TPU available: False, using: 0 TPU cores
IPU available: False, using: 0 IPUs
HPU available: False, using: 0 HPUs
`Trainer.fit` stopped: `max_epochs=2000` reached.
[I 2025-05-14 04:59:30,462] Trial 35 finished with value: -81.52513885498047 and parameters: {'pretrain_epochs': 0, 'lr': 7.307018218980261e-05, 'mc_samples_train': 2, 'prior_scale': 0.060892016266996626, 'q_scale': 0.0015558551569959016, 'obs_scale': 0.16376442898351837, 'batch_size': 128}. Best is trial 17 with value: -146.5489501953125.
Trainer already configured with model summary callbacks: [<class 'lightning.pytorch.callbacks.rich_model_summary.RichModelSummary'>]. Skipping setting a default `ModelSummary` callback.
GPU available: False, used: False
TPU available: False, using: 0 TPU cores
IPU available: False, using: 0 IPUs
HPU available: False, using: 0 HPUs
[I 2025-05-14 04:59:44,715] Trial 36 pruned. Trial was pruned at epoch 8.
Trainer already configured with model summary callbacks: [<class 'lightning.pytorch.callbacks.rich_model_summary.RichModelSummary'>]. Skipping setting a default `ModelSummary` callback.
GPU available: False, used: False
TPU available: False, using: 0 TPU cores
IPU available: False, using: 0 IPUs
HPU available: False, using: 0 HPUs
[I 2025-05-14 05:16:06,104] Trial 37 pruned. Trial was pruned at epoch 831.
Trainer already configured with model summary callbacks: [<class 'lightning.pytorch.callbacks.rich_model_summary.RichModelSummary'>]. Skipping setting a default `ModelSummary` callback.
GPU available: False, used: False
TPU available: False, using: 0 TPU cores
IPU available: False, using: 0 IPUs
HPU available: False, using: 0 HPUs
[I 2025-05-14 05:16:22,016] Trial 38 pruned. Trial was pruned at epoch 4.
Trainer already configured with model summary callbacks: [<class 'lightning.pytorch.callbacks.rich_model_summary.RichModelSummary'>]. Skipping setting a default `ModelSummary` callback.
GPU available: False, used: False
TPU available: False, using: 0 TPU cores
IPU available: False, using: 0 IPUs
HPU available: False, using: 0 HPUs
[I 2025-05-14 05:25:05,908] Trial 39 pruned. Trial was pruned at epoch 144.
Trainer already configured with model summary callbacks: [<class 'lightning.pytorch.callbacks.rich_model_summary.RichModelSummary'>]. Skipping setting a default `ModelSummary` callback.
GPU available: False, used: False
TPU available: False, using: 0 TPU cores
IPU available: False, using: 0 IPUs
HPU available: False, using: 0 HPUs
[I 2025-05-14 05:29:42,518] Trial 40 pruned. Trial was pruned at epoch 83.
Trainer already configured with model summary callbacks: [<class 'lightning.pytorch.callbacks.rich_model_summary.RichModelSummary'>]. Skipping setting a default `ModelSummary` callback.
GPU available: False, used: False
TPU available: False, using: 0 TPU cores
IPU available: False, using: 0 IPUs
HPU available: False, using: 0 HPUs
`Trainer.fit` stopped: `max_epochs=2000` reached.
[I 2025-05-14 06:33:31,473] Trial 41 finished with value: -181.38616943359375 and parameters: {'pretrain_epochs': 0, 'lr': 0.00042005140768173045, 'mc_samples_train': 2, 'prior_scale': 0.4221057879233836, 'q_scale': 0.0009685869900113073, 'obs_scale': 0.06685024427612524, 'batch_size': 128}. Best is trial 41 with value: -181.38616943359375.
Trainer already configured with model summary callbacks: [<class 'lightning.pytorch.callbacks.rich_model_summary.RichModelSummary'>]. Skipping setting a default `ModelSummary` callback.
GPU available: False, used: False
TPU available: False, using: 0 TPU cores
IPU available: False, using: 0 IPUs
HPU available: False, using: 0 HPUs
`Trainer.fit` stopped: `max_epochs=2000` reached.
[I 2025-05-14 07:40:31,054] Trial 42 finished with value: -93.42288208007812 and parameters: {'pretrain_epochs': 0, 'lr': 0.0006081877080686448, 'mc_samples_train': 2, 'prior_scale': 0.3923410955596767, 'q_scale': 0.0006110044560783872, 'obs_scale': 0.16575193962845733, 'batch_size': 128}. Best is trial 41 with value: -181.38616943359375.
Trainer already configured with model summary callbacks: [<class 'lightning.pytorch.callbacks.rich_model_summary.RichModelSummary'>]. Skipping setting a default `ModelSummary` callback.
GPU available: False, used: False
TPU available: False, using: 0 TPU cores
IPU available: False, using: 0 IPUs
HPU available: False, using: 0 HPUs
`Trainer.fit` stopped: `max_epochs=2000` reached.
[I 2025-05-14 08:46:39,696] Trial 43 finished with value: -169.76431274414062 and parameters: {'pretrain_epochs': 0, 'lr': 0.00047383773595546905, 'mc_samples_train': 2, 'prior_scale': 0.7504652817461253, 'q_scale': 0.00016884874792017624, 'obs_scale': 0.07789031236421033, 'batch_size': 128}. Best is trial 41 with value: -181.38616943359375.
Trainer already configured with model summary callbacks: [<class 'lightning.pytorch.callbacks.rich_model_summary.RichModelSummary'>]. Skipping setting a default `ModelSummary` callback.
GPU available: False, used: False
TPU available: False, using: 0 TPU cores
IPU available: False, using: 0 IPUs
HPU available: False, using: 0 HPUs
[I 2025-05-14 08:49:06,408] Trial 44 pruned. Trial was pruned at epoch 150.
Trainer already configured with model summary callbacks: [<class 'lightning.pytorch.callbacks.rich_model_summary.RichModelSummary'>]. Skipping setting a default `ModelSummary` callback.
GPU available: False, used: False
TPU available: False, using: 0 TPU cores
IPU available: False, using: 0 IPUs
HPU available: False, using: 0 HPUs
[I 2025-05-14 09:09:14,296] Trial 45 pruned. Trial was pruned at epoch 603.
Trainer already configured with model summary callbacks: [<class 'lightning.pytorch.callbacks.rich_model_summary.RichModelSummary'>]. Skipping setting a default `ModelSummary` callback.
GPU available: False, used: False
TPU available: False, using: 0 TPU cores
IPU available: False, using: 0 IPUs
HPU available: False, using: 0 HPUs
[I 2025-05-14 09:14:09,608] Trial 46 pruned. Trial was pruned at epoch 352.
Trainer already configured with model summary callbacks: [<class 'lightning.pytorch.callbacks.rich_model_summary.RichModelSummary'>]. Skipping setting a default `ModelSummary` callback.
GPU available: False, used: False
TPU available: False, using: 0 TPU cores
IPU available: False, using: 0 IPUs
HPU available: False, using: 0 HPUs
`Trainer.fit` stopped: `max_epochs=2000` reached.
[I 2025-05-14 10:18:55,097] Trial 47 finished with value: -145.7663116455078 and parameters: {'pretrain_epochs': 0, 'lr': 0.0007191400386354072, 'mc_samples_train': 2, 'prior_scale': 0.038700289355471054, 'q_scale': 0.00037601106997545635, 'obs_scale': 0.06922132018801168, 'batch_size': 128}. Best is trial 41 with value: -181.38616943359375.
Trainer already configured with model summary callbacks: [<class 'lightning.pytorch.callbacks.rich_model_summary.RichModelSummary'>]. Skipping setting a default `ModelSummary` callback.
GPU available: False, used: False
TPU available: False, using: 0 TPU cores
IPU available: False, using: 0 IPUs
HPU available: False, using: 0 HPUs
`Trainer.fit` stopped: `max_epochs=2000` reached.
[I 2025-05-14 11:32:38,990] Trial 48 finished with value: -172.02474975585938 and parameters: {'pretrain_epochs': 0, 'lr': 0.000720421366293017, 'mc_samples_train': 2, 'prior_scale': 0.038450340150464515, 'q_scale': 0.0014823543744103553, 'obs_scale': 0.07385835433748311, 'batch_size': 128}. Best is trial 41 with value: -181.38616943359375.
Trainer already configured with model summary callbacks: [<class 'lightning.pytorch.callbacks.rich_model_summary.RichModelSummary'>]. Skipping setting a default `ModelSummary` callback.
GPU available: False, used: False
TPU available: False, using: 0 TPU cores
IPU available: False, using: 0 IPUs
HPU available: False, using: 0 HPUs
[I 2025-05-14 11:34:26,419] Trial 49 pruned. Trial was pruned at epoch 68.
Trainer already configured with model summary callbacks: [<class 'lightning.pytorch.callbacks.rich_model_summary.RichModelSummary'>]. Skipping setting a default `ModelSummary` callback.
GPU available: False, used: False
TPU available: False, using: 0 TPU cores
IPU available: False, using: 0 IPUs
HPU available: False, using: 0 HPUs
`Trainer.fit` stopped: `max_epochs=2000` reached.
[I 2025-05-14 12:53:40,049] Trial 50 finished with value: 44.452491760253906 and parameters: {'pretrain_epochs': 0, 'lr': 0.0007730702081887369, 'mc_samples_train': 2, 'prior_scale': 0.01152235331935026, 'q_scale': 0.0013421818436830824, 'obs_scale': 0.060808990907371706, 'batch_size': 128}. Best is trial 41 with value: -181.38616943359375.
Trainer already configured with model summary callbacks: [<class 'lightning.pytorch.callbacks.rich_model_summary.RichModelSummary'>]. Skipping setting a default `ModelSummary` callback.
GPU available: False, used: False
TPU available: False, using: 0 TPU cores
IPU available: False, using: 0 IPUs
HPU available: False, using: 0 HPUs
[I 2025-05-14 13:44:55,274] Trial 51 pruned. Trial was pruned at epoch 1417.
Trainer already configured with model summary callbacks: [<class 'lightning.pytorch.callbacks.rich_model_summary.RichModelSummary'>]. Skipping setting a default `ModelSummary` callback.
GPU available: False, used: False
TPU available: False, using: 0 TPU cores
IPU available: False, using: 0 IPUs
HPU available: False, using: 0 HPUs
[I 2025-05-14 14:03:36,250] Trial 52 pruned. Trial was pruned at epoch 552.
Trainer already configured with model summary callbacks: [<class 'lightning.pytorch.callbacks.rich_model_summary.RichModelSummary'>]. Skipping setting a default `ModelSummary` callback.
GPU available: False, used: False
TPU available: False, using: 0 TPU cores
IPU available: False, using: 0 IPUs
HPU available: False, using: 0 HPUs
`Trainer.fit` stopped: `max_epochs=2000` reached.
[I 2025-05-14 15:13:22,700] Trial 53 finished with value: -144.8254852294922 and parameters: {'pretrain_epochs': 0, 'lr': 0.00022357950439642874, 'mc_samples_train': 2, 'prior_scale': 0.03738307793311759, 'q_scale': 0.0004204450632494787, 'obs_scale': 0.08663771651007465, 'batch_size': 128}. Best is trial 41 with value: -181.38616943359375.
Trainer already configured with model summary callbacks: [<class 'lightning.pytorch.callbacks.rich_model_summary.RichModelSummary'>]. Skipping setting a default `ModelSummary` callback.
GPU available: False, used: False
TPU available: False, using: 0 TPU cores
IPU available: False, using: 0 IPUs
HPU available: False, using: 0 HPUs
[I 2025-05-14 15:16:02,138] Trial 54 pruned. Trial was pruned at epoch 68.
Trainer already configured with model summary callbacks: [<class 'lightning.pytorch.callbacks.rich_model_summary.RichModelSummary'>]. Skipping setting a default `ModelSummary` callback.
GPU available: False, used: False
TPU available: False, using: 0 TPU cores
IPU available: False, using: 0 IPUs
HPU available: False, using: 0 HPUs
[I 2025-05-14 15:48:38,994] Trial 55 pruned. Trial was pruned at epoch 552.
Trainer already configured with model summary callbacks: [<class 'lightning.pytorch.callbacks.rich_model_summary.RichModelSummary'>]. Skipping setting a default `ModelSummary` callback.
GPU available: False, used: False
TPU available: False, using: 0 TPU cores
IPU available: False, using: 0 IPUs
HPU available: False, using: 0 HPUs
[I 2025-05-14 15:57:29,509] Trial 56 pruned. Trial was pruned at epoch 247.
Trainer already configured with model summary callbacks: [<class 'lightning.pytorch.callbacks.rich_model_summary.RichModelSummary'>]. Skipping setting a default `ModelSummary` callback.
GPU available: False, used: False
TPU available: False, using: 0 TPU cores
IPU available: False, using: 0 IPUs
HPU available: False, using: 0 HPUs
[I 2025-05-14 16:08:11,452] Trial 57 pruned. Trial was pruned at epoch 307.
Trainer already configured with model summary callbacks: [<class 'lightning.pytorch.callbacks.rich_model_summary.RichModelSummary'>]. Skipping setting a default `ModelSummary` callback.
GPU available: False, used: False
TPU available: False, using: 0 TPU cores
IPU available: False, using: 0 IPUs
HPU available: False, using: 0 HPUs
[I 2025-05-14 16:20:03,439] Trial 58 pruned. Trial was pruned at epoch 113.
Trainer already configured with model summary callbacks: [<class 'lightning.pytorch.callbacks.rich_model_summary.RichModelSummary'>]. Skipping setting a default `ModelSummary` callback.
GPU available: False, used: False
TPU available: False, using: 0 TPU cores
IPU available: False, using: 0 IPUs
HPU available: False, using: 0 HPUs
[I 2025-05-14 16:21:40,236] Trial 59 pruned. Trial was pruned at epoch 59.
