[I 2024-05-24 15:48:28,340] Trial 42 finished with value: 21.82976722717285 and parameters: {'pretrain_epochs': 0, 'lr': 0.0007810047860749132, 'mc_samples_train': 1, 'prior_scale': 0.04977734063670971, 'q_scale': 0.0009870864144858303, 'obs_scale': 0.44001273653437667, 'batch_size': 32}. Best is trial 20 with value: 8.795220375061035.
Trainer already configured with model summary callbacks: [<class 'lightning.pytorch.callbacks.rich_model_summary.RichModelSummary'>]. Skipping setting a default `ModelSummary` callback.
GPU available: False, used: False
TPU available: False, using: 0 TPU cores
IPU available: False, using: 0 IPUs
HPU available: False, using: 0 HPUs
`Trainer.fit` stopped: `max_epochs=20` reached.
[I 2024-05-24 15:51:21,720] Trial 38 finished with value: 249.6856689453125 and parameters: {'pretrain_epochs': 0, 'lr': 0.00044206432115025064, 'mc_samples_train': 2, 'prior_scale': 0.03550002544853652, 'q_scale': 0.0017704988662195682, 'obs_scale': 0.6484039653175203, 'batch_size': 256}. Best is trial 20 with value: 7.570845127105713.
Trainer already configured with model summary callbacks: [<class 'lightning.pytorch.callbacks.rich_model_summary.RichModelSummary'>]. Skipping setting a default `ModelSummary` callback.
GPU available: False, used: False
TPU available: False, using: 0 TPU cores
IPU available: False, using: 0 IPUs
HPU available: False, using: 0 HPUs
`Trainer.fit` stopped: `max_epochs=20` reached.
[I 2024-05-24 15:52:57,207] Trial 35 finished with value: 220.3529510498047 and parameters: {'pretrain_epochs': 0, 'lr': 2.7722032902337684e-05, 'mc_samples_train': 2, 'prior_scale': 0.06440353872516405, 'q_scale': 0.0009456229874537455, 'obs_scale': 1.0976679165359347, 'batch_size': 32}. Best is trial 23 with value: 13.973926544189453.
Trainer already configured with model summary callbacks: [<class 'lightning.pytorch.callbacks.rich_model_summary.RichModelSummary'>]. Skipping setting a default `ModelSummary` callback.
GPU available: False, used: False
TPU available: False, using: 0 TPU cores
IPU available: False, using: 0 IPUs
HPU available: False, using: 0 HPUs
`Trainer.fit` stopped: `max_epochs=20` reached.
[I 2024-05-24 15:54:20,992] Trial 39 finished with value: 1005.53955078125 and parameters: {'pretrain_epochs': 5, 'lr': 1.779960128170813e-05, 'mc_samples_train': 1, 'prior_scale': 0.04258309931113826, 'q_scale': 0.00024697338723663815, 'obs_scale': 1.2890153691753936, 'batch_size': 128}. Best is trial 20 with value: 7.570845127105713.
Trainer already configured with model summary callbacks: [<class 'lightning.pytorch.callbacks.rich_model_summary.RichModelSummary'>]. Skipping setting a default `ModelSummary` callback.
GPU available: False, used: False
TPU available: False, using: 0 TPU cores
IPU available: False, using: 0 IPUs
HPU available: False, using: 0 HPUs
`Trainer.fit` stopped: `max_epochs=20` reached.
[I 2024-05-24 15:56:15,970] Trial 43 finished with value: 199.88516235351562 and parameters: {'pretrain_epochs': 0, 'lr': 0.0003059323051072793, 'mc_samples_train': 1, 'prior_scale': 0.07666832790534799, 'q_scale': 0.002006732782072307, 'obs_scale': 0.32525410530092974, 'batch_size': 32}. Best is trial 20 with value: 8.795220375061035.
Trainer already configured with model summary callbacks: [<class 'lightning.pytorch.callbacks.rich_model_summary.RichModelSummary'>]. Skipping setting a default `ModelSummary` callback.
GPU available: False, used: False
TPU available: False, using: 0 TPU cores
IPU available: False, using: 0 IPUs
HPU available: False, using: 0 HPUs
`Trainer.fit` stopped: `max_epochs=20` reached.
[I 2024-05-24 16:01:30,611] Trial 36 finished with value: 163.02418518066406 and parameters: {'pretrain_epochs': 5, 'lr': 0.00040543093472549224, 'mc_samples_train': 1, 'prior_scale': 0.0321829215948626, 'q_scale': 0.00024526562363288333, 'obs_scale': 0.4436003451948286, 'batch_size': 32}. Best is trial 23 with value: 13.973926544189453.
Trainer already configured with model summary callbacks: [<class 'lightning.pytorch.callbacks.rich_model_summary.RichModelSummary'>]. Skipping setting a default `ModelSummary` callback.
GPU available: False, used: False
TPU available: False, using: 0 TPU cores
IPU available: False, using: 0 IPUs
HPU available: False, using: 0 HPUs
`Trainer.fit` stopped: `max_epochs=20` reached.
[I 2024-05-24 16:02:43,831] Trial 44 finished with value: 12.45425796508789 and parameters: {'pretrain_epochs': 0, 'lr': 0.0006332625350956344, 'mc_samples_train': 1, 'prior_scale': 0.05946211542099247, 'q_scale': 0.00010174879441412058, 'obs_scale': 0.43006409907209103, 'batch_size': 32}. Best is trial 20 with value: 8.795220375061035.
Trainer already configured with model summary callbacks: [<class 'lightning.pytorch.callbacks.rich_model_summary.RichModelSummary'>]. Skipping setting a default `ModelSummary` callback.
GPU available: False, used: False
TPU available: False, using: 0 TPU cores
IPU available: False, using: 0 IPUs
HPU available: False, using: 0 HPUs
`Trainer.fit` stopped: `max_epochs=20` reached.
[I 2024-05-24 16:03:43,733] Trial 37 finished with value: 81407.4375 and parameters: {'pretrain_epochs': 0, 'lr': 0.00014913593738818511, 'mc_samples_train': 1, 'prior_scale': 0.09120439297552839, 'q_scale': 0.00038203459962374433, 'obs_scale': 0.563411466321853, 'batch_size': 512}. Best is trial 23 with value: 13.973926544189453.
Trainer already configured with model summary callbacks: [<class 'lightning.pytorch.callbacks.rich_model_summary.RichModelSummary'>]. Skipping setting a default `ModelSummary` callback.
GPU available: False, used: False
TPU available: False, using: 0 TPU cores
IPU available: False, using: 0 IPUs
HPU available: False, using: 0 HPUs
`Trainer.fit` stopped: `max_epochs=20` reached.
[I 2024-05-24 16:04:29,895] Trial 45 finished with value: 485.2985534667969 and parameters: {'pretrain_epochs': 0, 'lr': 0.00042537631512919893, 'mc_samples_train': 1, 'prior_scale': 0.09855865418199686, 'q_scale': 0.00010158363528356515, 'obs_scale': 0.2743425869975343, 'batch_size': 256}. Best is trial 20 with value: 8.795220375061035.
Trainer already configured with model summary callbacks: [<class 'lightning.pytorch.callbacks.rich_model_summary.RichModelSummary'>]. Skipping setting a default `ModelSummary` callback.
GPU available: False, used: False
TPU available: False, using: 0 TPU cores
IPU available: False, using: 0 IPUs
HPU available: False, using: 0 HPUs
[I 2024-05-24 16:07:10,943] Trial 40 pruned. Trial was pruned at epoch 19.
Trainer already configured with model summary callbacks: [<class 'lightning.pytorch.callbacks.rich_model_summary.RichModelSummary'>]. Skipping setting a default `ModelSummary` callback.
GPU available: False, used: False
TPU available: False, using: 0 TPU cores
IPU available: False, using: 0 IPUs
HPU available: False, using: 0 HPUs
`Trainer.fit` stopped: `max_epochs=20` reached.
[I 2024-05-24 16:07:58,210] Trial 38 finished with value: 256.9300537109375 and parameters: {'pretrain_epochs': 0, 'lr': 0.0002972840099043218, 'mc_samples_train': 2, 'prior_scale': 0.14271947763354037, 'q_scale': 0.0011046943371972213, 'obs_scale': 0.7681695633728916, 'batch_size': 256}. Best is trial 23 with value: 13.973926544189453.
Trainer already configured with model summary callbacks: [<class 'lightning.pytorch.callbacks.rich_model_summary.RichModelSummary'>]. Skipping setting a default `ModelSummary` callback.
GPU available: False, used: False
TPU available: False, using: 0 TPU cores
IPU available: False, using: 0 IPUs
HPU available: False, using: 0 HPUs
`Trainer.fit` stopped: `max_epochs=20` reached.
[I 2024-05-24 16:10:08,536] Trial 46 finished with value: 18.140451431274414 and parameters: {'pretrain_epochs': 0, 'lr': 0.000997930783240949, 'mc_samples_train': 1, 'prior_scale': 0.060833387752002394, 'q_scale': 0.00021041204788870645, 'obs_scale': 0.4285221668982412, 'batch_size': 32}. Best is trial 20 with value: 8.795220375061035.
Trainer already configured with model summary callbacks: [<class 'lightning.pytorch.callbacks.rich_model_summary.RichModelSummary'>]. Skipping setting a default `ModelSummary` callback.
GPU available: False, used: False
TPU available: False, using: 0 TPU cores
IPU available: False, using: 0 IPUs
HPU available: False, using: 0 HPUs
`Trainer.fit` stopped: `max_epochs=20` reached.
[I 2024-05-24 16:11:15,218] Trial 39 finished with value: 1337.096923828125 and parameters: {'pretrain_epochs': 5, 'lr': 0.0008037234347984701, 'mc_samples_train': 1, 'prior_scale': 0.12015069252918972, 'q_scale': 0.0005018583527468872, 'obs_scale': 0.20329334720403028, 'batch_size': 128}. Best is trial 23 with value: 13.973926544189453.
Trainer already configured with model summary callbacks: [<class 'lightning.pytorch.callbacks.rich_model_summary.RichModelSummary'>]. Skipping setting a default `ModelSummary` callback.
GPU available: False, used: False
TPU available: False, using: 0 TPU cores
IPU available: False, using: 0 IPUs
HPU available: False, using: 0 HPUs
`Trainer.fit` stopped: `max_epochs=20` reached.
[I 2024-05-24 16:12:18,926] Trial 47 finished with value: 279.753662109375 and parameters: {'pretrain_epochs': 5, 'lr': 0.0006000414195743819, 'mc_samples_train': 1, 'prior_scale': 0.035258651824255624, 'q_scale': 0.00011985097304494243, 'obs_scale': 0.6081792816161671, 'batch_size': 128}. Best is trial 20 with value: 8.795220375061035.
Trainer already configured with model summary callbacks: [<class 'lightning.pytorch.callbacks.rich_model_summary.RichModelSummary'>]. Skipping setting a default `ModelSummary` callback.
GPU available: False, used: False
TPU available: False, using: 0 TPU cores
IPU available: False, using: 0 IPUs
HPU available: False, using: 0 HPUs
`Trainer.fit` stopped: `max_epochs=20` reached.
[I 2024-05-24 16:13:46,721] Trial 48 finished with value: 10869380.0 and parameters: {'pretrain_epochs': 0, 'lr': 1.0125058472109033e-05, 'mc_samples_train': 1, 'prior_scale': 0.20075418565349623, 'q_scale': 0.00014861953629173865, 'obs_scale': 0.13470210895997695, 'batch_size': 512}. Best is trial 20 with value: 8.795220375061035.
`Trainer.fit` stopped: `max_epochs=20` reached.
[I 2024-05-24 16:14:16,369] Trial 41 finished with value: 28.664762496948242 and parameters: {'pretrain_epochs': 0, 'lr': 0.0007810047684009159, 'mc_samples_train': 1, 'prior_scale': 0.07460398630428074, 'q_scale': 0.00021009633065040994, 'obs_scale': 0.30742537370637046, 'batch_size': 32}. Best is trial 20 with value: 7.570845127105713.
Trainer already configured with model summary callbacks: [<class 'lightning.pytorch.callbacks.rich_model_summary.RichModelSummary'>]. Skipping setting a default `ModelSummary` callback.
GPU available: False, used: False
TPU available: False, using: 0 TPU cores
IPU available: False, using: 0 IPUs
HPU available: False, using: 0 HPUs
Trainer already configured with model summary callbacks: [<class 'lightning.pytorch.callbacks.rich_model_summary.RichModelSummary'>]. Skipping setting a default `ModelSummary` callback.
GPU available: False, used: False
TPU available: False, using: 0 TPU cores
IPU available: False, using: 0 IPUs
HPU available: False, using: 0 HPUs
`Trainer.fit` stopped: `max_epochs=20` reached.
[I 2024-05-24 16:21:14,794] Trial 42 finished with value: 12.07579517364502 and parameters: {'pretrain_epochs': 0, 'lr': 0.000833823738406125, 'mc_samples_train': 1, 'prior_scale': 0.05936172622629903, 'q_scale': 0.00015915366241471443, 'obs_scale': 0.3313858318021942, 'batch_size': 32}. Best is trial 20 with value: 7.570845127105713.
Trainer already configured with model summary callbacks: [<class 'lightning.pytorch.callbacks.rich_model_summary.RichModelSummary'>]. Skipping setting a default `ModelSummary` callback.
GPU available: False, used: False
TPU available: False, using: 0 TPU cores
IPU available: False, using: 0 IPUs
HPU available: False, using: 0 HPUs
`Trainer.fit` stopped: `max_epochs=20` reached.
[I 2024-05-24 16:22:37,419] Trial 49 finished with value: 28.50465965270996 and parameters: {'pretrain_epochs': 0, 'lr': 0.000397903957099914, 'mc_samples_train': 2, 'prior_scale': 0.08101161562963576, 'q_scale': 0.00032262214400778926, 'obs_scale': 0.8285181121952915, 'batch_size': 32}. Best is trial 20 with value: 8.795220375061035.
Trainer already configured with model summary callbacks: [<class 'lightning.pytorch.callbacks.rich_model_summary.RichModelSummary'>]. Skipping setting a default `ModelSummary` callback.
GPU available: False, used: False
TPU available: False, using: 0 TPU cores
IPU available: False, using: 0 IPUs
HPU available: False, using: 0 HPUs
`Trainer.fit` stopped: `max_epochs=20` reached.
[I 2024-05-24 16:24:18,064] Trial 40 finished with value: 184.36097717285156 and parameters: {'pretrain_epochs': 0, 'lr': 9.15690020581792e-05, 'mc_samples_train': 2, 'prior_scale': 0.17083483372328492, 'q_scale': 0.00034775158827545486, 'obs_scale': 0.33681574877144815, 'batch_size': 32}. Best is trial 23 with value: 13.973926544189453.
Trainer already configured with model summary callbacks: [<class 'lightning.pytorch.callbacks.rich_model_summary.RichModelSummary'>]. Skipping setting a default `ModelSummary` callback.
GPU available: False, used: False
TPU available: False, using: 0 TPU cores
IPU available: False, using: 0 IPUs
HPU available: False, using: 0 HPUs
`Trainer.fit` stopped: `max_epochs=20` reached.
[I 2024-05-24 16:28:13,035] Trial 50 finished with value: 33.72554016113281 and parameters: {'pretrain_epochs': 0, 'lr': 0.0005139276323224396, 'mc_samples_train': 1, 'prior_scale': 0.11137203206290164, 'q_scale': 0.00362677016245377, 'obs_scale': 1.0145434612062143, 'batch_size': 32}. Best is trial 20 with value: 8.795220375061035.
Trainer already configured with model summary callbacks: [<class 'lightning.pytorch.callbacks.rich_model_summary.RichModelSummary'>]. Skipping setting a default `ModelSummary` callback.
GPU available: False, used: False
TPU available: False, using: 0 TPU cores
IPU available: False, using: 0 IPUs
HPU available: False, using: 0 HPUs
`Trainer.fit` stopped: `max_epochs=20` reached.
[I 2024-05-24 16:29:02,388] Trial 43 finished with value: 39.321624755859375 and parameters: {'pretrain_epochs': 0, 'lr': 0.0008056697292903502, 'mc_samples_train': 1, 'prior_scale': 0.05667581375668678, 'q_scale': 0.00010713881154318892, 'obs_scale': 0.4036477633290455, 'batch_size': 32}. Best is trial 20 with value: 7.570845127105713.
Trainer already configured with model summary callbacks: [<class 'lightning.pytorch.callbacks.rich_model_summary.RichModelSummary'>]. Skipping setting a default `ModelSummary` callback.
GPU available: False, used: False
TPU available: False, using: 0 TPU cores
IPU available: False, using: 0 IPUs
HPU available: False, using: 0 HPUs
`Trainer.fit` stopped: `max_epochs=20` reached.
[I 2024-05-24 16:31:58,801] Trial 41 finished with value: 16.550189971923828 and parameters: {'pretrain_epochs': 0, 'lr': 0.000631737331581124, 'mc_samples_train': 1, 'prior_scale': 0.09461612618755091, 'q_scale': 0.0002973573624642535, 'obs_scale': 0.5200950570914034, 'batch_size': 32}. Best is trial 23 with value: 13.973926544189453.
Trainer already configured with model summary callbacks: [<class 'lightning.pytorch.callbacks.rich_model_summary.RichModelSummary'>]. Skipping setting a default `ModelSummary` callback.
GPU available: False, used: False
TPU available: False, using: 0 TPU cores
IPU available: False, using: 0 IPUs
HPU available: False, using: 0 HPUs
`Trainer.fit` stopped: `max_epochs=20` reached.
[I 2024-05-24 16:34:35,912] Trial 51 finished with value: 16.635770797729492 and parameters: {'pretrain_epochs': 0, 'lr': 0.0007834564129333778, 'mc_samples_train': 1, 'prior_scale': 0.04784075629852243, 'q_scale': 0.00142397504288141, 'obs_scale': 0.49683402466956833, 'batch_size': 32}. Best is trial 20 with value: 8.795220375061035.
Trainer already configured with model summary callbacks: [<class 'lightning.pytorch.callbacks.rich_model_summary.RichModelSummary'>]. Skipping setting a default `ModelSummary` callback.
GPU available: False, used: False
TPU available: False, using: 0 TPU cores
IPU available: False, using: 0 IPUs
HPU available: False, using: 0 HPUs
`Trainer.fit` stopped: `max_epochs=20` reached.
[I 2024-05-24 16:36:08,748] Trial 44 finished with value: 56.859405517578125 and parameters: {'pretrain_epochs': 0, 'lr': 0.0005441983505767138, 'mc_samples_train': 1, 'prior_scale': 0.088647133176808, 'q_scale': 0.0001452635275060882, 'obs_scale': 0.35064533938700687, 'batch_size': 32}. Best is trial 20 with value: 7.570845127105713.
Trainer already configured with model summary callbacks: [<class 'lightning.pytorch.callbacks.rich_model_summary.RichModelSummary'>]. Skipping setting a default `ModelSummary` callback.
GPU available: False, used: False
TPU available: False, using: 0 TPU cores
IPU available: False, using: 0 IPUs
HPU available: False, using: 0 HPUs
`Trainer.fit` stopped: `max_epochs=20` reached.
[I 2024-05-24 16:38:34,107] Trial 45 finished with value: 274.99420166015625 and parameters: {'pretrain_epochs': 0, 'lr': 0.0009667551493626546, 'mc_samples_train': 1, 'prior_scale': 0.23576264943607209, 'q_scale': 0.00015870411810596594, 'obs_scale': 0.2284740192713978, 'batch_size': 256}. Best is trial 20 with value: 7.570845127105713.
`Trainer.fit` stopped: `max_epochs=20` reached.
[I 2024-05-24 16:38:49,406] Trial 42 finished with value: 12.648012161254883 and parameters: {'pretrain_epochs': 0, 'lr': 0.0005752880938533469, 'mc_samples_train': 1, 'prior_scale': 0.09932446036472461, 'q_scale': 0.00019597689702210828, 'obs_scale': 0.4404073995649561, 'batch_size': 32}. Best is trial 42 with value: 12.648012161254883.
Trainer already configured with model summary callbacks: [<class 'lightning.pytorch.callbacks.rich_model_summary.RichModelSummary'>]. Skipping setting a default `ModelSummary` callback.
GPU available: False, used: False
TPU available: False, using: 0 TPU cores
IPU available: False, using: 0 IPUs
HPU available: False, using: 0 HPUs
Trainer already configured with model summary callbacks: [<class 'lightning.pytorch.callbacks.rich_model_summary.RichModelSummary'>]. Skipping setting a default `ModelSummary` callback.
GPU available: False, used: False
TPU available: False, using: 0 TPU cores
IPU available: False, using: 0 IPUs
HPU available: False, using: 0 HPUs
`Trainer.fit` stopped: `max_epochs=20` reached.
[I 2024-05-24 16:40:12,606] Trial 52 finished with value: 10.936932563781738 and parameters: {'pretrain_epochs': 0, 'lr': 0.0006552714893977413, 'mc_samples_train': 1, 'prior_scale': 0.04210916466264082, 'q_scale': 0.000661531658818666, 'obs_scale': 0.37891561501423027, 'batch_size': 32}. Best is trial 20 with value: 8.795220375061035.
Trainer already configured with model summary callbacks: [<class 'lightning.pytorch.callbacks.rich_model_summary.RichModelSummary'>]. Skipping setting a default `ModelSummary` callback.
GPU available: False, used: False
TPU available: False, using: 0 TPU cores
IPU available: False, using: 0 IPUs
HPU available: False, using: 0 HPUs
`Trainer.fit` stopped: `max_epochs=20` reached.
[I 2024-05-24 16:46:00,319] Trial 46 finished with value: 14.396121978759766 and parameters: {'pretrain_epochs': 0, 'lr': 0.0006652190222180234, 'mc_samples_train': 1, 'prior_scale': 0.0441845152640731, 'q_scale': 0.00034283844133024317, 'obs_scale': 0.4660954531867439, 'batch_size': 32}. Best is trial 20 with value: 7.570845127105713.
Trainer already configured with model summary callbacks: [<class 'lightning.pytorch.callbacks.rich_model_summary.RichModelSummary'>]. Skipping setting a default `ModelSummary` callback.
GPU available: False, used: False
TPU available: False, using: 0 TPU cores
IPU available: False, using: 0 IPUs
HPU available: False, using: 0 HPUs
`Trainer.fit` stopped: `max_epochs=20` reached.
[I 2024-05-24 16:46:39,630] Trial 53 finished with value: 12.927022933959961 and parameters: {'pretrain_epochs': 0, 'lr': 0.0006568117881031401, 'mc_samples_train': 1, 'prior_scale': 0.04213674639680718, 'q_scale': 0.00026096594583978404, 'obs_scale': 0.3816046867756409, 'batch_size': 32}. Best is trial 20 with value: 8.795220375061035.
Trainer already configured with model summary callbacks: [<class 'lightning.pytorch.callbacks.rich_model_summary.RichModelSummary'>]. Skipping setting a default `ModelSummary` callback.
GPU available: False, used: False
TPU available: False, using: 0 TPU cores
IPU available: False, using: 0 IPUs
HPU available: False, using: 0 HPUs
`Trainer.fit` stopped: `max_epochs=20` reached.
[I 2024-05-24 16:47:47,057] Trial 43 finished with value: 33.670223236083984 and parameters: {'pretrain_epochs': 0, 'lr': 0.000489350653732724, 'mc_samples_train': 1, 'prior_scale': 0.10190403880637247, 'q_scale': 0.00016050009896061184, 'obs_scale': 0.4322039322666469, 'batch_size': 32}. Best is trial 42 with value: 12.648012161254883.
Trainer already configured with model summary callbacks: [<class 'lightning.pytorch.callbacks.rich_model_summary.RichModelSummary'>]. Skipping setting a default `ModelSummary` callback.
GPU available: False, used: False
TPU available: False, using: 0 TPU cores
IPU available: False, using: 0 IPUs
HPU available: False, using: 0 HPUs
`Trainer.fit` stopped: `max_epochs=20` reached.
[I 2024-05-24 16:49:07,510] Trial 47 finished with value: 188.7181396484375 and parameters: {'pretrain_epochs': 5, 'lr': 0.0004183055130992373, 'mc_samples_train': 1, 'prior_scale': 0.026225593261762777, 'q_scale': 0.0005739361875658825, 'obs_scale': 0.9213452991226261, 'batch_size': 128}. Best is trial 20 with value: 7.570845127105713.
Trainer already configured with model summary callbacks: [<class 'lightning.pytorch.callbacks.rich_model_summary.RichModelSummary'>]. Skipping setting a default `ModelSummary` callback.
GPU available: False, used: False
TPU available: False, using: 0 TPU cores
IPU available: False, using: 0 IPUs
HPU available: False, using: 0 HPUs
`Trainer.fit` stopped: `max_epochs=20` reached.
