In 'hpsearch': Could not find 'hpsearch/nn'

Available options in 'hpsearch':
	bnn_fo
	bnn_lrt
	bnn_rad
Config search path:
	provider=hydra, path=pkg://hydra.conf
	provider=main, path=file:///home/g15farris/bin/forks/bayesaenet/src/configs
	provider=hydra-colorlog, path=pkg://hydra_plugins.hydra_colorlog.conf
	provider=schema, path=structured://

Set the environment variable HYDRA_FULL_ERROR=1 for a complete stack trace.
/home/g15farris/.conda/envs/bnn/lib/python3.12/site-packages/hydra/_internal/instantiate/_instantiate2.py:92: ExperimentalWarning: PatientPruner is experimental (supported from v2.8.0). The interface can change in the future.
  return _target_(*args, **kwargs)
/home/g15farris/.conda/envs/bnn/lib/python3.12/site-packages/hydra/_internal/instantiate/_instantiate2.py:92: ExperimentalWarning: PatientPruner is experimental (supported from v2.8.0). The interface can change in the future.
  return _target_(*args, **kwargs)
/home/g15farris/.conda/envs/bnn/lib/python3.12/site-packages/hydra/_internal/instantiate/_instantiate2.py:92: ExperimentalWarning: PatientPruner is experimental (supported from v2.8.0). The interface can change in the future.
  return _target_(*args, **kwargs)
[I 2024-05-24 12:18:49,053] A new study created in RDB with name: bnn_fo
[I 2024-05-24 12:18:49,083] A new study created in RDB with name: bnn_rad
[I 2024-05-24 12:18:49,092] A new study created in RDB with name: bnn_lrt
Trainer already configured with model summary callbacks: [<class 'lightning.pytorch.callbacks.rich_model_summary.RichModelSummary'>]. Skipping setting a default `ModelSummary` callback.
GPU available: False, used: False
TPU available: False, using: 0 TPU cores
IPU available: False, using: 0 IPUs
HPU available: False, using: 0 HPUs
Trainer already configured with model summary callbacks: [<class 'lightning.pytorch.callbacks.rich_model_summary.RichModelSummary'>]. Skipping setting a default `ModelSummary` callback.
GPU available: False, used: False
TPU available: False, using: 0 TPU cores
IPU available: False, using: 0 IPUs
HPU available: False, using: 0 HPUs
/home/g15farris/.conda/envs/bnn/lib/python3.12/site-packages/lightning/pytorch/core/optimizer.py:181: `LightningModule.configure_optimizers` returned `None`, this fit will run with no optimizer
Trainer already configured with model summary callbacks: [<class 'lightning.pytorch.callbacks.rich_model_summary.RichModelSummary'>]. Skipping setting a default `ModelSummary` callback.
GPU available: False, used: False
TPU available: False, using: 0 TPU cores
IPU available: False, using: 0 IPUs
HPU available: False, using: 0 HPUs
/home/g15farris/.conda/envs/bnn/lib/python3.12/site-packages/tyxe/likelihoods.py:260: UserWarning: var(): degrees of freedom is <= 0. Correction should be strictly less than the reduction factor (input numel divided by output numel). (Triggered internally at ../aten/src/ATen/native/ReduceOps.cpp:1807.)
  scale = predictions.var(dim).add(self.scale ** 2).sqrt()
/home/g15farris/.conda/envs/bnn/lib/python3.12/site-packages/lightning/pytorch/loops/optimization/automatic.py:132: `training_step` returned `None`. If this was on purpose, ignore this warning...
/home/g15farris/.conda/envs/bnn/lib/python3.12/site-packages/lightning/pytorch/core/optimizer.py:181: `LightningModule.configure_optimizers` returned `None`, this fit will run with no optimizer
/home/g15farris/.conda/envs/bnn/lib/python3.12/site-packages/lightning/pytorch/core/optimizer.py:181: `LightningModule.configure_optimizers` returned `None`, this fit will run with no optimizer
/home/g15farris/.conda/envs/bnn/lib/python3.12/site-packages/tyxe/likelihoods.py:260: UserWarning: var(): degrees of freedom is <= 0. Correction should be strictly less than the reduction factor (input numel divided by output numel). (Triggered internally at ../aten/src/ATen/native/ReduceOps.cpp:1807.)
  scale = predictions.var(dim).add(self.scale ** 2).sqrt()
/home/g15farris/.conda/envs/bnn/lib/python3.12/site-packages/lightning/pytorch/loops/optimization/automatic.py:132: `training_step` returned `None`. If this was on purpose, ignore this warning...
/home/g15farris/.conda/envs/bnn/lib/python3.12/site-packages/tyxe/likelihoods.py:260: UserWarning: var(): degrees of freedom is <= 0. Correction should be strictly less than the reduction factor (input numel divided by output numel). (Triggered internally at ../aten/src/ATen/native/ReduceOps.cpp:1807.)
  scale = predictions.var(dim).add(self.scale ** 2).sqrt()
/home/g15farris/.conda/envs/bnn/lib/python3.12/site-packages/lightning/pytorch/loops/optimization/automatic.py:132: `training_step` returned `None`. If this was on purpose, ignore this warning...
`Trainer.fit` stopped: `max_epochs=20` reached.
[I 2024-05-24 12:25:07,770] Trial 0 finished with value: 132.83567810058594 and parameters: {'pretrain_epochs': 5, 'lr': 7.50681093606854e-05, 'mc_samples_train': 1, 'prior_scale': 0.029048697214318013, 'q_scale': 0.0003572140318996377, 'obs_scale': 1.1047391773518673, 'batch_size': 32}. Best is trial 0 with value: 132.83567810058594.
`Trainer.fit` stopped: `max_epochs=20` reached.
[I 2024-05-24 12:25:11,663] Trial 0 finished with value: 133.23934936523438 and parameters: {'pretrain_epochs': 5, 'lr': 7.50681093606854e-05, 'mc_samples_train': 1, 'prior_scale': 0.029048697214318013, 'q_scale': 0.0003572140318996377, 'obs_scale': 1.1047391773518673, 'batch_size': 32}. Best is trial 0 with value: 133.23934936523438.
Trainer already configured with model summary callbacks: [<class 'lightning.pytorch.callbacks.rich_model_summary.RichModelSummary'>]. Skipping setting a default `ModelSummary` callback.
GPU available: False, used: False
TPU available: False, using: 0 TPU cores
IPU available: False, using: 0 IPUs
HPU available: False, using: 0 HPUs
/home/g15farris/.conda/envs/bnn/lib/python3.12/site-packages/lightning/pytorch/loops/fit_loop.py:298: The number of training batches (48) is smaller than the logging interval Trainer(log_every_n_steps=50). Set a lower value for log_every_n_steps if you want to see logs for the training epoch.
Trainer already configured with model summary callbacks: [<class 'lightning.pytorch.callbacks.rich_model_summary.RichModelSummary'>]. Skipping setting a default `ModelSummary` callback.
GPU available: False, used: False
TPU available: False, using: 0 TPU cores
IPU available: False, using: 0 IPUs
HPU available: False, using: 0 HPUs
/home/g15farris/.conda/envs/bnn/lib/python3.12/site-packages/lightning/pytorch/loops/fit_loop.py:298: The number of training batches (48) is smaller than the logging interval Trainer(log_every_n_steps=50). Set a lower value for log_every_n_steps if you want to see logs for the training epoch.
`Trainer.fit` stopped: `max_epochs=20` reached.
[I 2024-05-24 12:26:11,106] Trial 0 finished with value: 133.24490356445312 and parameters: {'pretrain_epochs': 5, 'lr': 7.50681093606854e-05, 'mc_samples_train': 1, 'prior_scale': 0.029048697214318013, 'q_scale': 0.0003572140318996377, 'obs_scale': 1.1047391773518673, 'batch_size': 32}. Best is trial 0 with value: 133.24490356445312.
Trainer already configured with model summary callbacks: [<class 'lightning.pytorch.callbacks.rich_model_summary.RichModelSummary'>]. Skipping setting a default `ModelSummary` callback.
GPU available: False, used: False
TPU available: False, using: 0 TPU cores
IPU available: False, using: 0 IPUs
HPU available: False, using: 0 HPUs
/home/g15farris/.conda/envs/bnn/lib/python3.12/site-packages/lightning/pytorch/loops/fit_loop.py:298: The number of training batches (48) is smaller than the logging interval Trainer(log_every_n_steps=50). Set a lower value for log_every_n_steps if you want to see logs for the training epoch.
`Trainer.fit` stopped: `max_epochs=20` reached.
[I 2024-05-24 12:27:02,179] Trial 1 finished with value: 3907.728759765625 and parameters: {'pretrain_epochs': 0, 'lr': 0.0001325538578998538, 'mc_samples_train': 1, 'prior_scale': 0.20559343783957656, 'q_scale': 0.0058248182837850404, 'obs_scale': 0.29835107709343195, 'batch_size': 256}. Best is trial 0 with value: 133.23934936523438.
`Trainer.fit` stopped: `max_epochs=20` reached.
[I 2024-05-24 12:27:31,722] Trial 1 finished with value: 4385.154296875 and parameters: {'pretrain_epochs': 0, 'lr': 0.0001325538578998538, 'mc_samples_train': 1, 'prior_scale': 0.20559343783957656, 'q_scale': 0.0058248182837850404, 'obs_scale': 0.29835107709343195, 'batch_size': 256}. Best is trial 0 with value: 132.83567810058594.
Trainer already configured with model summary callbacks: [<class 'lightning.pytorch.callbacks.rich_model_summary.RichModelSummary'>]. Skipping setting a default `ModelSummary` callback.
GPU available: False, used: False
TPU available: False, using: 0 TPU cores
IPU available: False, using: 0 IPUs
HPU available: False, using: 0 HPUs
Trainer already configured with model summary callbacks: [<class 'lightning.pytorch.callbacks.rich_model_summary.RichModelSummary'>]. Skipping setting a default `ModelSummary` callback.
GPU available: False, used: False
TPU available: False, using: 0 TPU cores
IPU available: False, using: 0 IPUs
HPU available: False, using: 0 HPUs
`Trainer.fit` stopped: `max_epochs=20` reached.
[I 2024-05-24 12:28:32,185] Trial 1 finished with value: 5471.6396484375 and parameters: {'pretrain_epochs': 0, 'lr': 0.0001325538578998538, 'mc_samples_train': 1, 'prior_scale': 0.20559343783957656, 'q_scale': 0.0058248182837850404, 'obs_scale': 0.29835107709343195, 'batch_size': 256}. Best is trial 0 with value: 133.24490356445312.
Trainer already configured with model summary callbacks: [<class 'lightning.pytorch.callbacks.rich_model_summary.RichModelSummary'>]. Skipping setting a default `ModelSummary` callback.
GPU available: False, used: False
TPU available: False, using: 0 TPU cores
IPU available: False, using: 0 IPUs
HPU available: False, using: 0 HPUs
`Trainer.fit` stopped: `max_epochs=20` reached.
[I 2024-05-24 12:29:39,032] Trial 2 finished with value: 71913.90625 and parameters: {'pretrain_epochs': 5, 'lr': 4.3020182095898586e-05, 'mc_samples_train': 2, 'prior_scale': 0.05508654872763757, 'q_scale': 0.004020640881061957, 'obs_scale': 0.1538313853200085, 'batch_size': 256}. Best is trial 0 with value: 133.23934936523438.
Trainer already configured with model summary callbacks: [<class 'lightning.pytorch.callbacks.rich_model_summary.RichModelSummary'>]. Skipping setting a default `ModelSummary` callback.
GPU available: False, used: False
TPU available: False, using: 0 TPU cores
IPU available: False, using: 0 IPUs
HPU available: False, using: 0 HPUs
/home/g15farris/.conda/envs/bnn/lib/python3.12/site-packages/lightning/pytorch/loops/fit_loop.py:298: The number of training batches (24) is smaller than the logging interval Trainer(log_every_n_steps=50). Set a lower value for log_every_n_steps if you want to see logs for the training epoch.
`Trainer.fit` stopped: `max_epochs=20` reached.
[I 2024-05-24 12:31:04,628] Trial 2 finished with value: 70738.3359375 and parameters: {'pretrain_epochs': 5, 'lr': 4.3020182095898586e-05, 'mc_samples_train': 2, 'prior_scale': 0.05508654872763757, 'q_scale': 0.004020640881061957, 'obs_scale': 0.1538313853200085, 'batch_size': 256}. Best is trial 0 with value: 132.83567810058594.
Trainer already configured with model summary callbacks: [<class 'lightning.pytorch.callbacks.rich_model_summary.RichModelSummary'>]. Skipping setting a default `ModelSummary` callback.
GPU available: False, used: False
TPU available: False, using: 0 TPU cores
IPU available: False, using: 0 IPUs
HPU available: False, using: 0 HPUs
/home/g15farris/.conda/envs/bnn/lib/python3.12/site-packages/lightning/pytorch/loops/fit_loop.py:298: The number of training batches (24) is smaller than the logging interval Trainer(log_every_n_steps=50). Set a lower value for log_every_n_steps if you want to see logs for the training epoch.
`Trainer.fit` stopped: `max_epochs=20` reached.
[I 2024-05-24 12:31:44,767] Trial 3 finished with value: 15336357.0 and parameters: {'pretrain_epochs': 0, 'lr': 2.336545096950015e-05, 'mc_samples_train': 2, 'prior_scale': 0.1023881426733586, 'q_scale': 0.001165790000863127, 'obs_scale': 0.11385861721302043, 'batch_size': 512}. Best is trial 0 with value: 133.23934936523438.
`Trainer.fit` stopped: `max_epochs=20` reached.
[I 2024-05-24 12:32:12,861] Trial 2 finished with value: 71688.4296875 and parameters: {'pretrain_epochs': 5, 'lr': 4.3020182095898586e-05, 'mc_samples_train': 2, 'prior_scale': 0.05508654872763757, 'q_scale': 0.004020640881061957, 'obs_scale': 0.1538313853200085, 'batch_size': 256}. Best is trial 0 with value: 133.24490356445312.
Trainer already configured with model summary callbacks: [<class 'lightning.pytorch.callbacks.rich_model_summary.RichModelSummary'>]. Skipping setting a default `ModelSummary` callback.
GPU available: False, used: False
TPU available: False, using: 0 TPU cores
IPU available: False, using: 0 IPUs
HPU available: False, using: 0 HPUs
Trainer already configured with model summary callbacks: [<class 'lightning.pytorch.callbacks.rich_model_summary.RichModelSummary'>]. Skipping setting a default `ModelSummary` callback.
GPU available: False, used: False
TPU available: False, using: 0 TPU cores
IPU available: False, using: 0 IPUs
HPU available: False, using: 0 HPUs
/home/g15farris/.conda/envs/bnn/lib/python3.12/site-packages/lightning/pytorch/loops/fit_loop.py:298: The number of training batches (24) is smaller than the logging interval Trainer(log_every_n_steps=50). Set a lower value for log_every_n_steps if you want to see logs for the training epoch.
`Trainer.fit` stopped: `max_epochs=20` reached.
[I 2024-05-24 12:34:10,947] Trial 3 finished with value: 15338630.0 and parameters: {'pretrain_epochs': 0, 'lr': 2.336545096950015e-05, 'mc_samples_train': 2, 'prior_scale': 0.1023881426733586, 'q_scale': 0.001165790000863127, 'obs_scale': 0.11385861721302043, 'batch_size': 512}. Best is trial 0 with value: 132.83567810058594.
Trainer already configured with model summary callbacks: [<class 'lightning.pytorch.callbacks.rich_model_summary.RichModelSummary'>]. Skipping setting a default `ModelSummary` callback.
GPU available: False, used: False
TPU available: False, using: 0 TPU cores
IPU available: False, using: 0 IPUs
HPU available: False, using: 0 HPUs
`Trainer.fit` stopped: `max_epochs=20` reached.
[I 2024-05-24 12:34:57,650] Trial 3 finished with value: 15300492.0 and parameters: {'pretrain_epochs': 0, 'lr': 2.336545096950015e-05, 'mc_samples_train': 2, 'prior_scale': 0.1023881426733586, 'q_scale': 0.001165790000863127, 'obs_scale': 0.11385861721302043, 'batch_size': 512}. Best is trial 0 with value: 133.24490356445312.
`Trainer.fit` stopped: `max_epochs=20` reached.
[I 2024-05-24 12:35:28,769] Trial 4 finished with value: 97.42511749267578 and parameters: {'pretrain_epochs': 0, 'lr': 0.00017174472922154303, 'mc_samples_train': 1, 'prior_scale': 0.48474869983391317, 'q_scale': 0.008271866644681318, 'obs_scale': 1.0724303485094406, 'batch_size': 64}. Best is trial 4 with value: 97.42511749267578.
Trainer already configured with model summary callbacks: [<class 'lightning.pytorch.callbacks.rich_model_summary.RichModelSummary'>]. Skipping setting a default `ModelSummary` callback.
GPU available: False, used: False
TPU available: False, using: 0 TPU cores
IPU available: False, using: 0 IPUs
HPU available: False, using: 0 HPUs
Trainer already configured with model summary callbacks: [<class 'lightning.pytorch.callbacks.rich_model_summary.RichModelSummary'>]. Skipping setting a default `ModelSummary` callback.
GPU available: False, used: False
TPU available: False, using: 0 TPU cores
IPU available: False, using: 0 IPUs
HPU available: False, using: 0 HPUs
`Trainer.fit` stopped: `max_epochs=20` reached.
[I 2024-05-24 12:37:47,654] Trial 5 finished with value: 837.3013916015625 and parameters: {'pretrain_epochs': 5, 'lr': 0.0009204696704635324, 'mc_samples_train': 1, 'prior_scale': 0.17977467814503606, 'q_scale': 0.0014948832198169292, 'obs_scale': 0.4107788493789703, 'batch_size': 128}. Best is trial 4 with value: 97.42511749267578.
`Trainer.fit` stopped: `max_epochs=20` reached.
[I 2024-05-24 12:38:15,751] Trial 4 finished with value: 94.2497787475586 and parameters: {'pretrain_epochs': 0, 'lr': 0.00017174472922154303, 'mc_samples_train': 1, 'prior_scale': 0.48474869983391317, 'q_scale': 0.008271866644681318, 'obs_scale': 1.0724303485094406, 'batch_size': 64}. Best is trial 4 with value: 94.2497787475586.
Trainer already configured with model summary callbacks: [<class 'lightning.pytorch.callbacks.rich_model_summary.RichModelSummary'>]. Skipping setting a default `ModelSummary` callback.
GPU available: False, used: False
TPU available: False, using: 0 TPU cores
IPU available: False, using: 0 IPUs
HPU available: False, using: 0 HPUs
Trainer already configured with model summary callbacks: [<class 'lightning.pytorch.callbacks.rich_model_summary.RichModelSummary'>]. Skipping setting a default `ModelSummary` callback.
GPU available: False, used: False
TPU available: False, using: 0 TPU cores
IPU available: False, using: 0 IPUs
HPU available: False, using: 0 HPUs
`Trainer.fit` stopped: `max_epochs=20` reached.
[I 2024-05-24 12:39:04,008] Trial 4 finished with value: 90.15270233154297 and parameters: {'pretrain_epochs': 0, 'lr': 0.00017174472922154303, 'mc_samples_train': 1, 'prior_scale': 0.48474869983391317, 'q_scale': 0.008271866644681318, 'obs_scale': 1.0724303485094406, 'batch_size': 64}. Best is trial 4 with value: 90.15270233154297.
Trainer already configured with model summary callbacks: [<class 'lightning.pytorch.callbacks.rich_model_summary.RichModelSummary'>]. Skipping setting a default `ModelSummary` callback.
GPU available: False, used: False
TPU available: False, using: 0 TPU cores
IPU available: False, using: 0 IPUs
HPU available: False, using: 0 HPUs
`Trainer.fit` stopped: `max_epochs=20` reached.
[I 2024-05-24 12:41:19,181] Trial 5 finished with value: 576.7608642578125 and parameters: {'pretrain_epochs': 5, 'lr': 0.0009204696704635324, 'mc_samples_train': 1, 'prior_scale': 0.17977467814503606, 'q_scale': 0.0014948832198169292, 'obs_scale': 0.4107788493789703, 'batch_size': 128}. Best is trial 4 with value: 94.2497787475586.
`Trainer.fit` stopped: `max_epochs=20` reached.
[I 2024-05-24 12:41:50,616] Trial 5 finished with value: 339.3984375 and parameters: {'pretrain_epochs': 5, 'lr': 0.0009204696704635324, 'mc_samples_train': 1, 'prior_scale': 0.17977467814503606, 'q_scale': 0.0014948832198169292, 'obs_scale': 0.4107788493789703, 'batch_size': 128}. Best is trial 4 with value: 90.15270233154297.
Trainer already configured with model summary callbacks: [<class 'lightning.pytorch.callbacks.rich_model_summary.RichModelSummary'>]. Skipping setting a default `ModelSummary` callback.
GPU available: False, used: False
TPU available: False, using: 0 TPU cores
IPU available: False, using: 0 IPUs
HPU available: False, using: 0 HPUs
Trainer already configured with model summary callbacks: [<class 'lightning.pytorch.callbacks.rich_model_summary.RichModelSummary'>]. Skipping setting a default `ModelSummary` callback.
GPU available: False, used: False
TPU available: False, using: 0 TPU cores
IPU available: False, using: 0 IPUs
HPU available: False, using: 0 HPUs
[I 2024-05-24 12:42:34,721] Trial 6 pruned. Trial was pruned at epoch 16.
Trainer already configured with model summary callbacks: [<class 'lightning.pytorch.callbacks.rich_model_summary.RichModelSummary'>]. Skipping setting a default `ModelSummary` callback.
GPU available: False, used: False
TPU available: False, using: 0 TPU cores
IPU available: False, using: 0 IPUs
HPU available: False, using: 0 HPUs
`Trainer.fit` stopped: `max_epochs=20` reached.
[I 2024-05-24 12:45:01,695] Trial 7 finished with value: 2759.774658203125 and parameters: {'pretrain_epochs': 0, 'lr': 0.0007995719083844353, 'mc_samples_train': 2, 'prior_scale': 0.0816845546830656, 'q_scale': 0.004349147472454846, 'obs_scale': 0.11866131541331688, 'batch_size': 256}. Best is trial 4 with value: 97.42511749267578.
Trainer already configured with model summary callbacks: [<class 'lightning.pytorch.callbacks.rich_model_summary.RichModelSummary'>]. Skipping setting a default `ModelSummary` callback.
GPU available: False, used: False
TPU available: False, using: 0 TPU cores
IPU available: False, using: 0 IPUs
HPU available: False, using: 0 HPUs
[I 2024-05-24 12:46:53,033] Trial 6 pruned. Trial was pruned at epoch 13.
Trainer already configured with model summary callbacks: [<class 'lightning.pytorch.callbacks.rich_model_summary.RichModelSummary'>]. Skipping setting a default `ModelSummary` callback.
GPU available: False, used: False
TPU available: False, using: 0 TPU cores
IPU available: False, using: 0 IPUs
HPU available: False, using: 0 HPUs
[I 2024-05-24 12:48:02,763] Trial 6 pruned. Trial was pruned at epoch 16.
`Trainer.fit` stopped: `max_epochs=20` reached.
