[I 2024-05-24 12:48:33,600] Trial 8 finished with value: 90647.5703125 and parameters: {'pretrain_epochs': 0, 'lr': 1.1462886732717548e-05, 'mc_samples_train': 1, 'prior_scale': 0.4124747947662307, 'q_scale': 0.00044814115470497614, 'obs_scale': 0.17860915820030454, 'batch_size': 64}. Best is trial 4 with value: 97.42511749267578.
Trainer already configured with model summary callbacks: [<class 'lightning.pytorch.callbacks.rich_model_summary.RichModelSummary'>]. Skipping setting a default `ModelSummary` callback.
GPU available: False, used: False
TPU available: False, using: 0 TPU cores
IPU available: False, using: 0 IPUs
HPU available: False, using: 0 HPUs
Trainer already configured with model summary callbacks: [<class 'lightning.pytorch.callbacks.rich_model_summary.RichModelSummary'>]. Skipping setting a default `ModelSummary` callback.
GPU available: False, used: False
TPU available: False, using: 0 TPU cores
IPU available: False, using: 0 IPUs
HPU available: False, using: 0 HPUs
`Trainer.fit` stopped: `max_epochs=20` reached.
[I 2024-05-24 12:50:11,289] Trial 7 finished with value: 3072.71435546875 and parameters: {'pretrain_epochs': 0, 'lr': 0.0007995719083844353, 'mc_samples_train': 2, 'prior_scale': 0.0816845546830656, 'q_scale': 0.004349147472454846, 'obs_scale': 0.11866131541331688, 'batch_size': 256}. Best is trial 4 with value: 90.15270233154297.
Trainer already configured with model summary callbacks: [<class 'lightning.pytorch.callbacks.rich_model_summary.RichModelSummary'>]. Skipping setting a default `ModelSummary` callback.
GPU available: False, used: False
TPU available: False, using: 0 TPU cores
IPU available: False, using: 0 IPUs
HPU available: False, using: 0 HPUs
`Trainer.fit` stopped: `max_epochs=20` reached.
[I 2024-05-24 12:52:01,667] Trial 9 finished with value: 3939.67578125 and parameters: {'pretrain_epochs': 5, 'lr': 0.0002588548618299899, 'mc_samples_train': 2, 'prior_scale': 0.21075404848706095, 'q_scale': 0.0015787361777166986, 'obs_scale': 0.23920082660450653, 'batch_size': 128}. Best is trial 4 with value: 97.42511749267578.
`Trainer.fit` stopped: `max_epochs=20` reached.
[I 2024-05-24 12:52:08,906] Trial 7 finished with value: 2283.271728515625 and parameters: {'pretrain_epochs': 0, 'lr': 0.0007995719083844353, 'mc_samples_train': 2, 'prior_scale': 0.0816845546830656, 'q_scale': 0.004349147472454846, 'obs_scale': 0.11866131541331688, 'batch_size': 256}. Best is trial 4 with value: 94.2497787475586.
Trainer already configured with model summary callbacks: [<class 'lightning.pytorch.callbacks.rich_model_summary.RichModelSummary'>]. Skipping setting a default `ModelSummary` callback.
GPU available: False, used: False
TPU available: False, using: 0 TPU cores
IPU available: False, using: 0 IPUs
HPU available: False, using: 0 HPUs
Trainer already configured with model summary callbacks: [<class 'lightning.pytorch.callbacks.rich_model_summary.RichModelSummary'>]. Skipping setting a default `ModelSummary` callback.
GPU available: False, used: False
TPU available: False, using: 0 TPU cores
IPU available: False, using: 0 IPUs
HPU available: False, using: 0 HPUs
`Trainer.fit` stopped: `max_epochs=20` reached.
[I 2024-05-24 12:54:21,397] Trial 8 finished with value: 90625.578125 and parameters: {'pretrain_epochs': 0, 'lr': 1.1462886732717548e-05, 'mc_samples_train': 1, 'prior_scale': 0.4124747947662307, 'q_scale': 0.00044814115470497614, 'obs_scale': 0.17860915820030454, 'batch_size': 64}. Best is trial 4 with value: 90.15270233154297.
Trainer already configured with model summary callbacks: [<class 'lightning.pytorch.callbacks.rich_model_summary.RichModelSummary'>]. Skipping setting a default `ModelSummary` callback.
GPU available: False, used: False
TPU available: False, using: 0 TPU cores
IPU available: False, using: 0 IPUs
HPU available: False, using: 0 HPUs
`Trainer.fit` stopped: `max_epochs=20` reached.
[I 2024-05-24 12:55:18,040] Trial 10 finished with value: 100.00790405273438 and parameters: {'pretrain_epochs': 0, 'lr': 0.0002821061536892598, 'mc_samples_train': 1, 'prior_scale': 0.011399374124093269, 'q_scale': 0.00013031811167352414, 'obs_scale': 1.7109716370480204, 'batch_size': 64}. Best is trial 4 with value: 97.42511749267578.
Trainer already configured with model summary callbacks: [<class 'lightning.pytorch.callbacks.rich_model_summary.RichModelSummary'>]. Skipping setting a default `ModelSummary` callback.
GPU available: False, used: False
TPU available: False, using: 0 TPU cores
IPU available: False, using: 0 IPUs
HPU available: False, using: 0 HPUs
`Trainer.fit` stopped: `max_epochs=20` reached.
[I 2024-05-24 12:56:51,064] Trial 8 finished with value: 90568.6640625 and parameters: {'pretrain_epochs': 0, 'lr': 1.1462886732717548e-05, 'mc_samples_train': 1, 'prior_scale': 0.4124747947662307, 'q_scale': 0.00044814115470497614, 'obs_scale': 0.17860915820030454, 'batch_size': 64}. Best is trial 4 with value: 94.2497787475586.
Trainer already configured with model summary callbacks: [<class 'lightning.pytorch.callbacks.rich_model_summary.RichModelSummary'>]. Skipping setting a default `ModelSummary` callback.
GPU available: False, used: False
TPU available: False, using: 0 TPU cores
IPU available: False, using: 0 IPUs
HPU available: False, using: 0 HPUs
`Trainer.fit` stopped: `max_epochs=20` reached.
[I 2024-05-24 12:58:29,081] Trial 11 finished with value: 108.62237548828125 and parameters: {'pretrain_epochs': 0, 'lr': 0.00023494228630274735, 'mc_samples_train': 1, 'prior_scale': 0.011706067857616107, 'q_scale': 0.00011539328391897615, 'obs_scale': 1.9746524398983547, 'batch_size': 64}. Best is trial 4 with value: 97.42511749267578.
Trainer already configured with model summary callbacks: [<class 'lightning.pytorch.callbacks.rich_model_summary.RichModelSummary'>]. Skipping setting a default `ModelSummary` callback.
GPU available: False, used: False
TPU available: False, using: 0 TPU cores
IPU available: False, using: 0 IPUs
HPU available: False, using: 0 HPUs
`Trainer.fit` stopped: `max_epochs=20` reached.
[I 2024-05-24 12:59:10,731] Trial 9 finished with value: 4431.47021484375 and parameters: {'pretrain_epochs': 5, 'lr': 0.0002588548618299899, 'mc_samples_train': 2, 'prior_scale': 0.21075404848706095, 'q_scale': 0.0015787361777166986, 'obs_scale': 0.23920082660450653, 'batch_size': 128}. Best is trial 4 with value: 90.15270233154297.
Trainer already configured with model summary callbacks: [<class 'lightning.pytorch.callbacks.rich_model_summary.RichModelSummary'>]. Skipping setting a default `ModelSummary` callback.
GPU available: False, used: False
TPU available: False, using: 0 TPU cores
IPU available: False, using: 0 IPUs
HPU available: False, using: 0 HPUs
`Trainer.fit` stopped: `max_epochs=20` reached.
[I 2024-05-24 13:02:07,022] Trial 9 finished with value: 4229.71875 and parameters: {'pretrain_epochs': 5, 'lr': 0.0002588548618299899, 'mc_samples_train': 2, 'prior_scale': 0.21075404848706095, 'q_scale': 0.0015787361777166986, 'obs_scale': 0.23920082660450653, 'batch_size': 128}. Best is trial 4 with value: 94.2497787475586.
`Trainer.fit` stopped: `max_epochs=20` reached.
[I 2024-05-24 13:02:15,441] Trial 12 finished with value: 67.20296478271484 and parameters: {'pretrain_epochs': 0, 'lr': 0.000356801404529351, 'mc_samples_train': 1, 'prior_scale': 0.016283693256007512, 'q_scale': 0.009783947466441949, 'obs_scale': 0.8975518465396407, 'batch_size': 64}. Best is trial 12 with value: 67.20296478271484.
Trainer already configured with model summary callbacks: [<class 'lightning.pytorch.callbacks.rich_model_summary.RichModelSummary'>]. Skipping setting a default `ModelSummary` callback.
GPU available: False, used: False
TPU available: False, using: 0 TPU cores
IPU available: False, using: 0 IPUs
HPU available: False, using: 0 HPUs
Trainer already configured with model summary callbacks: [<class 'lightning.pytorch.callbacks.rich_model_summary.RichModelSummary'>]. Skipping setting a default `ModelSummary` callback.
GPU available: False, used: False
TPU available: False, using: 0 TPU cores
IPU available: False, using: 0 IPUs
HPU available: False, using: 0 HPUs
`Trainer.fit` stopped: `max_epochs=20` reached.
[I 2024-05-24 13:03:35,922] Trial 10 finished with value: 99.93174743652344 and parameters: {'pretrain_epochs': 0, 'lr': 0.0002821061536892598, 'mc_samples_train': 1, 'prior_scale': 0.011399374124093269, 'q_scale': 0.00013031811167352414, 'obs_scale': 1.7109716370480204, 'batch_size': 64}. Best is trial 4 with value: 90.15270233154297.
Trainer already configured with model summary callbacks: [<class 'lightning.pytorch.callbacks.rich_model_summary.RichModelSummary'>]. Skipping setting a default `ModelSummary` callback.
GPU available: False, used: False
TPU available: False, using: 0 TPU cores
IPU available: False, using: 0 IPUs
HPU available: False, using: 0 HPUs
`Trainer.fit` stopped: `max_epochs=20` reached.
[I 2024-05-24 13:06:02,260] Trial 13 finished with value: 61.29237747192383 and parameters: {'pretrain_epochs': 0, 'lr': 0.0004187758560483171, 'mc_samples_train': 1, 'prior_scale': 0.029998790133936113, 'q_scale': 0.009940889714004643, 'obs_scale': 0.7555075323585012, 'batch_size': 64}. Best is trial 13 with value: 61.29237747192383.
`Trainer.fit` stopped: `max_epochs=20` reached.
[I 2024-05-24 13:06:36,904] Trial 10 finished with value: 99.9677505493164 and parameters: {'pretrain_epochs': 0, 'lr': 0.0002821061536892598, 'mc_samples_train': 1, 'prior_scale': 0.011399374124093269, 'q_scale': 0.00013031811167352414, 'obs_scale': 1.7109716370480204, 'batch_size': 64}. Best is trial 4 with value: 94.2497787475586.
Trainer already configured with model summary callbacks: [<class 'lightning.pytorch.callbacks.rich_model_summary.RichModelSummary'>]. Skipping setting a default `ModelSummary` callback.
GPU available: False, used: False
TPU available: False, using: 0 TPU cores
IPU available: False, using: 0 IPUs
HPU available: False, using: 0 HPUs
Trainer already configured with model summary callbacks: [<class 'lightning.pytorch.callbacks.rich_model_summary.RichModelSummary'>]. Skipping setting a default `ModelSummary` callback.
GPU available: False, used: False
TPU available: False, using: 0 TPU cores
IPU available: False, using: 0 IPUs
HPU available: False, using: 0 HPUs
`Trainer.fit` stopped: `max_epochs=20` reached.
[I 2024-05-24 13:07:33,859] Trial 14 finished with value: 838.3569946289062 and parameters: {'pretrain_epochs': 0, 'lr': 0.00047099056233148326, 'mc_samples_train': 1, 'prior_scale': 0.027265739595470306, 'q_scale': 0.008086747435543934, 'obs_scale': 0.7168746872185714, 'batch_size': 512}. Best is trial 13 with value: 61.29237747192383.
`Trainer.fit` stopped: `max_epochs=20` reached.
[I 2024-05-24 13:08:00,488] Trial 11 finished with value: 108.53236389160156 and parameters: {'pretrain_epochs': 0, 'lr': 0.00023494228630274735, 'mc_samples_train': 1, 'prior_scale': 0.011706067857616107, 'q_scale': 0.00011539328391897615, 'obs_scale': 1.9746524398983547, 'batch_size': 64}. Best is trial 4 with value: 90.15270233154297.
Trainer already configured with model summary callbacks: [<class 'lightning.pytorch.callbacks.rich_model_summary.RichModelSummary'>]. Skipping setting a default `ModelSummary` callback.
GPU available: False, used: False
TPU available: False, using: 0 TPU cores
IPU available: False, using: 0 IPUs
HPU available: False, using: 0 HPUs
Trainer already configured with model summary callbacks: [<class 'lightning.pytorch.callbacks.rich_model_summary.RichModelSummary'>]. Skipping setting a default `ModelSummary` callback.
GPU available: False, used: False
TPU available: False, using: 0 TPU cores
IPU available: False, using: 0 IPUs
HPU available: False, using: 0 HPUs
`Trainer.fit` stopped: `max_epochs=20` reached.
[I 2024-05-24 13:11:08,588] Trial 11 finished with value: 108.56129455566406 and parameters: {'pretrain_epochs': 0, 'lr': 0.00023494228630274735, 'mc_samples_train': 1, 'prior_scale': 0.011706067857616107, 'q_scale': 0.00011539328391897615, 'obs_scale': 1.9746524398983547, 'batch_size': 64}. Best is trial 4 with value: 94.2497787475586.
Trainer already configured with model summary callbacks: [<class 'lightning.pytorch.callbacks.rich_model_summary.RichModelSummary'>]. Skipping setting a default `ModelSummary` callback.
GPU available: False, used: False
TPU available: False, using: 0 TPU cores
IPU available: False, using: 0 IPUs
HPU available: False, using: 0 HPUs
`Trainer.fit` stopped: `max_epochs=20` reached.
[I 2024-05-24 13:12:19,316] Trial 12 finished with value: 80.00209045410156 and parameters: {'pretrain_epochs': 0, 'lr': 0.000356801404529351, 'mc_samples_train': 1, 'prior_scale': 0.016283693256007512, 'q_scale': 0.009783947466441949, 'obs_scale': 0.8975518465396407, 'batch_size': 64}. Best is trial 12 with value: 80.00209045410156.
Trainer already configured with model summary callbacks: [<class 'lightning.pytorch.callbacks.rich_model_summary.RichModelSummary'>]. Skipping setting a default `ModelSummary` callback.
GPU available: False, used: False
TPU available: False, using: 0 TPU cores
IPU available: False, using: 0 IPUs
HPU available: False, using: 0 HPUs
`Trainer.fit` stopped: `max_epochs=20` reached.
[I 2024-05-24 13:13:51,955] Trial 15 finished with value: 20.623767852783203 and parameters: {'pretrain_epochs': 0, 'lr': 0.0004719332263015136, 'mc_samples_train': 1, 'prior_scale': 0.02201666456969736, 'q_scale': 0.0025463997550914342, 'obs_scale': 0.6299642046168042, 'batch_size': 32}. Best is trial 15 with value: 20.623767852783203.
Trainer already configured with model summary callbacks: [<class 'lightning.pytorch.callbacks.rich_model_summary.RichModelSummary'>]. Skipping setting a default `ModelSummary` callback.
GPU available: False, used: False
TPU available: False, using: 0 TPU cores
IPU available: False, using: 0 IPUs
HPU available: False, using: 0 HPUs
`Trainer.fit` stopped: `max_epochs=20` reached.
[I 2024-05-24 13:15:39,800] Trial 12 finished with value: 79.70401763916016 and parameters: {'pretrain_epochs': 0, 'lr': 0.000356801404529351, 'mc_samples_train': 1, 'prior_scale': 0.016283693256007512, 'q_scale': 0.009783947466441949, 'obs_scale': 0.8975518465396407, 'batch_size': 64}. Best is trial 12 with value: 79.70401763916016.
Trainer already configured with model summary callbacks: [<class 'lightning.pytorch.callbacks.rich_model_summary.RichModelSummary'>]. Skipping setting a default `ModelSummary` callback.
GPU available: False, used: False
TPU available: False, using: 0 TPU cores
IPU available: False, using: 0 IPUs
HPU available: False, using: 0 HPUs
`Trainer.fit` stopped: `max_epochs=20` reached.
[I 2024-05-24 13:16:41,100] Trial 13 finished with value: 73.79103088378906 and parameters: {'pretrain_epochs': 0, 'lr': 0.0004187758560483171, 'mc_samples_train': 1, 'prior_scale': 0.029998790133936113, 'q_scale': 0.009940889714004643, 'obs_scale': 0.7555075323585012, 'batch_size': 64}. Best is trial 13 with value: 73.79103088378906.
Trainer already configured with model summary callbacks: [<class 'lightning.pytorch.callbacks.rich_model_summary.RichModelSummary'>]. Skipping setting a default `ModelSummary` callback.
GPU available: False, used: False
TPU available: False, using: 0 TPU cores
IPU available: False, using: 0 IPUs
HPU available: False, using: 0 HPUs
`Trainer.fit` stopped: `max_epochs=20` reached.
[I 2024-05-24 13:18:37,003] Trial 14 finished with value: 765.8721313476562 and parameters: {'pretrain_epochs': 0, 'lr': 0.00047099056233148326, 'mc_samples_train': 1, 'prior_scale': 0.027265739595470306, 'q_scale': 0.008086747435543934, 'obs_scale': 0.7168746872185714, 'batch_size': 512}. Best is trial 13 with value: 73.79103088378906.
Trainer already configured with model summary callbacks: [<class 'lightning.pytorch.callbacks.rich_model_summary.RichModelSummary'>]. Skipping setting a default `ModelSummary` callback.
GPU available: False, used: False
TPU available: False, using: 0 TPU cores
IPU available: False, using: 0 IPUs
HPU available: False, using: 0 HPUs
`Trainer.fit` stopped: `max_epochs=20` reached.
[I 2024-05-24 13:20:13,552] Trial 13 finished with value: 73.91437530517578 and parameters: {'pretrain_epochs': 0, 'lr': 0.0004187758560483171, 'mc_samples_train': 1, 'prior_scale': 0.029998790133936113, 'q_scale': 0.009940889714004643, 'obs_scale': 0.7555075323585012, 'batch_size': 64}. Best is trial 13 with value: 73.91437530517578.
`Trainer.fit` stopped: `max_epochs=20` reached.
[I 2024-05-24 13:20:34,755] Trial 16 finished with value: 19.80013656616211 and parameters: {'pretrain_epochs': 0, 'lr': 0.000547121976155859, 'mc_samples_train': 1, 'prior_scale': 0.04133742496369647, 'q_scale': 0.0025555101989354345, 'obs_scale': 0.5485259914682613, 'batch_size': 32}. Best is trial 16 with value: 19.80013656616211.
Trainer already configured with model summary callbacks: [<class 'lightning.pytorch.callbacks.rich_model_summary.RichModelSummary'>]. Skipping setting a default `ModelSummary` callback.
GPU available: False, used: False
TPU available: False, using: 0 TPU cores
IPU available: False, using: 0 IPUs
HPU available: False, using: 0 HPUs
Trainer already configured with model summary callbacks: [<class 'lightning.pytorch.callbacks.rich_model_summary.RichModelSummary'>]. Skipping setting a default `ModelSummary` callback.
GPU available: False, used: False
TPU available: False, using: 0 TPU cores
IPU available: False, using: 0 IPUs
HPU available: False, using: 0 HPUs
`Trainer.fit` stopped: `max_epochs=20` reached.
[I 2024-05-24 13:22:29,626] Trial 14 finished with value: 899.6783447265625 and parameters: {'pretrain_epochs': 0, 'lr': 0.00047099056233148326, 'mc_samples_train': 1, 'prior_scale': 0.027265739595470306, 'q_scale': 0.008086747435543934, 'obs_scale': 0.7168746872185714, 'batch_size': 512}. Best is trial 13 with value: 73.91437530517578.
Trainer already configured with model summary callbacks: [<class 'lightning.pytorch.callbacks.rich_model_summary.RichModelSummary'>]. Skipping setting a default `ModelSummary` callback.
GPU available: False, used: False
TPU available: False, using: 0 TPU cores
IPU available: False, using: 0 IPUs
HPU available: False, using: 0 HPUs
`Trainer.fit` stopped: `max_epochs=20` reached.
[I 2024-05-24 13:26:01,207] Trial 15 finished with value: 25.53016471862793 and parameters: {'pretrain_epochs': 0, 'lr': 0.0004719332263015136, 'mc_samples_train': 1, 'prior_scale': 0.02201666456969736, 'q_scale': 0.0025463997550914342, 'obs_scale': 0.6299642046168042, 'batch_size': 32}. Best is trial 15 with value: 25.53016471862793.
Trainer already configured with model summary callbacks: [<class 'lightning.pytorch.callbacks.rich_model_summary.RichModelSummary'>]. Skipping setting a default `ModelSummary` callback.
GPU available: False, used: False
TPU available: False, using: 0 TPU cores
IPU available: False, using: 0 IPUs
HPU available: False, using: 0 HPUs
`Trainer.fit` stopped: `max_epochs=20` reached.
[I 2024-05-24 13:27:14,505] Trial 17 finished with value: 18.969884872436523 and parameters: {'pretrain_epochs': 0, 'lr': 0.000691180961207589, 'mc_samples_train': 1, 'prior_scale': 0.049317027736280133, 'q_scale': 0.0006396905880911569, 'obs_scale': 0.4932620022483778, 'batch_size': 32}. Best is trial 17 with value: 18.969884872436523.
Trainer already configured with model summary callbacks: [<class 'lightning.pytorch.callbacks.rich_model_summary.RichModelSummary'>]. Skipping setting a default `ModelSummary` callback.
GPU available: False, used: False
TPU available: False, using: 0 TPU cores
IPU available: False, using: 0 IPUs
HPU available: False, using: 0 HPUs
`Trainer.fit` stopped: `max_epochs=20` reached.
[I 2024-05-24 13:29:40,066] Trial 15 finished with value: 25.21646499633789 and parameters: {'pretrain_epochs': 0, 'lr': 0.0004719332263015136, 'mc_samples_train': 1, 'prior_scale': 0.02201666456969736, 'q_scale': 0.0025463997550914342, 'obs_scale': 0.6299642046168042, 'batch_size': 32}. Best is trial 15 with value: 25.21646499633789.
Trainer already configured with model summary callbacks: [<class 'lightning.pytorch.callbacks.rich_model_summary.RichModelSummary'>]. Skipping setting a default `ModelSummary` callback.
GPU available: False, used: False
TPU available: False, using: 0 TPU cores
IPU available: False, using: 0 IPUs
HPU available: False, using: 0 HPUs
`Trainer.fit` stopped: `max_epochs=20` reached.
[I 2024-05-24 13:33:05,590] Trial 16 finished with value: 24.301305770874023 and parameters: {'pretrain_epochs': 0, 'lr': 0.000547121976155859, 'mc_samples_train': 1, 'prior_scale': 0.04133742496369647, 'q_scale': 0.0025555101989354345, 'obs_scale': 0.5485259914682613, 'batch_size': 32}. Best is trial 16 with value: 24.301305770874023.
`Trainer.fit` stopped: `max_epochs=20` reached.
[I 2024-05-24 13:33:21,428] Trial 18 finished with value: 15.644452095031738 and parameters: {'pretrain_epochs': 0, 'lr': 0.0007263091335083298, 'mc_samples_train': 1, 'prior_scale': 0.049890828546736765, 'q_scale': 0.0006414587910215425, 'obs_scale': 0.48413666873004657, 'batch_size': 32}. Best is trial 18 with value: 15.644452095031738.
Trainer already configured with model summary callbacks: [<class 'lightning.pytorch.callbacks.rich_model_summary.RichModelSummary'>]. Skipping setting a default `ModelSummary` callback.
GPU available: False, used: False
TPU available: False, using: 0 TPU cores
IPU available: False, using: 0 IPUs
HPU available: False, using: 0 HPUs
Trainer already configured with model summary callbacks: [<class 'lightning.pytorch.callbacks.rich_model_summary.RichModelSummary'>]. Skipping setting a default `ModelSummary` callback.
GPU available: False, used: False
TPU available: False, using: 0 TPU cores
IPU available: False, using: 0 IPUs
HPU available: False, using: 0 HPUs
`Trainer.fit` stopped: `max_epochs=20` reached.
