[I 2024-05-24 16:51:07,062] Trial 48 finished with value: 2693.56298828125 and parameters: {'pretrain_epochs': 0, 'lr': 0.00028230392745546906, 'mc_samples_train': 1, 'prior_scale': 0.041490269688819935, 'q_scale': 0.0012648184594538834, 'obs_scale': 0.46141397715447313, 'batch_size': 512}. Best is trial 20 with value: 7.570845127105713.
Trainer already configured with model summary callbacks: [<class 'lightning.pytorch.callbacks.rich_model_summary.RichModelSummary'>]. Skipping setting a default `ModelSummary` callback.
GPU available: False, used: False
TPU available: False, using: 0 TPU cores
IPU available: False, using: 0 IPUs
HPU available: False, using: 0 HPUs
`Trainer.fit` stopped: `max_epochs=20` reached.
[I 2024-05-24 16:52:41,728] Trial 54 finished with value: 23.767887115478516 and parameters: {'pretrain_epochs': 0, 'lr': 0.0008405087462915266, 'mc_samples_train': 1, 'prior_scale': 0.025823816505289577, 'q_scale': 0.0002568817698408131, 'obs_scale': 0.3628072411901558, 'batch_size': 32}. Best is trial 20 with value: 8.795220375061035.
Trainer already configured with model summary callbacks: [<class 'lightning.pytorch.callbacks.rich_model_summary.RichModelSummary'>]. Skipping setting a default `ModelSummary` callback.
GPU available: False, used: False
TPU available: False, using: 0 TPU cores
IPU available: False, using: 0 IPUs
HPU available: False, using: 0 HPUs
`Trainer.fit` stopped: `max_epochs=20` reached.
[I 2024-05-24 16:55:25,224] Trial 44 finished with value: 17032.357421875 and parameters: {'pretrain_epochs': 0, 'lr': 1.1818092032455127e-05, 'mc_samples_train': 1, 'prior_scale': 0.05946211542099247, 'q_scale': 0.00010407011758375458, 'obs_scale': 0.3666043592179568, 'batch_size': 32}. Best is trial 42 with value: 12.648012161254883.
Trainer already configured with model summary callbacks: [<class 'lightning.pytorch.callbacks.rich_model_summary.RichModelSummary'>]. Skipping setting a default `ModelSummary` callback.
GPU available: False, used: False
TPU available: False, using: 0 TPU cores
IPU available: False, using: 0 IPUs
HPU available: False, using: 0 HPUs
`Trainer.fit` stopped: `max_epochs=20` reached.
[I 2024-05-24 16:56:17,374] Trial 55 finished with value: 44.656829833984375 and parameters: {'pretrain_epochs': 0, 'lr': 0.000452781567021585, 'mc_samples_train': 1, 'prior_scale': 0.016406974173362135, 'q_scale': 0.00010198033354634238, 'obs_scale': 0.40651798136028805, 'batch_size': 64}. Best is trial 20 with value: 8.795220375061035.
Trainer already configured with model summary callbacks: [<class 'lightning.pytorch.callbacks.rich_model_summary.RichModelSummary'>]. Skipping setting a default `ModelSummary` callback.
GPU available: False, used: False
TPU available: False, using: 0 TPU cores
IPU available: False, using: 0 IPUs
HPU available: False, using: 0 HPUs
[I 2024-05-24 16:57:51,300] Trial 45 pruned. Trial was pruned at epoch 18.
Trainer already configured with model summary callbacks: [<class 'lightning.pytorch.callbacks.rich_model_summary.RichModelSummary'>]. Skipping setting a default `ModelSummary` callback.
GPU available: False, used: False
TPU available: False, using: 0 TPU cores
IPU available: False, using: 0 IPUs
HPU available: False, using: 0 HPUs
`Trainer.fit` stopped: `max_epochs=20` reached.
[I 2024-05-24 17:02:21,521] Trial 56 finished with value: 33.51589584350586 and parameters: {'pretrain_epochs': 0, 'lr': 0.0005683201359350743, 'mc_samples_train': 1, 'prior_scale': 0.03981217361728262, 'q_scale': 0.0004498881918430304, 'obs_scale': 0.3000366761205295, 'batch_size': 32}. Best is trial 20 with value: 8.795220375061035.
Trainer already configured with model summary callbacks: [<class 'lightning.pytorch.callbacks.rich_model_summary.RichModelSummary'>]. Skipping setting a default `ModelSummary` callback.
GPU available: False, used: False
TPU available: False, using: 0 TPU cores
IPU available: False, using: 0 IPUs
HPU available: False, using: 0 HPUs
`Trainer.fit` stopped: `max_epochs=20` reached.
[I 2024-05-24 17:02:58,107] Trial 49 finished with value: 17.125045776367188 and parameters: {'pretrain_epochs': 0, 'lr': 0.0006466897260547845, 'mc_samples_train': 2, 'prior_scale': 0.018941288452430514, 'q_scale': 0.0008421853275663296, 'obs_scale': 0.542058047211006, 'batch_size': 32}. Best is trial 20 with value: 7.570845127105713.
Trainer already configured with model summary callbacks: [<class 'lightning.pytorch.callbacks.rich_model_summary.RichModelSummary'>]. Skipping setting a default `ModelSummary` callback.
GPU available: False, used: False
TPU available: False, using: 0 TPU cores
IPU available: False, using: 0 IPUs
HPU available: False, using: 0 HPUs
`Trainer.fit` stopped: `max_epochs=20` reached.
[I 2024-05-24 17:05:28,376] Trial 46 finished with value: 94.43193054199219 and parameters: {'pretrain_epochs': 0, 'lr': 0.00020097100557417953, 'mc_samples_train': 1, 'prior_scale': 0.09255960399818662, 'q_scale': 0.00031168565781048276, 'obs_scale': 0.43880498015587344, 'batch_size': 32}. Best is trial 42 with value: 12.648012161254883.
Trainer already configured with model summary callbacks: [<class 'lightning.pytorch.callbacks.rich_model_summary.RichModelSummary'>]. Skipping setting a default `ModelSummary` callback.
GPU available: False, used: False
TPU available: False, using: 0 TPU cores
IPU available: False, using: 0 IPUs
HPU available: False, using: 0 HPUs
`Trainer.fit` stopped: `max_epochs=20` reached.
[I 2024-05-24 17:08:47,056] Trial 47 finished with value: 224.98214721679688 and parameters: {'pretrain_epochs': 5, 'lr': 0.0004082199577692091, 'mc_samples_train': 1, 'prior_scale': 0.037169078384831494, 'q_scale': 0.00013749487855856677, 'obs_scale': 0.6975201192592541, 'batch_size': 128}. Best is trial 42 with value: 12.648012161254883.
[I 2024-05-24 17:08:48,214] Trial 57 pruned. Trial was pruned at epoch 19.
Trainer already configured with model summary callbacks: [<class 'lightning.pytorch.callbacks.rich_model_summary.RichModelSummary'>]. Skipping setting a default `ModelSummary` callback.
GPU available: False, used: False
TPU available: False, using: 0 TPU cores
IPU available: False, using: 0 IPUs
HPU available: False, using: 0 HPUs
Trainer already configured with model summary callbacks: [<class 'lightning.pytorch.callbacks.rich_model_summary.RichModelSummary'>]. Skipping setting a default `ModelSummary` callback.
GPU available: False, used: False
TPU available: False, using: 0 TPU cores
IPU available: False, using: 0 IPUs
HPU available: False, using: 0 HPUs
`Trainer.fit` stopped: `max_epochs=20` reached.
[I 2024-05-24 17:09:54,185] Trial 50 finished with value: 27.832813262939453 and parameters: {'pretrain_epochs': 0, 'lr': 0.0005161688047078451, 'mc_samples_train': 1, 'prior_scale': 0.032957210406033936, 'q_scale': 0.00033882896223158586, 'obs_scale': 0.3779137835283647, 'batch_size': 32}. Best is trial 20 with value: 7.570845127105713.
Trainer already configured with model summary callbacks: [<class 'lightning.pytorch.callbacks.rich_model_summary.RichModelSummary'>]. Skipping setting a default `ModelSummary` callback.
GPU available: False, used: False
TPU available: False, using: 0 TPU cores
IPU available: False, using: 0 IPUs
HPU available: False, using: 0 HPUs
`Trainer.fit` stopped: `max_epochs=20` reached.
[I 2024-05-24 17:10:58,807] Trial 48 finished with value: 555.4747924804688 and parameters: {'pretrain_epochs': 0, 'lr': 0.000557106195883259, 'mc_samples_train': 1, 'prior_scale': 0.11369743725583477, 'q_scale': 0.00021692437473279705, 'obs_scale': 0.5148631572775434, 'batch_size': 512}. Best is trial 42 with value: 12.648012161254883.
Trainer already configured with model summary callbacks: [<class 'lightning.pytorch.callbacks.rich_model_summary.RichModelSummary'>]. Skipping setting a default `ModelSummary` callback.
GPU available: False, used: False
TPU available: False, using: 0 TPU cores
IPU available: False, using: 0 IPUs
HPU available: False, using: 0 HPUs
[I 2024-05-24 17:14:38,808] Trial 58 pruned. Trial was pruned at epoch 18.
Trainer already configured with model summary callbacks: [<class 'lightning.pytorch.callbacks.rich_model_summary.RichModelSummary'>]. Skipping setting a default `ModelSummary` callback.
GPU available: False, used: False
TPU available: False, using: 0 TPU cores
IPU available: False, using: 0 IPUs
HPU available: False, using: 0 HPUs
`Trainer.fit` stopped: `max_epochs=20` reached.
[I 2024-05-24 17:16:22,426] Trial 59 finished with value: 1587.27001953125 and parameters: {'pretrain_epochs': 5, 'lr': 0.000883647434773169, 'mc_samples_train': 1, 'prior_scale': 0.06987808840349534, 'q_scale': 0.0001281002446001285, 'obs_scale': 0.2614789338988419, 'batch_size': 256}. Best is trial 20 with value: 8.795220375061035.
`Trainer.fit` stopped: `max_epochs=20` reached.
[I 2024-05-24 17:17:04,620] Trial 51 finished with value: 37.77355194091797 and parameters: {'pretrain_epochs': 0, 'lr': 0.0007857919248700869, 'mc_samples_train': 1, 'prior_scale': 0.048492663024245444, 'q_scale': 0.0002844585354152384, 'obs_scale': 0.3178077310582613, 'batch_size': 32}. Best is trial 20 with value: 7.570845127105713.
Trainer already configured with model summary callbacks: [<class 'lightning.pytorch.callbacks.rich_model_summary.RichModelSummary'>]. Skipping setting a default `ModelSummary` callback.
GPU available: False, used: False
TPU available: False, using: 0 TPU cores
IPU available: False, using: 0 IPUs
HPU available: False, using: 0 HPUs
`Trainer.fit` stopped: `max_epochs=20` reached.
[I 2024-05-24 17:22:56,326] Trial 49 finished with value: 32.29942321777344 and parameters: {'pretrain_epochs': 0, 'lr': 0.000298766757232606, 'mc_samples_train': 2, 'prior_scale': 0.21305216672969637, 'q_scale': 0.00018609609268027566, 'obs_scale': 0.8994594276110932, 'batch_size': 32}. Best is trial 42 with value: 12.648012161254883.
Trainer already configured with model summary callbacks: [<class 'lightning.pytorch.callbacks.rich_model_summary.RichModelSummary'>]. Skipping setting a default `ModelSummary` callback.
GPU available: False, used: False
TPU available: False, using: 0 TPU cores
IPU available: False, using: 0 IPUs
HPU available: False, using: 0 HPUs
`Trainer.fit` stopped: `max_epochs=20` reached.
[I 2024-05-24 17:23:56,021] Trial 52 finished with value: 22.9442195892334 and parameters: {'pretrain_epochs': 0, 'lr': 0.0006552714893977413, 'mc_samples_train': 1, 'prior_scale': 0.06033693894257304, 'q_scale': 0.00039113102011199174, 'obs_scale': 0.27290010451939806, 'batch_size': 32}. Best is trial 20 with value: 7.570845127105713.
Trainer already configured with model summary callbacks: [<class 'lightning.pytorch.callbacks.rich_model_summary.RichModelSummary'>]. Skipping setting a default `ModelSummary` callback.
GPU available: False, used: False
TPU available: False, using: 0 TPU cores
IPU available: False, using: 0 IPUs
HPU available: False, using: 0 HPUs
[I 2024-05-24 17:26:47,863] Trial 50 pruned. Trial was pruned at epoch 9.
Trainer already configured with model summary callbacks: [<class 'lightning.pytorch.callbacks.rich_model_summary.RichModelSummary'>]. Skipping setting a default `ModelSummary` callback.
GPU available: False, used: False
TPU available: False, using: 0 TPU cores
IPU available: False, using: 0 IPUs
HPU available: False, using: 0 HPUs
`Trainer.fit` stopped: `max_epochs=20` reached.
[I 2024-05-24 17:31:01,765] Trial 53 finished with value: 15.987414360046387 and parameters: {'pretrain_epochs': 0, 'lr': 0.0008747450703666922, 'mc_samples_train': 1, 'prior_scale': 0.08412953931834553, 'q_scale': 0.0001210500536314693, 'obs_scale': 0.43960614037619417, 'batch_size': 32}. Best is trial 20 with value: 7.570845127105713.
Trainer already configured with model summary callbacks: [<class 'lightning.pytorch.callbacks.rich_model_summary.RichModelSummary'>]. Skipping setting a default `ModelSummary` callback.
GPU available: False, used: False
TPU available: False, using: 0 TPU cores
IPU available: False, using: 0 IPUs
HPU available: False, using: 0 HPUs
`Trainer.fit` stopped: `max_epochs=20` reached.
[I 2024-05-24 17:34:54,844] Trial 51 finished with value: 18.061792373657227 and parameters: {'pretrain_epochs': 0, 'lr': 0.0006252761321550576, 'mc_samples_train': 1, 'prior_scale': 0.12162034560081164, 'q_scale': 0.0002777731684627197, 'obs_scale': 0.5728174616622953, 'batch_size': 32}. Best is trial 42 with value: 12.648012161254883.
Trainer already configured with model summary callbacks: [<class 'lightning.pytorch.callbacks.rich_model_summary.RichModelSummary'>]. Skipping setting a default `ModelSummary` callback.
GPU available: False, used: False
TPU available: False, using: 0 TPU cores
IPU available: False, using: 0 IPUs
HPU available: False, using: 0 HPUs
[I 2024-05-24 17:36:51,014] Trial 54 pruned. Trial was pruned at epoch 15.
Trainer already configured with model summary callbacks: [<class 'lightning.pytorch.callbacks.rich_model_summary.RichModelSummary'>]. Skipping setting a default `ModelSummary` callback.
GPU available: False, used: False
TPU available: False, using: 0 TPU cores
IPU available: False, using: 0 IPUs
HPU available: False, using: 0 HPUs
`Trainer.fit` stopped: `max_epochs=20` reached.
[I 2024-05-24 17:41:02,604] Trial 55 finished with value: 52.05315399169922 and parameters: {'pretrain_epochs': 0, 'lr': 0.0006982660246876976, 'mc_samples_train': 1, 'prior_scale': 0.04668689387609643, 'q_scale': 0.0002554746572720036, 'obs_scale': 0.7148476211986122, 'batch_size': 64}. Best is trial 20 with value: 7.570845127105713.
Trainer already configured with model summary callbacks: [<class 'lightning.pytorch.callbacks.rich_model_summary.RichModelSummary'>]. Skipping setting a default `ModelSummary` callback.
GPU available: False, used: False
TPU available: False, using: 0 TPU cores
IPU available: False, using: 0 IPUs
HPU available: False, using: 0 HPUs
`Trainer.fit` stopped: `max_epochs=20` reached.
[I 2024-05-24 17:43:30,719] Trial 52 finished with value: 18.009069442749023 and parameters: {'pretrain_epochs': 0, 'lr': 0.00057672293689978, 'mc_samples_train': 1, 'prior_scale': 0.08108884397905183, 'q_scale': 0.0002745559474627713, 'obs_scale': 0.48937845611713765, 'batch_size': 32}. Best is trial 42 with value: 12.648012161254883.
Trainer already configured with model summary callbacks: [<class 'lightning.pytorch.callbacks.rich_model_summary.RichModelSummary'>]. Skipping setting a default `ModelSummary` callback.
GPU available: False, used: False
TPU available: False, using: 0 TPU cores
IPU available: False, using: 0 IPUs
HPU available: False, using: 0 HPUs
`Trainer.fit` stopped: `max_epochs=20` reached.
[I 2024-05-24 17:47:58,719] Trial 56 finished with value: 26.45928192138672 and parameters: {'pretrain_epochs': 0, 'lr': 0.0004912931225240278, 'mc_samples_train': 1, 'prior_scale': 0.10971846560302191, 'q_scale': 0.0004915961649172973, 'obs_scale': 0.37017293958798064, 'batch_size': 32}. Best is trial 20 with value: 7.570845127105713.
Trainer already configured with model summary callbacks: [<class 'lightning.pytorch.callbacks.rich_model_summary.RichModelSummary'>]. Skipping setting a default `ModelSummary` callback.
GPU available: False, used: False
TPU available: False, using: 0 TPU cores
IPU available: False, using: 0 IPUs
HPU available: False, using: 0 HPUs
`Trainer.fit` stopped: `max_epochs=20` reached.
[I 2024-05-24 17:50:57,320] Trial 53 finished with value: 15.308282852172852 and parameters: {'pretrain_epochs': 0, 'lr': 0.0005303365562365908, 'mc_samples_train': 1, 'prior_scale': 0.06839117634296193, 'q_scale': 0.00012310502142375544, 'obs_scale': 0.48922743306635214, 'batch_size': 32}. Best is trial 42 with value: 12.648012161254883.
Trainer already configured with model summary callbacks: [<class 'lightning.pytorch.callbacks.rich_model_summary.RichModelSummary'>]. Skipping setting a default `ModelSummary` callback.
GPU available: False, used: False
TPU available: False, using: 0 TPU cores
IPU available: False, using: 0 IPUs
HPU available: False, using: 0 HPUs
`Trainer.fit` stopped: `max_epochs=20` reached.
[I 2024-05-24 17:54:40,161] Trial 57 finished with value: 20.866662979125977 and parameters: {'pretrain_epochs': 0, 'lr': 0.0008019708555864843, 'mc_samples_train': 1, 'prior_scale': 0.056558907754717086, 'q_scale': 0.0007633159270988318, 'obs_scale': 0.5765651785452724, 'batch_size': 32}. Best is trial 20 with value: 7.570845127105713.
Trainer already configured with model summary callbacks: [<class 'lightning.pytorch.callbacks.rich_model_summary.RichModelSummary'>]. Skipping setting a default `ModelSummary` callback.
GPU available: False, used: False
TPU available: False, using: 0 TPU cores
IPU available: False, using: 0 IPUs
HPU available: False, using: 0 HPUs
`Trainer.fit` stopped: `max_epochs=20` reached.
[I 2024-05-24 17:58:18,414] Trial 54 finished with value: 27.19847297668457 and parameters: {'pretrain_epochs': 0, 'lr': 0.00043622157550123736, 'mc_samples_train': 1, 'prior_scale': 0.06531714902932258, 'q_scale': 0.00012938791140128063, 'obs_scale': 0.39414683318886345, 'batch_size': 32}. Best is trial 42 with value: 12.648012161254883.
Trainer already configured with model summary callbacks: [<class 'lightning.pytorch.callbacks.rich_model_summary.RichModelSummary'>]. Skipping setting a default `ModelSummary` callback.
GPU available: False, used: False
TPU available: False, using: 0 TPU cores
IPU available: False, using: 0 IPUs
HPU available: False, using: 0 HPUs
`Trainer.fit` stopped: `max_epochs=20` reached.
[I 2024-05-24 18:02:09,423] Trial 58 finished with value: 12.369244575500488 and parameters: {'pretrain_epochs': 0, 'lr': 0.0005968427457125606, 'mc_samples_train': 1, 'prior_scale': 0.13239244191569838, 'q_scale': 0.00016820698298006503, 'obs_scale': 0.480918898536572, 'batch_size': 32}. Best is trial 20 with value: 7.570845127105713.
Trainer already configured with model summary callbacks: [<class 'lightning.pytorch.callbacks.rich_model_summary.RichModelSummary'>]. Skipping setting a default `ModelSummary` callback.
GPU available: False, used: False
TPU available: False, using: 0 TPU cores
IPU available: False, using: 0 IPUs
HPU available: False, using: 0 HPUs
`Trainer.fit` stopped: `max_epochs=20` reached.
[I 2024-05-24 18:03:11,188] Trial 55 finished with value: 34.08312225341797 and parameters: {'pretrain_epochs': 0, 'lr': 0.0008222252981489558, 'mc_samples_train': 1, 'prior_scale': 0.051059376070655346, 'q_scale': 0.00010275622081209195, 'obs_scale': 0.4501195843022101, 'batch_size': 64}. Best is trial 42 with value: 12.648012161254883.
Trainer already configured with model summary callbacks: [<class 'lightning.pytorch.callbacks.rich_model_summary.RichModelSummary'>]. Skipping setting a default `ModelSummary` callback.
GPU available: False, used: False
TPU available: False, using: 0 TPU cores
IPU available: False, using: 0 IPUs
HPU available: False, using: 0 HPUs
`Trainer.fit` stopped: `max_epochs=20` reached.
[I 2024-05-24 18:09:48,339] Trial 59 finished with value: 26.081527709960938 and parameters: {'pretrain_epochs': 0, 'lr': 0.0005853047195913743, 'mc_samples_train': 1, 'prior_scale': 0.13766111616714935, 'q_scale': 0.0001400921296006223, 'obs_scale': 0.8279902915596273, 'batch_size': 32}. Best is trial 20 with value: 7.570845127105713.
`Trainer.fit` stopped: `max_epochs=20` reached.
[I 2024-05-24 18:11:11,968] Trial 56 finished with value: 26.993165969848633 and parameters: {'pretrain_epochs': 0, 'lr': 0.0004961703323834621, 'mc_samples_train': 1, 'prior_scale': 0.03424838737758728, 'q_scale': 0.00013891056124318974, 'obs_scale': 0.7038010597057657, 'batch_size': 32}. Best is trial 42 with value: 12.648012161254883.
Trainer already configured with model summary callbacks: [<class 'lightning.pytorch.callbacks.rich_model_summary.RichModelSummary'>]. Skipping setting a default `ModelSummary` callback.
GPU available: False, used: False
TPU available: False, using: 0 TPU cores
IPU available: False, using: 0 IPUs
HPU available: False, using: 0 HPUs
`Trainer.fit` stopped: `max_epochs=20` reached.
[I 2024-05-24 18:18:44,080] Trial 57 finished with value: 60.58041763305664 and parameters: {'pretrain_epochs': 0, 'lr': 0.00035602599801649165, 'mc_samples_train': 1, 'prior_scale': 0.09249405978305829, 'q_scale': 0.00018947011247603328, 'obs_scale': 0.3655791031639362, 'batch_size': 32}. Best is trial 42 with value: 12.648012161254883.
Trainer already configured with model summary callbacks: [<class 'lightning.pytorch.callbacks.rich_model_summary.RichModelSummary'>]. Skipping setting a default `ModelSummary` callback.
GPU available: False, used: False
TPU available: False, using: 0 TPU cores
IPU available: False, using: 0 IPUs
HPU available: False, using: 0 HPUs
`Trainer.fit` stopped: `max_epochs=20` reached.
[I 2024-05-24 18:26:02,380] Trial 58 finished with value: 16.12257194519043 and parameters: {'pretrain_epochs': 0, 'lr': 0.000717064420533722, 'mc_samples_train': 1, 'prior_scale': 0.0708639377548408, 'q_scale': 0.0005559683800145626, 'obs_scale': 0.5336891015067621, 'batch_size': 32}. Best is trial 42 with value: 12.648012161254883.
Trainer already configured with model summary callbacks: [<class 'lightning.pytorch.callbacks.rich_model_summary.RichModelSummary'>]. Skipping setting a default `ModelSummary` callback.
GPU available: False, used: False
TPU available: False, using: 0 TPU cores
IPU available: False, using: 0 IPUs
HPU available: False, using: 0 HPUs
`Trainer.fit` stopped: `max_epochs=20` reached.
[I 2024-05-24 18:33:39,530] Trial 59 finished with value: 29.65960121154785 and parameters: {'pretrain_epochs': 0, 'lr': 0.0002708650199615613, 'mc_samples_train': 1, 'prior_scale': 0.026050829318738776, 'q_scale': 0.0005156072233059998, 'obs_scale': 0.848106358310356, 'batch_size': 32}. Best is trial 42 with value: 12.648012161254883.
