[I 2024-05-24 13:36:53,870] Trial 16 finished with value: 25.1272029876709 and parameters: {'pretrain_epochs': 0, 'lr': 0.000547121976155859, 'mc_samples_train': 1, 'prior_scale': 0.04133742496369647, 'q_scale': 0.0025555101989354345, 'obs_scale': 0.5485259914682613, 'batch_size': 32}. Best is trial 16 with value: 25.1272029876709.
Trainer already configured with model summary callbacks: [<class 'lightning.pytorch.callbacks.rich_model_summary.RichModelSummary'>]. Skipping setting a default `ModelSummary` callback.
GPU available: False, used: False
TPU available: False, using: 0 TPU cores
IPU available: False, using: 0 IPUs
HPU available: False, using: 0 HPUs
`Trainer.fit` stopped: `max_epochs=20` reached.
[I 2024-05-24 13:39:43,652] Trial 19 finished with value: 14.385164260864258 and parameters: {'pretrain_epochs': 0, 'lr': 0.0007595257909698891, 'mc_samples_train': 1, 'prior_scale': 0.0553052327399875, 'q_scale': 0.0006518197309155569, 'obs_scale': 0.39668240749227973, 'batch_size': 32}. Best is trial 19 with value: 14.385164260864258.
`Trainer.fit` stopped: `max_epochs=20` reached.
[I 2024-05-24 13:39:57,980] Trial 17 finished with value: 22.032838821411133 and parameters: {'pretrain_epochs': 0, 'lr': 0.000691180961207589, 'mc_samples_train': 1, 'prior_scale': 0.049317027736280133, 'q_scale': 0.0006396905880911569, 'obs_scale': 0.4932620022483778, 'batch_size': 32}. Best is trial 17 with value: 22.032838821411133.
Trainer already configured with model summary callbacks: [<class 'lightning.pytorch.callbacks.rich_model_summary.RichModelSummary'>]. Skipping setting a default `ModelSummary` callback.
GPU available: False, used: False
TPU available: False, using: 0 TPU cores
IPU available: False, using: 0 IPUs
HPU available: False, using: 0 HPUs
Trainer already configured with model summary callbacks: [<class 'lightning.pytorch.callbacks.rich_model_summary.RichModelSummary'>]. Skipping setting a default `ModelSummary` callback.
GPU available: False, used: False
TPU available: False, using: 0 TPU cores
IPU available: False, using: 0 IPUs
HPU available: False, using: 0 HPUs
`Trainer.fit` stopped: `max_epochs=20` reached.
[I 2024-05-24 13:43:42,364] Trial 17 finished with value: 17.95547103881836 and parameters: {'pretrain_epochs': 0, 'lr': 0.000691180961207589, 'mc_samples_train': 1, 'prior_scale': 0.049317027736280133, 'q_scale': 0.0006396905880911569, 'obs_scale': 0.4932620022483778, 'batch_size': 32}. Best is trial 17 with value: 17.95547103881836.
Trainer already configured with model summary callbacks: [<class 'lightning.pytorch.callbacks.rich_model_summary.RichModelSummary'>]. Skipping setting a default `ModelSummary` callback.
GPU available: False, used: False
TPU available: False, using: 0 TPU cores
IPU available: False, using: 0 IPUs
HPU available: False, using: 0 HPUs
`Trainer.fit` stopped: `max_epochs=20` reached.
[I 2024-05-24 13:45:51,589] Trial 20 finished with value: 8.795220375061035 and parameters: {'pretrain_epochs': 0, 'lr': 0.0009410248956021665, 'mc_samples_train': 1, 'prior_scale': 0.06343664261871748, 'q_scale': 0.00020116582693680395, 'obs_scale': 0.35557138721173415, 'batch_size': 32}. Best is trial 20 with value: 8.795220375061035.
Trainer already configured with model summary callbacks: [<class 'lightning.pytorch.callbacks.rich_model_summary.RichModelSummary'>]. Skipping setting a default `ModelSummary` callback.
GPU available: False, used: False
TPU available: False, using: 0 TPU cores
IPU available: False, using: 0 IPUs
HPU available: False, using: 0 HPUs
`Trainer.fit` stopped: `max_epochs=20` reached.
[I 2024-05-24 13:46:50,792] Trial 18 finished with value: 19.457761764526367 and parameters: {'pretrain_epochs': 0, 'lr': 0.0007263091335083298, 'mc_samples_train': 1, 'prior_scale': 0.049890828546736765, 'q_scale': 0.0006414587910215425, 'obs_scale': 0.48413666873004657, 'batch_size': 32}. Best is trial 18 with value: 19.457761764526367.
Trainer already configured with model summary callbacks: [<class 'lightning.pytorch.callbacks.rich_model_summary.RichModelSummary'>]. Skipping setting a default `ModelSummary` callback.
GPU available: False, used: False
TPU available: False, using: 0 TPU cores
IPU available: False, using: 0 IPUs
HPU available: False, using: 0 HPUs
`Trainer.fit` stopped: `max_epochs=20` reached.
[I 2024-05-24 13:50:23,871] Trial 18 finished with value: 32.25761032104492 and parameters: {'pretrain_epochs': 0, 'lr': 0.0007263091335083298, 'mc_samples_train': 1, 'prior_scale': 0.049890828546736765, 'q_scale': 0.0006414587910215425, 'obs_scale': 0.48413666873004657, 'batch_size': 32}. Best is trial 17 with value: 17.95547103881836.
Trainer already configured with model summary callbacks: [<class 'lightning.pytorch.callbacks.rich_model_summary.RichModelSummary'>]. Skipping setting a default `ModelSummary` callback.
GPU available: False, used: False
TPU available: False, using: 0 TPU cores
IPU available: False, using: 0 IPUs
HPU available: False, using: 0 HPUs
`Trainer.fit` stopped: `max_epochs=20` reached.
[I 2024-05-24 13:52:17,957] Trial 21 finished with value: 18.392906188964844 and parameters: {'pretrain_epochs': 0, 'lr': 0.000862223487183857, 'mc_samples_train': 1, 'prior_scale': 0.06740901007980604, 'q_scale': 0.00022427661372579052, 'obs_scale': 0.3374818790903625, 'batch_size': 32}. Best is trial 20 with value: 8.795220375061035.
Trainer already configured with model summary callbacks: [<class 'lightning.pytorch.callbacks.rich_model_summary.RichModelSummary'>]. Skipping setting a default `ModelSummary` callback.
GPU available: False, used: False
TPU available: False, using: 0 TPU cores
IPU available: False, using: 0 IPUs
HPU available: False, using: 0 HPUs
`Trainer.fit` stopped: `max_epochs=20` reached.
[I 2024-05-24 13:54:17,152] Trial 19 finished with value: 15.569585800170898 and parameters: {'pretrain_epochs': 0, 'lr': 0.0007595257909698891, 'mc_samples_train': 1, 'prior_scale': 0.0553052327399875, 'q_scale': 0.0006518197309155569, 'obs_scale': 0.39668240749227973, 'batch_size': 32}. Best is trial 19 with value: 15.569585800170898.
Trainer already configured with model summary callbacks: [<class 'lightning.pytorch.callbacks.rich_model_summary.RichModelSummary'>]. Skipping setting a default `ModelSummary` callback.
GPU available: False, used: False
TPU available: False, using: 0 TPU cores
IPU available: False, using: 0 IPUs
HPU available: False, using: 0 HPUs
`Trainer.fit` stopped: `max_epochs=20` reached.
[I 2024-05-24 13:57:24,057] Trial 19 finished with value: 23.538394927978516 and parameters: {'pretrain_epochs': 0, 'lr': 0.0005257884343407172, 'mc_samples_train': 1, 'prior_scale': 0.04778396272199133, 'q_scale': 0.000650326152249017, 'obs_scale': 0.39005208596186086, 'batch_size': 32}. Best is trial 17 with value: 17.95547103881836.
Trainer already configured with model summary callbacks: [<class 'lightning.pytorch.callbacks.rich_model_summary.RichModelSummary'>]. Skipping setting a default `ModelSummary` callback.
GPU available: False, used: False
TPU available: False, using: 0 TPU cores
IPU available: False, using: 0 IPUs
HPU available: False, using: 0 HPUs
`Trainer.fit` stopped: `max_epochs=20` reached.
[I 2024-05-24 13:58:35,259] Trial 22 finished with value: 21.599315643310547 and parameters: {'pretrain_epochs': 0, 'lr': 0.0009874924234262205, 'mc_samples_train': 1, 'prior_scale': 0.04016065945973905, 'q_scale': 0.0007650825946406088, 'obs_scale': 0.3797663199026178, 'batch_size': 32}. Best is trial 20 with value: 8.795220375061035.
Trainer already configured with model summary callbacks: [<class 'lightning.pytorch.callbacks.rich_model_summary.RichModelSummary'>]. Skipping setting a default `ModelSummary` callback.
GPU available: False, used: False
TPU available: False, using: 0 TPU cores
IPU available: False, using: 0 IPUs
HPU available: False, using: 0 HPUs
`Trainer.fit` stopped: `max_epochs=20` reached.
[I 2024-05-24 14:01:19,687] Trial 20 finished with value: 7.570845127105713 and parameters: {'pretrain_epochs': 0, 'lr': 0.0009410248956021665, 'mc_samples_train': 1, 'prior_scale': 0.06343664261871748, 'q_scale': 0.00020116582693680395, 'obs_scale': 0.35557138721173415, 'batch_size': 32}. Best is trial 20 with value: 7.570845127105713.
Trainer already configured with model summary callbacks: [<class 'lightning.pytorch.callbacks.rich_model_summary.RichModelSummary'>]. Skipping setting a default `ModelSummary` callback.
GPU available: False, used: False
TPU available: False, using: 0 TPU cores
IPU available: False, using: 0 IPUs
HPU available: False, using: 0 HPUs
[I 2024-05-24 14:02:18,406] Trial 23 pruned. Trial was pruned at epoch 10.
Trainer already configured with model summary callbacks: [<class 'lightning.pytorch.callbacks.rich_model_summary.RichModelSummary'>]. Skipping setting a default `ModelSummary` callback.
GPU available: False, used: False
TPU available: False, using: 0 TPU cores
IPU available: False, using: 0 IPUs
HPU available: False, using: 0 HPUs
[I 2024-05-24 14:04:07,463] Trial 20 pruned. Trial was pruned at epoch 17.
Trainer already configured with model summary callbacks: [<class 'lightning.pytorch.callbacks.rich_model_summary.RichModelSummary'>]. Skipping setting a default `ModelSummary` callback.
GPU available: False, used: False
TPU available: False, using: 0 TPU cores
IPU available: False, using: 0 IPUs
HPU available: False, using: 0 HPUs
`Trainer.fit` stopped: `max_epochs=20` reached.
[I 2024-05-24 14:07:50,452] Trial 21 finished with value: 18.58489990234375 and parameters: {'pretrain_epochs': 0, 'lr': 0.000862223487183857, 'mc_samples_train': 1, 'prior_scale': 0.06740901007980604, 'q_scale': 0.00022427661372579052, 'obs_scale': 0.3374818790903625, 'batch_size': 32}. Best is trial 20 with value: 7.570845127105713.
Trainer already configured with model summary callbacks: [<class 'lightning.pytorch.callbacks.rich_model_summary.RichModelSummary'>]. Skipping setting a default `ModelSummary` callback.
GPU available: False, used: False
TPU available: False, using: 0 TPU cores
IPU available: False, using: 0 IPUs
HPU available: False, using: 0 HPUs
[I 2024-05-24 14:08:25,032] Trial 24 pruned. Trial was pruned at epoch 16.
Trainer already configured with model summary callbacks: [<class 'lightning.pytorch.callbacks.rich_model_summary.RichModelSummary'>]. Skipping setting a default `ModelSummary` callback.
GPU available: False, used: False
TPU available: False, using: 0 TPU cores
IPU available: False, using: 0 IPUs
HPU available: False, using: 0 HPUs
`Trainer.fit` stopped: `max_epochs=20` reached.
[I 2024-05-24 14:11:34,922] Trial 21 finished with value: 21.474390029907227 and parameters: {'pretrain_epochs': 0, 'lr': 0.0006027416098410279, 'mc_samples_train': 1, 'prior_scale': 0.044525246619667135, 'q_scale': 0.0007910538045185004, 'obs_scale': 0.483370413879867, 'batch_size': 32}. Best is trial 17 with value: 17.95547103881836.
Trainer already configured with model summary callbacks: [<class 'lightning.pytorch.callbacks.rich_model_summary.RichModelSummary'>]. Skipping setting a default `ModelSummary` callback.
GPU available: False, used: False
TPU available: False, using: 0 TPU cores
IPU available: False, using: 0 IPUs
HPU available: False, using: 0 HPUs
`Trainer.fit` stopped: `max_epochs=20` reached.
[I 2024-05-24 14:14:48,161] Trial 22 finished with value: 59.56106948852539 and parameters: {'pretrain_epochs': 0, 'lr': 0.0009897517703610693, 'mc_samples_train': 1, 'prior_scale': 0.07940156934878417, 'q_scale': 0.00021507479225071316, 'obs_scale': 0.34212097371806827, 'batch_size': 32}. Best is trial 20 with value: 7.570845127105713.
`Trainer.fit` stopped: `max_epochs=20` reached.
[I 2024-05-24 14:15:01,922] Trial 25 finished with value: 11.02728271484375 and parameters: {'pretrain_epochs': 0, 'lr': 0.0006748438578408085, 'mc_samples_train': 1, 'prior_scale': 0.13469709642502314, 'q_scale': 0.00020581642968448062, 'obs_scale': 0.46591103682903323, 'batch_size': 32}. Best is trial 20 with value: 8.795220375061035.
Trainer already configured with model summary callbacks: [<class 'lightning.pytorch.callbacks.rich_model_summary.RichModelSummary'>]. Skipping setting a default `ModelSummary` callback.
GPU available: False, used: False
TPU available: False, using: 0 TPU cores
IPU available: False, using: 0 IPUs
HPU available: False, using: 0 HPUs
Trainer already configured with model summary callbacks: [<class 'lightning.pytorch.callbacks.rich_model_summary.RichModelSummary'>]. Skipping setting a default `ModelSummary` callback.
GPU available: False, used: False
TPU available: False, using: 0 TPU cores
IPU available: False, using: 0 IPUs
HPU available: False, using: 0 HPUs
`Trainer.fit` stopped: `max_epochs=20` reached.
[I 2024-05-24 14:19:01,488] Trial 22 finished with value: 25.201522827148438 and parameters: {'pretrain_epochs': 0, 'lr': 0.0009759889358631576, 'mc_samples_train': 1, 'prior_scale': 0.04016065945973905, 'q_scale': 0.0006801449341523249, 'obs_scale': 0.2677685950195412, 'batch_size': 32}. Best is trial 17 with value: 17.95547103881836.
Trainer already configured with model summary callbacks: [<class 'lightning.pytorch.callbacks.rich_model_summary.RichModelSummary'>]. Skipping setting a default `ModelSummary` callback.
GPU available: False, used: False
TPU available: False, using: 0 TPU cores
IPU available: False, using: 0 IPUs
HPU available: False, using: 0 HPUs
`Trainer.fit` stopped: `max_epochs=20` reached.
[I 2024-05-24 14:22:14,091] Trial 23 finished with value: 54.691471099853516 and parameters: {'pretrain_epochs': 0, 'lr': 0.0005971919166727717, 'mc_samples_train': 1, 'prior_scale': 0.11788112679105546, 'q_scale': 0.00027425246065001445, 'obs_scale': 0.23001124617088642, 'batch_size': 32}. Best is trial 20 with value: 7.570845127105713.
Trainer already configured with model summary callbacks: [<class 'lightning.pytorch.callbacks.rich_model_summary.RichModelSummary'>]. Skipping setting a default `ModelSummary` callback.
GPU available: False, used: False
TPU available: False, using: 0 TPU cores
IPU available: False, using: 0 IPUs
HPU available: False, using: 0 HPUs
[I 2024-05-24 14:24:15,030] Trial 26 pruned. Trial was pruned at epoch 16.
Trainer already configured with model summary callbacks: [<class 'lightning.pytorch.callbacks.rich_model_summary.RichModelSummary'>]. Skipping setting a default `ModelSummary` callback.
GPU available: False, used: False
TPU available: False, using: 0 TPU cores
IPU available: False, using: 0 IPUs
HPU available: False, using: 0 HPUs
`Trainer.fit` stopped: `max_epochs=20` reached.
[I 2024-05-24 14:26:51,673] Trial 23 finished with value: 13.973926544189453 and parameters: {'pretrain_epochs': 0, 'lr': 0.0006227221732994119, 'mc_samples_train': 1, 'prior_scale': 0.0668941358360474, 'q_scale': 0.0003126425480395599, 'obs_scale': 0.4151409793914799, 'batch_size': 32}. Best is trial 23 with value: 13.973926544189453.
Trainer already configured with model summary callbacks: [<class 'lightning.pytorch.callbacks.rich_model_summary.RichModelSummary'>]. Skipping setting a default `ModelSummary` callback.
GPU available: False, used: False
TPU available: False, using: 0 TPU cores
IPU available: False, using: 0 IPUs
HPU available: False, using: 0 HPUs
[I 2024-05-24 14:27:49,255] Trial 24 pruned. Trial was pruned at epoch 14.
Trainer already configured with model summary callbacks: [<class 'lightning.pytorch.callbacks.rich_model_summary.RichModelSummary'>]. Skipping setting a default `ModelSummary` callback.
GPU available: False, used: False
TPU available: False, using: 0 TPU cores
IPU available: False, using: 0 IPUs
HPU available: False, using: 0 HPUs
`Trainer.fit` stopped: `max_epochs=20` reached.
[I 2024-05-24 14:30:50,906] Trial 27 finished with value: 20.729734420776367 and parameters: {'pretrain_epochs': 0, 'lr': 0.0006167782848423004, 'mc_samples_train': 1, 'prior_scale': 0.2763705310792614, 'q_scale': 0.0002904082597194098, 'obs_scale': 0.3746859534867914, 'batch_size': 32}. Best is trial 20 with value: 8.795220375061035.
Trainer already configured with model summary callbacks: [<class 'lightning.pytorch.callbacks.rich_model_summary.RichModelSummary'>]. Skipping setting a default `ModelSummary` callback.
GPU available: False, used: False
TPU available: False, using: 0 TPU cores
IPU available: False, using: 0 IPUs
HPU available: False, using: 0 HPUs
`Trainer.fit` stopped: `max_epochs=20` reached.
[I 2024-05-24 14:33:19,470] Trial 28 finished with value: 1380.7530517578125 and parameters: {'pretrain_epochs': 0, 'lr': 0.00011398430345573024, 'mc_samples_train': 1, 'prior_scale': 0.30186663651042894, 'q_scale': 0.00015935445456431618, 'obs_scale': 0.3065174459109755, 'batch_size': 128}. Best is trial 20 with value: 8.795220375061035.
Trainer already configured with model summary callbacks: [<class 'lightning.pytorch.callbacks.rich_model_summary.RichModelSummary'>]. Skipping setting a default `ModelSummary` callback.
GPU available: False, used: False
TPU available: False, using: 0 TPU cores
IPU available: False, using: 0 IPUs
HPU available: False, using: 0 HPUs
`Trainer.fit` stopped: `max_epochs=20` reached.
[I 2024-05-24 14:34:51,031] Trial 29 finished with value: 8875.3515625 and parameters: {'pretrain_epochs': 5, 'lr': 8.702364224005333e-05, 'mc_samples_train': 1, 'prior_scale': 0.13720478443334658, 'q_scale': 0.000383518181805017, 'obs_scale': 0.5748625129590914, 'batch_size': 512}. Best is trial 20 with value: 8.795220375061035.
`Trainer.fit` stopped: `max_epochs=20` reached.
[I 2024-05-24 14:34:55,109] Trial 24 finished with value: 20.34653091430664 and parameters: {'pretrain_epochs': 0, 'lr': 0.0006681762479256583, 'mc_samples_train': 1, 'prior_scale': 0.08554798474183566, 'q_scale': 0.00033011851205550185, 'obs_scale': 0.5105715736300651, 'batch_size': 32}. Best is trial 23 with value: 13.973926544189453.
`Trainer.fit` stopped: `max_epochs=20` reached.
[I 2024-05-24 14:34:55,957] Trial 25 finished with value: 46.617759704589844 and parameters: {'pretrain_epochs': 0, 'lr': 0.0009893755800209887, 'mc_samples_train': 1, 'prior_scale': 0.034219793325451595, 'q_scale': 0.0006427159858661907, 'obs_scale': 0.2620362868752414, 'batch_size': 32}. Best is trial 20 with value: 7.570845127105713.
Trainer already configured with model summary callbacks: [<class 'lightning.pytorch.callbacks.rich_model_summary.RichModelSummary'>]. Skipping setting a default `ModelSummary` callback.
GPU available: False, used: False
TPU available: False, using: 0 TPU cores
IPU available: False, using: 0 IPUs
HPU available: False, using: 0 HPUs
Trainer already configured with model summary callbacks: [<class 'lightning.pytorch.callbacks.rich_model_summary.RichModelSummary'>]. Skipping setting a default `ModelSummary` callback.
GPU available: False, used: False
TPU available: False, using: 0 TPU cores
IPU available: False, using: 0 IPUs
HPU available: False, using: 0 HPUs
Trainer already configured with model summary callbacks: [<class 'lightning.pytorch.callbacks.rich_model_summary.RichModelSummary'>]. Skipping setting a default `ModelSummary` callback.
GPU available: False, used: False
TPU available: False, using: 0 TPU cores
IPU available: False, using: 0 IPUs
HPU available: False, using: 0 HPUs
`Trainer.fit` stopped: `max_epochs=20` reached.
[I 2024-05-24 14:41:17,657] Trial 30 finished with value: 33.69993209838867 and parameters: {'pretrain_epochs': 0, 'lr': 0.00038396701131185356, 'mc_samples_train': 1, 'prior_scale': 0.0861232110600651, 'q_scale': 0.0002912461426991157, 'obs_scale': 0.4370098510594135, 'batch_size': 32}. Best is trial 20 with value: 8.795220375061035.
Trainer already configured with model summary callbacks: [<class 'lightning.pytorch.callbacks.rich_model_summary.RichModelSummary'>]. Skipping setting a default `ModelSummary` callback.
GPU available: False, used: False
TPU available: False, using: 0 TPU cores
IPU available: False, using: 0 IPUs
HPU available: False, using: 0 HPUs
`Trainer.fit` stopped: `max_epochs=20` reached.
[I 2024-05-24 14:42:38,656] Trial 25 finished with value: 104.94136047363281 and parameters: {'pretrain_epochs': 0, 'lr': 0.0003394050757930824, 'mc_samples_train': 1, 'prior_scale': 0.13469709642502314, 'q_scale': 0.00029198439611751305, 'obs_scale': 0.32572674772294435, 'batch_size': 32}. Best is trial 23 with value: 13.973926544189453.
Trainer already configured with model summary callbacks: [<class 'lightning.pytorch.callbacks.rich_model_summary.RichModelSummary'>]. Skipping setting a default `ModelSummary` callback.
GPU available: False, used: False
TPU available: False, using: 0 TPU cores
IPU available: False, using: 0 IPUs
HPU available: False, using: 0 HPUs
`Trainer.fit` stopped: `max_epochs=20` reached.
[I 2024-05-24 14:47:34,702] Trial 26 finished with value: 314.4885559082031 and parameters: {'pretrain_epochs': 5, 'lr': 0.0003628689069010046, 'mc_samples_train': 2, 'prior_scale': 0.15479700679466418, 'q_scale': 0.00018157955174446106, 'obs_scale': 0.3987880946462159, 'batch_size': 32}. Best is trial 20 with value: 7.570845127105713.
`Trainer.fit` stopped: `max_epochs=20` reached.
