[I 2024-05-24 14:47:37,671] Trial 31 finished with value: 15.515972137451172 and parameters: {'pretrain_epochs': 0, 'lr': 0.0006680368066976181, 'mc_samples_train': 1, 'prior_scale': 0.05579858997767185, 'q_scale': 0.0007242189305787746, 'obs_scale': 0.4786387433445233, 'batch_size': 32}. Best is trial 20 with value: 8.795220375061035.
Trainer already configured with model summary callbacks: [<class 'lightning.pytorch.callbacks.rich_model_summary.RichModelSummary'>]. Skipping setting a default `ModelSummary` callback.
GPU available: False, used: False
TPU available: False, using: 0 TPU cores
IPU available: False, using: 0 IPUs
HPU available: False, using: 0 HPUs
Trainer already configured with model summary callbacks: [<class 'lightning.pytorch.callbacks.rich_model_summary.RichModelSummary'>]. Skipping setting a default `ModelSummary` callback.
GPU available: False, used: False
TPU available: False, using: 0 TPU cores
IPU available: False, using: 0 IPUs
HPU available: False, using: 0 HPUs
`Trainer.fit` stopped: `max_epochs=20` reached.
[I 2024-05-24 14:53:56,691] Trial 32 finished with value: 24.01712417602539 and parameters: {'pretrain_epochs': 0, 'lr': 0.0006182721622361482, 'mc_samples_train': 1, 'prior_scale': 0.0650746397020037, 'q_scale': 0.0007985508727179825, 'obs_scale': 0.6680718428263864, 'batch_size': 32}. Best is trial 20 with value: 8.795220375061035.
Trainer already configured with model summary callbacks: [<class 'lightning.pytorch.callbacks.rich_model_summary.RichModelSummary'>]. Skipping setting a default `ModelSummary` callback.
GPU available: False, used: False
TPU available: False, using: 0 TPU cores
IPU available: False, using: 0 IPUs
HPU available: False, using: 0 HPUs
`Trainer.fit` stopped: `max_epochs=20` reached.
[I 2024-05-24 14:54:47,411] Trial 27 finished with value: 111.48522186279297 and parameters: {'pretrain_epochs': 0, 'lr': 0.0006167782848423004, 'mc_samples_train': 1, 'prior_scale': 0.07078082608673841, 'q_scale': 0.0004018287278718421, 'obs_scale': 0.1980958002490439, 'batch_size': 32}. Best is trial 20 with value: 7.570845127105713.
Trainer already configured with model summary callbacks: [<class 'lightning.pytorch.callbacks.rich_model_summary.RichModelSummary'>]. Skipping setting a default `ModelSummary` callback.
GPU available: False, used: False
TPU available: False, using: 0 TPU cores
IPU available: False, using: 0 IPUs
HPU available: False, using: 0 HPUs
`Trainer.fit` stopped: `max_epochs=20` reached.
[I 2024-05-24 14:55:52,034] Trial 26 finished with value: 1111.0069580078125 and parameters: {'pretrain_epochs': 5, 'lr': 0.0002178416264960444, 'mc_samples_train': 2, 'prior_scale': 0.07455230132082018, 'q_scale': 0.00023274249435730555, 'obs_scale': 0.2299898013343446, 'batch_size': 32}. Best is trial 23 with value: 13.973926544189453.
Trainer already configured with model summary callbacks: [<class 'lightning.pytorch.callbacks.rich_model_summary.RichModelSummary'>]. Skipping setting a default `ModelSummary` callback.
GPU available: False, used: False
TPU available: False, using: 0 TPU cores
IPU available: False, using: 0 IPUs
HPU available: False, using: 0 HPUs
`Trainer.fit` stopped: `max_epochs=20` reached.
[I 2024-05-24 14:57:37,557] Trial 28 finished with value: 7816.98974609375 and parameters: {'pretrain_epochs': 0, 'lr': 4.0174518409972304e-05, 'mc_samples_train': 1, 'prior_scale': 0.30186663651042894, 'q_scale': 0.0003025192277530568, 'obs_scale': 0.3065174459109755, 'batch_size': 128}. Best is trial 20 with value: 7.570845127105713.
Trainer already configured with model summary callbacks: [<class 'lightning.pytorch.callbacks.rich_model_summary.RichModelSummary'>]. Skipping setting a default `ModelSummary` callback.
GPU available: False, used: False
TPU available: False, using: 0 TPU cores
IPU available: False, using: 0 IPUs
HPU available: False, using: 0 HPUs
`Trainer.fit` stopped: `max_epochs=20` reached.
[I 2024-05-24 14:59:28,173] Trial 29 finished with value: 7624.8408203125 and parameters: {'pretrain_epochs': 5, 'lr': 9.921553289851606e-05, 'mc_samples_train': 1, 'prior_scale': 0.039413706203980936, 'q_scale': 0.0008515088472132865, 'obs_scale': 0.5822297899801441, 'batch_size': 512}. Best is trial 20 with value: 7.570845127105713.
Trainer already configured with model summary callbacks: [<class 'lightning.pytorch.callbacks.rich_model_summary.RichModelSummary'>]. Skipping setting a default `ModelSummary` callback.
GPU available: False, used: False
TPU available: False, using: 0 TPU cores
IPU available: False, using: 0 IPUs
HPU available: False, using: 0 HPUs
`Trainer.fit` stopped: `max_epochs=20` reached.
[I 2024-05-24 15:00:25,457] Trial 33 finished with value: 35.07633590698242 and parameters: {'pretrain_epochs': 0, 'lr': 0.0007266156417882247, 'mc_samples_train': 1, 'prior_scale': 0.036816549565905674, 'q_scale': 0.00018067715999785274, 'obs_scale': 0.34141996198473634, 'batch_size': 32}. Best is trial 20 with value: 8.795220375061035.
Trainer already configured with model summary callbacks: [<class 'lightning.pytorch.callbacks.rich_model_summary.RichModelSummary'>]. Skipping setting a default `ModelSummary` callback.
GPU available: False, used: False
TPU available: False, using: 0 TPU cores
IPU available: False, using: 0 IPUs
HPU available: False, using: 0 HPUs
`Trainer.fit` stopped: `max_epochs=20` reached.
[I 2024-05-24 15:02:24,494] Trial 34 finished with value: 496107.6875 and parameters: {'pretrain_epochs': 0, 'lr': 5.7136632515214375e-05, 'mc_samples_train': 1, 'prior_scale': 0.059480207834859085, 'q_scale': 0.0011170018507351946, 'obs_scale': 0.27342775354008636, 'batch_size': 256}. Best is trial 20 with value: 8.795220375061035.
Trainer already configured with model summary callbacks: [<class 'lightning.pytorch.callbacks.rich_model_summary.RichModelSummary'>]. Skipping setting a default `ModelSummary` callback.
GPU available: False, used: False
TPU available: False, using: 0 TPU cores
IPU available: False, using: 0 IPUs
HPU available: False, using: 0 HPUs
`Trainer.fit` stopped: `max_epochs=20` reached.
[I 2024-05-24 15:03:38,040] Trial 27 finished with value: 19.84027862548828 and parameters: {'pretrain_epochs': 0, 'lr': 0.0006746258891313132, 'mc_samples_train': 1, 'prior_scale': 0.14732222903843126, 'q_scale': 0.0004018287278718421, 'obs_scale': 0.5895199043485567, 'batch_size': 32}. Best is trial 23 with value: 13.973926544189453.
Trainer already configured with model summary callbacks: [<class 'lightning.pytorch.callbacks.rich_model_summary.RichModelSummary'>]. Skipping setting a default `ModelSummary` callback.
GPU available: False, used: False
TPU available: False, using: 0 TPU cores
IPU available: False, using: 0 IPUs
HPU available: False, using: 0 HPUs
`Trainer.fit` stopped: `max_epochs=20` reached.
[I 2024-05-24 15:06:16,161] Trial 30 finished with value: 43.544349670410156 and parameters: {'pretrain_epochs': 0, 'lr': 0.00033887516581264203, 'mc_samples_train': 1, 'prior_scale': 0.022689658887318588, 'q_scale': 0.00047528042867711856, 'obs_scale': 0.4370098510594135, 'batch_size': 32}. Best is trial 20 with value: 7.570845127105713.
Trainer already configured with model summary callbacks: [<class 'lightning.pytorch.callbacks.rich_model_summary.RichModelSummary'>]. Skipping setting a default `ModelSummary` callback.
GPU available: False, used: False
TPU available: False, using: 0 TPU cores
IPU available: False, using: 0 IPUs
HPU available: False, using: 0 HPUs
`Trainer.fit` stopped: `max_epochs=20` reached.
[I 2024-05-24 15:07:03,836] Trial 28 finished with value: 303.64410400390625 and parameters: {'pretrain_epochs': 0, 'lr': 0.00010665795465083976, 'mc_samples_train': 1, 'prior_scale': 0.30186663651042894, 'q_scale': 0.00017234324760472387, 'obs_scale': 0.8753756893535367, 'batch_size': 128}. Best is trial 23 with value: 13.973926544189453.
Trainer already configured with model summary callbacks: [<class 'lightning.pytorch.callbacks.rich_model_summary.RichModelSummary'>]. Skipping setting a default `ModelSummary` callback.
GPU available: False, used: False
TPU available: False, using: 0 TPU cores
IPU available: False, using: 0 IPUs
HPU available: False, using: 0 HPUs
`Trainer.fit` stopped: `max_epochs=20` reached.
[I 2024-05-24 15:09:16,208] Trial 29 finished with value: 4139.51025390625 and parameters: {'pretrain_epochs': 5, 'lr': 5.236894882777535e-05, 'mc_samples_train': 1, 'prior_scale': 0.14118427219031313, 'q_scale': 0.00045795540155435196, 'obs_scale': 1.4135697881067528, 'batch_size': 512}. Best is trial 23 with value: 13.973926544189453.
Trainer already configured with model summary callbacks: [<class 'lightning.pytorch.callbacks.rich_model_summary.RichModelSummary'>]. Skipping setting a default `ModelSummary` callback.
GPU available: False, used: False
TPU available: False, using: 0 TPU cores
IPU available: False, using: 0 IPUs
HPU available: False, using: 0 HPUs
`Trainer.fit` stopped: `max_epochs=20` reached.
[I 2024-05-24 15:12:49,332] Trial 35 finished with value: 27.9597225189209 and parameters: {'pretrain_epochs': 0, 'lr': 0.0009697184655036393, 'mc_samples_train': 2, 'prior_scale': 0.12538829146846445, 'q_scale': 0.00033818982970098166, 'obs_scale': 0.8473948045312067, 'batch_size': 32}. Best is trial 20 with value: 8.795220375061035.
`Trainer.fit` stopped: `max_epochs=20` reached.
[I 2024-05-24 15:13:01,547] Trial 31 finished with value: 10.450652122497559 and parameters: {'pretrain_epochs': 0, 'lr': 0.0007178839930599398, 'mc_samples_train': 1, 'prior_scale': 0.04902796638075531, 'q_scale': 0.0006305977822506084, 'obs_scale': 0.44583708052282817, 'batch_size': 32}. Best is trial 20 with value: 7.570845127105713.
Trainer already configured with model summary callbacks: [<class 'lightning.pytorch.callbacks.rich_model_summary.RichModelSummary'>]. Skipping setting a default `ModelSummary` callback.
GPU available: False, used: False
TPU available: False, using: 0 TPU cores
IPU available: False, using: 0 IPUs
HPU available: False, using: 0 HPUs
Trainer already configured with model summary callbacks: [<class 'lightning.pytorch.callbacks.rich_model_summary.RichModelSummary'>]. Skipping setting a default `ModelSummary` callback.
GPU available: False, used: False
TPU available: False, using: 0 TPU cores
IPU available: False, using: 0 IPUs
HPU available: False, using: 0 HPUs
`Trainer.fit` stopped: `max_epochs=20` reached.
[I 2024-05-24 15:17:03,581] Trial 30 finished with value: 26.344907760620117 and parameters: {'pretrain_epochs': 0, 'lr': 0.0009591845442225177, 'mc_samples_train': 1, 'prior_scale': 0.2796765149103996, 'q_scale': 0.0004154979524846102, 'obs_scale': 0.6208861958467037, 'batch_size': 32}. Best is trial 23 with value: 13.973926544189453.
Trainer already configured with model summary callbacks: [<class 'lightning.pytorch.callbacks.rich_model_summary.RichModelSummary'>]. Skipping setting a default `ModelSummary` callback.
GPU available: False, used: False
TPU available: False, using: 0 TPU cores
IPU available: False, using: 0 IPUs
HPU available: False, using: 0 HPUs
`Trainer.fit` stopped: `max_epochs=20` reached.
[I 2024-05-24 15:19:06,384] Trial 36 finished with value: 840.2421875 and parameters: {'pretrain_epochs': 5, 'lr': 2.336178932942835e-05, 'mc_samples_train': 1, 'prior_scale': 0.09085987402195016, 'q_scale': 0.0005395308954875394, 'obs_scale': 0.46723865281277066, 'batch_size': 32}. Best is trial 20 with value: 8.795220375061035.
Trainer already configured with model summary callbacks: [<class 'lightning.pytorch.callbacks.rich_model_summary.RichModelSummary'>]. Skipping setting a default `ModelSummary` callback.
GPU available: False, used: False
TPU available: False, using: 0 TPU cores
IPU available: False, using: 0 IPUs
HPU available: False, using: 0 HPUs
`Trainer.fit` stopped: `max_epochs=20` reached.
[I 2024-05-24 15:19:54,543] Trial 32 finished with value: 15.852718353271484 and parameters: {'pretrain_epochs': 0, 'lr': 0.000729074396149963, 'mc_samples_train': 1, 'prior_scale': 0.09817041163299439, 'q_scale': 0.00026318471896278, 'obs_scale': 0.31997177793407683, 'batch_size': 32}. Best is trial 20 with value: 7.570845127105713.
Trainer already configured with model summary callbacks: [<class 'lightning.pytorch.callbacks.rich_model_summary.RichModelSummary'>]. Skipping setting a default `ModelSummary` callback.
GPU available: False, used: False
TPU available: False, using: 0 TPU cores
IPU available: False, using: 0 IPUs
HPU available: False, using: 0 HPUs
`Trainer.fit` stopped: `max_epochs=20` reached.
[I 2024-05-24 15:20:37,564] Trial 37 finished with value: 20517.439453125 and parameters: {'pretrain_epochs': 0, 'lr': 0.000213940624590804, 'mc_samples_train': 1, 'prior_scale': 0.03194832541554563, 'q_scale': 0.0016035412310709174, 'obs_scale': 0.565952259567061, 'batch_size': 512}. Best is trial 20 with value: 8.795220375061035.
Trainer already configured with model summary callbacks: [<class 'lightning.pytorch.callbacks.rich_model_summary.RichModelSummary'>]. Skipping setting a default `ModelSummary` callback.
GPU available: False, used: False
TPU available: False, using: 0 TPU cores
IPU available: False, using: 0 IPUs
HPU available: False, using: 0 HPUs
`Trainer.fit` stopped: `max_epochs=20` reached.
[I 2024-05-24 15:23:10,615] Trial 38 finished with value: 347.1746520996094 and parameters: {'pretrain_epochs': 0, 'lr': 0.0004966402699781978, 'mc_samples_train': 2, 'prior_scale': 0.02307798890182511, 'q_scale': 0.0008677919586673049, 'obs_scale': 1.3422976092490253, 'batch_size': 256}. Best is trial 20 with value: 8.795220375061035.
Trainer already configured with model summary callbacks: [<class 'lightning.pytorch.callbacks.rich_model_summary.RichModelSummary'>]. Skipping setting a default `ModelSummary` callback.
GPU available: False, used: False
TPU available: False, using: 0 TPU cores
IPU available: False, using: 0 IPUs
HPU available: False, using: 0 HPUs
`Trainer.fit` stopped: `max_epochs=20` reached.
[I 2024-05-24 15:24:25,390] Trial 31 finished with value: 16.535959243774414 and parameters: {'pretrain_epochs': 0, 'lr': 0.0006557811813299671, 'mc_samples_train': 1, 'prior_scale': 0.0946187101144961, 'q_scale': 0.00024787379924768026, 'obs_scale': 0.46632986902004936, 'batch_size': 32}. Best is trial 23 with value: 13.973926544189453.
Trainer already configured with model summary callbacks: [<class 'lightning.pytorch.callbacks.rich_model_summary.RichModelSummary'>]. Skipping setting a default `ModelSummary` callback.
GPU available: False, used: False
TPU available: False, using: 0 TPU cores
IPU available: False, using: 0 IPUs
HPU available: False, using: 0 HPUs
`Trainer.fit` stopped: `max_epochs=20` reached.
[I 2024-05-24 15:25:34,542] Trial 39 finished with value: 2168.0634765625 and parameters: {'pretrain_epochs': 5, 'lr': 0.00013788557993523379, 'mc_samples_train': 1, 'prior_scale': 0.046750137490587707, 'q_scale': 0.00014573544217320089, 'obs_scale': 0.38723031042750894, 'batch_size': 128}. Best is trial 20 with value: 8.795220375061035.
Trainer already configured with model summary callbacks: [<class 'lightning.pytorch.callbacks.rich_model_summary.RichModelSummary'>]. Skipping setting a default `ModelSummary` callback.
GPU available: False, used: False
TPU available: False, using: 0 TPU cores
IPU available: False, using: 0 IPUs
HPU available: False, using: 0 HPUs
`Trainer.fit` stopped: `max_epochs=20` reached.
[I 2024-05-24 15:26:53,053] Trial 33 finished with value: 49.18193435668945 and parameters: {'pretrain_epochs': 0, 'lr': 0.0005535194318895576, 'mc_samples_train': 1, 'prior_scale': 0.09775279828274265, 'q_scale': 0.0003244161371558254, 'obs_scale': 0.2946122456648841, 'batch_size': 32}. Best is trial 20 with value: 7.570845127105713.
Trainer already configured with model summary callbacks: [<class 'lightning.pytorch.callbacks.rich_model_summary.RichModelSummary'>]. Skipping setting a default `ModelSummary` callback.
GPU available: False, used: False
TPU available: False, using: 0 TPU cores
IPU available: False, using: 0 IPUs
HPU available: False, using: 0 HPUs
[I 2024-05-24 15:28:45,283] Trial 34 pruned. Trial was pruned at epoch 15.
Trainer already configured with model summary callbacks: [<class 'lightning.pytorch.callbacks.rich_model_summary.RichModelSummary'>]. Skipping setting a default `ModelSummary` callback.
GPU available: False, used: False
TPU available: False, using: 0 TPU cores
IPU available: False, using: 0 IPUs
HPU available: False, using: 0 HPUs
`Trainer.fit` stopped: `max_epochs=20` reached.
[I 2024-05-24 15:31:10,172] Trial 32 finished with value: 45.681156158447266 and parameters: {'pretrain_epochs': 0, 'lr': 0.0003567555044956278, 'mc_samples_train': 1, 'prior_scale': 0.058151040776631205, 'q_scale': 0.0002694232980195212, 'obs_scale': 0.3967240791658831, 'batch_size': 32}. Best is trial 23 with value: 13.973926544189453.
Trainer already configured with model summary callbacks: [<class 'lightning.pytorch.callbacks.rich_model_summary.RichModelSummary'>]. Skipping setting a default `ModelSummary` callback.
GPU available: False, used: False
TPU available: False, using: 0 TPU cores
IPU available: False, using: 0 IPUs
HPU available: False, using: 0 HPUs
`Trainer.fit` stopped: `max_epochs=20` reached.
[I 2024-05-24 15:35:22,084] Trial 40 finished with value: 3292.11767578125 and parameters: {'pretrain_epochs': 0, 'lr': 2.8058268402712556e-05, 'mc_samples_train': 2, 'prior_scale': 0.1497377510726038, 'q_scale': 0.00040784703330132467, 'obs_scale': 0.197849658450045, 'batch_size': 32}. Best is trial 20 with value: 8.795220375061035.
Trainer already configured with model summary callbacks: [<class 'lightning.pytorch.callbacks.rich_model_summary.RichModelSummary'>]. Skipping setting a default `ModelSummary` callback.
GPU available: False, used: False
TPU available: False, using: 0 TPU cores
IPU available: False, using: 0 IPUs
HPU available: False, using: 0 HPUs
`Trainer.fit` stopped: `max_epochs=20` reached.
[I 2024-05-24 15:38:01,574] Trial 33 finished with value: 45.4676399230957 and parameters: {'pretrain_epochs': 0, 'lr': 0.0006432693407615532, 'mc_samples_train': 1, 'prior_scale': 0.10207232513038603, 'q_scale': 0.0005500044262222234, 'obs_scale': 0.30365015814208135, 'batch_size': 32}. Best is trial 23 with value: 13.973926544189453.
[I 2024-05-24 15:38:10,402] Trial 35 pruned. Trial was pruned at epoch 14.
Trainer already configured with model summary callbacks: [<class 'lightning.pytorch.callbacks.rich_model_summary.RichModelSummary'>]. Skipping setting a default `ModelSummary` callback.
GPU available: False, used: False
TPU available: False, using: 0 TPU cores
IPU available: False, using: 0 IPUs
HPU available: False, using: 0 HPUs
Trainer already configured with model summary callbacks: [<class 'lightning.pytorch.callbacks.rich_model_summary.RichModelSummary'>]. Skipping setting a default `ModelSummary` callback.
GPU available: False, used: False
TPU available: False, using: 0 TPU cores
IPU available: False, using: 0 IPUs
HPU available: False, using: 0 HPUs
`Trainer.fit` stopped: `max_epochs=20` reached.
[I 2024-05-24 15:40:30,204] Trial 34 finished with value: 172.02284240722656 and parameters: {'pretrain_epochs': 0, 'lr': 0.0007349925665405387, 'mc_samples_train': 1, 'prior_scale': 0.1772194409452042, 'q_scale': 0.00015856821017201222, 'obs_scale': 0.6293638887691918, 'batch_size': 256}. Best is trial 23 with value: 13.973926544189453.
Trainer already configured with model summary callbacks: [<class 'lightning.pytorch.callbacks.rich_model_summary.RichModelSummary'>]. Skipping setting a default `ModelSummary` callback.
GPU available: False, used: False
TPU available: False, using: 0 TPU cores
IPU available: False, using: 0 IPUs
HPU available: False, using: 0 HPUs
`Trainer.fit` stopped: `max_epochs=20` reached.
[I 2024-05-24 15:41:34,256] Trial 41 finished with value: 18.006288528442383 and parameters: {'pretrain_epochs': 0, 'lr': 0.0007387085317501385, 'mc_samples_train': 1, 'prior_scale': 0.05505225727543, 'q_scale': 0.000597938933323071, 'obs_scale': 0.5057735821068052, 'batch_size': 32}. Best is trial 20 with value: 8.795220375061035.
Trainer already configured with model summary callbacks: [<class 'lightning.pytorch.callbacks.rich_model_summary.RichModelSummary'>]. Skipping setting a default `ModelSummary` callback.
GPU available: False, used: False
TPU available: False, using: 0 TPU cores
IPU available: False, using: 0 IPUs
HPU available: False, using: 0 HPUs
`Trainer.fit` stopped: `max_epochs=20` reached.
[I 2024-05-24 15:45:46,058] Trial 36 finished with value: 505.5638427734375 and parameters: {'pretrain_epochs': 5, 'lr': 0.00012365570583686662, 'mc_samples_train': 1, 'prior_scale': 0.09258552177020683, 'q_scale': 0.00107759808629228, 'obs_scale': 0.4131810901021061, 'batch_size': 32}. Best is trial 20 with value: 7.570845127105713.
Trainer already configured with model summary callbacks: [<class 'lightning.pytorch.callbacks.rich_model_summary.RichModelSummary'>]. Skipping setting a default `ModelSummary` callback.
GPU available: False, used: False
TPU available: False, using: 0 TPU cores
IPU available: False, using: 0 IPUs
HPU available: False, using: 0 HPUs
`Trainer.fit` stopped: `max_epochs=20` reached.
[I 2024-05-24 15:47:49,461] Trial 37 finished with value: 681046.875 and parameters: {'pretrain_epochs': 0, 'lr': 5.1808411700953774e-05, 'mc_samples_train': 1, 'prior_scale': 0.06061037395940925, 'q_scale': 0.0004969930137889893, 'obs_scale': 0.5064516163789641, 'batch_size': 512}. Best is trial 20 with value: 7.570845127105713.
Trainer already configured with model summary callbacks: [<class 'lightning.pytorch.callbacks.rich_model_summary.RichModelSummary'>]. Skipping setting a default `ModelSummary` callback.
GPU available: False, used: False
TPU available: False, using: 0 TPU cores
IPU available: False, using: 0 IPUs
HPU available: False, using: 0 HPUs
`Trainer.fit` stopped: `max_epochs=20` reached.
