/home/g15farris/.conda/envs/bnn/lib/python3.12/site-packages/hydra/_internal/instantiate/_instantiate2.py:92: ExperimentalWarning: PatientPruner is experimental (supported from v2.8.0). The interface can change in the future.
  return _target_(*args, **kwargs)
[I 2025-05-19 15:19:47,788] A new study created in RDB with name: hom_lrt_mse
Trainer already configured with model summary callbacks: [<class 'lightning.pytorch.callbacks.rich_model_summary.RichModelSummary'>]. Skipping setting a default `ModelSummary` callback.
GPU available: False, used: False
TPU available: False, using: 0 TPU cores
IPU available: False, using: 0 IPUs
HPU available: False, using: 0 HPUs
/home/g15farris/.conda/envs/bnn/lib/python3.12/site-packages/lightning/pytorch/core/optimizer.py:181: `LightningModule.configure_optimizers` returned `None`, this fit will run with no optimizer
/home/g15farris/.conda/envs/bnn/lib/python3.12/site-packages/lightning/pytorch/loops/fit_loop.py:298: The number of training batches (49) is smaller than the logging interval Trainer(log_every_n_steps=50). Set a lower value for log_every_n_steps if you want to see logs for the training epoch.
/home/g15farris/.conda/envs/bnn/lib/python3.12/site-packages/tyxe/likelihoods.py:260: UserWarning: var(): degrees of freedom is <= 0. Correction should be strictly less than the reduction factor (input numel divided by output numel). (Triggered internally at ../aten/src/ATen/native/ReduceOps.cpp:1807.)
  scale = predictions.var(dim).add(self.scale ** 2).sqrt()
/home/g15farris/.conda/envs/bnn/lib/python3.12/site-packages/lightning/pytorch/loops/optimization/automatic.py:132: `training_step` returned `None`. If this was on purpose, ignore this warning...
`Trainer.fit` stopped: `max_epochs=500` reached.
[I 2025-05-19 15:40:28,575] Trial 0 finished with value: 145.64411938958335 and parameters: {'pretrain_epochs': 0, 'lr': 2.4156772025296228e-05, 'mc_samples_train': 1, 'prior_scale': 6.10040381100861, 'q_scale': 0.021873960541613266, 'obs_scale': 0.002306550812550155, 'batch_size': 128}. Best is trial 0 with value: 145.64411938958335.
Trainer already configured with model summary callbacks: [<class 'lightning.pytorch.callbacks.rich_model_summary.RichModelSummary'>]. Skipping setting a default `ModelSummary` callback.
GPU available: False, used: False
TPU available: False, using: 0 TPU cores
IPU available: False, using: 0 IPUs
HPU available: False, using: 0 HPUs
`Trainer.fit` stopped: `max_epochs=500` reached.
[I 2025-05-19 16:09:59,920] Trial 1 finished with value: 0.5637138625827826 and parameters: {'pretrain_epochs': 0, 'lr': 0.00010045932391231576, 'mc_samples_train': 2, 'prior_scale': 2.3455827269243748, 'q_scale': 0.004826013786176772, 'obs_scale': 0.03276542658291345, 'batch_size': 128}. Best is trial 1 with value: 0.5637138625827826.
Trainer already configured with model summary callbacks: [<class 'lightning.pytorch.callbacks.rich_model_summary.RichModelSummary'>]. Skipping setting a default `ModelSummary` callback.
GPU available: False, used: False
TPU available: False, using: 0 TPU cores
IPU available: False, using: 0 IPUs
HPU available: False, using: 0 HPUs
`Trainer.fit` stopped: `max_epochs=500` reached.
[I 2025-05-19 16:37:10,282] Trial 2 finished with value: 56.79091345680356 and parameters: {'pretrain_epochs': 0, 'lr': 1.4150196905720475e-05, 'mc_samples_train': 2, 'prior_scale': 4.48103301026688, 'q_scale': 0.0015545608747938977, 'obs_scale': 0.8783158391722686, 'batch_size': 128}. Best is trial 1 with value: 0.5637138625827826.
Trainer already configured with model summary callbacks: [<class 'lightning.pytorch.callbacks.rich_model_summary.RichModelSummary'>]. Skipping setting a default `ModelSummary` callback.
GPU available: False, used: False
TPU available: False, using: 0 TPU cores
IPU available: False, using: 0 IPUs
HPU available: False, using: 0 HPUs
`Trainer.fit` stopped: `max_epochs=500` reached.
[I 2025-05-19 18:02:59,052] Trial 3 finished with value: 1.2607062811860674 and parameters: {'pretrain_epochs': 0, 'lr': 1.9388028480984598e-05, 'mc_samples_train': 2, 'prior_scale': 1.6549775453786335, 'q_scale': 0.059511772548294796, 'obs_scale': 0.016244403817471303, 'batch_size': 32}. Best is trial 1 with value: 0.5637138625827826.
Trainer already configured with model summary callbacks: [<class 'lightning.pytorch.callbacks.rich_model_summary.RichModelSummary'>]. Skipping setting a default `ModelSummary` callback.
GPU available: False, used: False
TPU available: False, using: 0 TPU cores
IPU available: False, using: 0 IPUs
HPU available: False, using: 0 HPUs
/home/g15farris/.conda/envs/bnn/lib/python3.12/site-packages/lightning/pytorch/loops/fit_loop.py:298: The number of training batches (12) is smaller than the logging interval Trainer(log_every_n_steps=50). Set a lower value for log_every_n_steps if you want to see logs for the training epoch.
`Trainer.fit` stopped: `max_epochs=500` reached.
[I 2025-05-19 18:12:41,605] Trial 4 finished with value: 4.847533587401852 and parameters: {'pretrain_epochs': 0, 'lr': 0.0001546142648648772, 'mc_samples_train': 1, 'prior_scale': 3.6427811454849492, 'q_scale': 0.0009750016190297515, 'obs_scale': 0.0327215724382531, 'batch_size': 512}. Best is trial 1 with value: 0.5637138625827826.
Trainer already configured with model summary callbacks: [<class 'lightning.pytorch.callbacks.rich_model_summary.RichModelSummary'>]. Skipping setting a default `ModelSummary` callback.
GPU available: False, used: False
TPU available: False, using: 0 TPU cores
IPU available: False, using: 0 IPUs
HPU available: False, using: 0 HPUs
[I 2025-05-19 18:25:43,195] Trial 5 pruned. Trial was pruned at epoch 81.
Trainer already configured with model summary callbacks: [<class 'lightning.pytorch.callbacks.rich_model_summary.RichModelSummary'>]. Skipping setting a default `ModelSummary` callback.
GPU available: False, used: False
TPU available: False, using: 0 TPU cores
IPU available: False, using: 0 IPUs
HPU available: False, using: 0 HPUs
/home/g15farris/.conda/envs/bnn/lib/python3.12/site-packages/lightning/pytorch/loops/fit_loop.py:298: The number of training batches (25) is smaller than the logging interval Trainer(log_every_n_steps=50). Set a lower value for log_every_n_steps if you want to see logs for the training epoch.
`Trainer.fit` stopped: `max_epochs=500` reached.
[I 2025-05-19 18:38:46,329] Trial 6 finished with value: 0.5567882252041719 and parameters: {'pretrain_epochs': 0, 'lr': 8.003810848108467e-05, 'mc_samples_train': 1, 'prior_scale': 1.316378855976843, 'q_scale': 0.016427412719943545, 'obs_scale': 0.08640088029719115, 'batch_size': 256}. Best is trial 6 with value: 0.5567882252041719.
Trainer already configured with model summary callbacks: [<class 'lightning.pytorch.callbacks.rich_model_summary.RichModelSummary'>]. Skipping setting a default `ModelSummary` callback.
GPU available: False, used: False
TPU available: False, using: 0 TPU cores
IPU available: False, using: 0 IPUs
HPU available: False, using: 0 HPUs
[I 2025-05-19 18:47:12,837] Trial 7 pruned. Trial was pruned at epoch 300.
Trainer already configured with model summary callbacks: [<class 'lightning.pytorch.callbacks.rich_model_summary.RichModelSummary'>]. Skipping setting a default `ModelSummary` callback.
GPU available: False, used: False
TPU available: False, using: 0 TPU cores
IPU available: False, using: 0 IPUs
HPU available: False, using: 0 HPUs
[I 2025-05-19 18:57:44,460] Trial 8 pruned. Trial was pruned at epoch 367.
Trainer already configured with model summary callbacks: [<class 'lightning.pytorch.callbacks.rich_model_summary.RichModelSummary'>]. Skipping setting a default `ModelSummary` callback.
GPU available: False, used: False
TPU available: False, using: 0 TPU cores
IPU available: False, using: 0 IPUs
HPU available: False, using: 0 HPUs
[I 2025-05-19 19:04:38,207] Trial 9 pruned. Trial was pruned at epoch 345.
Trainer already configured with model summary callbacks: [<class 'lightning.pytorch.callbacks.rich_model_summary.RichModelSummary'>]. Skipping setting a default `ModelSummary` callback.
GPU available: False, used: False
TPU available: False, using: 0 TPU cores
IPU available: False, using: 0 IPUs
HPU available: False, using: 0 HPUs
`Trainer.fit` stopped: `max_epochs=500` reached.
[I 2025-05-19 19:16:47,531] Trial 10 finished with value: 0.022110355293266767 and parameters: {'pretrain_epochs': 0, 'lr': 4.431481131993091e-05, 'mc_samples_train': 1, 'prior_scale': 1.0132755975870396, 'q_scale': 0.0001260198917475352, 'obs_scale': 0.00015454185486459525, 'batch_size': 256}. Best is trial 10 with value: 0.022110355293266767.
Trainer already configured with model summary callbacks: [<class 'lightning.pytorch.callbacks.rich_model_summary.RichModelSummary'>]. Skipping setting a default `ModelSummary` callback.
GPU available: False, used: False
TPU available: False, using: 0 TPU cores
IPU available: False, using: 0 IPUs
HPU available: False, using: 0 HPUs
`Trainer.fit` stopped: `max_epochs=500` reached.
[I 2025-05-19 19:29:06,697] Trial 11 finished with value: 0.07330126191010308 and parameters: {'pretrain_epochs': 0, 'lr': 3.816070130846141e-05, 'mc_samples_train': 1, 'prior_scale': 1.0619619070483661, 'q_scale': 0.00011194175253017673, 'obs_scale': 0.00015895472762180737, 'batch_size': 256}. Best is trial 10 with value: 0.022110355293266767.
Trainer already configured with model summary callbacks: [<class 'lightning.pytorch.callbacks.rich_model_summary.RichModelSummary'>]. Skipping setting a default `ModelSummary` callback.
GPU available: False, used: False
TPU available: False, using: 0 TPU cores
IPU available: False, using: 0 IPUs
HPU available: False, using: 0 HPUs
`Trainer.fit` stopped: `max_epochs=500` reached.
[I 2025-05-19 19:56:41,591] Trial 12 finished with value: 0.020435155774538766 and parameters: {'pretrain_epochs': 0, 'lr': 4.3313056814979015e-05, 'mc_samples_train': 1, 'prior_scale': 1.0336274761153312, 'q_scale': 0.00012040916068725981, 'obs_scale': 0.00020466389673667624, 'batch_size': 64}. Best is trial 12 with value: 0.020435155774538766.
Trainer already configured with model summary callbacks: [<class 'lightning.pytorch.callbacks.rich_model_summary.RichModelSummary'>]. Skipping setting a default `ModelSummary` callback.
GPU available: False, used: False
TPU available: False, using: 0 TPU cores
IPU available: False, using: 0 IPUs
HPU available: False, using: 0 HPUs
`Trainer.fit` stopped: `max_epochs=500` reached.
[I 2025-05-19 20:24:52,786] Trial 13 finished with value: 0.17075820059612976 and parameters: {'pretrain_epochs': 0, 'lr': 4.370227457124088e-05, 'mc_samples_train': 1, 'prior_scale': 1.7149884916460885, 'q_scale': 0.00011525548279505863, 'obs_scale': 0.00011127365489632469, 'batch_size': 64}. Best is trial 12 with value: 0.020435155774538766.
Trainer already configured with model summary callbacks: [<class 'lightning.pytorch.callbacks.rich_model_summary.RichModelSummary'>]. Skipping setting a default `ModelSummary` callback.
GPU available: False, used: False
TPU available: False, using: 0 TPU cores
IPU available: False, using: 0 IPUs
HPU available: False, using: 0 HPUs
`Trainer.fit` stopped: `max_epochs=500` reached.
[I 2025-05-19 20:52:30,604] Trial 14 finished with value: 0.025317203872335655 and parameters: {'pretrain_epochs': 0, 'lr': 4.653531126105079e-05, 'mc_samples_train': 1, 'prior_scale': 1.030768078033871, 'q_scale': 0.0004129381276126507, 'obs_scale': 0.0006468067956684026, 'batch_size': 64}. Best is trial 12 with value: 0.020435155774538766.
Trainer already configured with model summary callbacks: [<class 'lightning.pytorch.callbacks.rich_model_summary.RichModelSummary'>]. Skipping setting a default `ModelSummary` callback.
GPU available: False, used: False
TPU available: False, using: 0 TPU cores
IPU available: False, using: 0 IPUs
HPU available: False, using: 0 HPUs
`Trainer.fit` stopped: `max_epochs=500` reached.
[I 2025-05-19 21:23:17,878] Trial 15 finished with value: 2.469494951533657 and parameters: {'pretrain_epochs': 0, 'lr': 1.001320564304096e-05, 'mc_samples_train': 1, 'prior_scale': 1.8903929251777563, 'q_scale': 0.00035809070187242095, 'obs_scale': 0.0006302105125216368, 'batch_size': 64}. Best is trial 12 with value: 0.020435155774538766.
Trainer already configured with model summary callbacks: [<class 'lightning.pytorch.callbacks.rich_model_summary.RichModelSummary'>]. Skipping setting a default `ModelSummary` callback.
GPU available: False, used: False
TPU available: False, using: 0 TPU cores
IPU available: False, using: 0 IPUs
HPU available: False, using: 0 HPUs
`Trainer.fit` stopped: `max_epochs=500` reached.
[I 2025-05-19 21:34:55,246] Trial 16 finished with value: 0.12941187675309027 and parameters: {'pretrain_epochs': 0, 'lr': 6.22446797581201e-05, 'mc_samples_train': 1, 'prior_scale': 1.4016045028743804, 'q_scale': 0.00023497592973673872, 'obs_scale': 0.0004576883019588775, 'batch_size': 256}. Best is trial 12 with value: 0.020435155774538766.
Trainer already configured with model summary callbacks: [<class 'lightning.pytorch.callbacks.rich_model_summary.RichModelSummary'>]. Skipping setting a default `ModelSummary` callback.
GPU available: False, used: False
TPU available: False, using: 0 TPU cores
IPU available: False, using: 0 IPUs
HPU available: False, using: 0 HPUs
`Trainer.fit` stopped: `max_epochs=500` reached.
[I 2025-05-19 22:06:33,440] Trial 17 finished with value: 0.10954509278372315 and parameters: {'pretrain_epochs': 0, 'lr': 0.00038765931042035386, 'mc_samples_train': 1, 'prior_scale': 2.2557471713427977, 'q_scale': 0.0009436018632304442, 'obs_scale': 0.0033850374133371323, 'batch_size': 64}. Best is trial 12 with value: 0.020435155774538766.
Trainer already configured with model summary callbacks: [<class 'lightning.pytorch.callbacks.rich_model_summary.RichModelSummary'>]. Skipping setting a default `ModelSummary` callback.
GPU available: False, used: False
TPU available: False, using: 0 TPU cores
IPU available: False, using: 0 IPUs
HPU available: False, using: 0 HPUs
`Trainer.fit` stopped: `max_epochs=500` reached.
[I 2025-05-19 22:37:24,241] Trial 18 finished with value: 0.07306152715618285 and parameters: {'pretrain_epochs': 0, 'lr': 2.4892850214177034e-05, 'mc_samples_train': 1, 'prior_scale': 1.2901828481584094, 'q_scale': 0.0002216585292567847, 'obs_scale': 0.3709088306769757, 'batch_size': 64}. Best is trial 12 with value: 0.020435155774538766.
Trainer already configured with model summary callbacks: [<class 'lightning.pytorch.callbacks.rich_model_summary.RichModelSummary'>]. Skipping setting a default `ModelSummary` callback.
GPU available: False, used: False
TPU available: False, using: 0 TPU cores
IPU available: False, using: 0 IPUs
HPU available: False, using: 0 HPUs
[I 2025-05-19 22:47:23,147] Trial 19 pruned. Trial was pruned at epoch 441.
Trainer already configured with model summary callbacks: [<class 'lightning.pytorch.callbacks.rich_model_summary.RichModelSummary'>]. Skipping setting a default `ModelSummary` callback.
GPU available: False, used: False
TPU available: False, using: 0 TPU cores
IPU available: False, using: 0 IPUs
HPU available: False, using: 0 HPUs
`Trainer.fit` stopped: `max_epochs=500` reached.
[I 2025-05-19 23:42:05,049] Trial 20 finished with value: 0.06032480738167403 and parameters: {'pretrain_epochs': 0, 'lr': 8.250563212805399e-05, 'mc_samples_train': 1, 'prior_scale': 1.644065549927934, 'q_scale': 0.0018172394673582374, 'obs_scale': 0.00025999419863478743, 'batch_size': 32}. Best is trial 12 with value: 0.020435155774538766.
Trainer already configured with model summary callbacks: [<class 'lightning.pytorch.callbacks.rich_model_summary.RichModelSummary'>]. Skipping setting a default `ModelSummary` callback.
GPU available: False, used: False
TPU available: False, using: 0 TPU cores
IPU available: False, using: 0 IPUs
HPU available: False, using: 0 HPUs
`Trainer.fit` stopped: `max_epochs=500` reached.
[I 2025-05-20 00:10:49,522] Trial 21 finished with value: 0.021418547211978237 and parameters: {'pretrain_epochs': 0, 'lr': 4.997581777245899e-05, 'mc_samples_train': 1, 'prior_scale': 1.0644734008641272, 'q_scale': 0.0004096316450018883, 'obs_scale': 0.0008557555819215616, 'batch_size': 64}. Best is trial 12 with value: 0.020435155774538766.
Trainer already configured with model summary callbacks: [<class 'lightning.pytorch.callbacks.rich_model_summary.RichModelSummary'>]. Skipping setting a default `ModelSummary` callback.
GPU available: False, used: False
TPU available: False, using: 0 TPU cores
IPU available: False, using: 0 IPUs
HPU available: False, using: 0 HPUs
`Trainer.fit` stopped: `max_epochs=500` reached.
[I 2025-05-20 00:41:39,418] Trial 22 finished with value: 0.04762552417333652 and parameters: {'pretrain_epochs': 0, 'lr': 5.7113830197423015e-05, 'mc_samples_train': 1, 'prior_scale': 1.0465807235352955, 'q_scale': 0.00016947777711543875, 'obs_scale': 0.0009071294324339235, 'batch_size': 64}. Best is trial 12 with value: 0.020435155774538766.
Trainer already configured with model summary callbacks: [<class 'lightning.pytorch.callbacks.rich_model_summary.RichModelSummary'>]. Skipping setting a default `ModelSummary` callback.
GPU available: False, used: False
TPU available: False, using: 0 TPU cores
IPU available: False, using: 0 IPUs
HPU available: False, using: 0 HPUs
[I 2025-05-20 01:04:24,060] Trial 23 pruned. Trial was pruned at epoch 377.
Trainer already configured with model summary callbacks: [<class 'lightning.pytorch.callbacks.rich_model_summary.RichModelSummary'>]. Skipping setting a default `ModelSummary` callback.
GPU available: False, used: False
TPU available: False, using: 0 TPU cores
IPU available: False, using: 0 IPUs
HPU available: False, using: 0 HPUs
`Trainer.fit` stopped: `max_epochs=500` reached.
[I 2025-05-20 01:40:30,036] Trial 24 finished with value: 0.3076135543581788 and parameters: {'pretrain_epochs': 0, 'lr': 6.262597078465666e-05, 'mc_samples_train': 1, 'prior_scale': 2.105400690588794, 'q_scale': 0.00017793870578244336, 'obs_scale': 0.001195041342384119, 'batch_size': 64}. Best is trial 12 with value: 0.020435155774538766.
Trainer already configured with model summary callbacks: [<class 'lightning.pytorch.callbacks.rich_model_summary.RichModelSummary'>]. Skipping setting a default `ModelSummary` callback.
GPU available: False, used: False
TPU available: False, using: 0 TPU cores
IPU available: False, using: 0 IPUs
HPU available: False, using: 0 HPUs
`Trainer.fit` stopped: `max_epochs=500` reached.
[I 2025-05-20 01:56:37,181] Trial 25 finished with value: 0.4039384811170313 and parameters: {'pretrain_epochs': 0, 'lr': 1.889886364210567e-05, 'mc_samples_train': 1, 'prior_scale': 1.2245074196659953, 'q_scale': 0.00010451070279537009, 'obs_scale': 0.0002737996184659327, 'batch_size': 256}. Best is trial 12 with value: 0.020435155774538766.
Trainer already configured with model summary callbacks: [<class 'lightning.pytorch.callbacks.rich_model_summary.RichModelSummary'>]. Skipping setting a default `ModelSummary` callback.
GPU available: False, used: False
TPU available: False, using: 0 TPU cores
IPU available: False, using: 0 IPUs
HPU available: False, using: 0 HPUs
`Trainer.fit` stopped: `max_epochs=500` reached.
[I 2025-05-20 02:48:10,006] Trial 26 finished with value: 0.02090737686116287 and parameters: {'pretrain_epochs': 0, 'lr': 0.00013610767856721577, 'mc_samples_train': 2, 'prior_scale': 1.442645089697962, 'q_scale': 0.00032188525231225643, 'obs_scale': 0.01136408694314958, 'batch_size': 64}. Best is trial 12 with value: 0.020435155774538766.
Trainer already configured with model summary callbacks: [<class 'lightning.pytorch.callbacks.rich_model_summary.RichModelSummary'>]. Skipping setting a default `ModelSummary` callback.
GPU available: False, used: False
TPU available: False, using: 0 TPU cores
IPU available: False, using: 0 IPUs
HPU available: False, using: 0 HPUs
[I 2025-05-20 02:59:54,060] Trial 27 pruned. Trial was pruned at epoch 100.
Trainer already configured with model summary callbacks: [<class 'lightning.pytorch.callbacks.rich_model_summary.RichModelSummary'>]. Skipping setting a default `ModelSummary` callback.
GPU available: False, used: False
TPU available: False, using: 0 TPU cores
IPU available: False, using: 0 IPUs
HPU available: False, using: 0 HPUs
`Trainer.fit` stopped: `max_epochs=500` reached.
[I 2025-05-20 03:47:17,812] Trial 28 finished with value: 0.03823878086470338 and parameters: {'pretrain_epochs': 0, 'lr': 0.00012638172566946902, 'mc_samples_train': 2, 'prior_scale': 1.3956793251990156, 'q_scale': 0.0006429555743052847, 'obs_scale': 0.07627304276050186, 'batch_size': 64}. Best is trial 12 with value: 0.020435155774538766.
Trainer already configured with model summary callbacks: [<class 'lightning.pytorch.callbacks.rich_model_summary.RichModelSummary'>]. Skipping setting a default `ModelSummary` callback.
GPU available: False, used: False
TPU available: False, using: 0 TPU cores
IPU available: False, using: 0 IPUs
HPU available: False, using: 0 HPUs
`Trainer.fit` stopped: `max_epochs=500` reached.
[I 2025-05-20 04:39:17,760] Trial 29 finished with value: 0.0273039038150672 and parameters: {'pretrain_epochs': 0, 'lr': 0.00041773806426149057, 'mc_samples_train': 2, 'prior_scale': 1.9911068200044502, 'q_scale': 0.002427898874521128, 'obs_scale': 0.0016533330833168607, 'batch_size': 64}. Best is trial 12 with value: 0.020435155774538766.
Trainer already configured with model summary callbacks: [<class 'lightning.pytorch.callbacks.rich_model_summary.RichModelSummary'>]. Skipping setting a default `ModelSummary` callback.
GPU available: False, used: False
TPU available: False, using: 0 TPU cores
IPU available: False, using: 0 IPUs
HPU available: False, using: 0 HPUs
`Trainer.fit` stopped: `max_epochs=500` reached.
