[I 2025-05-20 05:11:00,590] Trial 30 finished with value: 0.02304645658688773 and parameters: {'pretrain_epochs': 0, 'lr': 0.0008795166160409569, 'mc_samples_train': 2, 'prior_scale': 1.5670646955483223, 'q_scale': 0.00027868338623627923, 'obs_scale': 0.005048425865740138, 'batch_size': 128}. Best is trial 12 with value: 0.020435155774538766.
Trainer already configured with model summary callbacks: [<class 'lightning.pytorch.callbacks.rich_model_summary.RichModelSummary'>]. Skipping setting a default `ModelSummary` callback.
GPU available: False, used: False
TPU available: False, using: 0 TPU cores
IPU available: False, using: 0 IPUs
HPU available: False, using: 0 HPUs
`Trainer.fit` stopped: `max_epochs=500` reached.
[I 2025-05-20 05:43:29,169] Trial 31 finished with value: 0.0168396103376164 and parameters: {'pretrain_epochs': 0, 'lr': 7.914086674474999e-05, 'mc_samples_train': 1, 'prior_scale': 1.1467726405297494, 'q_scale': 0.00015000646392824825, 'obs_scale': 0.00032056087908981863, 'batch_size': 64}. Best is trial 31 with value: 0.0168396103376164.
Trainer already configured with model summary callbacks: [<class 'lightning.pytorch.callbacks.rich_model_summary.RichModelSummary'>]. Skipping setting a default `ModelSummary` callback.
GPU available: False, used: False
TPU available: False, using: 0 TPU cores
IPU available: False, using: 0 IPUs
HPU available: False, using: 0 HPUs
`Trainer.fit` stopped: `max_epochs=500` reached.
[I 2025-05-20 06:35:22,486] Trial 32 finished with value: 0.012137236752329379 and parameters: {'pretrain_epochs': 0, 'lr': 9.941251297831662e-05, 'mc_samples_train': 2, 'prior_scale': 1.1896099196019947, 'q_scale': 0.0005355738040699326, 'obs_scale': 0.00040327362327173663, 'batch_size': 64}. Best is trial 32 with value: 0.012137236752329379.
Trainer already configured with model summary callbacks: [<class 'lightning.pytorch.callbacks.rich_model_summary.RichModelSummary'>]. Skipping setting a default `ModelSummary` callback.
GPU available: False, used: False
TPU available: False, using: 0 TPU cores
IPU available: False, using: 0 IPUs
HPU available: False, using: 0 HPUs
`Trainer.fit` stopped: `max_epochs=500` reached.
[I 2025-05-20 07:31:15,373] Trial 33 finished with value: 0.031687299318557856 and parameters: {'pretrain_epochs': 0, 'lr': 8.011704030282528e-05, 'mc_samples_train': 2, 'prior_scale': 1.2163191107223672, 'q_scale': 0.00016817910644971825, 'obs_scale': 0.0003269828822088494, 'batch_size': 64}. Best is trial 32 with value: 0.012137236752329379.
Trainer already configured with model summary callbacks: [<class 'lightning.pytorch.callbacks.rich_model_summary.RichModelSummary'>]. Skipping setting a default `ModelSummary` callback.
GPU available: False, used: False
TPU available: False, using: 0 TPU cores
IPU available: False, using: 0 IPUs
HPU available: False, using: 0 HPUs
[I 2025-05-20 07:46:48,153] Trial 34 pruned. Trial was pruned at epoch 248.
Trainer already configured with model summary callbacks: [<class 'lightning.pytorch.callbacks.rich_model_summary.RichModelSummary'>]. Skipping setting a default `ModelSummary` callback.
GPU available: False, used: False
TPU available: False, using: 0 TPU cores
IPU available: False, using: 0 IPUs
HPU available: False, using: 0 HPUs
`Trainer.fit` stopped: `max_epochs=500` reached.
[I 2025-05-20 08:38:02,081] Trial 35 finished with value: 0.018690931696121935 and parameters: {'pretrain_epochs': 0, 'lr': 0.0001521357045563839, 'mc_samples_train': 2, 'prior_scale': 1.181306427997601, 'q_scale': 0.001168637188741035, 'obs_scale': 0.017198287150168884, 'batch_size': 64}. Best is trial 32 with value: 0.012137236752329379.
Trainer already configured with model summary callbacks: [<class 'lightning.pytorch.callbacks.rich_model_summary.RichModelSummary'>]. Skipping setting a default `ModelSummary` callback.
GPU available: False, used: False
TPU available: False, using: 0 TPU cores
IPU available: False, using: 0 IPUs
HPU available: False, using: 0 HPUs
[I 2025-05-20 09:08:22,506] Trial 36 pruned. Trial was pruned at epoch 146.
Trainer already configured with model summary callbacks: [<class 'lightning.pytorch.callbacks.rich_model_summary.RichModelSummary'>]. Skipping setting a default `ModelSummary` callback.
GPU available: False, used: False
TPU available: False, using: 0 TPU cores
IPU available: False, using: 0 IPUs
HPU available: False, using: 0 HPUs
`Trainer.fit` stopped: `max_epochs=500` reached.
[I 2025-05-20 09:58:14,503] Trial 37 finished with value: 0.01540774994482099 and parameters: {'pretrain_epochs': 0, 'lr': 0.00017662064542995105, 'mc_samples_train': 2, 'prior_scale': 1.1640588407675216, 'q_scale': 0.0018108570036927223, 'obs_scale': 0.24002500540769467, 'batch_size': 64}. Best is trial 32 with value: 0.012137236752329379.
Trainer already configured with model summary callbacks: [<class 'lightning.pytorch.callbacks.rich_model_summary.RichModelSummary'>]. Skipping setting a default `ModelSummary` callback.
GPU available: False, used: False
TPU available: False, using: 0 TPU cores
IPU available: False, using: 0 IPUs
HPU available: False, using: 0 HPUs
[I 2025-05-20 10:02:01,653] Trial 38 pruned. Trial was pruned at epoch 116.
Trainer already configured with model summary callbacks: [<class 'lightning.pytorch.callbacks.rich_model_summary.RichModelSummary'>]. Skipping setting a default `ModelSummary` callback.
GPU available: False, used: False
TPU available: False, using: 0 TPU cores
IPU available: False, using: 0 IPUs
HPU available: False, using: 0 HPUs
`Trainer.fit` stopped: `max_epochs=500` reached.
[I 2025-05-20 10:33:02,603] Trial 39 finished with value: 0.0123737509551285 and parameters: {'pretrain_epochs': 0, 'lr': 0.00028236179214231806, 'mc_samples_train': 2, 'prior_scale': 1.2178184534716836, 'q_scale': 0.0016129534092611, 'obs_scale': 1.8479907862276201, 'batch_size': 128}. Best is trial 32 with value: 0.012137236752329379.
Trainer already configured with model summary callbacks: [<class 'lightning.pytorch.callbacks.rich_model_summary.RichModelSummary'>]. Skipping setting a default `ModelSummary` callback.
GPU available: False, used: False
TPU available: False, using: 0 TPU cores
IPU available: False, using: 0 IPUs
HPU available: False, using: 0 HPUs
`Trainer.fit` stopped: `max_epochs=500` reached.
[I 2025-05-20 11:01:49,988] Trial 40 finished with value: 0.04443210917354151 and parameters: {'pretrain_epochs': 0, 'lr': 0.00026711232479663784, 'mc_samples_train': 2, 'prior_scale': 1.641495795809893, 'q_scale': 0.002108224207197285, 'obs_scale': 2.387424791498, 'batch_size': 128}. Best is trial 32 with value: 0.012137236752329379.
Trainer already configured with model summary callbacks: [<class 'lightning.pytorch.callbacks.rich_model_summary.RichModelSummary'>]. Skipping setting a default `ModelSummary` callback.
GPU available: False, used: False
TPU available: False, using: 0 TPU cores
IPU available: False, using: 0 IPUs
HPU available: False, using: 0 HPUs
`Trainer.fit` stopped: `max_epochs=500` reached.
[I 2025-05-20 11:32:09,991] Trial 41 finished with value: 0.0198272847092565 and parameters: {'pretrain_epochs': 0, 'lr': 0.00038797403686860395, 'mc_samples_train': 2, 'prior_scale': 1.1877751793985916, 'q_scale': 0.0013396755630776327, 'obs_scale': 0.19257258277246928, 'batch_size': 128}. Best is trial 32 with value: 0.012137236752329379.
Trainer already configured with model summary callbacks: [<class 'lightning.pytorch.callbacks.rich_model_summary.RichModelSummary'>]. Skipping setting a default `ModelSummary` callback.
GPU available: False, used: False
TPU available: False, using: 0 TPU cores
IPU available: False, using: 0 IPUs
HPU available: False, using: 0 HPUs
[I 2025-05-20 11:37:18,463] Trial 42 pruned. Trial was pruned at epoch 82.
Trainer already configured with model summary callbacks: [<class 'lightning.pytorch.callbacks.rich_model_summary.RichModelSummary'>]. Skipping setting a default `ModelSummary` callback.
GPU available: False, used: False
TPU available: False, using: 0 TPU cores
IPU available: False, using: 0 IPUs
HPU available: False, using: 0 HPUs
`Trainer.fit` stopped: `max_epochs=500` reached.
[I 2025-05-20 12:07:44,045] Trial 43 finished with value: 0.013205853955993541 and parameters: {'pretrain_epochs': 0, 'lr': 0.00023339572844812223, 'mc_samples_train': 2, 'prior_scale': 1.1350303510716058, 'q_scale': 0.0009258609606646315, 'obs_scale': 1.0087613887729026, 'batch_size': 128}. Best is trial 32 with value: 0.012137236752329379.
Trainer already configured with model summary callbacks: [<class 'lightning.pytorch.callbacks.rich_model_summary.RichModelSummary'>]. Skipping setting a default `ModelSummary` callback.
GPU available: False, used: False
TPU available: False, using: 0 TPU cores
IPU available: False, using: 0 IPUs
HPU available: False, using: 0 HPUs
`Trainer.fit` stopped: `max_epochs=500` reached.
[I 2025-05-20 12:33:33,146] Trial 44 finished with value: 0.016793686014570104 and parameters: {'pretrain_epochs': 0, 'lr': 0.00022900030986314343, 'mc_samples_train': 2, 'prior_scale': 1.1259292008855806, 'q_scale': 0.006128267771669666, 'obs_scale': 1.2585103580845565, 'batch_size': 128}. Best is trial 32 with value: 0.012137236752329379.
Trainer already configured with model summary callbacks: [<class 'lightning.pytorch.callbacks.rich_model_summary.RichModelSummary'>]. Skipping setting a default `ModelSummary` callback.
GPU available: False, used: False
TPU available: False, using: 0 TPU cores
IPU available: False, using: 0 IPUs
HPU available: False, using: 0 HPUs
[I 2025-05-20 12:35:50,766] Trial 45 pruned. Trial was pruned at epoch 43.
Trainer already configured with model summary callbacks: [<class 'lightning.pytorch.callbacks.rich_model_summary.RichModelSummary'>]. Skipping setting a default `ModelSummary` callback.
GPU available: False, used: False
TPU available: False, using: 0 TPU cores
IPU available: False, using: 0 IPUs
HPU available: False, using: 0 HPUs
[I 2025-05-20 12:39:50,033] Trial 46 pruned. Trial was pruned at epoch 76.
Trainer already configured with model summary callbacks: [<class 'lightning.pytorch.callbacks.rich_model_summary.RichModelSummary'>]. Skipping setting a default `ModelSummary` callback.
GPU available: False, used: False
TPU available: False, using: 0 TPU cores
IPU available: False, using: 0 IPUs
HPU available: False, using: 0 HPUs
[I 2025-05-20 12:45:21,829] Trial 47 pruned. Trial was pruned at epoch 109.
Trainer already configured with model summary callbacks: [<class 'lightning.pytorch.callbacks.rich_model_summary.RichModelSummary'>]. Skipping setting a default `ModelSummary` callback.
GPU available: False, used: False
TPU available: False, using: 0 TPU cores
IPU available: False, using: 0 IPUs
HPU available: False, using: 0 HPUs
[I 2025-05-20 13:05:31,957] Trial 48 pruned. Trial was pruned at epoch 335.
Trainer already configured with model summary callbacks: [<class 'lightning.pytorch.callbacks.rich_model_summary.RichModelSummary'>]. Skipping setting a default `ModelSummary` callback.
GPU available: False, used: False
TPU available: False, using: 0 TPU cores
IPU available: False, using: 0 IPUs
HPU available: False, using: 0 HPUs
`Trainer.fit` stopped: `max_epochs=500` reached.
[I 2025-05-20 13:33:17,856] Trial 49 finished with value: 0.02848565685268917 and parameters: {'pretrain_epochs': 0, 'lr': 0.0005885666050209538, 'mc_samples_train': 2, 'prior_scale': 1.7814268074045188, 'q_scale': 0.0008267535274569326, 'obs_scale': 0.5189057417747952, 'batch_size': 128}. Best is trial 32 with value: 0.012137236752329379.
Trainer already configured with model summary callbacks: [<class 'lightning.pytorch.callbacks.rich_model_summary.RichModelSummary'>]. Skipping setting a default `ModelSummary` callback.
GPU available: False, used: False
TPU available: False, using: 0 TPU cores
IPU available: False, using: 0 IPUs
HPU available: False, using: 0 HPUs
[I 2025-05-20 13:35:42,626] Trial 50 pruned. Trial was pruned at epoch 60.
Trainer already configured with model summary callbacks: [<class 'lightning.pytorch.callbacks.rich_model_summary.RichModelSummary'>]. Skipping setting a default `ModelSummary` callback.
GPU available: False, used: False
TPU available: False, using: 0 TPU cores
IPU available: False, using: 0 IPUs
HPU available: False, using: 0 HPUs
`Trainer.fit` stopped: `max_epochs=500` reached.
[I 2025-05-20 14:04:48,024] Trial 51 finished with value: 0.05123989271213736 and parameters: {'pretrain_epochs': 0, 'lr': 0.00019719209564955114, 'mc_samples_train': 2, 'prior_scale': 1.1556172425754192, 'q_scale': 0.0016492041388603352, 'obs_scale': 0.2565130613919206, 'batch_size': 128}. Best is trial 32 with value: 0.012137236752329379.
Trainer already configured with model summary callbacks: [<class 'lightning.pytorch.callbacks.rich_model_summary.RichModelSummary'>]. Skipping setting a default `ModelSummary` callback.
GPU available: False, used: False
TPU available: False, using: 0 TPU cores
IPU available: False, using: 0 IPUs
HPU available: False, using: 0 HPUs
`Trainer.fit` stopped: `max_epochs=500` reached.
[I 2025-05-20 15:42:38,870] Trial 52 finished with value: 0.011901975583897018 and parameters: {'pretrain_epochs': 0, 'lr': 0.00010982493191800038, 'mc_samples_train': 2, 'prior_scale': 1.1030254558251493, 'q_scale': 0.0034616247324774528, 'obs_scale': 1.132876877605438, 'batch_size': 32}. Best is trial 52 with value: 0.011901975583897018.
Trainer already configured with model summary callbacks: [<class 'lightning.pytorch.callbacks.rich_model_summary.RichModelSummary'>]. Skipping setting a default `ModelSummary` callback.
GPU available: False, used: False
TPU available: False, using: 0 TPU cores
IPU available: False, using: 0 IPUs
HPU available: False, using: 0 HPUs
[I 2025-05-20 16:44:15,857] Trial 53 pruned. Trial was pruned at epoch 346.
Trainer already configured with model summary callbacks: [<class 'lightning.pytorch.callbacks.rich_model_summary.RichModelSummary'>]. Skipping setting a default `ModelSummary` callback.
GPU available: False, used: False
TPU available: False, using: 0 TPU cores
IPU available: False, using: 0 IPUs
HPU available: False, using: 0 HPUs
`Trainer.fit` stopped: `max_epochs=500` reached.
[I 2025-05-20 18:07:32,678] Trial 54 finished with value: 0.005650681108686816 and parameters: {'pretrain_epochs': 0, 'lr': 0.00015468073318119637, 'mc_samples_train': 2, 'prior_scale': 1.1188985385734282, 'q_scale': 0.00151940199026503, 'obs_scale': 1.4005907895730916, 'batch_size': 32}. Best is trial 54 with value: 0.005650681108686816.
Trainer already configured with model summary callbacks: [<class 'lightning.pytorch.callbacks.rich_model_summary.RichModelSummary'>]. Skipping setting a default `ModelSummary` callback.
GPU available: False, used: False
TPU available: False, using: 0 TPU cores
IPU available: False, using: 0 IPUs
HPU available: False, using: 0 HPUs
`Trainer.fit` stopped: `max_epochs=500` reached.
[I 2025-05-20 19:26:43,408] Trial 55 finished with value: 0.010174824232192264 and parameters: {'pretrain_epochs': 0, 'lr': 0.00016968228154898345, 'mc_samples_train': 2, 'prior_scale': 1.3059317474789898, 'q_scale': 0.0014293757002125965, 'obs_scale': 0.634973757185219, 'batch_size': 32}. Best is trial 54 with value: 0.005650681108686816.
Trainer already configured with model summary callbacks: [<class 'lightning.pytorch.callbacks.rich_model_summary.RichModelSummary'>]. Skipping setting a default `ModelSummary` callback.
GPU available: False, used: False
TPU available: False, using: 0 TPU cores
IPU available: False, using: 0 IPUs
HPU available: False, using: 0 HPUs
`Trainer.fit` stopped: `max_epochs=500` reached.
[I 2025-05-20 20:47:17,180] Trial 56 finished with value: 0.021343632799849944 and parameters: {'pretrain_epochs': 0, 'lr': 0.00014634677105441126, 'mc_samples_train': 2, 'prior_scale': 1.3029748991030856, 'q_scale': 0.000989769573241862, 'obs_scale': 3.9458155547268157, 'batch_size': 32}. Best is trial 54 with value: 0.005650681108686816.
Trainer already configured with model summary callbacks: [<class 'lightning.pytorch.callbacks.rich_model_summary.RichModelSummary'>]. Skipping setting a default `ModelSummary` callback.
GPU available: False, used: False
TPU available: False, using: 0 TPU cores
IPU available: False, using: 0 IPUs
HPU available: False, using: 0 HPUs
`Trainer.fit` stopped: `max_epochs=500` reached.
[I 2025-05-20 22:04:45,980] Trial 57 finished with value: 0.01370268324298347 and parameters: {'pretrain_epochs': 0, 'lr': 9.74513783816056e-05, 'mc_samples_train': 2, 'prior_scale': 1.3755532454653012, 'q_scale': 0.0005188808414556879, 'obs_scale': 0.628310456554278, 'batch_size': 32}. Best is trial 54 with value: 0.005650681108686816.
Trainer already configured with model summary callbacks: [<class 'lightning.pytorch.callbacks.rich_model_summary.RichModelSummary'>]. Skipping setting a default `ModelSummary` callback.
GPU available: False, used: False
TPU available: False, using: 0 TPU cores
IPU available: False, using: 0 IPUs
HPU available: False, using: 0 HPUs
`Trainer.fit` stopped: `max_epochs=500` reached.
[I 2025-05-20 23:27:25,866] Trial 58 finished with value: 0.018103401358264274 and parameters: {'pretrain_epochs': 0, 'lr': 7.078299047490653e-05, 'mc_samples_train': 2, 'prior_scale': 1.0680857488251299, 'q_scale': 0.0013361363910908868, 'obs_scale': 0.11837132275991237, 'batch_size': 32}. Best is trial 54 with value: 0.005650681108686816.
Trainer already configured with model summary callbacks: [<class 'lightning.pytorch.callbacks.rich_model_summary.RichModelSummary'>]. Skipping setting a default `ModelSummary` callback.
GPU available: False, used: False
TPU available: False, using: 0 TPU cores
IPU available: False, using: 0 IPUs
HPU available: False, using: 0 HPUs
`Trainer.fit` stopped: `max_epochs=500` reached.
[I 2025-05-21 00:44:10,961] Trial 59 finished with value: 0.018313857950499612 and parameters: {'pretrain_epochs': 0, 'lr': 0.00012854385974754148, 'mc_samples_train': 2, 'prior_scale': 1.5104914800451048, 'q_scale': 0.0007767133069857264, 'obs_scale': 1.476999342923903, 'batch_size': 32}. Best is trial 54 with value: 0.005650681108686816.
