[I 2025-02-24 17:34:08,325] Trial 21 finished with value: -23.364036560058594 and parameters: {'pretrain_epochs': 0, 'lr': 0.0002844592019038099, 'mc_samples_train': 2, 'prior_scale': 0.060077948867644476, 'q_scale': 0.0002925940795318177, 'batch_size': 32}. Best is trial 20 with value: -35.62898254394531.
[W 2025-02-24 17:38:28,066] Trial 22 failed with parameters: {'pretrain_epochs': 0, 'lr': 0.0005377740280800115, 'mc_samples_train': 2, 'prior_scale': 0.025721840905250332, 'q_scale': 0.0002788619313409219, 'batch_size': 32} because of the following error: FileNotFoundError(2, 'No such file or directory').
Traceback (most recent call last):
  File "/home/g15farris/.conda/envs/bnn/lib/python3.12/site-packages/hydra/_internal/instantiate/_instantiate2.py", line 92, in _call_target
    return _target_(*args, **kwargs)
           ^^^^^^^^^^^^^^^^^^^^^^^^^
  File "/home/g15farris/bin/bayesaenet/bnn_aenet/datamodule/aenet_datamodule.py", line 27, in __init__
    self.load_db()
  File "/home/g15farris/bin/bayesaenet/bnn_aenet/datamodule/aenet_datamodule.py", line 44, in load_db
    self.list_structures_energy, self.list_structures_forces, self.list_removed, self.max_nnb, self.tin = read_list_structures(self.tin)
                                                                                                          ^^^^^^^^^^^^^^^^^^^^^^^^^^^^^^
  File "/home/g15farris/bin/bayesaenet/bnn_aenet/datamodule/aenet/prepare_batches.py", line 15, in read_list_structures
    list_structures_energy, list_removed, max_nnb, tin = read_train(tin)
                                                         ^^^^^^^^^^^^^^^
  File "/home/g15farris/bin/bayesaenet/bnn_aenet/datamodule/aenet/read_trainset.py", line 104, in read_train
    with open (trainfile, "r") as tf:
         ^^^^^^^^^^^^^^^^^^^^^
OSError: [Errno 5] Input/output error: '/work/g15farris/database/TiO/data.train.ascii'

The above exception was the direct cause of the following exception:

Traceback (most recent call last):
  File "/home/g15farris/bin/bayesaenet/bnn_aenet/tasks/utils/utils.py", line 42, in wrap
    raise ex
  File "/home/g15farris/bin/bayesaenet/bnn_aenet/tasks/utils/utils.py", line 39, in wrap
    metric_dict, object_dict = task_func(cfg=cfg, trial=trial)
                               ^^^^^^^^^^^^^^^^^^^^^^^^^^^^^^^
  File "/home/g15farris/bin/bayesaenet/bnn_aenet/tasks/train.py", line 46, in train
    datamodule: LightningDataModule = hydra.utils.instantiate(cfg.datamodule)
                                      ^^^^^^^^^^^^^^^^^^^^^^^^^^^^^^^^^^^^^^^
  File "/home/g15farris/.conda/envs/bnn/lib/python3.12/site-packages/hydra/_internal/instantiate/_instantiate2.py", line 226, in instantiate
    return instantiate_node(
           ^^^^^^^^^^^^^^^^^
  File "/home/g15farris/.conda/envs/bnn/lib/python3.12/site-packages/hydra/_internal/instantiate/_instantiate2.py", line 347, in instantiate_node
    return _call_target(_target_, partial, args, kwargs, full_key)
           ^^^^^^^^^^^^^^^^^^^^^^^^^^^^^^^^^^^^^^^^^^^^^^^^^^^^^^^
  File "/home/g15farris/.conda/envs/bnn/lib/python3.12/site-packages/hydra/_internal/instantiate/_instantiate2.py", line 97, in _call_target
    raise InstantiationException(msg) from e
hydra.errors.InstantiationException: Error in call to target 'bnn_aenet.datamodule.aenet_datamodule.AenetDataModule':
OSError(5, 'Input/output error')
full_key: datamodule

During handling of the above exception, another exception occurred:

Traceback (most recent call last):
  File "/home/g15farris/.conda/envs/bnn/lib/python3.12/site-packages/optuna/study/_optimize.py", line 196, in _run_trial
    value_or_values = func(trial)
                      ^^^^^^^^^^^
  File "/home/g15farris/bin/bayesaenet/bnn_aenet/tasks/hpsearch.py", line 93, in <lambda>
    lambda trial: objective(trial, cfg, output_dir),
                  ^^^^^^^^^^^^^^^^^^^^^^^^^^^^^^^^^
  File "/home/g15farris/bin/bayesaenet/bnn_aenet/tasks/hpsearch.py", line 73, in objective_bnn
    return objective(trial, cfg, output_dir)
           ^^^^^^^^^^^^^^^^^^^^^^^^^^^^^^^^^
  File "/home/g15farris/bin/bayesaenet/bnn_aenet/tasks/hpsearch.py", line 32, in objective
    metric_dict, _ = train(cfg, trial)
                     ^^^^^^^^^^^^^^^^^
  File "/home/g15farris/bin/bayesaenet/bnn_aenet/tasks/utils/utils.py", line 48, in wrap
    save_file(
  File "/home/g15farris/.conda/envs/bnn/lib/python3.12/site-packages/lightning_utilities/core/rank_zero.py", line 42, in wrapped_fn
    return fn(*args, **kwargs)
           ^^^^^^^^^^^^^^^^^^^
  File "/home/g15farris/bin/bayesaenet/bnn_aenet/tasks/utils/utils.py", line 93, in save_file
    with open(path, "w+") as file:
         ^^^^^^^^^^^^^^^^
FileNotFoundError: [Errno 2] No such file or directory: '/home/g15farris/bin/bayesaenet/bnn_aenet/logs/lrt_hps_100perc/runs/2025-02-24_16-30-10/022/exec_time.log'
[W 2025-02-24 17:38:28,145] Trial 22 failed with value None.
Error executing job with overrides: ['model=bnn_lrt', 'datamodule=TiO', 'hpsearch=bnn_lrt', 'task_name=lrt_hps_100perc', 'tags=[TiO]', 'datamodule.valid_split=100', 'hpsearch.study.study_name=lrt_100perc']
Traceback (most recent call last):
  File "/home/g15farris/.conda/envs/bnn/lib/python3.12/site-packages/hydra/_internal/instantiate/_instantiate2.py", line 92, in _call_target
    return _target_(*args, **kwargs)
           ^^^^^^^^^^^^^^^^^^^^^^^^^
  File "/home/g15farris/bin/bayesaenet/bnn_aenet/datamodule/aenet_datamodule.py", line 27, in __init__
    self.load_db()
  File "/home/g15farris/bin/bayesaenet/bnn_aenet/datamodule/aenet_datamodule.py", line 44, in load_db
    self.list_structures_energy, self.list_structures_forces, self.list_removed, self.max_nnb, self.tin = read_list_structures(self.tin)
                                                                                                          ^^^^^^^^^^^^^^^^^^^^^^^^^^^^^^
  File "/home/g15farris/bin/bayesaenet/bnn_aenet/datamodule/aenet/prepare_batches.py", line 15, in read_list_structures
    list_structures_energy, list_removed, max_nnb, tin = read_train(tin)
                                                         ^^^^^^^^^^^^^^^
  File "/home/g15farris/bin/bayesaenet/bnn_aenet/datamodule/aenet/read_trainset.py", line 104, in read_train
    with open (trainfile, "r") as tf:
         ^^^^^^^^^^^^^^^^^^^^^
OSError: [Errno 5] Input/output error: '/work/g15farris/database/TiO/data.train.ascii'

The above exception was the direct cause of the following exception:

Traceback (most recent call last):
  File "/home/g15farris/bin/bayesaenet/bnn_aenet/tasks/utils/utils.py", line 42, in wrap
    raise ex
  File "/home/g15farris/bin/bayesaenet/bnn_aenet/tasks/utils/utils.py", line 39, in wrap
    metric_dict, object_dict = task_func(cfg=cfg, trial=trial)
                               ^^^^^^^^^^^^^^^^^^^^^^^^^^^^^^^
  File "/home/g15farris/bin/bayesaenet/bnn_aenet/tasks/train.py", line 46, in train
    datamodule: LightningDataModule = hydra.utils.instantiate(cfg.datamodule)
                                      ^^^^^^^^^^^^^^^^^^^^^^^^^^^^^^^^^^^^^^^
  File "/home/g15farris/.conda/envs/bnn/lib/python3.12/site-packages/hydra/_internal/instantiate/_instantiate2.py", line 226, in instantiate
    return instantiate_node(
           ^^^^^^^^^^^^^^^^^
  File "/home/g15farris/.conda/envs/bnn/lib/python3.12/site-packages/hydra/_internal/instantiate/_instantiate2.py", line 347, in instantiate_node
    return _call_target(_target_, partial, args, kwargs, full_key)
           ^^^^^^^^^^^^^^^^^^^^^^^^^^^^^^^^^^^^^^^^^^^^^^^^^^^^^^^
  File "/home/g15farris/.conda/envs/bnn/lib/python3.12/site-packages/hydra/_internal/instantiate/_instantiate2.py", line 97, in _call_target
    raise InstantiationException(msg) from e
hydra.errors.InstantiationException: Error in call to target 'bnn_aenet.datamodule.aenet_datamodule.AenetDataModule':
OSError(5, 'Input/output error')
full_key: datamodule

During handling of the above exception, another exception occurred:

Traceback (most recent call last):
  File "/home/g15farris/bin/bayesaenet/bnn_aenet/tasks/hpsearch.py", line 92, in main
    study.optimize(
  File "/home/g15farris/.conda/envs/bnn/lib/python3.12/site-packages/optuna/study/study.py", line 451, in optimize
    _optimize(
  File "/home/g15farris/.conda/envs/bnn/lib/python3.12/site-packages/optuna/study/_optimize.py", line 62, in _optimize
    _optimize_sequential(
  File "/home/g15farris/.conda/envs/bnn/lib/python3.12/site-packages/optuna/study/_optimize.py", line 159, in _optimize_sequential
    frozen_trial = _run_trial(study, func, catch)
                   ^^^^^^^^^^^^^^^^^^^^^^^^^^^^^^
  File "/home/g15farris/.conda/envs/bnn/lib/python3.12/site-packages/optuna/study/_optimize.py", line 247, in _run_trial
    raise func_err
  File "/home/g15farris/.conda/envs/bnn/lib/python3.12/site-packages/optuna/study/_optimize.py", line 196, in _run_trial
    value_or_values = func(trial)
                      ^^^^^^^^^^^
  File "/home/g15farris/bin/bayesaenet/bnn_aenet/tasks/hpsearch.py", line 93, in <lambda>
    lambda trial: objective(trial, cfg, output_dir),
                  ^^^^^^^^^^^^^^^^^^^^^^^^^^^^^^^^^
  File "/home/g15farris/bin/bayesaenet/bnn_aenet/tasks/hpsearch.py", line 73, in objective_bnn
    return objective(trial, cfg, output_dir)
           ^^^^^^^^^^^^^^^^^^^^^^^^^^^^^^^^^
  File "/home/g15farris/bin/bayesaenet/bnn_aenet/tasks/hpsearch.py", line 32, in objective
    metric_dict, _ = train(cfg, trial)
                     ^^^^^^^^^^^^^^^^^
  File "/home/g15farris/bin/bayesaenet/bnn_aenet/tasks/utils/utils.py", line 48, in wrap
    save_file(
  File "/home/g15farris/.conda/envs/bnn/lib/python3.12/site-packages/lightning_utilities/core/rank_zero.py", line 42, in wrapped_fn
    return fn(*args, **kwargs)
           ^^^^^^^^^^^^^^^^^^^
  File "/home/g15farris/bin/bayesaenet/bnn_aenet/tasks/utils/utils.py", line 93, in save_file
    with open(path, "w+") as file:
         ^^^^^^^^^^^^^^^^
FileNotFoundError: [Errno 2] No such file or directory: '/home/g15farris/bin/bayesaenet/bnn_aenet/logs/lrt_hps_100perc/runs/2025-02-24_16-30-10/022/exec_time.log'

Set the environment variable HYDRA_FULL_ERROR=1 for a complete stack trace.
/home/g15farris/.conda/envs/bnn/lib/python3.12/site-packages/hydra/_internal/instantiate/_instantiate2.py:92: ExperimentalWarning: PatientPruner is experimental (supported from v2.8.0). The interface can change in the future.
  return _target_(*args, **kwargs)
[I 2025-02-25 10:43:51,160] Using an existing study with name 'lrt_100perc' instead of creating a new one.
/home/g15farris/.conda/envs/bnn/lib/python3.12/site-packages/hydra/_internal/instantiate/_instantiate2.py:92: ExperimentalWarning: PatientPruner is experimental (supported from v2.8.0). The interface can change in the future.
  return _target_(*args, **kwargs)
[I 2025-02-25 11:00:42,846] Using an existing study with name 'lrt_100perc' instead of creating a new one.
Trainer already configured with model summary callbacks: [<class 'lightning.pytorch.callbacks.rich_model_summary.RichModelSummary'>]. Skipping setting a default `ModelSummary` callback.
GPU available: False, used: False
TPU available: False, using: 0 TPU cores
IPU available: False, using: 0 IPUs
HPU available: False, using: 0 HPUs
/home/g15farris/.conda/envs/bnn/lib/python3.12/site-packages/lightning/pytorch/core/optimizer.py:181: `LightningModule.configure_optimizers` returned `None`, this fit will run with no optimizer
/home/g15farris/.conda/envs/bnn/lib/python3.12/site-packages/lightning/pytorch/loops/optimization/automatic.py:132: `training_step` returned `None`. If this was on purpose, ignore this warning...
`Trainer.fit` stopped: `max_epochs=20` reached.
[I 2025-02-25 11:05:54,932] Trial 24 finished with value: -44.99856185913086 and parameters: {'pretrain_epochs': 0, 'lr': 0.0006509790984463777, 'mc_samples_train': 2, 'prior_scale': 0.04658057864895187, 'q_scale': 0.0002632382905467797, 'batch_size': 32}. Best is trial 24 with value: -44.99856185913086.
Trainer already configured with model summary callbacks: [<class 'lightning.pytorch.callbacks.rich_model_summary.RichModelSummary'>]. Skipping setting a default `ModelSummary` callback.
GPU available: False, used: False
TPU available: False, using: 0 TPU cores
IPU available: False, using: 0 IPUs
HPU available: False, using: 0 HPUs
`Trainer.fit` stopped: `max_epochs=20` reached.
[I 2025-02-25 11:10:21,556] Trial 25 finished with value: -36.278560638427734 and parameters: {'pretrain_epochs': 0, 'lr': 0.0006829298328061672, 'mc_samples_train': 2, 'prior_scale': 0.03324722460692267, 'q_scale': 0.00034558961381588423, 'batch_size': 32}. Best is trial 24 with value: -44.99856185913086.
Trainer already configured with model summary callbacks: [<class 'lightning.pytorch.callbacks.rich_model_summary.RichModelSummary'>]. Skipping setting a default `ModelSummary` callback.
GPU available: False, used: False
TPU available: False, using: 0 TPU cores
IPU available: False, using: 0 IPUs
HPU available: False, using: 0 HPUs
`Trainer.fit` stopped: `max_epochs=20` reached.
[I 2025-02-25 11:14:47,120] Trial 26 finished with value: -15.924846649169922 and parameters: {'pretrain_epochs': 0, 'lr': 0.0006238411395857852, 'mc_samples_train': 2, 'prior_scale': 0.18847537475897708, 'q_scale': 0.0059812201173843095, 'batch_size': 32}. Best is trial 24 with value: -44.99856185913086.
Trainer already configured with model summary callbacks: [<class 'lightning.pytorch.callbacks.rich_model_summary.RichModelSummary'>]. Skipping setting a default `ModelSummary` callback.
GPU available: False, used: False
TPU available: False, using: 0 TPU cores
IPU available: False, using: 0 IPUs
HPU available: False, using: 0 HPUs
`Trainer.fit` stopped: `max_epochs=20` reached.
[I 2025-02-25 11:19:11,762] Trial 27 finished with value: -28.120494842529297 and parameters: {'pretrain_epochs': 0, 'lr': 0.0006983210809334892, 'mc_samples_train': 2, 'prior_scale': 0.07072483341252464, 'q_scale': 0.0011472396045626744, 'batch_size': 32}. Best is trial 24 with value: -44.99856185913086.
Trainer already configured with model summary callbacks: [<class 'lightning.pytorch.callbacks.rich_model_summary.RichModelSummary'>]. Skipping setting a default `ModelSummary` callback.
GPU available: False, used: False
TPU available: False, using: 0 TPU cores
IPU available: False, using: 0 IPUs
HPU available: False, using: 0 HPUs
`Trainer.fit` stopped: `max_epochs=20` reached.
[I 2025-02-25 11:23:39,119] Trial 28 finished with value: -35.11814880371094 and parameters: {'pretrain_epochs': 0, 'lr': 0.0003728086209673569, 'mc_samples_train': 2, 'prior_scale': 0.4102783837375459, 'q_scale': 0.0003379845080952342, 'batch_size': 32}. Best is trial 24 with value: -44.99856185913086.
Trainer already configured with model summary callbacks: [<class 'lightning.pytorch.callbacks.rich_model_summary.RichModelSummary'>]. Skipping setting a default `ModelSummary` callback.
GPU available: False, used: False
TPU available: False, using: 0 TPU cores
IPU available: False, using: 0 IPUs
HPU available: False, using: 0 HPUs
`Trainer.fit` stopped: `max_epochs=20` reached.
[I 2025-02-25 11:26:06,557] Trial 29 finished with value: -31.6918888092041 and parameters: {'pretrain_epochs': 0, 'lr': 0.00020597547065149416, 'mc_samples_train': 2, 'prior_scale': 0.021794603752404315, 'q_scale': 0.00019803364724850774, 'batch_size': 64}. Best is trial 24 with value: -44.99856185913086.
Trainer already configured with model summary callbacks: [<class 'lightning.pytorch.callbacks.rich_model_summary.RichModelSummary'>]. Skipping setting a default `ModelSummary` callback.
GPU available: False, used: False
TPU available: False, using: 0 TPU cores
IPU available: False, using: 0 IPUs
HPU available: False, using: 0 HPUs
/home/g15farris/.conda/envs/bnn/lib/python3.12/site-packages/lightning/pytorch/loops/fit_loop.py:298: The number of training batches (12) is smaller than the logging interval Trainer(log_every_n_steps=50). Set a lower value for log_every_n_steps if you want to see logs for the training epoch.
`Trainer.fit` stopped: `max_epochs=20` reached.
[I 2025-02-25 11:26:57,178] Trial 30 finished with value: 2440.457275390625 and parameters: {'pretrain_epochs': 0, 'lr': 0.00040552576010057743, 'mc_samples_train': 2, 'prior_scale': 0.11011957907017718, 'q_scale': 0.0006899810583390177, 'batch_size': 512}. Best is trial 24 with value: -44.99856185913086.
Trainer already configured with model summary callbacks: [<class 'lightning.pytorch.callbacks.rich_model_summary.RichModelSummary'>]. Skipping setting a default `ModelSummary` callback.
GPU available: False, used: False
TPU available: False, using: 0 TPU cores
IPU available: False, using: 0 IPUs
HPU available: False, using: 0 HPUs
/home/g15farris/.conda/envs/bnn/lib/python3.12/site-packages/lightning/pytorch/loops/fit_loop.py:298: The number of training batches (25) is smaller than the logging interval Trainer(log_every_n_steps=50). Set a lower value for log_every_n_steps if you want to see logs for the training epoch.
[I 2025-02-25 11:27:28,461] Trial 31 pruned. Trial was pruned at epoch 7.
Trainer already configured with model summary callbacks: [<class 'lightning.pytorch.callbacks.rich_model_summary.RichModelSummary'>]. Skipping setting a default `ModelSummary` callback.
GPU available: False, used: False
TPU available: False, using: 0 TPU cores
IPU available: False, using: 0 IPUs
HPU available: False, using: 0 HPUs
`Trainer.fit` stopped: `max_epochs=20` reached.
[I 2025-02-25 11:28:31,225] Trial 32 finished with value: 923.0511474609375 and parameters: {'pretrain_epochs': 0, 'lr': 0.00010682995798866446, 'mc_samples_train': 2, 'prior_scale': 0.025831207105731828, 'q_scale': 0.002352154084601003, 'batch_size': 256}. Best is trial 24 with value: -44.99856185913086.
Trainer already configured with model summary callbacks: [<class 'lightning.pytorch.callbacks.rich_model_summary.RichModelSummary'>]. Skipping setting a default `ModelSummary` callback.
GPU available: False, used: False
TPU available: False, using: 0 TPU cores
IPU available: False, using: 0 IPUs
HPU available: False, using: 0 HPUs
`Trainer.fit` stopped: `max_epochs=20` reached.
[I 2025-02-25 11:33:01,664] Trial 33 finished with value: -36.36891555786133 and parameters: {'pretrain_epochs': 0, 'lr': 0.0003684161850187871, 'mc_samples_train': 2, 'prior_scale': 0.37378992749314094, 'q_scale': 0.0003212726526118929, 'batch_size': 32}. Best is trial 24 with value: -44.99856185913086.
Trainer already configured with model summary callbacks: [<class 'lightning.pytorch.callbacks.rich_model_summary.RichModelSummary'>]. Skipping setting a default `ModelSummary` callback.
GPU available: False, used: False
TPU available: False, using: 0 TPU cores
IPU available: False, using: 0 IPUs
HPU available: False, using: 0 HPUs
`Trainer.fit` stopped: `max_epochs=20` reached.
[I 2025-02-25 11:37:28,168] Trial 34 finished with value: -20.723482131958008 and parameters: {'pretrain_epochs': 0, 'lr': 0.00037904252978057163, 'mc_samples_train': 2, 'prior_scale': 0.8631445024831159, 'q_scale': 0.0002258825207351197, 'batch_size': 32}. Best is trial 24 with value: -44.99856185913086.
Trainer already configured with model summary callbacks: [<class 'lightning.pytorch.callbacks.rich_model_summary.RichModelSummary'>]. Skipping setting a default `ModelSummary` callback.
GPU available: False, used: False
TPU available: False, using: 0 TPU cores
IPU available: False, using: 0 IPUs
HPU available: False, using: 0 HPUs
`Trainer.fit` stopped: `max_epochs=20` reached.
[I 2025-02-25 11:41:53,178] Trial 35 finished with value: -36.47572326660156 and parameters: {'pretrain_epochs': 0, 'lr': 0.0007245914220860388, 'mc_samples_train': 2, 'prior_scale': 0.3805723370060441, 'q_scale': 0.0009485522113989473, 'batch_size': 32}. Best is trial 24 with value: -44.99856185913086.
Trainer already configured with model summary callbacks: [<class 'lightning.pytorch.callbacks.rich_model_summary.RichModelSummary'>]. Skipping setting a default `ModelSummary` callback.
GPU available: False, used: False
TPU available: False, using: 0 TPU cores
IPU available: False, using: 0 IPUs
HPU available: False, using: 0 HPUs
`Trainer.fit` stopped: `max_epochs=20` reached.
[I 2025-02-25 11:46:18,745] Trial 36 finished with value: -46.62199401855469 and parameters: {'pretrain_epochs': 0, 'lr': 0.0007286170843324783, 'mc_samples_train': 2, 'prior_scale': 0.2974764122719904, 'q_scale': 0.0011561199955338337, 'batch_size': 32}. Best is trial 36 with value: -46.62199401855469.
Trainer already configured with model summary callbacks: [<class 'lightning.pytorch.callbacks.rich_model_summary.RichModelSummary'>]. Skipping setting a default `ModelSummary` callback.
GPU available: False, used: False
TPU available: False, using: 0 TPU cores
IPU available: False, using: 0 IPUs
HPU available: False, using: 0 HPUs
`Trainer.fit` stopped: `max_epochs=20` reached.
[I 2025-02-25 11:47:09,083] Trial 37 finished with value: 2178.370849609375 and parameters: {'pretrain_epochs': 0, 'lr': 0.0005243619617447778, 'mc_samples_train': 2, 'prior_scale': 0.4928283400121777, 'q_scale': 0.00117112249392426, 'batch_size': 512}. Best is trial 36 with value: -46.62199401855469.
Trainer already configured with model summary callbacks: [<class 'lightning.pytorch.callbacks.rich_model_summary.RichModelSummary'>]. Skipping setting a default `ModelSummary` callback.
GPU available: False, used: False
TPU available: False, using: 0 TPU cores
IPU available: False, using: 0 IPUs
HPU available: False, using: 0 HPUs
/home/g15farris/.conda/envs/bnn/lib/python3.12/site-packages/tyxe/likelihoods.py:203: UserWarning: var(): degrees of freedom is <= 0. Correction should be strictly less than the reduction factor (input numel divided by output numel). (Triggered internally at ../aten/src/ATen/native/ReduceOps.cpp:1807.)
  agg_scale = precision.reciprocal().mean(dim).add(loc.var(dim)).sqrt()
