[I 2025-02-25 13:27:10,796] Trial 71 finished with value: -65.20162200927734 and parameters: {'pretrain_epochs': 0, 'lr': 0.00025636487944607095, 'mc_samples_train': 2, 'prior_scale': 0.12778168109400143, 'q_scale': 0.00012256660654409398, 'batch_size': 64}. Best is trial 63 with value: -90.33507537841797.
Trainer already configured with model summary callbacks: [<class 'lightning.pytorch.callbacks.rich_model_summary.RichModelSummary'>]. Skipping setting a default `ModelSummary` callback.
GPU available: False, used: False
TPU available: False, using: 0 TPU cores
IPU available: False, using: 0 IPUs
HPU available: False, using: 0 HPUs
`Trainer.fit` stopped: `max_epochs=20` reached.
[I 2025-02-25 13:29:40,748] Trial 72 finished with value: -65.58686065673828 and parameters: {'pretrain_epochs': 0, 'lr': 0.00034253305734575966, 'mc_samples_train': 2, 'prior_scale': 0.11057058360008695, 'q_scale': 0.00013526611362317908, 'batch_size': 64}. Best is trial 63 with value: -90.33507537841797.
Trainer already configured with model summary callbacks: [<class 'lightning.pytorch.callbacks.rich_model_summary.RichModelSummary'>]. Skipping setting a default `ModelSummary` callback.
GPU available: False, used: False
TPU available: False, using: 0 TPU cores
IPU available: False, using: 0 IPUs
HPU available: False, using: 0 HPUs
`Trainer.fit` stopped: `max_epochs=20` reached.
[I 2025-02-25 13:32:19,329] Trial 73 finished with value: -40.36310577392578 and parameters: {'pretrain_epochs': 0, 'lr': 0.00017999357876446857, 'mc_samples_train': 2, 'prior_scale': 0.12011638078136157, 'q_scale': 0.00011881019455953559, 'batch_size': 64}. Best is trial 63 with value: -90.33507537841797.
Trainer already configured with model summary callbacks: [<class 'lightning.pytorch.callbacks.rich_model_summary.RichModelSummary'>]. Skipping setting a default `ModelSummary` callback.
GPU available: False, used: False
TPU available: False, using: 0 TPU cores
IPU available: False, using: 0 IPUs
HPU available: False, using: 0 HPUs
`Trainer.fit` stopped: `max_epochs=20` reached.
[I 2025-02-25 13:35:23,891] Trial 74 finished with value: -71.7834701538086 and parameters: {'pretrain_epochs': 0, 'lr': 0.0003371727945055252, 'mc_samples_train': 2, 'prior_scale': 0.0813305980279409, 'q_scale': 0.00020285551884818566, 'batch_size': 64}. Best is trial 63 with value: -90.33507537841797.
Trainer already configured with model summary callbacks: [<class 'lightning.pytorch.callbacks.rich_model_summary.RichModelSummary'>]. Skipping setting a default `ModelSummary` callback.
GPU available: False, used: False
TPU available: False, using: 0 TPU cores
IPU available: False, using: 0 IPUs
HPU available: False, using: 0 HPUs
`Trainer.fit` stopped: `max_epochs=20` reached.
[I 2025-02-25 13:38:21,610] Trial 75 finished with value: -52.69337463378906 and parameters: {'pretrain_epochs': 0, 'lr': 0.0003982713597966943, 'mc_samples_train': 2, 'prior_scale': 0.0690103031092565, 'q_scale': 0.00020159662491373343, 'batch_size': 64}. Best is trial 63 with value: -90.33507537841797.
Trainer already configured with model summary callbacks: [<class 'lightning.pytorch.callbacks.rich_model_summary.RichModelSummary'>]. Skipping setting a default `ModelSummary` callback.
GPU available: False, used: False
TPU available: False, using: 0 TPU cores
IPU available: False, using: 0 IPUs
HPU available: False, using: 0 HPUs
`Trainer.fit` stopped: `max_epochs=20` reached.
[I 2025-02-25 13:41:18,454] Trial 76 finished with value: -73.2134017944336 and parameters: {'pretrain_epochs': 0, 'lr': 0.0003492419081791508, 'mc_samples_train': 2, 'prior_scale': 0.1419650934730244, 'q_scale': 0.00013555260976025975, 'batch_size': 64}. Best is trial 63 with value: -90.33507537841797.
Trainer already configured with model summary callbacks: [<class 'lightning.pytorch.callbacks.rich_model_summary.RichModelSummary'>]. Skipping setting a default `ModelSummary` callback.
GPU available: False, used: False
TPU available: False, using: 0 TPU cores
IPU available: False, using: 0 IPUs
HPU available: False, using: 0 HPUs
`Trainer.fit` stopped: `max_epochs=20` reached.
[I 2025-02-25 13:44:16,011] Trial 77 finished with value: -74.15149688720703 and parameters: {'pretrain_epochs': 0, 'lr': 0.0003427187858186089, 'mc_samples_train': 2, 'prior_scale': 0.14147699282096687, 'q_scale': 0.0001349612689423686, 'batch_size': 64}. Best is trial 63 with value: -90.33507537841797.
Trainer already configured with model summary callbacks: [<class 'lightning.pytorch.callbacks.rich_model_summary.RichModelSummary'>]. Skipping setting a default `ModelSummary` callback.
GPU available: False, used: False
TPU available: False, using: 0 TPU cores
IPU available: False, using: 0 IPUs
HPU available: False, using: 0 HPUs
`Trainer.fit` stopped: `max_epochs=20` reached.
[I 2025-02-25 13:47:17,415] Trial 78 finished with value: -53.30698013305664 and parameters: {'pretrain_epochs': 0, 'lr': 0.00035515811832816205, 'mc_samples_train': 2, 'prior_scale': 0.08298310373108063, 'q_scale': 0.00017007457743319746, 'batch_size': 64}. Best is trial 63 with value: -90.33507537841797.
Trainer already configured with model summary callbacks: [<class 'lightning.pytorch.callbacks.rich_model_summary.RichModelSummary'>]. Skipping setting a default `ModelSummary` callback.
GPU available: False, used: False
TPU available: False, using: 0 TPU cores
IPU available: False, using: 0 IPUs
HPU available: False, using: 0 HPUs
`Trainer.fit` stopped: `max_epochs=20` reached.
[I 2025-02-25 13:49:17,343] Trial 79 finished with value: -67.42692565917969 and parameters: {'pretrain_epochs': 0, 'lr': 0.000290829664453999, 'mc_samples_train': 1, 'prior_scale': 0.14076790324402377, 'q_scale': 0.000258743398460186, 'batch_size': 64}. Best is trial 63 with value: -90.33507537841797.
Trainer already configured with model summary callbacks: [<class 'lightning.pytorch.callbacks.rich_model_summary.RichModelSummary'>]. Skipping setting a default `ModelSummary` callback.
GPU available: False, used: False
TPU available: False, using: 0 TPU cores
IPU available: False, using: 0 IPUs
HPU available: False, using: 0 HPUs
`Trainer.fit` stopped: `max_epochs=20` reached.
[I 2025-02-25 13:51:05,416] Trial 80 finished with value: -61.04832458496094 and parameters: {'pretrain_epochs': 0, 'lr': 0.00041434390682968005, 'mc_samples_train': 1, 'prior_scale': 0.1427423132374321, 'q_scale': 0.0002489919576897951, 'batch_size': 64}. Best is trial 63 with value: -90.33507537841797.
Trainer already configured with model summary callbacks: [<class 'lightning.pytorch.callbacks.rich_model_summary.RichModelSummary'>]. Skipping setting a default `ModelSummary` callback.
GPU available: False, used: False
TPU available: False, using: 0 TPU cores
IPU available: False, using: 0 IPUs
HPU available: False, using: 0 HPUs
`Trainer.fit` stopped: `max_epochs=20` reached.
[I 2025-02-25 13:52:54,841] Trial 81 finished with value: -64.0602798461914 and parameters: {'pretrain_epochs': 0, 'lr': 0.00028049313586589366, 'mc_samples_train': 1, 'prior_scale': 0.042923249866200816, 'q_scale': 0.0002857122359359686, 'batch_size': 64}. Best is trial 63 with value: -90.33507537841797.
Trainer already configured with model summary callbacks: [<class 'lightning.pytorch.callbacks.rich_model_summary.RichModelSummary'>]. Skipping setting a default `ModelSummary` callback.
GPU available: False, used: False
TPU available: False, using: 0 TPU cores
IPU available: False, using: 0 IPUs
HPU available: False, using: 0 HPUs
`Trainer.fit` stopped: `max_epochs=20` reached.
[I 2025-02-25 13:54:44,008] Trial 82 finished with value: -87.05892944335938 and parameters: {'pretrain_epochs': 0, 'lr': 0.0005343251405187812, 'mc_samples_train': 1, 'prior_scale': 0.21251938015643568, 'q_scale': 0.00021907339916724436, 'batch_size': 64}. Best is trial 63 with value: -90.33507537841797.
Trainer already configured with model summary callbacks: [<class 'lightning.pytorch.callbacks.rich_model_summary.RichModelSummary'>]. Skipping setting a default `ModelSummary` callback.
GPU available: False, used: False
TPU available: False, using: 0 TPU cores
IPU available: False, using: 0 IPUs
HPU available: False, using: 0 HPUs
`Trainer.fit` stopped: `max_epochs=20` reached.
[I 2025-02-25 13:56:30,498] Trial 83 finished with value: -81.32711791992188 and parameters: {'pretrain_epochs': 0, 'lr': 0.0004733634912280229, 'mc_samples_train': 1, 'prior_scale': 0.20910268495933063, 'q_scale': 0.0002134022862276677, 'batch_size': 64}. Best is trial 63 with value: -90.33507537841797.
