[I 2025-02-24 17:02:02,349] Trial 44 finished with value: 180.99383544921875 and parameters: {'pretrain_epochs': 0, 'lr': 0.0004124831321621341, 'mc_samples_train': 2, 'prior_scale': 0.051388910072198576, 'q_scale': 0.000625714390067751, 'batch_size': 64}. Best is trial 28 with value: -21.971128463745117.
Trainer already configured with model summary callbacks: [<class 'lightning.pytorch.callbacks.rich_model_summary.RichModelSummary'>]. Skipping setting a default `ModelSummary` callback.
GPU available: False, used: False
TPU available: False, using: 0 TPU cores
IPU available: False, using: 0 IPUs
HPU available: False, using: 0 HPUs
`Trainer.fit` stopped: `max_epochs=20` reached.
[I 2025-02-24 17:02:37,458] Trial 45 finished with value: 456.5339050292969 and parameters: {'pretrain_epochs': 0, 'lr': 0.0003089199434659764, 'mc_samples_train': 2, 'prior_scale': 0.494804586529123, 'q_scale': 0.0003314861886201554, 'batch_size': 128}. Best is trial 28 with value: -21.971128463745117.
Trainer already configured with model summary callbacks: [<class 'lightning.pytorch.callbacks.rich_model_summary.RichModelSummary'>]. Skipping setting a default `ModelSummary` callback.
GPU available: False, used: False
TPU available: False, using: 0 TPU cores
IPU available: False, using: 0 IPUs
HPU available: False, using: 0 HPUs
`Trainer.fit` stopped: `max_epochs=20` reached.
[I 2025-02-24 17:03:31,211] Trial 46 finished with value: -7.991441249847412 and parameters: {'pretrain_epochs': 0, 'lr': 0.0008365809969780687, 'mc_samples_train': 1, 'prior_scale': 0.10598115165911277, 'q_scale': 0.00014655866571127322, 'batch_size': 32}. Best is trial 28 with value: -21.971128463745117.
Trainer already configured with model summary callbacks: [<class 'lightning.pytorch.callbacks.rich_model_summary.RichModelSummary'>]. Skipping setting a default `ModelSummary` callback.
GPU available: False, used: False
TPU available: False, using: 0 TPU cores
IPU available: False, using: 0 IPUs
HPU available: False, using: 0 HPUs
`Trainer.fit` stopped: `max_epochs=20` reached.
[I 2025-02-24 17:03:42,691] Trial 13 finished with value: -22.521520614624023 and parameters: {'pretrain_epochs': 0, 'lr': 0.00015991366116446953, 'mc_samples_train': 2, 'prior_scale': 0.023551654708581973, 'q_scale': 0.00010194432109815798, 'batch_size': 64}. Best is trial 11 with value: -30.28417205810547.
Trainer already configured with model summary callbacks: [<class 'lightning.pytorch.callbacks.rich_model_summary.RichModelSummary'>]. Skipping setting a default `ModelSummary` callback.
GPU available: False, used: False
TPU available: False, using: 0 TPU cores
IPU available: False, using: 0 IPUs
HPU available: False, using: 0 HPUs
`Trainer.fit` stopped: `max_epochs=20` reached.
[I 2025-02-24 17:04:26,871] Trial 47 finished with value: -14.779865264892578 and parameters: {'pretrain_epochs': 0, 'lr': 0.0004901582158569339, 'mc_samples_train': 1, 'prior_scale': 0.18434016661664662, 'q_scale': 0.00011360614395175576, 'batch_size': 32}. Best is trial 28 with value: -21.971128463745117.
Trainer already configured with model summary callbacks: [<class 'lightning.pytorch.callbacks.rich_model_summary.RichModelSummary'>]. Skipping setting a default `ModelSummary` callback.
GPU available: False, used: False
TPU available: False, using: 0 TPU cores
IPU available: False, using: 0 IPUs
HPU available: False, using: 0 HPUs
`Trainer.fit` stopped: `max_epochs=20` reached.
[I 2025-02-24 17:05:21,945] Trial 48 finished with value: 20.996742248535156 and parameters: {'pretrain_epochs': 0, 'lr': 0.0004933632794909617, 'mc_samples_train': 1, 'prior_scale': 0.020405542491552745, 'q_scale': 0.00011047000076727068, 'batch_size': 32}. Best is trial 28 with value: -21.971128463745117.
Trainer already configured with model summary callbacks: [<class 'lightning.pytorch.callbacks.rich_model_summary.RichModelSummary'>]. Skipping setting a default `ModelSummary` callback.
GPU available: False, used: False
TPU available: False, using: 0 TPU cores
IPU available: False, using: 0 IPUs
HPU available: False, using: 0 HPUs
`Trainer.fit` stopped: `max_epochs=20` reached.
[I 2025-02-24 17:06:12,879] Trial 49 finished with value: 64.02423095703125 and parameters: {'pretrain_epochs': 0, 'lr': 0.0002318423262287637, 'mc_samples_train': 1, 'prior_scale': 0.11607667945247209, 'q_scale': 0.00014434003992706498, 'batch_size': 32}. Best is trial 28 with value: -21.971128463745117.
Trainer already configured with model summary callbacks: [<class 'lightning.pytorch.callbacks.rich_model_summary.RichModelSummary'>]. Skipping setting a default `ModelSummary` callback.
GPU available: False, used: False
TPU available: False, using: 0 TPU cores
IPU available: False, using: 0 IPUs
HPU available: False, using: 0 HPUs
`Trainer.fit` stopped: `max_epochs=20` reached.
[I 2025-02-24 17:07:06,357] Trial 50 finished with value: -4.277852535247803 and parameters: {'pretrain_epochs': 0, 'lr': 0.0008871351483351918, 'mc_samples_train': 1, 'prior_scale': 0.16041163498374023, 'q_scale': 0.0011172652931689133, 'batch_size': 32}. Best is trial 28 with value: -21.971128463745117.
Trainer already configured with model summary callbacks: [<class 'lightning.pytorch.callbacks.rich_model_summary.RichModelSummary'>]. Skipping setting a default `ModelSummary` callback.
GPU available: False, used: False
TPU available: False, using: 0 TPU cores
IPU available: False, using: 0 IPUs
HPU available: False, using: 0 HPUs
`Trainer.fit` stopped: `max_epochs=20` reached.
[I 2025-02-24 17:07:58,630] Trial 51 finished with value: -19.771440505981445 and parameters: {'pretrain_epochs': 0, 'lr': 0.0006650259307840426, 'mc_samples_train': 1, 'prior_scale': 0.20613605240220698, 'q_scale': 0.00010186339574177252, 'batch_size': 32}. Best is trial 28 with value: -21.971128463745117.
Trainer already configured with model summary callbacks: [<class 'lightning.pytorch.callbacks.rich_model_summary.RichModelSummary'>]. Skipping setting a default `ModelSummary` callback.
GPU available: False, used: False
TPU available: False, using: 0 TPU cores
IPU available: False, using: 0 IPUs
HPU available: False, using: 0 HPUs
`Trainer.fit` stopped: `max_epochs=20` reached.
[I 2025-02-24 17:08:48,241] Trial 52 finished with value: -9.304269790649414 and parameters: {'pretrain_epochs': 0, 'lr': 0.0006123224953559687, 'mc_samples_train': 1, 'prior_scale': 0.09503694997607778, 'q_scale': 0.00010626733881971644, 'batch_size': 32}. Best is trial 28 with value: -21.971128463745117.
`Trainer.fit` stopped: `max_epochs=20` reached.
[I 2025-02-24 17:08:48,835] Trial 14 finished with value: -30.421886444091797 and parameters: {'pretrain_epochs': 0, 'lr': 0.0009801615183585152, 'mc_samples_train': 2, 'prior_scale': 0.03777462213368495, 'q_scale': 0.00042903850239015034, 'batch_size': 32}. Best is trial 14 with value: -30.421886444091797.
Trainer already configured with model summary callbacks: [<class 'lightning.pytorch.callbacks.rich_model_summary.RichModelSummary'>]. Skipping setting a default `ModelSummary` callback.
GPU available: False, used: False
TPU available: False, using: 0 TPU cores
IPU available: False, using: 0 IPUs
HPU available: False, using: 0 HPUs
Trainer already configured with model summary callbacks: [<class 'lightning.pytorch.callbacks.rich_model_summary.RichModelSummary'>]. Skipping setting a default `ModelSummary` callback.
GPU available: False, used: False
TPU available: False, using: 0 TPU cores
IPU available: False, using: 0 IPUs
HPU available: False, using: 0 HPUs
`Trainer.fit` stopped: `max_epochs=20` reached.
[I 2025-02-24 17:09:37,724] Trial 53 finished with value: -0.9196409583091736 and parameters: {'pretrain_epochs': 0, 'lr': 0.0005770641519746715, 'mc_samples_train': 1, 'prior_scale': 0.054916448893760926, 'q_scale': 0.0004395781220958909, 'batch_size': 32}. Best is trial 28 with value: -21.971128463745117.
Trainer already configured with model summary callbacks: [<class 'lightning.pytorch.callbacks.rich_model_summary.RichModelSummary'>]. Skipping setting a default `ModelSummary` callback.
GPU available: False, used: False
TPU available: False, using: 0 TPU cores
IPU available: False, using: 0 IPUs
HPU available: False, using: 0 HPUs
`Trainer.fit` stopped: `max_epochs=20` reached.
[I 2025-02-24 17:10:27,872] Trial 54 finished with value: 11.142358779907227 and parameters: {'pretrain_epochs': 0, 'lr': 0.0003097749945698196, 'mc_samples_train': 1, 'prior_scale': 0.3063189159865552, 'q_scale': 0.00028785875540367, 'batch_size': 32}. Best is trial 28 with value: -21.971128463745117.
Trainer already configured with model summary callbacks: [<class 'lightning.pytorch.callbacks.rich_model_summary.RichModelSummary'>]. Skipping setting a default `ModelSummary` callback.
GPU available: False, used: False
TPU available: False, using: 0 TPU cores
IPU available: False, using: 0 IPUs
HPU available: False, using: 0 HPUs
`Trainer.fit` stopped: `max_epochs=20` reached.
[I 2025-02-24 17:11:16,956] Trial 55 finished with value: 116.85144805908203 and parameters: {'pretrain_epochs': 0, 'lr': 0.00015253671276923227, 'mc_samples_train': 1, 'prior_scale': 0.09415310255835511, 'q_scale': 0.00010622638533885774, 'batch_size': 32}. Best is trial 28 with value: -21.971128463745117.
Trainer already configured with model summary callbacks: [<class 'lightning.pytorch.callbacks.rich_model_summary.RichModelSummary'>]. Skipping setting a default `ModelSummary` callback.
GPU available: False, used: False
TPU available: False, using: 0 TPU cores
IPU available: False, using: 0 IPUs
HPU available: False, using: 0 HPUs
`Trainer.fit` stopped: `max_epochs=20` reached.
[I 2025-02-24 17:12:06,268] Trial 56 finished with value: -15.905345916748047 and parameters: {'pretrain_epochs': 0, 'lr': 0.0006234503695443075, 'mc_samples_train': 1, 'prior_scale': 0.5746791270552903, 'q_scale': 0.0007515326369669672, 'batch_size': 32}. Best is trial 28 with value: -21.971128463745117.
Trainer already configured with model summary callbacks: [<class 'lightning.pytorch.callbacks.rich_model_summary.RichModelSummary'>]. Skipping setting a default `ModelSummary` callback.
GPU available: False, used: False
TPU available: False, using: 0 TPU cores
IPU available: False, using: 0 IPUs
HPU available: False, using: 0 HPUs
`Trainer.fit` stopped: `max_epochs=20` reached.
[I 2025-02-24 17:12:54,072] Trial 57 finished with value: -16.40332794189453 and parameters: {'pretrain_epochs': 0, 'lr': 0.0006331440189537419, 'mc_samples_train': 1, 'prior_scale': 0.6055709728691586, 'q_scale': 0.0007833907890241141, 'batch_size': 32}. Best is trial 28 with value: -21.971128463745117.
Trainer already configured with model summary callbacks: [<class 'lightning.pytorch.callbacks.rich_model_summary.RichModelSummary'>]. Skipping setting a default `ModelSummary` callback.
GPU available: False, used: False
TPU available: False, using: 0 TPU cores
IPU available: False, using: 0 IPUs
HPU available: False, using: 0 HPUs
`Trainer.fit` stopped: `max_epochs=20` reached.
[I 2025-02-24 17:13:46,412] Trial 58 finished with value: 14.212347030639648 and parameters: {'pretrain_epochs': 0, 'lr': 0.0004713186781202526, 'mc_samples_train': 1, 'prior_scale': 0.8397504651877787, 'q_scale': 0.0016519937294930918, 'batch_size': 32}. Best is trial 28 with value: -21.971128463745117.
`Trainer.fit` stopped: `max_epochs=20` reached.
[I 2025-02-24 17:13:50,120] Trial 15 finished with value: -17.7005672454834 and parameters: {'pretrain_epochs': 0, 'lr': 0.0009933433836908847, 'mc_samples_train': 2, 'prior_scale': 0.04295889441861082, 'q_scale': 0.0005371630331658818, 'batch_size': 32}. Best is trial 14 with value: -30.421886444091797.
Trainer already configured with model summary callbacks: [<class 'lightning.pytorch.callbacks.rich_model_summary.RichModelSummary'>]. Skipping setting a default `ModelSummary` callback.
GPU available: False, used: False
TPU available: False, using: 0 TPU cores
IPU available: False, using: 0 IPUs
HPU available: False, using: 0 HPUs
Trainer already configured with model summary callbacks: [<class 'lightning.pytorch.callbacks.rich_model_summary.RichModelSummary'>]. Skipping setting a default `ModelSummary` callback.
GPU available: False, used: False
TPU available: False, using: 0 TPU cores
IPU available: False, using: 0 IPUs
HPU available: False, using: 0 HPUs
`Trainer.fit` stopped: `max_epochs=20` reached.
[I 2025-02-24 17:14:38,224] Trial 59 finished with value: 131.20361328125 and parameters: {'pretrain_epochs': 0, 'lr': 5.518736571418839e-05, 'mc_samples_train': 1, 'prior_scale': 0.5893824062185491, 'q_scale': 0.004160694286668926, 'batch_size': 32}. Best is trial 28 with value: -21.971128463745117.
`Trainer.fit` stopped: `max_epochs=20` reached.
[I 2025-02-24 17:18:54,729] Trial 16 finished with value: 56.03738784790039 and parameters: {'pretrain_epochs': 0, 'lr': 0.0009418616963254316, 'mc_samples_train': 2, 'prior_scale': 0.0057475489968997415, 'q_scale': 0.0005478446090810961, 'batch_size': 32}. Best is trial 14 with value: -30.421886444091797.
Trainer already configured with model summary callbacks: [<class 'lightning.pytorch.callbacks.rich_model_summary.RichModelSummary'>]. Skipping setting a default `ModelSummary` callback.
GPU available: False, used: False
TPU available: False, using: 0 TPU cores
IPU available: False, using: 0 IPUs
HPU available: False, using: 0 HPUs
`Trainer.fit` stopped: `max_epochs=20` reached.
[I 2025-02-24 17:20:04,889] Trial 17 finished with value: 254.12265014648438 and parameters: {'pretrain_epochs': 0, 'lr': 0.00048726994464372547, 'mc_samples_train': 2, 'prior_scale': 0.03298570457662521, 'q_scale': 0.0013121308489553924, 'batch_size': 256}. Best is trial 14 with value: -30.421886444091797.
Trainer already configured with model summary callbacks: [<class 'lightning.pytorch.callbacks.rich_model_summary.RichModelSummary'>]. Skipping setting a default `ModelSummary` callback.
GPU available: False, used: False
TPU available: False, using: 0 TPU cores
IPU available: False, using: 0 IPUs
HPU available: False, using: 0 HPUs
`Trainer.fit` stopped: `max_epochs=20` reached.
[I 2025-02-24 17:21:02,433] Trial 18 finished with value: 1979.5206298828125 and parameters: {'pretrain_epochs': 0, 'lr': 0.00048212758884668886, 'mc_samples_train': 2, 'prior_scale': 0.27634381419905757, 'q_scale': 0.0002885851817360491, 'batch_size': 512}. Best is trial 14 with value: -30.421886444091797.
Trainer already configured with model summary callbacks: [<class 'lightning.pytorch.callbacks.rich_model_summary.RichModelSummary'>]. Skipping setting a default `ModelSummary` callback.
GPU available: False, used: False
TPU available: False, using: 0 TPU cores
IPU available: False, using: 0 IPUs
HPU available: False, using: 0 HPUs
`Trainer.fit` stopped: `max_epochs=20` reached.
[I 2025-02-24 17:23:49,966] Trial 19 finished with value: 65.56961059570312 and parameters: {'pretrain_epochs': 0, 'lr': 0.00012544540249913088, 'mc_samples_train': 2, 'prior_scale': 0.007133078560557303, 'q_scale': 0.001932611973562815, 'batch_size': 64}. Best is trial 14 with value: -30.421886444091797.
Trainer already configured with model summary callbacks: [<class 'lightning.pytorch.callbacks.rich_model_summary.RichModelSummary'>]. Skipping setting a default `ModelSummary` callback.
GPU available: False, used: False
TPU available: False, using: 0 TPU cores
IPU available: False, using: 0 IPUs
HPU available: False, using: 0 HPUs
`Trainer.fit` stopped: `max_epochs=20` reached.
[I 2025-02-24 17:28:51,520] Trial 20 finished with value: -35.62898254394531 and parameters: {'pretrain_epochs': 0, 'lr': 0.00032043021391109096, 'mc_samples_train': 2, 'prior_scale': 0.05538828055465327, 'q_scale': 0.00024331562128032956, 'batch_size': 32}. Best is trial 20 with value: -35.62898254394531.
Trainer already configured with model summary callbacks: [<class 'lightning.pytorch.callbacks.rich_model_summary.RichModelSummary'>]. Skipping setting a default `ModelSummary` callback.
GPU available: False, used: False
TPU available: False, using: 0 TPU cores
IPU available: False, using: 0 IPUs
HPU available: False, using: 0 HPUs
`Trainer.fit` stopped: `max_epochs=20` reached.
