[I 2025-02-25 11:48:17,939] Trial 38 pruned. Trial was pruned at epoch 7.
Trainer already configured with model summary callbacks: [<class 'lightning.pytorch.callbacks.rich_model_summary.RichModelSummary'>]. Skipping setting a default `ModelSummary` callback.
GPU available: False, used: False
TPU available: False, using: 0 TPU cores
IPU available: False, using: 0 IPUs
HPU available: False, using: 0 HPUs
`Trainer.fit` stopped: `max_epochs=20` reached.
[I 2025-02-25 11:52:45,591] Trial 39 finished with value: -2.344482183456421 and parameters: {'pretrain_epochs': 0, 'lr': 0.000560203106547756, 'mc_samples_train': 2, 'prior_scale': 0.3660045282784296, 'q_scale': 0.005211051528825213, 'batch_size': 32}. Best is trial 36 with value: -46.62199401855469.
Trainer already configured with model summary callbacks: [<class 'lightning.pytorch.callbacks.rich_model_summary.RichModelSummary'>]. Skipping setting a default `ModelSummary` callback.
GPU available: False, used: False
TPU available: False, using: 0 TPU cores
IPU available: False, using: 0 IPUs
HPU available: False, using: 0 HPUs
[I 2025-02-25 11:54:16,839] Trial 40 pruned. Trial was pruned at epoch 10.
Trainer already configured with model summary callbacks: [<class 'lightning.pytorch.callbacks.rich_model_summary.RichModelSummary'>]. Skipping setting a default `ModelSummary` callback.
GPU available: False, used: False
TPU available: False, using: 0 TPU cores
IPU available: False, using: 0 IPUs
HPU available: False, using: 0 HPUs
`Trainer.fit` stopped: `max_epochs=20` reached.
[I 2025-02-25 11:56:46,768] Trial 41 finished with value: 253.29925537109375 and parameters: {'pretrain_epochs': 0, 'lr': 1.0294620903386365e-05, 'mc_samples_train': 2, 'prior_scale': 0.5903418491155675, 'q_scale': 0.0035117890454306813, 'batch_size': 64}. Best is trial 36 with value: -46.62199401855469.
Trainer already configured with model summary callbacks: [<class 'lightning.pytorch.callbacks.rich_model_summary.RichModelSummary'>]. Skipping setting a default `ModelSummary` callback.
GPU available: False, used: False
TPU available: False, using: 0 TPU cores
IPU available: False, using: 0 IPUs
HPU available: False, using: 0 HPUs
`Trainer.fit` stopped: `max_epochs=20` reached.
[I 2025-02-25 11:57:28,261] Trial 42 finished with value: 1006.789306640625 and parameters: {'pretrain_epochs': 0, 'lr': 3.075611820416461e-05, 'mc_samples_train': 1, 'prior_scale': 0.1243042312330324, 'q_scale': 0.0008839908430144221, 'batch_size': 256}. Best is trial 36 with value: -46.62199401855469.
Trainer already configured with model summary callbacks: [<class 'lightning.pytorch.callbacks.rich_model_summary.RichModelSummary'>]. Skipping setting a default `ModelSummary` callback.
GPU available: False, used: False
TPU available: False, using: 0 TPU cores
IPU available: False, using: 0 IPUs
HPU available: False, using: 0 HPUs
`Trainer.fit` stopped: `max_epochs=20` reached.
[I 2025-02-25 12:01:56,134] Trial 43 finished with value: -47.81182861328125 and parameters: {'pretrain_epochs': 0, 'lr': 0.0007615317917538199, 'mc_samples_train': 2, 'prior_scale': 0.2997290524017179, 'q_scale': 0.0004382195401082087, 'batch_size': 32}. Best is trial 43 with value: -47.81182861328125.
Trainer already configured with model summary callbacks: [<class 'lightning.pytorch.callbacks.rich_model_summary.RichModelSummary'>]. Skipping setting a default `ModelSummary` callback.
GPU available: False, used: False
TPU available: False, using: 0 TPU cores
IPU available: False, using: 0 IPUs
HPU available: False, using: 0 HPUs
`Trainer.fit` stopped: `max_epochs=20` reached.
[I 2025-02-25 12:06:25,217] Trial 44 finished with value: -35.23133087158203 and parameters: {'pretrain_epochs': 0, 'lr': 0.0007940523052301803, 'mc_samples_train': 2, 'prior_scale': 0.29819852329246094, 'q_scale': 0.0018337796577275539, 'batch_size': 32}. Best is trial 43 with value: -47.81182861328125.
Trainer already configured with model summary callbacks: [<class 'lightning.pytorch.callbacks.rich_model_summary.RichModelSummary'>]. Skipping setting a default `ModelSummary` callback.
GPU available: False, used: False
TPU available: False, using: 0 TPU cores
IPU available: False, using: 0 IPUs
HPU available: False, using: 0 HPUs
`Trainer.fit` stopped: `max_epochs=20` reached.
[I 2025-02-25 12:10:53,225] Trial 45 finished with value: -12.5316162109375 and parameters: {'pretrain_epochs': 0, 'lr': 0.0004346673644455997, 'mc_samples_train': 2, 'prior_scale': 0.9744952982848707, 'q_scale': 0.00017000949050492947, 'batch_size': 32}. Best is trial 43 with value: -47.81182861328125.
Trainer already configured with model summary callbacks: [<class 'lightning.pytorch.callbacks.rich_model_summary.RichModelSummary'>]. Skipping setting a default `ModelSummary` callback.
GPU available: False, used: False
TPU available: False, using: 0 TPU cores
IPU available: False, using: 0 IPUs
HPU available: False, using: 0 HPUs
`Trainer.fit` stopped: `max_epochs=20` reached.
[I 2025-02-25 12:15:23,015] Trial 46 finished with value: -35.87584686279297 and parameters: {'pretrain_epochs': 0, 'lr': 0.0005547915996773387, 'mc_samples_train': 2, 'prior_scale': 0.6039419025768079, 'q_scale': 0.0006966133059950005, 'batch_size': 32}. Best is trial 43 with value: -47.81182861328125.
Trainer already configured with model summary callbacks: [<class 'lightning.pytorch.callbacks.rich_model_summary.RichModelSummary'>]. Skipping setting a default `ModelSummary` callback.
GPU available: False, used: False
TPU available: False, using: 0 TPU cores
IPU available: False, using: 0 IPUs
HPU available: False, using: 0 HPUs
/home/g15farris/.conda/envs/bnn/lib/python3.12/site-packages/lightning/pytorch/loops/fit_loop.py:298: The number of training batches (49) is smaller than the logging interval Trainer(log_every_n_steps=50). Set a lower value for log_every_n_steps if you want to see logs for the training epoch.
`Trainer.fit` stopped: `max_epochs=20` reached.
[I 2025-02-25 12:16:54,465] Trial 47 finished with value: 441.498046875 and parameters: {'pretrain_epochs': 0, 'lr': 5.1375879420384186e-05, 'mc_samples_train': 2, 'prior_scale': 0.3621742694732916, 'q_scale': 0.0004621627756722631, 'batch_size': 128}. Best is trial 43 with value: -47.81182861328125.
Trainer already configured with model summary callbacks: [<class 'lightning.pytorch.callbacks.rich_model_summary.RichModelSummary'>]. Skipping setting a default `ModelSummary` callback.
GPU available: False, used: False
TPU available: False, using: 0 TPU cores
IPU available: False, using: 0 IPUs
HPU available: False, using: 0 HPUs
`Trainer.fit` stopped: `max_epochs=20` reached.
[I 2025-02-25 12:19:35,445] Trial 48 finished with value: -22.34197425842285 and parameters: {'pretrain_epochs': 0, 'lr': 0.0008384052381899798, 'mc_samples_train': 1, 'prior_scale': 0.08542144783764337, 'q_scale': 0.0016146632654310278, 'batch_size': 32}. Best is trial 43 with value: -47.81182861328125.
Trainer already configured with model summary callbacks: [<class 'lightning.pytorch.callbacks.rich_model_summary.RichModelSummary'>]. Skipping setting a default `ModelSummary` callback.
GPU available: False, used: False
TPU available: False, using: 0 TPU cores
IPU available: False, using: 0 IPUs
HPU available: False, using: 0 HPUs
`Trainer.fit` stopped: `max_epochs=20` reached.
[I 2025-02-25 12:24:04,212] Trial 49 finished with value: -46.978965759277344 and parameters: {'pretrain_epochs': 0, 'lr': 0.0006330373057854226, 'mc_samples_train': 2, 'prior_scale': 0.18036732081542833, 'q_scale': 0.000887761860037635, 'batch_size': 32}. Best is trial 43 with value: -47.81182861328125.
Trainer already configured with model summary callbacks: [<class 'lightning.pytorch.callbacks.rich_model_summary.RichModelSummary'>]. Skipping setting a default `ModelSummary` callback.
GPU available: False, used: False
TPU available: False, using: 0 TPU cores
IPU available: False, using: 0 IPUs
HPU available: False, using: 0 HPUs
`Trainer.fit` stopped: `max_epochs=20` reached.
[I 2025-02-25 12:28:34,916] Trial 50 finished with value: -33.61904525756836 and parameters: {'pretrain_epochs': 0, 'lr': 0.0006290102057144817, 'mc_samples_train': 2, 'prior_scale': 0.193010925093162, 'q_scale': 0.0029634572562788025, 'batch_size': 32}. Best is trial 43 with value: -47.81182861328125.
Trainer already configured with model summary callbacks: [<class 'lightning.pytorch.callbacks.rich_model_summary.RichModelSummary'>]. Skipping setting a default `ModelSummary` callback.
GPU available: False, used: False
TPU available: False, using: 0 TPU cores
IPU available: False, using: 0 IPUs
HPU available: False, using: 0 HPUs
`Trainer.fit` stopped: `max_epochs=20` reached.
[I 2025-02-25 12:29:26,662] Trial 51 finished with value: 1457.940185546875 and parameters: {'pretrain_epochs': 0, 'lr': 0.0008769255259426099, 'mc_samples_train': 2, 'prior_scale': 0.08932033956168513, 'q_scale': 0.021640621136322986, 'batch_size': 512}. Best is trial 43 with value: -47.81182861328125.
Trainer already configured with model summary callbacks: [<class 'lightning.pytorch.callbacks.rich_model_summary.RichModelSummary'>]. Skipping setting a default `ModelSummary` callback.
GPU available: False, used: False
TPU available: False, using: 0 TPU cores
IPU available: False, using: 0 IPUs
HPU available: False, using: 0 HPUs
`Trainer.fit` stopped: `max_epochs=20` reached.
[I 2025-02-25 12:30:57,701] Trial 52 finished with value: 422.7819519042969 and parameters: {'pretrain_epochs': 0, 'lr': 6.585553704010568e-05, 'mc_samples_train': 2, 'prior_scale': 0.1552775640762928, 'q_scale': 0.0009611441399406295, 'batch_size': 128}. Best is trial 43 with value: -47.81182861328125.
Trainer already configured with model summary callbacks: [<class 'lightning.pytorch.callbacks.rich_model_summary.RichModelSummary'>]. Skipping setting a default `ModelSummary` callback.
GPU available: False, used: False
TPU available: False, using: 0 TPU cores
IPU available: False, using: 0 IPUs
HPU available: False, using: 0 HPUs
`Trainer.fit` stopped: `max_epochs=20` reached.
[I 2025-02-25 12:35:30,566] Trial 53 finished with value: -40.28005599975586 and parameters: {'pretrain_epochs': 0, 'lr': 0.0006149970689040431, 'mc_samples_train': 2, 'prior_scale': 0.26512852618136656, 'q_scale': 0.000577010115338762, 'batch_size': 32}. Best is trial 43 with value: -47.81182861328125.
Trainer already configured with model summary callbacks: [<class 'lightning.pytorch.callbacks.rich_model_summary.RichModelSummary'>]. Skipping setting a default `ModelSummary` callback.
GPU available: False, used: False
TPU available: False, using: 0 TPU cores
IPU available: False, using: 0 IPUs
HPU available: False, using: 0 HPUs
`Trainer.fit` stopped: `max_epochs=20` reached.
[I 2025-02-25 12:39:59,622] Trial 54 finished with value: -49.54961013793945 and parameters: {'pretrain_epochs': 0, 'lr': 0.0005881574450522152, 'mc_samples_train': 2, 'prior_scale': 0.2591948435707256, 'q_scale': 0.000636963617578096, 'batch_size': 32}. Best is trial 54 with value: -49.54961013793945.
Trainer already configured with model summary callbacks: [<class 'lightning.pytorch.callbacks.rich_model_summary.RichModelSummary'>]. Skipping setting a default `ModelSummary` callback.
GPU available: False, used: False
TPU available: False, using: 0 TPU cores
IPU available: False, using: 0 IPUs
HPU available: False, using: 0 HPUs
`Trainer.fit` stopped: `max_epochs=20` reached.
[I 2025-02-25 12:44:29,638] Trial 55 finished with value: -47.559486389160156 and parameters: {'pretrain_epochs': 0, 'lr': 0.00046920795808497797, 'mc_samples_train': 2, 'prior_scale': 0.24889977469572572, 'q_scale': 0.0006548994792766683, 'batch_size': 32}. Best is trial 54 with value: -49.54961013793945.
Trainer already configured with model summary callbacks: [<class 'lightning.pytorch.callbacks.rich_model_summary.RichModelSummary'>]. Skipping setting a default `ModelSummary` callback.
GPU available: False, used: False
TPU available: False, using: 0 TPU cores
IPU available: False, using: 0 IPUs
HPU available: False, using: 0 HPUs
`Trainer.fit` stopped: `max_epochs=20` reached.
[I 2025-02-25 12:48:59,293] Trial 56 finished with value: -44.15993881225586 and parameters: {'pretrain_epochs': 0, 'lr': 0.000479176835878153, 'mc_samples_train': 2, 'prior_scale': 0.2164729112422234, 'q_scale': 0.00016255787458547795, 'batch_size': 32}. Best is trial 54 with value: -49.54961013793945.
Trainer already configured with model summary callbacks: [<class 'lightning.pytorch.callbacks.rich_model_summary.RichModelSummary'>]. Skipping setting a default `ModelSummary` callback.
GPU available: False, used: False
TPU available: False, using: 0 TPU cores
IPU available: False, using: 0 IPUs
HPU available: False, using: 0 HPUs
[I 2025-02-25 12:50:16,098] Trial 57 pruned. Trial was pruned at epoch 4.
Trainer already configured with model summary callbacks: [<class 'lightning.pytorch.callbacks.rich_model_summary.RichModelSummary'>]. Skipping setting a default `ModelSummary` callback.
GPU available: False, used: False
TPU available: False, using: 0 TPU cores
IPU available: False, using: 0 IPUs
HPU available: False, using: 0 HPUs
`Trainer.fit` stopped: `max_epochs=20` reached.
[I 2025-02-25 12:54:49,118] Trial 58 finished with value: -42.6210823059082 and parameters: {'pretrain_epochs': 0, 'lr': 0.0009953935228166127, 'mc_samples_train': 2, 'prior_scale': 0.5217392174673524, 'q_scale': 0.0005408946508854562, 'batch_size': 32}. Best is trial 54 with value: -49.54961013793945.
Trainer already configured with model summary callbacks: [<class 'lightning.pytorch.callbacks.rich_model_summary.RichModelSummary'>]. Skipping setting a default `ModelSummary` callback.
GPU available: False, used: False
TPU available: False, using: 0 TPU cores
IPU available: False, using: 0 IPUs
HPU available: False, using: 0 HPUs
`Trainer.fit` stopped: `max_epochs=20` reached.
[I 2025-02-25 12:57:37,245] Trial 59 finished with value: 129.19342041015625 and parameters: {'pretrain_epochs': 0, 'lr': 0.00033056606661663573, 'mc_samples_train': 1, 'prior_scale': 0.0014818536151051014, 'q_scale': 0.00037168343417977735, 'batch_size': 32}. Best is trial 54 with value: -49.54961013793945.
Trainer already configured with model summary callbacks: [<class 'lightning.pytorch.callbacks.rich_model_summary.RichModelSummary'>]. Skipping setting a default `ModelSummary` callback.
GPU available: False, used: False
TPU available: False, using: 0 TPU cores
IPU available: False, using: 0 IPUs
HPU available: False, using: 0 HPUs
`Trainer.fit` stopped: `max_epochs=20` reached.
[I 2025-02-25 13:00:11,964] Trial 60 finished with value: -51.95450210571289 and parameters: {'pretrain_epochs': 0, 'lr': 0.0002482679089394269, 'mc_samples_train': 2, 'prior_scale': 0.16140767274576168, 'q_scale': 0.0014998028529645947, 'batch_size': 64}. Best is trial 60 with value: -51.95450210571289.
Trainer already configured with model summary callbacks: [<class 'lightning.pytorch.callbacks.rich_model_summary.RichModelSummary'>]. Skipping setting a default `ModelSummary` callback.
GPU available: False, used: False
TPU available: False, using: 0 TPU cores
IPU available: False, using: 0 IPUs
HPU available: False, using: 0 HPUs
`Trainer.fit` stopped: `max_epochs=20` reached.
[I 2025-02-25 13:02:45,197] Trial 61 finished with value: -35.48674011230469 and parameters: {'pretrain_epochs': 0, 'lr': 0.0002516412831975507, 'mc_samples_train': 2, 'prior_scale': 0.2904095841242468, 'q_scale': 0.0014341769538948682, 'batch_size': 64}. Best is trial 60 with value: -51.95450210571289.
Trainer already configured with model summary callbacks: [<class 'lightning.pytorch.callbacks.rich_model_summary.RichModelSummary'>]. Skipping setting a default `ModelSummary` callback.
GPU available: False, used: False
TPU available: False, using: 0 TPU cores
IPU available: False, using: 0 IPUs
HPU available: False, using: 0 HPUs
`Trainer.fit` stopped: `max_epochs=20` reached.
[I 2025-02-25 13:05:18,881] Trial 62 finished with value: -10.74655818939209 and parameters: {'pretrain_epochs': 0, 'lr': 0.00014612039095042477, 'mc_samples_train': 2, 'prior_scale': 0.17364561913386883, 'q_scale': 0.002484450015659679, 'batch_size': 64}. Best is trial 60 with value: -51.95450210571289.
Trainer already configured with model summary callbacks: [<class 'lightning.pytorch.callbacks.rich_model_summary.RichModelSummary'>]. Skipping setting a default `ModelSummary` callback.
GPU available: False, used: False
TPU available: False, using: 0 TPU cores
IPU available: False, using: 0 IPUs
HPU available: False, using: 0 HPUs
`Trainer.fit` stopped: `max_epochs=20` reached.
[I 2025-02-25 13:07:52,516] Trial 63 finished with value: -90.33507537841797 and parameters: {'pretrain_epochs': 0, 'lr': 0.0006112237319911698, 'mc_samples_train': 2, 'prior_scale': 0.22656050867842187, 'q_scale': 0.000444594528183239, 'batch_size': 64}. Best is trial 63 with value: -90.33507537841797.
Trainer already configured with model summary callbacks: [<class 'lightning.pytorch.callbacks.rich_model_summary.RichModelSummary'>]. Skipping setting a default `ModelSummary` callback.
GPU available: False, used: False
TPU available: False, using: 0 TPU cores
IPU available: False, using: 0 IPUs
HPU available: False, using: 0 HPUs
`Trainer.fit` stopped: `max_epochs=20` reached.
[I 2025-02-25 13:10:25,686] Trial 64 finished with value: -69.40507507324219 and parameters: {'pretrain_epochs': 0, 'lr': 0.0005329084989890526, 'mc_samples_train': 2, 'prior_scale': 0.2212667333874839, 'q_scale': 0.000725736714091057, 'batch_size': 64}. Best is trial 63 with value: -90.33507537841797.
Trainer already configured with model summary callbacks: [<class 'lightning.pytorch.callbacks.rich_model_summary.RichModelSummary'>]. Skipping setting a default `ModelSummary` callback.
GPU available: False, used: False
TPU available: False, using: 0 TPU cores
IPU available: False, using: 0 IPUs
HPU available: False, using: 0 HPUs
`Trainer.fit` stopped: `max_epochs=20` reached.
[I 2025-02-25 13:12:56,361] Trial 65 finished with value: -85.56182098388672 and parameters: {'pretrain_epochs': 0, 'lr': 0.0005617342933955713, 'mc_samples_train': 2, 'prior_scale': 0.1446985960420336, 'q_scale': 0.0007371684349194762, 'batch_size': 64}. Best is trial 63 with value: -90.33507537841797.
Trainer already configured with model summary callbacks: [<class 'lightning.pytorch.callbacks.rich_model_summary.RichModelSummary'>]. Skipping setting a default `ModelSummary` callback.
GPU available: False, used: False
TPU available: False, using: 0 TPU cores
IPU available: False, using: 0 IPUs
HPU available: False, using: 0 HPUs
`Trainer.fit` stopped: `max_epochs=20` reached.
[I 2025-02-25 13:15:26,872] Trial 66 finished with value: -57.858943939208984 and parameters: {'pretrain_epochs': 0, 'lr': 0.00031266853636797304, 'mc_samples_train': 2, 'prior_scale': 0.10319184201525437, 'q_scale': 0.0007439341763389912, 'batch_size': 64}. Best is trial 63 with value: -90.33507537841797.
Trainer already configured with model summary callbacks: [<class 'lightning.pytorch.callbacks.rich_model_summary.RichModelSummary'>]. Skipping setting a default `ModelSummary` callback.
GPU available: False, used: False
TPU available: False, using: 0 TPU cores
IPU available: False, using: 0 IPUs
HPU available: False, using: 0 HPUs
`Trainer.fit` stopped: `max_epochs=20` reached.
[I 2025-02-25 13:17:57,293] Trial 67 finished with value: -67.51888275146484 and parameters: {'pretrain_epochs': 0, 'lr': 0.00032233941289796955, 'mc_samples_train': 2, 'prior_scale': 0.10327493848803794, 'q_scale': 0.00045368614665782187, 'batch_size': 64}. Best is trial 63 with value: -90.33507537841797.
Trainer already configured with model summary callbacks: [<class 'lightning.pytorch.callbacks.rich_model_summary.RichModelSummary'>]. Skipping setting a default `ModelSummary` callback.
GPU available: False, used: False
TPU available: False, using: 0 TPU cores
IPU available: False, using: 0 IPUs
HPU available: False, using: 0 HPUs
`Trainer.fit` stopped: `max_epochs=20` reached.
[I 2025-02-25 13:20:30,070] Trial 68 finished with value: -60.81745910644531 and parameters: {'pretrain_epochs': 0, 'lr': 0.00023116626974829078, 'mc_samples_train': 2, 'prior_scale': 0.10684746225783721, 'q_scale': 0.0007301264915899488, 'batch_size': 64}. Best is trial 63 with value: -90.33507537841797.
Trainer already configured with model summary callbacks: [<class 'lightning.pytorch.callbacks.rich_model_summary.RichModelSummary'>]. Skipping setting a default `ModelSummary` callback.
GPU available: False, used: False
TPU available: False, using: 0 TPU cores
IPU available: False, using: 0 IPUs
HPU available: False, using: 0 HPUs
`Trainer.fit` stopped: `max_epochs=20` reached.
[I 2025-02-25 13:23:05,120] Trial 69 finished with value: -48.662010192871094 and parameters: {'pretrain_epochs': 0, 'lr': 0.00020338036945597227, 'mc_samples_train': 2, 'prior_scale': 0.06696831950609647, 'q_scale': 0.00041367237001281213, 'batch_size': 64}. Best is trial 63 with value: -90.33507537841797.
Trainer already configured with model summary callbacks: [<class 'lightning.pytorch.callbacks.rich_model_summary.RichModelSummary'>]. Skipping setting a default `ModelSummary` callback.
GPU available: False, used: False
TPU available: False, using: 0 TPU cores
IPU available: False, using: 0 IPUs
HPU available: False, using: 0 HPUs
[I 2025-02-25 13:24:39,059] Trial 70 pruned. Trial was pruned at epoch 11.
Trainer already configured with model summary callbacks: [<class 'lightning.pytorch.callbacks.rich_model_summary.RichModelSummary'>]. Skipping setting a default `ModelSummary` callback.
GPU available: False, used: False
TPU available: False, using: 0 TPU cores
IPU available: False, using: 0 IPUs
HPU available: False, using: 0 HPUs
`Trainer.fit` stopped: `max_epochs=20` reached.
