[I 2025-02-24 16:42:30,609] Trial 16 finished with value: -20.626298904418945 and parameters: {'pretrain_epochs': 0, 'lr': 0.0009485885170359142, 'mc_samples_train': 2, 'prior_scale': 0.050760342213256066, 'q_scale': 0.0005478446090810961, 'batch_size': 64}. Best is trial 16 with value: -20.626298904418945.
Trainer already configured with model summary callbacks: [<class 'lightning.pytorch.callbacks.rich_model_summary.RichModelSummary'>]. Skipping setting a default `ModelSummary` callback.
GPU available: False, used: False
TPU available: False, using: 0 TPU cores
IPU available: False, using: 0 IPUs
HPU available: False, using: 0 HPUs
`Trainer.fit` stopped: `max_epochs=20` reached.
[I 2025-02-24 16:43:20,426] Trial 8 finished with value: 425.2478332519531 and parameters: {'pretrain_epochs': 0, 'lr': 7.478015213333154e-05, 'mc_samples_train': 2, 'prior_scale': 0.07537199486913888, 'q_scale': 0.0666791815288874, 'batch_size': 128}. Best is trial 7 with value: 123.37533569335938.
`Trainer.fit` stopped: `max_epochs=20` reached.
[I 2025-02-24 16:43:26,677] Trial 17 finished with value: 51.91472625732422 and parameters: {'pretrain_epochs': 0, 'lr': 0.0005082091555483537, 'mc_samples_train': 2, 'prior_scale': 0.36097912828529327, 'q_scale': 0.0006411550999815748, 'batch_size': 64}. Best is trial 16 with value: -20.626298904418945.
Trainer already configured with model summary callbacks: [<class 'lightning.pytorch.callbacks.rich_model_summary.RichModelSummary'>]. Skipping setting a default `ModelSummary` callback.
GPU available: False, used: False
TPU available: False, using: 0 TPU cores
IPU available: False, using: 0 IPUs
HPU available: False, using: 0 HPUs
Trainer already configured with model summary callbacks: [<class 'lightning.pytorch.callbacks.rich_model_summary.RichModelSummary'>]. Skipping setting a default `ModelSummary` callback.
GPU available: False, used: False
TPU available: False, using: 0 TPU cores
IPU available: False, using: 0 IPUs
HPU available: False, using: 0 HPUs
`Trainer.fit` stopped: `max_epochs=20` reached.
[I 2025-02-24 16:44:29,978] Trial 18 finished with value: 282.3091735839844 and parameters: {'pretrain_epochs': 0, 'lr': 0.0001350612004156431, 'mc_samples_train': 2, 'prior_scale': 0.04479669818096754, 'q_scale': 0.00162577924453938, 'batch_size': 64}. Best is trial 16 with value: -20.626298904418945.
Trainer already configured with model summary callbacks: [<class 'lightning.pytorch.callbacks.rich_model_summary.RichModelSummary'>]. Skipping setting a default `ModelSummary` callback.
GPU available: False, used: False
TPU available: False, using: 0 TPU cores
IPU available: False, using: 0 IPUs
HPU available: False, using: 0 HPUs
`Trainer.fit` stopped: `max_epochs=20` reached.
[I 2025-02-24 16:44:43,444] Trial 9 finished with value: 438.2763977050781 and parameters: {'pretrain_epochs': 0, 'lr': 2.01904291186572e-05, 'mc_samples_train': 1, 'prior_scale': 0.714967484470097, 'q_scale': 0.00834519932080496, 'batch_size': 128}. Best is trial 7 with value: 123.37533569335938.
Trainer already configured with model summary callbacks: [<class 'lightning.pytorch.callbacks.rich_model_summary.RichModelSummary'>]. Skipping setting a default `ModelSummary` callback.
GPU available: False, used: False
TPU available: False, using: 0 TPU cores
IPU available: False, using: 0 IPUs
HPU available: False, using: 0 HPUs
`Trainer.fit` stopped: `max_epochs=20` reached.
[I 2025-02-24 16:45:25,557] Trial 19 finished with value: 85.81464385986328 and parameters: {'pretrain_epochs': 0, 'lr': 0.0005632231128261526, 'mc_samples_train': 2, 'prior_scale': 0.03718801483781791, 'q_scale': 0.0002942702531995975, 'batch_size': 64}. Best is trial 16 with value: -20.626298904418945.
Trainer already configured with model summary callbacks: [<class 'lightning.pytorch.callbacks.rich_model_summary.RichModelSummary'>]. Skipping setting a default `ModelSummary` callback.
GPU available: False, used: False
TPU available: False, using: 0 TPU cores
IPU available: False, using: 0 IPUs
HPU available: False, using: 0 HPUs
`Trainer.fit` stopped: `max_epochs=20` reached.
[I 2025-02-24 16:45:50,795] Trial 20 finished with value: 593.814453125 and parameters: {'pretrain_epochs': 0, 'lr': 0.0006574375848469725, 'mc_samples_train': 2, 'prior_scale': 0.0688834918800732, 'q_scale': 0.005383502861555352, 'batch_size': 512}. Best is trial 16 with value: -20.626298904418945.
Trainer already configured with model summary callbacks: [<class 'lightning.pytorch.callbacks.rich_model_summary.RichModelSummary'>]. Skipping setting a default `ModelSummary` callback.
GPU available: False, used: False
TPU available: False, using: 0 TPU cores
IPU available: False, using: 0 IPUs
HPU available: False, using: 0 HPUs
`Trainer.fit` stopped: `max_epochs=20` reached.
[I 2025-02-24 16:46:47,975] Trial 21 finished with value: 14.514535903930664 and parameters: {'pretrain_epochs': 0, 'lr': 0.0009674822215525922, 'mc_samples_train': 2, 'prior_scale': 0.028447825080262935, 'q_scale': 0.0004765721941975227, 'batch_size': 64}. Best is trial 16 with value: -20.626298904418945.
Trainer already configured with model summary callbacks: [<class 'lightning.pytorch.callbacks.rich_model_summary.RichModelSummary'>]. Skipping setting a default `ModelSummary` callback.
GPU available: False, used: False
TPU available: False, using: 0 TPU cores
IPU available: False, using: 0 IPUs
HPU available: False, using: 0 HPUs
`Trainer.fit` stopped: `max_epochs=20` reached.
[I 2025-02-24 16:47:37,874] Trial 22 finished with value: 203.214599609375 and parameters: {'pretrain_epochs': 0, 'lr': 0.00038903540548520176, 'mc_samples_train': 2, 'prior_scale': 0.025097966623569633, 'q_scale': 0.00033550995264756994, 'batch_size': 64}. Best is trial 16 with value: -20.626298904418945.
Trainer already configured with model summary callbacks: [<class 'lightning.pytorch.callbacks.rich_model_summary.RichModelSummary'>]. Skipping setting a default `ModelSummary` callback.
GPU available: False, used: False
TPU available: False, using: 0 TPU cores
IPU available: False, using: 0 IPUs
HPU available: False, using: 0 HPUs
`Trainer.fit` stopped: `max_epochs=20` reached.
[I 2025-02-24 16:48:29,039] Trial 23 finished with value: 22.206480026245117 and parameters: {'pretrain_epochs': 0, 'lr': 0.0007535961514594533, 'mc_samples_train': 2, 'prior_scale': 0.026883396378969467, 'q_scale': 0.0012581973353670143, 'batch_size': 64}. Best is trial 16 with value: -20.626298904418945.
Trainer already configured with model summary callbacks: [<class 'lightning.pytorch.callbacks.rich_model_summary.RichModelSummary'>]. Skipping setting a default `ModelSummary` callback.
GPU available: False, used: False
TPU available: False, using: 0 TPU cores
IPU available: False, using: 0 IPUs
HPU available: False, using: 0 HPUs
`Trainer.fit` stopped: `max_epochs=20` reached.
[I 2025-02-24 16:48:57,112] Trial 24 finished with value: 596.397216796875 and parameters: {'pretrain_epochs': 0, 'lr': 0.0003558250160840399, 'mc_samples_train': 2, 'prior_scale': 0.006209310061318424, 'q_scale': 0.0003801340996352811, 'batch_size': 256}. Best is trial 16 with value: -20.626298904418945.
Trainer already configured with model summary callbacks: [<class 'lightning.pytorch.callbacks.rich_model_summary.RichModelSummary'>]. Skipping setting a default `ModelSummary` callback.
GPU available: False, used: False
TPU available: False, using: 0 TPU cores
IPU available: False, using: 0 IPUs
HPU available: False, using: 0 HPUs
`Trainer.fit` stopped: `max_epochs=20` reached.
[I 2025-02-24 16:49:48,686] Trial 25 finished with value: 259.7329406738281 and parameters: {'pretrain_epochs': 0, 'lr': 0.0001918736794283924, 'mc_samples_train': 2, 'prior_scale': 0.16500300882824115, 'q_scale': 0.001767415258466624, 'batch_size': 64}. Best is trial 16 with value: -20.626298904418945.
Trainer already configured with model summary callbacks: [<class 'lightning.pytorch.callbacks.rich_model_summary.RichModelSummary'>]. Skipping setting a default `ModelSummary` callback.
GPU available: False, used: False
TPU available: False, using: 0 TPU cores
IPU available: False, using: 0 IPUs
HPU available: False, using: 0 HPUs
`Trainer.fit` stopped: `max_epochs=20` reached.
[I 2025-02-24 16:50:37,901] Trial 26 finished with value: 3.471277952194214 and parameters: {'pretrain_epochs': 0, 'lr': 0.0008219238268640003, 'mc_samples_train': 2, 'prior_scale': 0.0701219661498586, 'q_scale': 0.00022317390945526404, 'batch_size': 64}. Best is trial 16 with value: -20.626298904418945.
`Trainer.fit` stopped: `max_epochs=20` reached.
[I 2025-02-24 16:50:43,875] Trial 10 finished with value: -16.51980209350586 and parameters: {'pretrain_epochs': 0, 'lr': 0.0002686321798731397, 'mc_samples_train': 2, 'prior_scale': 0.01116798829495977, 'q_scale': 0.00013611901663306908, 'batch_size': 32}. Best is trial 10 with value: -16.51980209350586.
Trainer already configured with model summary callbacks: [<class 'lightning.pytorch.callbacks.rich_model_summary.RichModelSummary'>]. Skipping setting a default `ModelSummary` callback.
GPU available: False, used: False
TPU available: False, using: 0 TPU cores
IPU available: False, using: 0 IPUs
HPU available: False, using: 0 HPUs
Trainer already configured with model summary callbacks: [<class 'lightning.pytorch.callbacks.rich_model_summary.RichModelSummary'>]. Skipping setting a default `ModelSummary` callback.
GPU available: False, used: False
TPU available: False, using: 0 TPU cores
IPU available: False, using: 0 IPUs
HPU available: False, using: 0 HPUs
`Trainer.fit` stopped: `max_epochs=20` reached.
[I 2025-02-24 16:51:29,188] Trial 27 finished with value: 135.48362731933594 and parameters: {'pretrain_epochs': 0, 'lr': 0.0004385283241074326, 'mc_samples_train': 2, 'prior_scale': 0.3101187669774712, 'q_scale': 0.00021254299046878652, 'batch_size': 64}. Best is trial 16 with value: -20.626298904418945.
Trainer already configured with model summary callbacks: [<class 'lightning.pytorch.callbacks.rich_model_summary.RichModelSummary'>]. Skipping setting a default `ModelSummary` callback.
GPU available: False, used: False
TPU available: False, using: 0 TPU cores
IPU available: False, using: 0 IPUs
HPU available: False, using: 0 HPUs
`Trainer.fit` stopped: `max_epochs=20` reached.
[I 2025-02-24 16:52:20,770] Trial 28 finished with value: -21.971128463745117 and parameters: {'pretrain_epochs': 0, 'lr': 0.000724443730204724, 'mc_samples_train': 2, 'prior_scale': 0.5368203639253165, 'q_scale': 0.0009958342281810118, 'batch_size': 64}. Best is trial 28 with value: -21.971128463745117.
Trainer already configured with model summary callbacks: [<class 'lightning.pytorch.callbacks.rich_model_summary.RichModelSummary'>]. Skipping setting a default `ModelSummary` callback.
GPU available: False, used: False
TPU available: False, using: 0 TPU cores
IPU available: False, using: 0 IPUs
HPU available: False, using: 0 HPUs
`Trainer.fit` stopped: `max_epochs=20` reached.
[I 2025-02-24 16:52:48,351] Trial 29 finished with value: 418.0316162109375 and parameters: {'pretrain_epochs': 0, 'lr': 0.0006881081423441657, 'mc_samples_train': 2, 'prior_scale': 0.6670023417651386, 'q_scale': 0.0008731294528918791, 'batch_size': 256}. Best is trial 28 with value: -21.971128463745117.
Trainer already configured with model summary callbacks: [<class 'lightning.pytorch.callbacks.rich_model_summary.RichModelSummary'>]. Skipping setting a default `ModelSummary` callback.
GPU available: False, used: False
TPU available: False, using: 0 TPU cores
IPU available: False, using: 0 IPUs
HPU available: False, using: 0 HPUs
[I 2025-02-24 16:53:01,698] Trial 30 pruned. Trial was pruned at epoch 3.
Trainer already configured with model summary callbacks: [<class 'lightning.pytorch.callbacks.rich_model_summary.RichModelSummary'>]. Skipping setting a default `ModelSummary` callback.
GPU available: False, used: False
TPU available: False, using: 0 TPU cores
IPU available: False, using: 0 IPUs
HPU available: False, using: 0 HPUs
`Trainer.fit` stopped: `max_epochs=20` reached.
[I 2025-02-24 16:53:49,088] Trial 31 finished with value: 1.532729983329773 and parameters: {'pretrain_epochs': 0, 'lr': 0.0007504380924840447, 'mc_samples_train': 2, 'prior_scale': 0.07302603787832612, 'q_scale': 0.00019768362488607863, 'batch_size': 64}. Best is trial 28 with value: -21.971128463745117.
Trainer already configured with model summary callbacks: [<class 'lightning.pytorch.callbacks.rich_model_summary.RichModelSummary'>]. Skipping setting a default `ModelSummary` callback.
GPU available: False, used: False
TPU available: False, using: 0 TPU cores
IPU available: False, using: 0 IPUs
HPU available: False, using: 0 HPUs
`Trainer.fit` stopped: `max_epochs=20` reached.
[I 2025-02-24 16:54:39,291] Trial 32 finished with value: -6.535558700561523 and parameters: {'pretrain_epochs': 0, 'lr': 0.0007487513495989997, 'mc_samples_train': 2, 'prior_scale': 0.1958565775631171, 'q_scale': 0.00020168380272309736, 'batch_size': 64}. Best is trial 28 with value: -21.971128463745117.
Trainer already configured with model summary callbacks: [<class 'lightning.pytorch.callbacks.rich_model_summary.RichModelSummary'>]. Skipping setting a default `ModelSummary` callback.
GPU available: False, used: False
TPU available: False, using: 0 TPU cores
IPU available: False, using: 0 IPUs
HPU available: False, using: 0 HPUs
`Trainer.fit` stopped: `max_epochs=20` reached.
[I 2025-02-24 16:55:30,442] Trial 33 finished with value: 19.887197494506836 and parameters: {'pretrain_epochs': 0, 'lr': 0.0006344273141515181, 'mc_samples_train': 2, 'prior_scale': 0.23774077646075986, 'q_scale': 0.002869432117032144, 'batch_size': 64}. Best is trial 28 with value: -21.971128463745117.
Trainer already configured with model summary callbacks: [<class 'lightning.pytorch.callbacks.rich_model_summary.RichModelSummary'>]. Skipping setting a default `ModelSummary` callback.
GPU available: False, used: False
TPU available: False, using: 0 TPU cores
IPU available: False, using: 0 IPUs
HPU available: False, using: 0 HPUs
`Trainer.fit` stopped: `max_epochs=20` reached.
[I 2025-02-24 16:55:48,521] Trial 11 finished with value: -30.28417205810547 and parameters: {'pretrain_epochs': 0, 'lr': 0.0002668116545003139, 'mc_samples_train': 2, 'prior_scale': 0.015791568646716513, 'q_scale': 0.00013400032806480455, 'batch_size': 32}. Best is trial 11 with value: -30.28417205810547.
`Trainer.fit` stopped: `max_epochs=20` reached.
[I 2025-02-24 16:55:56,211] Trial 34 finished with value: 576.2787475585938 and parameters: {'pretrain_epochs': 0, 'lr': 0.00046322689176454547, 'mc_samples_train': 2, 'prior_scale': 0.14366689658702228, 'q_scale': 0.00020489167173149444, 'batch_size': 256}. Best is trial 28 with value: -21.971128463745117.
Trainer already configured with model summary callbacks: [<class 'lightning.pytorch.callbacks.rich_model_summary.RichModelSummary'>]. Skipping setting a default `ModelSummary` callback.
GPU available: False, used: False
TPU available: False, using: 0 TPU cores
IPU available: False, using: 0 IPUs
HPU available: False, using: 0 HPUs
Trainer already configured with model summary callbacks: [<class 'lightning.pytorch.callbacks.rich_model_summary.RichModelSummary'>]. Skipping setting a default `ModelSummary` callback.
GPU available: False, used: False
TPU available: False, using: 0 TPU cores
IPU available: False, using: 0 IPUs
HPU available: False, using: 0 HPUs
`Trainer.fit` stopped: `max_epochs=20` reached.
[I 2025-02-24 16:56:45,546] Trial 35 finished with value: 161.79745483398438 and parameters: {'pretrain_epochs': 0, 'lr': 0.0003543464729623235, 'mc_samples_train': 2, 'prior_scale': 0.19797991285980732, 'q_scale': 0.0009701445897562239, 'batch_size': 64}. Best is trial 28 with value: -21.971128463745117.
Trainer already configured with model summary callbacks: [<class 'lightning.pytorch.callbacks.rich_model_summary.RichModelSummary'>]. Skipping setting a default `ModelSummary` callback.
GPU available: False, used: False
TPU available: False, using: 0 TPU cores
IPU available: False, using: 0 IPUs
HPU available: False, using: 0 HPUs
`Trainer.fit` stopped: `max_epochs=20` reached.
[I 2025-02-24 16:57:04,326] Trial 36 finished with value: 505.42437744140625 and parameters: {'pretrain_epochs': 0, 'lr': 0.0007432127200109299, 'mc_samples_train': 1, 'prior_scale': 0.9136614367319559, 'q_scale': 0.002498921993623579, 'batch_size': 512}. Best is trial 28 with value: -21.971128463745117.
Trainer already configured with model summary callbacks: [<class 'lightning.pytorch.callbacks.rich_model_summary.RichModelSummary'>]. Skipping setting a default `ModelSummary` callback.
GPU available: False, used: False
TPU available: False, using: 0 TPU cores
IPU available: False, using: 0 IPUs
HPU available: False, using: 0 HPUs
[I 2025-02-24 16:57:26,705] Trial 37 pruned. Trial was pruned at epoch 5.
Trainer already configured with model summary callbacks: [<class 'lightning.pytorch.callbacks.rich_model_summary.RichModelSummary'>]. Skipping setting a default `ModelSummary` callback.
GPU available: False, used: False
TPU available: False, using: 0 TPU cores
IPU available: False, using: 0 IPUs
HPU available: False, using: 0 HPUs
[I 2025-02-24 16:57:48,938] Trial 38 pruned. Trial was pruned at epoch 9.
Trainer already configured with model summary callbacks: [<class 'lightning.pytorch.callbacks.rich_model_summary.RichModelSummary'>]. Skipping setting a default `ModelSummary` callback.
GPU available: False, used: False
TPU available: False, using: 0 TPU cores
IPU available: False, using: 0 IPUs
HPU available: False, using: 0 HPUs
[I 2025-02-24 16:58:15,529] Trial 39 pruned. Trial was pruned at epoch 7.
Trainer already configured with model summary callbacks: [<class 'lightning.pytorch.callbacks.rich_model_summary.RichModelSummary'>]. Skipping setting a default `ModelSummary` callback.
GPU available: False, used: False
TPU available: False, using: 0 TPU cores
IPU available: False, using: 0 IPUs
HPU available: False, using: 0 HPUs
`Trainer.fit` stopped: `max_epochs=20` reached.
[I 2025-02-24 16:58:35,716] Trial 40 finished with value: 600.3446655273438 and parameters: {'pretrain_epochs': 0, 'lr': 0.00020652522290167825, 'mc_samples_train': 1, 'prior_scale': 0.12901340461166597, 'q_scale': 0.0001975015724074028, 'batch_size': 256}. Best is trial 28 with value: -21.971128463745117.
Trainer already configured with model summary callbacks: [<class 'lightning.pytorch.callbacks.rich_model_summary.RichModelSummary'>]. Skipping setting a default `ModelSummary` callback.
GPU available: False, used: False
TPU available: False, using: 0 TPU cores
IPU available: False, using: 0 IPUs
HPU available: False, using: 0 HPUs
`Trainer.fit` stopped: `max_epochs=20` reached.
[I 2025-02-24 16:59:27,286] Trial 41 finished with value: 12.754474639892578 and parameters: {'pretrain_epochs': 0, 'lr': 0.0008001623841521837, 'mc_samples_train': 2, 'prior_scale': 0.06455459535288349, 'q_scale': 0.00024170895358512567, 'batch_size': 64}. Best is trial 28 with value: -21.971128463745117.
Trainer already configured with model summary callbacks: [<class 'lightning.pytorch.callbacks.rich_model_summary.RichModelSummary'>]. Skipping setting a default `ModelSummary` callback.
GPU available: False, used: False
TPU available: False, using: 0 TPU cores
IPU available: False, using: 0 IPUs
HPU available: False, using: 0 HPUs
`Trainer.fit` stopped: `max_epochs=20` reached.
[I 2025-02-24 17:00:19,797] Trial 42 finished with value: -8.537113189697266 and parameters: {'pretrain_epochs': 0, 'lr': 0.0008067100945477406, 'mc_samples_train': 2, 'prior_scale': 0.05615254688031494, 'q_scale': 0.00018565455630260784, 'batch_size': 64}. Best is trial 28 with value: -21.971128463745117.
Trainer already configured with model summary callbacks: [<class 'lightning.pytorch.callbacks.rich_model_summary.RichModelSummary'>]. Skipping setting a default `ModelSummary` callback.
GPU available: False, used: False
TPU available: False, using: 0 TPU cores
IPU available: False, using: 0 IPUs
HPU available: False, using: 0 HPUs
`Trainer.fit` stopped: `max_epochs=20` reached.
[I 2025-02-24 17:00:53,241] Trial 12 finished with value: -25.458221435546875 and parameters: {'pretrain_epochs': 0, 'lr': 0.0001741204381065012, 'mc_samples_train': 2, 'prior_scale': 0.01578701912640358, 'q_scale': 0.00010569299297450266, 'batch_size': 32}. Best is trial 11 with value: -30.28417205810547.
Trainer already configured with model summary callbacks: [<class 'lightning.pytorch.callbacks.rich_model_summary.RichModelSummary'>]. Skipping setting a default `ModelSummary` callback.
GPU available: False, used: False
TPU available: False, using: 0 TPU cores
IPU available: False, using: 0 IPUs
HPU available: False, using: 0 HPUs
`Trainer.fit` stopped: `max_epochs=20` reached.
[I 2025-02-24 17:01:10,902] Trial 43 finished with value: 76.92039489746094 and parameters: {'pretrain_epochs': 0, 'lr': 0.0005820610644418714, 'mc_samples_train': 2, 'prior_scale': 0.1077996955687841, 'q_scale': 0.00015351435165738284, 'batch_size': 64}. Best is trial 28 with value: -21.971128463745117.
Trainer already configured with model summary callbacks: [<class 'lightning.pytorch.callbacks.rich_model_summary.RichModelSummary'>]. Skipping setting a default `ModelSummary` callback.
GPU available: False, used: False
TPU available: False, using: 0 TPU cores
IPU available: False, using: 0 IPUs
HPU available: False, using: 0 HPUs
`Trainer.fit` stopped: `max_epochs=20` reached.
