/home/g15farris/.conda/envs/bnn/lib/python3.12/site-packages/hydra/_internal/instantiate/_instantiate2.py:92: ExperimentalWarning: PatientPruner is experimental (supported from v2.8.0). The interface can change in the future.
  return _target_(*args, **kwargs)
/home/g15farris/.conda/envs/bnn/lib/python3.12/site-packages/hydra/_internal/instantiate/_instantiate2.py:92: ExperimentalWarning: PatientPruner is experimental (supported from v2.8.0). The interface can change in the future.
  return _target_(*args, **kwargs)
[I 2025-02-24 16:30:18,275] A new study created in RDB with name: lrt_100perc
[I 2025-02-24 16:30:18,281] A new study created in RDB with name: lrt_20perc
Trainer already configured with model summary callbacks: [<class 'lightning.pytorch.callbacks.rich_model_summary.RichModelSummary'>]. Skipping setting a default `ModelSummary` callback.
Trainer already configured with model summary callbacks: [<class 'lightning.pytorch.callbacks.rich_model_summary.RichModelSummary'>]. Skipping setting a default `ModelSummary` callback.
GPU available: False, used: False
GPU available: False, used: False
TPU available: False, using: 0 TPU cores
IPU available: False, using: 0 IPUs
HPU available: False, using: 0 HPUs
TPU available: False, using: 0 TPU cores
IPU available: False, using: 0 IPUs
HPU available: False, using: 0 HPUs
/home/g15farris/.conda/envs/bnn/lib/python3.12/site-packages/lightning/pytorch/core/optimizer.py:181: `LightningModule.configure_optimizers` returned `None`, this fit will run with no optimizer
/home/g15farris/.conda/envs/bnn/lib/python3.12/site-packages/lightning/pytorch/core/optimizer.py:181: `LightningModule.configure_optimizers` returned `None`, this fit will run with no optimizer
/home/g15farris/.conda/envs/bnn/lib/python3.12/site-packages/lightning/pytorch/loops/fit_loop.py:298: The number of training batches (5) is smaller than the logging interval Trainer(log_every_n_steps=50). Set a lower value for log_every_n_steps if you want to see logs for the training epoch.
/home/g15farris/.conda/envs/bnn/lib/python3.12/site-packages/lightning/pytorch/loops/fit_loop.py:298: The number of training batches (25) is smaller than the logging interval Trainer(log_every_n_steps=50). Set a lower value for log_every_n_steps if you want to see logs for the training epoch.
/home/g15farris/.conda/envs/bnn/lib/python3.12/site-packages/tyxe/likelihoods.py:203: UserWarning: var(): degrees of freedom is <= 0. Correction should be strictly less than the reduction factor (input numel divided by output numel). (Triggered internally at ../aten/src/ATen/native/ReduceOps.cpp:1807.)
  agg_scale = precision.reciprocal().mean(dim).add(loc.var(dim)).sqrt()
/home/g15farris/.conda/envs/bnn/lib/python3.12/site-packages/lightning/pytorch/loops/optimization/automatic.py:132: `training_step` returned `None`. If this was on purpose, ignore this warning...
/home/g15farris/.conda/envs/bnn/lib/python3.12/site-packages/tyxe/likelihoods.py:203: UserWarning: var(): degrees of freedom is <= 0. Correction should be strictly less than the reduction factor (input numel divided by output numel). (Triggered internally at ../aten/src/ATen/native/ReduceOps.cpp:1807.)
  agg_scale = precision.reciprocal().mean(dim).add(loc.var(dim)).sqrt()
/home/g15farris/.conda/envs/bnn/lib/python3.12/site-packages/lightning/pytorch/loops/optimization/automatic.py:132: `training_step` returned `None`. If this was on purpose, ignore this warning...
`Trainer.fit` stopped: `max_epochs=20` reached.
[I 2025-02-24 16:30:46,123] Trial 0 finished with value: 660.906005859375 and parameters: {'pretrain_epochs': 0, 'lr': 2.4156772025296228e-05, 'mc_samples_train': 1, 'prior_scale': 0.22702608040701588, 'q_scale': 0.13179630432958683, 'batch_size': 256}. Best is trial 0 with value: 660.906005859375.
Trainer already configured with model summary callbacks: [<class 'lightning.pytorch.callbacks.rich_model_summary.RichModelSummary'>]. Skipping setting a default `ModelSummary` callback.
GPU available: False, used: False
TPU available: False, using: 0 TPU cores
IPU available: False, using: 0 IPUs
HPU available: False, using: 0 HPUs
/home/g15farris/.conda/envs/bnn/lib/python3.12/site-packages/lightning/pytorch/loops/fit_loop.py:298: The number of training batches (2) is smaller than the logging interval Trainer(log_every_n_steps=50). Set a lower value for log_every_n_steps if you want to see logs for the training epoch.
`Trainer.fit` stopped: `max_epochs=20` reached.
[I 2025-02-24 16:31:09,317] Trial 1 finished with value: 617.3781127929688 and parameters: {'pretrain_epochs': 0, 'lr': 5.195586024325663e-05, 'mc_samples_train': 2, 'prior_scale': 0.1374377640063412, 'q_scale': 0.0030269344709026166, 'batch_size': 512}. Best is trial 1 with value: 617.3781127929688.
`Trainer.fit` stopped: `max_epochs=20` reached.
[I 2025-02-24 16:31:10,702] Trial 0 finished with value: 986.4046630859375 and parameters: {'pretrain_epochs': 0, 'lr': 2.4156772025296228e-05, 'mc_samples_train': 1, 'prior_scale': 0.22702608040701588, 'q_scale': 0.13179630432958683, 'batch_size': 256}. Best is trial 0 with value: 986.4046630859375.
Trainer already configured with model summary callbacks: [<class 'lightning.pytorch.callbacks.rich_model_summary.RichModelSummary'>]. Skipping setting a default `ModelSummary` callback.
GPU available: False, used: False
TPU available: False, using: 0 TPU cores
IPU available: False, using: 0 IPUs
HPU available: False, using: 0 HPUs
/home/g15farris/.conda/envs/bnn/lib/python3.12/site-packages/lightning/pytorch/loops/fit_loop.py:298: The number of training batches (10) is smaller than the logging interval Trainer(log_every_n_steps=50). Set a lower value for log_every_n_steps if you want to see logs for the training epoch.
Trainer already configured with model summary callbacks: [<class 'lightning.pytorch.callbacks.rich_model_summary.RichModelSummary'>]. Skipping setting a default `ModelSummary` callback.
GPU available: False, used: False
TPU available: False, using: 0 TPU cores
IPU available: False, using: 0 IPUs
HPU available: False, using: 0 HPUs
/home/g15farris/.conda/envs/bnn/lib/python3.12/site-packages/lightning/pytorch/loops/fit_loop.py:298: The number of training batches (12) is smaller than the logging interval Trainer(log_every_n_steps=50). Set a lower value for log_every_n_steps if you want to see logs for the training epoch.
`Trainer.fit` stopped: `max_epochs=20` reached.
[I 2025-02-24 16:31:34,122] Trial 2 finished with value: 4258.849609375 and parameters: {'pretrain_epochs': 0, 'lr': 5.367498945698204e-05, 'mc_samples_train': 1, 'prior_scale': 0.012778268753495938, 'q_scale': 0.540207249341968, 'batch_size': 128}. Best is trial 1 with value: 617.3781127929688.
Trainer already configured with model summary callbacks: [<class 'lightning.pytorch.callbacks.rich_model_summary.RichModelSummary'>]. Skipping setting a default `ModelSummary` callback.
GPU available: False, used: False
TPU available: False, using: 0 TPU cores
IPU available: False, using: 0 IPUs
HPU available: False, using: 0 HPUs
`Trainer.fit` stopped: `max_epochs=20` reached.
[I 2025-02-24 16:32:08,332] Trial 3 finished with value: 1070.847900390625 and parameters: {'pretrain_epochs': 0, 'lr': 0.0005473369642905611, 'mc_samples_train': 2, 'prior_scale': 0.002699606552195955, 'q_scale': 0.06562115716452717, 'batch_size': 128}. Best is trial 1 with value: 617.3781127929688.
`Trainer.fit` stopped: `max_epochs=20` reached.
[I 2025-02-24 16:32:09,351] Trial 1 finished with value: 3103.0 and parameters: {'pretrain_epochs': 0, 'lr': 5.195586024325663e-05, 'mc_samples_train': 2, 'prior_scale': 0.1374377640063412, 'q_scale': 0.0030269344709026166, 'batch_size': 512}. Best is trial 0 with value: 986.4046630859375.
Trainer already configured with model summary callbacks: [<class 'lightning.pytorch.callbacks.rich_model_summary.RichModelSummary'>]. Skipping setting a default `ModelSummary` callback.
GPU available: False, used: False
TPU available: False, using: 0 TPU cores
IPU available: False, using: 0 IPUs
HPU available: False, using: 0 HPUs
Trainer already configured with model summary callbacks: [<class 'lightning.pytorch.callbacks.rich_model_summary.RichModelSummary'>]. Skipping setting a default `ModelSummary` callback.
GPU available: False, used: False
TPU available: False, using: 0 TPU cores
IPU available: False, using: 0 IPUs
HPU available: False, using: 0 HPUs
/home/g15farris/.conda/envs/bnn/lib/python3.12/site-packages/lightning/pytorch/loops/fit_loop.py:298: The number of training batches (49) is smaller than the logging interval Trainer(log_every_n_steps=50). Set a lower value for log_every_n_steps if you want to see logs for the training epoch.
`Trainer.fit` stopped: `max_epochs=20` reached.
[I 2025-02-24 16:32:33,269] Trial 4 finished with value: 612.0908203125 and parameters: {'pretrain_epochs': 0, 'lr': 1.3170990774640101e-05, 'mc_samples_train': 1, 'prior_scale': 0.10583829396911469, 'q_scale': 0.023905570899706415, 'batch_size': 128}. Best is trial 4 with value: 612.0908203125.
Trainer already configured with model summary callbacks: [<class 'lightning.pytorch.callbacks.rich_model_summary.RichModelSummary'>]. Skipping setting a default `ModelSummary` callback.
GPU available: False, used: False
TPU available: False, using: 0 TPU cores
IPU available: False, using: 0 IPUs
HPU available: False, using: 0 HPUs
[I 2025-02-24 16:32:46,535] Trial 5 pruned. Trial was pruned at epoch 3.
Trainer already configured with model summary callbacks: [<class 'lightning.pytorch.callbacks.rich_model_summary.RichModelSummary'>]. Skipping setting a default `ModelSummary` callback.
GPU available: False, used: False
TPU available: False, using: 0 TPU cores
IPU available: False, using: 0 IPUs
HPU available: False, using: 0 HPUs
`Trainer.fit` stopped: `max_epochs=20` reached.
[I 2025-02-24 16:33:13,373] Trial 6 finished with value: 606.154052734375 and parameters: {'pretrain_epochs': 0, 'lr': 3.71964865643354e-05, 'mc_samples_train': 1, 'prior_scale': 0.0038638969563953266, 'q_scale': 0.0033827492632411567, 'batch_size': 128}. Best is trial 6 with value: 606.154052734375.
`Trainer.fit` stopped: `max_epochs=20` reached.
[I 2025-02-24 16:33:14,715] Trial 2 finished with value: 1059.150390625 and parameters: {'pretrain_epochs': 0, 'lr': 5.367498945698204e-05, 'mc_samples_train': 1, 'prior_scale': 0.012778268753495938, 'q_scale': 0.540207249341968, 'batch_size': 128}. Best is trial 0 with value: 986.4046630859375.
Trainer already configured with model summary callbacks: [<class 'lightning.pytorch.callbacks.rich_model_summary.RichModelSummary'>]. Skipping setting a default `ModelSummary` callback.
GPU available: False, used: False
TPU available: False, using: 0 TPU cores
IPU available: False, using: 0 IPUs
HPU available: False, using: 0 HPUs
/home/g15farris/.conda/envs/bnn/lib/python3.12/site-packages/lightning/pytorch/loops/fit_loop.py:298: The number of training batches (40) is smaller than the logging interval Trainer(log_every_n_steps=50). Set a lower value for log_every_n_steps if you want to see logs for the training epoch.
Trainer already configured with model summary callbacks: [<class 'lightning.pytorch.callbacks.rich_model_summary.RichModelSummary'>]. Skipping setting a default `ModelSummary` callback.
GPU available: False, used: False
TPU available: False, using: 0 TPU cores
IPU available: False, using: 0 IPUs
HPU available: False, using: 0 HPUs
`Trainer.fit` stopped: `max_epochs=20` reached.
[I 2025-02-24 16:34:07,100] Trial 7 finished with value: 147.1673126220703 and parameters: {'pretrain_epochs': 0, 'lr': 0.00029994809793642315, 'mc_samples_train': 1, 'prior_scale': 0.0020959477484878194, 'q_scale': 0.0008257988273685458, 'batch_size': 32}. Best is trial 7 with value: 147.1673126220703.
Trainer already configured with model summary callbacks: [<class 'lightning.pytorch.callbacks.rich_model_summary.RichModelSummary'>]. Skipping setting a default `ModelSummary` callback.
GPU available: False, used: False
TPU available: False, using: 0 TPU cores
IPU available: False, using: 0 IPUs
HPU available: False, using: 0 HPUs
`Trainer.fit` stopped: `max_epochs=20` reached.
[I 2025-02-24 16:34:39,949] Trial 8 finished with value: 597.3457641601562 and parameters: {'pretrain_epochs': 0, 'lr': 7.478015213333154e-05, 'mc_samples_train': 2, 'prior_scale': 0.07537199486913888, 'q_scale': 0.0666791815288874, 'batch_size': 128}. Best is trial 7 with value: 147.1673126220703.
Trainer already configured with model summary callbacks: [<class 'lightning.pytorch.callbacks.rich_model_summary.RichModelSummary'>]. Skipping setting a default `ModelSummary` callback.
GPU available: False, used: False
TPU available: False, using: 0 TPU cores
IPU available: False, using: 0 IPUs
HPU available: False, using: 0 HPUs
`Trainer.fit` stopped: `max_epochs=20` reached.
[I 2025-02-24 16:34:58,443] Trial 3 finished with value: 665.6839599609375 and parameters: {'pretrain_epochs': 0, 'lr': 0.0005473369642905611, 'mc_samples_train': 2, 'prior_scale': 0.002699606552195955, 'q_scale': 0.06562115716452717, 'batch_size': 128}. Best is trial 3 with value: 665.6839599609375.
`Trainer.fit` stopped: `max_epochs=20` reached.
[I 2025-02-24 16:35:03,547] Trial 9 finished with value: 561.09765625 and parameters: {'pretrain_epochs': 0, 'lr': 2.01904291186572e-05, 'mc_samples_train': 1, 'prior_scale': 0.714967484470097, 'q_scale': 0.00834519932080496, 'batch_size': 128}. Best is trial 7 with value: 147.1673126220703.
Trainer already configured with model summary callbacks: [<class 'lightning.pytorch.callbacks.rich_model_summary.RichModelSummary'>]. Skipping setting a default `ModelSummary` callback.
GPU available: False, used: False
TPU available: False, using: 0 TPU cores
IPU available: False, using: 0 IPUs
HPU available: False, using: 0 HPUs
Trainer already configured with model summary callbacks: [<class 'lightning.pytorch.callbacks.rich_model_summary.RichModelSummary'>]. Skipping setting a default `ModelSummary` callback.
GPU available: False, used: False
TPU available: False, using: 0 TPU cores
IPU available: False, using: 0 IPUs
HPU available: False, using: 0 HPUs
`Trainer.fit` stopped: `max_epochs=20` reached.
[I 2025-02-24 16:36:04,519] Trial 4 finished with value: 502.59698486328125 and parameters: {'pretrain_epochs': 0, 'lr': 1.3170990774640101e-05, 'mc_samples_train': 1, 'prior_scale': 0.10583829396911469, 'q_scale': 0.023905570899706415, 'batch_size': 128}. Best is trial 4 with value: 502.59698486328125.
Trainer already configured with model summary callbacks: [<class 'lightning.pytorch.callbacks.rich_model_summary.RichModelSummary'>]. Skipping setting a default `ModelSummary` callback.
GPU available: False, used: False
TPU available: False, using: 0 TPU cores
IPU available: False, using: 0 IPUs
HPU available: False, using: 0 HPUs
`Trainer.fit` stopped: `max_epochs=20` reached.
[I 2025-02-24 16:36:25,502] Trial 10 finished with value: 96.5496597290039 and parameters: {'pretrain_epochs': 0, 'lr': 0.0002686321798731397, 'mc_samples_train': 2, 'prior_scale': 0.01116798829495977, 'q_scale': 0.00013611901663306908, 'batch_size': 32}. Best is trial 10 with value: 96.5496597290039.
Trainer already configured with model summary callbacks: [<class 'lightning.pytorch.callbacks.rich_model_summary.RichModelSummary'>]. Skipping setting a default `ModelSummary` callback.
GPU available: False, used: False
TPU available: False, using: 0 TPU cores
IPU available: False, using: 0 IPUs
HPU available: False, using: 0 HPUs
`Trainer.fit` stopped: `max_epochs=20` reached.
[I 2025-02-24 16:37:10,320] Trial 5 finished with value: 666.7529296875 and parameters: {'pretrain_epochs': 0, 'lr': 1.674127903856e-05, 'mc_samples_train': 1, 'prior_scale': 0.001047833275436284, 'q_scale': 0.02949625201538112, 'batch_size': 128}. Best is trial 4 with value: 502.59698486328125.
Trainer already configured with model summary callbacks: [<class 'lightning.pytorch.callbacks.rich_model_summary.RichModelSummary'>]. Skipping setting a default `ModelSummary` callback.
GPU available: False, used: False
TPU available: False, using: 0 TPU cores
IPU available: False, using: 0 IPUs
HPU available: False, using: 0 HPUs
`Trainer.fit` stopped: `max_epochs=20` reached.
[I 2025-02-24 16:37:46,385] Trial 11 finished with value: 72.9025650024414 and parameters: {'pretrain_epochs': 0, 'lr': 0.0002668116545003139, 'mc_samples_train': 2, 'prior_scale': 0.015791568646716513, 'q_scale': 0.00013400032806480455, 'batch_size': 32}. Best is trial 11 with value: 72.9025650024414.
Trainer already configured with model summary callbacks: [<class 'lightning.pytorch.callbacks.rich_model_summary.RichModelSummary'>]. Skipping setting a default `ModelSummary` callback.
GPU available: False, used: False
TPU available: False, using: 0 TPU cores
IPU available: False, using: 0 IPUs
HPU available: False, using: 0 HPUs
`Trainer.fit` stopped: `max_epochs=20` reached.
[I 2025-02-24 16:38:16,064] Trial 6 finished with value: 487.36346435546875 and parameters: {'pretrain_epochs': 0, 'lr': 3.71964865643354e-05, 'mc_samples_train': 1, 'prior_scale': 0.0038638969563953266, 'q_scale': 0.0033827492632411567, 'batch_size': 128}. Best is trial 6 with value: 487.36346435546875.
Trainer already configured with model summary callbacks: [<class 'lightning.pytorch.callbacks.rich_model_summary.RichModelSummary'>]. Skipping setting a default `ModelSummary` callback.
GPU available: False, used: False
TPU available: False, using: 0 TPU cores
IPU available: False, using: 0 IPUs
HPU available: False, using: 0 HPUs
`Trainer.fit` stopped: `max_epochs=20` reached.
[I 2025-02-24 16:39:08,882] Trial 12 finished with value: 118.86326599121094 and parameters: {'pretrain_epochs': 0, 'lr': 0.0001741204381065012, 'mc_samples_train': 2, 'prior_scale': 0.01578701912640358, 'q_scale': 0.00010569299297450266, 'batch_size': 32}. Best is trial 11 with value: 72.9025650024414.
Trainer already configured with model summary callbacks: [<class 'lightning.pytorch.callbacks.rich_model_summary.RichModelSummary'>]. Skipping setting a default `ModelSummary` callback.
GPU available: False, used: False
TPU available: False, using: 0 TPU cores
IPU available: False, using: 0 IPUs
HPU available: False, using: 0 HPUs
/home/g15farris/.conda/envs/bnn/lib/python3.12/site-packages/lightning/pytorch/loops/fit_loop.py:298: The number of training batches (20) is smaller than the logging interval Trainer(log_every_n_steps=50). Set a lower value for log_every_n_steps if you want to see logs for the training epoch.
`Trainer.fit` stopped: `max_epochs=20` reached.
[I 2025-02-24 16:39:59,566] Trial 13 finished with value: 59.91932678222656 and parameters: {'pretrain_epochs': 0, 'lr': 0.0009998183169689775, 'mc_samples_train': 2, 'prior_scale': 0.01064012896031672, 'q_scale': 0.00010211784008112604, 'batch_size': 64}. Best is trial 13 with value: 59.91932678222656.
Trainer already configured with model summary callbacks: [<class 'lightning.pytorch.callbacks.rich_model_summary.RichModelSummary'>]. Skipping setting a default `ModelSummary` callback.
GPU available: False, used: False
TPU available: False, using: 0 TPU cores
IPU available: False, using: 0 IPUs
HPU available: False, using: 0 HPUs
`Trainer.fit` stopped: `max_epochs=20` reached.
[I 2025-02-24 16:40:49,361] Trial 14 finished with value: 15.913650512695312 and parameters: {'pretrain_epochs': 0, 'lr': 0.0009813379195690634, 'mc_samples_train': 2, 'prior_scale': 0.03462087235603707, 'q_scale': 0.0004237992367412906, 'batch_size': 64}. Best is trial 14 with value: 15.913650512695312.
Trainer already configured with model summary callbacks: [<class 'lightning.pytorch.callbacks.rich_model_summary.RichModelSummary'>]. Skipping setting a default `ModelSummary` callback.
GPU available: False, used: False
TPU available: False, using: 0 TPU cores
IPU available: False, using: 0 IPUs
HPU available: False, using: 0 HPUs
`Trainer.fit` stopped: `max_epochs=20` reached.
[I 2025-02-24 16:41:20,069] Trial 7 finished with value: 123.37533569335938 and parameters: {'pretrain_epochs': 0, 'lr': 0.00029994809793642315, 'mc_samples_train': 1, 'prior_scale': 0.0020959477484878194, 'q_scale': 0.0008257988273685458, 'batch_size': 32}. Best is trial 7 with value: 123.37533569335938.
Trainer already configured with model summary callbacks: [<class 'lightning.pytorch.callbacks.rich_model_summary.RichModelSummary'>]. Skipping setting a default `ModelSummary` callback.
GPU available: False, used: False
TPU available: False, using: 0 TPU cores
IPU available: False, using: 0 IPUs
HPU available: False, using: 0 HPUs
`Trainer.fit` stopped: `max_epochs=20` reached.
[I 2025-02-24 16:41:38,140] Trial 15 finished with value: 17.22635841369629 and parameters: {'pretrain_epochs': 0, 'lr': 0.0009889182716204107, 'mc_samples_train': 2, 'prior_scale': 0.04295889441861082, 'q_scale': 0.0005750345772627247, 'batch_size': 64}. Best is trial 14 with value: 15.913650512695312.
Trainer already configured with model summary callbacks: [<class 'lightning.pytorch.callbacks.rich_model_summary.RichModelSummary'>]. Skipping setting a default `ModelSummary` callback.
GPU available: False, used: False
TPU available: False, using: 0 TPU cores
IPU available: False, using: 0 IPUs
HPU available: False, using: 0 HPUs
`Trainer.fit` stopped: `max_epochs=20` reached.
