[I 2025-05-11 07:12:52,915] Trial 31 finished with value: -100.81377410888672 and parameters: {'pretrain_epochs': 0, 'lr': 3.942574900920979e-05, 'mc_samples_train': 2, 'prior_scale': 0.9334058722134129, 'q_scale': 0.0001667578874582909, 'obs_scale': 0.09592406122571859, 'batch_size': 128}. Best is trial 22 with value: -147.96478271484375.
Trainer already configured with model summary callbacks: [<class 'lightning.pytorch.callbacks.rich_model_summary.RichModelSummary'>]. Skipping setting a default `ModelSummary` callback.
GPU available: False, used: False
TPU available: False, using: 0 TPU cores
IPU available: False, using: 0 IPUs
HPU available: False, using: 0 HPUs
`Trainer.fit` stopped: `max_epochs=2000` reached.
[I 2025-05-11 08:58:46,720] Trial 32 finished with value: -181.36798095703125 and parameters: {'pretrain_epochs': 0, 'lr': 2.7337603911610372e-05, 'mc_samples_train': 2, 'prior_scale': 0.3031527881404457, 'q_scale': 0.0001109833280880666, 'obs_scale': 0.04872290745712348, 'batch_size': 128}. Best is trial 32 with value: -181.36798095703125.
Trainer already configured with model summary callbacks: [<class 'lightning.pytorch.callbacks.rich_model_summary.RichModelSummary'>]. Skipping setting a default `ModelSummary` callback.
GPU available: False, used: False
TPU available: False, using: 0 TPU cores
IPU available: False, using: 0 IPUs
HPU available: False, using: 0 HPUs
[I 2025-05-11 09:14:05,975] Trial 33 pruned. Trial was pruned at epoch 293.
Trainer already configured with model summary callbacks: [<class 'lightning.pytorch.callbacks.rich_model_summary.RichModelSummary'>]. Skipping setting a default `ModelSummary` callback.
GPU available: False, used: False
TPU available: False, using: 0 TPU cores
IPU available: False, using: 0 IPUs
HPU available: False, using: 0 HPUs
[I 2025-05-11 09:35:31,901] Trial 34 pruned. Trial was pruned at epoch 441.
Trainer already configured with model summary callbacks: [<class 'lightning.pytorch.callbacks.rich_model_summary.RichModelSummary'>]. Skipping setting a default `ModelSummary` callback.
GPU available: False, used: False
TPU available: False, using: 0 TPU cores
IPU available: False, using: 0 IPUs
HPU available: False, using: 0 HPUs
[I 2025-05-11 09:36:04,792] Trial 35 pruned. Trial was pruned at epoch 8.
Trainer already configured with model summary callbacks: [<class 'lightning.pytorch.callbacks.rich_model_summary.RichModelSummary'>]. Skipping setting a default `ModelSummary` callback.
GPU available: False, used: False
TPU available: False, using: 0 TPU cores
IPU available: False, using: 0 IPUs
HPU available: False, using: 0 HPUs
`Trainer.fit` stopped: `max_epochs=2000` reached.
[I 2025-05-11 10:23:59,642] Trial 36 finished with value: -629.23095703125 and parameters: {'pretrain_epochs': 0, 'lr': 2.3959944346130677e-05, 'mc_samples_train': 2, 'prior_scale': 0.05964167723490831, 'q_scale': 0.00010531435235600597, 'obs_scale': 0.1327402514309527, 'batch_size': 512}. Best is trial 36 with value: -629.23095703125.
Trainer already configured with model summary callbacks: [<class 'lightning.pytorch.callbacks.rich_model_summary.RichModelSummary'>]. Skipping setting a default `ModelSummary` callback.
GPU available: False, used: False
TPU available: False, using: 0 TPU cores
IPU available: False, using: 0 IPUs
HPU available: False, using: 0 HPUs
[I 2025-05-11 10:24:19,638] Trial 37 pruned. Trial was pruned at epoch 6.
Trainer already configured with model summary callbacks: [<class 'lightning.pytorch.callbacks.rich_model_summary.RichModelSummary'>]. Skipping setting a default `ModelSummary` callback.
GPU available: False, used: False
TPU available: False, using: 0 TPU cores
IPU available: False, using: 0 IPUs
HPU available: False, using: 0 HPUs
[I 2025-05-11 10:24:35,662] Trial 38 pruned. Trial was pruned at epoch 6.
Trainer already configured with model summary callbacks: [<class 'lightning.pytorch.callbacks.rich_model_summary.RichModelSummary'>]. Skipping setting a default `ModelSummary` callback.
GPU available: False, used: False
TPU available: False, using: 0 TPU cores
IPU available: False, using: 0 IPUs
HPU available: False, using: 0 HPUs
[I 2025-05-11 10:25:41,088] Trial 39 pruned. Trial was pruned at epoch 37.
Trainer already configured with model summary callbacks: [<class 'lightning.pytorch.callbacks.rich_model_summary.RichModelSummary'>]. Skipping setting a default `ModelSummary` callback.
GPU available: False, used: False
TPU available: False, using: 0 TPU cores
IPU available: False, using: 0 IPUs
HPU available: False, using: 0 HPUs
[I 2025-05-11 10:25:56,267] Trial 40 pruned. Trial was pruned at epoch 5.
Trainer already configured with model summary callbacks: [<class 'lightning.pytorch.callbacks.rich_model_summary.RichModelSummary'>]. Skipping setting a default `ModelSummary` callback.
GPU available: False, used: False
TPU available: False, using: 0 TPU cores
IPU available: False, using: 0 IPUs
HPU available: False, using: 0 HPUs
[I 2025-05-11 11:09:45,315] Trial 41 pruned. Trial was pruned at epoch 1274.
Trainer already configured with model summary callbacks: [<class 'lightning.pytorch.callbacks.rich_model_summary.RichModelSummary'>]. Skipping setting a default `ModelSummary` callback.
GPU available: False, used: False
TPU available: False, using: 0 TPU cores
IPU available: False, using: 0 IPUs
HPU available: False, using: 0 HPUs
[I 2025-05-11 11:40:56,852] Trial 42 pruned. Trial was pruned at epoch 1228.
Trainer already configured with model summary callbacks: [<class 'lightning.pytorch.callbacks.rich_model_summary.RichModelSummary'>]. Skipping setting a default `ModelSummary` callback.
GPU available: False, used: False
TPU available: False, using: 0 TPU cores
IPU available: False, using: 0 IPUs
HPU available: False, using: 0 HPUs
[I 2025-05-11 14:31:21,060] Trial 43 pruned. Trial was pruned at epoch 1045.
Trainer already configured with model summary callbacks: [<class 'lightning.pytorch.callbacks.rich_model_summary.RichModelSummary'>]. Skipping setting a default `ModelSummary` callback.
GPU available: False, used: False
TPU available: False, using: 0 TPU cores
IPU available: False, using: 0 IPUs
HPU available: False, using: 0 HPUs
[I 2025-05-11 16:38:26,370] Trial 44 pruned. Trial was pruned at epoch 1558.
Trainer already configured with model summary callbacks: [<class 'lightning.pytorch.callbacks.rich_model_summary.RichModelSummary'>]. Skipping setting a default `ModelSummary` callback.
GPU available: False, used: False
TPU available: False, using: 0 TPU cores
IPU available: False, using: 0 IPUs
HPU available: False, using: 0 HPUs
[I 2025-05-11 16:59:45,055] Trial 45 pruned. Trial was pruned at epoch 459.
Trainer already configured with model summary callbacks: [<class 'lightning.pytorch.callbacks.rich_model_summary.RichModelSummary'>]. Skipping setting a default `ModelSummary` callback.
GPU available: False, used: False
TPU available: False, using: 0 TPU cores
IPU available: False, using: 0 IPUs
HPU available: False, using: 0 HPUs
[I 2025-05-11 17:39:41,458] Trial 46 pruned. Trial was pruned at epoch 1455.
Trainer already configured with model summary callbacks: [<class 'lightning.pytorch.callbacks.rich_model_summary.RichModelSummary'>]. Skipping setting a default `ModelSummary` callback.
GPU available: False, used: False
TPU available: False, using: 0 TPU cores
IPU available: False, using: 0 IPUs
HPU available: False, using: 0 HPUs
`Trainer.fit` stopped: `max_epochs=2000` reached.
[I 2025-05-11 18:24:03,213] Trial 47 finished with value: -326.8916931152344 and parameters: {'pretrain_epochs': 0, 'lr': 2.164419093975255e-05, 'mc_samples_train': 2, 'prior_scale': 0.281879254402923, 'q_scale': 0.00010146772211960182, 'obs_scale': 0.23595083683444867, 'batch_size': 512}. Best is trial 36 with value: -629.23095703125.
Trainer already configured with model summary callbacks: [<class 'lightning.pytorch.callbacks.rich_model_summary.RichModelSummary'>]. Skipping setting a default `ModelSummary` callback.
GPU available: False, used: False
TPU available: False, using: 0 TPU cores
IPU available: False, using: 0 IPUs
HPU available: False, using: 0 HPUs
[I 2025-05-11 18:33:25,499] Trial 48 pruned. Trial was pruned at epoch 502.
Trainer already configured with model summary callbacks: [<class 'lightning.pytorch.callbacks.rich_model_summary.RichModelSummary'>]. Skipping setting a default `ModelSummary` callback.
GPU available: False, used: False
TPU available: False, using: 0 TPU cores
IPU available: False, using: 0 IPUs
HPU available: False, using: 0 HPUs
[I 2025-05-11 18:39:53,692] Trial 49 pruned. Trial was pruned at epoch 508.
Trainer already configured with model summary callbacks: [<class 'lightning.pytorch.callbacks.rich_model_summary.RichModelSummary'>]. Skipping setting a default `ModelSummary` callback.
GPU available: False, used: False
TPU available: False, using: 0 TPU cores
IPU available: False, using: 0 IPUs
HPU available: False, using: 0 HPUs
[I 2025-05-11 18:41:24,264] Trial 50 pruned. Trial was pruned at epoch 71.
Trainer already configured with model summary callbacks: [<class 'lightning.pytorch.callbacks.rich_model_summary.RichModelSummary'>]. Skipping setting a default `ModelSummary` callback.
GPU available: False, used: False
TPU available: False, using: 0 TPU cores
IPU available: False, using: 0 IPUs
HPU available: False, using: 0 HPUs
[I 2025-05-11 19:02:53,031] Trial 51 pruned. Trial was pruned at epoch 1089.
Trainer already configured with model summary callbacks: [<class 'lightning.pytorch.callbacks.rich_model_summary.RichModelSummary'>]. Skipping setting a default `ModelSummary` callback.
GPU available: False, used: False
TPU available: False, using: 0 TPU cores
IPU available: False, using: 0 IPUs
HPU available: False, using: 0 HPUs
`Trainer.fit` stopped: `max_epochs=2000` reached.
[I 2025-05-11 20:27:52,642] Trial 52 finished with value: -181.97064208984375 and parameters: {'pretrain_epochs': 0, 'lr': 3.024714385136114e-05, 'mc_samples_train': 2, 'prior_scale': 0.07633547613316682, 'q_scale': 0.00014740731408226067, 'obs_scale': 0.06142946953889074, 'batch_size': 128}. Best is trial 36 with value: -629.23095703125.
Trainer already configured with model summary callbacks: [<class 'lightning.pytorch.callbacks.rich_model_summary.RichModelSummary'>]. Skipping setting a default `ModelSummary` callback.
GPU available: False, used: False
TPU available: False, using: 0 TPU cores
IPU available: False, using: 0 IPUs
HPU available: False, using: 0 HPUs
`Trainer.fit` stopped: `max_epochs=2000` reached.
[I 2025-05-11 21:48:43,025] Trial 53 finished with value: -163.0047149658203 and parameters: {'pretrain_epochs': 0, 'lr': 2.9867425279977498e-05, 'mc_samples_train': 2, 'prior_scale': 0.08323393814041379, 'q_scale': 0.0002589147384722913, 'obs_scale': 0.06773175673743885, 'batch_size': 128}. Best is trial 36 with value: -629.23095703125.
Trainer already configured with model summary callbacks: [<class 'lightning.pytorch.callbacks.rich_model_summary.RichModelSummary'>]. Skipping setting a default `ModelSummary` callback.
GPU available: False, used: False
TPU available: False, using: 0 TPU cores
IPU available: False, using: 0 IPUs
HPU available: False, using: 0 HPUs
[I 2025-05-11 21:58:08,164] Trial 54 pruned. Trial was pruned at epoch 229.
Trainer already configured with model summary callbacks: [<class 'lightning.pytorch.callbacks.rich_model_summary.RichModelSummary'>]. Skipping setting a default `ModelSummary` callback.
GPU available: False, used: False
TPU available: False, using: 0 TPU cores
IPU available: False, using: 0 IPUs
HPU available: False, using: 0 HPUs
`Trainer.fit` stopped: `max_epochs=2000` reached.
[I 2025-05-12 00:42:19,502] Trial 55 finished with value: -67.86639404296875 and parameters: {'pretrain_epochs': 0, 'lr': 3.0881546260946814e-05, 'mc_samples_train': 2, 'prior_scale': 0.022491961778318303, 'q_scale': 0.00015509750314345592, 'obs_scale': 0.05956236418361246, 'batch_size': 64}. Best is trial 36 with value: -629.23095703125.
Trainer already configured with model summary callbacks: [<class 'lightning.pytorch.callbacks.rich_model_summary.RichModelSummary'>]. Skipping setting a default `ModelSummary` callback.
GPU available: False, used: False
TPU available: False, using: 0 TPU cores
IPU available: False, using: 0 IPUs
HPU available: False, using: 0 HPUs
[I 2025-05-12 00:58:54,552] Trial 56 pruned. Trial was pruned at epoch 680.
Trainer already configured with model summary callbacks: [<class 'lightning.pytorch.callbacks.rich_model_summary.RichModelSummary'>]. Skipping setting a default `ModelSummary` callback.
GPU available: False, used: False
TPU available: False, using: 0 TPU cores
IPU available: False, using: 0 IPUs
HPU available: False, using: 0 HPUs
`Trainer.fit` stopped: `max_epochs=2000` reached.
[I 2025-05-12 02:42:20,195] Trial 57 finished with value: -153.4126434326172 and parameters: {'pretrain_epochs': 0, 'lr': 4.8950717921106526e-05, 'mc_samples_train': 2, 'prior_scale': 0.018357090406805707, 'q_scale': 0.0001349239432150638, 'obs_scale': 0.08625194378467628, 'batch_size': 128}. Best is trial 36 with value: -629.23095703125.
Trainer already configured with model summary callbacks: [<class 'lightning.pytorch.callbacks.rich_model_summary.RichModelSummary'>]. Skipping setting a default `ModelSummary` callback.
GPU available: False, used: False
TPU available: False, using: 0 TPU cores
IPU available: False, using: 0 IPUs
HPU available: False, using: 0 HPUs
[I 2025-05-12 04:58:36,514] Trial 58 pruned. Trial was pruned at epoch 851.
Trainer already configured with model summary callbacks: [<class 'lightning.pytorch.callbacks.rich_model_summary.RichModelSummary'>]. Skipping setting a default `ModelSummary` callback.
GPU available: False, used: False
TPU available: False, using: 0 TPU cores
IPU available: False, using: 0 IPUs
HPU available: False, using: 0 HPUs
[I 2025-05-12 05:39:23,873] Trial 59 pruned. Trial was pruned at epoch 850.
