[32m[I 2024-05-06 20:57:03,053][0m Trial 42 finished with value: 12.07579517364502 and parameters: {'pretrain_epochs': 0, 'lr': 0.0008338237384061257, 'mc_samples_train': 1, 'prior_scale': 0.05936172622629898, 'q_scale': 0.00015915366241471443, 'obs_scale': 0.3313858318021943, 'batch_size': 32}. Best is trial 20 with value: 7.570845127105713.[0m
Trainer already configured with model summary callbacks: [<class 'pytorch_lightning.callbacks.rich_model_summary.RichModelSummary'>]. Skipping setting a default `ModelSummary` callback.
GPU available: False, used: False
TPU available: False, using: 0 TPU cores
IPU available: False, using: 0 IPUs
HPU available: False, using: 0 HPUs
/home/g15farris/.conda/envs/bayesian/lib/python3.12/site-packages/pytorch_lightning/core/optimizer.py:181: `LightningModule.configure_optimizers` returned `None`, this fit will run with no optimizer
/home/g15farris/.conda/envs/bayesian/lib/python3.12/site-packages/tyxe/likelihoods.py:260: UserWarning: var(): degrees of freedom is <= 0. Correction should be strictly less than the reduction factor (input numel divided by output numel). (Triggered internally at ../aten/src/ATen/native/ReduceOps.cpp:1807.)
  scale = predictions.var(dim).add(self.scale ** 2).sqrt()
/home/g15farris/.conda/envs/bayesian/lib/python3.12/site-packages/optuna/trial/_trial.py:590: UserWarning: The reported value is ignored because this `step` 0 is already reported.
  warnings.warn(
`Trainer.fit` stopped: `max_epochs=20` reached.
[32m[I 2024-05-06 20:58:32,686][0m Trial 53 finished with value: 12.927022933959961 and parameters: {'pretrain_epochs': 0, 'lr': 0.0006568117881031401, 'mc_samples_train': 1, 'prior_scale': 0.04213674639680718, 'q_scale': 0.00026096594583978355, 'obs_scale': 0.3816046867756409, 'batch_size': 32}. Best is trial 20 with value: 8.795220375061035.[0m
Trainer already configured with model summary callbacks: [<class 'pytorch_lightning.callbacks.rich_model_summary.RichModelSummary'>]. Skipping setting a default `ModelSummary` callback.
GPU available: False, used: False
TPU available: False, using: 0 TPU cores
IPU available: False, using: 0 IPUs
HPU available: False, using: 0 HPUs
/home/g15farris/.conda/envs/bayesian/lib/python3.12/site-packages/pytorch_lightning/core/optimizer.py:181: `LightningModule.configure_optimizers` returned `None`, this fit will run with no optimizer
/home/g15farris/.conda/envs/bayesian/lib/python3.12/site-packages/tyxe/likelihoods.py:260: UserWarning: var(): degrees of freedom is <= 0. Correction should be strictly less than the reduction factor (input numel divided by output numel). (Triggered internally at ../aten/src/ATen/native/ReduceOps.cpp:1807.)
  scale = predictions.var(dim).add(self.scale ** 2).sqrt()
/home/g15farris/.conda/envs/bayesian/lib/python3.12/site-packages/optuna/trial/_trial.py:590: UserWarning: The reported value is ignored because this `step` 0 is already reported.
  warnings.warn(
`Trainer.fit` stopped: `max_epochs=20` reached.
[32m[I 2024-05-06 20:59:27,527][0m Trial 42 finished with value: 12.648012161254883 and parameters: {'pretrain_epochs': 0, 'lr': 0.0005752880938533469, 'mc_samples_train': 1, 'prior_scale': 0.09932446036472457, 'q_scale': 0.00019597689702210863, 'obs_scale': 0.4404073995649562, 'batch_size': 32}. Best is trial 42 with value: 12.648012161254883.[0m
Trainer already configured with model summary callbacks: [<class 'pytorch_lightning.callbacks.rich_model_summary.RichModelSummary'>]. Skipping setting a default `ModelSummary` callback.
GPU available: False, used: False
TPU available: False, using: 0 TPU cores
IPU available: False, using: 0 IPUs
HPU available: False, using: 0 HPUs
/home/g15farris/.conda/envs/bayesian/lib/python3.12/site-packages/pytorch_lightning/core/optimizer.py:181: `LightningModule.configure_optimizers` returned `None`, this fit will run with no optimizer
/home/g15farris/.conda/envs/bayesian/lib/python3.12/site-packages/tyxe/likelihoods.py:260: UserWarning: var(): degrees of freedom is <= 0. Correction should be strictly less than the reduction factor (input numel divided by output numel). (Triggered internally at ../aten/src/ATen/native/ReduceOps.cpp:1807.)
  scale = predictions.var(dim).add(self.scale ** 2).sqrt()
/home/g15farris/.conda/envs/bayesian/lib/python3.12/site-packages/optuna/trial/_trial.py:590: UserWarning: The reported value is ignored because this `step` 0 is already reported.
  warnings.warn(
`Trainer.fit` stopped: `max_epochs=20` reached.
[32m[I 2024-05-06 21:03:36,456][0m Trial 54 finished with value: 23.767887115478516 and parameters: {'pretrain_epochs': 0, 'lr': 0.0008405087462915266, 'mc_samples_train': 1, 'prior_scale': 0.025823816505289553, 'q_scale': 0.0002568817698408126, 'obs_scale': 0.3628072411901558, 'batch_size': 32}. Best is trial 20 with value: 8.795220375061035.[0m
Trainer already configured with model summary callbacks: [<class 'pytorch_lightning.callbacks.rich_model_summary.RichModelSummary'>]. Skipping setting a default `ModelSummary` callback.
GPU available: False, used: False
TPU available: False, using: 0 TPU cores
IPU available: False, using: 0 IPUs
HPU available: False, using: 0 HPUs
/home/g15farris/.conda/envs/bayesian/lib/python3.12/site-packages/pytorch_lightning/core/optimizer.py:181: `LightningModule.configure_optimizers` returned `None`, this fit will run with no optimizer
/home/g15farris/.conda/envs/bayesian/lib/python3.12/site-packages/tyxe/likelihoods.py:260: UserWarning: var(): degrees of freedom is <= 0. Correction should be strictly less than the reduction factor (input numel divided by output numel). (Triggered internally at ../aten/src/ATen/native/ReduceOps.cpp:1807.)
  scale = predictions.var(dim).add(self.scale ** 2).sqrt()
Trainer already configured with model summary callbacks: [<class 'pytorch_lightning.callbacks.rich_model_summary.RichModelSummary'>]. Skipping setting a default `ModelSummary` callback.
GPU available: False, used: False
TPU available: False, using: 0 TPU cores
IPU available: False, using: 0 IPUs
HPU available: False, using: 0 HPUs
/home/g15farris/.conda/envs/bayesian/lib/python3.12/site-packages/pytorch_lightning/core/optimizer.py:181: `LightningModule.configure_optimizers` returned `None`, this fit will run with no optimizer
/home/g15farris/.conda/envs/bayesian/lib/python3.12/site-packages/tyxe/likelihoods.py:260: UserWarning: var(): degrees of freedom is <= 0. Correction should be strictly less than the reduction factor (input numel divided by output numel). (Triggered internally at ../aten/src/ATen/native/ReduceOps.cpp:1807.)
  scale = predictions.var(dim).add(self.scale ** 2).sqrt()
/home/g15farris/.conda/envs/bayesian/lib/python3.12/site-packages/optuna/trial/_trial.py:590: UserWarning: The reported value is ignored because this `step` 0 is already reported.
  warnings.warn(
`Trainer.fit` stopped: `max_epochs=20` reached.
[32m[I 2024-05-06 21:05:23,632][0m Trial 43 finished with value: 33.670223236083984 and parameters: {'pretrain_epochs': 0, 'lr': 0.0004893506537327236, 'mc_samples_train': 1, 'prior_scale': 0.10190403880637242, 'q_scale': 0.00016050009896061184, 'obs_scale': 0.432203932266647, 'batch_size': 32}. Best is trial 42 with value: 12.648012161254883.[0m
Trainer already configured with model summary callbacks: [<class 'pytorch_lightning.callbacks.rich_model_summary.RichModelSummary'>]. Skipping setting a default `ModelSummary` callback.
GPU available: False, used: False
TPU available: False, using: 0 TPU cores
IPU available: False, using: 0 IPUs
HPU available: False, using: 0 HPUs
/home/g15farris/.conda/envs/bayesian/lib/python3.12/site-packages/pytorch_lightning/core/optimizer.py:181: `LightningModule.configure_optimizers` returned `None`, this fit will run with no optimizer
/home/g15farris/.conda/envs/bayesian/lib/python3.12/site-packages/tyxe/likelihoods.py:260: UserWarning: var(): degrees of freedom is <= 0. Correction should be strictly less than the reduction factor (input numel divided by output numel). (Triggered internally at ../aten/src/ATen/native/ReduceOps.cpp:1807.)
  scale = predictions.var(dim).add(self.scale ** 2).sqrt()
/home/g15farris/.conda/envs/bayesian/lib/python3.12/site-packages/optuna/trial/_trial.py:590: UserWarning: The reported value is ignored because this `step` 0 is already reported.
  warnings.warn(
`Trainer.fit` stopped: `max_epochs=20` reached.
[32m[I 2024-05-06 21:06:29,864][0m Trial 55 finished with value: 44.656829833984375 and parameters: {'pretrain_epochs': 0, 'lr': 0.00045278156702158537, 'mc_samples_train': 1, 'prior_scale': 0.01640697417336212, 'q_scale': 0.00010198033354634238, 'obs_scale': 0.4065179813602882, 'batch_size': 64}. Best is trial 20 with value: 8.795220375061035.[0m
Trainer already configured with model summary callbacks: [<class 'pytorch_lightning.callbacks.rich_model_summary.RichModelSummary'>]. Skipping setting a default `ModelSummary` callback.
GPU available: False, used: False
TPU available: False, using: 0 TPU cores
IPU available: False, using: 0 IPUs
HPU available: False, using: 0 HPUs
/home/g15farris/.conda/envs/bayesian/lib/python3.12/site-packages/pytorch_lightning/core/optimizer.py:181: `LightningModule.configure_optimizers` returned `None`, this fit will run with no optimizer
/home/g15farris/.conda/envs/bayesian/lib/python3.12/site-packages/tyxe/likelihoods.py:260: UserWarning: var(): degrees of freedom is <= 0. Correction should be strictly less than the reduction factor (input numel divided by output numel). (Triggered internally at ../aten/src/ATen/native/ReduceOps.cpp:1807.)
  scale = predictions.var(dim).add(self.scale ** 2).sqrt()
[32m[I 2024-05-06 21:06:55,929][0m Trial 44 pruned. Trial was pruned at epoch 3.[0m
/home/g15farris/.conda/envs/bayesian/lib/python3.12/site-packages/optuna/trial/_trial.py:590: UserWarning: The reported value is ignored because this `step` 0 is already reported.
  warnings.warn(
Trainer already configured with model summary callbacks: [<class 'pytorch_lightning.callbacks.rich_model_summary.RichModelSummary'>]. Skipping setting a default `ModelSummary` callback.
GPU available: False, used: False
TPU available: False, using: 0 TPU cores
IPU available: False, using: 0 IPUs
HPU available: False, using: 0 HPUs
/home/g15farris/.conda/envs/bayesian/lib/python3.12/site-packages/pytorch_lightning/core/optimizer.py:181: `LightningModule.configure_optimizers` returned `None`, this fit will run with no optimizer
/home/g15farris/.conda/envs/bayesian/lib/python3.12/site-packages/pytorch_lightning/loops/fit_loop.py:298: The number of training batches (48) is smaller than the logging interval Trainer(log_every_n_steps=50). Set a lower value for log_every_n_steps if you want to see logs for the training epoch.
/home/g15farris/.conda/envs/bayesian/lib/python3.12/site-packages/tyxe/likelihoods.py:260: UserWarning: var(): degrees of freedom is <= 0. Correction should be strictly less than the reduction factor (input numel divided by output numel). (Triggered internally at ../aten/src/ATen/native/ReduceOps.cpp:1807.)
  scale = predictions.var(dim).add(self.scale ** 2).sqrt()
/home/g15farris/.conda/envs/bayesian/lib/python3.12/site-packages/optuna/trial/_trial.py:590: UserWarning: The reported value is ignored because this `step` 0 is already reported.
  warnings.warn(
[32m[I 2024-05-06 21:09:01,797][0m Trial 45 pruned. Trial was pruned at epoch 18.[0m
Trainer already configured with model summary callbacks: [<class 'pytorch_lightning.callbacks.rich_model_summary.RichModelSummary'>]. Skipping setting a default `ModelSummary` callback.
GPU available: False, used: False
TPU available: False, using: 0 TPU cores
IPU available: False, using: 0 IPUs
HPU available: False, using: 0 HPUs
/home/g15farris/.conda/envs/bayesian/lib/python3.12/site-packages/pytorch_lightning/core/optimizer.py:181: `LightningModule.configure_optimizers` returned `None`, this fit will run with no optimizer
/home/g15farris/.conda/envs/bayesian/lib/python3.12/site-packages/tyxe/likelihoods.py:260: UserWarning: var(): degrees of freedom is <= 0. Correction should be strictly less than the reduction factor (input numel divided by output numel). (Triggered internally at ../aten/src/ATen/native/ReduceOps.cpp:1807.)
  scale = predictions.var(dim).add(self.scale ** 2).sqrt()
/home/g15farris/.conda/envs/bayesian/lib/python3.12/site-packages/optuna/trial/_trial.py:590: UserWarning: The reported value is ignored because this `step` 0 is already reported.
  warnings.warn(
`Trainer.fit` stopped: `max_epochs=20` reached.
[32m[I 2024-05-06 21:10:58,762][0m Trial 44 finished with value: 56.859405517578125 and parameters: {'pretrain_epochs': 0, 'lr': 0.0005441983505767138, 'mc_samples_train': 1, 'prior_scale': 0.08864713317680804, 'q_scale': 0.0001452635275060882, 'obs_scale': 0.35064533938700676, 'batch_size': 32}. Best is trial 20 with value: 7.570845127105713.[0m
Trainer already configured with model summary callbacks: [<class 'pytorch_lightning.callbacks.rich_model_summary.RichModelSummary'>]. Skipping setting a default `ModelSummary` callback.
GPU available: False, used: False
TPU available: False, using: 0 TPU cores
IPU available: False, using: 0 IPUs
HPU available: False, using: 0 HPUs
/home/g15farris/.conda/envs/bayesian/lib/python3.12/site-packages/pytorch_lightning/core/optimizer.py:181: `LightningModule.configure_optimizers` returned `None`, this fit will run with no optimizer
/home/g15farris/.conda/envs/bayesian/lib/python3.12/site-packages/pytorch_lightning/loops/fit_loop.py:298: The number of training batches (48) is smaller than the logging interval Trainer(log_every_n_steps=50). Set a lower value for log_every_n_steps if you want to see logs for the training epoch.
/home/g15farris/.conda/envs/bayesian/lib/python3.12/site-packages/tyxe/likelihoods.py:260: UserWarning: var(): degrees of freedom is <= 0. Correction should be strictly less than the reduction factor (input numel divided by output numel). (Triggered internally at ../aten/src/ATen/native/ReduceOps.cpp:1807.)
  scale = predictions.var(dim).add(self.scale ** 2).sqrt()
`Trainer.fit` stopped: `max_epochs=20` reached.
[32m[I 2024-05-06 21:11:31,376][0m Trial 56 finished with value: 33.51589584350586 and parameters: {'pretrain_epochs': 0, 'lr': 0.0005683201359350748, 'mc_samples_train': 1, 'prior_scale': 0.039812173617282585, 'q_scale': 0.0004498881918430304, 'obs_scale': 0.3000366761205296, 'batch_size': 32}. Best is trial 20 with value: 8.795220375061035.[0m
Trainer already configured with model summary callbacks: [<class 'pytorch_lightning.callbacks.rich_model_summary.RichModelSummary'>]. Skipping setting a default `ModelSummary` callback.
GPU available: False, used: False
TPU available: False, using: 0 TPU cores
IPU available: False, using: 0 IPUs
HPU available: False, using: 0 HPUs
/home/g15farris/.conda/envs/bayesian/lib/python3.12/site-packages/pytorch_lightning/core/optimizer.py:181: `LightningModule.configure_optimizers` returned `None`, this fit will run with no optimizer
/home/g15farris/.conda/envs/bayesian/lib/python3.12/site-packages/tyxe/likelihoods.py:260: UserWarning: var(): degrees of freedom is <= 0. Correction should be strictly less than the reduction factor (input numel divided by output numel). (Triggered internally at ../aten/src/ATen/native/ReduceOps.cpp:1807.)
  scale = predictions.var(dim).add(self.scale ** 2).sqrt()
/home/g15farris/.conda/envs/bayesian/lib/python3.12/site-packages/optuna/trial/_trial.py:590: UserWarning: The reported value is ignored because this `step` 0 is already reported.
  warnings.warn(
`Trainer.fit` stopped: `max_epochs=20` reached.
[32m[I 2024-05-06 21:12:50,755][0m Trial 45 finished with value: 274.99420166015625 and parameters: {'pretrain_epochs': 0, 'lr': 0.0009667551493626546, 'mc_samples_train': 1, 'prior_scale': 0.2357626494360721, 'q_scale': 0.00015870411810596594, 'obs_scale': 0.2284740192713978, 'batch_size': 256}. Best is trial 20 with value: 7.570845127105713.[0m
Trainer already configured with model summary callbacks: [<class 'pytorch_lightning.callbacks.rich_model_summary.RichModelSummary'>]. Skipping setting a default `ModelSummary` callback.
GPU available: False, used: False
TPU available: False, using: 0 TPU cores
IPU available: False, using: 0 IPUs
HPU available: False, using: 0 HPUs
/home/g15farris/.conda/envs/bayesian/lib/python3.12/site-packages/pytorch_lightning/core/optimizer.py:181: `LightningModule.configure_optimizers` returned `None`, this fit will run with no optimizer
/home/g15farris/.conda/envs/bayesian/lib/python3.12/site-packages/tyxe/likelihoods.py:260: UserWarning: var(): degrees of freedom is <= 0. Correction should be strictly less than the reduction factor (input numel divided by output numel). (Triggered internally at ../aten/src/ATen/native/ReduceOps.cpp:1807.)
  scale = predictions.var(dim).add(self.scale ** 2).sqrt()
/home/g15farris/.conda/envs/bayesian/lib/python3.12/site-packages/optuna/trial/_trial.py:590: UserWarning: The reported value is ignored because this `step` 0 is already reported.
  warnings.warn(
`Trainer.fit` stopped: `max_epochs=20` reached.
[32m[I 2024-05-06 21:15:12,748][0m Trial 46 finished with value: 94.43193054199219 and parameters: {'pretrain_epochs': 0, 'lr': 0.00020097100557417953, 'mc_samples_train': 1, 'prior_scale': 0.0925596039981866, 'q_scale': 0.0003116856578104833, 'obs_scale': 0.43880498015587355, 'batch_size': 32}. Best is trial 42 with value: 12.648012161254883.[0m
Trainer already configured with model summary callbacks: [<class 'pytorch_lightning.callbacks.rich_model_summary.RichModelSummary'>]. Skipping setting a default `ModelSummary` callback.
GPU available: False, used: False
TPU available: False, using: 0 TPU cores
IPU available: False, using: 0 IPUs
HPU available: False, using: 0 HPUs
/home/g15farris/.conda/envs/bayesian/lib/python3.12/site-packages/pytorch_lightning/core/optimizer.py:181: `LightningModule.configure_optimizers` returned `None`, this fit will run with no optimizer
/home/g15farris/.conda/envs/bayesian/lib/python3.12/site-packages/tyxe/likelihoods.py:260: UserWarning: var(): degrees of freedom is <= 0. Correction should be strictly less than the reduction factor (input numel divided by output numel). (Triggered internally at ../aten/src/ATen/native/ReduceOps.cpp:1807.)
  scale = predictions.var(dim).add(self.scale ** 2).sqrt()
/home/g15farris/.conda/envs/bayesian/lib/python3.12/site-packages/optuna/trial/_trial.py:590: UserWarning: The reported value is ignored because this `step` 0 is already reported.
  warnings.warn(
[32m[I 2024-05-06 21:16:32,036][0m Trial 57 pruned. Trial was pruned at epoch 19.[0m
Trainer already configured with model summary callbacks: [<class 'pytorch_lightning.callbacks.rich_model_summary.RichModelSummary'>]. Skipping setting a default `ModelSummary` callback.
GPU available: False, used: False
TPU available: False, using: 0 TPU cores
IPU available: False, using: 0 IPUs
HPU available: False, using: 0 HPUs
/home/g15farris/.conda/envs/bayesian/lib/python3.12/site-packages/pytorch_lightning/core/optimizer.py:181: `LightningModule.configure_optimizers` returned `None`, this fit will run with no optimizer
/home/g15farris/.conda/envs/bayesian/lib/python3.12/site-packages/tyxe/likelihoods.py:260: UserWarning: var(): degrees of freedom is <= 0. Correction should be strictly less than the reduction factor (input numel divided by output numel). (Triggered internally at ../aten/src/ATen/native/ReduceOps.cpp:1807.)
  scale = predictions.var(dim).add(self.scale ** 2).sqrt()
/home/g15farris/.conda/envs/bayesian/lib/python3.12/site-packages/optuna/trial/_trial.py:590: UserWarning: The reported value is ignored because this `step` 0 is already reported.
  warnings.warn(
`Trainer.fit` stopped: `max_epochs=20` reached.
[32m[I 2024-05-06 21:17:59,800][0m Trial 47 finished with value: 242.71812438964844 and parameters: {'pretrain_epochs': 5, 'lr': 0.0004082199577692091, 'mc_samples_train': 1, 'prior_scale': 0.037169078384831473, 'q_scale': 0.000137494878558567, 'obs_scale': 0.6975201192592543, 'batch_size': 128}. Best is trial 42 with value: 12.648012161254883.[0m
Trainer already configured with model summary callbacks: [<class 'pytorch_lightning.callbacks.rich_model_summary.RichModelSummary'>]. Skipping setting a default `ModelSummary` callback.
GPU available: False, used: False
TPU available: False, using: 0 TPU cores
IPU available: False, using: 0 IPUs
HPU available: False, using: 0 HPUs
/home/g15farris/.conda/envs/bayesian/lib/python3.12/site-packages/pytorch_lightning/core/optimizer.py:181: `LightningModule.configure_optimizers` returned `None`, this fit will run with no optimizer
/home/g15farris/.conda/envs/bayesian/lib/python3.12/site-packages/pytorch_lightning/loops/fit_loop.py:298: The number of training batches (24) is smaller than the logging interval Trainer(log_every_n_steps=50). Set a lower value for log_every_n_steps if you want to see logs for the training epoch.
/home/g15farris/.conda/envs/bayesian/lib/python3.12/site-packages/tyxe/likelihoods.py:260: UserWarning: var(): degrees of freedom is <= 0. Correction should be strictly less than the reduction factor (input numel divided by output numel). (Triggered internally at ../aten/src/ATen/native/ReduceOps.cpp:1807.)
  scale = predictions.var(dim).add(self.scale ** 2).sqrt()
/home/g15farris/.conda/envs/bayesian/lib/python3.12/site-packages/optuna/trial/_trial.py:590: UserWarning: The reported value is ignored because this `step` 0 is already reported.
  warnings.warn(
`Trainer.fit` stopped: `max_epochs=20` reached.
