[32m[I 2024-05-06 17:43:21,438][0m Trial 14 finished with value: 899.6783447265625 and parameters: {'pretrain_epochs': 0, 'lr': 0.00047099056233148326, 'mc_samples_train': 1, 'prior_scale': 0.027265739595470306, 'q_scale': 0.008086747435543941, 'obs_scale': 0.7168746872185715, 'batch_size': 512}. Best is trial 13 with value: 73.91437530517578.[0m
Trainer already configured with model summary callbacks: [<class 'pytorch_lightning.callbacks.rich_model_summary.RichModelSummary'>]. Skipping setting a default `ModelSummary` callback.
GPU available: False, used: False
TPU available: False, using: 0 TPU cores
IPU available: False, using: 0 IPUs
HPU available: False, using: 0 HPUs
/home/g15farris/.conda/envs/bayesian/lib/python3.12/site-packages/pytorch_lightning/core/optimizer.py:181: `LightningModule.configure_optimizers` returned `None`, this fit will run with no optimizer
/home/g15farris/.conda/envs/bayesian/lib/python3.12/site-packages/tyxe/likelihoods.py:260: UserWarning: var(): degrees of freedom is <= 0. Correction should be strictly less than the reduction factor (input numel divided by output numel). (Triggered internally at ../aten/src/ATen/native/ReduceOps.cpp:1807.)
  scale = predictions.var(dim).add(self.scale ** 2).sqrt()
/home/g15farris/.conda/envs/bayesian/lib/python3.12/site-packages/optuna/trial/_trial.py:590: UserWarning: The reported value is ignored because this `step` 0 is already reported.
  warnings.warn(
`Trainer.fit` stopped: `max_epochs=20` reached.
[32m[I 2024-05-06 17:45:19,162][0m Trial 17 finished with value: 18.969884872436523 and parameters: {'pretrain_epochs': 0, 'lr': 0.0006911809612075885, 'mc_samples_train': 1, 'prior_scale': 0.04931702773628011, 'q_scale': 0.0006396905880911574, 'obs_scale': 0.49326200224837785, 'batch_size': 32}. Best is trial 17 with value: 18.969884872436523.[0m
Trainer already configured with model summary callbacks: [<class 'pytorch_lightning.callbacks.rich_model_summary.RichModelSummary'>]. Skipping setting a default `ModelSummary` callback.
GPU available: False, used: False
TPU available: False, using: 0 TPU cores
IPU available: False, using: 0 IPUs
HPU available: False, using: 0 HPUs
/home/g15farris/.conda/envs/bayesian/lib/python3.12/site-packages/pytorch_lightning/core/optimizer.py:181: `LightningModule.configure_optimizers` returned `None`, this fit will run with no optimizer
/home/g15farris/.conda/envs/bayesian/lib/python3.12/site-packages/tyxe/likelihoods.py:260: UserWarning: var(): degrees of freedom is <= 0. Correction should be strictly less than the reduction factor (input numel divided by output numel). (Triggered internally at ../aten/src/ATen/native/ReduceOps.cpp:1807.)
  scale = predictions.var(dim).add(self.scale ** 2).sqrt()
/home/g15farris/.conda/envs/bayesian/lib/python3.12/site-packages/optuna/trial/_trial.py:590: UserWarning: The reported value is ignored because this `step` 0 is already reported.
  warnings.warn(
`Trainer.fit` stopped: `max_epochs=20` reached.
[32m[I 2024-05-06 17:47:24,494][0m Trial 13 finished with value: 73.79103088378906 and parameters: {'pretrain_epochs': 0, 'lr': 0.0004187758560483171, 'mc_samples_train': 1, 'prior_scale': 0.029998790133936127, 'q_scale': 0.009940889714004643, 'obs_scale': 0.7555075323585013, 'batch_size': 64}. Best is trial 13 with value: 73.79103088378906.[0m
Trainer already configured with model summary callbacks: [<class 'pytorch_lightning.callbacks.rich_model_summary.RichModelSummary'>]. Skipping setting a default `ModelSummary` callback.
GPU available: False, used: False
TPU available: False, using: 0 TPU cores
IPU available: False, using: 0 IPUs
HPU available: False, using: 0 HPUs
/home/g15farris/.conda/envs/bayesian/lib/python3.12/site-packages/pytorch_lightning/core/optimizer.py:181: `LightningModule.configure_optimizers` returned `None`, this fit will run with no optimizer
/home/g15farris/.conda/envs/bayesian/lib/python3.12/site-packages/pytorch_lightning/loops/fit_loop.py:298: The number of training batches (24) is smaller than the logging interval Trainer(log_every_n_steps=50). Set a lower value for log_every_n_steps if you want to see logs for the training epoch.
/home/g15farris/.conda/envs/bayesian/lib/python3.12/site-packages/tyxe/likelihoods.py:260: UserWarning: var(): degrees of freedom is <= 0. Correction should be strictly less than the reduction factor (input numel divided by output numel). (Triggered internally at ../aten/src/ATen/native/ReduceOps.cpp:1807.)
  scale = predictions.var(dim).add(self.scale ** 2).sqrt()
/home/g15farris/.conda/envs/bayesian/lib/python3.12/site-packages/optuna/trial/_trial.py:590: UserWarning: The reported value is ignored because this `step` 0 is already reported.
  warnings.warn(
`Trainer.fit` stopped: `max_epochs=20` reached.
[32m[I 2024-05-06 17:49:23,160][0m Trial 14 finished with value: 765.8721313476562 and parameters: {'pretrain_epochs': 0, 'lr': 0.00047099056233148326, 'mc_samples_train': 1, 'prior_scale': 0.027265739595470306, 'q_scale': 0.008086747435543941, 'obs_scale': 0.7168746872185715, 'batch_size': 512}. Best is trial 13 with value: 73.79103088378906.[0m
Trainer already configured with model summary callbacks: [<class 'pytorch_lightning.callbacks.rich_model_summary.RichModelSummary'>]. Skipping setting a default `ModelSummary` callback.
GPU available: False, used: False
TPU available: False, using: 0 TPU cores
IPU available: False, using: 0 IPUs
HPU available: False, using: 0 HPUs
/home/g15farris/.conda/envs/bayesian/lib/python3.12/site-packages/pytorch_lightning/core/optimizer.py:181: `LightningModule.configure_optimizers` returned `None`, this fit will run with no optimizer
/home/g15farris/.conda/envs/bayesian/lib/python3.12/site-packages/tyxe/likelihoods.py:260: UserWarning: var(): degrees of freedom is <= 0. Correction should be strictly less than the reduction factor (input numel divided by output numel). (Triggered internally at ../aten/src/ATen/native/ReduceOps.cpp:1807.)
  scale = predictions.var(dim).add(self.scale ** 2).sqrt()
/home/g15farris/.conda/envs/bayesian/lib/python3.12/site-packages/optuna/trial/_trial.py:590: UserWarning: The reported value is ignored because this `step` 0 is already reported.
  warnings.warn(
`Trainer.fit` stopped: `max_epochs=20` reached.
[32m[I 2024-05-06 17:50:55,848][0m Trial 15 finished with value: 25.21646499633789 and parameters: {'pretrain_epochs': 0, 'lr': 0.000471933226301514, 'mc_samples_train': 1, 'prior_scale': 0.02201666456969733, 'q_scale': 0.0025463997550914342, 'obs_scale': 0.6299642046168044, 'batch_size': 32}. Best is trial 15 with value: 25.21646499633789.[0m
Trainer already configured with model summary callbacks: [<class 'pytorch_lightning.callbacks.rich_model_summary.RichModelSummary'>]. Skipping setting a default `ModelSummary` callback.
GPU available: False, used: False
TPU available: False, using: 0 TPU cores
IPU available: False, using: 0 IPUs
HPU available: False, using: 0 HPUs
/home/g15farris/.conda/envs/bayesian/lib/python3.12/site-packages/pytorch_lightning/core/optimizer.py:181: `LightningModule.configure_optimizers` returned `None`, this fit will run with no optimizer
/home/g15farris/.conda/envs/bayesian/lib/python3.12/site-packages/tyxe/likelihoods.py:260: UserWarning: var(): degrees of freedom is <= 0. Correction should be strictly less than the reduction factor (input numel divided by output numel). (Triggered internally at ../aten/src/ATen/native/ReduceOps.cpp:1807.)
  scale = predictions.var(dim).add(self.scale ** 2).sqrt()
`Trainer.fit` stopped: `max_epochs=20` reached.
[32m[I 2024-05-06 17:51:44,101][0m Trial 18 finished with value: 15.644452095031738 and parameters: {'pretrain_epochs': 0, 'lr': 0.0007263091335083298, 'mc_samples_train': 1, 'prior_scale': 0.049890828546736744, 'q_scale': 0.0006414587910215425, 'obs_scale': 0.4841366687300466, 'batch_size': 32}. Best is trial 18 with value: 15.644452095031738.[0m
/home/g15farris/.conda/envs/bayesian/lib/python3.12/site-packages/optuna/trial/_trial.py:590: UserWarning: The reported value is ignored because this `step` 0 is already reported.
  warnings.warn(
Trainer already configured with model summary callbacks: [<class 'pytorch_lightning.callbacks.rich_model_summary.RichModelSummary'>]. Skipping setting a default `ModelSummary` callback.
GPU available: False, used: False
TPU available: False, using: 0 TPU cores
IPU available: False, using: 0 IPUs
HPU available: False, using: 0 HPUs
/home/g15farris/.conda/envs/bayesian/lib/python3.12/site-packages/pytorch_lightning/core/optimizer.py:181: `LightningModule.configure_optimizers` returned `None`, this fit will run with no optimizer
/home/g15farris/.conda/envs/bayesian/lib/python3.12/site-packages/tyxe/likelihoods.py:260: UserWarning: var(): degrees of freedom is <= 0. Correction should be strictly less than the reduction factor (input numel divided by output numel). (Triggered internally at ../aten/src/ATen/native/ReduceOps.cpp:1807.)
  scale = predictions.var(dim).add(self.scale ** 2).sqrt()
/home/g15farris/.conda/envs/bayesian/lib/python3.12/site-packages/optuna/trial/_trial.py:590: UserWarning: The reported value is ignored because this `step` 0 is already reported.
  warnings.warn(
`Trainer.fit` stopped: `max_epochs=20` reached.
[32m[I 2024-05-06 17:56:59,131][0m Trial 15 finished with value: 25.53016471862793 and parameters: {'pretrain_epochs': 0, 'lr': 0.000471933226301514, 'mc_samples_train': 1, 'prior_scale': 0.02201666456969733, 'q_scale': 0.0025463997550914342, 'obs_scale': 0.6299642046168044, 'batch_size': 32}. Best is trial 15 with value: 25.53016471862793.[0m
Trainer already configured with model summary callbacks: [<class 'pytorch_lightning.callbacks.rich_model_summary.RichModelSummary'>]. Skipping setting a default `ModelSummary` callback.
GPU available: False, used: False
TPU available: False, using: 0 TPU cores
IPU available: False, using: 0 IPUs
HPU available: False, using: 0 HPUs
/home/g15farris/.conda/envs/bayesian/lib/python3.12/site-packages/pytorch_lightning/core/optimizer.py:181: `LightningModule.configure_optimizers` returned `None`, this fit will run with no optimizer
/home/g15farris/.conda/envs/bayesian/lib/python3.12/site-packages/tyxe/likelihoods.py:260: UserWarning: var(): degrees of freedom is <= 0. Correction should be strictly less than the reduction factor (input numel divided by output numel). (Triggered internally at ../aten/src/ATen/native/ReduceOps.cpp:1807.)
  scale = predictions.var(dim).add(self.scale ** 2).sqrt()
/home/g15farris/.conda/envs/bayesian/lib/python3.12/site-packages/optuna/trial/_trial.py:590: UserWarning: The reported value is ignored because this `step` 0 is already reported.
  warnings.warn(
`Trainer.fit` stopped: `max_epochs=20` reached.
[32m[I 2024-05-06 17:58:04,184][0m Trial 19 finished with value: 14.385164260864258 and parameters: {'pretrain_epochs': 0, 'lr': 0.0007595257909698891, 'mc_samples_train': 1, 'prior_scale': 0.0553052327399875, 'q_scale': 0.0006518197309155569, 'obs_scale': 0.3966824074922798, 'batch_size': 32}. Best is trial 19 with value: 14.385164260864258.[0m
Trainer already configured with model summary callbacks: [<class 'pytorch_lightning.callbacks.rich_model_summary.RichModelSummary'>]. Skipping setting a default `ModelSummary` callback.
GPU available: False, used: False
TPU available: False, using: 0 TPU cores
IPU available: False, using: 0 IPUs
HPU available: False, using: 0 HPUs
/home/g15farris/.conda/envs/bayesian/lib/python3.12/site-packages/pytorch_lightning/core/optimizer.py:181: `LightningModule.configure_optimizers` returned `None`, this fit will run with no optimizer
/home/g15farris/.conda/envs/bayesian/lib/python3.12/site-packages/tyxe/likelihoods.py:260: UserWarning: var(): degrees of freedom is <= 0. Correction should be strictly less than the reduction factor (input numel divided by output numel). (Triggered internally at ../aten/src/ATen/native/ReduceOps.cpp:1807.)
  scale = predictions.var(dim).add(self.scale ** 2).sqrt()
/home/g15farris/.conda/envs/bayesian/lib/python3.12/site-packages/optuna/trial/_trial.py:590: UserWarning: The reported value is ignored because this `step` 0 is already reported.
  warnings.warn(
`Trainer.fit` stopped: `max_epochs=20` reached.
[32m[I 2024-05-06 17:58:54,849][0m Trial 16 finished with value: 25.1272029876709 and parameters: {'pretrain_epochs': 0, 'lr': 0.000547121976155858, 'mc_samples_train': 1, 'prior_scale': 0.04133742496369643, 'q_scale': 0.0025555101989354345, 'obs_scale': 0.5485259914682614, 'batch_size': 32}. Best is trial 16 with value: 25.1272029876709.[0m
Trainer already configured with model summary callbacks: [<class 'pytorch_lightning.callbacks.rich_model_summary.RichModelSummary'>]. Skipping setting a default `ModelSummary` callback.
GPU available: False, used: False
TPU available: False, using: 0 TPU cores
IPU available: False, using: 0 IPUs
HPU available: False, using: 0 HPUs
/home/g15farris/.conda/envs/bayesian/lib/python3.12/site-packages/pytorch_lightning/core/optimizer.py:181: `LightningModule.configure_optimizers` returned `None`, this fit will run with no optimizer
/home/g15farris/.conda/envs/bayesian/lib/python3.12/site-packages/tyxe/likelihoods.py:260: UserWarning: var(): degrees of freedom is <= 0. Correction should be strictly less than the reduction factor (input numel divided by output numel). (Triggered internally at ../aten/src/ATen/native/ReduceOps.cpp:1807.)
  scale = predictions.var(dim).add(self.scale ** 2).sqrt()
/home/g15farris/.conda/envs/bayesian/lib/python3.12/site-packages/optuna/trial/_trial.py:590: UserWarning: The reported value is ignored because this `step` 0 is already reported.
  warnings.warn(
`Trainer.fit` stopped: `max_epochs=20` reached.
[32m[I 2024-05-06 18:04:04,716][0m Trial 16 finished with value: 24.301305770874023 and parameters: {'pretrain_epochs': 0, 'lr': 0.000547121976155858, 'mc_samples_train': 1, 'prior_scale': 0.04133742496369643, 'q_scale': 0.0025555101989354345, 'obs_scale': 0.5485259914682614, 'batch_size': 32}. Best is trial 16 with value: 24.301305770874023.[0m
Trainer already configured with model summary callbacks: [<class 'pytorch_lightning.callbacks.rich_model_summary.RichModelSummary'>]. Skipping setting a default `ModelSummary` callback.
GPU available: False, used: False
TPU available: False, using: 0 TPU cores
IPU available: False, using: 0 IPUs
HPU available: False, using: 0 HPUs
/home/g15farris/.conda/envs/bayesian/lib/python3.12/site-packages/pytorch_lightning/core/optimizer.py:181: `LightningModule.configure_optimizers` returned `None`, this fit will run with no optimizer
/home/g15farris/.conda/envs/bayesian/lib/python3.12/site-packages/tyxe/likelihoods.py:260: UserWarning: var(): degrees of freedom is <= 0. Correction should be strictly less than the reduction factor (input numel divided by output numel). (Triggered internally at ../aten/src/ATen/native/ReduceOps.cpp:1807.)
  scale = predictions.var(dim).add(self.scale ** 2).sqrt()
Trainer already configured with model summary callbacks: [<class 'pytorch_lightning.callbacks.rich_model_summary.RichModelSummary'>]. Skipping setting a default `ModelSummary` callback.
GPU available: False, used: False
TPU available: False, using: 0 TPU cores
IPU available: False, using: 0 IPUs
HPU available: False, using: 0 HPUs
/home/g15farris/.conda/envs/bayesian/lib/python3.12/site-packages/pytorch_lightning/core/optimizer.py:181: `LightningModule.configure_optimizers` returned `None`, this fit will run with no optimizer
/home/g15farris/.conda/envs/bayesian/lib/python3.12/site-packages/tyxe/likelihoods.py:260: UserWarning: var(): degrees of freedom is <= 0. Correction should be strictly less than the reduction factor (input numel divided by output numel). (Triggered internally at ../aten/src/ATen/native/ReduceOps.cpp:1807.)
  scale = predictions.var(dim).add(self.scale ** 2).sqrt()
/home/g15farris/.conda/envs/bayesian/lib/python3.12/site-packages/optuna/trial/_trial.py:590: UserWarning: The reported value is ignored because this `step` 0 is already reported.
  warnings.warn(
/home/g15farris/.conda/envs/bayesian/lib/python3.12/site-packages/optuna/trial/_trial.py:590: UserWarning: The reported value is ignored because this `step` 0 is already reported.
  warnings.warn(
`Trainer.fit` stopped: `max_epochs=20` reached.
[32m[I 2024-05-06 18:07:17,385][0m Trial 17 finished with value: 17.95547103881836 and parameters: {'pretrain_epochs': 0, 'lr': 0.0006911809612075885, 'mc_samples_train': 1, 'prior_scale': 0.04931702773628011, 'q_scale': 0.0006396905880911574, 'obs_scale': 0.49326200224837785, 'batch_size': 32}. Best is trial 17 with value: 17.95547103881836.[0m
Trainer already configured with model summary callbacks: [<class 'pytorch_lightning.callbacks.rich_model_summary.RichModelSummary'>]. Skipping setting a default `ModelSummary` callback.
GPU available: False, used: False
TPU available: False, using: 0 TPU cores
IPU available: False, using: 0 IPUs
HPU available: False, using: 0 HPUs
/home/g15farris/.conda/envs/bayesian/lib/python3.12/site-packages/pytorch_lightning/core/optimizer.py:181: `LightningModule.configure_optimizers` returned `None`, this fit will run with no optimizer
/home/g15farris/.conda/envs/bayesian/lib/python3.12/site-packages/tyxe/likelihoods.py:260: UserWarning: var(): degrees of freedom is <= 0. Correction should be strictly less than the reduction factor (input numel divided by output numel). (Triggered internally at ../aten/src/ATen/native/ReduceOps.cpp:1807.)
  scale = predictions.var(dim).add(self.scale ** 2).sqrt()
/home/g15farris/.conda/envs/bayesian/lib/python3.12/site-packages/optuna/trial/_trial.py:590: UserWarning: The reported value is ignored because this `step` 0 is already reported.
  warnings.warn(
`Trainer.fit` stopped: `max_epochs=20` reached.
