[32m[I 2024-05-06 16:53:27,971][0m Trial 3 finished with value: 15300492.0 and parameters: {'pretrain_epochs': 0, 'lr': 2.336545096950015e-05, 'mc_samples_train': 2, 'prior_scale': 0.1023881426733586, 'q_scale': 0.001165790000863127, 'obs_scale': 0.11385861721302043, 'batch_size': 512}. Best is trial 0 with value: 137.8053436279297.[0m
Trainer already configured with model summary callbacks: [<class 'pytorch_lightning.callbacks.rich_model_summary.RichModelSummary'>]. Skipping setting a default `ModelSummary` callback.
GPU available: False, used: False
TPU available: False, using: 0 TPU cores
IPU available: False, using: 0 IPUs
HPU available: False, using: 0 HPUs
/home/g15farris/.conda/envs/bayesian/lib/python3.12/site-packages/pytorch_lightning/core/optimizer.py:181: `LightningModule.configure_optimizers` returned `None`, this fit will run with no optimizer
/home/g15farris/.conda/envs/bayesian/lib/python3.12/site-packages/tyxe/likelihoods.py:260: UserWarning: var(): degrees of freedom is <= 0. Correction should be strictly less than the reduction factor (input numel divided by output numel). (Triggered internally at ../aten/src/ATen/native/ReduceOps.cpp:1807.)
  scale = predictions.var(dim).add(self.scale ** 2).sqrt()
/home/g15farris/.conda/envs/bayesian/lib/python3.12/site-packages/optuna/trial/_trial.py:590: UserWarning: The reported value is ignored because this `step` 0 is already reported.
  warnings.warn(
`Trainer.fit` stopped: `max_epochs=20` reached.
[32m[I 2024-05-06 16:54:44,290][0m Trial 5 finished with value: 379.312744140625 and parameters: {'pretrain_epochs': 5, 'lr': 0.0009204696704635324, 'mc_samples_train': 1, 'prior_scale': 0.17977467814503606, 'q_scale': 0.0014948832198169292, 'obs_scale': 0.4107788493789703, 'batch_size': 128}. Best is trial 4 with value: 97.42511749267578.[0m
`Trainer.fit` stopped: `max_epochs=20` reached.
[32m[I 2024-05-06 16:54:53,830][0m Trial 3 finished with value: 15338630.0 and parameters: {'pretrain_epochs': 0, 'lr': 2.336545096950015e-05, 'mc_samples_train': 2, 'prior_scale': 0.1023881426733586, 'q_scale': 0.001165790000863127, 'obs_scale': 0.11385861721302043, 'batch_size': 512}. Best is trial 0 with value: 137.30099487304688.[0m
Trainer already configured with model summary callbacks: [<class 'pytorch_lightning.callbacks.rich_model_summary.RichModelSummary'>]. Skipping setting a default `ModelSummary` callback.
GPU available: False, used: False
TPU available: False, using: 0 TPU cores
IPU available: False, using: 0 IPUs
HPU available: False, using: 0 HPUs
/home/g15farris/.conda/envs/bayesian/lib/python3.12/site-packages/pytorch_lightning/core/optimizer.py:181: `LightningModule.configure_optimizers` returned `None`, this fit will run with no optimizer
Trainer already configured with model summary callbacks: [<class 'pytorch_lightning.callbacks.rich_model_summary.RichModelSummary'>]. Skipping setting a default `ModelSummary` callback.
GPU available: False, used: False
TPU available: False, using: 0 TPU cores
IPU available: False, using: 0 IPUs
HPU available: False, using: 0 HPUs
/home/g15farris/.conda/envs/bayesian/lib/python3.12/site-packages/pytorch_lightning/core/optimizer.py:181: `LightningModule.configure_optimizers` returned `None`, this fit will run with no optimizer
/home/g15farris/.conda/envs/bayesian/lib/python3.12/site-packages/tyxe/likelihoods.py:260: UserWarning: var(): degrees of freedom is <= 0. Correction should be strictly less than the reduction factor (input numel divided by output numel). (Triggered internally at ../aten/src/ATen/native/ReduceOps.cpp:1807.)
  scale = predictions.var(dim).add(self.scale ** 2).sqrt()
/home/g15farris/.conda/envs/bayesian/lib/python3.12/site-packages/optuna/trial/_trial.py:590: UserWarning: The reported value is ignored because this `step` 0 is already reported.
  warnings.warn(
/home/g15farris/.conda/envs/bayesian/lib/python3.12/site-packages/optuna/trial/_trial.py:590: UserWarning: The reported value is ignored because this `step` 0 is already reported.
  warnings.warn(
`Trainer.fit` stopped: `max_epochs=20` reached.
[32m[I 2024-05-06 16:58:36,678][0m Trial 4 finished with value: 90.15270233154297 and parameters: {'pretrain_epochs': 0, 'lr': 0.00017174472922154303, 'mc_samples_train': 1, 'prior_scale': 0.48474869983391317, 'q_scale': 0.008271866644681318, 'obs_scale': 1.0724303485094406, 'batch_size': 64}. Best is trial 4 with value: 90.15270233154297.[0m
Trainer already configured with model summary callbacks: [<class 'pytorch_lightning.callbacks.rich_model_summary.RichModelSummary'>]. Skipping setting a default `ModelSummary` callback.
GPU available: False, used: False
TPU available: False, using: 0 TPU cores
IPU available: False, using: 0 IPUs
HPU available: False, using: 0 HPUs
/home/g15farris/.conda/envs/bayesian/lib/python3.12/site-packages/pytorch_lightning/core/optimizer.py:181: `LightningModule.configure_optimizers` returned `None`, this fit will run with no optimizer
/home/g15farris/.conda/envs/bayesian/lib/python3.12/site-packages/tyxe/likelihoods.py:260: UserWarning: var(): degrees of freedom is <= 0. Correction should be strictly less than the reduction factor (input numel divided by output numel). (Triggered internally at ../aten/src/ATen/native/ReduceOps.cpp:1807.)
  scale = predictions.var(dim).add(self.scale ** 2).sqrt()
/home/g15farris/.conda/envs/bayesian/lib/python3.12/site-packages/optuna/trial/_trial.py:590: UserWarning: The reported value is ignored because this `step` 0 is already reported.
  warnings.warn(
le: False, used: False
TPU available: False, using: 0 TPU cores
IPU available: False, using: 0 IPUs
HPU available: False, using: 0 HPUs
/home/g15farris/.conda/envs/bayesian/lib/python3.12/site-packages/pytorch_lightning/core/optimizer.py:181: `LightningModule.configure_optimizers` returned `None`, this fit will run with no optimizer
/home/g15farris/.conda/envs/bayesian/lib/python3.12/site-packages/tyxe/likelihoods.py:260: UserWarning: var(): degrees of freedom is <= 0. Correction should be strictly less than the reduction factor (input numel divided by output numel). (Triggered internally at ../aten/src/ATen/native/ReduceOps.cpp:1807.)
  scale = predictions.var(dim).add(self.scale ** 2).sqrt()
/home/g15farris/.conda/envs/bayesian/lib/python3.12/site-packages/optuna/trial/_trial.py:590: UserWarning: The reported value is ignored because this `step` 0 is already reported.
  warnings.warn(
`Trainer.fit` stopped: `max_epochs=20` reached.
[32m[I 2024-05-06 17:00:09,193][0m Trial 6 finished with value: 12324.8994140625 and parameters: {'pretrain_epochs': 5, 'lr': 7.478015213333154e-05, 'mc_samples_train': 2, 'prior_scale': 0.1156399334005538, 'q_scale': 0.002582231235363856, 'obs_scale': 0.15665279892931577, 'batch_size': 64}. Best is trial 4 with value: 97.42511749267578.[0m
Trainer already configured with model summary callbacks: [<class 'pytorch_lightning.callbacks.rich_model_summary.RichModelSummary'>]. Skipping setting a default `ModelSummary` callback.
GPU available: False, used: False
TPU available: False, using: 0 TPU cores
IPU available: False, using: 0 IPUs
HPU available: False, using: 0 HPUs
/home/g15farris/.conda/envs/bayesian/lib/python3.12/site-packages/pytorch_lightning/core/optimizer.py:181: `LightningModule.configure_optimizers` returned `None`, this fit will run with no optimizer
/home/g15farris/.conda/envs/bayesian/lib/python3.12/site-packages/pytorch_lightning/loops/fit_loop.py:298: The number of training batches (48) is smaller than the logging interval Trainer(log_every_n_steps=50). Set a lower value for log_every_n_steps if you want to see logs for the training epoch.
/home/g15farris/.conda/envs/bayesian/lib/python3.12/site-packages/optuna/trial/_trial.py:590: UserWarning: The reported value is ignored because this `step` 0 is already reported.
  warnings.warn(
`Trainer.fit` stopped: `max_epochs=20` reached.
[32m[I 2024-05-06 17:01:30,929][0m Trial 5 finished with value: 717.2769775390625 and parameters: {'pretrain_epochs': 5, 'lr': 0.0009204696704635324, 'mc_samples_train': 1, 'prior_scale': 0.17977467814503606, 'q_scale': 0.0014948832198169292, 'obs_scale': 0.4107788493789703, 'batch_size': 128}. Best is trial 4 with value: 90.15270233154297.[0m
Trainer already configured with model summary callbacks: [<class 'pytorch_lightning.callbacks.rich_model_summary.RichModelSummary'>]. Skipping setting a default `ModelSummary` callback.
GPU available: False, used: False
TPU available: False, using: 0 TPU cores
IPU available: False, using: 0 IPUs
HPU available: False, using: 0 HPUs
/home/g15farris/.conda/envs/bayesian/lib/python3.12/site-packages/pytorch_lightning/core/optimizer.py:181: `LightningModule.configure_optimizers` returned `None`, this fit will run with no optimizer
/home/g15farris/.conda/envs/bayesian/lib/python3.12/site-packages/optuna/trial/_trial.py:590: UserWarning: The reported value is ignored because this `step` 0 is already reported.
  warnings.warn(
3, 'mc_samples_train': 2, 'prior_scale': 0.0816845546830656, 'q_scale': 0.004349147472454846, 'obs_scale': 0.11866131541331688, 'batch_size': 256}. Best is trial 4 with value: 97.42511749267578.[0m
Trainer already configured with model summary callbacks: [<class 'pytorch_lightning.callbacks.rich_model_summary.RichModelSummary'>]. Skipping setting a default `ModelSummary` callback.
GPU available: False, used: False
TPU available: False, using: 0 TPU cores
IPU available: False, using: 0 IPUs
HPU available: False, using: 0 HPUs
/home/g15farris/.conda/envs/bayesian/lib/python3.12/site-packages/pytorch_lightning/core/optimizer.py:181: `LightningModule.configure_optimizers` returned `None`, this fit will run with no optimizer
/home/g15farris/.conda/envs/bayesian/lib/python3.12/site-packages/optuna/trial/_trial.py:590: UserWarning: The reported value is ignored because this `step` 0 is already reported.
  warnings.warn(
Trainer already configured with model summary callbacks: [<class 'pytorch_lightning.callbacks.rich_model_summary.RichModelSummary'>]. Skipping setting a default `ModelSummary` callback.
GPU available: False, used: False
TPU available: False, using: 0 TPU cores
IPU available: False, using: 0 IPUs
HPU available: False, using: 0 HPUs
/home/g15farris/.conda/envs/bayesian/lib/python3.12/site-packages/pytorch_lightning/core/optimizer.py:181: `LightningModule.configure_optimizers` returned `None`, this fit will run with no optimizer
/home/g15farris/.conda/envs/bayesian/lib/python3.12/site-packages/tyxe/likelihoods.py:260: UserWarning: var(): degrees of freedom is <= 0. Correction should be strictly less than the reduction factor (input numel divided by output numel). (Triggered internally at ../aten/src/ATen/native/ReduceOps.cpp:1807.)
  scale = predictions.var(dim).add(self.scale ** 2).sqrt()
/home/g15farris/.conda/envs/bayesian/lib/python3.12/site-packages/optuna/trial/_trial.py:590: UserWarning: The reported value is ignored because this `step` 0 is already reported.
  warnings.warn(
`Trainer.fit` stopped: `max_epochs=20` reached.
[32m[I 2024-05-06 17:05:55,781][0m Trial 8 finished with value: 90647.5703125 and parameters: {'pretrain_epochs': 0, 'lr': 1.1462886732717548e-05, 'mc_samples_train': 1, 'prior_scale': 0.4124747947662307, 'q_scale': 0.00044814115470497614, 'obs_scale': 0.17860915820030454, 'batch_size': 64}. Best is trial 4 with value: 97.42511749267578.[0m
Trainer already configured with model summary callbacks: [<class 'pytorch_lightning.callbacks.rich_model_summary.RichModelSummary'>]. Skipping setting a default `ModelSummary` callback.
GPU available: False, used: False
TPU available: False, using: 0 TPU cores
IPU available: False, using: 0 IPUs
HPU available: False, using: 0 HPUs
/home/g15farris/.conda/envs/bayesian/lib/python3.12/site-packages/pytorch_lightning/core/optimizer.py:181: `LightningModule.configure_optimizers` returned `None`, this fit will run with no optimizer
/home/g15farris/.conda/envs/bayesian/lib/python3.12/site-packages/optuna/trial/_trial.py:590: UserWarning: The reported value is ignored because this `step` 0 is already reported.
  warnings.warn(
[32m[I 2024-05-06 17:08:18,713][0m Trial 6 pruned. Trial was pruned at epoch 16.[0m
Trainer already configured with model summary callbacks: [<class 'pytorch_lightning.callbacks.rich_model_summary.RichModelSummary'>]. Skipping setting a default `ModelSummary` callback.
GPU available: False, used: False
TPU available: False, using: 0 TPU cores
IPU available: False, using: 0 IPUs
HPU available: False, using: 0 HPUs
/home/g15farris/.conda/envs/bayesian/lib/python3.12/site-packages/pytorch_lightning/core/optimizer.py:181: `LightningModule.configure_optimizers` returned `None`, this fit will run with no optimizer
/home/g15farris/.conda/envs/bayesian/lib/python3.12/site-packages/pytorch_lightning/loops/fit_loop.py:298: The number of training batches (48) is smaller than the logging interval Trainer(log_every_n_steps=50). Set a lower value for log_every_n_steps if you want to see logs for the training epoch.
Trainer already configured with model summary callbacks: [<class 'pytorch_lightning.callbacks.rich_model_summary.RichModelSummary'>]. Skipping setting a default `ModelSummary` callback.
GPU available: False, used: False
TPU available: False, using: 0 TPU cores
IPU available: False, using: 0 IPUs
HPU available: False, using: 0 HPUs
/home/g15farris/.conda/envs/bayesian/lib/python3.12/site-packages/pytorch_lightning/core/optimizer.py:181: `LightningModule.configure_optimizers` returned `None`, this fit will run with no optimizer
/home/g15farris/.conda/envs/bayesian/lib/python3.12/site-packages/pytorch_lightning/loops/fit_loop.py:298: The number of training batches (48) is smaller than the logging interval Trainer(log_every_n_steps=50). Set a lower value for log_every_n_steps if you want to see logs for the training epoch.
/home/g15farris/.conda/envs/bayesian/lib/python3.12/site-packages/optuna/trial/_trial.py:590: UserWarning: The reported value is ignored because this `step` 0 is already reported.
  warnings.warn(
`Trainer.fit` stopped: `max_epochs=20` reached.
[32m[I 2024-05-06 17:09:42,514][0m Trial 9 finished with value: 4867.81103515625 and parameters: {'pretrain_epochs': 5, 'lr': 0.0002588548618299899, 'mc_samples_train': 2, 'prior_scale': 0.21075404848706095, 'q_scale': 0.0015787361777166986, 'obs_scale': 0.23920082660450653, 'batch_size': 128}. Best is trial 4 with value: 97.42511749267578.[0m
Trainer already configured with model summary callbacks: [<class 'pytorch_lightning.callbacks.rich_model_summary.RichModelSummary'>]. Skipping setting a default `ModelSummary` callback.
GPU available: False, used: False
TPU available: False, using: 0 TPU cores
IPU available: False, using: 0 IPUs
HPU available: False, using: 0 HPUs
/home/g15farris/.conda/envs/bayesian/lib/python3.12/site-packages/pytorch_lightning/core/optimizer.py:181: `LightningModule.configure_optimizers` returned `None`, this fit will run with no optimizer
/home/g15farris/.conda/envs/bayesian/lib/python3.12/site-packages/tyxe/likelihoods.py:260: UserWarning: var(): degrees of freedom is <= 0. Correction should be strictly less than the reduction factor (input numel divided by output numel). (Triggered internally at ../aten/src/ATen/native/ReduceOps.cpp:1807.)
  scale = predictions.var(dim).add(self.scale ** 2).sqrt()
/home/g15farris/.conda/envs/bayesian/lib/python3.12/site-packages/optuna/trial/_trial.py:590: UserWarning: The reported value is ignored because this `step` 0 is already reported.
  warnings.warn(
`Trainer.fit` stopped: `max_epochs=20` reached.
[32m[I 2024-05-06 17:12:13,079][0m Trial 7 finished with value: 2283.271728515625 and parameters: {'pretrain_epochs': 0, 'lr': 0.0007995719083844353, 'mc_samples_train': 2, 'prior_scale': 0.0816845546830656, 'q_scale': 0.004349147472454846, 'obs_scale': 0.11866131541331688, 'batch_size': 256}. Best is trial 4 with value: 94.2497787475586.[0m
Trainer already configured with model summary callbacks: [<class 'pytorch_lightning.callbacks.rich_model_summary.RichModelSummary'>]. Skipping setting a default `ModelSummary` callback.
GPU available: False, used: False
TPU available: False, using: 0 TPU cores
IPU available: False, using: 0 IPUs
HPU available: False, using: 0 HPUs
/home/g15farris/.conda/envs/bayesian/lib/python3.12/site-packages/pytorch_lightning/core/optimizer.py:181: `LightningModule.configure_optimizers` returned `None`, this fit will run with no optimizer
/home/g15farris/.conda/envs/bayesian/lib/python3.12/site-packages/tyxe/likelihoods.py:260: UserWarning: var(): degrees of freedom is <= 0. Correction should be strictly less than the reduction factor (input numel divided by output numel). (Triggered internally at ../aten/src/ATen/native/ReduceOps.cpp:1807.)
  scale = predictions.var(dim).add(self.scale ** 2).sqrt()
/home/g15farris/.conda/envs/bayesian/lib/python3.12/site-packages/optuna/trial/_trial.py:590: UserWarning: The reported value is ignored because this `step` 0 is already reported.
  warnings.warn(
`Trainer.fit` stopped: `max_epochs=20` reached.
[32m[I 2024-05-06 17:13:42,935][0m Trial 10 finished with value: 100.00790405273438 and parameters: {'pretrain_epochs': 0, 'lr': 0.0002821061536892603, 'mc_samples_train': 1, 'prior_scale': 0.011399374124093259, 'q_scale': 0.0001303181116735239, 'obs_scale': 1.71097163704802, 'batch_size': 64}. Best is trial 4 with value: 97.42511749267578.[0m
Trainer already configured with model summary callbacks: [<class 'pytorch_lightning.callbacks.rich_model_summary.RichModelSummary'>]. Skipping setting a default `ModelSummary` callback.
GPU available: False, used: False
TPU available: False, using: 0 TPU cores
IPU available: False, using: 0 IPUs
HPU available: False, using: 0 HPUs
/home/g15farris/.conda/envs/bayesian/lib/python3.12/site-packages/pytorch_lightning/core/optimizer.py:181: `LightningModule.configure_optimizers` returned `None`, this fit will run with no optimizer
/home/g15farris/.conda/envs/bayesian/lib/python3.12/site-packages/tyxe/likelihoods.py:260: UserWarning: var(): degrees of freedom is <= 0. Correction should be strictly less than the reduction factor (input numel divided by output numel). (Triggered internally at ../aten/src/ATen/native/ReduceOps.cpp:1807.)
  scale = predictions.var(dim).add(self.scale ** 2).sqrt()
Trainer already configured with model summary callbacks: [<class 'pytorch_lightning.callbacks.rich_model_summary.RichModelSummary'>]. Skipping setting a default `ModelSummary` callback.
GPU available: False, used: False
TPU available: False, using: 0 TPU cores
IPU available: False, using: 0 IPUs
HPU available: False, using: 0 HPUs
/home/g15farris/.conda/envs/bayesian/lib/python3.12/site-packages/pytorch_lightning/core/optimizer.py:181: `LightningModule.configure_optimizers` returned `None`, this fit will run with no optimizer
/home/g15farris/.conda/envs/bayesian/lib/python3.12/site-packages/tyxe/likelihoods.py:260: UserWarning: var(): degrees of freedom is <= 0. Correction should be strictly less than the reduction factor (input numel divided by output numel). (Triggered internally at ../aten/src/ATen/native/ReduceOps.cpp:1807.)
  scale = predictions.var(dim).add(self.scale ** 2).sqrt()
/home/g15farris/.conda/envs/bayesian/lib/python3.12/site-packages/optuna/trial/_trial.py:590: UserWarning: The reported value is ignored because this `step` 0 is already reported.
  warnings.warn(
`Trainer.fit` stopped: `max_epochs=20` reached.
[32m[I 2024-05-06 17:16:47,667][0m Trial 8 finished with value: 90568.6640625 and parameters: {'pretrain_epochs': 0, 'lr': 1.1462886732717548e-05, 'mc_samples_train': 1, 'prior_scale': 0.4124747947662307, 'q_scale': 0.00044814115470497614, 'obs_scale': 0.17860915820030454, 'batch_size': 64}. Best is trial 4 with value: 94.2497787475586.[0m
`Trainer.fit` stopped: `max_epochs=20` reached.
