[32m[I 2024-05-06 21:19:50,747][0m Trial 48 finished with value: 555.4747924804688 and parameters: {'pretrain_epochs': 0, 'lr': 0.000557106195883259, 'mc_samples_train': 1, 'prior_scale': 0.11369743725583471, 'q_scale': 0.00021692437473279705, 'obs_scale': 0.5148631572775435, 'batch_size': 512}. Best is trial 42 with value: 12.648012161254883.[0m

Trainer already configured with model summary callbacks: [<class 'pytorch_lightning.callbacks.rich_model_summary.RichModelSummary'>]. Skipping setting a default `ModelSummary` callback.
GPU available: False, used: False
TPU available: False, using: 0 TPU cores
IPU available: False, using: 0 IPUs
HPU available: False, using: 0 HPUs
/home/g15farris/.conda/envs/bayesian/lib/python3.12/site-packages/pytorch_lightning/core/optimizer.py:181: `LightningModule.configure_optimizers` returned `None`, this fit will run with no optimizer
/home/g15farris/.conda/envs/bayesian/lib/python3.12/site-packages/tyxe/likelihoods.py:260: UserWarning: var(): degrees of freedom is <= 0. Correction should be strictly less than the reduction factor (input numel divided by output numel). (Triggered internally at ../aten/src/ATen/native/ReduceOps.cpp:1807.)
  scale = predictions.var(dim).add(self.scale ** 2).sqrt()
/home/g15farris/.conda/envs/bayesian/lib/python3.12/site-packages/optuna/trial/_trial.py:590: UserWarning: The reported value is ignored because this `step` 0 is already reported.
  warnings.warn(
                                                                                                                                                                                                                                                                                                                                                                                                                                                                                                                                                                                                                                                                                                                                                                                                                                                                                                                                                                                                                                                                                                                                                                                                                                                                                                                                                                                                                                                                                                                                                                                                                                                                                                                                                                                                                                                                                                                                                                                                                                                                                                `Trainer.fit` stopped: `max_epochs=20` reached.
[32m[I 2024-05-06 21:22:02,318][0m Trial 47 finished with value: 187.4446563720703 and parameters: {'pretrain_epochs': 5, 'lr': 0.0004183055130992373, 'mc_samples_train': 1, 'prior_scale': 0.026225593261762787, 'q_scale': 0.0005739361875658825, 'obs_scale': 0.9213452991226256, 'batch_size': 128}. Best is trial 20 with value: 7.570845127105713.[0m
Trainer already configured with model summary callbacks: [<class 'pytorch_lightning.callbacks.rich_model_summary.RichModelSummary'>]. Skipping setting a default `ModelSummary` callback.
GPU available: False, used: False
TPU available: False, using: 0 TPU cores
IPU available: False, using: 0 IPUs
HPU available: False, using: 0 HPUs
/home/g15farris/.conda/envs/bayesian/lib/python3.12/site-packages/pytorch_lightning/core/optimizer.py:181: `LightningModule.configure_optimizers` returned `None`, this fit will run with no optimizer
/home/g15farris/.conda/envs/bayesian/lib/python3.12/site-packages/pytorch_lightning/loops/fit_loop.py:298: The number of training batches (24) is smaller than the logging interval Trainer(log_every_n_steps=50). Set a lower value for log_every_n_steps if you want to see logs for the training epoch.
/home/g15farris/.conda/envs/bayesian/lib/python3.12/site-packages/tyxe/likelihoods.py:260: UserWarning: var(): degrees of freedom is <= 0. Correction should be strictly less than the reduction factor (input numel divided by output numel). (Triggered internally at ../aten/src/ATen/native/ReduceOps.cpp:1807.)
  scale = predictions.var(dim).add(self.scale ** 2).sqrt()
/home/g15farris/.conda/envs/bayesian/lib/python3.12/site-packages/optuna/trial/_trial.py:590: UserWarning: The reported value is ignored because this `step` 0 is already reported.
  warnings.warn(
`Trainer.fit` stopped: `max_epochs=20` reached.
[32m[I 2024-05-06 21:24:13,951][0m Trial 48 finished with value: 2693.56298828125 and parameters: {'pretrain_epochs': 0, 'lr': 0.00028230392745546906, 'mc_samples_train': 1, 'prior_scale': 0.041490269688819956, 'q_scale': 0.0012648184594538834, 'obs_scale': 0.46141397715447324, 'batch_size': 512}. Best is trial 20 with value: 7.570845127105713.[0m
Trainer already configured with model summary callbacks: [<class 'pytorch_lightning.callbacks.rich_model_summary.RichModelSummary'>]. Skipping setting a default `ModelSummary` callback.
GPU available: False, used: False
TPU available: False, using: 0 TPU cores
IPU available: False, using: 0 IPUs
HPU available: False, using: 0 HPUs
/home/g15farris/.conda/envs/bayesian/lib/python3.12/site-packages/pytorch_lightning/core/optimizer.py:181: `LightningModule.configure_optimizers` returned `None`, this fit will run with no optimizer
/home/g15farris/.conda/envs/bayesian/lib/python3.12/site-packages/optuna/trial/_trial.py:590: UserWarning: The reported value is ignored because this `step` 0 is already reported.
  warnings.warn(
                                                                                                                                                                                                                                                                                                                                                                                                                                                                                                                                                                                                                                                                                                                                                                                                                                                                                                                                                                                                                                                                                                                                                                                                                                                                                                                                                                                                                                                                                                                                                                                                                                                                                                                                                                                                                                                                                                                                                                                                                                                                                                                                                                                                                                                                                                                                                                                                                                                                                                                                                                                                                                                                                                                                                                                         `Trainer.fit` stopped: `max_epochs=20` reached.
[32m[I 2024-05-06 21:37:02,571][0m Trial 49 finished with value: 17.125045776367188 and parameters: {'pretrain_epochs': 0, 'lr': 0.0006466897260547845, 'mc_samples_train': 2, 'prior_scale': 0.01894128845243052, 'q_scale': 0.0008421853275663288, 'obs_scale': 0.5420580472110063, 'batch_size': 32}. Best is trial 20 with value: 7.570845127105713.[0m
Trainer already configured with model summary callbacks: [<class 'pytorch_lightning.callbacks.rich_model_summary.RichModelSummary'>]. Skipping setting a default `ModelSummary` callback.
GPU available: False, used: False
TPU available: False, using: 0 TPU cores
IPU available: False, using: 0 IPUs
HPU available: False, using: 0 HPUs
/home/g15farris/.conda/envs/bayesian/lib/python3.12/site-packages/pytorch_lightning/core/optimizer.py:181: `LightningModule.configure_optimizers` returned `None`, this fit will run with no optimizer
/home/g15farris/.conda/envs/bayesian/lib/python3.12/site-packages/tyxe/likelihoods.py:260: UserWarning: var(): degrees of freedom is <= 0. Correction should be strictly less than the reduction factor (input numel divided by output numel). (Triggered internally at ../aten/src/ATen/native/ReduceOps.cpp:1807.)
  scale = predictions.var(dim).add(self.scale ** 2).sqrt()
/home/g15farris/.conda/envs/bayesian/lib/python3.12/site-packages/optuna/trial/_trial.py:590: UserWarning: The reported value is ignored because this `step` 0 is already reported.
  warnings.warn(
                                                                                                                                                                                                                                                                                                                                                                                                                                                                                                                                                                                                                                                                                                                                                                                                                                                                                                                                                                                                                                                                                                                                                                                                                                                                                                                                                                                                                                                                                                                                                         `Trainer.fit` stopped: `max_epochs=20` reached.
[32m[I 2024-05-06 21:44:11,580][0m Trial 50 finished with value: 27.832813262939453 and parameters: {'pretrain_epochs': 0, 'lr': 0.0005161688047078451, 'mc_samples_train': 1, 'prior_scale': 0.03295721040603395, 'q_scale': 0.00033882896223158586, 'obs_scale': 0.3779137835283646, 'batch_size': 32}. Best is trial 20 with value: 7.570845127105713.[0m
Trainer already configured with model summary callbacks: [<class 'pytorch_lightning.callbacks.rich_model_summary.RichModelSummary'>]. Skipping setting a default `ModelSummary` callback.
GPU available: False, used: False
TPU available: False, using: 0 TPU cores
IPU available: False, using: 0 IPUs
HPU available: False, using: 0 HPUs
/home/g15farris/.conda/envs/bayesian/lib/python3.12/site-packages/pytorch_lightning/core/optimizer.py:181: `LightningModule.configure_optimizers` returned `None`, this fit will run with no optimizer
/home/g15farris/.conda/envs/bayesian/lib/python3.12/site-packages/tyxe/likelihoods.py:260: UserWarning: var(): degrees of freedom is <= 0. Correction should be strictly less than the reduction factor (input numel divided by output numel). (Triggered internally at ../aten/src/ATen/native/ReduceOps.cpp:1807.)
  scale = predictions.var(dim).add(self.scale ** 2).sqrt()
/home/g15farris/.conda/envs/bayesian/lib/python3.12/site-packages/optuna/trial/_trial.py:590: UserWarning: The reported value is ignored because this `step` 0 is already reported.
  warnings.warn(
                                                                                                                                                                                                                                                                                                                                                                                                                                                                                                                                                                                                                                                                                                                                                                                                                                                                                                                                                                                                                                                                                                                                                                                                                                                                                                                                                                                                                                                                                                                                                       `Trainer.fit` stopped: `max_epochs=20` reached.
[32m[I 2024-05-06 21:50:57,699][0m Trial 51 finished with value: 37.77355194091797 and parameters: {'pretrain_epochs': 0, 'lr': 0.0007857919248700869, 'mc_samples_train': 1, 'prior_scale': 0.048492663024245465, 'q_scale': 0.0002844585354152384, 'obs_scale': 0.3178077310582615, 'batch_size': 32}. Best is trial 20 with value: 7.570845127105713.[0m
Trainer already configured with model summary callbacks: [<class 'pytorch_lightning.callbacks.rich_model_summary.RichModelSummary'>]. Skipping setting a default `ModelSummary` callback.
GPU available: False, used: False
TPU available: False, using: 0 TPU cores
IPU available: False, using: 0 IPUs
HPU available: False, using: 0 HPUs
/home/g15farris/.conda/envs/bayesian/lib/python3.12/site-packages/pytorch_lightning/core/optimizer.py:181: `LightningModule.configure_optimizers` returned `None`, this fit will run with no optimizer
/home/g15farris/.conda/envs/bayesian/lib/python3.12/site-packages/tyxe/likelihoods.py:260: UserWarning: var(): degrees of freedom is <= 0. Correction should be strictly less than the reduction factor (input numel divided by output numel). (Triggered internally at ../aten/src/ATen/native/ReduceOps.cpp:1807.)
  scale = predictions.var(dim).add(self.scale ** 2).sqrt()
/home/g15farris/.conda/envs/bayesian/lib/python3.12/site-packages/optuna/trial/_trial.py:590: UserWarning: The reported value is ignored because this `step` 0 is already reported.
  warnings.warn(
`Trainer.fit` stopped: `max_epochs=20` reached.
[32m[I 2024-05-06 21:53:31,497][0m Trial 53 finished with value: 15.308282852172852 and parameters: {'pretrain_epochs': 0, 'lr': 0.0005303365562365908, 'mc_samples_train': 1, 'prior_scale': 0.06839117634296193, 'q_scale': 0.00012310502142375544, 'obs_scale': 0.48922743306635236, 'batch_size': 32}. Best is trial 42 with value: 12.648012161254883.[0m
Trainer already configured with model summary callbacks: [<class 'pytorch_lightning.callbacks.rich_model_summary.RichModelSummary'>]. Skipping setting a default `ModelSummary` callback.
GPU available: False, used: False
TPU available: False, using: 0 TPU cores
IPU available: False, using: 0 IPUs
HPU available: False, using: 0 HPUs
/home/g15farris/.conda/envs/bayesian/lib/python3.12/site-packages/pytorch_lightning/core/optimizer.py:181: `LightningModule.configure_optimizers` returned `None`, this fit will run with no optimizer
/home/g15farris/.conda/envs/bayesian/lib/python3.12/site-packages/tyxe/likelihoods.py:260: UserWarning: var(): degrees of freedom is <= 0. Correction should be strictly less than the reduction factor (input numel divided by output numel). (Triggered internally at ../aten/src/ATen/native/ReduceOps.cpp:1807.)
  scale = predictions.var(dim).add(self.scale ** 2).sqrt()
/home/g15farris/.conda/envs/bayesian/lib/python3.12/site-packages/optuna/trial/_trial.py:590: UserWarning: The reported value is ignored because this `step` 0 is already reported.
  warnings.warn(
`Trainer.fit` stopped: `max_epochs=20` reached.
[32m[I 2024-05-06 21:57:58,659][0m Trial 52 finished with value: 22.9442195892334 and parameters: {'pretrain_epochs': 0, 'lr': 0.0006552714893977419, 'mc_samples_train': 1, 'prior_scale': 0.06033693894257304, 'q_scale': 0.00039113102011199136, 'obs_scale': 0.27290010451939817, 'batch_size': 32}. Best is trial 20 with value: 7.570845127105713.[0m
Trainer already configured with model summary callbacks: [<class 'pytorch_lightning.callbacks.rich_model_summary.RichModelSummary'>]. Skipping setting a default `ModelSummary` callback.
GPU available: False, used: False
TPU available: False, using: 0 TPU cores
IPU available: False, using: 0 IPUs
HPU available: False, using: 0 HPUs
/home/g15farris/.conda/envs/bayesian/lib/python3.12/site-packages/pytorch_lightning/core/optimizer.py:181: `LightningModule.configure_optimizers` returned `None`, this fit will run with no optimizer
/home/g15farris/.conda/envs/bayesian/lib/python3.12/site-packages/tyxe/likelihoods.py:260: UserWarning: var(): degrees of freedom is <= 0. Correction should be strictly less than the reduction factor (input numel divided by output numel). (Triggered internally at ../aten/src/ATen/native/ReduceOps.cpp:1807.)
  scale = predictions.var(dim).add(self.scale ** 2).sqrt()
/home/g15farris/.conda/envs/bayesian/lib/python3.12/site-packages/optuna/trial/_trial.py:590: UserWarning: The reported value is ignored because this `step` 0 is already reported.
  warnings.warn(
`Trainer.fit` stopped: `max_epochs=20` reached.
[32m[I 2024-05-06 22:00:48,029][0m Trial 54 finished with value: 27.19847297668457 and parameters: {'pretrain_epochs': 0, 'lr': 0.00043622157550123736, 'mc_samples_train': 1, 'prior_scale': 0.06531714902932252, 'q_scale': 0.00012938791140128085, 'obs_scale': 0.39414683318886357, 'batch_size': 32}. Best is trial 42 with value: 12.648012161254883.[0m
Trainer already configured with model summary callbacks: [<class 'pytorch_lightning.callbacks.rich_model_summary.RichModelSummary'>]. Skipping setting a default `ModelSummary` callback.
GPU available: False, used: False
TPU available: False, using: 0 TPU cores
IPU available: False, using: 0 IPUs
HPU available: False, using: 0 HPUs
/home/g15farris/.conda/envs/bayesian/lib/python3.12/site-packages/pytorch_lightning/core/optimizer.py:181: `LightningModule.configure_optimizers` returned `None`, this fit will run with no optimizer
/home/g15farris/.conda/envs/bayesian/lib/python3.12/site-packages/tyxe/likelihoods.py:260: UserWarning: var(): degrees of freedom is <= 0. Correction should be strictly less than the reduction factor (input numel divided by output numel). (Triggered internally at ../aten/src/ATen/native/ReduceOps.cpp:1807.)
  scale = predictions.var(dim).add(self.scale ** 2).sqrt()
/home/g15farris/.conda/envs/bayesian/lib/python3.12/site-packages/optuna/trial/_trial.py:590: UserWarning: The reported value is ignored because this `step` 0 is already reported.
  warnings.warn(
`Trainer.fit` stopped: `max_epochs=20` reached.
