[32m[I 2024-05-06 19:57:40,442][0m Trial 32 finished with value: 45.681156158447266 and parameters: {'pretrain_epochs': 0, 'lr': 0.0003567555044956278, 'mc_samples_train': 1, 'prior_scale': 0.05815104077663118, 'q_scale': 0.0002694232980195212, 'obs_scale': 0.3967240791658831, 'batch_size': 32}. Best is trial 23 with value: 13.973926544189453.[0m
Trainer already configured with model summary callbacks: [<class 'pytorch_lightning.callbacks.rich_model_summary.RichModelSummary'>]. Skipping setting a default `ModelSummary` callback.
GPU available: False, used: False
TPU available: False, using: 0 TPU cores
IPU available: False, using: 0 IPUs
HPU available: False, using: 0 HPUs
/home/g15farris/.conda/envs/bayesian/lib/python3.12/site-packages/pytorch_lightning/core/optimizer.py:181: `LightningModule.configure_optimizers` returned `None`, this fit will run with no optimizer
/home/g15farris/.conda/envs/bayesian/lib/python3.12/site-packages/tyxe/likelihoods.py:260: UserWarning: var(): degrees of freedom is <= 0. Correction should be strictly less than the reduction factor (input numel divided by output numel). (Triggered internally at ../aten/src/ATen/native/ReduceOps.cpp:1807.)
  scale = predictions.var(dim).add(self.scale ** 2).sqrt()
/home/g15farris/.conda/envs/bayesian/lib/python3.12/site-packages/optuna/trial/_trial.py:590: UserWarning: The reported value is ignored because this `step` 0 is already reported.
  warnings.warn(
`Trainer.fit` stopped: `max_epochs=20` reached.
[32m[I 2024-05-06 20:01:16,018][0m Trial 32 finished with value: 15.852718353271484 and parameters: {'pretrain_epochs': 0, 'lr': 0.000729074396149963, 'mc_samples_train': 1, 'prior_scale': 0.09817041163299439, 'q_scale': 0.00026318471896278, 'obs_scale': 0.3199717779340769, 'batch_size': 32}. Best is trial 20 with value: 7.570845127105713.[0m
Trainer already configured with model summary callbacks: [<class 'pytorch_lightning.callbacks.rich_model_summary.RichModelSummary'>]. Skipping setting a default `ModelSummary` callback.
GPU available: False, used: False
TPU available: False, using: 0 TPU cores
IPU available: False, using: 0 IPUs
HPU available: False, using: 0 HPUs
/home/g15farris/.conda/envs/bayesian/lib/python3.12/site-packages/pytorch_lightning/core/optimizer.py:181: `LightningModule.configure_optimizers` returned `None`, this fit will run with no optimizer
/home/g15farris/.conda/envs/bayesian/lib/python3.12/site-packages/tyxe/likelihoods.py:260: UserWarning: var(): degrees of freedom is <= 0. Correction should be strictly less than the reduction factor (input numel divided by output numel). (Triggered internally at ../aten/src/ATen/native/ReduceOps.cpp:1807.)
  scale = predictions.var(dim).add(self.scale ** 2).sqrt()
Trainer already configured with model summary callbacks: [<class 'pytorch_lightning.callbacks.rich_model_summary.RichModelSummary'>]. Skipping setting a default `ModelSummary` callback.
GPU available: False, used: False
TPU available: False, using: 0 TPU cores
IPU available: False, using: 0 IPUs
HPU available: False, using: 0 HPUs
/home/g15farris/.conda/envs/bayesian/lib/python3.12/site-packages/pytorch_lightning/core/optimizer.py:181: `LightningModule.configure_optimizers` returned `None`, this fit will run with no optimizer
/home/g15farris/.conda/envs/bayesian/lib/python3.12/site-packages/tyxe/likelihoods.py:260: UserWarning: var(): degrees of freedom is <= 0. Correction should be strictly less than the reduction factor (input numel divided by output numel). (Triggered internally at ../aten/src/ATen/native/ReduceOps.cpp:1807.)
  scale = predictions.var(dim).add(self.scale ** 2).sqrt()
/home/g15farris/.conda/envs/bayesian/lib/python3.12/site-packages/optuna/trial/_trial.py:590: UserWarning: The reported value is ignored because this `step` 0 is already reported.
  warnings.warn(
`Trainer.fit` stopped: `max_epochs=20` reached.
[32m[I 2024-05-06 20:05:41,381][0m Trial 33 finished with value: 45.4676399230957 and parameters: {'pretrain_epochs': 0, 'lr': 0.0006432693407615532, 'mc_samples_train': 1, 'prior_scale': 0.10207232513038603, 'q_scale': 0.0005500044262222238, 'obs_scale': 0.3036501581420814, 'batch_size': 32}. Best is trial 23 with value: 13.973926544189453.[0m
Trainer already configured with model summary callbacks: [<class 'pytorch_lightning.callbacks.rich_model_summary.RichModelSummary'>]. Skipping setting a default `ModelSummary` callback.
GPU available: False, used: False
TPU available: False, using: 0 TPU cores
IPU available: False, using: 0 IPUs
HPU available: False, using: 0 HPUs
/home/g15farris/.conda/envs/bayesian/lib/python3.12/site-packages/pytorch_lightning/core/optimizer.py:181: `LightningModule.configure_optimizers` returned `None`, this fit will run with no optimizer
/home/g15farris/.conda/envs/bayesian/lib/python3.12/site-packages/pytorch_lightning/loops/fit_loop.py:298: The number of training batches (48) is smaller than the logging interval Trainer(log_every_n_steps=50). Set a lower value for log_every_n_steps if you want to see logs for the training epoch.
/home/g15farris/.conda/envs/bayesian/lib/python3.12/site-packages/tyxe/likelihoods.py:260: UserWarning: var(): degrees of freedom is <= 0. Correction should be strictly less than the reduction factor (input numel divided by output numel). (Triggered internally at ../aten/src/ATen/native/ReduceOps.cpp:1807.)
  scale = predictions.var(dim).add(self.scale ** 2).sqrt()
/home/g15farris/.conda/envs/bayesian/lib/python3.12/site-packages/optuna/trial/_trial.py:590: UserWarning: The reported value is ignored because this `step` 0 is already reported.
  warnings.warn(
`Trainer.fit` stopped: `max_epochs=20` reached.
[32m[I 2024-05-06 20:07:21,152][0m Trial 42 finished with value: 21.82976722717285 and parameters: {'pretrain_epochs': 0, 'lr': 0.0007810047860749132, 'mc_samples_train': 1, 'prior_scale': 0.04977734063670971, 'q_scale': 0.0009870864144858303, 'obs_scale': 0.44001273653437667, 'batch_size': 32}. Best is trial 20 with value: 8.795220375061035.[0m
Trainer already configured with model summary callbacks: [<class 'pytorch_lightning.callbacks.rich_model_summary.RichModelSummary'>]. Skipping setting a default `ModelSummary` callback.
GPU available: False, used: False
TPU available: False, using: 0 TPU cores
IPU available: False, using: 0 IPUs
HPU available: False, using: 0 HPUs
/home/g15farris/.conda/envs/bayesian/lib/python3.12/site-packages/pytorch_lightning/core/optimizer.py:181: `LightningModule.configure_optimizers` returned `None`, this fit will run with no optimizer
/home/g15farris/.conda/envs/bayesian/lib/python3.12/site-packages/tyxe/likelihoods.py:260: UserWarning: var(): degrees of freedom is <= 0. Correction should be strictly less than the reduction factor (input numel divided by output numel). (Triggered internally at ../aten/src/ATen/native/ReduceOps.cpp:1807.)
  scale = predictions.var(dim).add(self.scale ** 2).sqrt()
e/likelihoods.py:260: UserWarning: var(): degrees of freedom is <= 0. Correction should be strictly less than the reduction factor (input numel divided by output numel). (Triggered internally at ../aten/src/ATen/native/ReduceOps.cpp:1807.)
  scale = predictions.var(dim).add(self.scale ** 2).sqrt()
/home/g15farris/.conda/envs/bayesian/lib/python3.12/site-packages/optuna/trial/_trial.py:590: UserWarning: The reported value is ignored because this `step` 0 is already reported.
  warnings.warn(
/home/g15farris/.conda/envs/bayesian/lib/python3.12/site-packages/optuna/trial/_trial.py:590: UserWarning: The reported value is ignored because this `step` 0 is already reported.
  warnings.warn(
`Trainer.fit` stopped: `max_epochs=20` reached.
[32m[I 2024-05-06 20:08:03,929][0m Trial 34 finished with value: 172.02284240722656 and parameters: {'pretrain_epochs': 0, 'lr': 0.0007349925665405394, 'mc_samples_train': 1, 'prior_scale': 0.17721944094520412, 'q_scale': 0.00015856821017201222, 'obs_scale': 0.6293638887691919, 'batch_size': 256}. Best is trial 23 with value: 13.973926544189453.[0m
Trainer already configured with model summary callbacks: [<class 'pytorch_lightning.callbacks.rich_model_summary.RichModelSummary'>]. Skipping setting a default `ModelSummary` callback.
GPU available: False, used: False
TPU available: False, using: 0 TPU cores
IPU available: False, using: 0 IPUs
HPU available: False, using: 0 HPUs
/home/g15farris/.conda/envs/bayesian/lib/python3.12/site-packages/pytorch_lightning/core/optimizer.py:181: `LightningModule.configure_optimizers` returned `None`, this fit will run with no optimizer
[32m[I 2024-05-06 20:08:55,128][0m Trial 34 pruned. Trial was pruned at epoch 15.[0m
:590: UserWarning: The reported value is ignored because this `step` 0 is already reported.
  warnings.warn(
Trainer already configured with model summary callbacks: [<class 'pytorch_lightning.callbacks.rich_model_summary.RichModelSummary'>]. Skipping setting a default `ModelSummary` callback.
GPU available: False, used: False
TPU available: False, using: 0 TPU cores
IPU available: False, using: 0 IPUs
HPU available: False, using: 0 HPUs
/home/g15farris/.conda/envs/bayesian/lib/python3.12/site-packages/pytorch_lightning/core/optimizer.py:181: `LightningModule.configure_optimizers` returned `None`, this fit will run with no optimizer
/home/g15farris/.conda/envs/bayesian/lib/python3.12/site-packages/optuna/trial/_trial.py:590: UserWarning: The reported value is ignored because this `step` 0 is already reported.
  warnings.warn(
`Trainer.fit` stopped: `max_epochs=20` reached.
[32m[I 2024-05-06 20:12:48,140][0m Trial 43 finished with value: 199.88516235351562 and parameters: {'pretrain_epochs': 0, 'lr': 0.0003059323051072793, 'mc_samples_train': 1, 'prior_scale': 0.07666832790534796, 'q_scale': 0.0020067327820723086, 'obs_scale': 0.32525410530092963, 'batch_size': 32}. Best is trial 20 with value: 8.795220375061035.[0m
Trainer already configured with model summary callbacks: [<class 'pytorch_lightning.callbacks.rich_model_summary.RichModelSummary'>]. Skipping setting a default `ModelSummary` callback.
GPU available: False, used: False
TPU available: False, using: 0 TPU cores
IPU available: False, using: 0 IPUs
HPU available: False, using: 0 HPUs
/home/g15farris/.conda/envs/bayesian/lib/python3.12/site-packages/pytorch_lightning/core/optimizer.py:181: `LightningModule.configure_optimizers` returned `None`, this fit will run with no optimizer
/home/g15farris/.conda/envs/bayesian/lib/python3.12/site-packages/tyxe/likelihoods.py:260: UserWarning: var(): degrees of freedom is <= 0. Correction should be strictly less than the reduction factor (input numel divided by output numel). (Triggered internally at ../aten/src/ATen/native/ReduceOps.cpp:1807.)
  scale = predictions.var(dim).add(self.scale ** 2).sqrt()
/home/g15farris/.conda/envs/bayesian/lib/python3.12/site-packages/optuna/trial/_trial.py:590: UserWarning: The reported value is ignored because this `step` 0 is already reported.
  warnings.warn(
[32m[I 2024-05-06 20:17:04,486][0m Trial 35 pruned. Trial was pruned at epoch 14.[0m
Trainer already configured with model summary callbacks: [<class 'pytorch_lightning.callbacks.rich_model_summary.RichModelSummary'>]. Skipping setting a default `ModelSummary` callback.
GPU available: False, used: False
TPU available: False, using: 0 TPU cores
IPU available: False, using: 0 IPUs
HPU available: False, using: 0 HPUs
/home/g15farris/.conda/envs/bayesian/lib/python3.12/site-packages/pytorch_lightning/core/optimizer.py:181: `LightningModule.configure_optimizers` returned `None`, this fit will run with no optimizer
/home/g15farris/.conda/envs/bayesian/lib/python3.12/site-packages/tyxe/likelihoods.py:260: UserWarning: var(): degrees of freedom is <= 0. Correction should be strictly less than the reduction factor (input numel divided by output numel). (Triggered internally at ../aten/src/ATen/native/ReduceOps.cpp:1807.)
  scale = predictions.var(dim).add(self.scale ** 2).sqrt()
/home/g15farris/.conda/envs/bayesian/lib/python3.12/site-packages/optuna/trial/_trial.py:590: UserWarning: The reported value is ignored because this `step` 0 is already reported.
  warnings.warn(
`Trainer.fit` stopped: `max_epochs=20` reached.
[32m[I 2024-05-06 20:18:48,118][0m Trial 44 finished with value: 12.45425796508789 and parameters: {'pretrain_epochs': 0, 'lr': 0.0006332625350956344, 'mc_samples_train': 1, 'prior_scale': 0.059462115420992424, 'q_scale': 0.00010174879441412075, 'obs_scale': 0.4300640990720911, 'batch_size': 32}. Best is trial 20 with value: 8.795220375061035.[0m
Trainer already configured with model summary callbacks: [<class 'pytorch_lightning.callbacks.rich_model_summary.RichModelSummary'>]. Skipping setting a default `ModelSummary` callback.
GPU available: False, used: False
TPU available: False, using: 0 TPU cores
IPU available: False, using: 0 IPUs
HPU available: False, using: 0 HPUs
/home/g15farris/.conda/envs/bayesian/lib/python3.12/site-packages/pytorch_lightning/core/optimizer.py:181: `LightningModule.configure_optimizers` returned `None`, this fit will run with no optimizer
/home/g15farris/.conda/envs/bayesian/lib/python3.12/site-packages/pytorch_lightning/loops/fit_loop.py:298: The number of training batches (48) is smaller than the logging interval Trainer(log_every_n_steps=50). Set a lower value for log_every_n_steps if you want to see logs for the training epoch.
/home/g15farris/.conda/envs/bayesian/lib/python3.12/site-packages/tyxe/likelihoods.py:260: UserWarning: var(): degrees of freedom is <= 0. Correction should be strictly less than the reduction factor (input numel divided by output numel). (Triggered internally at ../aten/src/ATen/native/ReduceOps.cpp:1807.)
  scale = predictions.var(dim).add(self.scale ** 2).sqrt()
/home/g15farris/.conda/envs/bayesian/lib/python3.12/site-packages/optuna/trial/_trial.py:590: UserWarning: The reported value is ignored because this `step` 0 is already reported.
  warnings.warn(
`Trainer.fit` stopped: `max_epochs=20` reached.
[32m[I 2024-05-06 20:20:32,205][0m Trial 45 finished with value: 485.2985534667969 and parameters: {'pretrain_epochs': 0, 'lr': 0.0004253763151291993, 'mc_samples_train': 1, 'prior_scale': 0.09855865418199694, 'q_scale': 0.00010158363528356515, 'obs_scale': 0.2743425869975343, 'batch_size': 256}. Best is trial 20 with value: 8.795220375061035.[0m
`Trainer.fit` stopped: `max_epochs=20` reached.
[32m[I 2024-05-06 20:20:40,137][0m Trial 35 finished with value: 220.3529510498047 and parameters: {'pretrain_epochs': 0, 'lr': 2.7722032902337684e-05, 'mc_samples_train': 2, 'prior_scale': 0.06440353872516402, 'q_scale': 0.0009456229874537464, 'obs_scale': 1.097667916535935, 'batch_size': 32}. Best is trial 23 with value: 13.973926544189453.[0m
Trainer already configured with model summary callbacks: [<class 'pytorch_lightning.callbacks.rich_model_summary.RichModelSummary'>]. Skipping setting a default `ModelSummary` callback.
GPU available: False, used: False
TPU available: False, using: 0 TPU cores
IPU available: False, using: 0 IPUs
HPU available: False, using: 0 HPUs
/home/g15farris/.conda/envs/bayesian/lib/python3.12/site-packages/pytorch_lightning/core/optimizer.py:181: `LightningModule.configure_optimizers` returned `None`, this fit will run with no optimizer
/home/g15farris/.conda/envs/bayesian/lib/python3.12/site-packages/tyxe/likelihoods.py:260: UserWarning: var(): degrees of freedom is <= 0. Correction should be strictly less than the reduction factor (input numel divided by output numel). (Triggered internally at ../aten/src/ATen/native/ReduceOps.cpp:1807.)
  scale = predictions.var(dim).add(self.scale ** 2).sqrt()
/home/g15farris/.conda/envs/bayesian/lib/python3.12/site-packages/optuna/trial/_trial.py:590: UserWarning: The reported value is ignored because this `step` 0 is already reported.
  warnings.warn(
Trainer already configured with model summary callbacks: [<class 'pytorch_lightning.callbacks.rich_model_summary.RichModelSummary'>]. Skipping setting a default `ModelSummary` callback.
GPU available: False, used: False
TPU available: False, using: 0 TPU cores
IPU available: False, using: 0 IPUs
HPU available: False, using: 0 HPUs
/home/g15farris/.conda/envs/bayesian/lib/python3.12/site-packages/pytorch_lightning/core/optimizer.py:181: `LightningModule.configure_optimizers` returned `None`, this fit will run with no optimizer
/home/g15farris/.conda/envs/bayesian/lib/python3.12/site-packages/tyxe/likelihoods.py:260: UserWarning: var(): degrees of freedom is <= 0. Correction should be strictly less than the reduction factor (input numel divided by output numel). (Triggered internally at ../aten/src/ATen/native/ReduceOps.cpp:1807.)
  scale = predictions.var(dim).add(self.scale ** 2).sqrt()
/home/g15farris/.conda/envs/bayesian/lib/python3.12/site-packages/optuna/trial/_trial.py:590: UserWarning: The reported value is ignored because this `step` 0 is already reported.
  warnings.warn(
`Trainer.fit` stopped: `max_epochs=20` reached.
[32m[I 2024-05-06 20:24:26,410][0m Trial 36 finished with value: 602.4136962890625 and parameters: {'pretrain_epochs': 5, 'lr': 0.00012365570583686662, 'mc_samples_train': 1, 'prior_scale': 0.09258552177020675, 'q_scale': 0.00107759808629228, 'obs_scale': 0.41318109010210613, 'batch_size': 32}. Best is trial 20 with value: 7.570845127105713.[0m
Trainer already configured with model summary callbacks: [<class 'pytorch_lightning.callbacks.rich_model_summary.RichModelSummary'>]. Skipping setting a default `ModelSummary` callback.
GPU available: False, used: False
TPU available: False, using: 0 TPU cores
IPU available: False, using: 0 IPUs
HPU available: False, using: 0 HPUs
/home/g15farris/.conda/envs/bayesian/lib/python3.12/site-packages/pytorch_lightning/core/optimizer.py:181: `LightningModule.configure_optimizers` returned `None`, this fit will run with no optimizer
/home/g15farris/.conda/envs/bayesian/lib/python3.12/site-packages/pytorch_lightning/loops/fit_loop.py:298: The number of training batches (24) is smaller than the logging interval Trainer(log_every_n_steps=50). Set a lower value for log_every_n_steps if you want to see logs for the training epoch.
/home/g15farris/.conda/envs/bayesian/lib/python3.12/site-packages/tyxe/likelihoods.py:260: UserWarning: var(): degrees of freedom is <= 0. Correction should be strictly less than the reduction factor (input numel divided by output numel). (Triggered internally at ../aten/src/ATen/native/ReduceOps.cpp:1807.)
  scale = predictions.var(dim).add(self.scale ** 2).sqrt()
/home/g15farris/.conda/envs/bayesian/lib/python3.12/site-packages/optuna/trial/_trial.py:590: UserWarning: The reported value is ignored because this `step` 0 is already reported.
  warnings.warn(
[32m[I 2024-05-06 20:25:09,793][0m Trial 37 pruned. Trial was pruned at epoch 3.[0m
Trainer already configured with model summary callbacks: [<class 'pytorch_lightning.callbacks.rich_model_summary.RichModelSummary'>]. Skipping setting a default `ModelSummary` callback.
GPU available: False, used: False
TPU available: False, using: 0 TPU cores
IPU available: False, using: 0 IPUs
HPU available: False, using: 0 HPUs
/home/g15farris/.conda/envs/bayesian/lib/python3.12/site-packages/pytorch_lightning/core/optimizer.py:181: `LightningModule.configure_optimizers` returned `None`, this fit will run with no optimizer
/home/g15farris/.conda/envs/bayesian/lib/python3.12/site-packages/pytorch_lightning/loops/fit_loop.py:298: The number of training batches (48) is smaller than the logging interval Trainer(log_every_n_steps=50). Set a lower value for log_every_n_steps if you want to see logs for the training epoch.
/home/g15farris/.conda/envs/bayesian/lib/python3.12/site-packages/optuna/trial/_trial.py:590: UserWarning: The reported value is ignored because this `step` 0 is already reported.
  warnings.warn(
`Trainer.fit` stopped: `max_epochs=20` reached.
[32m[I 2024-05-06 20:26:04,122][0m Trial 46 finished with value: 18.140451431274414 and parameters: {'pretrain_epochs': 0, 'lr': 0.0009979307832409482, 'mc_samples_train': 1, 'prior_scale': 0.060833387752002394, 'q_scale': 0.00021041204788870645, 'obs_scale': 0.42852216689824124, 'batch_size': 32}. Best is trial 20 with value: 8.795220375061035.[0m
Trainer already configured with model summary callbacks: [<class 'pytorch_lightning.callbacks.rich_model_summary.RichModelSummary'>]. Skipping setting a default `ModelSummary` callback.
GPU available: False, used: False
TPU available: False, using: 0 TPU cores
IPU available: False, using: 0 IPUs
HPU available: False, using: 0 HPUs
/home/g15farris/.conda/envs/bayesian/lib/python3.12/site-packages/pytorch_lightning/core/optimizer.py:181: `LightningModule.configure_optimizers` returned `None`, this fit will run with no optimizer
/home/g15farris/.conda/envs/bayesian/lib/python3.12/site-packages/tyxe/likelihoods.py:260: UserWarning: var(): degrees of freedom is <= 0. Correction should be strictly less than the reduction factor (input numel divided by output numel). (Triggered internally at ../aten/src/ATen/native/ReduceOps.cpp:1807.)
  scale = predictions.var(dim).add(self.scale ** 2).sqrt()
/home/g15farris/.conda/envs/bayesian/lib/python3.12/site-packages/optuna/trial/_trial.py:590: UserWarning: The reported value is ignored because this `step` 0 is already reported.
  warnings.warn(
`Trainer.fit` stopped: `max_epochs=20` reached.
[32m[I 2024-05-06 20:27:24,861][0m Trial 36 finished with value: 147.9835662841797 and parameters: {'pretrain_epochs': 5, 'lr': 0.0004054309347254919, 'mc_samples_train': 1, 'prior_scale': 0.0321829215948626, 'q_scale': 0.0002452656236328838, 'obs_scale': 0.44360034519482866, 'batch_size': 32}. Best is trial 23 with value: 13.973926544189453.[0m
